Dump name space
results/ace/NashMTL_narate-40_cluster-4_gen-10/perm_0/options.json
Dump name space
results/ace/NashMTL_narate-40_cluster-4_gen-10/perm_0/options.json
Dump name space
results/ace/NashMTL_narate-40_cluster-4_gen-10/perm_0/options.json
Dump name space
results/ace/NashMTL_narate-40_cluster-4_gen-10/perm_0/options.json
[[188, 199, 184, 194, 189, 190, 178, 186, 197, 0], [191, 187, 195, 171, 174, 179, 0], [201, 183, 193, 172, 175, 0], [200, 180, 173, 198, 177, 0], [196, 181, 182, 202, 185, 176, 170, 192, 0]]
False
train loader and exclude loader:  0
Original len train instances: 265115
train loader and exclude loader:  1
Original len train instances: 264531
train loader and exclude loader:  2
Original len train instances: 263692
train loader and exclude loader:  3
Original len train instances: 262358
train loader and exclude loader:  4
Original len train instances: 261639
Original len dev instances: 54053
Original len test instances: 93949
create basgMTL 4
False True
Epoch   1  Train Loss 0.1224 99.19%
Epoch   1:  Dev 0.4768212139606476
Epoch   1: Test 0.5648148655891418
patience: 0 / 6
Epoch   2  Train Loss 0.0343 99.65%
Epoch   2:  Dev 0.4289405643939972
patience: 1 / 6
Epoch   3  Train Loss 0.0249 99.67%
Epoch   3:  Dev 0.4661653935909271
patience: 2 / 6
Epoch   4  Train Loss 0.0181 99.71%
Epoch   4:  Dev 0.5349544286727905
Epoch   4: Test 0.6609442234039307
patience: 0 / 6
Epoch   5  Train Loss 0.0142 99.76%
Epoch   5:  Dev 0.4636118710041046
patience: 1 / 6
Epoch   6  Train Loss 0.0113 99.78%
Epoch   6:  Dev 0.4743935763835907
patience: 2 / 6
Epoch   7  Train Loss 0.0097 99.81%
Epoch   7:  Dev 0.5263158082962036
patience: 3 / 6
Epoch   8  Train Loss 0.0082 99.83%
Epoch   8:  Dev 0.4924924969673157
patience: 4 / 6
Epoch   9  Train Loss 0.0071 99.85%
Epoch   9:  Dev 0.4886363446712494
patience: 5 / 6
Epoch  10  Train Loss 0.0070 99.86%
Epoch  10:  Dev 0.5
patience: 6 / 6
setting train exemplar for learned classes
torch.Size([180, 2048])
BEST DEV 0: 0.5349544286727905
BEST TEST 0: 0.6609442234039307
torch.Size([180, 2048])
Epoch   1  Train Loss 3.6666 98.85%
Epoch   1:  Dev 0.4587525427341461
Epoch   1: Test 0.6078097820281982
patience: 0 / 6
Epoch   2  Train Loss 3.5577 99.45%
Epoch   2:  Dev 0.4606526494026184
Epoch   2: Test 0.5522387623786926
patience: 0 / 6
Epoch   3  Train Loss 3.5412 99.49%
Epoch   3:  Dev 0.5108225345611572
Epoch   3: Test 0.6201022267341614
patience: 0 / 6
Epoch   4  Train Loss 3.5299 99.56%
Epoch   4:  Dev 0.5132743120193481
Epoch   4: Test 0.6094275712966919
patience: 0 / 6
Epoch   5  Train Loss 3.5191 99.60%
Epoch   5:  Dev 0.5086206793785095
patience: 1 / 6
Epoch   6  Train Loss 3.5157 99.63%
Epoch   6:  Dev 0.525612473487854
Epoch   6: Test 0.6363635659217834
patience: 0 / 6
Epoch   7  Train Loss 3.5038 99.67%
Epoch   7:  Dev 0.5324074029922485
Epoch   7: Test 0.6278659701347351
patience: 0 / 6
Epoch   8  Train Loss 3.5069 99.70%
Epoch   8:  Dev 0.5390071272850037
Epoch   8: Test 0.6284658312797546
patience: 0 / 6
Epoch   9  Train Loss 3.5006 99.73%
Epoch   9:  Dev 0.5429234504699707
Epoch   9: Test 0.625
patience: 0 / 6
Epoch  10  Train Loss 3.5021 99.76%
Epoch  10:  Dev 0.5308924317359924
patience: 1 / 6
Epoch  11  Train Loss 3.4982 99.77%
Epoch  11:  Dev 0.5415676832199097
patience: 2 / 6
Epoch  12  Train Loss 3.4975 99.78%
Epoch  12:  Dev 0.5321101546287537
patience: 3 / 6
Epoch  13  Train Loss 3.4927 99.80%
Epoch  13:  Dev 0.5458937287330627
Epoch  13: Test 0.6401515603065491
patience: 0 / 6
Epoch  14  Train Loss 3.4905 99.81%
Epoch  14:  Dev 0.5390071272850037
patience: 1 / 6
Epoch  15  Train Loss 3.4930 99.84%
Epoch  15:  Dev 0.5507246851921082
Epoch  15: Test 0.6394051909446716
patience: 0 / 6
Epoch  16  Train Loss 3.4894 99.84%
Epoch  16:  Dev 0.5428571701049805
patience: 1 / 6
Epoch  17  Train Loss 3.4896 99.85%
Epoch  17:  Dev 0.5382830500602722
patience: 2 / 6
Epoch  18  Train Loss 3.4923 99.86%
Epoch  18:  Dev 0.5377358198165894
patience: 3 / 6
Epoch  19  Train Loss 3.4895 99.86%
Epoch  19:  Dev 0.5441527962684631
patience: 4 / 6
Epoch  20  Train Loss 3.4898 99.87%
Epoch  20:  Dev 0.5623472332954407
Epoch  20: Test 0.6486486196517944
patience: 0 / 6
Epoch  21  Train Loss 3.4891 99.87%
Epoch  21:  Dev 0.5419664978981018
patience: 1 / 6
Epoch  22  Train Loss 3.4908 99.87%
Epoch  22:  Dev 0.5485437512397766
patience: 2 / 6
Epoch  23  Train Loss 3.4868 99.88%
Epoch  23:  Dev 0.5454545021057129
patience: 3 / 6
Epoch  24  Train Loss 3.4879 99.89%
Epoch  24:  Dev 0.5454545021057129
patience: 4 / 6
Epoch  25  Train Loss 3.4873 99.88%
Epoch  25:  Dev 0.5641025900840759
Epoch  25: Test 0.6506986021995544
patience: 0 / 6
Epoch  26  Train Loss 3.4882 99.89%
Epoch  26:  Dev 0.5626598596572876
patience: 1 / 6
Epoch  27  Train Loss 3.4845 99.89%
Epoch  27:  Dev 0.5419664978981018
patience: 2 / 6
Epoch  28  Train Loss 3.4879 99.90%
Epoch  28:  Dev 0.547215461730957
patience: 3 / 6
Epoch  29  Train Loss 3.4884 99.90%
Epoch  29:  Dev 0.559999942779541
patience: 4 / 6
Epoch  30  Train Loss 3.4857 99.90%
Epoch  30:  Dev 0.5495049953460693
patience: 5 / 6
setting train exemplar for learned classes
torch.Size([300, 2048])
BEST DEV 1: 0.5641025900840759
BEST TEST 1: 0.6506986021995544
torch.Size([300, 2048])
Epoch   1  Train Loss 2.6190 98.68%
Epoch   1:  Dev 0.6269592046737671
Epoch   1: Test 0.6937669515609741
patience: 0 / 6
Epoch   2  Train Loss 2.5677 99.49%
Epoch   2:  Dev 0.6044444441795349
patience: 1 / 6
Epoch   3  Train Loss 2.5587 99.57%
Epoch   3:  Dev 0.5935672521591187
patience: 2 / 6
Epoch   4  Train Loss 2.5561 99.60%
Epoch   4:  Dev 0.6275115609169006
Epoch   4: Test 0.7121346592903137
patience: 0 / 6
Epoch   5  Train Loss 2.5501 99.68%
Epoch   5:  Dev 0.5780822038650513
patience: 1 / 6
Epoch   6  Train Loss 2.5479 99.71%
Epoch   6:  Dev 0.63384610414505
Epoch   6: Test 0.6960950493812561
patience: 0 / 6
Epoch   7  Train Loss 2.5478 99.75%
Epoch   7:  Dev 0.6259542107582092
patience: 1 / 6
Epoch   8  Train Loss 2.5431 99.78%
Epoch   8:  Dev 0.6458658576011658
Epoch   8: Test 0.7057793736457825
patience: 0 / 6
Epoch   9  Train Loss 2.5421 99.79%
Epoch   9:  Dev 0.641269862651825
patience: 1 / 6
Epoch  10  Train Loss 2.5401 99.81%
Epoch  10:  Dev 0.6279435157775879
patience: 2 / 6
Epoch  11  Train Loss 2.5421 99.84%
Epoch  11:  Dev 0.6014598608016968
patience: 3 / 6
Epoch  12  Train Loss 2.5416 99.84%
Epoch  12:  Dev 0.637398362159729
patience: 4 / 6
Epoch  13  Train Loss 2.5396 99.84%
Epoch  13:  Dev 0.6372239589691162
patience: 5 / 6
Epoch  14  Train Loss 2.5385 99.87%
Epoch  14:  Dev 0.625766932964325
patience: 6 / 6
setting train exemplar for learned classes
torch.Size([400, 2048])
BEST DEV 2: 0.6458658576011658
BEST TEST 2: 0.7057793736457825
torch.Size([400, 2048])
Epoch   1  Train Loss 2.7916 97.96%
Epoch   1:  Dev 0.6122449040412903
Epoch   1: Test 0.6515774726867676
patience: 0 / 6
Epoch   2  Train Loss 2.6959 99.40%
Epoch   2:  Dev 0.5794594883918762
patience: 1 / 6
Epoch   3  Train Loss 2.6882 99.49%
Epoch   3:  Dev 0.5619146227836609
patience: 2 / 6
Epoch   4  Train Loss 2.6815 99.59%
Epoch   4:  Dev 0.5902383923530579
patience: 3 / 6
Epoch   5  Train Loss 2.6752 99.66%
Epoch   5:  Dev 0.615006148815155
Epoch   5: Test 0.6717209815979004
patience: 0 / 6
Epoch   6  Train Loss 2.6729 99.70%
Epoch   6:  Dev 0.6185819506645203
Epoch   6: Test 0.6753846406936646
patience: 0 / 6
Epoch   7  Train Loss 2.6680 99.72%
Epoch   7:  Dev 0.6038647294044495
patience: 1 / 6
Epoch   8  Train Loss 2.6655 99.78%
Epoch   8:  Dev 0.6083831787109375
patience: 2 / 6
Epoch   9  Train Loss 2.6626 99.79%
Epoch   9:  Dev 0.6114494800567627
patience: 3 / 6
Epoch  10  Train Loss 2.6640 99.80%
Epoch  10:  Dev 0.5967941284179688
patience: 4 / 6
Epoch  11  Train Loss 2.6633 99.82%
Epoch  11:  Dev 0.6026410460472107
patience: 5 / 6
Epoch  12  Train Loss 2.6617 99.85%
Epoch  12:  Dev 0.5806451439857483
patience: 6 / 6
setting train exemplar for learned classes
torch.Size([500, 2048])
BEST DEV 3: 0.6185819506645203
BEST TEST 3: 0.6753846406936646
torch.Size([500, 2048])
Epoch   1  Train Loss 3.2313 97.82%
Epoch   1:  Dev 0.6072478294372559
Epoch   1: Test 0.6263871788978577
patience: 0 / 6
Epoch   2  Train Loss 3.0923 99.56%
Epoch   2:  Dev 0.6077457666397095
Epoch   2: Test 0.6234920620918274
patience: 0 / 6
Epoch   3  Train Loss 3.0786 99.62%
Epoch   3:  Dev 0.6037735939025879
patience: 1 / 6
Epoch   4  Train Loss 3.0698 99.68%
Epoch   4:  Dev 0.628029465675354
Epoch   4: Test 0.6293615102767944
patience: 0 / 6
Epoch   5  Train Loss 3.0635 99.74%
Epoch   5:  Dev 0.6220806837081909
patience: 1 / 6
Epoch   6  Train Loss 3.0605 99.76%
Epoch   6:  Dev 0.624605655670166
patience: 2 / 6
Epoch   7  Train Loss 3.0581 99.79%
Epoch   7:  Dev 0.6292834877967834
Epoch   7: Test 0.6222221851348877
patience: 0 / 6
Epoch   8  Train Loss 3.0537 99.82%
Epoch   8:  Dev 0.6433408260345459
Epoch   8: Test 0.6282140016555786
patience: 0 / 6
Epoch   9  Train Loss 3.0525 99.84%
Epoch   9:  Dev 0.6286329030990601
patience: 1 / 6
Epoch  10  Train Loss 3.0511 99.85%
Epoch  10:  Dev 0.6315789818763733
patience: 2 / 6
Epoch  11  Train Loss 3.0487 99.86%
Epoch  11:  Dev 0.6334056258201599
patience: 3 / 6
Epoch  12  Train Loss 3.0490 99.88%
Epoch  12:  Dev 0.6312364339828491
patience: 4 / 6
Epoch  13  Train Loss 3.0473 99.88%
Epoch  13:  Dev 0.6237288117408752
patience: 5 / 6
Epoch  14  Train Loss 3.0482 99.89%
Epoch  14:  Dev 0.6338672637939453
patience: 6 / 6
setting train exemplar for learned classes
torch.Size([660, 2048])
BEST DEV 4: 0.6433408260345459
BEST TEST 4: 0.6282140016555786
