Dump name space
results/maven/mi_woMOO_narate-4_cluster-4_gen-20_lm_temp-0.2_class_alpha-0.2/perm_3/options.json
Dump name space
results/maven/mi_woMOO_narate-4_cluster-4_gen-20_lm_temp-0.2_class_alpha-0.2/perm_3/options.json
Dump name space
results/maven/mi_woMOO_narate-4_cluster-4_gen-20_lm_temp-0.2_class_alpha-0.2/perm_3/options.json
Dump name space
results/maven/mi_woMOO_narate-4_cluster-4_gen-20_lm_temp-0.2_class_alpha-0.2/perm_3/options.json
Dump name space
results/maven/mi_woMOO_narate-4_cluster-4_gen-20_lm_temp-0.2_class_alpha-0.2/perm_3/options.json
[[46, 36, 17, 13, 12, 20, 25, 49, 169, 148, 87, 56, 95, 81, 58, 57, 161, 64, 163, 82, 43, 125, 35, 96, 156, 100, 66, 30, 50, 120, 0], [147, 48, 84, 39, 53, 23, 109, 22, 77, 62, 93, 143, 89, 8, 71, 85, 63, 97, 65, 103, 113, 112, 123, 152, 88, 98, 72, 42, 60, 133, 128, 116, 15, 111, 136, 162, 129, 132, 6, 0], [134, 99, 105, 91, 52, 19, 135, 122, 127, 102, 108, 104, 110, 38, 118, 121, 160, 26, 34, 33, 158, 130, 165, 86, 149, 146, 164, 4, 131, 75, 90, 10, 32, 0], [157, 18, 114, 92, 67, 153, 80, 115, 78, 154, 27, 5, 69, 117, 44, 83, 155, 40, 45, 139, 137, 14, 138, 119, 74, 150, 59, 54, 28, 9, 140, 37, 107, 76, 47, 0], [151, 16, 3, 70, 106, 141, 68, 31, 79, 101, 166, 167, 94, 21, 51, 7, 73, 145, 2, 124, 159, 61, 41, 142, 126, 144, 55, 168, 29, 11, 24, 0]]
True
train loader and exclude loader:  0
Original len train instances: 347788
train loader and exclude loader:  1
Original len train instances: 335496
train loader and exclude loader:  2
Original len train instances: 321058
train loader and exclude loader:  3
Original len train instances: 308131
train loader and exclude loader:  4
Original len train instances: 294718
Original len dev instances: 57198
Original len test instances: 98603
create basgMTL 4
False True
Epoch   1  Train Loss 1.3715 80.76%
Epoch   1:  Dev 0.5419231057167053
Epoch   1: Test 0.5631929039955139
patience: 0 / 5
Epoch   2  Train Loss 1.1973 81.44%
Epoch   2:  Dev 0.5703408122062683
Epoch   2: Test 0.5835174322128296
patience: 0 / 5
Epoch   3  Train Loss 1.1628 81.53%
Epoch   3:  Dev 0.56845623254776
patience: 1 / 5
Epoch   4  Train Loss 1.1398 81.66%
Epoch   4:  Dev 0.588302731513977
Epoch   4: Test 0.5978418588638306
patience: 0 / 5
Epoch   5  Train Loss 1.1199 81.79%
Epoch   5:  Dev 0.549818217754364
patience: 1 / 5
Epoch   6  Train Loss 1.1036 81.91%
Epoch   6:  Dev 0.5873547196388245
patience: 2 / 5
Epoch   7  Train Loss 1.0910 82.01%
Epoch   7:  Dev 0.5904611945152283
Epoch   7: Test 0.6042916774749756
patience: 0 / 5
Epoch   8  Train Loss 1.0784 82.12%
Epoch   8:  Dev 0.5953544974327087
Epoch   8: Test 0.6100404262542725
patience: 0 / 5
Epoch   9  Train Loss 1.0693 82.22%
Epoch   9:  Dev 0.5732652544975281
patience: 1 / 5
Epoch  10  Train Loss 1.0599 82.35%
Epoch  10:  Dev 0.5841332077980042
patience: 2 / 5
Epoch  11  Train Loss 1.0537 82.45%
Epoch  11:  Dev 0.596809983253479
Epoch  11: Test 0.60306316614151
patience: 0 / 5
Epoch  12  Train Loss 1.0478 82.54%
Epoch  12:  Dev 0.5875818133354187
patience: 1 / 5
Epoch  13  Train Loss 1.0424 82.61%
Epoch  13:  Dev 0.5884034037590027
patience: 2 / 5
Epoch  14  Train Loss 1.0388 82.67%
Epoch  14:  Dev 0.5958316326141357
patience: 3 / 5
Epoch  15  Train Loss 1.0333 82.77%
Epoch  15:  Dev 0.5959897637367249
patience: 4 / 5
setting train exemplar for learned classes
torch.Size([600, 2048])
BEST DEV 0: 0.596809983253479
BEST TEST 0: 0.60306316614151
torch.Size([600, 2048])
Epoch   1  Train Loss 1.8135 82.93%
Epoch   1:  Dev 0.6027233004570007
Epoch   1: Test 0.6084626317024231
patience: 0 / 5
Epoch   2  Train Loss 1.7362 83.87%
Epoch   2:  Dev 0.592255175113678
patience: 1 / 5
Epoch   3  Train Loss 1.7146 84.14%
Epoch   3:  Dev 0.6083112955093384
Epoch   3: Test 0.6143218278884888
patience: 0 / 5
Epoch   4  Train Loss 1.7017 84.41%
Epoch   4:  Dev 0.6115023493766785
Epoch   4: Test 0.6102875471115112
patience: 0 / 5
Epoch   5  Train Loss 1.6925 84.61%
Epoch   5:  Dev 0.6151837706565857
Epoch   5: Test 0.6236410737037659
patience: 0 / 5
Epoch   6  Train Loss 1.6856 84.81%
Epoch   6:  Dev 0.6025852560997009
patience: 1 / 5
Epoch   7  Train Loss 1.6800 85.00%
Epoch   7:  Dev 0.6103238463401794
patience: 2 / 5
Epoch   8  Train Loss 1.6752 85.17%
Epoch   8:  Dev 0.6213870644569397
Epoch   8: Test 0.6231935024261475
patience: 0 / 5
Epoch   9  Train Loss 1.6713 85.30%
Epoch   9:  Dev 0.61426842212677
patience: 1 / 5
Epoch  10  Train Loss 1.6684 85.46%
Epoch  10:  Dev 0.61353600025177
patience: 2 / 5
Epoch  11  Train Loss 1.6655 85.57%
Epoch  11:  Dev 0.6211206316947937
patience: 3 / 5
Epoch  12  Train Loss 1.6633 85.67%
Epoch  12:  Dev 0.623874843120575
Epoch  12: Test 0.6284270882606506
patience: 0 / 5
Epoch  13  Train Loss 1.6611 85.76%
Epoch  13:  Dev 0.6201288104057312
patience: 1 / 5
Epoch  14  Train Loss 1.6597 85.82%
Epoch  14:  Dev 0.6081307530403137
patience: 2 / 5
Epoch  15  Train Loss 1.6587 85.92%
Epoch  15:  Dev 0.6068558096885681
patience: 3 / 5
setting train exemplar for learned classes
torch.Size([1380, 2048])
BEST DEV 1: 0.623874843120575
BEST TEST 1: 0.6284270882606506
torch.Size([1380, 2048])
Epoch   1  Train Loss 2.3340 86.10%
Epoch   1:  Dev 0.6267722845077515
Epoch   1: Test 0.6353549361228943
patience: 0 / 5
Epoch   2  Train Loss 2.3029 87.17%
Epoch   2:  Dev 0.6258189678192139
patience: 1 / 5
Epoch   3  Train Loss 2.2943 87.38%
Epoch   3:  Dev 0.6251862645149231
patience: 2 / 5
Epoch   4  Train Loss 2.2885 87.57%
Epoch   4:  Dev 0.6321772336959839
Epoch   4: Test 0.6429458856582642
patience: 0 / 5
Epoch   5  Train Loss 2.2845 87.70%
Epoch   5:  Dev 0.6264535188674927
patience: 1 / 5
Epoch   6  Train Loss 2.2824 87.82%
Epoch   6:  Dev 0.6292427778244019
patience: 2 / 5
Epoch   7  Train Loss 2.2802 87.93%
Epoch   7:  Dev 0.6278418898582458
patience: 3 / 5
Epoch   8  Train Loss 2.2787 88.04%
Epoch   8:  Dev 0.6268219351768494
patience: 4 / 5
Epoch   9  Train Loss 2.2763 88.14%
Epoch   9:  Dev 0.6271409392356873
patience: 5 / 5
setting train exemplar for learned classes
torch.Size([2040, 2048])
BEST DEV 2: 0.6321772336959839
BEST TEST 2: 0.6429458856582642
torch.Size([2040, 2048])
Epoch   1  Train Loss 3.2578 87.76%
Epoch   1:  Dev 0.593010663986206
Epoch   1: Test 0.610918402671814
patience: 0 / 5
Epoch   2  Train Loss 3.2407 88.72%
Epoch   2:  Dev 0.5965524315834045
Epoch   2: Test 0.6148148775100708
patience: 0 / 5
Epoch   3  Train Loss 3.2326 88.98%
Epoch   3:  Dev 0.5975237488746643
Epoch   3: Test 0.6138448715209961
patience: 0 / 5
Epoch   4  Train Loss 3.2285 89.15%
Epoch   4:  Dev 0.5992590188980103
Epoch   4: Test 0.61403888463974
patience: 0 / 5
Epoch   5  Train Loss 3.2241 89.30%
Epoch   5:  Dev 0.6052961945533752
Epoch   5: Test 0.619256854057312
patience: 0 / 5
Epoch   6  Train Loss 3.2218 89.43%
Epoch   6:  Dev 0.608074426651001
Epoch   6: Test 0.6214987635612488
patience: 0 / 5
Epoch   7  Train Loss 3.2189 89.54%
Epoch   7:  Dev 0.6038390398025513
patience: 1 / 5
Epoch   8  Train Loss 3.2169 89.68%
Epoch   8:  Dev 0.6003236174583435
patience: 2 / 5
Epoch   9  Train Loss 3.2161 89.79%
Epoch   9:  Dev 0.5994740128517151
patience: 3 / 5
Epoch  10  Train Loss 3.2150 89.89%
Epoch  10:  Dev 0.6043700575828552
patience: 4 / 5
Epoch  11  Train Loss 3.2137 90.00%
Epoch  11:  Dev 0.6068134903907776
patience: 5 / 5
setting train exemplar for learned classes
torch.Size([2740, 2048])
BEST DEV 3: 0.608074426651001
BEST TEST 3: 0.6214987635612488
torch.Size([2740, 2048])
Epoch   1  Train Loss 4.0014 90.43%
Epoch   1:  Dev 0.593779981136322
Epoch   1: Test 0.6009972095489502
patience: 0 / 5
Epoch   2  Train Loss 3.9848 91.69%
Epoch   2:  Dev 0.6016720533370972
Epoch   2: Test 0.6059362292289734
patience: 0 / 5
Epoch   3  Train Loss 3.9780 91.92%
Epoch   3:  Dev 0.6012473702430725
patience: 1 / 5
Epoch   4  Train Loss 3.9742 92.16%
Epoch   4:  Dev 0.6011701226234436
patience: 2 / 5
Epoch   5  Train Loss 3.9714 92.30%
Epoch   5:  Dev 0.6046851873397827
Epoch   5: Test 0.6076563596725464
patience: 0 / 5
Epoch   6  Train Loss 3.9692 92.42%
Epoch   6:  Dev 0.6029907464981079
patience: 1 / 5
Epoch   7  Train Loss 3.9677 92.55%
Epoch   7:  Dev 0.6044183969497681
patience: 2 / 5
Epoch   8  Train Loss 3.9659 92.66%
Epoch   8:  Dev 0.597949743270874
patience: 3 / 5
Epoch   9  Train Loss 3.9650 92.69%
Epoch   9:  Dev 0.6009421944618225
patience: 4 / 5
Epoch  10  Train Loss 3.9635 92.83%
Epoch  10:  Dev 0.5963326692581177
patience: 5 / 5
setting train exemplar for learned classes
torch.Size([3360, 2048])
BEST DEV 4: 0.6046851873397827
BEST TEST 4: 0.6076563596725464
