Dump name space
results/maven/woLMH_woMOO_woNAloss_woSR/perm_2/options.json
Dump name space
results/maven/woLMH_woMOO_woNAloss_woSR/perm_2/options.json
Dump name space
results/maven/woLMH_woMOO_woNAloss_woSR/perm_2/options.json
Dump name space
results/maven/woLMH_woMOO_woNAloss_woSR/perm_2/options.json
Dump name space
results/maven/woLMH_woMOO_woNAloss_woSR/perm_2/options.json
[[134, 99, 105, 91, 52, 19, 135, 122, 127, 102, 108, 104, 110, 38, 118, 121, 160, 26, 34, 33, 158, 130, 165, 86, 149, 146, 164, 4, 131, 75, 90, 10, 32, 0], [157, 18, 114, 92, 67, 153, 80, 115, 78, 154, 27, 5, 69, 117, 44, 83, 155, 40, 45, 139, 137, 14, 138, 119, 74, 150, 59, 54, 28, 9, 140, 37, 107, 76, 47, 0], [46, 36, 17, 13, 12, 20, 25, 49, 169, 148, 87, 56, 95, 81, 58, 57, 161, 64, 163, 82, 43, 125, 35, 96, 156, 100, 66, 30, 50, 120, 0], [151, 16, 3, 70, 106, 141, 68, 31, 79, 101, 166, 167, 94, 21, 51, 7, 73, 145, 2, 124, 159, 61, 41, 142, 126, 144, 55, 168, 29, 11, 24, 0], [147, 48, 84, 39, 53, 23, 109, 22, 77, 62, 93, 143, 89, 8, 71, 85, 63, 97, 65, 103, 113, 112, 123, 152, 88, 98, 72, 42, 60, 133, 128, 116, 15, 111, 136, 162, 129, 132, 6, 0]]
True
train loader and exclude loader:  0
Original len train instances: 347788
train loader and exclude loader:  1
Original len train instances: 334861
train loader and exclude loader:  2
Original len train instances: 321448
train loader and exclude loader:  3
Original len train instances: 309156
train loader and exclude loader:  4
Original len train instances: 294589
Original len dev instances: 57198
Original len test instances: 98603
create basgMTL 4
False False
Epoch   1  Train Loss 0.1507 81.25%
Epoch   1:  Dev 0.5277435183525085
Epoch   1: Test 0.5487741231918335
patience: 0 / 5
Epoch   2  Train Loss 0.0748 82.09%
Epoch   2:  Dev 0.6476141810417175
Epoch   2: Test 0.6559699177742004
patience: 0 / 5
Epoch   3  Train Loss 0.0656 82.24%
Epoch   3:  Dev 0.6041265726089478
patience: 1 / 5
Epoch   4  Train Loss 0.0593 82.34%
Epoch   4:  Dev 0.6396372318267822
patience: 2 / 5
Epoch   5  Train Loss 0.0544 82.45%
Epoch   5:  Dev 0.6557628512382507
Epoch   5: Test 0.6637630462646484
patience: 0 / 5
Epoch   6  Train Loss 0.0499 82.53%
Epoch   6:  Dev 0.6346749067306519
patience: 1 / 5
Epoch   7  Train Loss 0.0457 82.67%
Epoch   7:  Dev 0.6642084717750549
Epoch   7: Test 0.6746651530265808
patience: 0 / 5
Epoch   8  Train Loss 0.0419 82.77%
Epoch   8:  Dev 0.6607494950294495
patience: 1 / 5
Epoch   9  Train Loss 0.0388 82.83%
Epoch   9:  Dev 0.6621553897857666
patience: 2 / 5
Epoch  10  Train Loss 0.0352 82.96%
Epoch  10:  Dev 0.6330517530441284
patience: 3 / 5
Epoch  11  Train Loss 0.0324 83.06%
Epoch  11:  Dev 0.6655112504959106
Epoch  11: Test 0.6773969531059265
patience: 0 / 5
Epoch  12  Train Loss 0.0298 83.13%
Epoch  12:  Dev 0.630122721195221
patience: 1 / 5
Epoch  13  Train Loss 0.0274 83.22%
Epoch  13:  Dev 0.6651895642280579
patience: 2 / 5
Epoch  14  Train Loss 0.0257 83.29%
Epoch  14:  Dev 0.646335244178772
patience: 3 / 5
Epoch  15  Train Loss 0.0241 83.32%
Epoch  15:  Dev 0.6676089763641357
Epoch  15: Test 0.6721638441085815
patience: 0 / 5
setting train exemplar for learned classes
torch.Size([660, 2048])
BEST DEV 0: 0.6676089763641357
BEST TEST 0: 0.6721638441085815
torch.Size([660, 2048])
Epoch   1  Train Loss 0.9836 83.71%
Epoch   1:  Dev 0.5591545701026917
Epoch   1: Test 0.5697728991508484
patience: 0 / 5
Epoch   2  Train Loss 0.9443 84.58%
Epoch   2:  Dev 0.5787222385406494
Epoch   2: Test 0.5806146860122681
patience: 0 / 5
Epoch   3  Train Loss 0.9362 84.85%
Epoch   3:  Dev 0.5823529362678528
Epoch   3: Test 0.5953410863876343
patience: 0 / 5
Epoch   4  Train Loss 0.9319 85.04%
Epoch   4:  Dev 0.5627166032791138
patience: 1 / 5
Epoch   5  Train Loss 0.9278 85.21%
Epoch   5:  Dev 0.566423773765564
patience: 2 / 5
Epoch   6  Train Loss 0.9251 85.39%
Epoch   6:  Dev 0.5590327382087708
patience: 3 / 5
Epoch   7  Train Loss 0.9228 85.57%
Epoch   7:  Dev 0.5772044062614441
patience: 4 / 5
Epoch   8  Train Loss 0.9208 85.72%
Epoch   8:  Dev 0.5597224235534668
patience: 5 / 5
setting train exemplar for learned classes
torch.Size([1360, 2048])
BEST DEV 1: 0.5823529362678528
BEST TEST 1: 0.5953410863876343
torch.Size([1360, 2048])
Epoch   1  Train Loss 1.7297 86.63%
Epoch   1:  Dev 0.5057165622711182
Epoch   1: Test 0.5196532011032104
patience: 0 / 5
Epoch   2  Train Loss 1.6978 87.63%
Epoch   2:  Dev 0.5301993489265442
Epoch   2: Test 0.5386760830879211
patience: 0 / 5
Epoch   3  Train Loss 1.6927 87.89%
Epoch   3:  Dev 0.5461339354515076
Epoch   3: Test 0.5565785765647888
patience: 0 / 5
Epoch   4  Train Loss 1.6888 88.08%
Epoch   4:  Dev 0.5291875600814819
patience: 1 / 5
Epoch   5  Train Loss 1.6869 88.23%
Epoch   5:  Dev 0.537818431854248
patience: 2 / 5
Epoch   6  Train Loss 1.6843 88.33%
Epoch   6:  Dev 0.5326693058013916
patience: 3 / 5
Epoch   7  Train Loss 1.6836 88.45%
Epoch   7:  Dev 0.5291675329208374
patience: 4 / 5
Epoch   8  Train Loss 1.6822 88.52%
Epoch   8:  Dev 0.5487852096557617
Epoch   8: Test 0.5529933571815491
patience: 0 / 5
Epoch   9  Train Loss 1.6811 88.62%
Epoch   9:  Dev 0.5423240065574646
patience: 1 / 5
Epoch  10  Train Loss 1.6805 88.70%
Epoch  10:  Dev 0.5390294790267944
patience: 2 / 5
Epoch  11  Train Loss 1.6799 88.78%
Epoch  11:  Dev 0.5372124314308167
patience: 3 / 5
Epoch  12  Train Loss 1.6780 88.88%
Epoch  12:  Dev 0.5465271472930908
patience: 4 / 5
Epoch  13  Train Loss 1.6778 88.97%
Epoch  13:  Dev 0.5351893305778503
patience: 5 / 5
setting train exemplar for learned classes
torch.Size([1960, 2048])
BEST DEV 2: 0.5487852096557617
BEST TEST 2: 0.5529933571815491
torch.Size([1960, 2048])
Epoch   1  Train Loss 2.4075 90.27%
Epoch   1:  Dev 0.4955871105194092
Epoch   1: Test 0.49726033210754395
patience: 0 / 5
Epoch   2  Train Loss 2.3876 91.38%
Epoch   2:  Dev 0.492963045835495
patience: 1 / 5
Epoch   3  Train Loss 2.3835 91.69%
Epoch   3:  Dev 0.5081199407577515
Epoch   3: Test 0.5089572072029114
patience: 0 / 5
Epoch   4  Train Loss 2.3810 91.89%
Epoch   4:  Dev 0.5073459148406982
patience: 1 / 5
Epoch   5  Train Loss 2.3792 92.04%
Epoch   5:  Dev 0.5091519355773926
Epoch   5: Test 0.5112115144729614
patience: 0 / 5
Epoch   6  Train Loss 2.3783 92.14%
Epoch   6:  Dev 0.5136101245880127
Epoch   6: Test 0.511842668056488
patience: 0 / 5
Epoch   7  Train Loss 2.3759 92.25%
Epoch   7:  Dev 0.5156148076057434
Epoch   7: Test 0.5114723443984985
patience: 0 / 5
Epoch   8  Train Loss 2.3758 92.36%
Epoch   8:  Dev 0.5137868523597717
patience: 1 / 5
Epoch   9  Train Loss 2.3746 92.44%
Epoch   9:  Dev 0.5202819108963013
Epoch   9: Test 0.5199427604675293
patience: 0 / 5
Epoch  10  Train Loss 2.3737 92.53%
Epoch  10:  Dev 0.5106507539749146
patience: 1 / 5
Epoch  11  Train Loss 2.3733 92.62%
Epoch  11:  Dev 0.504996657371521
patience: 2 / 5
Epoch  12  Train Loss 2.3733 92.68%
Epoch  12:  Dev 0.5140794515609741
patience: 3 / 5
Epoch  13  Train Loss 2.3721 92.75%
Epoch  13:  Dev 0.5044873952865601
patience: 4 / 5
Epoch  14  Train Loss 2.3714 92.84%
Epoch  14:  Dev 0.5073057413101196
patience: 5 / 5
setting train exemplar for learned classes
torch.Size([2580, 2048])
BEST DEV 3: 0.5202819108963013
BEST TEST 3: 0.5199427604675293
torch.Size([2580, 2048])
Epoch   1  Train Loss 2.7355 94.15%
Epoch   1:  Dev 0.4841892421245575
Epoch   1: Test 0.48064151406288147
patience: 0 / 5
Epoch   2  Train Loss 2.7122 95.57%
Epoch   2:  Dev 0.49197861552238464
Epoch   2: Test 0.4912494122982025
patience: 0 / 5
Epoch   3  Train Loss 2.7080 95.95%
Epoch   3:  Dev 0.5004354119300842
Epoch   3: Test 0.4972710907459259
patience: 0 / 5
Epoch   4  Train Loss 2.7057 96.18%
Epoch   4:  Dev 0.5010999441146851
Epoch   4: Test 0.5022205710411072
patience: 0 / 5
Epoch   5  Train Loss 2.7039 96.34%
Epoch   5:  Dev 0.4965834319591522
patience: 1 / 5
Epoch   6  Train Loss 2.7029 96.46%
Epoch   6:  Dev 0.49535131454467773
patience: 2 / 5
Epoch   7  Train Loss 2.7018 96.61%
Epoch   7:  Dev 0.49416565895080566
patience: 3 / 5
Epoch   8  Train Loss 2.7008 96.70%
Epoch   8:  Dev 0.49263107776641846
patience: 4 / 5
Epoch   9  Train Loss 2.6998 96.79%
Epoch   9:  Dev 0.49379974603652954
patience: 5 / 5
setting train exemplar for learned classes
torch.Size([3360, 2048])
BEST DEV 4: 0.5010999441146851
BEST TEST 4: 0.5022205710411072
