Dump name space
results/maven/FairGrad_woSR_woSAM_woLosstrick_fairgrad_alpha-2/perm_3/options.json
Dump name space
results/maven/FairGrad_woSR_woSAM_woLosstrick_fairgrad_alpha-2/perm_3/options.json
Dump name space
results/maven/FairGrad_woSR_woSAM_woLosstrick_fairgrad_alpha-2/perm_3/options.json
Dump name space
results/maven/FairGrad_woSR_woSAM_woLosstrick_fairgrad_alpha-2/perm_3/options.json
Dump name space
results/maven/FairGrad_woSR_woSAM_woLosstrick_fairgrad_alpha-2/perm_3/options.json
[[46, 36, 17, 13, 12, 20, 25, 49, 169, 148, 87, 56, 95, 81, 58, 57, 161, 64, 163, 82, 43, 125, 35, 96, 156, 100, 66, 30, 50, 120, 0], [147, 48, 84, 39, 53, 23, 109, 22, 77, 62, 93, 143, 89, 8, 71, 85, 63, 97, 65, 103, 113, 112, 123, 152, 88, 98, 72, 42, 60, 133, 128, 116, 15, 111, 136, 162, 129, 132, 6, 0], [134, 99, 105, 91, 52, 19, 135, 122, 127, 102, 108, 104, 110, 38, 118, 121, 160, 26, 34, 33, 158, 130, 165, 86, 149, 146, 164, 4, 131, 75, 90, 10, 32, 0], [157, 18, 114, 92, 67, 153, 80, 115, 78, 154, 27, 5, 69, 117, 44, 83, 155, 40, 45, 139, 137, 14, 138, 119, 74, 150, 59, 54, 28, 9, 140, 37, 107, 76, 47, 0], [151, 16, 3, 70, 106, 141, 68, 31, 79, 101, 166, 167, 94, 21, 51, 7, 73, 145, 2, 124, 159, 61, 41, 142, 126, 144, 55, 168, 29, 11, 24, 0]]
True
train loader and exclude loader:  0
Original len train instances: 347788
train loader and exclude loader:  1
Original len train instances: 335496
train loader and exclude loader:  2
Original len train instances: 321058
train loader and exclude loader:  3
Original len train instances: 308131
train loader and exclude loader:  4
Original len train instances: 294718
Original len dev instances: 57198
Original len test instances: 98603
create basgMTL 4
False False
Epoch   1  Train Loss 0.1484 81.15%
Epoch   1:  Dev 0.5574170351028442
Epoch   1: Test 0.5583274960517883
patience: 0 / 5
Epoch   2  Train Loss 0.0779 81.86%
Epoch   2:  Dev 0.5882017016410828
Epoch   2: Test 0.5961410403251648
patience: 0 / 5
Epoch   3  Train Loss 0.0686 82.01%
Epoch   3:  Dev 0.6061263084411621
Epoch   3: Test 0.6263890862464905
patience: 0 / 5
Epoch   4  Train Loss 0.0628 82.12%
Epoch   4:  Dev 0.6124454736709595
Epoch   4: Test 0.631146252155304
patience: 0 / 5
Epoch   5  Train Loss 0.0577 82.23%
Epoch   5:  Dev 0.5970233082771301
patience: 1 / 5
Epoch   6  Train Loss 0.0531 82.34%
Epoch   6:  Dev 0.6211453676223755
Epoch   6: Test 0.6287358403205872
patience: 0 / 5
Epoch   7  Train Loss 0.0490 82.44%
Epoch   7:  Dev 0.6010683178901672
patience: 1 / 5
Epoch   8  Train Loss 0.0453 82.53%
Epoch   8:  Dev 0.5993208885192871
patience: 2 / 5
Epoch   9  Train Loss 0.0416 82.63%
Epoch   9:  Dev 0.6164419651031494
patience: 3 / 5
Epoch  10  Train Loss 0.0382 82.76%
Epoch  10:  Dev 0.6020299196243286
patience: 4 / 5
Epoch  11  Train Loss 0.0349 82.85%
Epoch  11:  Dev 0.6055437326431274
patience: 5 / 5
setting train exemplar for learned classes
torch.Size([600, 2048])
BEST DEV 0: 0.6211453676223755
BEST TEST 0: 0.6287358403205872
torch.Size([600, 2048])
Epoch   1  Train Loss 53.4867 95.24%
Epoch   1:  Dev 0.5518782734870911
Epoch   1: Test 0.5526378750801086
patience: 0 / 5
Epoch   2  Train Loss 50.6369 96.27%
Epoch   2:  Dev 0.5882198214530945
Epoch   2: Test 0.5903750061988831
patience: 0 / 5
Epoch   3  Train Loss 51.0144 96.45%
Epoch   3:  Dev 0.5849642157554626
patience: 1 / 5
Epoch   4  Train Loss 32.9023 95.39%
Epoch   4:  Dev 0.5589795112609863
patience: 2 / 5
Epoch   5  Train Loss 28.0092 96.03%
Epoch   5:  Dev 0.5787965655326843
patience: 3 / 5
Epoch   6  Train Loss 31.8710 96.36%
Epoch   6:  Dev 0.5867779850959778
patience: 4 / 5
Epoch   7  Train Loss 36.6781 96.48%
Epoch   7:  Dev 0.5982927680015564
Epoch   7: Test 0.5997340679168701
patience: 0 / 5
Epoch   8  Train Loss 40.6740 96.57%
Epoch   8:  Dev 0.5918557047843933
patience: 1 / 5
Epoch   9  Train Loss 45.7649 96.67%
Epoch   9:  Dev 0.5821622014045715
patience: 2 / 5
Epoch  10  Train Loss 49.8772 96.73%
Epoch  10:  Dev 0.5996826887130737
Epoch  10: Test 0.604033887386322
patience: 0 / 5
Epoch  11  Train Loss 55.9802 96.82%
Epoch  11:  Dev 0.602858304977417
Epoch  11: Test 0.6036103367805481
patience: 0 / 5
Epoch  12  Train Loss 61.9678 96.85%
Epoch  12:  Dev 0.5888704657554626
patience: 1 / 5
Epoch  13  Train Loss 72.2722 96.90%
Epoch  13:  Dev 0.5925326943397522
patience: 2 / 5
Epoch  14  Train Loss 84.1800 96.98%
Epoch  14:  Dev 0.5931814908981323
patience: 3 / 5
Epoch  15  Train Loss 102.2235 97.00%
Epoch  15:  Dev 0.5954737067222595
patience: 4 / 5
setting train exemplar for learned classes
torch.Size([1380, 2048])
BEST DEV 1: 0.602858304977417
BEST TEST 1: 0.6036103367805481
torch.Size([1380, 2048])
Epoch   1  Train Loss 22.7593 92.61%
Epoch   1:  Dev 0.41149356961250305
Epoch   1: Test 0.41895753145217896
patience: 0 / 5
Epoch   2  Train Loss 11.5691 89.60%
Epoch   2:  Dev 0.492351770401001
Epoch   2: Test 0.5036088228225708
patience: 0 / 5
Epoch   3  Train Loss 17.6117 92.11%
Epoch   3:  Dev 0.5278907418251038
Epoch   3: Test 0.5368173122406006
patience: 0 / 5
Epoch   4  Train Loss 25.9530 94.30%
Epoch   4:  Dev 0.5360496044158936
Epoch   4: Test 0.5486379265785217
patience: 0 / 5
Epoch   5  Train Loss 31.7398 94.90%
Epoch   5:  Dev 0.5533017516136169
Epoch   5: Test 0.5602592825889587
patience: 0 / 5
Epoch   6  Train Loss 38.2257 95.27%
Epoch   6:  Dev 0.5751020908355713
Epoch   6: Test 0.5807185173034668
patience: 0 / 5
Epoch   7  Train Loss 44.7068 95.54%
Epoch   7:  Dev 0.5760746002197266
Epoch   7: Test 0.5827423930168152
patience: 0 / 5
Epoch   8  Train Loss 52.4870 95.74%
Epoch   8:  Dev 0.5731119513511658
patience: 1 / 5
Epoch   9  Train Loss 58.9223 95.94%
Epoch   9:  Dev 0.576574981212616
Epoch   9: Test 0.5822350382804871
patience: 0 / 5
Epoch  10  Train Loss 64.1933 96.07%
Epoch  10:  Dev 0.5943445563316345
Epoch  10: Test 0.5948073863983154
patience: 0 / 5
Epoch  11  Train Loss 69.0636 96.22%
Epoch  11:  Dev 0.5843800902366638
patience: 1 / 5
Epoch  12  Train Loss 75.3193 96.34%
Epoch  12:  Dev 0.5940966010093689
patience: 2 / 5
Epoch  13  Train Loss 81.2458 96.42%
Epoch  13:  Dev 0.5746771097183228
patience: 3 / 5
Epoch  14  Train Loss 84.9916 96.53%
Epoch  14:  Dev 0.574863612651825
patience: 4 / 5
Epoch  15  Train Loss 88.1968 96.60%
Epoch  15:  Dev 0.590675413608551
patience: 5 / 5
setting train exemplar for learned classes
torch.Size([2040, 2048])
BEST DEV 2: 0.5943445563316345
BEST TEST 2: 0.5948073863983154
torch.Size([2040, 2048])
Epoch   1  Train Loss 19.5968 89.92%
Epoch   1:  Dev 0.44738268852233887
Epoch   1: Test 0.4481348395347595
patience: 0 / 5
Epoch   2  Train Loss 20.9055 89.77%
Epoch   2:  Dev 0.4864121377468109
Epoch   2: Test 0.4834221601486206
patience: 0 / 5
Epoch   3  Train Loss 31.4386 92.14%
Epoch   3:  Dev 0.5035324692726135
Epoch   3: Test 0.505939245223999
patience: 0 / 5
Epoch   4  Train Loss 42.4276 92.83%
Epoch   4:  Dev 0.5128342509269714
Epoch   4: Test 0.5101479887962341
patience: 0 / 5
Epoch   5  Train Loss 51.5001 93.27%
Epoch   5:  Dev 0.5142661929130554
Epoch   5: Test 0.5117219686508179
patience: 0 / 5
Epoch   6  Train Loss 58.9743 93.69%
Epoch   6:  Dev 0.5285142660140991
Epoch   6: Test 0.5244544744491577
patience: 0 / 5
Epoch   7  Train Loss 66.4221 94.05%
Epoch   7:  Dev 0.52790766954422
patience: 1 / 5
Epoch   8  Train Loss 72.8479 94.34%
Epoch   8:  Dev 0.5325884819030762
Epoch   8: Test 0.530436098575592
patience: 0 / 5
Epoch   9  Train Loss 79.5022 94.53%
Epoch   9:  Dev 0.5365588665008545
Epoch   9: Test 0.538061261177063
patience: 0 / 5
Epoch  10  Train Loss 83.5404 94.69%
Epoch  10:  Dev 0.543461799621582
Epoch  10: Test 0.5412080883979797
patience: 0 / 5
Epoch  11  Train Loss 87.1090 94.86%
Epoch  11:  Dev 0.5414213538169861
patience: 1 / 5
Epoch  12  Train Loss 92.1716 94.95%
Epoch  12:  Dev 0.5510662794113159
Epoch  12: Test 0.5491496324539185
patience: 0 / 5
Epoch  13  Train Loss 94.5184 95.05%
Epoch  13:  Dev 0.5476595759391785
patience: 1 / 5
Epoch  14  Train Loss 98.1050 95.09%
Epoch  14:  Dev 0.5456700921058655
patience: 2 / 5
Epoch  15  Train Loss 102.1145 95.20%
Epoch  15:  Dev 0.544043242931366
patience: 3 / 5
setting train exemplar for learned classes
torch.Size([2740, 2048])
BEST DEV 3: 0.5510662794113159
BEST TEST 3: 0.5491496324539185
torch.Size([2740, 2048])
Epoch   1  Train Loss 30.3568 92.42%
Epoch   1:  Dev 0.4620140790939331
Epoch   1: Test 0.4719795286655426
patience: 0 / 5
Epoch   2  Train Loss 79.9439 93.92%
Epoch   2:  Dev 0.48396068811416626
Epoch   2: Test 0.4907858073711395
patience: 0 / 5
Epoch   3  Train Loss 129.5500 94.23%
Epoch   3:  Dev 0.4964257478713989
Epoch   3: Test 0.5029013752937317
patience: 0 / 5
Epoch   4  Train Loss 174.5634 94.38%
Epoch   4:  Dev 0.49997180700302124
Epoch   4: Test 0.5073326826095581
patience: 0 / 5
Epoch   5  Train Loss 220.4091 94.52%
Epoch   5:  Dev 0.5036393404006958
Epoch   5: Test 0.5068363547325134
patience: 0 / 5
Epoch   6  Train Loss 265.1551 94.60%
Epoch   6:  Dev 0.5119284391403198
Epoch   6: Test 0.5188552141189575
patience: 0 / 5
Epoch   7  Train Loss 327.7594 94.60%
Epoch   7:  Dev 0.5134268999099731
Epoch   7: Test 0.5176297426223755
patience: 0 / 5
Epoch   8  Train Loss 399.0000 94.58%
Epoch   8:  Dev 0.5146377086639404
Epoch   8: Test 0.5198469161987305
patience: 0 / 5
Epoch   9  Train Loss 517.5888 94.47%
Epoch   9:  Dev 0.5170275568962097
Epoch   9: Test 0.5230594873428345
patience: 0 / 5
Epoch  10  Train Loss 626.7261 94.39%
Epoch  10:  Dev 0.5115922689437866
patience: 1 / 5
Epoch  11  Train Loss 588.3303 94.48%
Epoch  11:  Dev 0.5148224234580994
patience: 2 / 5
Epoch  12  Train Loss 590.4485 94.64%
Epoch  12:  Dev 0.5126779079437256
patience: 3 / 5
Epoch  13  Train Loss 584.2932 94.75%
Epoch  13:  Dev 0.5160579085350037
patience: 4 / 5
Epoch  14  Train Loss 555.7282 94.86%
Epoch  14:  Dev 0.5128120183944702
patience: 5 / 5
setting train exemplar for learned classes
torch.Size([3360, 2048])
BEST DEV 4: 0.5170275568962097
BEST TEST 4: 0.5230594873428345
