Dump name space
results/ace/FairGrad_KT_woSAM_woGMM_woNAloss/perm_3/options.json
Dump name space
results/ace/FairGrad_KT_woSAM_woGMM_woNAloss/perm_3/options.json
Dump name space
results/ace/FairGrad_KT_woSAM_woGMM_woNAloss/perm_3/options.json
Dump name space
results/ace/FairGrad_KT_woSAM_woGMM_woNAloss/perm_3/options.json
[[191, 187, 195, 171, 174, 179, 0], [201, 183, 193, 172, 175, 0], [188, 199, 184, 194, 189, 190, 178, 186, 197, 0], [200, 180, 173, 198, 177, 0], [196, 181, 182, 202, 185, 176, 170, 192, 0]]
False
train loader and exclude loader:  0
Original len train instances: 265115
train loader and exclude loader:  1
Original len train instances: 264276
train loader and exclude loader:  2
Original len train instances: 262942
train loader and exclude loader:  3
Original len train instances: 262358
train loader and exclude loader:  4
Original len train instances: 261639
Original len dev instances: 54053
Original len test instances: 93949
create basgMTL 4
False False
Epoch   1  Train Loss 0.0482 98.28%
Epoch   1:  Dev 0.5373134613037109
Epoch   1: Test 0.6693547964096069
patience: 0 / 6
Epoch   2  Train Loss 0.0065 98.61%
Epoch   2:  Dev 0.6285714507102966
Epoch   2: Test 0.6666666865348816
patience: 0 / 6
Epoch   3  Train Loss 0.0053 98.63%
Epoch   3:  Dev 0.6133332848548889
patience: 1 / 6
Epoch   4  Train Loss 0.0044 98.65%
Epoch   4:  Dev 0.5588235259056091
patience: 2 / 6
Epoch   5  Train Loss 0.0037 98.66%
Epoch   5:  Dev 0.5925925374031067
patience: 3 / 6
Epoch   6  Train Loss 0.0031 98.67%
Epoch   6:  Dev 0.6233766078948975
patience: 4 / 6
Epoch   7  Train Loss 0.0025 98.69%
Epoch   7:  Dev 0.6352941393852234
Epoch   7: Test 0.6523297429084778
patience: 0 / 6
Epoch   8  Train Loss 0.0021 98.71%
Epoch   8:  Dev 0.6363636255264282
Epoch   8: Test 0.6643357276916504
patience: 0 / 6
Epoch   9  Train Loss 0.0017 98.72%
Epoch   9:  Dev 0.5897435545921326
patience: 1 / 6
Epoch  10  Train Loss 0.0016 98.72%
Epoch  10:  Dev 0.6153846383094788
patience: 2 / 6
Epoch  11  Train Loss 0.0014 98.73%
Epoch  11:  Dev 0.6075949668884277
patience: 3 / 6
Epoch  12  Train Loss 0.0011 98.74%
Epoch  12:  Dev 0.5974025726318359
patience: 4 / 6
Epoch  13  Train Loss 0.0010 98.74%
Epoch  13:  Dev 0.6233766078948975
patience: 5 / 6
Epoch  14  Train Loss 0.0011 98.74%
Epoch  14:  Dev 0.6136364340782166
patience: 6 / 6
setting train exemplar for learned classes
torch.Size([120, 2048])
BEST DEV 0: 0.6363636255264282
BEST TEST 0: 0.6643357276916504
torch.Size([120, 2048])
Epoch   1  Train Loss 7.5437 99.44%
Epoch   1:  Dev 0.6860841512680054
Epoch   1: Test 0.7340553998947144
patience: 0 / 6
Epoch   2  Train Loss 9.1865 99.75%
Epoch   2:  Dev 0.686274528503418
Epoch   2: Test 0.7223587036132812
patience: 0 / 6
Epoch   3  Train Loss 9.5013 99.79%
Epoch   3:  Dev 0.6835443377494812
patience: 1 / 6
Epoch   4  Train Loss 9.7891 99.81%
Epoch   4:  Dev 0.6940062642097473
Epoch   4: Test 0.7270531058311462
patience: 0 / 6
Epoch   5  Train Loss 9.9194 99.83%
Epoch   5:  Dev 0.6869300603866577
patience: 1 / 6
Epoch   6  Train Loss 9.9706 99.84%
Epoch   6:  Dev 0.6937499642372131
patience: 2 / 6
Epoch   7  Train Loss 10.1811 99.86%
Epoch   7:  Dev 0.670807421207428
patience: 3 / 6
Epoch   8  Train Loss 10.1444 99.87%
Epoch   8:  Dev 0.6626865863800049
patience: 4 / 6
Epoch   9  Train Loss 10.1943 99.88%
Epoch   9:  Dev 0.6848484873771667
patience: 5 / 6
Epoch  10  Train Loss 10.4303 99.90%
Epoch  10:  Dev 0.6749226450920105
patience: 6 / 6
setting train exemplar for learned classes
torch.Size([220, 2048])
BEST DEV 1: 0.6940062642097473
BEST TEST 1: 0.7270531058311462
torch.Size([220, 2048])
Epoch   1  Train Loss 10.4005 98.99%
Epoch   1:  Dev 0.6358148455619812
Epoch   1: Test 0.6775244474411011
patience: 0 / 6
Epoch   2  Train Loss 12.7877 99.82%
Epoch   2:  Dev 0.6653465032577515
Epoch   2: Test 0.6842683553695679
patience: 0 / 6
Epoch   3  Train Loss 13.8184 99.84%
Epoch   3:  Dev 0.6679611802101135
Epoch   3: Test 0.7068966031074524
patience: 0 / 6
Epoch   4  Train Loss 14.1318 99.85%
Epoch   4:  Dev 0.652830183506012
patience: 1 / 6
Epoch   5  Train Loss 14.6465 99.86%
Epoch   5:  Dev 0.6575875878334045
patience: 2 / 6
Epoch   6  Train Loss 15.1890 99.87%
Epoch   6:  Dev 0.64552241563797
patience: 3 / 6
Epoch   7  Train Loss 15.7451 99.88%
Epoch   7:  Dev 0.6653620004653931
patience: 4 / 6
Epoch   8  Train Loss 15.9141 99.88%
Epoch   8:  Dev 0.649056613445282
patience: 5 / 6
Epoch   9  Train Loss 16.2079 99.89%
Epoch   9:  Dev 0.650646984577179
patience: 6 / 6
setting train exemplar for learned classes
torch.Size([400, 2048])
BEST DEV 2: 0.6679611802101135
BEST TEST 2: 0.7068966031074524
torch.Size([400, 2048])
Epoch   1  Train Loss 8.5204 98.52%
Epoch   1:  Dev 0.6167400479316711
Epoch   1: Test 0.6554306745529175
patience: 0 / 6
Epoch   2  Train Loss 11.1629 99.73%
Epoch   2:  Dev 0.6417266726493835
Epoch   2: Test 0.6613190770149231
patience: 0 / 6
Epoch   3  Train Loss 11.9297 99.77%
Epoch   3:  Dev 0.6638418436050415
Epoch   3: Test 0.6631299257278442
patience: 0 / 6
Epoch   4  Train Loss 12.7729 99.79%
Epoch   4:  Dev 0.668571412563324
Epoch   4: Test 0.6666666269302368
patience: 0 / 6
Epoch   5  Train Loss 13.1157 99.81%
Epoch   5:  Dev 0.6557862758636475
patience: 1 / 6
Epoch   6  Train Loss 13.5145 99.82%
Epoch   6:  Dev 0.6567163467407227
patience: 2 / 6
Epoch   7  Train Loss 13.7293 99.85%
Epoch   7:  Dev 0.6535211801528931
patience: 3 / 6
Epoch   8  Train Loss 14.2076 99.86%
Epoch   8:  Dev 0.6588580012321472
patience: 4 / 6
Epoch   9  Train Loss 14.4734 99.86%
Epoch   9:  Dev 0.6554622054100037
patience: 5 / 6
Epoch  10  Train Loss 14.8122 99.88%
Epoch  10:  Dev 0.6533523201942444
patience: 6 / 6
setting train exemplar for learned classes
torch.Size([500, 2048])
BEST DEV 3: 0.668571412563324
BEST TEST 3: 0.6666666269302368
torch.Size([500, 2048])
Epoch   1  Train Loss 13.5863 98.54%
Epoch   1:  Dev 0.6232072710990906
Epoch   1: Test 0.5326716303825378
patience: 0 / 6
Epoch   2  Train Loss 16.0028 99.77%
Epoch   2:  Dev 0.6396965980529785
Epoch   2: Test 0.5575364828109741
patience: 0 / 6
Epoch   3  Train Loss 16.6414 99.81%
Epoch   3:  Dev 0.6394904255867004
patience: 1 / 6
Epoch   4  Train Loss 17.4173 99.81%
Epoch   4:  Dev 0.6410890817642212
Epoch   4: Test 0.5686591267585754
patience: 0 / 6
Epoch   5  Train Loss 17.9501 99.83%
Epoch   5:  Dev 0.6377550959587097
patience: 1 / 6
Epoch   6  Train Loss 18.3135 99.84%
Epoch   6:  Dev 0.6449999809265137
Epoch   6: Test 0.5567176342010498
patience: 0 / 6
Epoch   7  Train Loss 18.7712 99.85%
Epoch   7:  Dev 0.6435643434524536
patience: 1 / 6
Epoch   8  Train Loss 19.3766 99.86%
Epoch   8:  Dev 0.6524467468261719
Epoch   8: Test 0.5666131973266602
patience: 0 / 6
Epoch   9  Train Loss 19.8041 99.87%
Epoch   9:  Dev 0.6445860266685486
patience: 1 / 6
Epoch  10  Train Loss 20.3315 99.88%
Epoch  10:  Dev 0.6426798105239868
patience: 2 / 6
Epoch  11  Train Loss 20.8320 99.89%
Epoch  11:  Dev 0.6275509595870972
patience: 3 / 6
Epoch  12  Train Loss 21.1272 99.90%
Epoch  12:  Dev 0.6357947587966919
patience: 4 / 6
Epoch  13  Train Loss 21.5970 99.90%
Epoch  13:  Dev 0.6267515420913696
patience: 5 / 6
Epoch  14  Train Loss 22.1194 99.91%
Epoch  14:  Dev 0.6238532662391663
patience: 6 / 6
setting train exemplar for learned classes
torch.Size([660, 2048])
BEST DEV 4: 0.6524467468261719
BEST TEST 4: 0.5666131973266602
