Dump name space
results/ace/FairGrad_ot_narate-40_cluster-4_gen-10/perm_3/options.json
Dump name space
results/ace/FairGrad_ot_narate-40_cluster-4_gen-10/perm_3/options.json
Dump name space
results/ace/FairGrad_ot_narate-40_cluster-4_gen-10/perm_3/options.json
Dump name space
results/ace/FairGrad_ot_narate-40_cluster-4_gen-10/perm_3/options.json
[[191, 187, 195, 171, 174, 179, 0], [201, 183, 193, 172, 175, 0], [188, 199, 184, 194, 189, 190, 178, 186, 197, 0], [200, 180, 173, 198, 177, 0], [196, 181, 182, 202, 185, 176, 170, 192, 0]]
False
train loader and exclude loader:  0
Original len train instances: 265115
train loader and exclude loader:  1
Original len train instances: 264276
train loader and exclude loader:  2
Original len train instances: 262942
train loader and exclude loader:  3
Original len train instances: 262358
train loader and exclude loader:  4
Original len train instances: 261639
Original len dev instances: 54053
Original len test instances: 93949
create basgMTL 4
False True
Epoch   1  Train Loss 0.2382 99.26%
Epoch   1:  Dev 0.5333333611488342
Epoch   1: Test 0.5268293023109436
patience: 0 / 6
Epoch   2  Train Loss 0.1606 99.65%
Epoch   2:  Dev 0.5894736647605896
Epoch   2: Test 0.5923753380775452
patience: 0 / 6
Epoch   3  Train Loss 0.1519 99.68%
Epoch   3:  Dev 0.539130449295044
patience: 1 / 6
Epoch   4  Train Loss 0.1462 99.71%
Epoch   4:  Dev 0.5858585834503174
patience: 2 / 6
Epoch   5  Train Loss 0.1416 99.74%
Epoch   5:  Dev 0.5378150939941406
patience: 3 / 6
Epoch   6  Train Loss 0.1376 99.76%
Epoch   6:  Dev 0.5299144983291626
patience: 4 / 6
Epoch   7  Train Loss 0.1347 99.80%
Epoch   7:  Dev 0.594059407711029
Epoch   7: Test 0.611764669418335
patience: 0 / 6
Epoch   8  Train Loss 0.1326 99.83%
Epoch   8:  Dev 0.582524299621582
patience: 1 / 6
Epoch   9  Train Loss 0.1312 99.84%
Epoch   9:  Dev 0.6170212626457214
Epoch   9: Test 0.6394983530044556
patience: 0 / 6
Epoch  10  Train Loss 0.1298 99.86%
Epoch  10:  Dev 0.5544554591178894
patience: 1 / 6
Epoch  11  Train Loss 0.1291 99.87%
Epoch  11:  Dev 0.5858585834503174
patience: 2 / 6
Epoch  12  Train Loss 0.1283 99.88%
Epoch  12:  Dev 0.5833333134651184
patience: 3 / 6
Epoch  13  Train Loss 0.1274 99.90%
Epoch  13:  Dev 0.6122449040412903
patience: 4 / 6
Epoch  14  Train Loss 0.1267 99.90%
Epoch  14:  Dev 0.6086956858634949
patience: 5 / 6
Epoch  15  Train Loss 0.1264 99.91%
Epoch  15:  Dev 0.5806452035903931
patience: 6 / 6
setting train exemplar for learned classes
torch.Size([120, 2048])
BEST DEV 0: 0.6170212626457214
BEST TEST 0: 0.6394983530044556
torch.Size([120, 2048])
Epoch   1  Train Loss 8.3925 98.48%
Epoch   1:  Dev 0.644444465637207
Epoch   1: Test 0.69017094373703
patience: 0 / 6
Epoch   2  Train Loss 9.6115 99.59%
Epoch   2:  Dev 0.6906907558441162
Epoch   2: Test 0.6988763809204102
patience: 0 / 6
Epoch   3  Train Loss 10.3591 99.62%
Epoch   3:  Dev 0.6388888955116272
patience: 1 / 6
Epoch   4  Train Loss 10.8151 99.67%
Epoch   4:  Dev 0.7094800472259521
Epoch   4: Test 0.7061503529548645
patience: 0 / 6
Epoch   5  Train Loss 11.1449 99.70%
Epoch   5:  Dev 0.6894586682319641
patience: 1 / 6
Epoch   6  Train Loss 11.5404 99.71%
Epoch   6:  Dev 0.676300585269928
patience: 2 / 6
Epoch   7  Train Loss 11.7734 99.73%
Epoch   7:  Dev 0.6781609058380127
patience: 3 / 6
Epoch   8  Train Loss 12.2775 99.74%
Epoch   8:  Dev 0.6762177348136902
patience: 4 / 6
Epoch   9  Train Loss 12.5317 99.76%
Epoch   9:  Dev 0.6934097409248352
patience: 5 / 6
Epoch  10  Train Loss 12.7862 99.77%
Epoch  10:  Dev 0.6778711080551147
patience: 6 / 6
setting train exemplar for learned classes
torch.Size([220, 2048])
BEST DEV 1: 0.7094800472259521
BEST TEST 1: 0.7061503529548645
torch.Size([220, 2048])
Epoch   1  Train Loss 11.2824 98.16%
Epoch   1:  Dev 0.6270269751548767
Epoch   1: Test 0.6903353333473206
patience: 0 / 6
Epoch   2  Train Loss 13.0479 99.70%
Epoch   2:  Dev 0.6450451016426086
Epoch   2: Test 0.6911618709564209
patience: 0 / 6
Epoch   3  Train Loss 13.9850 99.73%
Epoch   3:  Dev 0.6462093591690063
Epoch   3: Test 0.6991062760353088
patience: 0 / 6
Epoch   4  Train Loss 14.6609 99.75%
Epoch   4:  Dev 0.6245734095573425
patience: 1 / 6
Epoch   5  Train Loss 15.6972 99.77%
Epoch   5:  Dev 0.6407079696655273
patience: 2 / 6
Epoch   6  Train Loss 16.1582 99.78%
Epoch   6:  Dev 0.6452702283859253
patience: 3 / 6
Epoch   7  Train Loss 17.1813 99.78%
Epoch   7:  Dev 0.6573426723480225
Epoch   7: Test 0.7117295861244202
patience: 0 / 6
Epoch   8  Train Loss 17.6556 99.79%
Epoch   8:  Dev 0.6390728950500488
patience: 1 / 6
Epoch   9  Train Loss 18.1388 99.81%
Epoch   9:  Dev 0.6516464948654175
patience: 2 / 6
Epoch  10  Train Loss 18.7194 99.81%
Epoch  10:  Dev 0.634551465511322
patience: 3 / 6
Epoch  11  Train Loss 19.5264 99.82%
Epoch  11:  Dev 0.6418918967247009
patience: 4 / 6
Epoch  12  Train Loss 19.5251 99.83%
Epoch  12:  Dev 0.6380165815353394
patience: 5 / 6
Epoch  13  Train Loss 20.1509 99.84%
Epoch  13:  Dev 0.6351351737976074
patience: 6 / 6
setting train exemplar for learned classes
torch.Size([400, 2048])
BEST DEV 2: 0.6573426723480225
BEST TEST 2: 0.7117295861244202
torch.Size([400, 2048])
Epoch   1  Train Loss 16.0282 96.96%
Epoch   1:  Dev 0.5889724493026733
Epoch   1: Test 0.6743044257164001
patience: 0 / 6
Epoch   2  Train Loss 17.8966 99.54%
Epoch   2:  Dev 0.6051660776138306
Epoch   2: Test 0.662480354309082
patience: 0 / 6
Epoch   3  Train Loss 18.9828 99.60%
Epoch   3:  Dev 0.6165228486061096
Epoch   3: Test 0.6656249761581421
patience: 0 / 6
Epoch   4  Train Loss 19.9180 99.64%
Epoch   4:  Dev 0.6098765134811401
patience: 1 / 6
Epoch   5  Train Loss 20.5029 99.66%
Epoch   5:  Dev 0.6196473836898804
Epoch   5: Test 0.6796116232872009
patience: 0 / 6
Epoch   6  Train Loss 21.2714 99.69%
Epoch   6:  Dev 0.6304635405540466
Epoch   6: Test 0.6762226223945618
patience: 0 / 6
Epoch   7  Train Loss 21.8085 99.71%
Epoch   7:  Dev 0.6136646270751953
patience: 1 / 6
Epoch   8  Train Loss 22.1547 99.73%
Epoch   8:  Dev 0.6272965669631958
patience: 2 / 6
Epoch   9  Train Loss 22.6180 99.75%
Epoch   9:  Dev 0.6117936372756958
patience: 3 / 6
Epoch  10  Train Loss 23.2701 99.77%
Epoch  10:  Dev 0.6167290806770325
patience: 4 / 6
Epoch  11  Train Loss 23.3337 99.78%
Epoch  11:  Dev 0.6167512536048889
patience: 5 / 6
Epoch  12  Train Loss 23.8976 99.80%
Epoch  12:  Dev 0.6012121438980103
patience: 6 / 6
setting train exemplar for learned classes
torch.Size([500, 2048])
BEST DEV 3: 0.6304635405540466
BEST TEST 3: 0.6762226223945618
torch.Size([500, 2048])
Epoch   1  Train Loss 15.5376 95.82%
Epoch   1:  Dev 0.6195899844169617
Epoch   1: Test 0.6053584218025208
patience: 0 / 6
Epoch   2  Train Loss 16.9234 99.67%
Epoch   2:  Dev 0.643757164478302
Epoch   2: Test 0.6179450154304504
patience: 0 / 6
Epoch   3  Train Loss 17.2875 99.71%
Epoch   3:  Dev 0.626423716545105
patience: 1 / 6
Epoch   4  Train Loss 17.8842 99.73%
Epoch   4:  Dev 0.6263096928596497
patience: 2 / 6
Epoch   5  Train Loss 18.1489 99.74%
Epoch   5:  Dev 0.629671573638916
patience: 3 / 6
Epoch   6  Train Loss 18.6385 99.76%
Epoch   6:  Dev 0.6318181753158569
patience: 4 / 6
Epoch   7  Train Loss 18.9992 99.78%
Epoch   7:  Dev 0.6230248212814331
patience: 5 / 6
Epoch   8  Train Loss 19.4581 99.79%
Epoch   8:  Dev 0.6257110238075256
patience: 6 / 6
setting train exemplar for learned classes
torch.Size([660, 2048])
BEST DEV 4: 0.643757164478302
BEST TEST 4: 0.6179450154304504
