Dump name space
results/ace/NashMTL_narate-40_cluster-4_gen-10/perm_1/options.json
Dump name space
results/ace/NashMTL_narate-40_cluster-4_gen-10/perm_1/options.json
Dump name space
results/ace/NashMTL_narate-40_cluster-4_gen-10/perm_1/options.json
Dump name space
results/ace/NashMTL_narate-40_cluster-4_gen-10/perm_1/options.json
[[196, 181, 182, 202, 185, 176, 170, 192, 0], [200, 180, 173, 198, 177, 0], [201, 183, 193, 172, 175, 0], [191, 187, 195, 171, 174, 179, 0], [188, 199, 184, 194, 189, 190, 178, 186, 197, 0]]
False
train loader and exclude loader:  0
Original len train instances: 265115
train loader and exclude loader:  1
Original len train instances: 264503
train loader and exclude loader:  2
Original len train instances: 263784
train loader and exclude loader:  3
Original len train instances: 262450
train loader and exclude loader:  4
Original len train instances: 261611
Original len dev instances: 54053
Original len test instances: 93949
create basgMTL 4
False True
Epoch   1  Train Loss 0.1290 99.21%
Epoch   1:  Dev 0.41584157943725586
Epoch   1: Test 0.4312896430492401
patience: 0 / 6
Epoch   2  Train Loss 0.0371 99.57%
Epoch   2:  Dev 0.43478265404701233
Epoch   2: Test 0.4419134259223938
patience: 0 / 6
Epoch   3  Train Loss 0.0281 99.59%
Epoch   3:  Dev 0.5636363625526428
Epoch   3: Test 0.5093834400177002
patience: 0 / 6
Epoch   4  Train Loss 0.0217 99.65%
Epoch   4:  Dev 0.6010362505912781
Epoch   4: Test 0.5147929191589355
patience: 0 / 6
Epoch   5  Train Loss 0.0177 99.69%
Epoch   5:  Dev 0.47058823704719543
patience: 1 / 6
Epoch   6  Train Loss 0.0139 99.74%
Epoch   6:  Dev 0.5837838053703308
patience: 2 / 6
Epoch   7  Train Loss 0.0120 99.77%
Epoch   7:  Dev 0.6358973979949951
Epoch   7: Test 0.4909090995788574
patience: 0 / 6
Epoch   8  Train Loss 0.0099 99.80%
Epoch   8:  Dev 0.5550239086151123
patience: 1 / 6
Epoch   9  Train Loss 0.0091 99.81%
Epoch   9:  Dev 0.6153846383094788
patience: 2 / 6
Epoch  10  Train Loss 0.0073 99.85%
Epoch  10:  Dev 0.6170212626457214
patience: 3 / 6
Epoch  11  Train Loss 0.0067 99.85%
Epoch  11:  Dev 0.658682644367218
Epoch  11: Test 0.46794870495796204
patience: 0 / 6
Epoch  12  Train Loss 0.0057 99.88%
Epoch  12:  Dev 0.5645932555198669
patience: 1 / 6
Epoch  13  Train Loss 0.0050 99.89%
Epoch  13:  Dev 0.6589595675468445
Epoch  13: Test 0.4833836853504181
patience: 0 / 6
Epoch  14  Train Loss 0.0047 99.91%
Epoch  14:  Dev 0.5201793909072876
patience: 1 / 6
Epoch  15  Train Loss 0.0043 99.91%
Epoch  15:  Dev 0.6181818246841431
patience: 2 / 6
Epoch  16  Train Loss 0.0040 99.92%
Epoch  16:  Dev 0.5975609421730042
patience: 3 / 6
Epoch  17  Train Loss 0.0044 99.91%
Epoch  17:  Dev 0.6010362505912781
patience: 4 / 6
Epoch  18  Train Loss 0.0035 99.94%
Epoch  18:  Dev 0.6242774724960327
patience: 5 / 6
Epoch  19  Train Loss 0.0027 99.95%
Epoch  19:  Dev 0.5833333730697632
patience: 6 / 6
setting train exemplar for learned classes
torch.Size([160, 2048])
BEST DEV 0: 0.6589595675468445
BEST TEST 0: 0.4833836853504181
torch.Size([160, 2048])
Epoch   1  Train Loss 2.8374 98.05%
Epoch   1:  Dev 0.5210084319114685
Epoch   1: Test 0.45299145579338074
patience: 0 / 6
Epoch   2  Train Loss 2.7179 99.40%
Epoch   2:  Dev 0.5650224089622498
Epoch   2: Test 0.482962965965271
patience: 0 / 6
Epoch   3  Train Loss 2.7055 99.48%
Epoch   3:  Dev 0.5733633637428284
Epoch   3: Test 0.4712643623352051
patience: 0 / 6
Epoch   4  Train Loss 2.6862 99.55%
Epoch   4:  Dev 0.5557894706726074
patience: 1 / 6
Epoch   5  Train Loss 2.6857 99.59%
Epoch   5:  Dev 0.5446985363960266
patience: 2 / 6
Epoch   6  Train Loss 2.6886 99.66%
Epoch   6:  Dev 0.608910858631134
Epoch   6: Test 0.48534202575683594
patience: 0 / 6
Epoch   7  Train Loss 2.6774 99.71%
Epoch   7:  Dev 0.5960591435432434
patience: 1 / 6
Epoch   8  Train Loss 2.6782 99.75%
Epoch   8:  Dev 0.5768321752548218
patience: 2 / 6
Epoch   9  Train Loss 2.6704 99.77%
Epoch   9:  Dev 0.5948717594146729
patience: 3 / 6
Epoch  10  Train Loss 2.6758 99.80%
Epoch  10:  Dev 0.6074073910713196
patience: 4 / 6
Epoch  11  Train Loss 2.6713 99.81%
Epoch  11:  Dev 0.5765306353569031
patience: 5 / 6
Epoch  12  Train Loss 2.6632 99.85%
Epoch  12:  Dev 0.5882353186607361
patience: 6 / 6
setting train exemplar for learned classes
torch.Size([260, 2048])
BEST DEV 1: 0.608910858631134
BEST TEST 1: 0.48534202575683594
torch.Size([260, 2048])
Epoch   1  Train Loss 2.8895 97.98%
Epoch   1:  Dev 0.6124818921089172
Epoch   1: Test 0.5825095176696777
patience: 0 / 6
Epoch   2  Train Loss 2.7905 99.38%
Epoch   2:  Dev 0.6484848856925964
Epoch   2: Test 0.6150121092796326
patience: 0 / 6
Epoch   3  Train Loss 2.7828 99.47%
Epoch   3:  Dev 0.6363635659217834
patience: 1 / 6
Epoch   4  Train Loss 2.7794 99.54%
Epoch   4:  Dev 0.6635659337043762
Epoch   4: Test 0.6339434385299683
patience: 0 / 6
Epoch   5  Train Loss 2.7691 99.59%
Epoch   5:  Dev 0.6563944816589355
patience: 1 / 6
Epoch   6  Train Loss 2.7676 99.63%
Epoch   6:  Dev 0.640350878238678
patience: 2 / 6
Epoch   7  Train Loss 2.7606 99.67%
Epoch   7:  Dev 0.6322008967399597
patience: 3 / 6
Epoch   8  Train Loss 2.7633 99.70%
Epoch   8:  Dev 0.6484848856925964
patience: 4 / 6
Epoch   9  Train Loss 2.7565 99.72%
Epoch   9:  Dev 0.650455892086029
patience: 5 / 6
Epoch  10  Train Loss 2.7569 99.75%
Epoch  10:  Dev 0.6525037884712219
patience: 6 / 6
setting train exemplar for learned classes
torch.Size([360, 2048])
BEST DEV 2: 0.6635659337043762
BEST TEST 2: 0.6339434385299683
torch.Size([360, 2048])
Epoch   1  Train Loss 3.0669 97.93%
Epoch   1:  Dev 0.6174496412277222
Epoch   1: Test 0.6204081773757935
patience: 0 / 6
Epoch   2  Train Loss 2.9478 99.53%
Epoch   2:  Dev 0.617977499961853
Epoch   2: Test 0.6228131651878357
patience: 0 / 6
Epoch   3  Train Loss 2.9326 99.58%
Epoch   3:  Dev 0.6311360001564026
Epoch   3: Test 0.6191446185112
patience: 0 / 6
Epoch   4  Train Loss 2.9267 99.61%
Epoch   4:  Dev 0.6290550231933594
patience: 1 / 6
Epoch   5  Train Loss 2.9178 99.66%
Epoch   5:  Dev 0.6367583274841309
Epoch   5: Test 0.6160458326339722
patience: 0 / 6
Epoch   6  Train Loss 2.9132 99.71%
Epoch   6:  Dev 0.6349206566810608
patience: 1 / 6
Epoch   7  Train Loss 2.9107 99.73%
Epoch   7:  Dev 0.6412883996963501
Epoch   7: Test 0.636296808719635
patience: 0 / 6
Epoch   8  Train Loss 2.9075 99.75%
Epoch   8:  Dev 0.6498516201972961
Epoch   8: Test 0.6419570446014404
patience: 0 / 6
Epoch   9  Train Loss 2.9073 99.78%
Epoch   9:  Dev 0.6428571343421936
patience: 1 / 6
Epoch  10  Train Loss 2.9069 99.79%
Epoch  10:  Dev 0.645550549030304
patience: 2 / 6
Epoch  11  Train Loss 2.9033 99.81%
Epoch  11:  Dev 0.6441176533699036
patience: 3 / 6
Epoch  12  Train Loss 2.9018 99.82%
Epoch  12:  Dev 0.6496241092681885
patience: 4 / 6
Epoch  13  Train Loss 2.8999 99.84%
Epoch  13:  Dev 0.6504559516906738
Epoch  13: Test 0.6129985451698303
patience: 0 / 6
Epoch  14  Train Loss 2.9006 99.84%
Epoch  14:  Dev 0.6574923992156982
Epoch  14: Test 0.6348484754562378
patience: 0 / 6
Epoch  15  Train Loss 2.9002 99.84%
Epoch  15:  Dev 0.6584615707397461
Epoch  15: Test 0.6385542750358582
patience: 0 / 6
Epoch  16  Train Loss 2.8982 99.85%
Epoch  16:  Dev 0.6564885377883911
patience: 1 / 6
Epoch  17  Train Loss 2.8986 99.85%
Epoch  17:  Dev 0.6397515535354614
patience: 2 / 6
Epoch  18  Train Loss 2.8985 99.85%
Epoch  18:  Dev 0.6384976506233215
patience: 3 / 6
Epoch  19  Train Loss 2.8988 99.86%
Epoch  19:  Dev 0.6310831904411316
patience: 4 / 6
Epoch  20  Train Loss 2.8986 99.86%
Epoch  20:  Dev 0.6449612379074097
patience: 5 / 6
Epoch  21  Train Loss 2.8946 99.88%
Epoch  21:  Dev 0.6398763656616211
patience: 6 / 6
setting train exemplar for learned classes
torch.Size([480, 2048])
BEST DEV 3: 0.6584615707397461
BEST TEST 3: 0.6385542750358582
torch.Size([480, 2048])
Epoch   1  Train Loss 3.3054 97.07%
Epoch   1:  Dev 0.558282196521759
Epoch   1: Test 0.5836679935455322
patience: 0 / 6
Epoch   2  Train Loss 3.1082 99.64%
Epoch   2:  Dev 0.5634365677833557
Epoch   2: Test 0.5931863784790039
patience: 0 / 6
Epoch   3  Train Loss 3.0933 99.69%
Epoch   3:  Dev 0.5723140835762024
Epoch   3: Test 0.591549277305603
patience: 0 / 6
Epoch   4  Train Loss 3.0820 99.74%
Epoch   4:  Dev 0.5805785059928894
Epoch   4: Test 0.5924932360649109
patience: 0 / 6
Epoch   5  Train Loss 3.0782 99.78%
Epoch   5:  Dev 0.5904139280319214
Epoch   5: Test 0.6066481471061707
patience: 0 / 6
Epoch   6  Train Loss 3.0771 99.79%
Epoch   6:  Dev 0.6019628643989563
Epoch   6: Test 0.6154919266700745
patience: 0 / 6
Epoch   7  Train Loss 3.0749 99.82%
Epoch   7:  Dev 0.58620685338974
patience: 1 / 6
Epoch   8  Train Loss 3.0714 99.85%
Epoch   8:  Dev 0.597777783870697
patience: 2 / 6
Epoch   9  Train Loss 3.0699 99.86%
Epoch   9:  Dev 0.5917686223983765
patience: 3 / 6
Epoch  10  Train Loss 3.0689 99.86%
Epoch  10:  Dev 0.5533769130706787
patience: 4 / 6
Epoch  11  Train Loss 3.0676 99.87%
Epoch  11:  Dev 0.572038471698761
patience: 5 / 6
Epoch  12  Train Loss 3.0679 99.88%
Epoch  12:  Dev 0.598214328289032
patience: 6 / 6
setting train exemplar for learned classes
torch.Size([660, 2048])
BEST DEV 4: 0.6019628643989563
BEST TEST 4: 0.6154919266700745
