Dump name space
results/ace/NashMTL_woMOO_woNAloss_cluster-4_gen-10/perm_3/options.json
Dump name space
results/ace/NashMTL_woMOO_woNAloss_cluster-4_gen-10/perm_3/options.json
Dump name space
results/ace/NashMTL_woMOO_woNAloss_cluster-4_gen-10/perm_3/options.json
Dump name space
results/ace/NashMTL_woMOO_woNAloss_cluster-4_gen-10/perm_3/options.json
[[191, 187, 195, 171, 174, 179, 0], [201, 183, 193, 172, 175, 0], [188, 199, 184, 194, 189, 190, 178, 186, 197, 0], [200, 180, 173, 198, 177, 0], [196, 181, 182, 202, 185, 176, 170, 192, 0]]
False
train loader and exclude loader:  0
Original len train instances: 265115
train loader and exclude loader:  1
Original len train instances: 264276
train loader and exclude loader:  2
Original len train instances: 262942
train loader and exclude loader:  3
Original len train instances: 262358
train loader and exclude loader:  4
Original len train instances: 261639
Original len dev instances: 54053
Original len test instances: 93949
create basgMTL 4
False True
Epoch   1  Train Loss 0.0482 98.28%
Epoch   1:  Dev 0.5373134613037109
Epoch   1: Test 0.6693547964096069
patience: 0 / 6
Epoch   2  Train Loss 0.0065 98.61%
Epoch   2:  Dev 0.6285714507102966
Epoch   2: Test 0.6666666865348816
patience: 0 / 6
Epoch   3  Train Loss 0.0053 98.63%
Epoch   3:  Dev 0.6133332848548889
patience: 1 / 6
Epoch   4  Train Loss 0.0044 98.65%
Epoch   4:  Dev 0.5588235259056091
patience: 2 / 6
Epoch   5  Train Loss 0.0037 98.66%
Epoch   5:  Dev 0.5925925374031067
patience: 3 / 6
Epoch   6  Train Loss 0.0031 98.67%
Epoch   6:  Dev 0.6233766078948975
patience: 4 / 6
Epoch   7  Train Loss 0.0025 98.69%
Epoch   7:  Dev 0.6352941393852234
Epoch   7: Test 0.6523297429084778
patience: 0 / 6
Epoch   8  Train Loss 0.0021 98.71%
Epoch   8:  Dev 0.6363636255264282
Epoch   8: Test 0.6643357276916504
patience: 0 / 6
Epoch   9  Train Loss 0.0017 98.72%
Epoch   9:  Dev 0.5897435545921326
patience: 1 / 6
Epoch  10  Train Loss 0.0016 98.72%
Epoch  10:  Dev 0.6153846383094788
patience: 2 / 6
Epoch  11  Train Loss 0.0014 98.73%
Epoch  11:  Dev 0.6075949668884277
patience: 3 / 6
Epoch  12  Train Loss 0.0011 98.74%
Epoch  12:  Dev 0.5974025726318359
patience: 4 / 6
Epoch  13  Train Loss 0.0010 98.74%
Epoch  13:  Dev 0.6233766078948975
patience: 5 / 6
Epoch  14  Train Loss 0.0011 98.74%
Epoch  14:  Dev 0.6136364340782166
patience: 6 / 6
setting train exemplar for learned classes
torch.Size([120, 2048])
BEST DEV 0: 0.6363636255264282
BEST TEST 0: 0.6643357276916504
torch.Size([120, 2048])
Epoch   1  Train Loss 0.1816 98.72%
Epoch   1:  Dev 0.6878980994224548
Epoch   1: Test 0.7193396091461182
patience: 0 / 6
Epoch   2  Train Loss 0.1744 99.03%
Epoch   2:  Dev 0.6435331106185913
patience: 1 / 6
Epoch   3  Train Loss 0.1740 99.07%
Epoch   3:  Dev 0.6723647117614746
patience: 2 / 6
Epoch   4  Train Loss 0.1731 99.09%
Epoch   4:  Dev 0.670807421207428
patience: 3 / 6
Epoch   5  Train Loss 0.1728 99.12%
Epoch   5:  Dev 0.6873065233230591
patience: 4 / 6
Epoch   6  Train Loss 0.1722 99.14%
Epoch   6:  Dev 0.6646705865859985
patience: 5 / 6
Epoch   7  Train Loss 0.1718 99.16%
Epoch   7:  Dev 0.6646525263786316
patience: 6 / 6
setting train exemplar for learned classes
torch.Size([220, 2048])
BEST DEV 1: 0.6878980994224548
BEST TEST 1: 0.7193396091461182
torch.Size([220, 2048])
Epoch   1  Train Loss 0.3409 98.83%
Epoch   1:  Dev 0.6284584403038025
Epoch   1: Test 0.6797520518302917
patience: 0 / 6
Epoch   2  Train Loss 0.3289 99.29%
Epoch   2:  Dev 0.6512523889541626
Epoch   2: Test 0.6847034096717834
patience: 0 / 6
Epoch   3  Train Loss 0.3274 99.31%
Epoch   3:  Dev 0.6404494643211365
patience: 1 / 6
Epoch   4  Train Loss 0.3267 99.33%
Epoch   4:  Dev 0.6376811861991882
patience: 2 / 6
Epoch   5  Train Loss 0.3258 99.34%
Epoch   5:  Dev 0.6290018558502197
patience: 3 / 6
Epoch   6  Train Loss 0.3257 99.37%
Epoch   6:  Dev 0.6221441030502319
patience: 4 / 6
Epoch   7  Train Loss 0.3254 99.37%
Epoch   7:  Dev 0.6296958923339844
patience: 5 / 6
Epoch   8  Train Loss 0.3248 99.38%
Epoch   8:  Dev 0.6286701560020447
patience: 6 / 6
setting train exemplar for learned classes
torch.Size([400, 2048])
BEST DEV 2: 0.6512523889541626
BEST TEST 2: 0.6847034096717834
torch.Size([400, 2048])
Epoch   1  Train Loss 0.6525 98.89%
Epoch   1:  Dev 0.5549132823944092
Epoch   1: Test 0.6336633563041687
patience: 0 / 6
Epoch   2  Train Loss 0.6423 99.43%
Epoch   2:  Dev 0.591471791267395
Epoch   2: Test 0.65684574842453
patience: 0 / 6
Epoch   3  Train Loss 0.6410 99.46%
Epoch   3:  Dev 0.6171107292175293
Epoch   3: Test 0.6567944288253784
patience: 0 / 6
Epoch   4  Train Loss 0.6404 99.50%
Epoch   4:  Dev 0.6315789818763733
Epoch   4: Test 0.6694560647010803
patience: 0 / 6
Epoch   5  Train Loss 0.6396 99.52%
Epoch   5:  Dev 0.633152186870575
Epoch   5: Test 0.6747614741325378
patience: 0 / 6
Epoch   6  Train Loss 0.6396 99.54%
Epoch   6:  Dev 0.633152186870575
patience: 1 / 6
Epoch   7  Train Loss 0.6394 99.55%
Epoch   7:  Dev 0.6322751045227051
patience: 2 / 6
Epoch   8  Train Loss 0.6382 99.58%
Epoch   8:  Dev 0.6216216087341309
patience: 3 / 6
Epoch   9  Train Loss 0.6384 99.59%
Epoch   9:  Dev 0.6228188276290894
patience: 4 / 6
Epoch  10  Train Loss 0.6383 99.60%
Epoch  10:  Dev 0.6161879897117615
patience: 5 / 6
Epoch  11  Train Loss 0.6384 99.61%
Epoch  11:  Dev 0.6315789818763733
patience: 6 / 6
setting train exemplar for learned classes
torch.Size([500, 2048])
BEST DEV 3: 0.633152186870575
BEST TEST 3: 0.6747614741325378
torch.Size([500, 2048])
Epoch   1  Train Loss 0.8210 99.11%
Epoch   1:  Dev 0.5655339956283569
Epoch   1: Test 0.5761688947677612
patience: 0 / 6
Epoch   2  Train Loss 0.8250 99.68%
Epoch   2:  Dev 0.5925925970077515
Epoch   2: Test 0.58620685338974
patience: 0 / 6
Epoch   3  Train Loss 0.8236 99.73%
Epoch   3:  Dev 0.6160920262336731
Epoch   3: Test 0.6041359305381775
patience: 0 / 6
Epoch   4  Train Loss 0.8227 99.76%
Epoch   4:  Dev 0.6171693801879883
Epoch   4: Test 0.6061057448387146
patience: 0 / 6
Epoch   5  Train Loss 0.8222 99.79%
Epoch   5:  Dev 0.614302396774292
patience: 1 / 6
Epoch   6  Train Loss 0.8218 99.79%
Epoch   6:  Dev 0.6157407760620117
patience: 2 / 6
Epoch   7  Train Loss 0.8211 99.81%
Epoch   7:  Dev 0.6162528395652771
patience: 3 / 6
Epoch   8  Train Loss 0.8211 99.81%
Epoch   8:  Dev 0.6201372742652893
Epoch   8: Test 0.6184210777282715
patience: 0 / 6
Epoch   9  Train Loss 0.8205 99.82%
Epoch   9:  Dev 0.617511510848999
patience: 1 / 6
Epoch  10  Train Loss 0.8209 99.83%
Epoch  10:  Dev 0.6299401521682739
Epoch  10: Test 0.6131933927536011
patience: 0 / 6
Epoch  11  Train Loss 0.8206 99.84%
Epoch  11:  Dev 0.6194285750389099
patience: 1 / 6
Epoch  12  Train Loss 0.8200 99.85%
Epoch  12:  Dev 0.621809720993042
patience: 2 / 6
Epoch  13  Train Loss 0.8198 99.86%
Epoch  13:  Dev 0.6144859790802002
patience: 3 / 6
Epoch  14  Train Loss 0.8200 99.87%
Epoch  14:  Dev 0.6044226288795471
patience: 4 / 6
Epoch  15  Train Loss 0.8201 99.86%
Epoch  15:  Dev 0.6174800992012024
patience: 5 / 6
Epoch  16  Train Loss 0.8197 99.88%
Epoch  16:  Dev 0.6195524334907532
patience: 6 / 6
setting train exemplar for learned classes
torch.Size([660, 2048])
BEST DEV 4: 0.6299401521682739
BEST TEST 4: 0.6131933927536011
