Dump name space
results/maven/ExcessMTL_woLMH_narate-4_cluster-4_gen-20_robust_step_size-0.001/perm_1/options.json
Dump name space
results/maven/ExcessMTL_woLMH_narate-4_cluster-4_gen-20_robust_step_size-0.001/perm_1/options.json
Dump name space
results/maven/ExcessMTL_woLMH_narate-4_cluster-4_gen-20_robust_step_size-0.001/perm_1/options.json
Dump name space
results/maven/ExcessMTL_woLMH_narate-4_cluster-4_gen-20_robust_step_size-0.001/perm_1/options.json
Dump name space
results/maven/ExcessMTL_woLMH_narate-4_cluster-4_gen-20_robust_step_size-0.001/perm_1/options.json
[[151, 16, 3, 70, 106, 141, 68, 31, 79, 101, 166, 167, 94, 21, 51, 7, 73, 145, 2, 124, 159, 61, 41, 142, 126, 144, 55, 168, 29, 11, 24, 0], [157, 18, 114, 92, 67, 153, 80, 115, 78, 154, 27, 5, 69, 117, 44, 83, 155, 40, 45, 139, 137, 14, 138, 119, 74, 150, 59, 54, 28, 9, 140, 37, 107, 76, 47, 0], [147, 48, 84, 39, 53, 23, 109, 22, 77, 62, 93, 143, 89, 8, 71, 85, 63, 97, 65, 103, 113, 112, 123, 152, 88, 98, 72, 42, 60, 133, 128, 116, 15, 111, 136, 162, 129, 132, 6, 0], [46, 36, 17, 13, 12, 20, 25, 49, 169, 148, 87, 56, 95, 81, 58, 57, 161, 64, 163, 82, 43, 125, 35, 96, 156, 100, 66, 30, 50, 120, 0], [134, 99, 105, 91, 52, 19, 135, 122, 127, 102, 108, 104, 110, 38, 118, 121, 160, 26, 34, 33, 158, 130, 165, 86, 149, 146, 164, 4, 131, 75, 90, 10, 32, 0]]
True
train loader and exclude loader:  0
Original len train instances: 347788
train loader and exclude loader:  1
Original len train instances: 333221
train loader and exclude loader:  2
Original len train instances: 319808
train loader and exclude loader:  3
Original len train instances: 305370
train loader and exclude loader:  4
Original len train instances: 293078
Original len dev instances: 57198
Original len test instances: 98603
create basgMTL 4
False True
Epoch   1  Train Loss 0.5120 94.11%
Epoch   1:  Dev 0.5705834031105042
Epoch   1: Test 0.5522106289863586
patience: 0 / 5
Epoch   2  Train Loss 0.3131 95.39%
Epoch   2:  Dev 0.6028838157653809
Epoch   2: Test 0.5794450044631958
patience: 0 / 5
Epoch   3  Train Loss 0.2703 95.63%
Epoch   3:  Dev 0.6072874069213867
Epoch   3: Test 0.5825576186180115
patience: 0 / 5
Epoch   4  Train Loss 0.2415 95.82%
Epoch   4:  Dev 0.6108325123786926
Epoch   4: Test 0.5936054587364197
patience: 0 / 5
Epoch   5  Train Loss 0.2173 95.99%
Epoch   5:  Dev 0.6142021417617798
Epoch   5: Test 0.5895673036575317
patience: 0 / 5
Epoch   6  Train Loss 0.1982 96.10%
Epoch   6:  Dev 0.6201342344284058
Epoch   6: Test 0.5997747778892517
patience: 0 / 5
Epoch   7  Train Loss 0.1814 96.24%
Epoch   7:  Dev 0.6154102087020874
patience: 1 / 5
Epoch   8  Train Loss 0.1660 96.39%
Epoch   8:  Dev 0.615642249584198
patience: 2 / 5
Epoch   9  Train Loss 0.1521 96.56%
Epoch   9:  Dev 0.6138646602630615
patience: 3 / 5
Epoch  10  Train Loss 0.1396 96.67%
Epoch  10:  Dev 0.6253827810287476
Epoch  10: Test 0.5977844595909119
patience: 0 / 5
Epoch  11  Train Loss 0.1286 96.87%
Epoch  11:  Dev 0.610124409198761
patience: 1 / 5
Epoch  12  Train Loss 0.1191 97.02%
Epoch  12:  Dev 0.6181219220161438
patience: 2 / 5
Epoch  13  Train Loss 0.1111 97.17%
Epoch  13:  Dev 0.6214321851730347
patience: 3 / 5
Epoch  14  Train Loss 0.1040 97.32%
Epoch  14:  Dev 0.6301416754722595
Epoch  14: Test 0.5970619320869446
patience: 0 / 5
Epoch  15  Train Loss 0.0982 97.46%
Epoch  15:  Dev 0.6193724870681763
patience: 1 / 5
setting train exemplar for learned classes
torch.Size([620, 2048])
BEST DEV 0: 0.6301416754722595
BEST TEST 0: 0.5970619320869446
torch.Size([620, 2048])
Epoch   1  Train Loss 5.7485 92.66%
Epoch   1:  Dev 0.5731580257415771
Epoch   1: Test 0.5722141265869141
patience: 0 / 5
Epoch   2  Train Loss 5.6128 94.26%
Epoch   2:  Dev 0.5742073059082031
Epoch   2: Test 0.5791209936141968
patience: 0 / 5
Epoch   3  Train Loss 5.6050 94.61%
Epoch   3:  Dev 0.584892988204956
Epoch   3: Test 0.587925910949707
patience: 0 / 5
Epoch   4  Train Loss 4.8461 94.79%
Epoch   4:  Dev 0.596630334854126
Epoch   4: Test 0.5977051854133606
patience: 0 / 5
Epoch   5  Train Loss 5.3067 95.16%
Epoch   5:  Dev 0.586523175239563
patience: 1 / 5
Epoch   6  Train Loss 5.5598 95.32%
Epoch   6:  Dev 0.5838619470596313
patience: 2 / 5
Epoch   7  Train Loss 5.6201 95.50%
Epoch   7:  Dev 0.584183931350708
patience: 3 / 5
Epoch   8  Train Loss 5.4834 95.80%
Epoch   8:  Dev 0.584416925907135
patience: 4 / 5
Epoch   9  Train Loss 5.4248 95.88%
Epoch   9:  Dev 0.5882706642150879
patience: 5 / 5
setting train exemplar for learned classes
torch.Size([1320, 2048])
BEST DEV 1: 0.596630334854126
BEST TEST 1: 0.5977051854133606
torch.Size([1320, 2048])
Epoch   1  Train Loss 6.3266 90.83%
Epoch   1:  Dev 0.59220951795578
Epoch   1: Test 0.5980702042579651
patience: 0 / 5
Epoch   2  Train Loss 6.0163 93.65%
Epoch   2:  Dev 0.6035502552986145
Epoch   2: Test 0.6042584180831909
patience: 0 / 5
Epoch   3  Train Loss 5.9621 94.17%
Epoch   3:  Dev 0.5947179198265076
patience: 1 / 5
Epoch   4  Train Loss 5.7466 94.53%
Epoch   4:  Dev 0.5954774022102356
patience: 2 / 5
Epoch   5  Train Loss 5.8514 94.68%
Epoch   5:  Dev 0.5940173864364624
patience: 3 / 5
Epoch   6  Train Loss 5.8399 94.91%
Epoch   6:  Dev 0.5964690446853638
patience: 4 / 5
Epoch   7  Train Loss 5.7842 95.20%
Epoch   7:  Dev 0.5977550148963928
patience: 5 / 5
setting train exemplar for learned classes
torch.Size([2100, 2048])
BEST DEV 2: 0.6035502552986145
BEST TEST 2: 0.6042584180831909
torch.Size([2100, 2048])
Epoch   1  Train Loss 7.3971 91.02%
Epoch   1:  Dev 0.5748317241668701
Epoch   1: Test 0.5846881866455078
patience: 0 / 5
Epoch   2  Train Loss 6.9286 93.53%
Epoch   2:  Dev 0.5815759301185608
Epoch   2: Test 0.5908230543136597
patience: 0 / 5
Epoch   3  Train Loss 6.8255 94.00%
Epoch   3:  Dev 0.5724807381629944
patience: 1 / 5
Epoch   4  Train Loss 6.8536 94.25%
Epoch   4:  Dev 0.5707821846008301
patience: 2 / 5
Epoch   5  Train Loss 6.7690 94.44%
Epoch   5:  Dev 0.5715423226356506
patience: 3 / 5
Epoch   6  Train Loss 6.6436 94.72%
Epoch   6:  Dev 0.5702064037322998
patience: 4 / 5
Epoch   7  Train Loss 6.6434 94.89%
Epoch   7:  Dev 0.5746173858642578
patience: 5 / 5
setting train exemplar for learned classes
torch.Size([2700, 2048])
BEST DEV 3: 0.5815759301185608
BEST TEST 3: 0.5908230543136597
torch.Size([2700, 2048])
Epoch   1  Train Loss 8.2786 90.74%
Epoch   1:  Dev 0.5878487825393677
Epoch   1: Test 0.5967537760734558
patience: 0 / 5
Epoch   2  Train Loss 7.7325 93.88%
Epoch   2:  Dev 0.5759177207946777
patience: 1 / 5
Epoch   3  Train Loss 7.4582 94.39%
Epoch   3:  Dev 0.5674232244491577
patience: 2 / 5
Epoch   4  Train Loss 7.3744 94.69%
Epoch   4:  Dev 0.5626055598258972
patience: 3 / 5
Epoch   5  Train Loss 7.5925 94.78%
Epoch   5:  Dev 0.5742396712303162
patience: 4 / 5
Epoch   6  Train Loss 7.2781 95.09%
Epoch   6:  Dev 0.5554682016372681
patience: 5 / 5
setting train exemplar for learned classes
torch.Size([3360, 2048])
BEST DEV 4: 0.5878487825393677
BEST TEST 4: 0.5967537760734558
