Dump name space
results/maven/ExcessMTL_woLMH_woSR_woSAM_woLosstrick_narate-4_cluster-4_gen-20_robust_step_size-0.001/perm_1/options.json
Dump name space
results/maven/ExcessMTL_woLMH_woSR_woSAM_woLosstrick_narate-4_cluster-4_gen-20_robust_step_size-0.001/perm_1/options.json
Dump name space
results/maven/ExcessMTL_woLMH_woSR_woSAM_woLosstrick_narate-4_cluster-4_gen-20_robust_step_size-0.001/perm_1/options.json
Dump name space
results/maven/ExcessMTL_woLMH_woSR_woSAM_woLosstrick_narate-4_cluster-4_gen-20_robust_step_size-0.001/perm_1/options.json
Dump name space
results/maven/ExcessMTL_woLMH_woSR_woSAM_woLosstrick_narate-4_cluster-4_gen-20_robust_step_size-0.001/perm_1/options.json
[[151, 16, 3, 70, 106, 141, 68, 31, 79, 101, 166, 167, 94, 21, 51, 7, 73, 145, 2, 124, 159, 61, 41, 142, 126, 144, 55, 168, 29, 11, 24, 0], [157, 18, 114, 92, 67, 153, 80, 115, 78, 154, 27, 5, 69, 117, 44, 83, 155, 40, 45, 139, 137, 14, 138, 119, 74, 150, 59, 54, 28, 9, 140, 37, 107, 76, 47, 0], [147, 48, 84, 39, 53, 23, 109, 22, 77, 62, 93, 143, 89, 8, 71, 85, 63, 97, 65, 103, 113, 112, 123, 152, 88, 98, 72, 42, 60, 133, 128, 116, 15, 111, 136, 162, 129, 132, 6, 0], [46, 36, 17, 13, 12, 20, 25, 49, 169, 148, 87, 56, 95, 81, 58, 57, 161, 64, 163, 82, 43, 125, 35, 96, 156, 100, 66, 30, 50, 120, 0], [134, 99, 105, 91, 52, 19, 135, 122, 127, 102, 108, 104, 110, 38, 118, 121, 160, 26, 34, 33, 158, 130, 165, 86, 149, 146, 164, 4, 131, 75, 90, 10, 32, 0]]
True
train loader and exclude loader:  0
Original len train instances: 347788
train loader and exclude loader:  1
Original len train instances: 333221
train loader and exclude loader:  2
Original len train instances: 319808
train loader and exclude loader:  3
Original len train instances: 305370
train loader and exclude loader:  4
Original len train instances: 293078
Original len dev instances: 57198
Original len test instances: 98603
create basgMTL 4
False False
Epoch   1  Train Loss 0.1705 81.28%
Epoch   1:  Dev 0.5600830912590027
Epoch   1: Test 0.5642072558403015
patience: 0 / 5
Epoch   2  Train Loss 0.0936 82.10%
Epoch   2:  Dev 0.592739999294281
Epoch   2: Test 0.5967570543289185
patience: 0 / 5
Epoch   3  Train Loss 0.0832 82.30%
Epoch   3:  Dev 0.6064485311508179
Epoch   3: Test 0.6119982600212097
patience: 0 / 5
Epoch   4  Train Loss 0.0762 82.44%
Epoch   4:  Dev 0.5997599363327026
patience: 1 / 5
Epoch   5  Train Loss 0.0704 82.56%
Epoch   5:  Dev 0.6181990504264832
Epoch   5: Test 0.6165589690208435
patience: 0 / 5
Epoch   6  Train Loss 0.0649 82.69%
Epoch   6:  Dev 0.6209697127342224
Epoch   6: Test 0.6219298243522644
patience: 0 / 5
Epoch   7  Train Loss 0.0600 82.83%
Epoch   7:  Dev 0.6220231652259827
Epoch   7: Test 0.6107111573219299
patience: 0 / 5
Epoch   8  Train Loss 0.0554 82.96%
Epoch   8:  Dev 0.6237397193908691
Epoch   8: Test 0.623701274394989
patience: 0 / 5
Epoch   9  Train Loss 0.0508 83.08%
Epoch   9:  Dev 0.6149610280990601
patience: 1 / 5
Epoch  10  Train Loss 0.0462 83.20%
Epoch  10:  Dev 0.6147387623786926
patience: 2 / 5
Epoch  11  Train Loss 0.0421 83.35%
Epoch  11:  Dev 0.5847378373146057
patience: 3 / 5
Epoch  12  Train Loss 0.0387 83.46%
Epoch  12:  Dev 0.6281327605247498
Epoch  12: Test 0.6133444309234619
patience: 0 / 5
Epoch  13  Train Loss 0.0354 83.57%
Epoch  13:  Dev 0.6131487488746643
patience: 1 / 5
Epoch  14  Train Loss 0.0327 83.66%
Epoch  14:  Dev 0.6117428541183472
patience: 2 / 5
Epoch  15  Train Loss 0.0299 83.74%
Epoch  15:  Dev 0.6123467683792114
patience: 3 / 5
setting train exemplar for learned classes
torch.Size([620, 2048])
BEST DEV 0: 0.6281327605247498
BEST TEST 0: 0.6133444309234619
torch.Size([620, 2048])
Epoch   1  Train Loss 4.2749 95.78%
Epoch   1:  Dev 0.53214430809021
Epoch   1: Test 0.5318351984024048
patience: 0 / 5
Epoch   2  Train Loss 5.1682 96.68%
Epoch   2:  Dev 0.5187499523162842
patience: 1 / 5
Epoch   3  Train Loss 4.5575 96.98%
Epoch   3:  Dev 0.5618204474449158
Epoch   3: Test 0.5733616948127747
patience: 0 / 5
Epoch   4  Train Loss 4.7632 97.18%
Epoch   4:  Dev 0.5413333177566528
patience: 1 / 5
Epoch   5  Train Loss 4.9232 97.39%
Epoch   5:  Dev 0.5268176198005676
patience: 2 / 5
Epoch   6  Train Loss 5.2040 97.57%
Epoch   6:  Dev 0.5155676603317261
patience: 3 / 5
Epoch   7  Train Loss 4.5886 97.73%
Epoch   7:  Dev 0.5527492165565491
patience: 4 / 5
Epoch   8  Train Loss 5.2427 97.85%
Epoch   8:  Dev 0.5137466192245483
patience: 5 / 5
setting train exemplar for learned classes
torch.Size([1320, 2048])
BEST DEV 1: 0.5618204474449158
BEST TEST 1: 0.5733616948127747
torch.Size([1320, 2048])
Epoch   1  Train Loss 5.3797 95.30%
Epoch   1:  Dev 0.5248966217041016
Epoch   1: Test 0.539115846157074
patience: 0 / 5
Epoch   2  Train Loss 5.3629 96.53%
Epoch   2:  Dev 0.5132103562355042
patience: 1 / 5
Epoch   3  Train Loss 5.3053 96.92%
Epoch   3:  Dev 0.5170093178749084
patience: 2 / 5
Epoch   4  Train Loss 5.1452 97.15%
Epoch   4:  Dev 0.5143861174583435
patience: 3 / 5
Epoch   5  Train Loss 5.1893 97.33%
Epoch   5:  Dev 0.5403233170509338
Epoch   5: Test 0.555132269859314
patience: 0 / 5
Epoch   6  Train Loss 5.2381 97.50%
Epoch   6:  Dev 0.521480917930603
patience: 1 / 5
Epoch   7  Train Loss 5.2084 97.67%
Epoch   7:  Dev 0.5104783177375793
patience: 2 / 5
Epoch   8  Train Loss 5.2410 97.80%
Epoch   8:  Dev 0.5126234292984009
patience: 3 / 5
Epoch   9  Train Loss 5.2689 97.98%
Epoch   9:  Dev 0.502586305141449
patience: 4 / 5
Epoch  10  Train Loss 5.2216 98.08%
Epoch  10:  Dev 0.5098438262939453
patience: 5 / 5
setting train exemplar for learned classes
torch.Size([2100, 2048])
BEST DEV 2: 0.5403233170509338
BEST TEST 2: 0.555132269859314
torch.Size([2100, 2048])
Epoch   1  Train Loss 6.1903 95.65%
Epoch   1:  Dev 0.4925122857093811
Epoch   1: Test 0.5062557458877563
patience: 0 / 5
Epoch   2  Train Loss 5.9951 96.82%
Epoch   2:  Dev 0.4874972105026245
patience: 1 / 5
Epoch   3  Train Loss 5.9873 97.12%
Epoch   3:  Dev 0.48187756538391113
patience: 2 / 5
Epoch   4  Train Loss 6.0113 97.34%
Epoch   4:  Dev 0.4784505069255829
patience: 3 / 5
Epoch   5  Train Loss 5.9364 97.50%
Epoch   5:  Dev 0.4724996089935303
patience: 4 / 5
Epoch   6  Train Loss 5.8822 97.63%
Epoch   6:  Dev 0.46304216980934143
patience: 5 / 5
setting train exemplar for learned classes
torch.Size([2700, 2048])
BEST DEV 3: 0.4925122857093811
BEST TEST 3: 0.5062557458877563
torch.Size([2700, 2048])
Epoch   1  Train Loss 7.2836 95.29%
Epoch   1:  Dev 0.46261683106422424
Epoch   1: Test 0.47648680210113525
patience: 0 / 5
Epoch   2  Train Loss 7.0402 96.73%
Epoch   2:  Dev 0.45739027857780457
patience: 1 / 5
Epoch   3  Train Loss 6.9325 97.05%
Epoch   3:  Dev 0.453561007976532
patience: 2 / 5
Epoch   4  Train Loss 6.9658 97.24%
Epoch   4:  Dev 0.4689214527606964
Epoch   4: Test 0.48332932591438293
patience: 0 / 5
Epoch   5  Train Loss 7.0193 97.44%
Epoch   5:  Dev 0.4611908197402954
patience: 1 / 5
Epoch   6  Train Loss 6.9159 97.60%
Epoch   6:  Dev 0.45405271649360657
patience: 2 / 5
Epoch   7  Train Loss 6.9245 97.73%
Epoch   7:  Dev 0.44963538646698
patience: 3 / 5
Epoch   8  Train Loss 6.9790 97.85%
Epoch   8:  Dev 0.443934828042984
patience: 4 / 5
Epoch   9  Train Loss 6.8950 97.96%
Epoch   9:  Dev 0.4545675814151764
patience: 5 / 5
setting train exemplar for learned classes
torch.Size([3360, 2048])
BEST DEV 4: 0.4689214527606964
BEST TEST 4: 0.48332932591438293
