Dump name space
results/maven/ot_woMOO_narate-4_cluster-4_gen-20_lm_temp-0.2_class_alpha-0.2/perm_1/options.json
Dump name space
results/maven/ot_woMOO_narate-4_cluster-4_gen-20_lm_temp-0.2_class_alpha-0.2/perm_1/options.json
Dump name space
results/maven/ot_woMOO_narate-4_cluster-4_gen-20_lm_temp-0.2_class_alpha-0.2/perm_1/options.json
Dump name space
results/maven/ot_woMOO_narate-4_cluster-4_gen-20_lm_temp-0.2_class_alpha-0.2/perm_1/options.json
Dump name space
results/maven/ot_woMOO_narate-4_cluster-4_gen-20_lm_temp-0.2_class_alpha-0.2/perm_1/options.json
[[151, 16, 3, 70, 106, 141, 68, 31, 79, 101, 166, 167, 94, 21, 51, 7, 73, 145, 2, 124, 159, 61, 41, 142, 126, 144, 55, 168, 29, 11, 24, 0], [157, 18, 114, 92, 67, 153, 80, 115, 78, 154, 27, 5, 69, 117, 44, 83, 155, 40, 45, 139, 137, 14, 138, 119, 74, 150, 59, 54, 28, 9, 140, 37, 107, 76, 47, 0], [147, 48, 84, 39, 53, 23, 109, 22, 77, 62, 93, 143, 89, 8, 71, 85, 63, 97, 65, 103, 113, 112, 123, 152, 88, 98, 72, 42, 60, 133, 128, 116, 15, 111, 136, 162, 129, 132, 6, 0], [46, 36, 17, 13, 12, 20, 25, 49, 169, 148, 87, 56, 95, 81, 58, 57, 161, 64, 163, 82, 43, 125, 35, 96, 156, 100, 66, 30, 50, 120, 0], [134, 99, 105, 91, 52, 19, 135, 122, 127, 102, 108, 104, 110, 38, 118, 121, 160, 26, 34, 33, 158, 130, 165, 86, 149, 146, 164, 4, 131, 75, 90, 10, 32, 0]]
True
train loader and exclude loader:  0
Original len train instances: 347788
train loader and exclude loader:  1
Original len train instances: 333221
train loader and exclude loader:  2
Original len train instances: 319808
train loader and exclude loader:  3
Original len train instances: 305370
train loader and exclude loader:  4
Original len train instances: 293078
Original len dev instances: 57198
Original len test instances: 98603
create basgMTL 4
False True
Epoch   1  Train Loss 0.5579 80.98%
Epoch   1:  Dev 0.5718523263931274
Epoch   1: Test 0.5552340149879456
patience: 0 / 5
Epoch   2  Train Loss 0.3803 82.02%
Epoch   2:  Dev 0.5891783833503723
Epoch   2: Test 0.5703220367431641
patience: 0 / 5
Epoch   3  Train Loss 0.3452 82.15%
Epoch   3:  Dev 0.608889639377594
Epoch   3: Test 0.592346727848053
patience: 0 / 5
Epoch   4  Train Loss 0.3203 82.31%
Epoch   4:  Dev 0.608562171459198
patience: 1 / 5
Epoch   5  Train Loss 0.2999 82.43%
Epoch   5:  Dev 0.621041476726532
Epoch   5: Test 0.5995501279830933
patience: 0 / 5
Epoch   6  Train Loss 0.2813 82.55%
Epoch   6:  Dev 0.6292691826820374
Epoch   6: Test 0.6096325516700745
patience: 0 / 5
Epoch   7  Train Loss 0.2658 82.70%
Epoch   7:  Dev 0.6223627924919128
patience: 1 / 5
Epoch   8  Train Loss 0.2528 82.83%
Epoch   8:  Dev 0.6219943165779114
patience: 2 / 5
Epoch   9  Train Loss 0.2393 82.95%
Epoch   9:  Dev 0.6034597754478455
patience: 3 / 5
Epoch  10  Train Loss 0.2288 83.07%
Epoch  10:  Dev 0.634226381778717
Epoch  10: Test 0.602236270904541
patience: 0 / 5
Epoch  11  Train Loss 0.2189 83.19%
Epoch  11:  Dev 0.6210451126098633
patience: 1 / 5
Epoch  12  Train Loss 0.2118 83.25%
Epoch  12:  Dev 0.6187151074409485
patience: 2 / 5
Epoch  13  Train Loss 0.2055 83.35%
Epoch  13:  Dev 0.6252034306526184
patience: 3 / 5
Epoch  14  Train Loss 0.2001 83.43%
Epoch  14:  Dev 0.6296499967575073
patience: 4 / 5
Epoch  15  Train Loss 0.1939 83.51%
Epoch  15:  Dev 0.608542799949646
patience: 5 / 5
setting train exemplar for learned classes
torch.Size([620, 2048])
BEST DEV 0: 0.634226381778717
BEST TEST 0: 0.602236270904541
torch.Size([620, 2048])
Epoch   1  Train Loss 1.5561 83.16%
Epoch   1:  Dev 0.5659335255622864
Epoch   1: Test 0.565254271030426
patience: 0 / 5
Epoch   2  Train Loss 1.4709 83.89%
Epoch   2:  Dev 0.5686742663383484
Epoch   2: Test 0.5667593479156494
patience: 0 / 5
Epoch   3  Train Loss 1.4477 84.17%
Epoch   3:  Dev 0.5574440956115723
patience: 1 / 5
Epoch   4  Train Loss 1.4342 84.36%
Epoch   4:  Dev 0.5827267169952393
Epoch   4: Test 0.5852135419845581
patience: 0 / 5
Epoch   5  Train Loss 1.4235 84.61%
Epoch   5:  Dev 0.5694669485092163
patience: 1 / 5
Epoch   6  Train Loss 1.4162 84.78%
Epoch   6:  Dev 0.5729463696479797
patience: 2 / 5
Epoch   7  Train Loss 1.4102 84.94%
Epoch   7:  Dev 0.5711246728897095
patience: 3 / 5
Epoch   8  Train Loss 1.4045 85.14%
Epoch   8:  Dev 0.5689688920974731
patience: 4 / 5
Epoch   9  Train Loss 1.4005 85.33%
Epoch   9:  Dev 0.5784488320350647
patience: 5 / 5
setting train exemplar for learned classes
torch.Size([1320, 2048])
BEST DEV 1: 0.5827267169952393
BEST TEST 1: 0.5852135419845581
torch.Size([1320, 2048])
Epoch   1  Train Loss 2.1856 85.46%
Epoch   1:  Dev 0.5778746008872986
Epoch   1: Test 0.5886102318763733
patience: 0 / 5
Epoch   2  Train Loss 2.1357 86.57%
Epoch   2:  Dev 0.5928695797920227
Epoch   2: Test 0.596521258354187
patience: 0 / 5
Epoch   3  Train Loss 2.1220 86.91%
Epoch   3:  Dev 0.5894185900688171
patience: 1 / 5
Epoch   4  Train Loss 2.1142 87.16%
Epoch   4:  Dev 0.5920451283454895
patience: 2 / 5
Epoch   5  Train Loss 2.1094 87.41%
Epoch   5:  Dev 0.5871192216873169
patience: 3 / 5
Epoch   6  Train Loss 2.1053 87.53%
Epoch   6:  Dev 0.5907144546508789
patience: 4 / 5
Epoch   7  Train Loss 2.1019 87.70%
Epoch   7:  Dev 0.5938782691955566
Epoch   7: Test 0.6009211540222168
patience: 0 / 5
Epoch   8  Train Loss 2.0989 87.85%
Epoch   8:  Dev 0.5845808386802673
patience: 1 / 5
Epoch   9  Train Loss 2.0963 87.98%
Epoch   9:  Dev 0.5979283452033997
Epoch   9: Test 0.6007334589958191
patience: 0 / 5
Epoch  10  Train Loss 2.0944 88.11%
Epoch  10:  Dev 0.5935057997703552
patience: 1 / 5
Epoch  11  Train Loss 2.0930 88.23%
Epoch  11:  Dev 0.5930509567260742
patience: 2 / 5
Epoch  12  Train Loss 2.0904 88.33%
Epoch  12:  Dev 0.5933364629745483
patience: 3 / 5
Epoch  13  Train Loss 2.0893 88.46%
Epoch  13:  Dev 0.5930856466293335
patience: 4 / 5
Epoch  14  Train Loss 2.0877 88.58%
Epoch  14:  Dev 0.5977809429168701
patience: 5 / 5
setting train exemplar for learned classes
torch.Size([2100, 2048])
BEST DEV 2: 0.5979283452033997
BEST TEST 2: 0.6007334589958191
torch.Size([2100, 2048])
Epoch   1  Train Loss 2.7937 88.39%
Epoch   1:  Dev 0.5764256119728088
Epoch   1: Test 0.5874603390693665
patience: 0 / 5
Epoch   2  Train Loss 2.7752 89.32%
Epoch   2:  Dev 0.5870739221572876
Epoch   2: Test 0.5935895442962646
patience: 0 / 5
Epoch   3  Train Loss 2.7687 89.53%
Epoch   3:  Dev 0.5857959985733032
patience: 1 / 5
Epoch   4  Train Loss 2.7654 89.67%
Epoch   4:  Dev 0.5856463313102722
patience: 2 / 5
Epoch   5  Train Loss 2.7629 89.76%
Epoch   5:  Dev 0.5860200524330139
patience: 3 / 5
Epoch   6  Train Loss 2.7592 89.89%
Epoch   6:  Dev 0.5838149189949036
patience: 4 / 5
Epoch   7  Train Loss 2.7583 90.00%
Epoch   7:  Dev 0.5897544622421265
Epoch   7: Test 0.5980374813079834
patience: 0 / 5
Epoch   8  Train Loss 2.7567 90.07%
Epoch   8:  Dev 0.5816608667373657
patience: 1 / 5
Epoch   9  Train Loss 2.7555 90.20%
Epoch   9:  Dev 0.5880928039550781
patience: 2 / 5
Epoch  10  Train Loss 2.7537 90.29%
Epoch  10:  Dev 0.5862032771110535
patience: 3 / 5
Epoch  11  Train Loss 2.7538 90.36%
Epoch  11:  Dev 0.5841594338417053
patience: 4 / 5
Epoch  12  Train Loss 2.7527 90.43%
Epoch  12:  Dev 0.5834354162216187
patience: 5 / 5
setting train exemplar for learned classes
torch.Size([2700, 2048])
BEST DEV 3: 0.5897544622421265
BEST TEST 3: 0.5980374813079834
torch.Size([2700, 2048])
Epoch   1  Train Loss 3.2636 91.15%
Epoch   1:  Dev 0.5956946611404419
Epoch   1: Test 0.6000101566314697
patience: 0 / 5
Epoch   2  Train Loss 3.2430 92.38%
Epoch   2:  Dev 0.5960753560066223
Epoch   2: Test 0.6036791801452637
patience: 0 / 5
Epoch   3  Train Loss 3.2380 92.61%
Epoch   3:  Dev 0.5976008772850037
Epoch   3: Test 0.6059239506721497
patience: 0 / 5
Epoch   4  Train Loss 3.2346 92.72%
Epoch   4:  Dev 0.5967026948928833
patience: 1 / 5
Epoch   5  Train Loss 3.2322 92.90%
Epoch   5:  Dev 0.6012328863143921
Epoch   5: Test 0.6097666025161743
patience: 0 / 5
Epoch   6  Train Loss 3.2306 93.02%
Epoch   6:  Dev 0.5907911062240601
patience: 1 / 5
Epoch   7  Train Loss 3.2290 93.10%
Epoch   7:  Dev 0.5936092734336853
patience: 2 / 5
Epoch   8  Train Loss 3.2278 93.16%
Epoch   8:  Dev 0.592939555644989
patience: 3 / 5
Epoch   9  Train Loss 3.2267 93.25%
Epoch   9:  Dev 0.5931559205055237
patience: 4 / 5
Epoch  10  Train Loss 3.2259 93.31%
Epoch  10:  Dev 0.593207836151123
patience: 5 / 5
setting train exemplar for learned classes
torch.Size([3360, 2048])
BEST DEV 4: 0.6012328863143921
BEST TEST 4: 0.6097666025161743
