Dump name space
results/ace/NashMTL_narate-10_cluster-8_gen-20/perm_4/options.json
Dump name space
results/ace/NashMTL_narate-10_cluster-8_gen-20/perm_4/options.json
Dump name space
results/ace/NashMTL_narate-10_cluster-8_gen-20/perm_4/options.json
Dump name space
results/ace/NashMTL_narate-10_cluster-8_gen-20/perm_4/options.json
[[200, 180, 173, 198, 177, 0], [196, 181, 182, 202, 185, 176, 170, 192, 0], [188, 199, 184, 194, 189, 190, 178, 186, 197, 0], [191, 187, 195, 171, 174, 179, 0], [201, 183, 193, 172, 175, 0]]
False
train loader and exclude loader:  0
Original len train instances: 265115
train loader and exclude loader:  1
Original len train instances: 264396
train loader and exclude loader:  2
Original len train instances: 263784
train loader and exclude loader:  3
Original len train instances: 263200
train loader and exclude loader:  4
Original len train instances: 262361
Original len dev instances: 54053
Original len test instances: 93949
create basgMTL 4
False True
Epoch   1  Train Loss 0.1628 98.54%
Epoch   1:  Dev 0.3989070951938629
Epoch   1: Test 0.31058022379875183
patience: 0 / 6
Epoch   2  Train Loss 0.0580 98.94%
Epoch   2:  Dev 0.26058632135391235
patience: 1 / 6
Epoch   3  Train Loss 0.0446 99.04%
Epoch   3:  Dev 0.347252756357193
patience: 2 / 6
Epoch   4  Train Loss 0.0347 99.17%
Epoch   4:  Dev 0.4152047038078308
Epoch   4: Test 0.3394160866737366
patience: 0 / 6
Epoch   5  Train Loss 0.0296 99.27%
Epoch   5:  Dev 0.4314868748188019
Epoch   5: Test 0.36329585313796997
patience: 0 / 6
Epoch   6  Train Loss 0.0256 99.37%
Epoch   6:  Dev 0.35348838567733765
patience: 1 / 6
Epoch   7  Train Loss 0.0221 99.45%
Epoch   7:  Dev 0.4571428596973419
Epoch   7: Test 0.40715885162353516
patience: 0 / 6
Epoch   8  Train Loss 0.0200 99.48%
Epoch   8:  Dev 0.46204623579978943
Epoch   8: Test 0.3879310190677643
patience: 0 / 6
Epoch   9  Train Loss 0.0172 99.56%
Epoch   9:  Dev 0.33259424567222595
patience: 1 / 6
Epoch  10  Train Loss 0.0176 99.55%
Epoch  10:  Dev 0.4312500059604645
patience: 2 / 6
Epoch  11  Train Loss 0.0150 99.63%
Epoch  11:  Dev 0.3965517282485962
patience: 3 / 6
Epoch  12  Train Loss 0.0128 99.68%
Epoch  12:  Dev 0.4625850319862366
Epoch  12: Test 0.3885209560394287
patience: 0 / 6
Epoch  13  Train Loss 0.0135 99.66%
Epoch  13:  Dev 0.41640377044677734
patience: 1 / 6
Epoch  14  Train Loss 0.0120 99.71%
Epoch  14:  Dev 0.4545454680919647
patience: 2 / 6
Epoch  15  Train Loss 0.0109 99.74%
Epoch  15:  Dev 0.4290030300617218
patience: 3 / 6
Epoch  16  Train Loss 0.0105 99.75%
Epoch  16:  Dev 0.45051196217536926
patience: 4 / 6
Epoch  17  Train Loss 0.0119 99.74%
Epoch  17:  Dev 0.47750866413116455
Epoch  17: Test 0.4282115697860718
patience: 0 / 6
Epoch  18  Train Loss 0.0102 99.75%
Epoch  18:  Dev 0.40449443459510803
patience: 1 / 6
Epoch  19  Train Loss 0.0092 99.78%
Epoch  19:  Dev 0.3879598379135132
patience: 2 / 6
Epoch  20  Train Loss 0.0093 99.79%
Epoch  20:  Dev 0.4329896569252014
patience: 3 / 6
Epoch  21  Train Loss 0.0091 99.79%
Epoch  21:  Dev 0.48351651430130005
Epoch  21: Test 0.4312668442726135
patience: 0 / 6
Epoch  22  Train Loss 0.0063 99.85%
Epoch  22:  Dev 0.38616713881492615
patience: 1 / 6
Epoch  23  Train Loss 0.0067 99.85%
Epoch  23:  Dev 0.5135135650634766
Epoch  23: Test 0.4560260772705078
patience: 0 / 6
Epoch  24  Train Loss 0.0068 99.84%
Epoch  24:  Dev 0.4302788972854614
patience: 1 / 6
Epoch  25  Train Loss 0.0067 99.87%
Epoch  25:  Dev 0.4115755558013916
patience: 2 / 6
Epoch  26  Train Loss 0.0084 99.83%
Epoch  26:  Dev 0.5236051678657532
Epoch  26: Test 0.4064171016216278
patience: 0 / 6
Epoch  27  Train Loss 0.0070 99.83%
Epoch  27:  Dev 0.4654545187950134
patience: 1 / 6
Epoch  28  Train Loss 0.0056 99.86%
Epoch  28:  Dev 0.4957983195781708
patience: 2 / 6
Epoch  29  Train Loss 0.0056 99.86%
Epoch  29:  Dev 0.4580152630805969
patience: 3 / 6
Epoch  30  Train Loss 0.0056 99.88%
Epoch  30:  Dev 0.4256756603717804
patience: 4 / 6
setting train exemplar for learned classes
torch.Size([100, 2048])
BEST DEV 0: 0.5236051678657532
BEST TEST 0: 0.4064171016216278
torch.Size([100, 2048])
Epoch   1  Train Loss 1.8664 97.51%
Epoch   1:  Dev 0.4452296793460846
Epoch   1: Test 0.43103450536727905
patience: 0 / 6
Epoch   2  Train Loss 1.5780 99.40%
Epoch   2:  Dev 0.5050100088119507
Epoch   2: Test 0.4538043737411499
patience: 0 / 6
Epoch   3  Train Loss 1.5501 99.50%
Epoch   3:  Dev 0.5344467759132385
Epoch   3: Test 0.4759124219417572
patience: 0 / 6
Epoch   4  Train Loss 1.5280 99.55%
Epoch   4:  Dev 0.5688073039054871
Epoch   4: Test 0.5007824897766113
patience: 0 / 6
Epoch   5  Train Loss 1.5004 99.60%
Epoch   5:  Dev 0.5592841506004333
patience: 1 / 6
Epoch   6  Train Loss 1.4834 99.65%
Epoch   6:  Dev 0.5479452013969421
patience: 2 / 6
Epoch   7  Train Loss 1.4884 99.68%
Epoch   7:  Dev 0.5922330021858215
Epoch   7: Test 0.5032258033752441
patience: 0 / 6
Epoch   8  Train Loss 1.4821 99.71%
Epoch   8:  Dev 0.614130437374115
Epoch   8: Test 0.5186501145362854
patience: 0 / 6
Epoch   9  Train Loss 1.4742 99.76%
Epoch   9:  Dev 0.5771144032478333
patience: 1 / 6
Epoch  10  Train Loss 1.4564 99.78%
Epoch  10:  Dev 0.6250000596046448
Epoch  10: Test 0.5111111402511597
patience: 0 / 6
Epoch  11  Train Loss 1.4679 99.79%
Epoch  11:  Dev 0.5951743125915527
patience: 1 / 6
Epoch  12  Train Loss 1.4621 99.80%
Epoch  12:  Dev 0.6162161827087402
patience: 2 / 6
Epoch  13  Train Loss 1.4696 99.82%
Epoch  13:  Dev 0.6111111640930176
patience: 3 / 6
Epoch  14  Train Loss 1.4612 99.84%
Epoch  14:  Dev 0.6079545021057129
patience: 4 / 6
Epoch  15  Train Loss 1.4445 99.84%
Epoch  15:  Dev 0.6006006002426147
patience: 5 / 6
Epoch  16  Train Loss 1.4540 99.86%
Epoch  16:  Dev 0.6091954112052917
patience: 6 / 6
setting train exemplar for learned classes
torch.Size([260, 2048])
BEST DEV 1: 0.6250000596046448
BEST TEST 1: 0.5111111402511597
torch.Size([260, 2048])
Epoch   1  Train Loss 3.1387 92.34%
Epoch   1:  Dev 0.5286343097686768
Epoch   1: Test 0.5143603086471558
patience: 0 / 6
Epoch   2  Train Loss 2.0545 99.48%
Epoch   2:  Dev 0.5188068151473999
patience: 1 / 6
Epoch   3  Train Loss 2.0213 99.55%
Epoch   3:  Dev 0.5276243090629578
patience: 2 / 6
Epoch   4  Train Loss 1.9897 99.61%
Epoch   4:  Dev 0.5530085563659668
Epoch   4: Test 0.5508021712303162
patience: 0 / 6
Epoch   5  Train Loss 1.9806 99.64%
Epoch   5:  Dev 0.5402299165725708
patience: 1 / 6
Epoch   6  Train Loss 1.9648 99.68%
Epoch   6:  Dev 0.5236166715621948
patience: 2 / 6
Epoch   7  Train Loss 1.9496 99.72%
Epoch   7:  Dev 0.5176151394844055
patience: 3 / 6
Epoch   8  Train Loss 1.9396 99.76%
Epoch   8:  Dev 0.5658682584762573
Epoch   8: Test 0.5335120558738708
patience: 0 / 6
Epoch   9  Train Loss 1.9420 99.78%
Epoch   9:  Dev 0.5562129616737366
patience: 1 / 6
Epoch  10  Train Loss 1.9403 99.80%
Epoch  10:  Dev 0.5588697195053101
patience: 2 / 6
Epoch  11  Train Loss 1.9373 99.81%
Epoch  11:  Dev 0.5731894969940186
Epoch  11: Test 0.5606694221496582
patience: 0 / 6
Epoch  12  Train Loss 1.9298 99.82%
Epoch  12:  Dev 0.5861514210700989
Epoch  12: Test 0.5451894998550415
patience: 0 / 6
Epoch  13  Train Loss 1.9292 99.84%
Epoch  13:  Dev 0.5971107482910156
Epoch  13: Test 0.5611511468887329
patience: 0 / 6
Epoch  14  Train Loss 1.9299 99.85%
Epoch  14:  Dev 0.5830721259117126
patience: 1 / 6
Epoch  15  Train Loss 1.9260 99.85%
Epoch  15:  Dev 0.5644916892051697
patience: 2 / 6
Epoch  16  Train Loss 1.9277 99.86%
Epoch  16:  Dev 0.5971564054489136
Epoch  16: Test 0.5612998604774475
patience: 0 / 6
Epoch  17  Train Loss 1.9202 99.88%
Epoch  17:  Dev 0.5799372792243958
patience: 1 / 6
Epoch  18  Train Loss 1.9213 99.87%
Epoch  18:  Dev 0.5849056839942932
patience: 2 / 6
Epoch  19  Train Loss 1.9193 99.88%
Epoch  19:  Dev 0.5880502462387085
patience: 3 / 6
Epoch  20  Train Loss 1.9204 99.88%
Epoch  20:  Dev 0.5665101408958435
patience: 4 / 6
Epoch  21  Train Loss 1.9218 99.89%
Epoch  21:  Dev 0.582524299621582
patience: 5 / 6
Epoch  22  Train Loss 1.9204 99.89%
Epoch  22:  Dev 0.572357714176178
patience: 6 / 6
setting train exemplar for learned classes
torch.Size([440, 2048])
BEST DEV 2: 0.5971564054489136
BEST TEST 2: 0.5612998604774475
torch.Size([440, 2048])
Epoch   1  Train Loss 2.4310 97.58%
Epoch   1:  Dev 0.5555555820465088
Epoch   1: Test 0.5358490943908691
patience: 0 / 6
Epoch   2  Train Loss 2.2431 99.46%
Epoch   2:  Dev 0.5437665581703186
patience: 1 / 6
Epoch   3  Train Loss 2.2098 99.53%
Epoch   3:  Dev 0.5573770403862
Epoch   3: Test 0.549753725528717
patience: 0 / 6
Epoch   4  Train Loss 2.1883 99.59%
Epoch   4:  Dev 0.5659340620040894
Epoch   4: Test 0.5316455960273743
patience: 0 / 6
Epoch   5  Train Loss 2.1691 99.62%
Epoch   5:  Dev 0.5638889074325562
patience: 1 / 6
Epoch   6  Train Loss 2.1576 99.68%
Epoch   6:  Dev 0.5670390725135803
Epoch   6: Test 0.5560000538825989
patience: 0 / 6
Epoch   7  Train Loss 2.1516 99.72%
Epoch   7:  Dev 0.5734463334083557
Epoch   7: Test 0.55678391456604
patience: 0 / 6
Epoch   8  Train Loss 2.1443 99.75%
Epoch   8:  Dev 0.5800000429153442
Epoch   8: Test 0.5635808706283569
patience: 0 / 6
Epoch   9  Train Loss 2.1430 99.77%
Epoch   9:  Dev 0.5882353186607361
Epoch   9: Test 0.5657203197479248
patience: 0 / 6
Epoch  10  Train Loss 2.1388 99.81%
Epoch  10:  Dev 0.5796269178390503
patience: 1 / 6
Epoch  11  Train Loss 2.1350 99.82%
Epoch  11:  Dev 0.5787965655326843
patience: 2 / 6
Epoch  12  Train Loss 2.1323 99.83%
Epoch  12:  Dev 0.5788711905479431
patience: 3 / 6
Epoch  13  Train Loss 2.1336 99.85%
Epoch  13:  Dev 0.575581431388855
patience: 4 / 6
Epoch  14  Train Loss 2.1314 99.85%
Epoch  14:  Dev 0.5810219645500183
patience: 5 / 6
Epoch  15  Train Loss 2.1326 99.86%
Epoch  15:  Dev 0.5747800469398499
patience: 6 / 6
setting train exemplar for learned classes
torch.Size([560, 2048])
BEST DEV 3: 0.5882353186607361
BEST TEST 3: 0.5657203197479248
torch.Size([560, 2048])
Epoch   1  Train Loss 3.4022 93.93%
Epoch   1:  Dev 0.5833333730697632
Epoch   1: Test 0.5954991579055786
patience: 0 / 6
Epoch   2  Train Loss 2.7345 99.31%
Epoch   2:  Dev 0.5997910499572754
Epoch   2: Test 0.6237623691558838
patience: 0 / 6
Epoch   3  Train Loss 2.7055 99.42%
Epoch   3:  Dev 0.5660749077796936
patience: 1 / 6
Epoch   4  Train Loss 2.6878 99.49%
Epoch   4:  Dev 0.5688800811767578
patience: 2 / 6
Epoch   5  Train Loss 2.6807 99.56%
Epoch   5:  Dev 0.5937499403953552
patience: 3 / 6
Epoch   6  Train Loss 2.6691 99.63%
Epoch   6:  Dev 0.5932913422584534
patience: 4 / 6
Epoch   7  Train Loss 2.6692 99.66%
Epoch   7:  Dev 0.5839267373085022
patience: 5 / 6
Epoch   8  Train Loss 2.6622 99.69%
Epoch   8:  Dev 0.6135105490684509
Epoch   8: Test 0.6378307938575745
patience: 0 / 6
Epoch   9  Train Loss 2.6583 99.75%
Epoch   9:  Dev 0.6038135886192322
patience: 1 / 6
Epoch  10  Train Loss 2.6564 99.75%
Epoch  10:  Dev 0.595387876033783
patience: 2 / 6
Epoch  11  Train Loss 2.6520 99.78%
Epoch  11:  Dev 0.6035242080688477
patience: 3 / 6
Epoch  12  Train Loss 2.6514 99.79%
Epoch  12:  Dev 0.6050053834915161
patience: 4 / 6
Epoch  13  Train Loss 2.6481 99.81%
Epoch  13:  Dev 0.6160615682601929
Epoch  13: Test 0.6287927627563477
patience: 0 / 6
Epoch  14  Train Loss 2.6491 99.82%
Epoch  14:  Dev 0.613186776638031
patience: 1 / 6
Epoch  15  Train Loss 2.6467 99.82%
Epoch  15:  Dev 0.5969827175140381
patience: 2 / 6
Epoch  16  Train Loss 2.6458 99.84%
Epoch  16:  Dev 0.6021977663040161
patience: 3 / 6
Epoch  17  Train Loss 2.6451 99.85%
Epoch  17:  Dev 0.6008772253990173
patience: 4 / 6
Epoch  18  Train Loss 2.6426 99.85%
Epoch  18:  Dev 0.607948362827301
patience: 5 / 6
Epoch  19  Train Loss 2.6468 99.85%
Epoch  19:  Dev 0.6088888645172119
patience: 6 / 6
setting train exemplar for learned classes
torch.Size([660, 2048])
BEST DEV 4: 0.6160615682601929
BEST TEST 4: 0.6287927627563477
