Dump name space
results/ace/NashMTL_narate-20_cluster-8_gen-20/perm_0/options.json
Dump name space
results/ace/NashMTL_narate-20_cluster-8_gen-20/perm_0/options.json
Dump name space
results/ace/NashMTL_narate-20_cluster-8_gen-20/perm_0/options.json
Dump name space
results/ace/NashMTL_narate-20_cluster-8_gen-20/perm_0/options.json
[[188, 199, 184, 194, 189, 190, 178, 186, 197, 0], [191, 187, 195, 171, 174, 179, 0], [201, 183, 193, 172, 175, 0], [200, 180, 173, 198, 177, 0], [196, 181, 182, 202, 185, 176, 170, 192, 0]]
False
train loader and exclude loader:  0
Original len train instances: 265115
train loader and exclude loader:  1
Original len train instances: 264531
train loader and exclude loader:  2
Original len train instances: 263692
train loader and exclude loader:  3
Original len train instances: 262358
train loader and exclude loader:  4
Original len train instances: 261639
Original len dev instances: 54053
Original len test instances: 93949
create basgMTL 4
False True
Epoch   1  Train Loss 0.1642 99.05%
Epoch   1:  Dev 0.39153435826301575
Epoch   1: Test 0.47191011905670166
patience: 0 / 6
Epoch   2  Train Loss 0.0511 99.49%
Epoch   2:  Dev 0.35928142070770264
patience: 1 / 6
Epoch   3  Train Loss 0.0354 99.55%
Epoch   3:  Dev 0.36329585313796997
patience: 2 / 6
Epoch   4  Train Loss 0.0241 99.62%
Epoch   4:  Dev 0.47792208194732666
Epoch   4: Test 0.5860806107521057
patience: 0 / 6
Epoch   5  Train Loss 0.0190 99.66%
Epoch   5:  Dev 0.4121779799461365
patience: 1 / 6
Epoch   6  Train Loss 0.0147 99.71%
Epoch   6:  Dev 0.44711536169052124
patience: 2 / 6
Epoch   7  Train Loss 0.0131 99.73%
Epoch   7:  Dev 0.494047611951828
Epoch   7: Test 0.6757990717887878
patience: 0 / 6
Epoch   8  Train Loss 0.0109 99.77%
Epoch   8:  Dev 0.4985337555408478
Epoch   8: Test 0.643478274345398
patience: 0 / 6
Epoch   9  Train Loss 0.0102 99.79%
Epoch   9:  Dev 0.4309926927089691
patience: 1 / 6
Epoch  10  Train Loss 0.0095 99.81%
Epoch  10:  Dev 0.46900272369384766
patience: 2 / 6
Epoch  11  Train Loss 0.0089 99.82%
Epoch  11:  Dev 0.4836956858634949
patience: 3 / 6
Epoch  12  Train Loss 0.0082 99.85%
Epoch  12:  Dev 0.42891567945480347
patience: 4 / 6
Epoch  13  Train Loss 0.0074 99.85%
Epoch  13:  Dev 0.46027401089668274
patience: 5 / 6
Epoch  14  Train Loss 0.0068 99.87%
Epoch  14:  Dev 0.4751381278038025
patience: 6 / 6
setting train exemplar for learned classes
torch.Size([180, 2048])
BEST DEV 0: 0.4985337555408478
BEST TEST 0: 0.643478274345398
torch.Size([180, 2048])
Epoch   1  Train Loss 3.2857 98.53%
Epoch   1:  Dev 0.4560000002384186
Epoch   1: Test 0.5727847814559937
patience: 0 / 6
Epoch   2  Train Loss 3.1709 99.43%
Epoch   2:  Dev 0.43656715750694275
patience: 1 / 6
Epoch   3  Train Loss 3.1455 99.49%
Epoch   3:  Dev 0.48728811740875244
Epoch   3: Test 0.5918699502944946
patience: 0 / 6
Epoch   4  Train Loss 3.1334 99.53%
Epoch   4:  Dev 0.5
Epoch   4: Test 0.5907590985298157
patience: 0 / 6
Epoch   5  Train Loss 3.1209 99.58%
Epoch   5:  Dev 0.49145299196243286
patience: 1 / 6
Epoch   6  Train Loss 3.1164 99.61%
Epoch   6:  Dev 0.5055432915687561
Epoch   6: Test 0.6196213364601135
patience: 0 / 6
Epoch   7  Train Loss 3.1078 99.65%
Epoch   7:  Dev 0.508849561214447
Epoch   7: Test 0.6217616200447083
patience: 0 / 6
Epoch   8  Train Loss 3.0941 99.69%
Epoch   8:  Dev 0.5011086463928223
patience: 1 / 6
Epoch   9  Train Loss 3.1048 99.70%
Epoch   9:  Dev 0.49572649598121643
patience: 2 / 6
Epoch  10  Train Loss 3.0945 99.73%
Epoch  10:  Dev 0.4977973699569702
patience: 3 / 6
Epoch  11  Train Loss 3.0932 99.76%
Epoch  11:  Dev 0.5207372903823853
Epoch  11: Test 0.6579439640045166
patience: 0 / 6
Epoch  12  Train Loss 3.0868 99.78%
Epoch  12:  Dev 0.52173912525177
Epoch  12: Test 0.6405693888664246
patience: 0 / 6
Epoch  13  Train Loss 3.0876 99.78%
Epoch  13:  Dev 0.541176438331604
Epoch  13: Test 0.6467289924621582
patience: 0 / 6
Epoch  14  Train Loss 3.0830 99.79%
Epoch  14:  Dev 0.512471616268158
patience: 1 / 6
Epoch  15  Train Loss 3.0793 99.80%
Epoch  15:  Dev 0.5390071272850037
patience: 2 / 6
Epoch  16  Train Loss 3.0818 99.82%
Epoch  16:  Dev 0.5245901942253113
patience: 3 / 6
Epoch  17  Train Loss 3.0841 99.83%
Epoch  17:  Dev 0.5113121867179871
patience: 4 / 6
Epoch  18  Train Loss 3.0808 99.84%
Epoch  18:  Dev 0.5339806079864502
patience: 5 / 6
Epoch  19  Train Loss 3.0832 99.85%
Epoch  19:  Dev 0.5078651905059814
patience: 6 / 6
setting train exemplar for learned classes
torch.Size([300, 2048])
BEST DEV 1: 0.541176438331604
BEST TEST 1: 0.6467289924621582
torch.Size([300, 2048])
Epoch   1  Train Loss 2.7509 97.28%
Epoch   1:  Dev 0.5942028760910034
Epoch   1: Test 0.6831344962120056
patience: 0 / 6
Epoch   2  Train Loss 2.5600 99.31%
Epoch   2:  Dev 0.5485565066337585
patience: 1 / 6
Epoch   3  Train Loss 2.5468 99.42%
Epoch   3:  Dev 0.5608465075492859
patience: 2 / 6
Epoch   4  Train Loss 2.5366 99.48%
Epoch   4:  Dev 0.5997130274772644
Epoch   4: Test 0.6945606470108032
patience: 0 / 6
Epoch   5  Train Loss 2.5328 99.56%
Epoch   5:  Dev 0.5580182671546936
patience: 1 / 6
Epoch   6  Train Loss 2.5245 99.61%
Epoch   6:  Dev 0.6078147888183594
Epoch   6: Test 0.6852002739906311
patience: 0 / 6
Epoch   7  Train Loss 2.5248 99.66%
Epoch   7:  Dev 0.6054519414901733
patience: 1 / 6
Epoch   8  Train Loss 2.5223 99.69%
Epoch   8:  Dev 0.6224188804626465
Epoch   8: Test 0.6866167783737183
patience: 0 / 6
Epoch   9  Train Loss 2.5183 99.72%
Epoch   9:  Dev 0.5954416394233704
patience: 1 / 6
Epoch  10  Train Loss 2.5166 99.74%
Epoch  10:  Dev 0.6149253845214844
patience: 2 / 6
Epoch  11  Train Loss 2.5193 99.78%
Epoch  11:  Dev 0.607299268245697
patience: 3 / 6
Epoch  12  Train Loss 2.5137 99.77%
Epoch  12:  Dev 0.6092307567596436
patience: 4 / 6
Epoch  13  Train Loss 2.5141 99.78%
Epoch  13:  Dev 0.6043165922164917
patience: 5 / 6
Epoch  14  Train Loss 2.5173 99.79%
Epoch  14:  Dev 0.6153846383094788
patience: 6 / 6
setting train exemplar for learned classes
torch.Size([400, 2048])
BEST DEV 2: 0.6224188804626465
BEST TEST 2: 0.6866167783737183
torch.Size([400, 2048])
Epoch   1  Train Loss 3.0393 96.47%
Epoch   1:  Dev 0.5925925374031067
Epoch   1: Test 0.6330457925796509
patience: 0 / 6
Epoch   2  Train Loss 2.7869 99.27%
Epoch   2:  Dev 0.5843881964683533
patience: 1 / 6
Epoch   3  Train Loss 2.7723 99.38%
Epoch   3:  Dev 0.5774499773979187
patience: 2 / 6
Epoch   4  Train Loss 2.7610 99.45%
Epoch   4:  Dev 0.5959821939468384
Epoch   4: Test 0.6356382966041565
patience: 0 / 6
Epoch   5  Train Loss 2.7520 99.53%
Epoch   5:  Dev 0.6043329238891602
Epoch   5: Test 0.6586742401123047
patience: 0 / 6
Epoch   6  Train Loss 2.7462 99.60%
Epoch   6:  Dev 0.6207729578018188
Epoch   6: Test 0.6666666865348816
patience: 0 / 6
Epoch   7  Train Loss 2.7429 99.66%
Epoch   7:  Dev 0.6063454747200012
patience: 1 / 6
Epoch   8  Train Loss 2.7373 99.68%
Epoch   8:  Dev 0.6157576441764832
patience: 2 / 6
Epoch   9  Train Loss 2.7362 99.72%
Epoch   9:  Dev 0.5876887440681458
patience: 3 / 6
Epoch  10  Train Loss 2.7361 99.74%
Epoch  10:  Dev 0.6041923761367798
patience: 4 / 6
Epoch  11  Train Loss 2.7314 99.76%
Epoch  11:  Dev 0.6159601211547852
patience: 5 / 6
Epoch  12  Train Loss 2.7310 99.79%
Epoch  12:  Dev 0.5879629850387573
patience: 6 / 6
setting train exemplar for learned classes
torch.Size([500, 2048])
BEST DEV 3: 0.6207729578018188
BEST TEST 3: 0.6666666865348816
torch.Size([500, 2048])
Epoch   1  Train Loss 3.4541 96.80%
Epoch   1:  Dev 0.601344883441925
Epoch   1: Test 0.6256847381591797
patience: 0 / 6
Epoch   2  Train Loss 3.1968 99.43%
Epoch   2:  Dev 0.6021296977996826
Epoch   2: Test 0.63042151927948
patience: 0 / 6
Epoch   3  Train Loss 3.1749 99.50%
Epoch   3:  Dev 0.5980392098426819
patience: 1 / 6
Epoch   4  Train Loss 3.1573 99.58%
Epoch   4:  Dev 0.6163142323493958
Epoch   4: Test 0.6347002983093262
patience: 0 / 6
Epoch   5  Train Loss 3.1478 99.64%
Epoch   5:  Dev 0.6141414046287537
patience: 1 / 6
Epoch   6  Train Loss 3.1442 99.67%
Epoch   6:  Dev 0.6260162591934204
Epoch   6: Test 0.6385696530342102
patience: 0 / 6
Epoch   7  Train Loss 3.1357 99.72%
Epoch   7:  Dev 0.6133332848548889
patience: 1 / 6
Epoch   8  Train Loss 3.1339 99.74%
Epoch   8:  Dev 0.6302251219749451
Epoch   8: Test 0.6242544651031494
patience: 0 / 6
Epoch   9  Train Loss 3.1318 99.76%
Epoch   9:  Dev 0.6364594101905823
Epoch   9: Test 0.6271958351135254
patience: 0 / 6
Epoch  10  Train Loss 3.1321 99.78%
Epoch  10:  Dev 0.6165099740028381
patience: 1 / 6
Epoch  11  Train Loss 3.1270 99.81%
Epoch  11:  Dev 0.6320254802703857
patience: 2 / 6
Epoch  12  Train Loss 3.1247 99.81%
Epoch  12:  Dev 0.6365590691566467
Epoch  12: Test 0.6164290904998779
patience: 0 / 6
Epoch  13  Train Loss 3.1254 99.83%
Epoch  13:  Dev 0.625
patience: 1 / 6
Epoch  14  Train Loss 3.1241 99.84%
Epoch  14:  Dev 0.6383442282676697
Epoch  14: Test 0.6154919266700745
patience: 0 / 6
Epoch  15  Train Loss 3.1201 99.84%
Epoch  15:  Dev 0.625937819480896
patience: 1 / 6
Epoch  16  Train Loss 3.1216 99.85%
Epoch  16:  Dev 0.6332218050956726
patience: 2 / 6
Epoch  17  Train Loss 3.1206 99.85%
Epoch  17:  Dev 0.6259887218475342
patience: 3 / 6
Epoch  18  Train Loss 3.1192 99.86%
Epoch  18:  Dev 0.6312364339828491
patience: 4 / 6
Epoch  19  Train Loss 3.1189 99.87%
Epoch  19:  Dev 0.6203904151916504
patience: 5 / 6
Epoch  20  Train Loss 3.1182 99.87%
Epoch  20:  Dev 0.636971116065979
patience: 6 / 6
setting train exemplar for learned classes
torch.Size([660, 2048])
BEST DEV 4: 0.6383442282676697
BEST TEST 4: 0.6154919266700745
