Dump name space
results/ace/NashMTL_kl_narate-10_cluster-4_gen-10_lm_temp-2_class_alpha-0.2/perm_4/options.json
Dump name space
results/ace/NashMTL_kl_narate-10_cluster-4_gen-10_lm_temp-2_class_alpha-0.2/perm_4/options.json
Dump name space
results/ace/NashMTL_kl_narate-10_cluster-4_gen-10_lm_temp-2_class_alpha-0.2/perm_4/options.json
Dump name space
results/ace/NashMTL_kl_narate-10_cluster-4_gen-10_lm_temp-2_class_alpha-0.2/perm_4/options.json
Dump name space
results/ace/NashMTL_kl_narate-10_cluster-4_gen-10_lm_temp-2_class_alpha-0.2/perm_4/options.json
[[200, 180, 173, 198, 177, 0], [196, 181, 182, 202, 185, 176, 170, 192, 0], [188, 199, 184, 194, 189, 190, 178, 186, 197, 0], [191, 187, 195, 171, 174, 179, 0], [201, 183, 193, 172, 175, 0]]
False
train loader and exclude loader:  0
Original len train instances: 265115
train loader and exclude loader:  1
Original len train instances: 264396
train loader and exclude loader:  2
Original len train instances: 263784
train loader and exclude loader:  3
Original len train instances: 263200
train loader and exclude loader:  4
Original len train instances: 262361
Original len dev instances: 54053
Original len test instances: 93949
create basgMTL 4
False True
Epoch   1  Train Loss 0.1628 98.55%
Epoch   1:  Dev 0.4033149182796478
Epoch   1: Test 0.3047944903373718
patience: 0 / 6
Epoch   2  Train Loss 0.0579 98.94%
Epoch   2:  Dev 0.26427406072616577
patience: 1 / 6
Epoch   3  Train Loss 0.0450 99.04%
Epoch   3:  Dev 0.3529411852359772
patience: 2 / 6
Epoch   4  Train Loss 0.0344 99.18%
Epoch   4:  Dev 0.4171428382396698
Epoch   4: Test 0.33628320693969727
patience: 0 / 6
Epoch   5  Train Loss 0.0297 99.27%
Epoch   5:  Dev 0.42941173911094666
Epoch   5: Test 0.36571428179740906
patience: 0 / 6
Epoch   6  Train Loss 0.0256 99.36%
Epoch   6:  Dev 0.39175257086753845
patience: 1 / 6
Epoch   7  Train Loss 0.0216 99.45%
Epoch   7:  Dev 0.45859870314598083
Epoch   7: Test 0.42152467370033264
patience: 0 / 6
Epoch   8  Train Loss 0.0198 99.48%
Epoch   8:  Dev 0.4444444477558136
patience: 1 / 6
Epoch   9  Train Loss 0.0169 99.57%
Epoch   9:  Dev 0.38320210576057434
patience: 2 / 6
Epoch  10  Train Loss 0.0166 99.57%
Epoch  10:  Dev 0.4771929383277893
Epoch  10: Test 0.41951224207878113
patience: 0 / 6
Epoch  11  Train Loss 0.0144 99.63%
Epoch  11:  Dev 0.4652777910232544
patience: 1 / 6
Epoch  12  Train Loss 0.0136 99.66%
Epoch  12:  Dev 0.4511784613132477
patience: 2 / 6
Epoch  13  Train Loss 0.0124 99.69%
Epoch  13:  Dev 0.44745761156082153
patience: 3 / 6
Epoch  14  Train Loss 0.0126 99.70%
Epoch  14:  Dev 0.5000000596046448
Epoch  14: Test 0.4292928874492645
patience: 0 / 6
Epoch  15  Train Loss 0.0110 99.73%
Epoch  15:  Dev 0.5147058963775635
Epoch  15: Test 0.4207792580127716
patience: 0 / 6
Epoch  16  Train Loss 0.0106 99.74%
Epoch  16:  Dev 0.5040650367736816
patience: 1 / 6
Epoch  17  Train Loss 0.0110 99.75%
Epoch  17:  Dev 0.49805450439453125
patience: 2 / 6
Epoch  18  Train Loss 0.0095 99.77%
Epoch  18:  Dev 0.3406326174736023
patience: 3 / 6
Epoch  19  Train Loss 0.0092 99.77%
Epoch  19:  Dev 0.4890829622745514
patience: 4 / 6
Epoch  20  Train Loss 0.0085 99.81%
Epoch  20:  Dev 0.4460431635379791
patience: 5 / 6
Epoch  21  Train Loss 0.0086 99.80%
Epoch  21:  Dev 0.49462369084358215
patience: 6 / 6
setting train exemplar for learned classes
torch.Size([100, 2048])
BEST DEV 0: 0.5147058963775635
BEST TEST 0: 0.4207792580127716
torch.Size([100, 2048])
Epoch   1  Train Loss 2.0238 96.88%
Epoch   1:  Dev 0.47311830520629883
Epoch   1: Test 0.4384615421295166
patience: 0 / 6
Epoch   2  Train Loss 1.7195 99.33%
Epoch   2:  Dev 0.5145067572593689
Epoch   2: Test 0.474053293466568
patience: 0 / 6
Epoch   3  Train Loss 1.6837 99.44%
Epoch   3:  Dev 0.5198412537574768
Epoch   3: Test 0.489971399307251
patience: 0 / 6
Epoch   4  Train Loss 1.6602 99.49%
Epoch   4:  Dev 0.5254237651824951
Epoch   4: Test 0.4852255582809448
patience: 0 / 6
Epoch   5  Train Loss 1.6501 99.53%
Epoch   5:  Dev 0.5502183437347412
Epoch   5: Test 0.4984615445137024
patience: 0 / 6
Epoch   6  Train Loss 1.6410 99.58%
Epoch   6:  Dev 0.5542725324630737
Epoch   6: Test 0.49836069345474243
patience: 0 / 6
Epoch   7  Train Loss 1.6175 99.62%
Epoch   7:  Dev 0.5754060745239258
Epoch   7: Test 0.49842268228530884
patience: 0 / 6
Epoch   8  Train Loss 1.6192 99.67%
Epoch   8:  Dev 0.589073657989502
Epoch   8: Test 0.5109243392944336
patience: 0 / 6
Epoch   9  Train Loss 1.6207 99.70%
Epoch   9:  Dev 0.5857142806053162
patience: 1 / 6
Epoch  10  Train Loss 1.6177 99.71%
Epoch  10:  Dev 0.6353591680526733
Epoch  10: Test 0.514177680015564
patience: 0 / 6
Epoch  11  Train Loss 1.6156 99.74%
Epoch  11:  Dev 0.5999999642372131
patience: 1 / 6
Epoch  12  Train Loss 1.6003 99.76%
Epoch  12:  Dev 0.590243935585022
patience: 2 / 6
Epoch  13  Train Loss 1.6030 99.79%
Epoch  13:  Dev 0.6153846383094788
patience: 3 / 6
Epoch  14  Train Loss 1.6082 99.80%
Epoch  14:  Dev 0.6100000143051147
patience: 4 / 6
Epoch  15  Train Loss 1.6077 99.81%
Epoch  15:  Dev 0.6192893385887146
patience: 5 / 6
Epoch  16  Train Loss 1.5934 99.82%
Epoch  16:  Dev 0.6079999804496765
patience: 6 / 6
setting train exemplar for learned classes
torch.Size([260, 2048])
BEST DEV 1: 0.6353591680526733
BEST TEST 1: 0.514177680015564
torch.Size([260, 2048])
Epoch   1  Train Loss 2.9152 93.10%
Epoch   1:  Dev 0.511821985244751
Epoch   1: Test 0.5032092332839966
patience: 0 / 6
Epoch   2  Train Loss 2.0159 99.45%
Epoch   2:  Dev 0.5278514623641968
Epoch   2: Test 0.5162972807884216
patience: 0 / 6
Epoch   3  Train Loss 1.9801 99.49%
Epoch   3:  Dev 0.5338866114616394
Epoch   3: Test 0.5472221970558167
patience: 0 / 6
Epoch   4  Train Loss 1.9570 99.58%
Epoch   4:  Dev 0.5616046190261841
Epoch   4: Test 0.5529574155807495
patience: 0 / 6
Epoch   5  Train Loss 1.9400 99.60%
Epoch   5:  Dev 0.5694050788879395
Epoch   5: Test 0.5512465834617615
patience: 0 / 6
Epoch   6  Train Loss 1.9317 99.66%
Epoch   6:  Dev 0.5444596409797668
patience: 1 / 6
Epoch   7  Train Loss 1.9195 99.68%
Epoch   7:  Dev 0.5376344323158264
patience: 2 / 6
Epoch   8  Train Loss 1.9135 99.72%
Epoch   8:  Dev 0.5680820345878601
patience: 3 / 6
Epoch   9  Train Loss 1.9064 99.74%
Epoch   9:  Dev 0.5403111577033997
patience: 4 / 6
Epoch  10  Train Loss 1.9053 99.76%
Epoch  10:  Dev 0.5731707215309143
Epoch  10: Test 0.5323741436004639
patience: 0 / 6
Epoch  11  Train Loss 1.8990 99.78%
Epoch  11:  Dev 0.5627836585044861
patience: 1 / 6
Epoch  12  Train Loss 1.8934 99.80%
Epoch  12:  Dev 0.5736196637153625
Epoch  12: Test 0.5370101928710938
patience: 0 / 6
Epoch  13  Train Loss 1.8917 99.82%
Epoch  13:  Dev 0.5984252095222473
Epoch  13: Test 0.5492537617683411
patience: 0 / 6
Epoch  14  Train Loss 1.8962 99.82%
Epoch  14:  Dev 0.5779816508293152
patience: 1 / 6
Epoch  15  Train Loss 1.8924 99.83%
Epoch  15:  Dev 0.5749613642692566
patience: 2 / 6
Epoch  16  Train Loss 1.8919 99.84%
Epoch  16:  Dev 0.5960912108421326
patience: 3 / 6
Epoch  17  Train Loss 1.8887 99.85%
Epoch  17:  Dev 0.5653495192527771
patience: 4 / 6
Epoch  18  Train Loss 1.8836 99.86%
Epoch  18:  Dev 0.582945704460144
patience: 5 / 6
Epoch  19  Train Loss 1.8893 99.86%
Epoch  19:  Dev 0.5884146690368652
patience: 6 / 6
setting train exemplar for learned classes
torch.Size([440, 2048])
BEST DEV 2: 0.5984252095222473
BEST TEST 2: 0.5492537617683411
torch.Size([440, 2048])
Epoch   1  Train Loss 2.8981 94.87%
Epoch   1:  Dev 0.5567567944526672
Epoch   1: Test 0.5342333316802979
patience: 0 / 6
Epoch   2  Train Loss 2.3277 99.39%
Epoch   2:  Dev 0.5364583134651184
patience: 1 / 6
Epoch   3  Train Loss 2.2985 99.45%
Epoch   3:  Dev 0.5570651888847351
Epoch   3: Test 0.541015625
patience: 0 / 6
Epoch   4  Train Loss 2.2724 99.50%
Epoch   4:  Dev 0.5442359447479248
patience: 1 / 6
Epoch   5  Train Loss 2.2593 99.53%
Epoch   5:  Dev 0.5528454780578613
patience: 2 / 6
Epoch   6  Train Loss 2.2461 99.59%
Epoch   6:  Dev 0.5529573559761047
patience: 3 / 6
Epoch   7  Train Loss 2.2357 99.65%
Epoch   7:  Dev 0.5674548149108887
Epoch   7: Test 0.5585585832595825
patience: 0 / 6
Epoch   8  Train Loss 2.2286 99.66%
Epoch   8:  Dev 0.5677965879440308
Epoch   8: Test 0.5623068809509277
patience: 0 / 6
Epoch   9  Train Loss 2.2231 99.70%
Epoch   9:  Dev 0.5643994212150574
patience: 1 / 6
Epoch  10  Train Loss 2.2152 99.74%
Epoch  10:  Dev 0.5685425996780396
Epoch  10: Test 0.5515088438987732
patience: 0 / 6
Epoch  11  Train Loss 2.2143 99.75%
Epoch  11:  Dev 0.5629419684410095
patience: 1 / 6
Epoch  12  Train Loss 2.2104 99.78%
Epoch  12:  Dev 0.5787965655326843
Epoch  12: Test 0.5616291165351868
patience: 0 / 6
Epoch  13  Train Loss 2.2067 99.80%
Epoch  13:  Dev 0.5875370502471924
Epoch  13: Test 0.5646551847457886
patience: 0 / 6
Epoch  14  Train Loss 2.2050 99.80%
Epoch  14:  Dev 0.5773196220397949
patience: 1 / 6
Epoch  15  Train Loss 2.2029 99.82%
Epoch  15:  Dev 0.5706133842468262
patience: 2 / 6
Epoch  16  Train Loss 2.2024 99.82%
Epoch  16:  Dev 0.5813953280448914
patience: 3 / 6
Epoch  17  Train Loss 2.2036 99.83%
Epoch  17:  Dev 0.5718432664871216
patience: 4 / 6
Epoch  18  Train Loss 2.2004 99.83%
Epoch  18:  Dev 0.5635837912559509
patience: 5 / 6
Epoch  19  Train Loss 2.1992 99.85%
Epoch  19:  Dev 0.5760708451271057
patience: 6 / 6
setting train exemplar for learned classes
torch.Size([560, 2048])
BEST DEV 3: 0.5875370502471924
BEST TEST 3: 0.5646551847457886
torch.Size([560, 2048])
Epoch   1  Train Loss 3.2987 95.17%
Epoch   1:  Dev 0.5740000009536743
Epoch   1: Test 0.5967645645141602
patience: 0 / 6
Epoch   2  Train Loss 2.8340 99.24%
Epoch   2:  Dev 0.5956112742424011
Epoch   2: Test 0.6124279499053955
patience: 0 / 6
Epoch   3  Train Loss 2.8108 99.34%
Epoch   3:  Dev 0.5661478638648987
patience: 1 / 6
Epoch   4  Train Loss 2.8003 99.42%
Epoch   4:  Dev 0.5730993747711182
patience: 2 / 6
Epoch   5  Train Loss 2.7899 99.51%
Epoch   5:  Dev 0.593814492225647
patience: 3 / 6
Epoch   6  Train Loss 2.7797 99.56%
Epoch   6:  Dev 0.5796812772750854
patience: 4 / 6
Epoch   7  Train Loss 2.7747 99.61%
Epoch   7:  Dev 0.6010256409645081
Epoch   7: Test 0.6092384457588196
patience: 0 / 6
Epoch   8  Train Loss 2.7701 99.65%
Epoch   8:  Dev 0.6050053834915161
Epoch   8: Test 0.6359999775886536
patience: 0 / 6
Epoch   9  Train Loss 2.7660 99.69%
Epoch   9:  Dev 0.5969230532646179
patience: 1 / 6
Epoch  10  Train Loss 2.7637 99.72%
Epoch  10:  Dev 0.6056034564971924
Epoch  10: Test 0.6306188702583313
patience: 0 / 6
Epoch  11  Train Loss 2.7584 99.74%
Epoch  11:  Dev 0.6078640222549438
Epoch  11: Test 0.6280884146690369
patience: 0 / 6
Epoch  12  Train Loss 2.7623 99.75%
Epoch  12:  Dev 0.6130434274673462
Epoch  12: Test 0.6280447840690613
patience: 0 / 6
Epoch  13  Train Loss 2.7561 99.77%
Epoch  13:  Dev 0.6136865019798279
Epoch  13: Test 0.6175298690795898
patience: 0 / 6
Epoch  14  Train Loss 2.7546 99.79%
Epoch  14:  Dev 0.603691577911377
patience: 1 / 6
Epoch  15  Train Loss 2.7543 99.80%
Epoch  15:  Dev 0.6233183145523071
Epoch  15: Test 0.6416381597518921
patience: 0 / 6
Epoch  16  Train Loss 2.7505 99.81%
Epoch  16:  Dev 0.6201372742652893
patience: 1 / 6
Epoch  17  Train Loss 2.7508 99.83%
Epoch  17:  Dev 0.6061269640922546
patience: 2 / 6
Epoch  18  Train Loss 2.7493 99.82%
Epoch  18:  Dev 0.6063249111175537
patience: 3 / 6
Epoch  19  Train Loss 2.7500 99.83%
Epoch  19:  Dev 0.6071428656578064
patience: 4 / 6
Epoch  20  Train Loss 2.7493 99.84%
Epoch  20:  Dev 0.6102449893951416
patience: 5 / 6
Epoch  21  Train Loss 2.7475 99.85%
Epoch  21:  Dev 0.6114221811294556
patience: 6 / 6
setting train exemplar for learned classes
torch.Size([660, 2048])
BEST DEV 4: 0.6233183145523071
BEST TEST 4: 0.6416381597518921
