Dump name space
results/ace/FairGrad_KT_woSAM_woGMM/perm_0/options.json
Dump name space
results/ace/FairGrad_KT_woSAM_woGMM/perm_0/options.json
Dump name space
results/ace/FairGrad_KT_woSAM_woGMM/perm_0/options.json
Dump name space
results/ace/FairGrad_KT_woSAM_woGMM/perm_0/options.json
[[188, 199, 184, 194, 189, 190, 178, 186, 197, 0], [191, 187, 195, 171, 174, 179, 0], [201, 183, 193, 172, 175, 0], [200, 180, 173, 198, 177, 0], [196, 181, 182, 202, 185, 176, 170, 192, 0]]
False
train loader and exclude loader:  0
Original len train instances: 265115
train loader and exclude loader:  1
Original len train instances: 264531
train loader and exclude loader:  2
Original len train instances: 263692
train loader and exclude loader:  3
Original len train instances: 262358
train loader and exclude loader:  4
Original len train instances: 261639
Original len dev instances: 54053
Original len test instances: 93949
create basgMTL 4
False False
Epoch   1  Train Loss 0.1003 98.10%
Epoch   1:  Dev 0.491582453250885
Epoch   1: Test 0.5321100354194641
patience: 0 / 6
Epoch   2  Train Loss 0.0225 98.46%
Epoch   2:  Dev 0.44736844301223755
patience: 1 / 6
Epoch   3  Train Loss 0.0147 98.49%
Epoch   3:  Dev 0.4603581130504608
patience: 2 / 6
Epoch   4  Train Loss 0.0103 98.51%
Epoch   4:  Dev 0.577049195766449
Epoch   4: Test 0.6603773236274719
patience: 0 / 6
Epoch   5  Train Loss 0.0081 98.54%
Epoch   5:  Dev 0.4427083432674408
patience: 1 / 6
Epoch   6  Train Loss 0.0064 98.56%
Epoch   6:  Dev 0.5225225687026978
patience: 2 / 6
Epoch   7  Train Loss 0.0055 98.57%
Epoch   7:  Dev 0.5308641791343689
patience: 3 / 6
Epoch   8  Train Loss 0.0051 98.58%
Epoch   8:  Dev 0.5256409645080566
patience: 4 / 6
Epoch   9  Train Loss 0.0046 98.59%
Epoch   9:  Dev 0.5508196353912354
patience: 5 / 6
Epoch  10  Train Loss 0.0043 98.59%
Epoch  10:  Dev 0.5253164768218994
patience: 6 / 6
setting train exemplar for learned classes
torch.Size([180, 2048])
BEST DEV 0: 0.577049195766449
BEST TEST 0: 0.6603773236274719
torch.Size([180, 2048])
Epoch   1  Train Loss 14.4806 99.38%
Epoch   1:  Dev 0.5275779366493225
Epoch   1: Test 0.6501035094261169
patience: 0 / 6
Epoch   2  Train Loss 17.9624 99.75%
Epoch   2:  Dev 0.5544555187225342
Epoch   2: Test 0.6827309131622314
patience: 0 / 6
Epoch   3  Train Loss 19.3334 99.77%
Epoch   3:  Dev 0.5620253682136536
Epoch   3: Test 0.6747967600822449
patience: 0 / 6
Epoch   4  Train Loss 19.5910 99.80%
Epoch   4:  Dev 0.5594059228897095
patience: 1 / 6
Epoch   5  Train Loss 20.2990 99.80%
Epoch   5:  Dev 0.5552825331687927
patience: 2 / 6
Epoch   6  Train Loss 20.3434 99.82%
Epoch   6:  Dev 0.5758354663848877
Epoch   6: Test 0.6721649765968323
patience: 0 / 6
Epoch   7  Train Loss 21.3275 99.83%
Epoch   7:  Dev 0.5744125843048096
patience: 1 / 6
Epoch   8  Train Loss 20.8860 99.84%
Epoch   8:  Dev 0.5851064324378967
Epoch   8: Test 0.6680850982666016
patience: 0 / 6
Epoch   9  Train Loss 21.0959 99.84%
Epoch   9:  Dev 0.5851064324378967
patience: 1 / 6
Epoch  10  Train Loss 21.4401 99.87%
Epoch  10:  Dev 0.5873016119003296
Epoch  10: Test 0.675000011920929
patience: 0 / 6
Epoch  11  Train Loss 21.6255 99.86%
Epoch  11:  Dev 0.5768194198608398
patience: 1 / 6
Epoch  12  Train Loss 21.5321 99.87%
Epoch  12:  Dev 0.5957446694374084
Epoch  12: Test 0.6488706469535828
patience: 0 / 6
Epoch  13  Train Loss 21.4915 99.88%
Epoch  13:  Dev 0.592391312122345
patience: 1 / 6
Epoch  14  Train Loss 22.0897 99.88%
Epoch  14:  Dev 0.6010637879371643
Epoch  14: Test 0.6540084481239319
patience: 0 / 6
Epoch  15  Train Loss 22.0272 99.89%
Epoch  15:  Dev 0.5945945978164673
patience: 1 / 6
Epoch  16  Train Loss 22.1636 99.90%
Epoch  16:  Dev 0.5857519507408142
patience: 2 / 6
Epoch  17  Train Loss 22.3145 99.90%
Epoch  17:  Dev 0.5873016119003296
patience: 3 / 6
Epoch  18  Train Loss 22.5469 99.91%
Epoch  18:  Dev 0.596774160861969
patience: 4 / 6
Epoch  19  Train Loss 22.6378 99.92%
Epoch  19:  Dev 0.5876010656356812
patience: 5 / 6
Epoch  20  Train Loss 22.7048 99.93%
Epoch  20:  Dev 0.5955056548118591
patience: 6 / 6
setting train exemplar for learned classes
torch.Size([300, 2048])
BEST DEV 1: 0.6010637879371643
BEST TEST 1: 0.6540084481239319
torch.Size([300, 2048])
Epoch   1  Train Loss 23.1427 99.06%
Epoch   1:  Dev 0.6413223147392273
Epoch   1: Test 0.7131931185722351
patience: 0 / 6
Epoch   2  Train Loss 25.9625 99.71%
Epoch   2:  Dev 0.6329526901245117
patience: 1 / 6
Epoch   3  Train Loss 26.5756 99.73%
Epoch   3:  Dev 0.6403940916061401
patience: 2 / 6
Epoch   4  Train Loss 27.3175 99.75%
Epoch   4:  Dev 0.6343042254447937
patience: 3 / 6
Epoch   5  Train Loss 27.4301 99.78%
Epoch   5:  Dev 0.6362204551696777
patience: 4 / 6
Epoch   6  Train Loss 27.9464 99.79%
Epoch   6:  Dev 0.6578512787818909
Epoch   6: Test 0.711240291595459
patience: 0 / 6
Epoch   7  Train Loss 28.2722 99.79%
Epoch   7:  Dev 0.6514657735824585
patience: 1 / 6
Epoch   8  Train Loss 29.2577 99.82%
Epoch   8:  Dev 0.6482982039451599
patience: 2 / 6
Epoch   9  Train Loss 29.2436 99.82%
Epoch   9:  Dev 0.6482982039451599
patience: 3 / 6
Epoch  10  Train Loss 29.9592 99.84%
Epoch  10:  Dev 0.6501650214195251
patience: 4 / 6
Epoch  11  Train Loss 30.5848 99.85%
Epoch  11:  Dev 0.6476191282272339
patience: 5 / 6
Epoch  12  Train Loss 30.6566 99.86%
Epoch  12:  Dev 0.6460481286048889
patience: 6 / 6
setting train exemplar for learned classes
torch.Size([400, 2048])
BEST DEV 2: 0.6578512787818909
BEST TEST 2: 0.711240291595459
torch.Size([400, 2048])
Epoch   1  Train Loss 15.2782 98.91%
Epoch   1:  Dev 0.637333333492279
Epoch   1: Test 0.6727122664451599
patience: 0 / 6
Epoch   2  Train Loss 17.4319 99.71%
Epoch   2:  Dev 0.6355611681938171
patience: 1 / 6
Epoch   3  Train Loss 18.4433 99.74%
Epoch   3:  Dev 0.6435896754264832
Epoch   3: Test 0.6771653294563293
patience: 0 / 6
Epoch   4  Train Loss 19.0089 99.77%
Epoch   4:  Dev 0.6360248327255249
patience: 1 / 6
Epoch   5  Train Loss 19.4472 99.78%
Epoch   5:  Dev 0.6394736766815186
patience: 2 / 6
Epoch   6  Train Loss 19.8374 99.81%
Epoch   6:  Dev 0.6488651037216187
Epoch   6: Test 0.6803953647613525
patience: 0 / 6
Epoch   7  Train Loss 20.1099 99.82%
Epoch   7:  Dev 0.6222791075706482
patience: 1 / 6
Epoch   8  Train Loss 20.3791 99.84%
Epoch   8:  Dev 0.6476190686225891
patience: 2 / 6
Epoch   9  Train Loss 21.0988 99.86%
Epoch   9:  Dev 0.64000004529953
patience: 3 / 6
Epoch  10  Train Loss 21.2630 99.86%
Epoch  10:  Dev 0.6155779361724854
patience: 4 / 6
Epoch  11  Train Loss 21.5955 99.88%
Epoch  11:  Dev 0.6398963928222656
patience: 5 / 6
Epoch  12  Train Loss 21.8944 99.88%
Epoch  12:  Dev 0.6322418451309204
patience: 6 / 6
setting train exemplar for learned classes
torch.Size([500, 2048])
BEST DEV 3: 0.6488651037216187
BEST TEST 3: 0.6803953647613525
torch.Size([500, 2048])
Epoch   1  Train Loss 16.5943 98.77%
Epoch   1:  Dev 0.6396291851997375
Epoch   1: Test 0.6288585662841797
patience: 0 / 6
Epoch   2  Train Loss 18.9080 99.78%
Epoch   2:  Dev 0.6467203497886658
Epoch   2: Test 0.6375791430473328
patience: 0 / 6
Epoch   3  Train Loss 20.0895 99.79%
Epoch   3:  Dev 0.6464411020278931
patience: 1 / 6
Epoch   4  Train Loss 20.5774 99.81%
Epoch   4:  Dev 0.6462264060974121
patience: 2 / 6
Epoch   5  Train Loss 21.4683 99.83%
Epoch   5:  Dev 0.6516052484512329
Epoch   5: Test 0.6187363266944885
patience: 0 / 6
Epoch   6  Train Loss 22.0488 99.84%
Epoch   6:  Dev 0.6514970064163208
patience: 1 / 6
Epoch   7  Train Loss 22.5803 99.85%
Epoch   7:  Dev 0.647398829460144
patience: 2 / 6
Epoch   8  Train Loss 22.8830 99.86%
Epoch   8:  Dev 0.6553398370742798
Epoch   8: Test 0.6121256947517395
patience: 0 / 6
Epoch   9  Train Loss 23.5443 99.87%
Epoch   9:  Dev 0.646634578704834
patience: 1 / 6
Epoch  10  Train Loss 24.1023 99.88%
Epoch  10:  Dev 0.6424241662025452
patience: 2 / 6
Epoch  11  Train Loss 24.3479 99.89%
Epoch  11:  Dev 0.6495327353477478
patience: 3 / 6
Epoch  12  Train Loss 25.0702 99.89%
Epoch  12:  Dev 0.6470587849617004
patience: 4 / 6
Epoch  13  Train Loss 25.5933 99.90%
Epoch  13:  Dev 0.6434574127197266
patience: 5 / 6
Epoch  14  Train Loss 26.0020 99.91%
Epoch  14:  Dev 0.6397058367729187
patience: 6 / 6
setting train exemplar for learned classes
torch.Size([660, 2048])
BEST DEV 4: 0.6553398370742798
BEST TEST 4: 0.6121256947517395
