Dump name space
results/maven/kl_woMOO_narate-4_cluster-4_gen-20_lm_temp-0.2_class_alpha-0.2/perm_0/options.json
Dump name space
results/maven/kl_woMOO_narate-4_cluster-4_gen-20_lm_temp-0.2_class_alpha-0.2/perm_0/options.json
Dump name space
results/maven/kl_woMOO_narate-4_cluster-4_gen-20_lm_temp-0.2_class_alpha-0.2/perm_0/options.json
Dump name space
results/maven/kl_woMOO_narate-4_cluster-4_gen-20_lm_temp-0.2_class_alpha-0.2/perm_0/options.json
Dump name space
results/maven/kl_woMOO_narate-4_cluster-4_gen-20_lm_temp-0.2_class_alpha-0.2/perm_0/options.json
[[134, 99, 105, 91, 52, 19, 135, 122, 127, 102, 108, 104, 110, 38, 118, 121, 160, 26, 34, 33, 158, 130, 165, 86, 149, 146, 164, 4, 131, 75, 90, 10, 32, 0], [46, 36, 17, 13, 12, 20, 25, 49, 169, 148, 87, 56, 95, 81, 58, 57, 161, 64, 163, 82, 43, 125, 35, 96, 156, 100, 66, 30, 50, 120, 0], [147, 48, 84, 39, 53, 23, 109, 22, 77, 62, 93, 143, 89, 8, 71, 85, 63, 97, 65, 103, 113, 112, 123, 152, 88, 98, 72, 42, 60, 133, 128, 116, 15, 111, 136, 162, 129, 132, 6, 0], [157, 18, 114, 92, 67, 153, 80, 115, 78, 154, 27, 5, 69, 117, 44, 83, 155, 40, 45, 139, 137, 14, 138, 119, 74, 150, 59, 54, 28, 9, 140, 37, 107, 76, 47, 0], [151, 16, 3, 70, 106, 141, 68, 31, 79, 101, 166, 167, 94, 21, 51, 7, 73, 145, 2, 124, 159, 61, 41, 142, 126, 144, 55, 168, 29, 11, 24, 0]]
True
train loader and exclude loader:  0
Original len train instances: 347788
train loader and exclude loader:  1
Original len train instances: 334861
train loader and exclude loader:  2
Original len train instances: 322569
train loader and exclude loader:  3
Original len train instances: 308131
train loader and exclude loader:  4
Original len train instances: 294718
Original len dev instances: 57198
Original len test instances: 98603
create basgMTL 4
False True
Epoch   1  Train Loss 0.3853 80.79%
Epoch   1:  Dev 0.6072434186935425
Epoch   1: Test 0.6300508975982666
patience: 0 / 5
Epoch   2  Train Loss 0.2054 81.87%
Epoch   2:  Dev 0.6178891062736511
Epoch   2: Test 0.6415491700172424
patience: 0 / 5
Epoch   3  Train Loss 0.1731 81.97%
Epoch   3:  Dev 0.6230483055114746
Epoch   3: Test 0.6452094912528992
patience: 0 / 5
Epoch   4  Train Loss 0.1517 82.04%
Epoch   4:  Dev 0.6485119462013245
Epoch   4: Test 0.6654878854751587
patience: 0 / 5
Epoch   5  Train Loss 0.1325 82.16%
Epoch   5:  Dev 0.6466397047042847
patience: 1 / 5
Epoch   6  Train Loss 0.1181 82.27%
Epoch   6:  Dev 0.6248857378959656
patience: 2 / 5
Epoch   7  Train Loss 0.1049 82.39%
Epoch   7:  Dev 0.638225257396698
patience: 3 / 5
Epoch   8  Train Loss 0.0944 82.50%
Epoch   8:  Dev 0.6388206481933594
patience: 4 / 5
Epoch   9  Train Loss 0.0861 82.57%
Epoch   9:  Dev 0.6428571343421936
patience: 5 / 5
setting train exemplar for learned classes
torch.Size([660, 2048])
BEST DEV 0: 0.6485119462013245
BEST TEST 0: 0.6654878854751587
torch.Size([660, 2048])
Epoch   1  Train Loss 1.7273 82.39%
Epoch   1:  Dev 0.5844334959983826
Epoch   1: Test 0.6002044677734375
patience: 0 / 5
Epoch   2  Train Loss 1.6513 83.15%
Epoch   2:  Dev 0.61306232213974
Epoch   2: Test 0.6343080401420593
patience: 0 / 5
Epoch   3  Train Loss 1.6319 83.44%
Epoch   3:  Dev 0.6096116900444031
patience: 1 / 5
Epoch   4  Train Loss 1.6205 83.61%
Epoch   4:  Dev 0.6277583241462708
Epoch   4: Test 0.6421855688095093
patience: 0 / 5
Epoch   5  Train Loss 1.6126 83.79%
Epoch   5:  Dev 0.6159442067146301
patience: 1 / 5
Epoch   6  Train Loss 1.6065 83.96%
Epoch   6:  Dev 0.6196306943893433
patience: 2 / 5
Epoch   7  Train Loss 1.6019 84.12%
Epoch   7:  Dev 0.6281692981719971
Epoch   7: Test 0.6394533514976501
patience: 0 / 5
Epoch   8  Train Loss 1.5982 84.26%
Epoch   8:  Dev 0.6234138607978821
patience: 1 / 5
Epoch   9  Train Loss 1.5947 84.39%
Epoch   9:  Dev 0.6263152360916138
patience: 2 / 5
Epoch  10  Train Loss 1.5921 84.47%
Epoch  10:  Dev 0.6209586262702942
patience: 3 / 5
Epoch  11  Train Loss 1.5896 84.58%
Epoch  11:  Dev 0.6208541393280029
patience: 4 / 5
Epoch  12  Train Loss 1.5877 84.68%
Epoch  12:  Dev 0.6246240139007568
patience: 5 / 5
setting train exemplar for learned classes
torch.Size([1260, 2048])
BEST DEV 1: 0.6281692981719971
BEST TEST 1: 0.6394533514976501
torch.Size([1260, 2048])
Epoch   1  Train Loss 1.9313 85.11%
Epoch   1:  Dev 0.6130210757255554
Epoch   1: Test 0.6227455735206604
patience: 0 / 5
Epoch   2  Train Loss 1.8924 86.04%
Epoch   2:  Dev 0.6193080544471741
Epoch   2: Test 0.6317142844200134
patience: 0 / 5
Epoch   3  Train Loss 1.8827 86.30%
Epoch   3:  Dev 0.6273473501205444
Epoch   3: Test 0.6368710994720459
patience: 0 / 5
Epoch   4  Train Loss 1.8768 86.48%
Epoch   4:  Dev 0.6302586197853088
Epoch   4: Test 0.6354166865348816
patience: 0 / 5
Epoch   5  Train Loss 1.8719 86.67%
Epoch   5:  Dev 0.6258665323257446
patience: 1 / 5
Epoch   6  Train Loss 1.8688 86.80%
Epoch   6:  Dev 0.6260426044464111
patience: 2 / 5
Epoch   7  Train Loss 1.8660 86.92%
Epoch   7:  Dev 0.6271591186523438
patience: 3 / 5
Epoch   8  Train Loss 1.8633 87.09%
Epoch   8:  Dev 0.6205204725265503
patience: 4 / 5
Epoch   9  Train Loss 1.8616 87.23%
Epoch   9:  Dev 0.6238697171211243
patience: 5 / 5
setting train exemplar for learned classes
torch.Size([2040, 2048])
BEST DEV 2: 0.6302586197853088
BEST TEST 2: 0.6354166865348816
torch.Size([2040, 2048])
Epoch   1  Train Loss 2.7069 87.15%
Epoch   1:  Dev 0.5898025631904602
Epoch   1: Test 0.6049700975418091
patience: 0 / 5
Epoch   2  Train Loss 2.6724 88.24%
Epoch   2:  Dev 0.6024340391159058
Epoch   2: Test 0.611270546913147
patience: 0 / 5
Epoch   3  Train Loss 2.6639 88.49%
Epoch   3:  Dev 0.5989338755607605
patience: 1 / 5
Epoch   4  Train Loss 2.6577 88.70%
Epoch   4:  Dev 0.6018766164779663
patience: 2 / 5
Epoch   5  Train Loss 2.6542 88.82%
Epoch   5:  Dev 0.6068517565727234
Epoch   5: Test 0.6155021786689758
patience: 0 / 5
Epoch   6  Train Loss 2.6518 88.96%
Epoch   6:  Dev 0.6038017272949219
patience: 1 / 5
Epoch   7  Train Loss 2.6488 89.11%
Epoch   7:  Dev 0.6057440638542175
patience: 2 / 5
Epoch   8  Train Loss 2.6470 89.18%
Epoch   8:  Dev 0.601444661617279
patience: 3 / 5
Epoch   9  Train Loss 2.6454 89.35%
Epoch   9:  Dev 0.5963385105133057
patience: 4 / 5
Epoch  10  Train Loss 2.6439 89.40%
Epoch  10:  Dev 0.6022052764892578
patience: 5 / 5
setting train exemplar for learned classes
torch.Size([2740, 2048])
BEST DEV 3: 0.6068517565727234
BEST TEST 3: 0.6155021786689758
torch.Size([2740, 2048])
Epoch   1  Train Loss 3.3210 90.01%
Epoch   1:  Dev 0.593052327632904
Epoch   1: Test 0.6022505164146423
patience: 0 / 5
Epoch   2  Train Loss 3.2983 91.24%
Epoch   2:  Dev 0.597382664680481
Epoch   2: Test 0.6070181727409363
patience: 0 / 5
Epoch   3  Train Loss 3.2918 91.57%
Epoch   3:  Dev 0.602358341217041
Epoch   3: Test 0.6109350323677063
patience: 0 / 5
Epoch   4  Train Loss 3.2872 91.81%
Epoch   4:  Dev 0.6002642512321472
patience: 1 / 5
Epoch   5  Train Loss 3.2843 91.98%
Epoch   5:  Dev 0.6010318398475647
patience: 2 / 5
Epoch   6  Train Loss 3.2825 92.10%
Epoch   6:  Dev 0.5999659299850464
patience: 3 / 5
Epoch   7  Train Loss 3.2803 92.20%
Epoch   7:  Dev 0.6011437177658081
patience: 4 / 5
Epoch   8  Train Loss 3.2789 92.35%
Epoch   8:  Dev 0.5931435227394104
patience: 5 / 5
setting train exemplar for learned classes
torch.Size([3360, 2048])
BEST DEV 4: 0.602358341217041
BEST TEST 4: 0.6109350323677063
