Dump name space
results/ace/NashMTL_kl_narate-40_cluster-4_gen-10_lm_temp-2_class_alpha-0.2/perm_0/options.json
Dump name space
results/ace/NashMTL_kl_narate-40_cluster-4_gen-10_lm_temp-2_class_alpha-0.2/perm_0/options.json
Dump name space
results/ace/NashMTL_kl_narate-40_cluster-4_gen-10_lm_temp-2_class_alpha-0.2/perm_0/options.json
Dump name space
results/ace/NashMTL_kl_narate-40_cluster-4_gen-10_lm_temp-2_class_alpha-0.2/perm_0/options.json
Dump name space
results/ace/NashMTL_kl_narate-40_cluster-4_gen-10_lm_temp-2_class_alpha-0.2/perm_0/options.json
[[188, 199, 184, 194, 189, 190, 178, 186, 197, 0], [191, 187, 195, 171, 174, 179, 0], [201, 183, 193, 172, 175, 0], [200, 180, 173, 198, 177, 0], [196, 181, 182, 202, 185, 176, 170, 192, 0]]
False
train loader and exclude loader:  0
Original len train instances: 265115
train loader and exclude loader:  1
Original len train instances: 264531
train loader and exclude loader:  2
Original len train instances: 263692
train loader and exclude loader:  3
Original len train instances: 262358
train loader and exclude loader:  4
Original len train instances: 261639
Original len dev instances: 54053
Original len test instances: 93949
create basgMTL 4
False True
Epoch   1  Train Loss 0.1224 99.19%
Epoch   1:  Dev 0.4768212139606476
Epoch   1: Test 0.5648148655891418
patience: 0 / 6
Epoch   2  Train Loss 0.0343 99.65%
Epoch   2:  Dev 0.4256410002708435
patience: 1 / 6
Epoch   3  Train Loss 0.0249 99.67%
Epoch   3:  Dev 0.45843830704689026
patience: 2 / 6
Epoch   4  Train Loss 0.0182 99.72%
Epoch   4:  Dev 0.5304878354072571
Epoch   4: Test 0.6666666865348816
patience: 0 / 6
Epoch   5  Train Loss 0.0142 99.75%
Epoch   5:  Dev 0.4661247134208679
patience: 1 / 6
Epoch   6  Train Loss 0.0114 99.78%
Epoch   6:  Dev 0.4890109896659851
patience: 2 / 6
Epoch   7  Train Loss 0.0097 99.80%
Epoch   7:  Dev 0.522580623626709
patience: 3 / 6
Epoch   8  Train Loss 0.0082 99.83%
Epoch   8:  Dev 0.523659348487854
patience: 4 / 6
Epoch   9  Train Loss 0.0071 99.85%
Epoch   9:  Dev 0.5087719559669495
patience: 5 / 6
Epoch  10  Train Loss 0.0069 99.86%
Epoch  10:  Dev 0.5134328603744507
patience: 6 / 6
setting train exemplar for learned classes
torch.Size([180, 2048])
BEST DEV 0: 0.5304878354072571
BEST TEST 0: 0.6666666865348816
torch.Size([180, 2048])
Epoch   1  Train Loss 3.6748 98.82%
Epoch   1:  Dev 0.46868687868118286
Epoch   1: Test 0.6196213364601135
patience: 0 / 6
Epoch   2  Train Loss 3.5652 99.44%
Epoch   2:  Dev 0.45075759291648865
patience: 1 / 6
Epoch   3  Train Loss 3.5493 99.48%
Epoch   3:  Dev 0.5042372941970825
Epoch   3: Test 0.6190475821495056
patience: 0 / 6
Epoch   4  Train Loss 3.5384 99.53%
Epoch   4:  Dev 0.49678802490234375
patience: 1 / 6
Epoch   5  Train Loss 3.5283 99.57%
Epoch   5:  Dev 0.5053078532218933
Epoch   5: Test 0.5749613642692566
patience: 0 / 6
Epoch   6  Train Loss 3.5251 99.60%
Epoch   6:  Dev 0.5198237895965576
Epoch   6: Test 0.631205677986145
patience: 0 / 6
Epoch   7  Train Loss 3.5131 99.65%
Epoch   7:  Dev 0.5370370745658875
Epoch   7: Test 0.6302816271781921
patience: 0 / 6
Epoch   8  Train Loss 3.5160 99.68%
Epoch   8:  Dev 0.5275229811668396
patience: 1 / 6
Epoch   9  Train Loss 3.5097 99.70%
Epoch   9:  Dev 0.5270270109176636
patience: 2 / 6
Epoch  10  Train Loss 3.5117 99.72%
Epoch  10:  Dev 0.5248869061470032
patience: 3 / 6
Epoch  11  Train Loss 3.5075 99.74%
Epoch  11:  Dev 0.5299538969993591
patience: 4 / 6
Epoch  12  Train Loss 3.5064 99.76%
Epoch  12:  Dev 0.5272727608680725
patience: 5 / 6
Epoch  13  Train Loss 3.5009 99.78%
Epoch  13:  Dev 0.5437352061271667
Epoch  13: Test 0.6468401551246643
patience: 0 / 6
Epoch  14  Train Loss 3.4989 99.80%
Epoch  14:  Dev 0.5201793909072876
patience: 1 / 6
Epoch  15  Train Loss 3.5017 99.81%
Epoch  15:  Dev 0.5355450510978699
patience: 2 / 6
Epoch  16  Train Loss 3.4977 99.83%
Epoch  16:  Dev 0.519187331199646
patience: 3 / 6
Epoch  17  Train Loss 3.4979 99.83%
Epoch  17:  Dev 0.5265589356422424
patience: 4 / 6
Epoch  18  Train Loss 3.5008 99.84%
Epoch  18:  Dev 0.5467625856399536
Epoch  18: Test 0.6394051909446716
patience: 0 / 6
Epoch  19  Train Loss 3.4980 99.85%
Epoch  19:  Dev 0.5345621705055237
patience: 1 / 6
Epoch  20  Train Loss 3.4977 99.85%
Epoch  20:  Dev 0.5584725737571716
Epoch  20: Test 0.6223021745681763
patience: 0 / 6
Epoch  21  Train Loss 3.4978 99.85%
Epoch  21:  Dev 0.5361305475234985
patience: 1 / 6
Epoch  22  Train Loss 3.4988 99.86%
Epoch  22:  Dev 0.535885214805603
patience: 2 / 6
Epoch  23  Train Loss 3.4953 99.87%
Epoch  23:  Dev 0.5277777910232544
patience: 3 / 6
Epoch  24  Train Loss 3.4961 99.87%
Epoch  24:  Dev 0.5233644843101501
patience: 4 / 6
Epoch  25  Train Loss 3.4956 99.87%
Epoch  25:  Dev 0.5432098507881165
patience: 5 / 6
Epoch  26  Train Loss 3.4965 99.87%
Epoch  26:  Dev 0.5333333611488342
patience: 6 / 6
setting train exemplar for learned classes
torch.Size([300, 2048])
BEST DEV 1: 0.5584725737571716
BEST TEST 1: 0.6223021745681763
torch.Size([300, 2048])
Epoch   1  Train Loss 2.7454 97.77%
Epoch   1:  Dev 0.6118012070655823
Epoch   1: Test 0.6994633674621582
patience: 0 / 6
Epoch   2  Train Loss 2.6523 99.42%
Epoch   2:  Dev 0.6028985381126404
patience: 1 / 6
Epoch   3  Train Loss 2.6395 99.48%
Epoch   3:  Dev 0.5985611081123352
patience: 2 / 6
Epoch   4  Train Loss 2.6325 99.54%
Epoch   4:  Dev 0.6172106266021729
Epoch   4: Test 0.7072961330413818
patience: 0 / 6
Epoch   5  Train Loss 2.6273 99.60%
Epoch   5:  Dev 0.5554107427597046
patience: 1 / 6
Epoch   6  Train Loss 2.6246 99.64%
Epoch   6:  Dev 0.61561119556427
patience: 2 / 6
Epoch   7  Train Loss 2.6231 99.68%
Epoch   7:  Dev 0.6093294620513916
patience: 3 / 6
Epoch   8  Train Loss 2.6200 99.70%
Epoch   8:  Dev 0.6248131394386292
Epoch   8: Test 0.6974359154701233
patience: 0 / 6
Epoch   9  Train Loss 2.6171 99.73%
Epoch   9:  Dev 0.6052631139755249
patience: 1 / 6
Epoch  10  Train Loss 2.6182 99.75%
Epoch  10:  Dev 0.6276923418045044
Epoch  10: Test 0.7069271802902222
patience: 0 / 6
Epoch  11  Train Loss 2.6171 99.79%
Epoch  11:  Dev 0.5824176073074341
patience: 1 / 6
Epoch  12  Train Loss 2.6142 99.78%
Epoch  12:  Dev 0.6277602314949036
Epoch  12: Test 0.70652174949646
patience: 0 / 6
Epoch  13  Train Loss 2.6140 99.79%
Epoch  13:  Dev 0.6022727489471436
patience: 1 / 6
Epoch  14  Train Loss 2.6120 99.82%
Epoch  14:  Dev 0.6214178800582886
patience: 2 / 6
Epoch  15  Train Loss 2.6160 99.82%
Epoch  15:  Dev 0.6315789818763733
Epoch  15: Test 0.6895958781242371
patience: 0 / 6
Epoch  16  Train Loss 2.6121 99.84%
Epoch  16:  Dev 0.6274510025978088
patience: 1 / 6
Epoch  17  Train Loss 2.6120 99.83%
Epoch  17:  Dev 0.624223530292511
patience: 2 / 6
Epoch  18  Train Loss 2.6142 99.85%
Epoch  18:  Dev 0.6306027770042419
patience: 3 / 6
Epoch  19  Train Loss 2.6112 99.87%
Epoch  19:  Dev 0.6097559928894043
patience: 4 / 6
Epoch  20  Train Loss 2.6083 99.85%
Epoch  20:  Dev 0.6283048987388611
patience: 5 / 6
Epoch  21  Train Loss 2.6110 99.85%
Epoch  21:  Dev 0.6299694180488586
patience: 6 / 6
setting train exemplar for learned classes
torch.Size([400, 2048])
BEST DEV 2: 0.6315789818763733
BEST TEST 2: 0.6895958781242371
torch.Size([400, 2048])
Epoch   1  Train Loss 2.9204 97.90%
Epoch   1:  Dev 0.6056497693061829
Epoch   1: Test 0.6459197998046875
patience: 0 / 6
Epoch   2  Train Loss 2.8158 99.36%
Epoch   2:  Dev 0.5756929516792297
patience: 1 / 6
Epoch   3  Train Loss 2.8066 99.44%
Epoch   3:  Dev 0.5541666746139526
patience: 2 / 6
Epoch   4  Train Loss 2.7975 99.54%
Epoch   4:  Dev 0.5831485986709595
patience: 3 / 6
Epoch   5  Train Loss 2.7932 99.60%
Epoch   5:  Dev 0.6066897511482239
Epoch   5: Test 0.6509299278259277
patience: 0 / 6
Epoch   6  Train Loss 2.7877 99.66%
Epoch   6:  Dev 0.6117085218429565
Epoch   6: Test 0.6528803110122681
patience: 0 / 6
Epoch   7  Train Loss 2.7867 99.71%
Epoch   7:  Dev 0.5784753561019897
patience: 1 / 6
Epoch   8  Train Loss 2.7839 99.74%
Epoch   8:  Dev 0.60671466588974
patience: 2 / 6
Epoch   9  Train Loss 2.7830 99.76%
Epoch   9:  Dev 0.5992949604988098
patience: 3 / 6
Epoch  10  Train Loss 2.7797 99.79%
Epoch  10:  Dev 0.592503011226654
patience: 4 / 6
Epoch  11  Train Loss 2.7788 99.81%
Epoch  11:  Dev 0.5932203531265259
patience: 5 / 6
Epoch  12  Train Loss 2.7787 99.83%
Epoch  12:  Dev 0.5640449523925781
patience: 6 / 6
setting train exemplar for learned classes
torch.Size([500, 2048])
BEST DEV 3: 0.6117085218429565
BEST TEST 3: 0.6528803110122681
torch.Size([500, 2048])
Epoch   1  Train Loss 3.3356 98.02%
Epoch   1:  Dev 0.5999999642372131
Epoch   1: Test 0.636033833026886
patience: 0 / 6
Epoch   2  Train Loss 3.2119 99.48%
Epoch   2:  Dev 0.6068292856216431
Epoch   2: Test 0.6428571343421936
patience: 0 / 6
Epoch   3  Train Loss 3.1964 99.55%
Epoch   3:  Dev 0.6022944450378418
patience: 1 / 6
Epoch   4  Train Loss 3.1851 99.60%
Epoch   4:  Dev 0.6214575171470642
Epoch   4: Test 0.6348208785057068
patience: 0 / 6
Epoch   5  Train Loss 3.1807 99.66%
Epoch   5:  Dev 0.6177369952201843
patience: 1 / 6
Epoch   6  Train Loss 3.1740 99.70%
Epoch   6:  Dev 0.6242299675941467
Epoch   6: Test 0.635786771774292
patience: 0 / 6
Epoch   7  Train Loss 3.1697 99.74%
Epoch   7:  Dev 0.6122860312461853
patience: 1 / 6
Epoch   8  Train Loss 3.1664 99.76%
Epoch   8:  Dev 0.6220391392707825
patience: 2 / 6
Epoch   9  Train Loss 3.1671 99.79%
Epoch   9:  Dev 0.6169154644012451
patience: 3 / 6
Epoch  10  Train Loss 3.1638 99.79%
Epoch  10:  Dev 0.6310272216796875
Epoch  10: Test 0.6319947242736816
patience: 0 / 6
Epoch  11  Train Loss 3.1643 99.80%
Epoch  11:  Dev 0.6369426250457764
Epoch  11: Test 0.6301735639572144
patience: 0 / 6
Epoch  12  Train Loss 3.1629 99.82%
Epoch  12:  Dev 0.6359832286834717
patience: 1 / 6
Epoch  13  Train Loss 3.1622 99.83%
Epoch  13:  Dev 0.6306695342063904
patience: 2 / 6
Epoch  14  Train Loss 3.1609 99.84%
Epoch  14:  Dev 0.6242170929908752
patience: 3 / 6
Epoch  15  Train Loss 3.1612 99.84%
Epoch  15:  Dev 0.6359832286834717
patience: 4 / 6
Epoch  16  Train Loss 3.1593 99.84%
Epoch  16:  Dev 0.6328042149543762
patience: 5 / 6
Epoch  17  Train Loss 3.1598 99.86%
Epoch  17:  Dev 0.6320441961288452
patience: 6 / 6
setting train exemplar for learned classes
torch.Size([660, 2048])
BEST DEV 4: 0.6369426250457764
BEST TEST 4: 0.6301735639572144
