Dump name space
results/maven/FairGrad_woSR_woSAM_woLosstrick_fairgrad_alpha-2/perm_2/options.json
Dump name space
results/maven/FairGrad_woSR_woSAM_woLosstrick_fairgrad_alpha-2/perm_2/options.json
Dump name space
results/maven/FairGrad_woSR_woSAM_woLosstrick_fairgrad_alpha-2/perm_2/options.json
Dump name space
results/maven/FairGrad_woSR_woSAM_woLosstrick_fairgrad_alpha-2/perm_2/options.json
Dump name space
results/maven/FairGrad_woSR_woSAM_woLosstrick_fairgrad_alpha-2/perm_2/options.json
[[134, 99, 105, 91, 52, 19, 135, 122, 127, 102, 108, 104, 110, 38, 118, 121, 160, 26, 34, 33, 158, 130, 165, 86, 149, 146, 164, 4, 131, 75, 90, 10, 32, 0], [157, 18, 114, 92, 67, 153, 80, 115, 78, 154, 27, 5, 69, 117, 44, 83, 155, 40, 45, 139, 137, 14, 138, 119, 74, 150, 59, 54, 28, 9, 140, 37, 107, 76, 47, 0], [46, 36, 17, 13, 12, 20, 25, 49, 169, 148, 87, 56, 95, 81, 58, 57, 161, 64, 163, 82, 43, 125, 35, 96, 156, 100, 66, 30, 50, 120, 0], [151, 16, 3, 70, 106, 141, 68, 31, 79, 101, 166, 167, 94, 21, 51, 7, 73, 145, 2, 124, 159, 61, 41, 142, 126, 144, 55, 168, 29, 11, 24, 0], [147, 48, 84, 39, 53, 23, 109, 22, 77, 62, 93, 143, 89, 8, 71, 85, 63, 97, 65, 103, 113, 112, 123, 152, 88, 98, 72, 42, 60, 133, 128, 116, 15, 111, 136, 162, 129, 132, 6, 0]]
True
train loader and exclude loader:  0
Original len train instances: 347788
train loader and exclude loader:  1
Original len train instances: 334861
train loader and exclude loader:  2
Original len train instances: 321448
train loader and exclude loader:  3
Original len train instances: 309156
train loader and exclude loader:  4
Original len train instances: 294589
Original len dev instances: 57198
Original len test instances: 98603
create basgMTL 4
False False
Epoch   1  Train Loss 0.1507 81.25%
Epoch   1:  Dev 0.5277435183525085
Epoch   1: Test 0.5487741231918335
patience: 0 / 5
Epoch   2  Train Loss 0.0748 82.09%
Epoch   2:  Dev 0.6476141810417175
Epoch   2: Test 0.6559699177742004
patience: 0 / 5
Epoch   3  Train Loss 0.0656 82.24%
Epoch   3:  Dev 0.6041265726089478
patience: 1 / 5
Epoch   4  Train Loss 0.0593 82.34%
Epoch   4:  Dev 0.6396372318267822
patience: 2 / 5
Epoch   5  Train Loss 0.0544 82.45%
Epoch   5:  Dev 0.6557628512382507
Epoch   5: Test 0.6637630462646484
patience: 0 / 5
Epoch   6  Train Loss 0.0499 82.53%
Epoch   6:  Dev 0.6346749067306519
patience: 1 / 5
Epoch   7  Train Loss 0.0457 82.67%
Epoch   7:  Dev 0.6642084717750549
Epoch   7: Test 0.6746651530265808
patience: 0 / 5
Epoch   8  Train Loss 0.0419 82.77%
Epoch   8:  Dev 0.6607494950294495
patience: 1 / 5
Epoch   9  Train Loss 0.0388 82.83%
Epoch   9:  Dev 0.6621553897857666
patience: 2 / 5
Epoch  10  Train Loss 0.0352 82.96%
Epoch  10:  Dev 0.6330517530441284
patience: 3 / 5
Epoch  11  Train Loss 0.0324 83.06%
Epoch  11:  Dev 0.6655112504959106
Epoch  11: Test 0.6773969531059265
patience: 0 / 5
Epoch  12  Train Loss 0.0298 83.13%
Epoch  12:  Dev 0.630122721195221
patience: 1 / 5
Epoch  13  Train Loss 0.0274 83.22%
Epoch  13:  Dev 0.6651895642280579
patience: 2 / 5
Epoch  14  Train Loss 0.0257 83.29%
Epoch  14:  Dev 0.646335244178772
patience: 3 / 5
Epoch  15  Train Loss 0.0241 83.32%
Epoch  15:  Dev 0.6676089763641357
Epoch  15: Test 0.6721638441085815
patience: 0 / 5
setting train exemplar for learned classes
torch.Size([660, 2048])
BEST DEV 0: 0.6676089763641357
BEST TEST 0: 0.6721638441085815
torch.Size([660, 2048])
Epoch   1  Train Loss 3.7626 90.75%
Epoch   1:  Dev 0.453544020652771
Epoch   1: Test 0.45643889904022217
patience: 0 / 5
Epoch   2  Train Loss 3.8355 93.37%
Epoch   2:  Dev 0.4981658160686493
Epoch   2: Test 0.4975922703742981
patience: 0 / 5
Epoch   3  Train Loss 6.4775 94.49%
Epoch   3:  Dev 0.5216423869132996
Epoch   3: Test 0.5219659805297852
patience: 0 / 5
Epoch   4  Train Loss 9.8008 94.96%
Epoch   4:  Dev 0.5288971066474915
Epoch   4: Test 0.5268777012825012
patience: 0 / 5
Epoch   5  Train Loss 12.7046 95.32%
Epoch   5:  Dev 0.5324134230613708
Epoch   5: Test 0.5369206666946411
patience: 0 / 5
Epoch   6  Train Loss 15.7979 95.58%
Epoch   6:  Dev 0.5297370553016663
patience: 1 / 5
Epoch   7  Train Loss 18.4560 95.79%
Epoch   7:  Dev 0.5487656593322754
Epoch   7: Test 0.5546475052833557
patience: 0 / 5
Epoch   8  Train Loss 20.7866 95.91%
Epoch   8:  Dev 0.5663174390792847
Epoch   8: Test 0.5743680000305176
patience: 0 / 5
Epoch   9  Train Loss 22.7565 96.08%
Epoch   9:  Dev 0.5655582547187805
patience: 1 / 5
Epoch  10  Train Loss 24.4602 96.26%
Epoch  10:  Dev 0.5731382966041565
Epoch  10: Test 0.5787718892097473
patience: 0 / 5
Epoch  11  Train Loss 25.7364 96.30%
Epoch  11:  Dev 0.5752652287483215
Epoch  11: Test 0.5823209881782532
patience: 0 / 5
Epoch  12  Train Loss 27.3122 96.37%
Epoch  12:  Dev 0.5819005370140076
Epoch  12: Test 0.579197108745575
patience: 0 / 5
Epoch  13  Train Loss 29.0872 96.42%
Epoch  13:  Dev 0.5867583155632019
Epoch  13: Test 0.5852593183517456
patience: 0 / 5
Epoch  14  Train Loss 31.8264 96.48%
Epoch  14:  Dev 0.5847299695014954
patience: 1 / 5
Epoch  15  Train Loss 35.5481 96.53%
Epoch  15:  Dev 0.5897163152694702
Epoch  15: Test 0.5878797173500061
patience: 0 / 5
setting train exemplar for learned classes
torch.Size([1360, 2048])
BEST DEV 1: 0.5897163152694702
BEST TEST 1: 0.5878797173500061
torch.Size([1360, 2048])
Epoch   1  Train Loss 9.5599 89.43%
Epoch   1:  Dev 0.4193015694618225
Epoch   1: Test 0.43163055181503296
patience: 0 / 5
Epoch   2  Train Loss 5.7801 89.02%
Epoch   2:  Dev 0.45754578709602356
Epoch   2: Test 0.4681190848350525
patience: 0 / 5
Epoch   3  Train Loss 7.7375 91.18%
Epoch   3:  Dev 0.4844644069671631
Epoch   3: Test 0.4974227249622345
patience: 0 / 5
Epoch   4  Train Loss 9.9534 92.45%
Epoch   4:  Dev 0.48976585268974304
Epoch   4: Test 0.5061197280883789
patience: 0 / 5
Epoch   5  Train Loss 11.7670 93.22%
Epoch   5:  Dev 0.49649298191070557
Epoch   5: Test 0.5130229592323303
patience: 0 / 5
Epoch   6  Train Loss 14.7322 93.90%
Epoch   6:  Dev 0.5137948989868164
Epoch   6: Test 0.5236674547195435
patience: 0 / 5
Epoch   7  Train Loss 17.8893 94.43%
Epoch   7:  Dev 0.5198606848716736
Epoch   7: Test 0.5352886915206909
patience: 0 / 5
Epoch   8  Train Loss 20.0527 94.78%
Epoch   8:  Dev 0.5317877531051636
Epoch   8: Test 0.5441123247146606
patience: 0 / 5
Epoch   9  Train Loss 23.4705 95.31%
Epoch   9:  Dev 0.5386696457862854
Epoch   9: Test 0.5502035021781921
patience: 0 / 5
Epoch  10  Train Loss 26.7685 95.83%
Epoch  10:  Dev 0.5442776679992676
Epoch  10: Test 0.553134560585022
patience: 0 / 5
Epoch  11  Train Loss 28.6713 95.98%
Epoch  11:  Dev 0.5521767139434814
Epoch  11: Test 0.565345048904419
patience: 0 / 5
Epoch  12  Train Loss 31.9290 96.15%
Epoch  12:  Dev 0.5581740736961365
Epoch  12: Test 0.566548228263855
patience: 0 / 5
Epoch  13  Train Loss 34.1759 96.30%
Epoch  13:  Dev 0.5657690763473511
Epoch  13: Test 0.5756158232688904
patience: 0 / 5
Epoch  14  Train Loss 35.2312 96.42%
Epoch  14:  Dev 0.5561283230781555
patience: 1 / 5
Epoch  15  Train Loss 37.4583 96.49%
Epoch  15:  Dev 0.5683882236480713
Epoch  15: Test 0.5794059038162231
patience: 0 / 5
setting train exemplar for learned classes
torch.Size([1960, 2048])
BEST DEV 2: 0.5683882236480713
BEST TEST 2: 0.5794059038162231
torch.Size([1960, 2048])
Epoch   1  Train Loss 12.2107 89.23%
Epoch   1:  Dev 0.4645638167858124
Epoch   1: Test 0.4781789779663086
patience: 0 / 5
Epoch   2  Train Loss 12.4531 90.42%
Epoch   2:  Dev 0.48685190081596375
Epoch   2: Test 0.5015852451324463
patience: 0 / 5
Epoch   3  Train Loss 16.3916 91.89%
Epoch   3:  Dev 0.49199068546295166
Epoch   3: Test 0.5052493214607239
patience: 0 / 5
Epoch   4  Train Loss 20.1932 92.78%
Epoch   4:  Dev 0.5026399493217468
Epoch   4: Test 0.5151116847991943
patience: 0 / 5
Epoch   5  Train Loss 24.7977 93.78%
Epoch   5:  Dev 0.5115385055541992
Epoch   5: Test 0.5256436467170715
patience: 0 / 5
Epoch   6  Train Loss 30.0793 94.39%
Epoch   6:  Dev 0.5284393429756165
Epoch   6: Test 0.5397664308547974
patience: 0 / 5
Epoch   7  Train Loss 34.1314 94.62%
Epoch   7:  Dev 0.5326231718063354
Epoch   7: Test 0.5462630987167358
patience: 0 / 5
Epoch   8  Train Loss 39.0474 94.87%
Epoch   8:  Dev 0.5368322134017944
Epoch   8: Test 0.5481487512588501
patience: 0 / 5
Epoch   9  Train Loss 43.4368 95.01%
Epoch   9:  Dev 0.5418310761451721
Epoch   9: Test 0.549573540687561
patience: 0 / 5
Epoch  10  Train Loss 46.3467 95.20%
Epoch  10:  Dev 0.5446137189865112
Epoch  10: Test 0.5486050248146057
patience: 0 / 5
Epoch  11  Train Loss 48.9911 95.32%
Epoch  11:  Dev 0.5435749888420105
patience: 1 / 5
Epoch  12  Train Loss 53.0698 95.42%
Epoch  12:  Dev 0.5432047843933105
patience: 2 / 5
Epoch  13  Train Loss 55.8384 95.50%
Epoch  13:  Dev 0.5478249192237854
Epoch  13: Test 0.554916501045227
patience: 0 / 5
Epoch  14  Train Loss 59.3198 95.61%
Epoch  14:  Dev 0.5499797463417053
Epoch  14: Test 0.5502090454101562
patience: 0 / 5
Epoch  15  Train Loss 62.5051 95.67%
Epoch  15:  Dev 0.5521406531333923
Epoch  15: Test 0.5551891922950745
patience: 0 / 5
setting train exemplar for learned classes
torch.Size([2580, 2048])
BEST DEV 3: 0.5521406531333923
BEST TEST 3: 0.5551891922950745
torch.Size([2580, 2048])
Epoch   1  Train Loss 25.9847 92.42%
Epoch   1:  Dev 0.47077956795692444
Epoch   1: Test 0.4630928933620453
patience: 0 / 5
Epoch   2  Train Loss 66.4898 94.41%
Epoch   2:  Dev 0.484666109085083
Epoch   2: Test 0.47651207447052
patience: 0 / 5
Epoch   3  Train Loss 110.0845 94.61%
Epoch   3:  Dev 0.501835823059082
Epoch   3: Test 0.49621549248695374
patience: 0 / 5
Epoch   4  Train Loss 154.7311 94.71%
Epoch   4:  Dev 0.5057366490364075
Epoch   4: Test 0.5001645684242249
patience: 0 / 5
Epoch   5  Train Loss 206.2032 94.75%
Epoch   5:  Dev 0.5062310695648193
Epoch   5: Test 0.5078541040420532
patience: 0 / 5
Epoch   6  Train Loss 275.6659 94.73%
Epoch   6:  Dev 0.5119298696517944
Epoch   6: Test 0.5141090154647827
patience: 0 / 5
Epoch   7  Train Loss 392.3555 94.51%
Epoch   7:  Dev 0.5202710032463074
Epoch   7: Test 0.5185255408287048
patience: 0 / 5
Epoch   8  Train Loss 440.5461 94.36%
Epoch   8:  Dev 0.5185590982437134
patience: 1 / 5
Epoch   9  Train Loss 401.2913 94.54%
Epoch   9:  Dev 0.5198054909706116
patience: 2 / 5
Epoch  10  Train Loss 404.1824 94.72%
Epoch  10:  Dev 0.5194377303123474
patience: 3 / 5
Epoch  11  Train Loss 374.0113 94.83%
Epoch  11:  Dev 0.522444486618042
Epoch  11: Test 0.5224601030349731
patience: 0 / 5
Epoch  12  Train Loss 385.8981 95.00%
Epoch  12:  Dev 0.5231545567512512
Epoch  12: Test 0.5240088701248169
patience: 0 / 5
Epoch  13  Train Loss 383.9888 95.07%
Epoch  13:  Dev 0.5171624422073364
patience: 1 / 5
Epoch  14  Train Loss 377.6577 95.20%
Epoch  14:  Dev 0.5205540060997009
patience: 2 / 5
Epoch  15  Train Loss 393.6740 95.30%
Epoch  15:  Dev 0.5208253264427185
patience: 3 / 5
setting train exemplar for learned classes
torch.Size([3360, 2048])
BEST DEV 4: 0.5231545567512512
BEST TEST 4: 0.5240088701248169
