Dump name space
results/maven/FairGrad_woLMH_woLosstrick_woSR_fairgrad_alpha-0.8/perm_4/options.json
Dump name space
results/maven/FairGrad_woLMH_woLosstrick_woSR_fairgrad_alpha-0.8/perm_4/options.json
Dump name space
results/maven/FairGrad_woLMH_woLosstrick_woSR_fairgrad_alpha-0.8/perm_4/options.json
Dump name space
results/maven/FairGrad_woLMH_woLosstrick_woSR_fairgrad_alpha-0.8/perm_4/options.json
Dump name space
results/maven/FairGrad_woLMH_woLosstrick_woSR_fairgrad_alpha-0.8/perm_4/options.json
[[157, 18, 114, 92, 67, 153, 80, 115, 78, 154, 27, 5, 69, 117, 44, 83, 155, 40, 45, 139, 137, 14, 138, 119, 74, 150, 59, 54, 28, 9, 140, 37, 107, 76, 47, 0], [151, 16, 3, 70, 106, 141, 68, 31, 79, 101, 166, 167, 94, 21, 51, 7, 73, 145, 2, 124, 159, 61, 41, 142, 126, 144, 55, 168, 29, 11, 24, 0], [134, 99, 105, 91, 52, 19, 135, 122, 127, 102, 108, 104, 110, 38, 118, 121, 160, 26, 34, 33, 158, 130, 165, 86, 149, 146, 164, 4, 131, 75, 90, 10, 32, 0], [46, 36, 17, 13, 12, 20, 25, 49, 169, 148, 87, 56, 95, 81, 58, 57, 161, 64, 163, 82, 43, 125, 35, 96, 156, 100, 66, 30, 50, 120, 0], [147, 48, 84, 39, 53, 23, 109, 22, 77, 62, 93, 143, 89, 8, 71, 85, 63, 97, 65, 103, 113, 112, 123, 152, 88, 98, 72, 42, 60, 133, 128, 116, 15, 111, 136, 162, 129, 132, 6, 0]]
True
train loader and exclude loader:  0
Original len train instances: 347788
train loader and exclude loader:  1
Original len train instances: 334375
train loader and exclude loader:  2
Original len train instances: 319808
train loader and exclude loader:  3
Original len train instances: 306881
train loader and exclude loader:  4
Original len train instances: 294589
Original len dev instances: 57198
Original len test instances: 98603
create basgMTL 4
False False
Epoch   1  Train Loss 0.1789 80.83%
Epoch   1:  Dev 0.4678539037704468
Epoch   1: Test 0.45866382122039795
patience: 0 / 5
Epoch   2  Train Loss 0.0964 81.67%
Epoch   2:  Dev 0.5145374536514282
Epoch   2: Test 0.50051349401474
patience: 0 / 5
Epoch   3  Train Loss 0.0857 81.87%
Epoch   3:  Dev 0.5520581007003784
Epoch   3: Test 0.5523064732551575
patience: 0 / 5
Epoch   4  Train Loss 0.0783 82.00%
Epoch   4:  Dev 0.5405558943748474
patience: 1 / 5
Epoch   5  Train Loss 0.0722 82.14%
Epoch   5:  Dev 0.5738236308097839
Epoch   5: Test 0.5574649572372437
patience: 0 / 5
Epoch   6  Train Loss 0.0667 82.27%
Epoch   6:  Dev 0.5579671859741211
patience: 1 / 5
Epoch   7  Train Loss 0.0609 82.40%
Epoch   7:  Dev 0.5761773586273193
Epoch   7: Test 0.5784313678741455
patience: 0 / 5
Epoch   8  Train Loss 0.0563 82.51%
Epoch   8:  Dev 0.5635948777198792
patience: 1 / 5
Epoch   9  Train Loss 0.0515 82.62%
Epoch   9:  Dev 0.570999264717102
patience: 2 / 5
Epoch  10  Train Loss 0.0470 82.78%
Epoch  10:  Dev 0.5581632256507874
patience: 3 / 5
Epoch  11  Train Loss 0.0427 82.93%
Epoch  11:  Dev 0.5772978663444519
Epoch  11: Test 0.5611444115638733
patience: 0 / 5
Epoch  12  Train Loss 0.0392 83.02%
Epoch  12:  Dev 0.561623215675354
patience: 1 / 5
Epoch  13  Train Loss 0.0358 83.15%
Epoch  13:  Dev 0.5729218125343323
patience: 2 / 5
Epoch  14  Train Loss 0.0328 83.24%
Epoch  14:  Dev 0.5677255392074585
patience: 3 / 5
Epoch  15  Train Loss 0.0302 83.34%
Epoch  15:  Dev 0.561904788017273
patience: 4 / 5
setting train exemplar for learned classes
torch.Size([700, 2048])
BEST DEV 0: 0.5772978663444519
BEST TEST 0: 0.5611444115638733
torch.Size([700, 2048])
Epoch   1  Train Loss 16.5839 95.88%
Epoch   1:  Dev 0.5385537147521973
Epoch   1: Test 0.5419751405715942
patience: 0 / 5
Epoch   2  Train Loss 21.7431 96.70%
Epoch   2:  Dev 0.5630991458892822
Epoch   2: Test 0.5564945340156555
patience: 0 / 5
Epoch   3  Train Loss 24.0929 96.92%
Epoch   3:  Dev 0.5612554550170898
patience: 1 / 5
Epoch   4  Train Loss 26.1278 97.10%
Epoch   4:  Dev 0.563399076461792
Epoch   4: Test 0.5661475658416748
patience: 0 / 5
Epoch   5  Train Loss 28.1320 97.22%
Epoch   5:  Dev 0.5595964193344116
patience: 1 / 5
Epoch   6  Train Loss 30.4680 97.31%
Epoch   6:  Dev 0.5771067142486572
Epoch   6: Test 0.5724436640739441
patience: 0 / 5
Epoch   7  Train Loss 33.4602 97.44%
Epoch   7:  Dev 0.5745011568069458
patience: 1 / 5
Epoch   8  Train Loss 37.4387 97.51%
Epoch   8:  Dev 0.5763363242149353
patience: 2 / 5
Epoch   9  Train Loss 42.9239 97.61%
Epoch   9:  Dev 0.5756047368049622
patience: 3 / 5
Epoch  10  Train Loss 49.7592 97.70%
Epoch  10:  Dev 0.5701058506965637
patience: 4 / 5
Epoch  11  Train Loss 56.8589 97.77%
Epoch  11:  Dev 0.5615158677101135
patience: 5 / 5
setting train exemplar for learned classes
torch.Size([1320, 2048])
BEST DEV 1: 0.5771067142486572
BEST TEST 1: 0.5724436640739441
torch.Size([1320, 2048])
Epoch   1  Train Loss 11.8522 95.34%
Epoch   1:  Dev 0.5636281967163086
Epoch   1: Test 0.563546359539032
patience: 0 / 5
Epoch   2  Train Loss 14.3145 96.56%
Epoch   2:  Dev 0.5616936087608337
patience: 1 / 5
Epoch   3  Train Loss 15.8759 96.82%
Epoch   3:  Dev 0.572868824005127
Epoch   3: Test 0.5729261040687561
patience: 0 / 5
Epoch   4  Train Loss 17.4029 96.99%
Epoch   4:  Dev 0.5622270703315735
patience: 1 / 5
Epoch   5  Train Loss 19.0937 97.16%
Epoch   5:  Dev 0.570963978767395
patience: 2 / 5
Epoch   6  Train Loss 20.6880 97.23%
Epoch   6:  Dev 0.5736813545227051
Epoch   6: Test 0.5728685855865479
patience: 0 / 5
Epoch   7  Train Loss 22.0860 97.33%
Epoch   7:  Dev 0.5705999732017517
patience: 1 / 5
Epoch   8  Train Loss 23.5265 97.40%
Epoch   8:  Dev 0.5642431974411011
patience: 2 / 5
Epoch   9  Train Loss 24.8147 97.50%
Epoch   9:  Dev 0.5793066620826721
Epoch   9: Test 0.5790296196937561
patience: 0 / 5
Epoch  10  Train Loss 25.8779 97.58%
Epoch  10:  Dev 0.5512308478355408
patience: 1 / 5
Epoch  11  Train Loss 26.8427 97.68%
Epoch  11:  Dev 0.5538145899772644
patience: 2 / 5
Epoch  12  Train Loss 27.6590 97.74%
Epoch  12:  Dev 0.5557922124862671
patience: 3 / 5
Epoch  13  Train Loss 28.4844 97.81%
Epoch  13:  Dev 0.5474295616149902
patience: 4 / 5
Epoch  14  Train Loss 29.1585 97.89%
Epoch  14:  Dev 0.570466160774231
patience: 5 / 5
setting train exemplar for learned classes
torch.Size([1980, 2048])
BEST DEV 2: 0.5793066620826721
BEST TEST 2: 0.5790296196937561
torch.Size([1980, 2048])
Epoch   1  Train Loss 14.7836 95.09%
Epoch   1:  Dev 0.5266426205635071
Epoch   1: Test 0.5309066772460938
patience: 0 / 5
Epoch   2  Train Loss 18.3497 96.21%
Epoch   2:  Dev 0.5404134392738342
Epoch   2: Test 0.5429661870002747
patience: 0 / 5
Epoch   3  Train Loss 20.4041 96.42%
Epoch   3:  Dev 0.5455707907676697
Epoch   3: Test 0.5476897954940796
patience: 0 / 5
Epoch   4  Train Loss 22.0295 96.58%
Epoch   4:  Dev 0.5431053042411804
patience: 1 / 5
Epoch   5  Train Loss 23.6129 96.68%
Epoch   5:  Dev 0.5364372134208679
patience: 2 / 5
Epoch   6  Train Loss 24.7495 96.82%
Epoch   6:  Dev 0.5427056550979614
patience: 3 / 5
Epoch   7  Train Loss 25.8478 96.88%
Epoch   7:  Dev 0.5390326380729675
patience: 4 / 5
Epoch   8  Train Loss 27.0684 96.96%
Epoch   8:  Dev 0.5418365597724915
patience: 5 / 5
setting train exemplar for learned classes
torch.Size([2580, 2048])
BEST DEV 3: 0.5455707907676697
BEST TEST 3: 0.5476897954940796
torch.Size([2580, 2048])
Epoch   1  Train Loss 18.9216 94.25%
Epoch   1:  Dev 0.49015292525291443
Epoch   1: Test 0.5023099780082703
patience: 0 / 5
Epoch   2  Train Loss 22.9695 95.68%
Epoch   2:  Dev 0.5056831240653992
Epoch   2: Test 0.5135387778282166
patience: 0 / 5
Epoch   3  Train Loss 25.5889 96.00%
Epoch   3:  Dev 0.501772940158844
patience: 1 / 5
Epoch   4  Train Loss 27.8232 96.21%
Epoch   4:  Dev 0.5096632242202759
Epoch   4: Test 0.5185333490371704
patience: 0 / 5
Epoch   5  Train Loss 30.0559 96.35%
Epoch   5:  Dev 0.5038132071495056
patience: 1 / 5
Epoch   6  Train Loss 32.2156 96.48%
Epoch   6:  Dev 0.49727386236190796
patience: 2 / 5
Epoch   7  Train Loss 34.0373 96.61%
Epoch   7:  Dev 0.5022020936012268
patience: 3 / 5
Epoch   8  Train Loss 35.8504 96.71%
Epoch   8:  Dev 0.5036967992782593
patience: 4 / 5
Epoch   9  Train Loss 37.5474 96.80%
Epoch   9:  Dev 0.5034551024436951
patience: 5 / 5
setting train exemplar for learned classes
torch.Size([3360, 2048])
BEST DEV 4: 0.5096632242202759
BEST TEST 4: 0.5185333490371704
