Dump name space
results/ace/ExcessMTL_woLMH_woSR_woSAM_woLosstrick_narate-40_cluster-8_gen-10_robust_step_size-0.001/perm_4/options.json
Dump name space
results/ace/ExcessMTL_woLMH_woSR_woSAM_woLosstrick_narate-40_cluster-8_gen-10_robust_step_size-0.001/perm_4/options.json
Dump name space
results/ace/ExcessMTL_woLMH_woSR_woSAM_woLosstrick_narate-40_cluster-8_gen-10_robust_step_size-0.001/perm_4/options.json
Dump name space
results/ace/ExcessMTL_woLMH_woSR_woSAM_woLosstrick_narate-40_cluster-8_gen-10_robust_step_size-0.001/perm_4/options.json
Dump name space
results/ace/ExcessMTL_woLMH_woSR_woSAM_woLosstrick_narate-40_cluster-8_gen-10_robust_step_size-0.001/perm_4/options.json
[[200, 180, 173, 198, 177, 0], [196, 181, 182, 202, 185, 176, 170, 192, 0], [188, 199, 184, 194, 189, 190, 178, 186, 197, 0], [191, 187, 195, 171, 174, 179, 0], [201, 183, 193, 172, 175, 0]]
False
train loader and exclude loader:  0
Original len train instances: 265115
train loader and exclude loader:  1
Original len train instances: 264396
train loader and exclude loader:  2
Original len train instances: 263784
train loader and exclude loader:  3
Original len train instances: 263200
train loader and exclude loader:  4
Original len train instances: 262361
Original len dev instances: 54053
Original len test instances: 93949
create basgMTL 4
False False
Epoch   1  Train Loss 0.0417 98.26%
Epoch   1:  Dev 0.4094487726688385
Epoch   1: Test 0.4893617331981659
patience: 0 / 6
Epoch   2  Train Loss 0.0061 98.53%
Epoch   2:  Dev 0.6075949668884277
Epoch   2: Test 0.5128204822540283
patience: 0 / 6
Epoch   3  Train Loss 0.0049 98.56%
Epoch   3:  Dev 0.6202531456947327
Epoch   3: Test 0.5056179761886597
patience: 0 / 6
Epoch   4  Train Loss 0.0041 98.58%
Epoch   4:  Dev 0.5540540814399719
patience: 1 / 6
Epoch   5  Train Loss 0.0033 98.62%
Epoch   5:  Dev 0.583783745765686
patience: 2 / 6
Epoch   6  Train Loss 0.0026 98.64%
Epoch   6:  Dev 0.57485032081604
patience: 3 / 6
Epoch   7  Train Loss 0.0022 98.65%
Epoch   7:  Dev 0.530386745929718
patience: 4 / 6
Epoch   8  Train Loss 0.0015 98.68%
Epoch   8:  Dev 0.5333333015441895
patience: 5 / 6
Epoch   9  Train Loss 0.0014 98.68%
Epoch   9:  Dev 0.5227272510528564
patience: 6 / 6
setting train exemplar for learned classes
torch.Size([100, 2048])
BEST DEV 0: 0.6202531456947327
BEST TEST 0: 0.5056179761886597
torch.Size([100, 2048])
Epoch   1  Train Loss 0.2744 99.38%
Epoch   1:  Dev 0.3788546025753021
Epoch   1: Test 0.2769230902194977
patience: 0 / 6
Epoch   2  Train Loss 0.0788 99.80%
Epoch   2:  Dev 0.2777777910232544
patience: 1 / 6
Epoch   3  Train Loss 2.8524 99.76%
Epoch   3:  Dev 0.6105263233184814
Epoch   3: Test 0.4473683834075928
patience: 0 / 6
Epoch   4  Train Loss 0.1614 99.86%
Epoch   4:  Dev 0.3571428656578064
patience: 1 / 6
Epoch   5  Train Loss 0.0572 99.88%
Epoch   5:  Dev 0.3539822995662689
patience: 2 / 6
Epoch   6  Train Loss 0.0304 99.90%
Epoch   6:  Dev 0.31674209237098694
patience: 3 / 6
Epoch   7  Train Loss 0.1944 99.91%
Epoch   7:  Dev 0.420634925365448
patience: 4 / 6
Epoch   8  Train Loss 1.5824 99.93%
Epoch   8:  Dev 0.4560000002384186
patience: 5 / 6
Epoch   9  Train Loss 1.6384 99.94%
Epoch   9:  Dev 0.47686833143234253
patience: 6 / 6
setting train exemplar for learned classes
torch.Size([260, 2048])
BEST DEV 1: 0.6105263233184814
BEST TEST 1: 0.4473683834075928
torch.Size([260, 2048])
Epoch   1  Train Loss 0.8473 99.17%
Epoch   1:  Dev 0.3709677457809448
Epoch   1: Test 0.31196585297584534
patience: 0 / 6
Epoch   2  Train Loss 0.8471 99.71%
Epoch   2:  Dev 0.4282238483428955
Epoch   2: Test 0.38339921832084656
patience: 0 / 6
Epoch   3  Train Loss 1.5503 99.66%
Epoch   3:  Dev 0.5120350122451782
Epoch   3: Test 0.3750000298023224
patience: 0 / 6
Epoch   4  Train Loss 2.0273 99.78%
Epoch   4:  Dev 0.5841785073280334
Epoch   4: Test 0.44106465578079224
patience: 0 / 6
Epoch   5  Train Loss 0.1367 99.86%
Epoch   5:  Dev 0.3224044144153595
patience: 1 / 6
Epoch   6  Train Loss 0.3881 99.86%
Epoch   6:  Dev 0.4772234261035919
patience: 2 / 6
Epoch   7  Train Loss 3.3960 99.87%
Epoch   7:  Dev 0.565815269947052
patience: 3 / 6
Epoch   8  Train Loss 2.6013 99.88%
Epoch   8:  Dev 0.5681381821632385
patience: 4 / 6
Epoch   9  Train Loss 0.2376 99.90%
Epoch   9:  Dev 0.44796380400657654
patience: 5 / 6
Epoch  10  Train Loss 0.0384 99.91%
Epoch  10:  Dev 0.41647598147392273
patience: 6 / 6
setting train exemplar for learned classes
torch.Size([440, 2048])
BEST DEV 2: 0.5841785073280334
BEST TEST 2: 0.44106465578079224
torch.Size([440, 2048])
Epoch   1  Train Loss 1.3953 99.25%
Epoch   1:  Dev 0.5451197028160095
Epoch   1: Test 0.3839285969734192
patience: 0 / 6
Epoch   2  Train Loss 1.4592 99.61%
Epoch   2:  Dev 0.5592105388641357
Epoch   2: Test 0.5319426655769348
patience: 0 / 6
Epoch   3  Train Loss 1.5822 99.71%
Epoch   3:  Dev 0.5704583525657654
Epoch   3: Test 0.5562742948532104
patience: 0 / 6
Epoch   4  Train Loss 2.4155 99.77%
Epoch   4:  Dev 0.5504885911941528
patience: 1 / 6
Epoch   5  Train Loss 0.1992 99.83%
Epoch   5:  Dev 0.24415583908557892
patience: 2 / 6
Epoch   6  Train Loss 0.0634 99.86%
Epoch   6:  Dev 0.2414698302745819
patience: 3 / 6
Epoch   7  Train Loss 2.4055 99.85%
Epoch   7:  Dev 0.5514950156211853
patience: 4 / 6
Epoch   8  Train Loss 2.4168 99.86%
Epoch   8:  Dev 0.5643564462661743
patience: 5 / 6
Epoch   9  Train Loss 0.5276 99.87%
Epoch   9:  Dev 0.46551722288131714
patience: 6 / 6
setting train exemplar for learned classes
torch.Size([560, 2048])
BEST DEV 3: 0.5704583525657654
BEST TEST 3: 0.5562742948532104
torch.Size([560, 2048])
Epoch   1  Train Loss 2.6823 98.93%
Epoch   1:  Dev 0.5700483322143555
Epoch   1: Test 0.6024844646453857
patience: 0 / 6
Epoch   2  Train Loss 2.6127 99.62%
Epoch   2:  Dev 0.5776699185371399
Epoch   2: Test 0.6205287575721741
patience: 0 / 6
Epoch   3  Train Loss 3.1762 99.65%
Epoch   3:  Dev 0.5879396796226501
Epoch   3: Test 0.6235385537147522
patience: 0 / 6
Epoch   4  Train Loss 3.5934 99.69%
Epoch   4:  Dev 0.5904762148857117
Epoch   4: Test 0.6373133659362793
patience: 0 / 6
Epoch   5  Train Loss 3.3446 99.73%
Epoch   5:  Dev 0.5922330617904663
Epoch   5: Test 0.6385542750358582
patience: 0 / 6
Epoch   6  Train Loss 2.8123 99.75%
Epoch   6:  Dev 0.5942028760910034
Epoch   6: Test 0.644528329372406
patience: 0 / 6
Epoch   7  Train Loss 2.3512 99.77%
Epoch   7:  Dev 0.5970873832702637
Epoch   7: Test 0.6431254744529724
patience: 0 / 6
Epoch   8  Train Loss 2.8768 99.78%
Epoch   8:  Dev 0.5889571309089661
patience: 1 / 6
Epoch   9  Train Loss 2.1246 99.79%
Epoch   9:  Dev 0.597371518611908
Epoch   9: Test 0.614173173904419
patience: 0 / 6
Epoch  10  Train Loss 2.7114 99.82%
Epoch  10:  Dev 0.6017052531242371
Epoch  10: Test 0.6440933346748352
patience: 0 / 6
Epoch  11  Train Loss 1.1381 99.83%
Epoch  11:  Dev 0.5790209770202637
patience: 1 / 6
Epoch  12  Train Loss 3.5829 99.88%
Epoch  12:  Dev 0.5966183543205261
patience: 2 / 6
Epoch  13  Train Loss 2.3663 99.87%
Epoch  13:  Dev 0.6041412353515625
Epoch  13: Test 0.6224256753921509
patience: 0 / 6
Epoch  14  Train Loss 1.0021 99.87%
Epoch  14:  Dev 0.5535956621170044
patience: 1 / 6
Epoch  15  Train Loss 3.5871 99.91%
Epoch  15:  Dev 0.5824039578437805
patience: 2 / 6
Epoch  16  Train Loss 2.9284 99.90%
Epoch  16:  Dev 0.5964496731758118
patience: 3 / 6
Epoch  17  Train Loss 3.0249 99.91%
Epoch  17:  Dev 0.6058301329612732
Epoch  17: Test 0.6135457754135132
patience: 0 / 6
Epoch  18  Train Loss 2.8391 99.92%
Epoch  18:  Dev 0.6015424132347107
patience: 1 / 6
Epoch  19  Train Loss 0.1342 99.91%
Epoch  19:  Dev 0.4082934558391571
patience: 2 / 6
Epoch  20  Train Loss 3.6517 99.93%
Epoch  20:  Dev 0.5854858160018921
patience: 3 / 6
Epoch  21  Train Loss 3.3066 99.95%
Epoch  21:  Dev 0.6012269854545593
patience: 4 / 6
Epoch  22  Train Loss 0.6715 99.94%
Epoch  22:  Dev 0.5037036538124084
patience: 5 / 6
Epoch  23  Train Loss 0.0171 99.95%
Epoch  23:  Dev 0.4545454978942871
patience: 6 / 6
setting train exemplar for learned classes
torch.Size([660, 2048])
BEST DEV 4: 0.6058301329612732
BEST TEST 4: 0.6135457754135132
