Dump name space
results/ace/NashMTL/perm_2/options.json
Dump name space
results/ace/NashMTL/perm_2/options.json
Dump name space
results/ace/NashMTL/perm_2/options.json
Dump name space
results/ace/NashMTL/perm_2/options.json
[[188, 199, 184, 194, 189, 190, 178, 186, 197, 0], [200, 180, 173, 198, 177, 0], [191, 187, 195, 171, 174, 179, 0], [196, 181, 182, 202, 185, 176, 170, 192, 0], [201, 183, 193, 172, 175, 0]]
False
train loader and exclude loader:  0
Original len train instances: 265115
train loader and exclude loader:  1
Original len train instances: 264531
train loader and exclude loader:  2
Original len train instances: 263812
train loader and exclude loader:  3
Original len train instances: 262973
train loader and exclude loader:  4
Original len train instances: 262361
Original len dev instances: 54053
Original len test instances: 93949
create basgMTL 4
False True
Epoch   1  Train Loss 0.1225 99.20%
Epoch   1:  Dev 0.4721311628818512
Epoch   1: Test 0.5648148655891418
patience: 0 / 6
Epoch   2  Train Loss 0.0342 99.65%
Epoch   2:  Dev 0.4234693646430969
patience: 1 / 6
Epoch   3  Train Loss 0.0250 99.67%
Epoch   3:  Dev 0.4653465747833252
patience: 2 / 6
Epoch   4  Train Loss 0.0183 99.71%
Epoch   4:  Dev 0.543749988079071
Epoch   4: Test 0.6695652008056641
patience: 0 / 6
Epoch   5  Train Loss 0.0143 99.75%
Epoch   5:  Dev 0.4777778089046478
patience: 1 / 6
Epoch   6  Train Loss 0.0115 99.77%
Epoch   6:  Dev 0.49307477474212646
patience: 2 / 6
Epoch   7  Train Loss 0.0096 99.80%
Epoch   7:  Dev 0.5192307233810425
patience: 3 / 6
Epoch   8  Train Loss 0.0081 99.83%
Epoch   8:  Dev 0.5137615203857422
patience: 4 / 6
Epoch   9  Train Loss 0.0071 99.85%
Epoch   9:  Dev 0.5028571486473083
patience: 5 / 6
Epoch  10  Train Loss 0.0068 99.86%
Epoch  10:  Dev 0.47887328267097473
patience: 6 / 6
setting train exemplar for learned classes
torch.Size([180, 2048])
BEST DEV 0: 0.543749988079071
BEST TEST 0: 0.6695652008056641
torch.Size([180, 2048])
Epoch   1  Train Loss 3.6505 98.52%
Epoch   1:  Dev 0.4958948493003845
Epoch   1: Test 0.5681818723678589
patience: 0 / 6
Epoch   2  Train Loss 3.5432 99.24%
Epoch   2:  Dev 0.4663677513599396
patience: 1 / 6
Epoch   3  Train Loss 3.5271 99.36%
Epoch   3:  Dev 0.4714714288711548
patience: 2 / 6
Epoch   4  Train Loss 3.5102 99.43%
Epoch   4:  Dev 0.5252525210380554
Epoch   4: Test 0.5483304262161255
patience: 0 / 6
Epoch   5  Train Loss 3.5007 99.50%
Epoch   5:  Dev 0.5153970718383789
patience: 1 / 6
Epoch   6  Train Loss 3.4978 99.53%
Epoch   6:  Dev 0.5171849131584167
patience: 2 / 6
Epoch   7  Train Loss 3.4920 99.59%
Epoch   7:  Dev 0.5066667199134827
patience: 3 / 6
Epoch   8  Train Loss 3.4854 99.64%
Epoch   8:  Dev 0.45179855823516846
patience: 4 / 6
Epoch   9  Train Loss 3.4844 99.68%
Epoch   9:  Dev 0.5016722083091736
patience: 5 / 6
Epoch  10  Train Loss 3.4818 99.71%
Epoch  10:  Dev 0.5458015203475952
Epoch  10: Test 0.5720081329345703
patience: 0 / 6
Epoch  11  Train Loss 3.4839 99.75%
Epoch  11:  Dev 0.5033556818962097
patience: 1 / 6
Epoch  12  Train Loss 3.4821 99.75%
Epoch  12:  Dev 0.5150977373123169
patience: 2 / 6
Epoch  13  Train Loss 3.4814 99.77%
Epoch  13:  Dev 0.5079365372657776
patience: 3 / 6
Epoch  14  Train Loss 3.4762 99.79%
Epoch  14:  Dev 0.5315985083580017
patience: 4 / 6
Epoch  15  Train Loss 3.4765 99.80%
Epoch  15:  Dev 0.5214285850524902
patience: 5 / 6
Epoch  16  Train Loss 3.4755 99.83%
Epoch  16:  Dev 0.5271317958831787
patience: 6 / 6
setting train exemplar for learned classes
torch.Size([280, 2048])
BEST DEV 1: 0.5458015203475952
BEST TEST 1: 0.5720081329345703
torch.Size([280, 2048])
Epoch   1  Train Loss 2.9022 98.16%
Epoch   1:  Dev 0.5659164190292358
Epoch   1: Test 0.5787546038627625
patience: 0 / 6
Epoch   2  Train Loss 2.7940 99.51%
Epoch   2:  Dev 0.5510836243629456
patience: 1 / 6
Epoch   3  Train Loss 2.7811 99.58%
Epoch   3:  Dev 0.5505804419517517
patience: 2 / 6
Epoch   4  Train Loss 2.7744 99.61%
Epoch   4:  Dev 0.5345911979675293
patience: 3 / 6
Epoch   5  Train Loss 2.7695 99.64%
Epoch   5:  Dev 0.5410628318786621
patience: 4 / 6
Epoch   6  Train Loss 2.7640 99.70%
Epoch   6:  Dev 0.5579119324684143
patience: 5 / 6
Epoch   7  Train Loss 2.7628 99.73%
Epoch   7:  Dev 0.5492063760757446
patience: 6 / 6
setting train exemplar for learned classes
torch.Size([400, 2048])
BEST DEV 2: 0.5659164190292358
BEST TEST 2: 0.5787546038627625
torch.Size([400, 2048])
Epoch   1  Train Loss 3.2869 98.14%
Epoch   1:  Dev 0.541813850402832
Epoch   1: Test 0.5569837093353271
patience: 0 / 6
Epoch   2  Train Loss 3.1688 99.36%
Epoch   2:  Dev 0.5448113679885864
Epoch   2: Test 0.5595134496688843
patience: 0 / 6
Epoch   3  Train Loss 3.1465 99.47%
Epoch   3:  Dev 0.5471698045730591
Epoch   3: Test 0.5481099486351013
patience: 0 / 6
Epoch   4  Train Loss 3.1344 99.53%
Epoch   4:  Dev 0.5743328928947449
Epoch   4: Test 0.5750916004180908
patience: 0 / 6
Epoch   5  Train Loss 3.1267 99.58%
Epoch   5:  Dev 0.5839793086051941
Epoch   5: Test 0.5693296194076538
patience: 0 / 6
Epoch   6  Train Loss 3.1182 99.64%
Epoch   6:  Dev 0.56852787733078
patience: 1 / 6
Epoch   7  Train Loss 3.1151 99.67%
Epoch   7:  Dev 0.5740498304367065
patience: 2 / 6
Epoch   8  Train Loss 3.1132 99.71%
Epoch   8:  Dev 0.5653266906738281
patience: 3 / 6
Epoch   9  Train Loss 3.1158 99.72%
Epoch   9:  Dev 0.5755967497825623
patience: 4 / 6
Epoch  10  Train Loss 3.1040 99.76%
Epoch  10:  Dev 0.5920873284339905
Epoch  10: Test 0.5802592039108276
patience: 0 / 6
Epoch  11  Train Loss 3.1076 99.78%
Epoch  11:  Dev 0.5673202276229858
patience: 1 / 6
Epoch  12  Train Loss 3.1040 99.79%
Epoch  12:  Dev 0.5950413346290588
Epoch  12: Test 0.5708662271499634
patience: 0 / 6
Epoch  13  Train Loss 3.1011 99.80%
Epoch  13:  Dev 0.5928961634635925
patience: 1 / 6
Epoch  14  Train Loss 3.1002 99.82%
Epoch  14:  Dev 0.5811965465545654
patience: 2 / 6
Epoch  15  Train Loss 3.0998 99.81%
Epoch  15:  Dev 0.570644736289978
patience: 3 / 6
Epoch  16  Train Loss 3.1008 99.83%
Epoch  16:  Dev 0.588888943195343
patience: 4 / 6
Epoch  17  Train Loss 3.0977 99.83%
Epoch  17:  Dev 0.5756756663322449
patience: 5 / 6
Epoch  18  Train Loss 3.1018 99.84%
Epoch  18:  Dev 0.5899280905723572
patience: 6 / 6
setting train exemplar for learned classes
torch.Size([560, 2048])
BEST DEV 3: 0.5950413346290588
BEST TEST 3: 0.5708662271499634
torch.Size([560, 2048])
Epoch   1  Train Loss 3.2382 98.03%
Epoch   1:  Dev 0.6172839403152466
Epoch   1: Test 0.6381129622459412
patience: 0 / 6
Epoch   2  Train Loss 3.1602 99.44%
Epoch   2:  Dev 0.6053169369697571
patience: 1 / 6
Epoch   3  Train Loss 3.1516 99.52%
Epoch   3:  Dev 0.6045081615447998
patience: 2 / 6
Epoch   4  Train Loss 3.1446 99.56%
Epoch   4:  Dev 0.5954500436782837
patience: 3 / 6
Epoch   5  Train Loss 3.1418 99.64%
Epoch   5:  Dev 0.5983935594558716
patience: 4 / 6
Epoch   6  Train Loss 3.1390 99.67%
Epoch   6:  Dev 0.5874395966529846
patience: 5 / 6
Epoch   7  Train Loss 3.1339 99.71%
Epoch   7:  Dev 0.5919370651245117
patience: 6 / 6
setting train exemplar for learned classes
torch.Size([660, 2048])
BEST DEV 4: 0.6172839403152466
BEST TEST 4: 0.6381129622459412
