Dump name space
results/ace/NashMTL_narate-30_cluster-8_gen-20/perm_0/options.json
Dump name space
results/ace/NashMTL_narate-30_cluster-8_gen-20/perm_0/options.json
Dump name space
results/ace/NashMTL_narate-30_cluster-8_gen-20/perm_0/options.json
Dump name space
results/ace/NashMTL_narate-30_cluster-8_gen-20/perm_0/options.json
[[188, 199, 184, 194, 189, 190, 178, 186, 197, 0], [191, 187, 195, 171, 174, 179, 0], [201, 183, 193, 172, 175, 0], [200, 180, 173, 198, 177, 0], [196, 181, 182, 202, 185, 176, 170, 192, 0]]
False
train loader and exclude loader:  0
Original len train instances: 265115
train loader and exclude loader:  1
Original len train instances: 264531
train loader and exclude loader:  2
Original len train instances: 263692
train loader and exclude loader:  3
Original len train instances: 262358
train loader and exclude loader:  4
Original len train instances: 261639
Original len dev instances: 54053
Original len test instances: 93949
create basgMTL 4
False True
Epoch   1  Train Loss 0.1379 99.14%
Epoch   1:  Dev 0.44582048058509827
Epoch   1: Test 0.5299144983291626
patience: 0 / 6
Epoch   2  Train Loss 0.0408 99.59%
Epoch   2:  Dev 0.3926940858364105
patience: 1 / 6
Epoch   3  Train Loss 0.0289 99.63%
Epoch   3:  Dev 0.42247188091278076
patience: 2 / 6
Epoch   4  Train Loss 0.0206 99.68%
Epoch   4:  Dev 0.5014083981513977
Epoch   4: Test 0.6396761536598206
patience: 0 / 6
Epoch   5  Train Loss 0.0162 99.72%
Epoch   5:  Dev 0.43654826283454895
patience: 1 / 6
Epoch   6  Train Loss 0.0129 99.75%
Epoch   6:  Dev 0.47668397426605225
patience: 2 / 6
Epoch   7  Train Loss 0.0112 99.78%
Epoch   7:  Dev 0.5061728358268738
Epoch   7: Test 0.6698113679885864
patience: 0 / 6
Epoch   8  Train Loss 0.0093 99.80%
Epoch   8:  Dev 0.47727271914482117
patience: 1 / 6
Epoch   9  Train Loss 0.0082 99.83%
Epoch   9:  Dev 0.48753464221954346
patience: 2 / 6
Epoch  10  Train Loss 0.0078 99.84%
Epoch  10:  Dev 0.49132946133613586
patience: 3 / 6
Epoch  11  Train Loss 0.0071 99.85%
Epoch  11:  Dev 0.4615384638309479
patience: 4 / 6
Epoch  12  Train Loss 0.0065 99.88%
Epoch  12:  Dev 0.4393939673900604
patience: 5 / 6
Epoch  13  Train Loss 0.0062 99.88%
Epoch  13:  Dev 0.5301204919815063
Epoch  13: Test 0.6636363863945007
patience: 0 / 6
Epoch  14  Train Loss 0.0054 99.91%
Epoch  14:  Dev 0.4985836148262024
patience: 1 / 6
Epoch  15  Train Loss 0.0052 99.90%
Epoch  15:  Dev 0.4705882668495178
patience: 2 / 6
Epoch  16  Train Loss 0.0054 99.89%
Epoch  16:  Dev 0.5418060421943665
Epoch  16: Test 0.6767676472663879
patience: 0 / 6
Epoch  17  Train Loss 0.0049 99.90%
Epoch  17:  Dev 0.4611111283302307
patience: 1 / 6
Epoch  18  Train Loss 0.0041 99.92%
Epoch  18:  Dev 0.5137615203857422
patience: 2 / 6
Epoch  19  Train Loss 0.0039 99.92%
Epoch  19:  Dev 0.5377049446105957
patience: 3 / 6
Epoch  20  Train Loss 0.0035 99.93%
Epoch  20:  Dev 0.5220125913619995
patience: 4 / 6
Epoch  21  Train Loss 0.0034 99.93%
Epoch  21:  Dev 0.5284280776977539
patience: 5 / 6
Epoch  22  Train Loss 0.0036 99.93%
Epoch  22:  Dev 0.4956268072128296
patience: 6 / 6
setting train exemplar for learned classes
torch.Size([180, 2048])
BEST DEV 0: 0.5418060421943665
BEST TEST 0: 0.6767676472663879
torch.Size([180, 2048])
Epoch   1  Train Loss 2.7956 98.29%
Epoch   1:  Dev 0.531177818775177
Epoch   1: Test 0.6099290251731873
patience: 0 / 6
Epoch   2  Train Loss 2.6508 99.54%
Epoch   2:  Dev 0.48962655663490295
patience: 1 / 6
Epoch   3  Train Loss 2.6353 99.58%
Epoch   3:  Dev 0.5441527962684631
Epoch   3: Test 0.6192170977592468
patience: 0 / 6
Epoch   4  Train Loss 2.6215 99.62%
Epoch   4:  Dev 0.5380951762199402
patience: 1 / 6
Epoch   5  Train Loss 2.6192 99.67%
Epoch   5:  Dev 0.5446009039878845
Epoch   5: Test 0.5756579637527466
patience: 0 / 6
Epoch   6  Train Loss 2.6101 99.70%
Epoch   6:  Dev 0.5450236797332764
Epoch   6: Test 0.6397059559822083
patience: 0 / 6
Epoch   7  Train Loss 2.6038 99.74%
Epoch   7:  Dev 0.5542168021202087
Epoch   7: Test 0.632352888584137
patience: 0 / 6
Epoch   8  Train Loss 2.5862 99.77%
Epoch   8:  Dev 0.5536993145942688
patience: 1 / 6
Epoch   9  Train Loss 2.5933 99.79%
Epoch   9:  Dev 0.5563549399375916
Epoch   9: Test 0.6476190686225891
patience: 0 / 6
Epoch  10  Train Loss 2.5949 99.82%
Epoch  10:  Dev 0.5476772785186768
patience: 1 / 6
Epoch  11  Train Loss 2.5920 99.83%
Epoch  11:  Dev 0.5437352061271667
patience: 2 / 6
Epoch  12  Train Loss 2.5854 99.84%
Epoch  12:  Dev 0.5558313131332397
patience: 3 / 6
Epoch  13  Train Loss 2.5866 99.85%
Epoch  13:  Dev 0.5542168021202087
patience: 4 / 6
Epoch  14  Train Loss 2.5823 99.86%
Epoch  14:  Dev 0.5420560240745544
patience: 5 / 6
Epoch  15  Train Loss 2.5804 99.87%
Epoch  15:  Dev 0.5678391456604004
Epoch  15: Test 0.658730149269104
patience: 0 / 6
Epoch  16  Train Loss 2.5812 99.87%
Epoch  16:  Dev 0.5533981323242188
patience: 1 / 6
Epoch  17  Train Loss 2.5824 99.89%
Epoch  17:  Dev 0.5558313131332397
patience: 2 / 6
Epoch  18  Train Loss 2.5798 99.89%
Epoch  18:  Dev 0.5195402503013611
patience: 3 / 6
Epoch  19  Train Loss 2.5913 99.89%
Epoch  19:  Dev 0.5158371329307556
patience: 4 / 6
Epoch  20  Train Loss 2.5810 99.90%
Epoch  20:  Dev 0.5572139620780945
patience: 5 / 6
Epoch  21  Train Loss 2.5829 99.90%
Epoch  21:  Dev 0.5458937287330627
patience: 6 / 6
setting train exemplar for learned classes
torch.Size([300, 2048])
BEST DEV 1: 0.5678391456604004
BEST TEST 1: 0.658730149269104
torch.Size([300, 2048])
Epoch   1  Train Loss 2.5291 97.47%
Epoch   1:  Dev 0.6177370548248291
Epoch   1: Test 0.7072515487670898
patience: 0 / 6
Epoch   2  Train Loss 2.3692 99.42%
Epoch   2:  Dev 0.5900709629058838
patience: 1 / 6
Epoch   3  Train Loss 2.3547 99.50%
Epoch   3:  Dev 0.6090776324272156
patience: 2 / 6
Epoch   4  Train Loss 2.3488 99.56%
Epoch   4:  Dev 0.6156156063079834
patience: 3 / 6
Epoch   5  Train Loss 2.3429 99.64%
Epoch   5:  Dev 0.6030855774879456
patience: 4 / 6
Epoch   6  Train Loss 2.3362 99.69%
Epoch   6:  Dev 0.6195489168167114
Epoch   6: Test 0.68855220079422
patience: 0 / 6
Epoch   7  Train Loss 2.3365 99.73%
Epoch   7:  Dev 0.617429792881012
patience: 1 / 6
Epoch   8  Train Loss 2.3334 99.75%
Epoch   8:  Dev 0.630630612373352
Epoch   8: Test 0.6992287635803223
patience: 0 / 6
Epoch   9  Train Loss 2.3338 99.77%
Epoch   9:  Dev 0.6151559948921204
patience: 1 / 6
Epoch  10  Train Loss 2.3312 99.79%
Epoch  10:  Dev 0.6238532066345215
patience: 2 / 6
Epoch  11  Train Loss 2.3281 99.81%
Epoch  11:  Dev 0.6135338544845581
patience: 3 / 6
Epoch  12  Train Loss 2.3305 99.83%
Epoch  12:  Dev 0.6273292303085327
patience: 4 / 6
Epoch  13  Train Loss 2.3297 99.83%
Epoch  13:  Dev 0.6244204044342041
patience: 5 / 6
Epoch  14  Train Loss 2.3245 99.85%
Epoch  14:  Dev 0.6119402647018433
patience: 6 / 6
setting train exemplar for learned classes
torch.Size([400, 2048])
BEST DEV 2: 0.630630612373352
BEST TEST 2: 0.6992287635803223
torch.Size([400, 2048])
Epoch   1  Train Loss 2.8151 97.07%
Epoch   1:  Dev 0.6091825366020203
Epoch   1: Test 0.6468555331230164
patience: 0 / 6
Epoch   2  Train Loss 2.6077 99.35%
Epoch   2:  Dev 0.5869796872138977
patience: 1 / 6
Epoch   3  Train Loss 2.5904 99.45%
Epoch   3:  Dev 0.5800865888595581
patience: 2 / 6
Epoch   4  Train Loss 2.5854 99.55%
Epoch   4:  Dev 0.5853658318519592
patience: 3 / 6
Epoch   5  Train Loss 2.5743 99.60%
Epoch   5:  Dev 0.603903591632843
patience: 4 / 6
Epoch   6  Train Loss 2.5712 99.67%
Epoch   6:  Dev 0.6263603568077087
Epoch   6: Test 0.6656912565231323
patience: 0 / 6
Epoch   7  Train Loss 2.5650 99.71%
Epoch   7:  Dev 0.5970149636268616
patience: 1 / 6
Epoch   8  Train Loss 2.5639 99.74%
Epoch   8:  Dev 0.6346863508224487
Epoch   8: Test 0.6656891703605652
patience: 0 / 6
Epoch   9  Train Loss 2.5620 99.78%
Epoch   9:  Dev 0.6094316840171814
patience: 1 / 6
Epoch  10  Train Loss 2.5627 99.79%
Epoch  10:  Dev 0.6200000643730164
patience: 2 / 6
Epoch  11  Train Loss 2.5600 99.81%
Epoch  11:  Dev 0.637499988079071
Epoch  11: Test 0.6646571159362793
patience: 0 / 6
Epoch  12  Train Loss 2.5598 99.82%
Epoch  12:  Dev 0.5983112454414368
patience: 1 / 6
Epoch  13  Train Loss 2.5569 99.83%
Epoch  13:  Dev 0.6272040009498596
patience: 2 / 6
Epoch  14  Train Loss 2.5572 99.84%
Epoch  14:  Dev 0.6212121844291687
patience: 3 / 6
Epoch  15  Train Loss 2.5567 99.86%
Epoch  15:  Dev 0.6245259642601013
patience: 4 / 6
Epoch  16  Train Loss 2.5560 99.87%
Epoch  16:  Dev 0.6321112513542175
patience: 5 / 6
Epoch  17  Train Loss 2.5537 99.88%
Epoch  17:  Dev 0.6303797364234924
patience: 6 / 6
setting train exemplar for learned classes
torch.Size([500, 2048])
BEST DEV 3: 0.637499988079071
BEST TEST 3: 0.6646571159362793
torch.Size([500, 2048])
Epoch   1  Train Loss 3.2504 96.66%
Epoch   1:  Dev 0.591738760471344
Epoch   1: Test 0.6218181848526001
patience: 0 / 6
Epoch   2  Train Loss 3.0078 99.56%
Epoch   2:  Dev 0.6213786602020264
Epoch   2: Test 0.6259445548057556
patience: 0 / 6
Epoch   3  Train Loss 2.9851 99.62%
Epoch   3:  Dev 0.6082676649093628
patience: 1 / 6
Epoch   4  Train Loss 2.9744 99.69%
Epoch   4:  Dev 0.6268656849861145
Epoch   4: Test 0.6153846383094788
patience: 0 / 6
Epoch   5  Train Loss 2.9701 99.74%
Epoch   5:  Dev 0.6255319118499756
patience: 1 / 6
Epoch   6  Train Loss 2.9650 99.77%
Epoch   6:  Dev 0.6261981129646301
patience: 2 / 6
Epoch   7  Train Loss 2.9612 99.81%
Epoch   7:  Dev 0.6163265109062195
patience: 3 / 6
Epoch   8  Train Loss 2.9574 99.83%
Epoch   8:  Dev 0.6289445161819458
Epoch   8: Test 0.6141414642333984
patience: 0 / 6
Epoch   9  Train Loss 2.9530 99.84%
Epoch   9:  Dev 0.6324973106384277
Epoch   9: Test 0.630535364151001
patience: 0 / 6
Epoch  10  Train Loss 2.9547 99.86%
Epoch  10:  Dev 0.6373626589775085
Epoch  10: Test 0.628294050693512
patience: 0 / 6
Epoch  11  Train Loss 2.9504 99.87%
Epoch  11:  Dev 0.6309012770652771
patience: 1 / 6
Epoch  12  Train Loss 2.9515 99.88%
Epoch  12:  Dev 0.6459489464759827
Epoch  12: Test 0.6160164475440979
patience: 0 / 6
Epoch  13  Train Loss 2.9486 99.89%
Epoch  13:  Dev 0.6343115568161011
patience: 1 / 6
Epoch  14  Train Loss 2.9497 99.89%
Epoch  14:  Dev 0.6426966190338135
patience: 2 / 6
Epoch  15  Train Loss 2.9483 99.90%
Epoch  15:  Dev 0.6315789818763733
patience: 3 / 6
Epoch  16  Train Loss 2.9469 99.90%
Epoch  16:  Dev 0.6336405873298645
patience: 4 / 6
Epoch  17  Train Loss 2.9473 99.91%
Epoch  17:  Dev 0.639175295829773
patience: 5 / 6
Epoch  18  Train Loss 2.9479 99.91%
Epoch  18:  Dev 0.6290868520736694
patience: 6 / 6
setting train exemplar for learned classes
torch.Size([660, 2048])
BEST DEV 4: 0.6459489464759827
BEST TEST 4: 0.6160164475440979
