Dump name space
results/maven/FairGrad_woLMH_narate-4_cluster-4_gen-20_fairgrad_alpha-0.8/perm_0/options.json
Dump name space
results/maven/FairGrad_woLMH_narate-4_cluster-4_gen-20_fairgrad_alpha-0.8/perm_0/options.json
Dump name space
results/maven/FairGrad_woLMH_narate-4_cluster-4_gen-20_fairgrad_alpha-0.8/perm_0/options.json
Dump name space
results/maven/FairGrad_woLMH_narate-4_cluster-4_gen-20_fairgrad_alpha-0.8/perm_0/options.json
Dump name space
results/maven/FairGrad_woLMH_narate-4_cluster-4_gen-20_fairgrad_alpha-0.8/perm_0/options.json
[[134, 99, 105, 91, 52, 19, 135, 122, 127, 102, 108, 104, 110, 38, 118, 121, 160, 26, 34, 33, 158, 130, 165, 86, 149, 146, 164, 4, 131, 75, 90, 10, 32, 0], [46, 36, 17, 13, 12, 20, 25, 49, 169, 148, 87, 56, 95, 81, 58, 57, 161, 64, 163, 82, 43, 125, 35, 96, 156, 100, 66, 30, 50, 120, 0], [147, 48, 84, 39, 53, 23, 109, 22, 77, 62, 93, 143, 89, 8, 71, 85, 63, 97, 65, 103, 113, 112, 123, 152, 88, 98, 72, 42, 60, 133, 128, 116, 15, 111, 136, 162, 129, 132, 6, 0], [157, 18, 114, 92, 67, 153, 80, 115, 78, 154, 27, 5, 69, 117, 44, 83, 155, 40, 45, 139, 137, 14, 138, 119, 74, 150, 59, 54, 28, 9, 140, 37, 107, 76, 47, 0], [151, 16, 3, 70, 106, 141, 68, 31, 79, 101, 166, 167, 94, 21, 51, 7, 73, 145, 2, 124, 159, 61, 41, 142, 126, 144, 55, 168, 29, 11, 24, 0]]
True
train loader and exclude loader:  0
Original len train instances: 347788
train loader and exclude loader:  1
Original len train instances: 334861
train loader and exclude loader:  2
Original len train instances: 322569
train loader and exclude loader:  3
Original len train instances: 308131
train loader and exclude loader:  4
Original len train instances: 294718
Original len dev instances: 57198
Original len test instances: 98603
create basgMTL 4
False True
Epoch   1  Train Loss 0.4766 94.78%
Epoch   1:  Dev 0.5968034863471985
Epoch   1: Test 0.6194429993629456
patience: 0 / 5
Epoch   2  Train Loss 0.2680 96.11%
Epoch   2:  Dev 0.6070489287376404
Epoch   2: Test 0.6293607354164124
patience: 0 / 5
Epoch   3  Train Loss 0.2237 96.28%
Epoch   3:  Dev 0.6141034364700317
Epoch   3: Test 0.6370476484298706
patience: 0 / 5
Epoch   4  Train Loss 0.1981 96.38%
Epoch   4:  Dev 0.6394203901290894
Epoch   4: Test 0.6580398678779602
patience: 0 / 5
Epoch   5  Train Loss 0.1746 96.53%
Epoch   5:  Dev 0.6308871507644653
patience: 1 / 5
Epoch   6  Train Loss 0.1573 96.66%
Epoch   6:  Dev 0.6183098554611206
patience: 2 / 5
Epoch   7  Train Loss 0.1404 96.78%
Epoch   7:  Dev 0.6400148272514343
Epoch   7: Test 0.6633464097976685
patience: 0 / 5
Epoch   8  Train Loss 0.1269 96.93%
Epoch   8:  Dev 0.6452951431274414
Epoch   8: Test 0.6646446585655212
patience: 0 / 5
Epoch   9  Train Loss 0.1162 97.08%
Epoch   9:  Dev 0.6318650841712952
patience: 1 / 5
Epoch  10  Train Loss 0.1058 97.23%
Epoch  10:  Dev 0.6414113640785217
patience: 2 / 5
Epoch  11  Train Loss 0.0987 97.36%
Epoch  11:  Dev 0.6430734395980835
patience: 3 / 5
Epoch  12  Train Loss 0.0915 97.49%
Epoch  12:  Dev 0.6509863138198853
Epoch  12: Test 0.6604892015457153
patience: 0 / 5
Epoch  13  Train Loss 0.0857 97.60%
Epoch  13:  Dev 0.64140385389328
patience: 1 / 5
Epoch  14  Train Loss 0.0813 97.70%
Epoch  14:  Dev 0.6570215821266174
Epoch  14: Test 0.6652058959007263
patience: 0 / 5
Epoch  15  Train Loss 0.0766 97.80%
Epoch  15:  Dev 0.649105966091156
patience: 1 / 5
setting train exemplar for learned classes
torch.Size([660, 2048])
BEST DEV 0: 0.6570215821266174
BEST TEST 0: 0.6652058959007263
torch.Size([660, 2048])
Epoch   1  Train Loss 8.4840 93.18%
Epoch   1:  Dev 0.6051540970802307
Epoch   1: Test 0.6201416850090027
patience: 0 / 5
Epoch   2  Train Loss 11.1348 94.53%
Epoch   2:  Dev 0.6194369196891785
Epoch   2: Test 0.6366690397262573
patience: 0 / 5
Epoch   3  Train Loss 12.6931 94.70%
Epoch   3:  Dev 0.621062159538269
Epoch   3: Test 0.6354625821113586
patience: 0 / 5
Epoch   4  Train Loss 13.9036 94.85%
Epoch   4:  Dev 0.6328132748603821
Epoch   4: Test 0.6458393931388855
patience: 0 / 5
Epoch   5  Train Loss 15.0136 94.98%
Epoch   5:  Dev 0.6335970759391785
Epoch   5: Test 0.6445398926734924
patience: 0 / 5
Epoch   6  Train Loss 16.0990 95.12%
Epoch   6:  Dev 0.6281228065490723
patience: 1 / 5
Epoch   7  Train Loss 17.2829 95.21%
Epoch   7:  Dev 0.6410677433013916
Epoch   7: Test 0.6513437628746033
patience: 0 / 5
Epoch   8  Train Loss 18.3590 95.35%
Epoch   8:  Dev 0.6352271437644958
patience: 1 / 5
Epoch   9  Train Loss 19.7168 95.43%
Epoch   9:  Dev 0.6289181113243103
patience: 2 / 5
Epoch  10  Train Loss 20.9419 95.55%
Epoch  10:  Dev 0.6344684958457947
patience: 3 / 5
Epoch  11  Train Loss 22.4084 95.63%
Epoch  11:  Dev 0.6293790936470032
patience: 4 / 5
Epoch  12  Train Loss 24.2036 95.70%
Epoch  12:  Dev 0.6341512799263
patience: 5 / 5
setting train exemplar for learned classes
torch.Size([1260, 2048])
BEST DEV 1: 0.6410677433013916
BEST TEST 1: 0.6513437628746033
torch.Size([1260, 2048])
Epoch   1  Train Loss 8.2126 90.18%
Epoch   1:  Dev 0.6123599410057068
Epoch   1: Test 0.6269521117210388
patience: 0 / 5
Epoch   2  Train Loss 9.5045 92.44%
Epoch   2:  Dev 0.6209045648574829
Epoch   2: Test 0.6343927979469299
patience: 0 / 5
Epoch   3  Train Loss 10.2548 92.78%
Epoch   3:  Dev 0.6332604885101318
Epoch   3: Test 0.6445761919021606
patience: 0 / 5
Epoch   4  Train Loss 10.8693 93.03%
Epoch   4:  Dev 0.632859468460083
patience: 1 / 5
Epoch   5  Train Loss 11.4928 93.23%
Epoch   5:  Dev 0.6372475624084473
Epoch   5: Test 0.643469512462616
patience: 0 / 5
Epoch   6  Train Loss 12.0844 93.41%
Epoch   6:  Dev 0.6310335993766785
patience: 1 / 5
Epoch   7  Train Loss 12.7482 93.55%
Epoch   7:  Dev 0.6294911503791809
patience: 2 / 5
Epoch   8  Train Loss 13.4210 93.68%
Epoch   8:  Dev 0.6323628425598145
patience: 3 / 5
Epoch   9  Train Loss 14.1298 93.82%
Epoch   9:  Dev 0.6276800036430359
patience: 4 / 5
Epoch  10  Train Loss 14.8532 93.96%
Epoch  10:  Dev 0.6276609897613525
patience: 5 / 5
setting train exemplar for learned classes
torch.Size([2040, 2048])
BEST DEV 2: 0.6372475624084473
BEST TEST 2: 0.643469512462616
torch.Size([2040, 2048])
Epoch   1  Train Loss 10.1758 87.96%
Epoch   1:  Dev 0.5991726517677307
Epoch   1: Test 0.6150891184806824
patience: 0 / 5
Epoch   2  Train Loss 11.1579 90.81%
Epoch   2:  Dev 0.6066081523895264
Epoch   2: Test 0.6216773986816406
patience: 0 / 5
Epoch   3  Train Loss 11.9155 91.15%
Epoch   3:  Dev 0.6014618277549744
patience: 1 / 5
Epoch   4  Train Loss 12.5762 91.33%
Epoch   4:  Dev 0.6051689982414246
patience: 2 / 5
Epoch   5  Train Loss 13.1643 91.56%
Epoch   5:  Dev 0.6049737930297852
patience: 3 / 5
Epoch   6  Train Loss 13.7070 91.69%
Epoch   6:  Dev 0.602817177772522
patience: 4 / 5
Epoch   7  Train Loss 14.3110 91.87%
Epoch   7:  Dev 0.6043360829353333
patience: 5 / 5
setting train exemplar for learned classes
torch.Size([2740, 2048])
BEST DEV 3: 0.6066081523895264
BEST TEST 3: 0.6216773986816406
torch.Size([2740, 2048])
Epoch   1  Train Loss 11.8076 87.37%
Epoch   1:  Dev 0.5985007882118225
Epoch   1: Test 0.6062265038490295
patience: 0 / 5
Epoch   2  Train Loss 12.4842 90.52%
Epoch   2:  Dev 0.6026573181152344
Epoch   2: Test 0.6063680052757263
patience: 0 / 5
Epoch   3  Train Loss 13.2219 90.96%
Epoch   3:  Dev 0.6087766885757446
Epoch   3: Test 0.6087212562561035
patience: 0 / 5
Epoch   4  Train Loss 13.8989 91.21%
Epoch   4:  Dev 0.6028200387954712
patience: 1 / 5
Epoch   5  Train Loss 14.5674 91.48%
Epoch   5:  Dev 0.6035416722297668
patience: 2 / 5
Epoch   6  Train Loss 15.1877 91.64%
Epoch   6:  Dev 0.6021486520767212
patience: 3 / 5
Epoch   7  Train Loss 15.8470 91.82%
Epoch   7:  Dev 0.6023341417312622
patience: 4 / 5
Epoch   8  Train Loss 16.5296 91.96%
Epoch   8:  Dev 0.5966125130653381
patience: 5 / 5
setting train exemplar for learned classes
torch.Size([3360, 2048])
BEST DEV 4: 0.6087766885757446
BEST TEST 4: 0.6087212562561035
