Dump name space
results/maven/FairGrad_woSR_woSAM_woLosstrick_fairgrad_alpha-2/perm_4/options.json
Dump name space
results/maven/FairGrad_woSR_woSAM_woLosstrick_fairgrad_alpha-2/perm_4/options.json
Dump name space
results/maven/FairGrad_woSR_woSAM_woLosstrick_fairgrad_alpha-2/perm_4/options.json
Dump name space
results/maven/FairGrad_woSR_woSAM_woLosstrick_fairgrad_alpha-2/perm_4/options.json
Dump name space
results/maven/FairGrad_woSR_woSAM_woLosstrick_fairgrad_alpha-2/perm_4/options.json
[[157, 18, 114, 92, 67, 153, 80, 115, 78, 154, 27, 5, 69, 117, 44, 83, 155, 40, 45, 139, 137, 14, 138, 119, 74, 150, 59, 54, 28, 9, 140, 37, 107, 76, 47, 0], [151, 16, 3, 70, 106, 141, 68, 31, 79, 101, 166, 167, 94, 21, 51, 7, 73, 145, 2, 124, 159, 61, 41, 142, 126, 144, 55, 168, 29, 11, 24, 0], [134, 99, 105, 91, 52, 19, 135, 122, 127, 102, 108, 104, 110, 38, 118, 121, 160, 26, 34, 33, 158, 130, 165, 86, 149, 146, 164, 4, 131, 75, 90, 10, 32, 0], [46, 36, 17, 13, 12, 20, 25, 49, 169, 148, 87, 56, 95, 81, 58, 57, 161, 64, 163, 82, 43, 125, 35, 96, 156, 100, 66, 30, 50, 120, 0], [147, 48, 84, 39, 53, 23, 109, 22, 77, 62, 93, 143, 89, 8, 71, 85, 63, 97, 65, 103, 113, 112, 123, 152, 88, 98, 72, 42, 60, 133, 128, 116, 15, 111, 136, 162, 129, 132, 6, 0]]
True
train loader and exclude loader:  0
Original len train instances: 347788
train loader and exclude loader:  1
Original len train instances: 334375
train loader and exclude loader:  2
Original len train instances: 319808
train loader and exclude loader:  3
Original len train instances: 306881
train loader and exclude loader:  4
Original len train instances: 294589
Original len dev instances: 57198
Original len test instances: 98603
create basgMTL 4
False False
Epoch   1  Train Loss 0.1789 80.83%
Epoch   1:  Dev 0.4678539037704468
Epoch   1: Test 0.45866382122039795
patience: 0 / 5
Epoch   2  Train Loss 0.0964 81.67%
Epoch   2:  Dev 0.5145374536514282
Epoch   2: Test 0.50051349401474
patience: 0 / 5
Epoch   3  Train Loss 0.0857 81.87%
Epoch   3:  Dev 0.5520581007003784
Epoch   3: Test 0.5523064732551575
patience: 0 / 5
Epoch   4  Train Loss 0.0783 82.00%
Epoch   4:  Dev 0.5405558943748474
patience: 1 / 5
Epoch   5  Train Loss 0.0722 82.14%
Epoch   5:  Dev 0.5738236308097839
Epoch   5: Test 0.5574649572372437
patience: 0 / 5
Epoch   6  Train Loss 0.0667 82.27%
Epoch   6:  Dev 0.5579671859741211
patience: 1 / 5
Epoch   7  Train Loss 0.0609 82.40%
Epoch   7:  Dev 0.5761773586273193
Epoch   7: Test 0.5784313678741455
patience: 0 / 5
Epoch   8  Train Loss 0.0563 82.51%
Epoch   8:  Dev 0.5635948777198792
patience: 1 / 5
Epoch   9  Train Loss 0.0515 82.62%
Epoch   9:  Dev 0.570999264717102
patience: 2 / 5
Epoch  10  Train Loss 0.0470 82.78%
Epoch  10:  Dev 0.5581632256507874
patience: 3 / 5
Epoch  11  Train Loss 0.0427 82.93%
Epoch  11:  Dev 0.5772978663444519
Epoch  11: Test 0.5611444115638733
patience: 0 / 5
Epoch  12  Train Loss 0.0392 83.02%
Epoch  12:  Dev 0.561623215675354
patience: 1 / 5
Epoch  13  Train Loss 0.0358 83.15%
Epoch  13:  Dev 0.5729218125343323
patience: 2 / 5
Epoch  14  Train Loss 0.0328 83.24%
Epoch  14:  Dev 0.5677255392074585
patience: 3 / 5
Epoch  15  Train Loss 0.0302 83.34%
Epoch  15:  Dev 0.561904788017273
patience: 4 / 5
setting train exemplar for learned classes
torch.Size([700, 2048])
BEST DEV 0: 0.5772978663444519
BEST TEST 0: 0.5611444115638733
torch.Size([700, 2048])
Epoch   1  Train Loss 31.6943 95.74%
Epoch   1:  Dev 0.5255295634269714
Epoch   1: Test 0.5260785222053528
patience: 0 / 5
Epoch   2  Train Loss 38.5441 96.48%
Epoch   2:  Dev 0.5535928010940552
Epoch   2: Test 0.551365852355957
patience: 0 / 5
Epoch   3  Train Loss 33.5153 95.68%
Epoch   3:  Dev 0.48974668979644775
patience: 1 / 5
Epoch   4  Train Loss 17.7626 94.50%
Epoch   4:  Dev 0.5288662910461426
patience: 2 / 5
Epoch   5  Train Loss 24.3520 95.90%
Epoch   5:  Dev 0.5348196625709534
patience: 3 / 5
Epoch   6  Train Loss 27.8161 96.19%
Epoch   6:  Dev 0.5570878386497498
Epoch   6: Test 0.5657083988189697
patience: 0 / 5
Epoch   7  Train Loss 31.4297 96.33%
Epoch   7:  Dev 0.5473126769065857
patience: 1 / 5
Epoch   8  Train Loss 34.7491 96.45%
Epoch   8:  Dev 0.5415337681770325
patience: 2 / 5
Epoch   9  Train Loss 38.9619 96.53%
Epoch   9:  Dev 0.5536865592002869
patience: 3 / 5
Epoch  10  Train Loss 46.3161 96.64%
Epoch  10:  Dev 0.5475444197654724
patience: 4 / 5
Epoch  11  Train Loss 57.8467 96.70%
Epoch  11:  Dev 0.5366697311401367
patience: 5 / 5
setting train exemplar for learned classes
torch.Size([1320, 2048])
BEST DEV 1: 0.5570878386497498
BEST TEST 1: 0.5657083988189697
torch.Size([1320, 2048])
Epoch   1  Train Loss 6.3710 88.50%
Epoch   1:  Dev 0.3992549777030945
Epoch   1: Test 0.38916051387786865
patience: 0 / 5
Epoch   2  Train Loss 4.7674 88.71%
Epoch   2:  Dev 0.4472526013851166
Epoch   2: Test 0.4459863603115082
patience: 0 / 5
Epoch   3  Train Loss 6.1040 90.78%
Epoch   3:  Dev 0.45756128430366516
Epoch   3: Test 0.4588528573513031
patience: 0 / 5
Epoch   4  Train Loss 7.8519 92.20%
Epoch   4:  Dev 0.4881168305873871
Epoch   4: Test 0.4910234212875366
patience: 0 / 5
Epoch   5  Train Loss 9.4449 93.23%
Epoch   5:  Dev 0.5128205418586731
Epoch   5: Test 0.515164315700531
patience: 0 / 5
Epoch   6  Train Loss 11.4704 93.82%
Epoch   6:  Dev 0.5163155794143677
Epoch   6: Test 0.5225173234939575
patience: 0 / 5
Epoch   7  Train Loss 13.4598 94.31%
Epoch   7:  Dev 0.5373730659484863
Epoch   7: Test 0.5373221635818481
patience: 0 / 5
Epoch   8  Train Loss 15.5687 94.66%
Epoch   8:  Dev 0.53658127784729
patience: 1 / 5
Epoch   9  Train Loss 17.3299 94.93%
Epoch   9:  Dev 0.5447044968605042
Epoch   9: Test 0.5477513074874878
patience: 0 / 5
Epoch  10  Train Loss 19.6850 95.22%
Epoch  10:  Dev 0.525585412979126
patience: 1 / 5
Epoch  11  Train Loss 21.6265 95.51%
Epoch  11:  Dev 0.544395923614502
patience: 2 / 5
Epoch  12  Train Loss 23.4598 95.86%
Epoch  12:  Dev 0.5460942983627319
Epoch  12: Test 0.553934633731842
patience: 0 / 5
Epoch  13  Train Loss 25.6068 96.12%
Epoch  13:  Dev 0.5501562356948853
Epoch  13: Test 0.5597522854804993
patience: 0 / 5
Epoch  14  Train Loss 27.5012 96.23%
Epoch  14:  Dev 0.545292317867279
patience: 1 / 5
Epoch  15  Train Loss 29.9600 96.32%
Epoch  15:  Dev 0.5547073483467102
Epoch  15: Test 0.5659390687942505
patience: 0 / 5
setting train exemplar for learned classes
torch.Size([1980, 2048])
BEST DEV 2: 0.5547073483467102
BEST TEST 2: 0.5659390687942505
torch.Size([1980, 2048])
Epoch   1  Train Loss 9.1125 89.24%
Epoch   1:  Dev 0.4390190839767456
Epoch   1: Test 0.4457553029060364
patience: 0 / 5
Epoch   2  Train Loss 8.9049 89.96%
Epoch   2:  Dev 0.4642961919307709
Epoch   2: Test 0.47558197379112244
patience: 0 / 5
Epoch   3  Train Loss 11.4446 91.50%
Epoch   3:  Dev 0.4788627326488495
Epoch   3: Test 0.4896087050437927
patience: 0 / 5
Epoch   4  Train Loss 14.6495 92.46%
Epoch   4:  Dev 0.49203404784202576
Epoch   4: Test 0.506389856338501
patience: 0 / 5
Epoch   5  Train Loss 18.2810 93.32%
Epoch   5:  Dev 0.4926147162914276
Epoch   5: Test 0.5047112107276917
patience: 0 / 5
Epoch   6  Train Loss 21.9851 94.00%
Epoch   6:  Dev 0.4991375505924225
Epoch   6: Test 0.5126566886901855
patience: 0 / 5
Epoch   7  Train Loss 26.7926 94.97%
Epoch   7:  Dev 0.5076290369033813
Epoch   7: Test 0.5201823115348816
patience: 0 / 5
Epoch   8  Train Loss 30.2832 95.17%
Epoch   8:  Dev 0.5101108551025391
Epoch   8: Test 0.5243448615074158
patience: 0 / 5
Epoch   9  Train Loss 34.4897 95.43%
Epoch   9:  Dev 0.5189354419708252
Epoch   9: Test 0.5330764055252075
patience: 0 / 5
Epoch  10  Train Loss 37.4767 95.56%
Epoch  10:  Dev 0.5272179245948792
Epoch  10: Test 0.5397758483886719
patience: 0 / 5
Epoch  11  Train Loss 39.9230 95.73%
Epoch  11:  Dev 0.5141048431396484
patience: 1 / 5
Epoch  12  Train Loss 42.7888 95.82%
Epoch  12:  Dev 0.5148333311080933
patience: 2 / 5
Epoch  13  Train Loss 45.4614 95.94%
Epoch  13:  Dev 0.522941529750824
patience: 3 / 5
Epoch  14  Train Loss 47.8956 96.03%
Epoch  14:  Dev 0.519454836845398
patience: 4 / 5
Epoch  15  Train Loss 49.6528 96.11%
Epoch  15:  Dev 0.5265067219734192
patience: 5 / 5
setting train exemplar for learned classes
torch.Size([2580, 2048])
BEST DEV 3: 0.5272179245948792
BEST TEST 3: 0.5397758483886719
torch.Size([2580, 2048])
Epoch   1  Train Loss 24.5589 92.73%
Epoch   1:  Dev 0.4665312170982361
Epoch   1: Test 0.4725274443626404
patience: 0 / 5
Epoch   2  Train Loss 57.8357 94.46%
Epoch   2:  Dev 0.47585490345954895
Epoch   2: Test 0.4820762574672699
patience: 0 / 5
Epoch   3  Train Loss 105.0706 94.50%
Epoch   3:  Dev 0.4916624128818512
Epoch   3: Test 0.4968520700931549
patience: 0 / 5
Epoch   4  Train Loss 190.8821 94.20%
Epoch   4:  Dev 0.49554207921028137
Epoch   4: Test 0.503645658493042
patience: 0 / 5
Epoch   5  Train Loss 257.0326 93.55%
Epoch   5:  Dev 0.5006189346313477
Epoch   5: Test 0.5093086361885071
patience: 0 / 5
Epoch   6  Train Loss 217.5212 93.77%
Epoch   6:  Dev 0.5020948052406311
Epoch   6: Test 0.5108702778816223
patience: 0 / 5
Epoch   7  Train Loss 219.5982 94.15%
Epoch   7:  Dev 0.5014326572418213
patience: 1 / 5
Epoch   8  Train Loss 212.4851 94.33%
Epoch   8:  Dev 0.5047394633293152
Epoch   8: Test 0.5114685297012329
patience: 0 / 5
Epoch   9  Train Loss 212.1998 94.53%
Epoch   9:  Dev 0.5055540204048157
Epoch   9: Test 0.5108538866043091
patience: 0 / 5
Epoch  10  Train Loss 214.7823 94.70%
Epoch  10:  Dev 0.5036864876747131
patience: 1 / 5
Epoch  11  Train Loss 213.7048 94.85%
Epoch  11:  Dev 0.5116864442825317
Epoch  11: Test 0.5192490220069885
patience: 0 / 5
Epoch  12  Train Loss 212.1240 95.00%
Epoch  12:  Dev 0.5044845342636108
patience: 1 / 5
Epoch  13  Train Loss 214.0656 95.09%
Epoch  13:  Dev 0.5105375647544861
patience: 2 / 5
Epoch  14  Train Loss 217.5460 95.22%
Epoch  14:  Dev 0.5064435005187988
patience: 3 / 5
Epoch  15  Train Loss 223.1921 95.31%
Epoch  15:  Dev 0.5021587014198303
patience: 4 / 5
setting train exemplar for learned classes
torch.Size([3360, 2048])
BEST DEV 4: 0.5116864442825317
BEST TEST 4: 0.5192490220069885
