Dump name space
results/maven/FairGrad_woLMH_narate-4_cluster-4_gen-20/perm_4/options.json
Dump name space
results/maven/FairGrad_woLMH_narate-4_cluster-4_gen-20/perm_4/options.json
Dump name space
results/maven/FairGrad_woLMH_narate-4_cluster-4_gen-20/perm_4/options.json
Dump name space
results/maven/FairGrad_woLMH_narate-4_cluster-4_gen-20/perm_4/options.json
Dump name space
results/maven/FairGrad_woLMH_narate-4_cluster-4_gen-20/perm_4/options.json
[[157, 18, 114, 92, 67, 153, 80, 115, 78, 154, 27, 5, 69, 117, 44, 83, 155, 40, 45, 139, 137, 14, 138, 119, 74, 150, 59, 54, 28, 9, 140, 37, 107, 76, 47, 0], [151, 16, 3, 70, 106, 141, 68, 31, 79, 101, 166, 167, 94, 21, 51, 7, 73, 145, 2, 124, 159, 61, 41, 142, 126, 144, 55, 168, 29, 11, 24, 0], [134, 99, 105, 91, 52, 19, 135, 122, 127, 102, 108, 104, 110, 38, 118, 121, 160, 26, 34, 33, 158, 130, 165, 86, 149, 146, 164, 4, 131, 75, 90, 10, 32, 0], [46, 36, 17, 13, 12, 20, 25, 49, 169, 148, 87, 56, 95, 81, 58, 57, 161, 64, 163, 82, 43, 125, 35, 96, 156, 100, 66, 30, 50, 120, 0], [147, 48, 84, 39, 53, 23, 109, 22, 77, 62, 93, 143, 89, 8, 71, 85, 63, 97, 65, 103, 113, 112, 123, 152, 88, 98, 72, 42, 60, 133, 128, 116, 15, 111, 136, 162, 129, 132, 6, 0]]
True
train loader and exclude loader:  0
Original len train instances: 347788
train loader and exclude loader:  1
Original len train instances: 334375
train loader and exclude loader:  2
Original len train instances: 319808
train loader and exclude loader:  3
Original len train instances: 306881
train loader and exclude loader:  4
Original len train instances: 294589
Original len dev instances: 57198
Original len test instances: 98603
create basgMTL 4
False True
Epoch   1  Train Loss 0.4776 80.66%
Epoch   1:  Dev 0.5105413198471069
Epoch   1: Test 0.530616819858551
patience: 0 / 5
Epoch   2  Train Loss 0.2754 81.29%
Epoch   2:  Dev 0.533912718296051
Epoch   2: Test 0.5475980639457703
patience: 0 / 5
Epoch   3  Train Loss 0.2374 81.40%
Epoch   3:  Dev 0.5245377421379089
patience: 1 / 5
Epoch   4  Train Loss 0.2105 81.57%
Epoch   4:  Dev 0.5268396735191345
patience: 2 / 5
Epoch   5  Train Loss 0.1884 81.66%
Epoch   5:  Dev 0.5121539831161499
patience: 3 / 5
Epoch   6  Train Loss 0.1682 81.87%
Epoch   6:  Dev 0.5276311039924622
patience: 4 / 5
Epoch   7  Train Loss 0.1477 82.02%
Epoch   7:  Dev 0.5410765409469604
Epoch   7: Test 0.5534355640411377
patience: 0 / 5
Epoch   8  Train Loss 0.1339 82.14%
Epoch   8:  Dev 0.5360602736473083
patience: 1 / 5
Epoch   9  Train Loss 0.1190 82.31%
Epoch   9:  Dev 0.5494787096977234
Epoch   9: Test 0.5560557246208191
patience: 0 / 5
Epoch  10  Train Loss 0.1080 82.44%
Epoch  10:  Dev 0.5436030030250549
patience: 1 / 5
Epoch  11  Train Loss 0.0983 82.56%
Epoch  11:  Dev 0.5405007600784302
patience: 2 / 5
Epoch  12  Train Loss 0.0901 82.66%
Epoch  12:  Dev 0.5447093844413757
patience: 3 / 5
Epoch  13  Train Loss 0.0831 82.78%
Epoch  13:  Dev 0.539228618144989
patience: 4 / 5
Epoch  14  Train Loss 0.0766 82.87%
Epoch  14:  Dev 0.5537270307540894
Epoch  14: Test 0.5657461285591125
patience: 0 / 5
Epoch  15  Train Loss 0.0712 82.97%
Epoch  15:  Dev 0.5561455488204956
Epoch  15: Test 0.5662205815315247
patience: 0 / 5
setting train exemplar for learned classes
torch.Size([700, 2048])
BEST DEV 0: 0.5561455488204956
BEST TEST 0: 0.5662205815315247
torch.Size([700, 2048])
Epoch   1  Train Loss 2.3432 87.33%
Epoch   1:  Dev 0.3771609961986542
Epoch   1: Test 0.379900723695755
patience: 0 / 5
Epoch   2  Train Loss 1.8833 88.69%
Epoch   2:  Dev 0.36770471930503845
patience: 1 / 5
Epoch   3  Train Loss 2.3596 90.22%
Epoch   3:  Dev 0.4668295979499817
Epoch   3: Test 0.46743452548980713
patience: 0 / 5
Epoch   4  Train Loss 2.8540 90.98%
Epoch   4:  Dev 0.4794193506240845
Epoch   4: Test 0.48348456621170044
patience: 0 / 5
Epoch   5  Train Loss 3.4338 91.49%
Epoch   5:  Dev 0.4819256067276001
Epoch   5: Test 0.4820987582206726
patience: 0 / 5
Epoch   6  Train Loss 4.0610 91.80%
Epoch   6:  Dev 0.5030457973480225
Epoch   6: Test 0.5003615617752075
patience: 0 / 5
Epoch   7  Train Loss 5.0169 92.15%
Epoch   7:  Dev 0.5164402723312378
Epoch   7: Test 0.5115275382995605
patience: 0 / 5
Epoch   8  Train Loss 6.0691 92.35%
Epoch   8:  Dev 0.5182133913040161
Epoch   8: Test 0.5202999711036682
patience: 0 / 5
Epoch   9  Train Loss 7.4435 92.64%
Epoch   9:  Dev 0.5278298854827881
Epoch   9: Test 0.5279814600944519
patience: 0 / 5
Epoch  10  Train Loss 8.6991 92.85%
Epoch  10:  Dev 0.529319703578949
Epoch  10: Test 0.5263785123825073
patience: 0 / 5
Epoch  11  Train Loss 10.3657 93.09%
Epoch  11:  Dev 0.544106662273407
Epoch  11: Test 0.5432411432266235
patience: 0 / 5
Epoch  12  Train Loss 12.3701 93.24%
Epoch  12:  Dev 0.5419342517852783
patience: 1 / 5
Epoch  13  Train Loss 14.0346 93.44%
Epoch  13:  Dev 0.5374929308891296
patience: 2 / 5
Epoch  14  Train Loss 16.1040 93.58%
Epoch  14:  Dev 0.5586454272270203
Epoch  14: Test 0.5548617839813232
patience: 0 / 5
Epoch  15  Train Loss 17.8253 93.76%
Epoch  15:  Dev 0.560964047908783
Epoch  15: Test 0.5562899112701416
patience: 0 / 5
setting train exemplar for learned classes
torch.Size([1320, 2048])
BEST DEV 1: 0.560964047908783
BEST TEST 1: 0.5562899112701416
torch.Size([1320, 2048])
Epoch   1  Train Loss 4.2693 85.67%
Epoch   1:  Dev 0.3790580630302429
Epoch   1: Test 0.3715669810771942
patience: 0 / 5
Epoch   2  Train Loss 3.1417 78.91%
Epoch   2:  Dev 0.41667911410331726
Epoch   2: Test 0.4114186465740204
patience: 0 / 5
Epoch   3  Train Loss 3.4780 81.78%
Epoch   3:  Dev 0.4479442834854126
Epoch   3: Test 0.4400666654109955
patience: 0 / 5
Epoch   4  Train Loss 3.9169 83.10%
Epoch   4:  Dev 0.43917039036750793
patience: 1 / 5
Epoch   5  Train Loss 4.3208 84.56%
Epoch   5:  Dev 0.47268959879875183
Epoch   5: Test 0.4597489833831787
patience: 0 / 5
Epoch   6  Train Loss 4.6597 85.57%
Epoch   6:  Dev 0.4953041076660156
Epoch   6: Test 0.4891606569290161
patience: 0 / 5
Epoch   7  Train Loss 5.2324 86.76%
Epoch   7:  Dev 0.5015684366226196
Epoch   7: Test 0.4944007992744446
patience: 0 / 5
Epoch   8  Train Loss 5.8153 87.51%
Epoch   8:  Dev 0.5177105069160461
Epoch   8: Test 0.5110976696014404
patience: 0 / 5
Epoch   9  Train Loss 6.4781 88.29%
Epoch   9:  Dev 0.5335829854011536
Epoch   9: Test 0.5243655443191528
patience: 0 / 5
Epoch  10  Train Loss 7.1588 88.97%
Epoch  10:  Dev 0.5444730520248413
Epoch  10: Test 0.5365563035011292
patience: 0 / 5
Epoch  11  Train Loss 7.9750 89.51%
Epoch  11:  Dev 0.5457185506820679
Epoch  11: Test 0.5364248156547546
patience: 0 / 5
Epoch  12  Train Loss 9.1362 90.06%
Epoch  12:  Dev 0.5555893182754517
Epoch  12: Test 0.5504463911056519
patience: 0 / 5
Epoch  13  Train Loss 10.1816 90.44%
Epoch  13:  Dev 0.5587434768676758
Epoch  13: Test 0.5523051619529724
patience: 0 / 5
Epoch  14  Train Loss 11.2635 90.80%
Epoch  14:  Dev 0.5621447563171387
Epoch  14: Test 0.556221604347229
patience: 0 / 5
Epoch  15  Train Loss 12.7490 91.19%
Epoch  15:  Dev 0.565354585647583
Epoch  15: Test 0.5633147358894348
patience: 0 / 5
setting train exemplar for learned classes
torch.Size([1980, 2048])
BEST DEV 2: 0.565354585647583
BEST TEST 2: 0.5633147358894348
torch.Size([1980, 2048])
Epoch   1  Train Loss 6.2572 82.11%
Epoch   1:  Dev 0.39476242661476135
Epoch   1: Test 0.39510461688041687
patience: 0 / 5
Epoch   2  Train Loss 4.8987 77.02%
Epoch   2:  Dev 0.44330957531929016
Epoch   2: Test 0.4405955970287323
patience: 0 / 5
Epoch   3  Train Loss 5.5559 80.08%
Epoch   3:  Dev 0.4571356475353241
Epoch   3: Test 0.45749974250793457
patience: 0 / 5
Epoch   4  Train Loss 6.1151 81.89%
Epoch   4:  Dev 0.4741211533546448
Epoch   4: Test 0.4752556383609772
patience: 0 / 5
Epoch   5  Train Loss 6.8476 83.32%
Epoch   5:  Dev 0.49371904134750366
Epoch   5: Test 0.49174198508262634
patience: 0 / 5
Epoch   6  Train Loss 7.5199 84.36%
Epoch   6:  Dev 0.4966070353984833
Epoch   6: Test 0.49692457914352417
patience: 0 / 5
Epoch   7  Train Loss 8.2498 85.15%
Epoch   7:  Dev 0.5075122117996216
Epoch   7: Test 0.5072689056396484
patience: 0 / 5
Epoch   8  Train Loss 9.2124 86.05%
Epoch   8:  Dev 0.5192679166793823
Epoch   8: Test 0.5207129120826721
patience: 0 / 5
Epoch   9  Train Loss 10.2691 86.57%
Epoch   9:  Dev 0.5250770449638367
Epoch   9: Test 0.5235618948936462
patience: 0 / 5
Epoch  10  Train Loss 11.5861 87.22%
Epoch  10:  Dev 0.5359902381896973
Epoch  10: Test 0.5364252924919128
patience: 0 / 5
Epoch  11  Train Loss 12.1445 87.62%
Epoch  11:  Dev 0.5432630181312561
Epoch  11: Test 0.5447806715965271
patience: 0 / 5
Epoch  12  Train Loss 13.1404 88.01%
Epoch  12:  Dev 0.5446385741233826
Epoch  12: Test 0.5475239157676697
patience: 0 / 5
Epoch  13  Train Loss 13.6705 88.44%
Epoch  13:  Dev 0.5474876165390015
Epoch  13: Test 0.5493451952934265
patience: 0 / 5
Epoch  14  Train Loss 14.4392 89.20%
Epoch  14:  Dev 0.5623228549957275
Epoch  14: Test 0.5600348711013794
patience: 0 / 5
Epoch  15  Train Loss 15.7536 89.72%
Epoch  15:  Dev 0.5670650601387024
Epoch  15: Test 0.5671114921569824
patience: 0 / 5
setting train exemplar for learned classes
torch.Size([2580, 2048])
BEST DEV 3: 0.5670650601387024
BEST TEST 3: 0.5671114921569824
torch.Size([2580, 2048])
Epoch   1  Train Loss 12.4599 85.71%
Epoch   1:  Dev 0.5225681066513062
Epoch   1: Test 0.530042827129364
patience: 0 / 5
Epoch   2  Train Loss 38.2240 84.68%
Epoch   2:  Dev 0.4893703758716583
patience: 1 / 5
Epoch   3  Train Loss 43.5472 82.90%
Epoch   3:  Dev 0.5031217932701111
patience: 2 / 5
Epoch   4  Train Loss 40.3755 84.16%
Epoch   4:  Dev 0.5121867060661316
patience: 3 / 5
Epoch   5  Train Loss 42.2899 85.02%
Epoch   5:  Dev 0.521033763885498
patience: 4 / 5
Epoch   6  Train Loss 44.5335 85.66%
Epoch   6:  Dev 0.5238602161407471
Epoch   6: Test 0.5322023630142212
patience: 0 / 5
Epoch   7  Train Loss 47.2180 86.36%
Epoch   7:  Dev 0.5325382947921753
Epoch   7: Test 0.5403527021408081
patience: 0 / 5
Epoch   8  Train Loss 50.0134 86.99%
Epoch   8:  Dev 0.539598822593689
Epoch   8: Test 0.5455806851387024
patience: 0 / 5
Epoch   9  Train Loss 52.3639 87.35%
Epoch   9:  Dev 0.5400474071502686
Epoch   9: Test 0.5468189716339111
patience: 0 / 5
Epoch  10  Train Loss 56.7402 87.71%
Epoch  10:  Dev 0.5475960373878479
Epoch  10: Test 0.5520573258399963
patience: 0 / 5
Epoch  11  Train Loss 58.4829 88.03%
Epoch  11:  Dev 0.5499475002288818
Epoch  11: Test 0.555475115776062
patience: 0 / 5
Epoch  12  Train Loss 61.9156 88.20%
Epoch  12:  Dev 0.5509442687034607
Epoch  12: Test 0.5552167296409607
patience: 0 / 5
Epoch  13  Train Loss 63.1502 88.52%
Epoch  13:  Dev 0.5554738640785217
Epoch  13: Test 0.5606356859207153
patience: 0 / 5
Epoch  14  Train Loss 65.5315 88.69%
Epoch  14:  Dev 0.554645836353302
patience: 1 / 5
Epoch  15  Train Loss 67.5211 88.82%
Epoch  15:  Dev 0.5581527948379517
Epoch  15: Test 0.5653397440910339
patience: 0 / 5
setting train exemplar for learned classes
torch.Size([3360, 2048])
BEST DEV 4: 0.5581527948379517
BEST TEST 4: 0.5653397440910339
