Dump name space
results/ace/NashMTL_mi_narate-40_cluster-4_gen-10_lm_temp-2_class_alpha-0.2/perm_1/options.json
Dump name space
results/ace/NashMTL_mi_narate-40_cluster-4_gen-10_lm_temp-2_class_alpha-0.2/perm_1/options.json
Dump name space
results/ace/NashMTL_mi_narate-40_cluster-4_gen-10_lm_temp-2_class_alpha-0.2/perm_1/options.json
Dump name space
results/ace/NashMTL_mi_narate-40_cluster-4_gen-10_lm_temp-2_class_alpha-0.2/perm_1/options.json
Dump name space
results/ace/NashMTL_mi_narate-40_cluster-4_gen-10_lm_temp-2_class_alpha-0.2/perm_1/options.json
[[196, 181, 182, 202, 185, 176, 170, 192, 0], [200, 180, 173, 198, 177, 0], [201, 183, 193, 172, 175, 0], [191, 187, 195, 171, 174, 179, 0], [188, 199, 184, 194, 189, 190, 178, 186, 197, 0]]
False
train loader and exclude loader:  0
Original len train instances: 265115
train loader and exclude loader:  1
Original len train instances: 264503
train loader and exclude loader:  2
Original len train instances: 263784
train loader and exclude loader:  3
Original len train instances: 262450
train loader and exclude loader:  4
Original len train instances: 261611
Original len dev instances: 54053
Original len test instances: 93949
create basgMTL 4
False True
Epoch   1  Train Loss 1.2380 99.21%
Epoch   1:  Dev 0.41584157943725586
Epoch   1: Test 0.4303797781467438
patience: 0 / 6
Epoch   2  Train Loss 1.1460 99.57%
Epoch   2:  Dev 0.4377104341983795
Epoch   2: Test 0.44393593072891235
patience: 0 / 6
Epoch   3  Train Loss 1.1371 99.58%
Epoch   3:  Dev 0.5585585236549377
Epoch   3: Test 0.5080214142799377
patience: 0 / 6
Epoch   4  Train Loss 1.1307 99.65%
Epoch   4:  Dev 0.5876288414001465
Epoch   4: Test 0.5146198868751526
patience: 0 / 6
Epoch   5  Train Loss 1.1268 99.70%
Epoch   5:  Dev 0.4776119589805603
patience: 1 / 6
Epoch   6  Train Loss 1.1229 99.75%
Epoch   6:  Dev 0.5837838053703308
patience: 2 / 6
Epoch   7  Train Loss 1.1209 99.78%
Epoch   7:  Dev 0.6051282286643982
Epoch   7: Test 0.4970059394836426
patience: 0 / 6
Epoch   8  Train Loss 1.1188 99.80%
Epoch   8:  Dev 0.5527638792991638
patience: 1 / 6
Epoch   9  Train Loss 1.1183 99.81%
Epoch   9:  Dev 0.6124401688575745
Epoch   9: Test 0.4657534062862396
patience: 0 / 6
Epoch  10  Train Loss 1.1161 99.86%
Epoch  10:  Dev 0.577114462852478
patience: 1 / 6
Epoch  11  Train Loss 1.1152 99.87%
Epoch  11:  Dev 0.6321839094161987
Epoch  11: Test 0.44728437066078186
patience: 0 / 6
Epoch  12  Train Loss 1.1148 99.88%
Epoch  12:  Dev 0.6279069781303406
patience: 1 / 6
Epoch  13  Train Loss 1.1141 99.90%
Epoch  13:  Dev 0.612021803855896
patience: 2 / 6
Epoch  14  Train Loss 1.1140 99.89%
Epoch  14:  Dev 0.5236051082611084
patience: 3 / 6
Epoch  15  Train Loss 1.1130 99.92%
Epoch  15:  Dev 0.6455696225166321
Epoch  15: Test 0.45517241954803467
patience: 0 / 6
Epoch  16  Train Loss 1.1128 99.93%
Epoch  16:  Dev 0.6081081628799438
patience: 1 / 6
Epoch  17  Train Loss 1.1130 99.91%
Epoch  17:  Dev 0.6111111640930176
patience: 2 / 6
Epoch  18  Train Loss 1.1125 99.93%
Epoch  18:  Dev 0.6404494643211365
patience: 3 / 6
Epoch  19  Train Loss 1.1118 99.94%
Epoch  19:  Dev 0.5649717450141907
patience: 4 / 6
Epoch  20  Train Loss 1.1120 99.94%
Epoch  20:  Dev 0.5608465671539307
patience: 5 / 6
Epoch  21  Train Loss 1.1116 99.95%
Epoch  21:  Dev 0.5812807083129883
patience: 6 / 6
setting train exemplar for learned classes
torch.Size([160, 2048])
BEST DEV 0: 0.6455696225166321
BEST TEST 0: 0.45517241954803467
torch.Size([160, 2048])
Epoch   1  Train Loss 4.5988 98.41%
Epoch   1:  Dev 0.5372461080551147
Epoch   1: Test 0.4577259421348572
patience: 0 / 6
Epoch   2  Train Loss 4.4992 99.41%
Epoch   2:  Dev 0.5720720887184143
Epoch   2: Test 0.4712812900543213
patience: 0 / 6
Epoch   3  Train Loss 4.4834 99.49%
Epoch   3:  Dev 0.568129301071167
patience: 1 / 6
Epoch   4  Train Loss 4.4671 99.55%
Epoch   4:  Dev 0.5514222979545593
patience: 2 / 6
Epoch   5  Train Loss 4.4655 99.61%
Epoch   5:  Dev 0.5570175051689148
patience: 3 / 6
Epoch   6  Train Loss 4.4628 99.66%
Epoch   6:  Dev 0.6071428656578064
Epoch   6: Test 0.48566609621047974
patience: 0 / 6
Epoch   7  Train Loss 4.4613 99.71%
Epoch   7:  Dev 0.5948717594146729
patience: 1 / 6
Epoch   8  Train Loss 4.4524 99.75%
Epoch   8:  Dev 0.6040608882904053
patience: 2 / 6
Epoch   9  Train Loss 4.4506 99.79%
Epoch   9:  Dev 0.6101694703102112
Epoch   9: Test 0.47750863432884216
patience: 0 / 6
Epoch  10  Train Loss 4.4483 99.81%
Epoch  10:  Dev 0.5759162306785583
patience: 1 / 6
Epoch  11  Train Loss 4.4436 99.83%
Epoch  11:  Dev 0.5722070932388306
patience: 2 / 6
Epoch  12  Train Loss 4.4495 99.85%
Epoch  12:  Dev 0.5917807817459106
patience: 3 / 6
Epoch  13  Train Loss 4.4441 99.87%
Epoch  13:  Dev 0.6005830764770508
patience: 4 / 6
Epoch  14  Train Loss 4.4493 99.89%
Epoch  14:  Dev 0.5777778029441833
patience: 5 / 6
Epoch  15  Train Loss 4.4391 99.88%
Epoch  15:  Dev 0.5859154462814331
patience: 6 / 6
setting train exemplar for learned classes
torch.Size([260, 2048])
BEST DEV 1: 0.6101694703102112
BEST TEST 1: 0.47750863432884216
torch.Size([260, 2048])
Epoch   1  Train Loss 4.7929 96.79%
Epoch   1:  Dev 0.6172839403152466
Epoch   1: Test 0.5916398763656616
patience: 0 / 6
Epoch   2  Train Loss 4.5853 99.42%
Epoch   2:  Dev 0.6462035775184631
Epoch   2: Test 0.6206896901130676
patience: 0 / 6
Epoch   3  Train Loss 4.5795 99.49%
Epoch   3:  Dev 0.6336939334869385
patience: 1 / 6
Epoch   4  Train Loss 4.5688 99.56%
Epoch   4:  Dev 0.6559485197067261
Epoch   4: Test 0.617038905620575
patience: 0 / 6
Epoch   5  Train Loss 4.5607 99.60%
Epoch   5:  Dev 0.6721311807632446
Epoch   5: Test 0.6319385170936584
patience: 0 / 6
Epoch   6  Train Loss 4.5582 99.64%
Epoch   6:  Dev 0.664536714553833
patience: 1 / 6
Epoch   7  Train Loss 4.5559 99.68%
Epoch   7:  Dev 0.6580645442008972
patience: 2 / 6
Epoch   8  Train Loss 4.5562 99.72%
Epoch   8:  Dev 0.6809917092323303
Epoch   8: Test 0.6334763765335083
patience: 0 / 6
Epoch   9  Train Loss 4.5539 99.72%
Epoch   9:  Dev 0.6710526347160339
patience: 1 / 6
Epoch  10  Train Loss 4.5538 99.77%
Epoch  10:  Dev 0.681430995464325
Epoch  10: Test 0.6446428894996643
patience: 0 / 6
Epoch  11  Train Loss 4.5502 99.78%
Epoch  11:  Dev 0.6655347943305969
patience: 1 / 6
Epoch  12  Train Loss 4.5477 99.81%
Epoch  12:  Dev 0.6721581816673279
patience: 2 / 6
Epoch  13  Train Loss 4.5464 99.83%
Epoch  13:  Dev 0.6779661178588867
patience: 3 / 6
Epoch  14  Train Loss 4.5458 99.81%
Epoch  14:  Dev 0.6800670027732849
patience: 4 / 6
Epoch  15  Train Loss 4.5481 99.82%
Epoch  15:  Dev 0.670103132724762
patience: 5 / 6
Epoch  16  Train Loss 4.5480 99.85%
Epoch  16:  Dev 0.6512396931648254
patience: 6 / 6
setting train exemplar for learned classes
torch.Size([360, 2048])
BEST DEV 2: 0.681430995464325
BEST TEST 2: 0.6446428894996643
torch.Size([360, 2048])
Epoch   1  Train Loss 4.7996 97.86%
Epoch   1:  Dev 0.6354008913040161
Epoch   1: Test 0.6215253472328186
patience: 0 / 6
Epoch   2  Train Loss 4.6661 99.57%
Epoch   2:  Dev 0.6320610642433167
patience: 1 / 6
Epoch   3  Train Loss 4.6529 99.61%
Epoch   3:  Dev 0.6442747712135315
Epoch   3: Test 0.6243691444396973
patience: 0 / 6
Epoch   4  Train Loss 4.6430 99.65%
Epoch   4:  Dev 0.6403785347938538
patience: 1 / 6
Epoch   5  Train Loss 4.6365 99.68%
Epoch   5:  Dev 0.6246245503425598
patience: 2 / 6
Epoch   6  Train Loss 4.6325 99.74%
Epoch   6:  Dev 0.6309341192245483
patience: 3 / 6
Epoch   7  Train Loss 4.6301 99.77%
Epoch   7:  Dev 0.650306761264801
Epoch   7: Test 0.6225854158401489
patience: 0 / 6
Epoch   8  Train Loss 4.6278 99.80%
Epoch   8:  Dev 0.6441223621368408
patience: 1 / 6
Epoch   9  Train Loss 4.6286 99.81%
Epoch   9:  Dev 0.6521739363670349
Epoch   9: Test 0.6304023861885071
patience: 0 / 6
Epoch  10  Train Loss 4.6266 99.82%
Epoch  10:  Dev 0.6521060466766357
patience: 1 / 6
Epoch  11  Train Loss 4.6243 99.84%
Epoch  11:  Dev 0.6471544504165649
patience: 2 / 6
Epoch  12  Train Loss 4.6246 99.85%
Epoch  12:  Dev 0.660347580909729
Epoch  12: Test 0.635682225227356
patience: 0 / 6
Epoch  13  Train Loss 4.6246 99.86%
Epoch  13:  Dev 0.6571879386901855
patience: 1 / 6
Epoch  14  Train Loss 4.6244 99.87%
Epoch  14:  Dev 0.6450616717338562
patience: 2 / 6
Epoch  15  Train Loss 4.6242 99.88%
Epoch  15:  Dev 0.6362205147743225
patience: 3 / 6
Epoch  16  Train Loss 4.6221 99.88%
Epoch  16:  Dev 0.6309148669242859
patience: 4 / 6
Epoch  17  Train Loss 4.6248 99.87%
Epoch  17:  Dev 0.6454689502716064
patience: 5 / 6
Epoch  18  Train Loss 4.6193 99.89%
Epoch  18:  Dev 0.6335999965667725
patience: 6 / 6
setting train exemplar for learned classes
torch.Size([480, 2048])
BEST DEV 3: 0.660347580909729
BEST TEST 3: 0.635682225227356
torch.Size([480, 2048])
Epoch   1  Train Loss 5.1703 96.59%
Epoch   1:  Dev 0.5502538084983826
Epoch   1: Test 0.5958305597305298
patience: 0 / 6
Epoch   2  Train Loss 4.8985 99.61%
Epoch   2:  Dev 0.5813007950782776
Epoch   2: Test 0.614672839641571
patience: 0 / 6
Epoch   3  Train Loss 4.8846 99.65%
Epoch   3:  Dev 0.5835866332054138
Epoch   3: Test 0.623828649520874
patience: 0 / 6
Epoch   4  Train Loss 4.8757 99.71%
Epoch   4:  Dev 0.5925925374031067
Epoch   4: Test 0.6178081631660461
patience: 0 / 6
Epoch   5  Train Loss 4.8708 99.75%
Epoch   5:  Dev 0.5902702808380127
patience: 1 / 6
Epoch   6  Train Loss 4.8670 99.77%
Epoch   6:  Dev 0.5883597731590271
patience: 2 / 6
Epoch   7  Train Loss 4.8620 99.80%
Epoch   7:  Dev 0.5931642651557922
Epoch   7: Test 0.6201117038726807
patience: 0 / 6
Epoch   8  Train Loss 4.8603 99.82%
Epoch   8:  Dev 0.6053811311721802
Epoch   8: Test 0.6163610816001892
patience: 0 / 6
Epoch   9  Train Loss 4.8581 99.84%
Epoch   9:  Dev 0.5963401794433594
patience: 1 / 6
Epoch  10  Train Loss 4.8585 99.85%
Epoch  10:  Dev 0.5906622409820557
patience: 2 / 6
Epoch  11  Train Loss 4.8579 99.86%
Epoch  11:  Dev 0.5909591913223267
patience: 3 / 6
Epoch  12  Train Loss 4.8580 99.87%
Epoch  12:  Dev 0.5847175717353821
patience: 4 / 6
Epoch  13  Train Loss 4.8550 99.87%
Epoch  13:  Dev 0.59243243932724
patience: 5 / 6
Epoch  14  Train Loss 4.8553 99.87%
Epoch  14:  Dev 0.5659574270248413
patience: 6 / 6
setting train exemplar for learned classes
torch.Size([660, 2048])
BEST DEV 4: 0.6053811311721802
BEST TEST 4: 0.6163610816001892
