Dump name space
results/ace/NashMTL/perm_0/options.json
Dump name space
results/ace/NashMTL/perm_0/options.json
Dump name space
results/ace/NashMTL/perm_0/options.json
Dump name space
results/ace/NashMTL/perm_0/options.json
[[188, 199, 184, 194, 189, 190, 178, 186, 197, 0], [191, 187, 195, 171, 174, 179, 0], [201, 183, 193, 172, 175, 0], [200, 180, 173, 198, 177, 0], [196, 181, 182, 202, 185, 176, 170, 192, 0]]
False
train loader and exclude loader:  0
Original len train instances: 265115
train loader and exclude loader:  1
Original len train instances: 264531
train loader and exclude loader:  2
Original len train instances: 263692
train loader and exclude loader:  3
Original len train instances: 262358
train loader and exclude loader:  4
Original len train instances: 261639
Original len dev instances: 54053
Original len test instances: 93949
create basgMTL 4
False True
Epoch   1  Train Loss 0.1224 99.19%
Epoch   1:  Dev 0.4768212139606476
Epoch   1: Test 0.5648148655891418
patience: 0 / 6
Epoch   2  Train Loss 0.0343 99.65%
Epoch   2:  Dev 0.4289405643939972
patience: 1 / 6
Epoch   3  Train Loss 0.0249 99.67%
Epoch   3:  Dev 0.4661653935909271
patience: 2 / 6
Epoch   4  Train Loss 0.0181 99.71%
Epoch   4:  Dev 0.5349544286727905
Epoch   4: Test 0.6609442234039307
patience: 0 / 6
Epoch   5  Train Loss 0.0142 99.76%
Epoch   5:  Dev 0.4636118710041046
patience: 1 / 6
Epoch   6  Train Loss 0.0113 99.78%
Epoch   6:  Dev 0.4743935763835907
patience: 2 / 6
Epoch   7  Train Loss 0.0097 99.81%
Epoch   7:  Dev 0.5263158082962036
patience: 3 / 6
Epoch   8  Train Loss 0.0082 99.83%
Epoch   8:  Dev 0.4924924969673157
patience: 4 / 6
Epoch   9  Train Loss 0.0071 99.85%
Epoch   9:  Dev 0.4886363446712494
patience: 5 / 6
Epoch  10  Train Loss 0.0070 99.86%
Epoch  10:  Dev 0.5
patience: 6 / 6
setting train exemplar for learned classes
torch.Size([180, 2048])
BEST DEV 0: 0.5349544286727905
BEST TEST 0: 0.6609442234039307
torch.Size([180, 2048])
Epoch   1  Train Loss 3.6711 98.84%
Epoch   1:  Dev 0.4545454680919647
Epoch   1: Test 0.6101694107055664
patience: 0 / 6
Epoch   2  Train Loss 3.5609 99.44%
Epoch   2:  Dev 0.45920300483703613
Epoch   2: Test 0.5519287586212158
patience: 0 / 6
Epoch   3  Train Loss 3.5435 99.50%
Epoch   3:  Dev 0.5128204822540283
Epoch   3: Test 0.6146010756492615
patience: 0 / 6
Epoch   4  Train Loss 3.5316 99.56%
Epoch   4:  Dev 0.511930525302887
patience: 1 / 6
Epoch   5  Train Loss 3.5207 99.59%
Epoch   5:  Dev 0.5095541477203369
patience: 2 / 6
Epoch   6  Train Loss 3.5193 99.62%
Epoch   6:  Dev 0.5288888812065125
Epoch   6: Test 0.6247818470001221
patience: 0 / 6
Epoch   7  Train Loss 3.5075 99.67%
Epoch   7:  Dev 0.5299538969993591
Epoch   7: Test 0.6293706297874451
patience: 0 / 6
Epoch   8  Train Loss 3.5038 99.70%
Epoch   8:  Dev 0.5251141786575317
patience: 1 / 6
Epoch   9  Train Loss 3.5035 99.72%
Epoch   9:  Dev 0.5370370745658875
Epoch   9: Test 0.6265486478805542
patience: 0 / 6
Epoch  10  Train Loss 3.4997 99.75%
Epoch  10:  Dev 0.5345621705055237
patience: 1 / 6
Epoch  11  Train Loss 3.4993 99.76%
Epoch  11:  Dev 0.5450236797332764
Epoch  11: Test 0.6397059559822083
patience: 0 / 6
Epoch  12  Train Loss 3.4970 99.79%
Epoch  12:  Dev 0.5277777910232544
patience: 1 / 6
Epoch  13  Train Loss 3.4960 99.80%
Epoch  13:  Dev 0.5533981323242188
Epoch  13: Test 0.6439394354820251
patience: 0 / 6
Epoch  14  Train Loss 3.4939 99.81%
Epoch  14:  Dev 0.5402843356132507
patience: 1 / 6
Epoch  15  Train Loss 3.4921 99.82%
Epoch  15:  Dev 0.5355450510978699
patience: 2 / 6
Epoch  16  Train Loss 3.4917 99.84%
Epoch  16:  Dev 0.552884578704834
patience: 3 / 6
Epoch  17  Train Loss 3.4891 99.84%
Epoch  17:  Dev 0.5355450510978699
patience: 4 / 6
Epoch  18  Train Loss 3.4904 99.85%
Epoch  18:  Dev 0.5423728823661804
patience: 5 / 6
Epoch  19  Train Loss 3.4908 99.85%
Epoch  19:  Dev 0.55474454164505
Epoch  19: Test 0.6218810081481934
patience: 0 / 6
Epoch  20  Train Loss 3.4888 99.87%
Epoch  20:  Dev 0.5525672435760498
patience: 1 / 6
Epoch  21  Train Loss 3.4904 99.86%
Epoch  21:  Dev 0.5361305475234985
patience: 2 / 6
Epoch  22  Train Loss 3.4903 99.88%
Epoch  22:  Dev 0.5563549399375916
Epoch  22: Test 0.6319845914840698
patience: 0 / 6
Epoch  23  Train Loss 3.4886 99.88%
Epoch  23:  Dev 0.5582524538040161
Epoch  23: Test 0.632612943649292
patience: 0 / 6
Epoch  24  Train Loss 3.4891 99.88%
Epoch  24:  Dev 0.5450236797332764
patience: 1 / 6
Epoch  25  Train Loss 3.4852 99.88%
Epoch  25:  Dev 0.5628140568733215
Epoch  25: Test 0.6598777770996094
patience: 0 / 6
Epoch  26  Train Loss 3.4876 99.88%
Epoch  26:  Dev 0.5607939958572388
patience: 1 / 6
Epoch  27  Train Loss 3.4851 99.89%
Epoch  27:  Dev 0.5512195229530334
patience: 2 / 6
Epoch  28  Train Loss 3.4850 99.90%
Epoch  28:  Dev 0.5493975877761841
patience: 3 / 6
Epoch  29  Train Loss 3.4856 99.90%
Epoch  29:  Dev 0.5542168021202087
patience: 4 / 6
Epoch  30  Train Loss 3.4847 99.90%
Epoch  30:  Dev 0.5671641826629639
Epoch  30: Test 0.640159010887146
patience: 0 / 6
setting train exemplar for learned classes
torch.Size([300, 2048])
BEST DEV 1: 0.5671641826629639
BEST TEST 1: 0.640159010887146
torch.Size([300, 2048])
Epoch   1  Train Loss 2.5723 98.78%
Epoch   1:  Dev 0.621329128742218
Epoch   1: Test 0.695177435874939
patience: 0 / 6
Epoch   2  Train Loss 2.5300 99.51%
Epoch   2:  Dev 0.5841726660728455
patience: 1 / 6
Epoch   3  Train Loss 2.5213 99.58%
Epoch   3:  Dev 0.598540186882019
patience: 2 / 6
Epoch   4  Train Loss 2.5135 99.63%
Epoch   4:  Dev 0.6207951307296753
patience: 3 / 6
Epoch   5  Train Loss 2.5114 99.69%
Epoch   5:  Dev 0.5733882188796997
patience: 4 / 6
Epoch   6  Train Loss 2.5094 99.74%
Epoch   6:  Dev 0.6223565340042114
Epoch   6: Test 0.681506872177124
patience: 0 / 6
Epoch   7  Train Loss 2.5068 99.76%
Epoch   7:  Dev 0.6162962913513184
patience: 1 / 6
Epoch   8  Train Loss 2.5062 99.80%
Epoch   8:  Dev 0.6325300931930542
Epoch   8: Test 0.6971026659011841
patience: 0 / 6
Epoch   9  Train Loss 2.5045 99.80%
Epoch   9:  Dev 0.6367852091789246
Epoch   9: Test 0.6959706544876099
patience: 0 / 6
Epoch  10  Train Loss 2.5045 99.82%
Epoch  10:  Dev 0.6379044651985168
Epoch  10: Test 0.6854625344276428
patience: 0 / 6
Epoch  11  Train Loss 2.5030 99.84%
Epoch  11:  Dev 0.6099706888198853
patience: 1 / 6
Epoch  12  Train Loss 2.5018 99.85%
Epoch  12:  Dev 0.6366559863090515
patience: 2 / 6
Epoch  13  Train Loss 2.5037 99.86%
Epoch  13:  Dev 0.6394984722137451
Epoch  13: Test 0.7114337682723999
patience: 0 / 6
Epoch  14  Train Loss 2.5018 99.87%
Epoch  14:  Dev 0.6296296715736389
patience: 1 / 6
Epoch  15  Train Loss 2.5023 99.88%
Epoch  15:  Dev 0.6415094137191772
Epoch  15: Test 0.6903282999992371
patience: 0 / 6
Epoch  16  Train Loss 2.4982 99.89%
Epoch  16:  Dev 0.6320610642433167
patience: 1 / 6
Epoch  17  Train Loss 2.4994 99.87%
Epoch  17:  Dev 0.6240487098693848
patience: 2 / 6
Epoch  18  Train Loss 2.4998 99.89%
Epoch  18:  Dev 0.6327160596847534
patience: 3 / 6
Epoch  19  Train Loss 2.4993 99.91%
Epoch  19:  Dev 0.6387096047401428
patience: 4 / 6
Epoch  20  Train Loss 2.4984 99.91%
Epoch  20:  Dev 0.6325581073760986
patience: 5 / 6
Epoch  21  Train Loss 2.4992 99.90%
Epoch  21:  Dev 0.6280487775802612
patience: 6 / 6
setting train exemplar for learned classes
torch.Size([400, 2048])
BEST DEV 2: 0.6415094137191772
BEST TEST 2: 0.6903282999992371
torch.Size([400, 2048])
Epoch   1  Train Loss 2.7196 98.05%
Epoch   1:  Dev 0.5959367752075195
Epoch   1: Test 0.6258790493011475
patience: 0 / 6
Epoch   2  Train Loss 2.6215 99.43%
Epoch   2:  Dev 0.5975197553634644
Epoch   2: Test 0.6219426989555359
patience: 0 / 6
Epoch   3  Train Loss 2.6102 99.54%
Epoch   3:  Dev 0.573318600654602
patience: 1 / 6
Epoch   4  Train Loss 2.6032 99.62%
Epoch   4:  Dev 0.5857461094856262
patience: 2 / 6
Epoch   5  Train Loss 2.5975 99.69%
Epoch   5:  Dev 0.6120996475219727
Epoch   5: Test 0.6510219573974609
patience: 0 / 6
Epoch   6  Train Loss 2.5930 99.74%
Epoch   6:  Dev 0.6144578456878662
Epoch   6: Test 0.6569005250930786
patience: 0 / 6
Epoch   7  Train Loss 2.5939 99.77%
Epoch   7:  Dev 0.5933805704116821
patience: 1 / 6
Epoch   8  Train Loss 2.5909 99.82%
Epoch   8:  Dev 0.6217228770256042
Epoch   8: Test 0.6556863188743591
patience: 0 / 6
Epoch   9  Train Loss 2.5869 99.83%
Epoch   9:  Dev 0.5881007313728333
patience: 1 / 6
Epoch  10  Train Loss 2.5867 99.85%
Epoch  10:  Dev 0.5838217735290527
patience: 2 / 6
Epoch  11  Train Loss 2.5865 99.86%
Epoch  11:  Dev 0.6155779361724854
patience: 3 / 6
Epoch  12  Train Loss 2.5843 99.89%
Epoch  12:  Dev 0.6062801480293274
patience: 4 / 6
Epoch  13  Train Loss 2.5866 99.90%
Epoch  13:  Dev 0.6279357075691223
Epoch  13: Test 0.6446413993835449
patience: 0 / 6
Epoch  14  Train Loss 2.5832 99.90%
Epoch  14:  Dev 0.6297229528427124
Epoch  14: Test 0.6555819511413574
patience: 0 / 6
Epoch  15  Train Loss 2.5819 99.92%
Epoch  15:  Dev 0.6203474402427673
patience: 1 / 6
Epoch  16  Train Loss 2.5819 99.92%
Epoch  16:  Dev 0.6279069781303406
patience: 2 / 6
Epoch  17  Train Loss 2.5809 99.93%
Epoch  17:  Dev 0.616368293762207
patience: 3 / 6
Epoch  18  Train Loss 2.5820 99.92%
Epoch  18:  Dev 0.6223958730697632
patience: 4 / 6
Epoch  19  Train Loss 2.5823 99.94%
Epoch  19:  Dev 0.6245259642601013
patience: 5 / 6
Epoch  20  Train Loss 2.5835 99.93%
Epoch  20:  Dev 0.6287978887557983
patience: 6 / 6
setting train exemplar for learned classes
torch.Size([500, 2048])
BEST DEV 3: 0.6297229528427124
BEST TEST 3: 0.6555819511413574
torch.Size([500, 2048])
Epoch   1  Train Loss 3.0741 97.57%
Epoch   1:  Dev 0.6015779376029968
Epoch   1: Test 0.6094636917114258
patience: 0 / 6
Epoch   2  Train Loss 2.8910 99.63%
Epoch   2:  Dev 0.6210418939590454
Epoch   2: Test 0.612754762172699
patience: 0 / 6
Epoch   3  Train Loss 2.8769 99.69%
Epoch   3:  Dev 0.5965965986251831
patience: 1 / 6
Epoch   4  Train Loss 2.8680 99.76%
Epoch   4:  Dev 0.6196581721305847
patience: 2 / 6
Epoch   5  Train Loss 2.8624 99.79%
Epoch   5:  Dev 0.6221293807029724
Epoch   5: Test 0.6102598309516907
patience: 0 / 6
Epoch   6  Train Loss 2.8571 99.83%
Epoch   6:  Dev 0.6260684132575989
Epoch   6: Test 0.6105544567108154
patience: 0 / 6
Epoch   7  Train Loss 2.8541 99.86%
Epoch   7:  Dev 0.6142709255218506
patience: 1 / 6
Epoch   8  Train Loss 2.8539 99.88%
Epoch   8:  Dev 0.6410537958145142
Epoch   8: Test 0.6097222566604614
patience: 0 / 6
Epoch   9  Train Loss 2.8506 99.89%
Epoch   9:  Dev 0.6197478771209717
patience: 1 / 6
Epoch  10  Train Loss 2.8523 99.90%
Epoch  10:  Dev 0.6259887218475342
patience: 2 / 6
Epoch  11  Train Loss 2.8510 99.91%
Epoch  11:  Dev 0.6283857226371765
patience: 3 / 6
Epoch  12  Train Loss 2.8519 99.92%
Epoch  12:  Dev 0.6339869499206543
patience: 4 / 6
Epoch  13  Train Loss 2.8486 99.92%
Epoch  13:  Dev 0.6219239234924316
patience: 5 / 6
Epoch  14  Train Loss 2.8474 99.93%
Epoch  14:  Dev 0.6320541501045227
patience: 6 / 6
setting train exemplar for learned classes
torch.Size([660, 2048])
BEST DEV 4: 0.6410537958145142
BEST TEST 4: 0.6097222566604614
