Dump name space
results/maven/ExcessMTL_woLMH_woSR_woSAM_woLosstrick_narate-4_cluster-4_gen-20_robust_step_size-0.001/perm_3/options.json
Dump name space
results/maven/ExcessMTL_woLMH_woSR_woSAM_woLosstrick_narate-4_cluster-4_gen-20_robust_step_size-0.001/perm_3/options.json
Dump name space
results/maven/ExcessMTL_woLMH_woSR_woSAM_woLosstrick_narate-4_cluster-4_gen-20_robust_step_size-0.001/perm_3/options.json
Dump name space
results/maven/ExcessMTL_woLMH_woSR_woSAM_woLosstrick_narate-4_cluster-4_gen-20_robust_step_size-0.001/perm_3/options.json
Dump name space
results/maven/ExcessMTL_woLMH_woSR_woSAM_woLosstrick_narate-4_cluster-4_gen-20_robust_step_size-0.001/perm_3/options.json
[[46, 36, 17, 13, 12, 20, 25, 49, 169, 148, 87, 56, 95, 81, 58, 57, 161, 64, 163, 82, 43, 125, 35, 96, 156, 100, 66, 30, 50, 120, 0], [147, 48, 84, 39, 53, 23, 109, 22, 77, 62, 93, 143, 89, 8, 71, 85, 63, 97, 65, 103, 113, 112, 123, 152, 88, 98, 72, 42, 60, 133, 128, 116, 15, 111, 136, 162, 129, 132, 6, 0], [134, 99, 105, 91, 52, 19, 135, 122, 127, 102, 108, 104, 110, 38, 118, 121, 160, 26, 34, 33, 158, 130, 165, 86, 149, 146, 164, 4, 131, 75, 90, 10, 32, 0], [157, 18, 114, 92, 67, 153, 80, 115, 78, 154, 27, 5, 69, 117, 44, 83, 155, 40, 45, 139, 137, 14, 138, 119, 74, 150, 59, 54, 28, 9, 140, 37, 107, 76, 47, 0], [151, 16, 3, 70, 106, 141, 68, 31, 79, 101, 166, 167, 94, 21, 51, 7, 73, 145, 2, 124, 159, 61, 41, 142, 126, 144, 55, 168, 29, 11, 24, 0]]
True
train loader and exclude loader:  0
Original len train instances: 347788
train loader and exclude loader:  1
Original len train instances: 335496
train loader and exclude loader:  2
Original len train instances: 321058
train loader and exclude loader:  3
Original len train instances: 308131
train loader and exclude loader:  4
Original len train instances: 294718
Original len dev instances: 57198
Original len test instances: 98603
create basgMTL 4
False False
Epoch   1  Train Loss 0.1484 81.15%
Epoch   1:  Dev 0.5574170351028442
Epoch   1: Test 0.5583274960517883
patience: 0 / 5
Epoch   2  Train Loss 0.0779 81.86%
Epoch   2:  Dev 0.5882017016410828
Epoch   2: Test 0.5961410403251648
patience: 0 / 5
Epoch   3  Train Loss 0.0686 82.01%
Epoch   3:  Dev 0.6061263084411621
Epoch   3: Test 0.6263890862464905
patience: 0 / 5
Epoch   4  Train Loss 0.0628 82.12%
Epoch   4:  Dev 0.6124454736709595
Epoch   4: Test 0.631146252155304
patience: 0 / 5
Epoch   5  Train Loss 0.0577 82.23%
Epoch   5:  Dev 0.5970233082771301
patience: 1 / 5
Epoch   6  Train Loss 0.0531 82.34%
Epoch   6:  Dev 0.6211453676223755
Epoch   6: Test 0.6287358403205872
patience: 0 / 5
Epoch   7  Train Loss 0.0490 82.44%
Epoch   7:  Dev 0.6010683178901672
patience: 1 / 5
Epoch   8  Train Loss 0.0453 82.53%
Epoch   8:  Dev 0.5993208885192871
patience: 2 / 5
Epoch   9  Train Loss 0.0416 82.63%
Epoch   9:  Dev 0.6164419651031494
patience: 3 / 5
Epoch  10  Train Loss 0.0382 82.76%
Epoch  10:  Dev 0.6020299196243286
patience: 4 / 5
Epoch  11  Train Loss 0.0349 82.85%
Epoch  11:  Dev 0.6055437326431274
patience: 5 / 5
setting train exemplar for learned classes
torch.Size([600, 2048])
BEST DEV 0: 0.6211453676223755
BEST TEST 0: 0.6287358403205872
torch.Size([600, 2048])
Epoch   1  Train Loss 3.3094 95.54%
Epoch   1:  Dev 0.5537376403808594
Epoch   1: Test 0.5525597929954529
patience: 0 / 5
Epoch   2  Train Loss 4.0413 96.47%
Epoch   2:  Dev 0.6009132862091064
Epoch   2: Test 0.6050931811332703
patience: 0 / 5
Epoch   3  Train Loss 5.0027 96.82%
Epoch   3:  Dev 0.5932846069335938
patience: 1 / 5
Epoch   4  Train Loss 5.5621 97.13%
Epoch   4:  Dev 0.5998912453651428
patience: 2 / 5
Epoch   5  Train Loss 5.0548 97.32%
Epoch   5:  Dev 0.598156213760376
patience: 3 / 5
Epoch   6  Train Loss 5.1782 97.51%
Epoch   6:  Dev 0.6031168699264526
Epoch   6: Test 0.6098336577415466
patience: 0 / 5
Epoch   7  Train Loss 5.4612 97.65%
Epoch   7:  Dev 0.587367594242096
patience: 1 / 5
Epoch   8  Train Loss 5.1426 97.79%
Epoch   8:  Dev 0.5804311633110046
patience: 2 / 5
Epoch   9  Train Loss 5.5377 97.95%
Epoch   9:  Dev 0.5825348496437073
patience: 3 / 5
Epoch  10  Train Loss 5.5348 98.08%
Epoch  10:  Dev 0.594803512096405
patience: 4 / 5
Epoch  11  Train Loss 5.0357 98.17%
Epoch  11:  Dev 0.6135172843933105
Epoch  11: Test 0.6178056597709656
patience: 0 / 5
Epoch  12  Train Loss 5.2353 98.26%
Epoch  12:  Dev 0.5834373235702515
patience: 1 / 5
Epoch  13  Train Loss 5.5003 98.43%
Epoch  13:  Dev 0.5653436183929443
patience: 2 / 5
Epoch  14  Train Loss 5.3969 98.53%
Epoch  14:  Dev 0.557843804359436
patience: 3 / 5
Epoch  15  Train Loss 5.1884 98.66%
Epoch  15:  Dev 0.5847044587135315
patience: 4 / 5
setting train exemplar for learned classes
torch.Size([1380, 2048])
BEST DEV 1: 0.6135172843933105
BEST TEST 1: 0.6178056597709656
torch.Size([1380, 2048])
Epoch   1  Train Loss 4.1486 95.87%
Epoch   1:  Dev 0.5634235143661499
Epoch   1: Test 0.5687492489814758
patience: 0 / 5
Epoch   2  Train Loss 4.0665 97.02%
Epoch   2:  Dev 0.573233962059021
Epoch   2: Test 0.5733920335769653
patience: 0 / 5
Epoch   3  Train Loss 4.2510 97.31%
Epoch   3:  Dev 0.5697935819625854
patience: 1 / 5
Epoch   4  Train Loss 4.2164 97.51%
Epoch   4:  Dev 0.5375728607177734
patience: 2 / 5
Epoch   5  Train Loss 4.2384 97.63%
Epoch   5:  Dev 0.5661673545837402
patience: 3 / 5
Epoch   6  Train Loss 4.2400 97.79%
Epoch   6:  Dev 0.5726986527442932
patience: 4 / 5
Epoch   7  Train Loss 4.2498 97.92%
Epoch   7:  Dev 0.5636007785797119
patience: 5 / 5
setting train exemplar for learned classes
torch.Size([2040, 2048])
BEST DEV 2: 0.573233962059021
BEST TEST 2: 0.5733920335769653
torch.Size([2040, 2048])
Epoch   1  Train Loss 5.8776 95.00%
Epoch   1:  Dev 0.502703070640564
Epoch   1: Test 0.5008249878883362
patience: 0 / 5
Epoch   2  Train Loss 5.6841 96.27%
Epoch   2:  Dev 0.49505558609962463
patience: 1 / 5
Epoch   3  Train Loss 5.6846 96.56%
Epoch   3:  Dev 0.48724430799484253
patience: 2 / 5
Epoch   4  Train Loss 5.5327 96.81%
Epoch   4:  Dev 0.4786390960216522
patience: 3 / 5
Epoch   5  Train Loss 5.6900 97.04%
Epoch   5:  Dev 0.47426873445510864
patience: 4 / 5
Epoch   6  Train Loss 5.6904 97.22%
Epoch   6:  Dev 0.46922364830970764
patience: 5 / 5
setting train exemplar for learned classes
torch.Size([2740, 2048])
BEST DEV 3: 0.502703070640564
BEST TEST 3: 0.5008249878883362
torch.Size([2740, 2048])
Epoch   1  Train Loss 7.2297 94.76%
Epoch   1:  Dev 0.4713498055934906
Epoch   1: Test 0.47071000933647156
patience: 0 / 5
Epoch   2  Train Loss 6.8743 96.37%
Epoch   2:  Dev 0.4399453401565552
patience: 1 / 5
Epoch   3  Train Loss 6.8395 96.82%
Epoch   3:  Dev 0.4497135281562805
patience: 2 / 5
Epoch   4  Train Loss 6.9058 96.97%
Epoch   4:  Dev 0.463919997215271
patience: 3 / 5
Epoch   5  Train Loss 6.8715 97.17%
Epoch   5:  Dev 0.45487624406814575
patience: 4 / 5
Epoch   6  Train Loss 6.7420 97.38%
Epoch   6:  Dev 0.44169965386390686
patience: 5 / 5
setting train exemplar for learned classes
torch.Size([3360, 2048])
BEST DEV 4: 0.4713498055934906
BEST TEST 4: 0.47071000933647156
