Dump name space
results/ace/NashMTL_kl_narate-10_cluster-4_gen-10_lm_temp-2_class_alpha-0.2/perm_3/options.json
Dump name space
results/ace/NashMTL_kl_narate-10_cluster-4_gen-10_lm_temp-2_class_alpha-0.2/perm_3/options.json
Dump name space
results/ace/NashMTL_kl_narate-10_cluster-4_gen-10_lm_temp-2_class_alpha-0.2/perm_3/options.json
Dump name space
results/ace/NashMTL_kl_narate-10_cluster-4_gen-10_lm_temp-2_class_alpha-0.2/perm_3/options.json
Dump name space
results/ace/NashMTL_kl_narate-10_cluster-4_gen-10_lm_temp-2_class_alpha-0.2/perm_3/options.json
[[191, 187, 195, 171, 174, 179, 0], [201, 183, 193, 172, 175, 0], [188, 199, 184, 194, 189, 190, 178, 186, 197, 0], [200, 180, 173, 198, 177, 0], [196, 181, 182, 202, 185, 176, 170, 192, 0]]
False
train loader and exclude loader:  0
Original len train instances: 265115
train loader and exclude loader:  1
Original len train instances: 264276
train loader and exclude loader:  2
Original len train instances: 262942
train loader and exclude loader:  3
Original len train instances: 262358
train loader and exclude loader:  4
Original len train instances: 261639
Original len dev instances: 54053
Original len test instances: 93949
create basgMTL 4
False True
Epoch   1  Train Loss 0.1941 98.91%
Epoch   1:  Dev 0.3163841664791107
Epoch   1: Test 0.31714287400245667
patience: 0 / 6
Epoch   2  Train Loss 0.0741 99.22%
Epoch   2:  Dev 0.3550296127796173
Epoch   2: Test 0.41697415709495544
patience: 0 / 6
Epoch   3  Train Loss 0.0531 99.29%
Epoch   3:  Dev 0.2612244784832001
patience: 1 / 6
Epoch   4  Train Loss 0.0402 99.35%
Epoch   4:  Dev 0.4923076927661896
Epoch   4: Test 0.5079364776611328
patience: 0 / 6
Epoch   5  Train Loss 0.0301 99.46%
Epoch   5:  Dev 0.37647056579589844
patience: 1 / 6
Epoch   6  Train Loss 0.0244 99.52%
Epoch   6:  Dev 0.3478260636329651
patience: 2 / 6
Epoch   7  Train Loss 0.0228 99.57%
Epoch   7:  Dev 0.4313725531101227
patience: 3 / 6
Epoch   8  Train Loss 0.0190 99.62%
Epoch   8:  Dev 0.4848485291004181
patience: 4 / 6
Epoch   9  Train Loss 0.0166 99.66%
Epoch   9:  Dev 0.4848485291004181
patience: 5 / 6
Epoch  10  Train Loss 0.0152 99.71%
Epoch  10:  Dev 0.45255473256111145
patience: 6 / 6
setting train exemplar for learned classes
torch.Size([120, 2048])
BEST DEV 0: 0.4923076927661896
BEST TEST 0: 0.5079364776611328
torch.Size([120, 2048])
Epoch   1  Train Loss 3.5825 97.68%
Epoch   1:  Dev 0.457446813583374
Epoch   1: Test 0.5438066720962524
patience: 0 / 6
Epoch   2  Train Loss 3.4555 99.05%
Epoch   2:  Dev 0.567685604095459
Epoch   2: Test 0.635481059551239
patience: 0 / 6
Epoch   3  Train Loss 3.4346 99.16%
Epoch   3:  Dev 0.5683297514915466
Epoch   3: Test 0.6294682025909424
patience: 0 / 6
Epoch   4  Train Loss 3.4194 99.24%
Epoch   4:  Dev 0.5726872086524963
Epoch   4: Test 0.6412754654884338
patience: 0 / 6
Epoch   5  Train Loss 3.4061 99.31%
Epoch   5:  Dev 0.5931034088134766
Epoch   5: Test 0.650943398475647
patience: 0 / 6
Epoch   6  Train Loss 3.4085 99.38%
Epoch   6:  Dev 0.5577341914176941
patience: 1 / 6
Epoch   7  Train Loss 3.3996 99.42%
Epoch   7:  Dev 0.6142857074737549
Epoch   7: Test 0.6660323739051819
patience: 0 / 6
Epoch   8  Train Loss 3.3967 99.47%
Epoch   8:  Dev 0.6028037667274475
patience: 1 / 6
Epoch   9  Train Loss 3.3948 99.51%
Epoch   9:  Dev 0.5917431116104126
patience: 2 / 6
Epoch  10  Train Loss 3.3853 99.55%
Epoch  10:  Dev 0.6223278045654297
Epoch  10: Test 0.6450417041778564
patience: 0 / 6
Epoch  11  Train Loss 3.3869 99.57%
Epoch  11:  Dev 0.6388206481933594
Epoch  11: Test 0.6718146204948425
patience: 0 / 6
Epoch  12  Train Loss 3.3867 99.60%
Epoch  12:  Dev 0.6449999809265137
Epoch  12: Test 0.6837944984436035
patience: 0 / 6
Epoch  13  Train Loss 3.3776 99.64%
Epoch  13:  Dev 0.6225490570068359
patience: 1 / 6
Epoch  14  Train Loss 3.3779 99.65%
Epoch  14:  Dev 0.6464647054672241
Epoch  14: Test 0.6780683994293213
patience: 0 / 6
Epoch  15  Train Loss 3.3815 99.67%
Epoch  15:  Dev 0.6299999952316284
patience: 1 / 6
Epoch  16  Train Loss 3.3777 99.68%
Epoch  16:  Dev 0.6336633563041687
patience: 2 / 6
Epoch  17  Train Loss 3.3780 99.68%
Epoch  17:  Dev 0.6395938992500305
patience: 3 / 6
Epoch  18  Train Loss 3.3789 99.70%
Epoch  18:  Dev 0.6280193328857422
patience: 4 / 6
Epoch  19  Train Loss 3.3711 99.71%
Epoch  19:  Dev 0.644501268863678
patience: 5 / 6
Epoch  20  Train Loss 3.3695 99.72%
Epoch  20:  Dev 0.6410256624221802
patience: 6 / 6
setting train exemplar for learned classes
torch.Size([220, 2048])
BEST DEV 1: 0.6464647054672241
BEST TEST 1: 0.6780683994293213
torch.Size([220, 2048])
Epoch   1  Train Loss 3.6043 95.82%
Epoch   1:  Dev 0.5357142686843872
Epoch   1: Test 0.6609735488891602
patience: 0 / 6
Epoch   2  Train Loss 3.2588 99.39%
Epoch   2:  Dev 0.5762237906455994
Epoch   2: Test 0.6883230805397034
patience: 0 / 6
Epoch   3  Train Loss 3.2284 99.46%
Epoch   3:  Dev 0.5746164321899414
patience: 1 / 6
Epoch   4  Train Loss 3.2092 99.49%
Epoch   4:  Dev 0.5418848395347595
patience: 2 / 6
Epoch   5  Train Loss 3.1919 99.55%
Epoch   5:  Dev 0.5515394806861877
patience: 3 / 6
Epoch   6  Train Loss 3.1793 99.59%
Epoch   6:  Dev 0.5326370596885681
patience: 4 / 6
Epoch   7  Train Loss 3.1681 99.62%
Epoch   7:  Dev 0.5623268485069275
patience: 5 / 6
Epoch   8  Train Loss 3.1582 99.67%
Epoch   8:  Dev 0.5927007794380188
Epoch   8: Test 0.6954954862594604
patience: 0 / 6
Epoch   9  Train Loss 3.1553 99.69%
Epoch   9:  Dev 0.5560165643692017
patience: 1 / 6
Epoch  10  Train Loss 3.1538 99.72%
Epoch  10:  Dev 0.5378378629684448
patience: 2 / 6
Epoch  11  Train Loss 3.1462 99.74%
Epoch  11:  Dev 0.5855855941772461
patience: 3 / 6
Epoch  12  Train Loss 3.1422 99.75%
Epoch  12:  Dev 0.5633803009986877
patience: 4 / 6
Epoch  13  Train Loss 3.1424 99.77%
Epoch  13:  Dev 0.5753424167633057
patience: 5 / 6
Epoch  14  Train Loss 3.1399 99.77%
Epoch  14:  Dev 0.5572842955589294
patience: 6 / 6
setting train exemplar for learned classes
torch.Size([400, 2048])
BEST DEV 2: 0.5927007794380188
BEST TEST 2: 0.6954954862594604
torch.Size([400, 2048])
Epoch   1  Train Loss 3.1158 94.88%
Epoch   1:  Dev 0.5610010027885437
Epoch   1: Test 0.6348547339439392
patience: 0 / 6
Epoch   2  Train Loss 2.6628 99.13%
Epoch   2:  Dev 0.5469061732292175
patience: 1 / 6
Epoch   3  Train Loss 2.6419 99.22%
Epoch   3:  Dev 0.5628997683525085
Epoch   3: Test 0.6299434304237366
patience: 0 / 6
Epoch   4  Train Loss 2.6262 99.33%
Epoch   4:  Dev 0.5600000023841858
patience: 1 / 6
Epoch   5  Train Loss 2.6185 99.41%
Epoch   5:  Dev 0.5866666436195374
Epoch   5: Test 0.6449659466743469
patience: 0 / 6
Epoch   6  Train Loss 2.6097 99.48%
Epoch   6:  Dev 0.604434072971344
Epoch   6: Test 0.6568551659584045
patience: 0 / 6
Epoch   7  Train Loss 2.6020 99.53%
Epoch   7:  Dev 0.5850340127944946
patience: 1 / 6
Epoch   8  Train Loss 2.5978 99.58%
Epoch   8:  Dev 0.59415203332901
patience: 2 / 6
Epoch   9  Train Loss 2.5944 99.64%
Epoch   9:  Dev 0.5791854858398438
patience: 3 / 6
Epoch  10  Train Loss 2.5914 99.66%
Epoch  10:  Dev 0.5783972144126892
patience: 4 / 6
Epoch  11  Train Loss 2.5873 99.68%
Epoch  11:  Dev 0.5848375558853149
patience: 5 / 6
Epoch  12  Train Loss 2.5835 99.72%
Epoch  12:  Dev 0.6000000238418579
patience: 6 / 6
setting train exemplar for learned classes
torch.Size([500, 2048])
BEST DEV 3: 0.604434072971344
BEST TEST 3: 0.6568551659584045
torch.Size([500, 2048])
Epoch   1  Train Loss 4.1065 93.10%
Epoch   1:  Dev 0.5665773153305054
Epoch   1: Test 0.6011834740638733
patience: 0 / 6
Epoch   2  Train Loss 3.4024 99.28%
Epoch   2:  Dev 0.5841209888458252
Epoch   2: Test 0.6032906770706177
patience: 0 / 6
Epoch   3  Train Loss 3.3718 99.36%
Epoch   3:  Dev 0.5783132314682007
patience: 1 / 6
Epoch   4  Train Loss 3.3417 99.44%
Epoch   4:  Dev 0.5990049839019775
Epoch   4: Test 0.6200647354125977
patience: 0 / 6
Epoch   5  Train Loss 3.3243 99.49%
Epoch   5:  Dev 0.5891473293304443
patience: 1 / 6
Epoch   6  Train Loss 3.3130 99.54%
Epoch   6:  Dev 0.5952380299568176
patience: 2 / 6
Epoch   7  Train Loss 3.3016 99.58%
Epoch   7:  Dev 0.5978578329086304
patience: 3 / 6
Epoch   8  Train Loss 3.2918 99.61%
Epoch   8:  Dev 0.6093264222145081
Epoch   8: Test 0.6074270606040955
patience: 0 / 6
Epoch   9  Train Loss 3.2855 99.66%
Epoch   9:  Dev 0.599799394607544
patience: 1 / 6
Epoch  10  Train Loss 3.2763 99.70%
Epoch  10:  Dev 0.6106557846069336
Epoch  10: Test 0.6158940196037292
patience: 0 / 6
Epoch  11  Train Loss 3.2718 99.73%
Epoch  11:  Dev 0.6189473867416382
Epoch  11: Test 0.6137281656265259
patience: 0 / 6
Epoch  12  Train Loss 3.2711 99.74%
Epoch  12:  Dev 0.6084275245666504
patience: 1 / 6
Epoch  13  Train Loss 3.2677 99.74%
Epoch  13:  Dev 0.6064382195472717
patience: 2 / 6
Epoch  14  Train Loss 3.2651 99.76%
Epoch  14:  Dev 0.6144200563430786
patience: 3 / 6
Epoch  15  Train Loss 3.2655 99.77%
Epoch  15:  Dev 0.6030768752098083
patience: 4 / 6
Epoch  16  Train Loss 3.2618 99.79%
Epoch  16:  Dev 0.6077002882957458
patience: 5 / 6
Epoch  17  Train Loss 3.2594 99.80%
Epoch  17:  Dev 0.6182212233543396
patience: 6 / 6
setting train exemplar for learned classes
torch.Size([660, 2048])
BEST DEV 4: 0.6189473867416382
BEST TEST 4: 0.6137281656265259
