Dump name space
results/ace/FairGrad_mi/perm_2/options.json
Dump name space
results/ace/FairGrad_mi/perm_2/options.json
Dump name space
results/ace/FairGrad_mi/perm_2/options.json
Dump name space
results/ace/FairGrad_mi/perm_2/options.json
[[188, 199, 184, 194, 189, 190, 178, 186, 197, 0], [200, 180, 173, 198, 177, 0], [191, 187, 195, 171, 174, 179, 0], [196, 181, 182, 202, 185, 176, 170, 192, 0], [201, 183, 193, 172, 175, 0]]
False
train loader and exclude loader:  0
Original len train instances: 265115
train loader and exclude loader:  1
Original len train instances: 264531
train loader and exclude loader:  2
Original len train instances: 263812
train loader and exclude loader:  3
Original len train instances: 262973
train loader and exclude loader:  4
Original len train instances: 262361
Original len dev instances: 54053
Original len test instances: 93949
create basgMTL 4
False True
Epoch   1  Train Loss 1.2314 99.20%
Epoch   1:  Dev 0.4721311628818512
Epoch   1: Test 0.5648148655891418
patience: 0 / 6
Epoch   2  Train Loss 1.1431 99.65%
Epoch   2:  Dev 0.4289405643939972
patience: 1 / 6
Epoch   3  Train Loss 1.1339 99.67%
Epoch   3:  Dev 0.46650126576423645
patience: 2 / 6
Epoch   4  Train Loss 1.1272 99.71%
Epoch   4:  Dev 0.5454545021057129
Epoch   4: Test 0.6754385828971863
patience: 0 / 6
Epoch   5  Train Loss 1.1234 99.75%
Epoch   5:  Dev 0.47411444783210754
patience: 1 / 6
Epoch   6  Train Loss 1.1204 99.78%
Epoch   6:  Dev 0.5114942193031311
patience: 2 / 6
Epoch   7  Train Loss 1.1184 99.80%
Epoch   7:  Dev 0.529032289981842
patience: 3 / 6
Epoch   8  Train Loss 1.1170 99.83%
Epoch   8:  Dev 0.5076452493667603
patience: 4 / 6
Epoch   9  Train Loss 1.1162 99.85%
Epoch   9:  Dev 0.4985673725605011
patience: 5 / 6
Epoch  10  Train Loss 1.1157 99.87%
Epoch  10:  Dev 0.48295459151268005
patience: 6 / 6
setting train exemplar for learned classes
torch.Size([180, 2048])
BEST DEV 0: 0.5454545021057129
BEST TEST 0: 0.6754385828971863
torch.Size([180, 2048])
Epoch   1  Train Loss 15.7144 98.65%
Epoch   1:  Dev 0.4555984437465668
Epoch   1: Test 0.5627907514572144
patience: 0 / 6
Epoch   2  Train Loss 19.8707 99.50%
Epoch   2:  Dev 0.5169340968132019
Epoch   2: Test 0.5458015203475952
patience: 0 / 6
Epoch   3  Train Loss 23.1472 99.56%
Epoch   3:  Dev 0.5311354994773865
Epoch   3: Test 0.5875251889228821
patience: 0 / 6
Epoch   4  Train Loss 25.2339 99.60%
Epoch   4:  Dev 0.544731616973877
Epoch   4: Test 0.6164383888244629
patience: 0 / 6
Epoch   5  Train Loss 28.4710 99.62%
Epoch   5:  Dev 0.5604606866836548
Epoch   5: Test 0.5911949276924133
patience: 0 / 6
Epoch   6  Train Loss 31.6934 99.65%
Epoch   6:  Dev 0.5542635917663574
patience: 1 / 6
Epoch   7  Train Loss 34.2463 99.67%
Epoch   7:  Dev 0.5283018946647644
patience: 2 / 6
Epoch   8  Train Loss 38.4061 99.70%
Epoch   8:  Dev 0.5447761416435242
patience: 3 / 6
Epoch   9  Train Loss 42.2123 99.72%
Epoch   9:  Dev 0.5593869686126709
patience: 4 / 6
Epoch  10  Train Loss 44.4965 99.72%
Epoch  10:  Dev 0.5604838728904724
Epoch  10: Test 0.5924276113510132
patience: 0 / 6
Epoch  11  Train Loss 45.5927 99.75%
Epoch  11:  Dev 0.5407407283782959
patience: 1 / 6
Epoch  12  Train Loss 55.0790 99.77%
Epoch  12:  Dev 0.5514563322067261
patience: 2 / 6
Epoch  13  Train Loss 52.3368 99.78%
Epoch  13:  Dev 0.546875
patience: 3 / 6
Epoch  14  Train Loss 64.3513 99.80%
Epoch  14:  Dev 0.5366795659065247
patience: 4 / 6
Epoch  15  Train Loss 68.5100 99.82%
Epoch  15:  Dev 0.5380117297172546
patience: 5 / 6
Epoch  16  Train Loss 76.6412 99.82%
Epoch  16:  Dev 0.5338345766067505
patience: 6 / 6
setting train exemplar for learned classes
torch.Size([280, 2048])
BEST DEV 1: 0.5604838728904724
BEST TEST 1: 0.5924276113510132
torch.Size([280, 2048])
Epoch   1  Train Loss 21.5216 97.97%
Epoch   1:  Dev 0.5774648189544678
Epoch   1: Test 0.6017698645591736
patience: 0 / 6
Epoch   2  Train Loss 29.9385 99.65%
Epoch   2:  Dev 0.5672131776809692
patience: 1 / 6
Epoch   3  Train Loss 34.7292 99.68%
Epoch   3:  Dev 0.568493127822876
patience: 2 / 6
Epoch   4  Train Loss 43.1745 99.71%
Epoch   4:  Dev 0.5709571242332458
patience: 3 / 6
Epoch   5  Train Loss 41.5584 99.73%
Epoch   5:  Dev 0.5743944644927979
patience: 4 / 6
Epoch   6  Train Loss 49.1543 99.75%
Epoch   6:  Dev 0.5635738968849182
patience: 5 / 6
Epoch   7  Train Loss 56.6883 99.76%
Epoch   7:  Dev 0.5766667127609253
patience: 6 / 6
setting train exemplar for learned classes
torch.Size([400, 2048])
BEST DEV 2: 0.5774648189544678
BEST TEST 2: 0.6017698645591736
torch.Size([400, 2048])
Epoch   1  Train Loss 17.6510 97.99%
Epoch   1:  Dev 0.5710455775260925
Epoch   1: Test 0.5589155554771423
patience: 0 / 6
Epoch   2  Train Loss 23.9721 99.59%
Epoch   2:  Dev 0.5718050003051758
Epoch   2: Test 0.5762376189231873
patience: 0 / 6
Epoch   3  Train Loss 29.9026 99.65%
Epoch   3:  Dev 0.5851648449897766
Epoch   3: Test 0.5922131538391113
patience: 0 / 6
Epoch   4  Train Loss 32.5167 99.68%
Epoch   4:  Dev 0.5893588066101074
Epoch   4: Test 0.5933610200881958
patience: 0 / 6
Epoch   5  Train Loss 35.9342 99.71%
Epoch   5:  Dev 0.6000000834465027
Epoch   5: Test 0.5863873958587646
patience: 0 / 6
Epoch   6  Train Loss 42.8548 99.72%
Epoch   6:  Dev 0.5866302847862244
patience: 1 / 6
Epoch   7  Train Loss 47.0754 99.75%
Epoch   7:  Dev 0.5880681872367859
patience: 2 / 6
Epoch   8  Train Loss 48.9828 99.77%
Epoch   8:  Dev 0.593406617641449
patience: 3 / 6
Epoch   9  Train Loss 52.8526 99.77%
Epoch   9:  Dev 0.5850144028663635
patience: 4 / 6
Epoch  10  Train Loss 57.9282 99.80%
Epoch  10:  Dev 0.6005747318267822
Epoch  10: Test 0.5800865888595581
patience: 0 / 6
Epoch  11  Train Loss 63.0505 99.80%
Epoch  11:  Dev 0.5979971885681152
patience: 1 / 6
Epoch  12  Train Loss 73.4085 99.82%
Epoch  12:  Dev 0.604850172996521
Epoch  12: Test 0.5809934735298157
patience: 0 / 6
Epoch  13  Train Loss 71.5127 99.83%
Epoch  13:  Dev 0.5848787426948547
patience: 1 / 6
Epoch  14  Train Loss 79.4911 99.84%
Epoch  14:  Dev 0.5870503187179565
patience: 2 / 6
Epoch  15  Train Loss 84.6112 99.85%
Epoch  15:  Dev 0.5882353186607361
patience: 3 / 6
Epoch  16  Train Loss 92.2849 99.86%
Epoch  16:  Dev 0.592383623123169
patience: 4 / 6
Epoch  17  Train Loss 93.7555 99.87%
Epoch  17:  Dev 0.6051136255264282
Epoch  17: Test 0.5766345262527466
patience: 0 / 6
Epoch  18  Train Loss 104.0855 99.88%
Epoch  18:  Dev 0.5958701372146606
patience: 1 / 6
Epoch  19  Train Loss 121.3880 99.89%
Epoch  19:  Dev 0.593837559223175
patience: 2 / 6
Epoch  20  Train Loss 128.7233 99.89%
Epoch  20:  Dev 0.5949008464813232
patience: 3 / 6
Epoch  21  Train Loss 130.9086 99.90%
Epoch  21:  Dev 0.5856515169143677
patience: 4 / 6
Epoch  22  Train Loss 136.1935 99.89%
Epoch  22:  Dev 0.5976676344871521
patience: 5 / 6
Epoch  23  Train Loss 148.7101 99.91%
Epoch  23:  Dev 0.591381847858429
patience: 6 / 6
setting train exemplar for learned classes
torch.Size([560, 2048])
BEST DEV 3: 0.6051136255264282
BEST TEST 3: 0.5766345262527466
torch.Size([560, 2048])
Epoch   1  Train Loss 24.2374 97.19%
Epoch   1:  Dev 0.6285097002983093
Epoch   1: Test 0.6392025947570801
patience: 0 / 6
Epoch   2  Train Loss 28.7266 99.52%
Epoch   2:  Dev 0.6269316077232361
patience: 1 / 6
Epoch   3  Train Loss 32.1382 99.58%
Epoch   3:  Dev 0.6195069551467896
patience: 2 / 6
Epoch   4  Train Loss 34.2123 99.62%
Epoch   4:  Dev 0.6130031943321228
patience: 3 / 6
Epoch   5  Train Loss 37.0027 99.65%
Epoch   5:  Dev 0.6224599480628967
patience: 4 / 6
Epoch   6  Train Loss 43.1920 99.67%
Epoch   6:  Dev 0.6173361539840698
patience: 5 / 6
Epoch   7  Train Loss 42.7770 99.69%
Epoch   7:  Dev 0.6203995943069458
patience: 6 / 6
setting train exemplar for learned classes
torch.Size([660, 2048])
BEST DEV 4: 0.6285097002983093
BEST TEST 4: 0.6392025947570801
