Dump name space
results/ace/FairGrad_KT_woSAM_woGMM_woNAloss/perm_2/options.json
Dump name space
results/ace/FairGrad_KT_woSAM_woGMM_woNAloss/perm_2/options.json
Dump name space
results/ace/FairGrad_KT_woSAM_woGMM_woNAloss/perm_2/options.json
Dump name space
results/ace/FairGrad_KT_woSAM_woGMM_woNAloss/perm_2/options.json
[[188, 199, 184, 194, 189, 190, 178, 186, 197, 0], [200, 180, 173, 198, 177, 0], [191, 187, 195, 171, 174, 179, 0], [196, 181, 182, 202, 185, 176, 170, 192, 0], [201, 183, 193, 172, 175, 0]]
False
train loader and exclude loader:  0
Original len train instances: 265115
train loader and exclude loader:  1
Original len train instances: 264531
train loader and exclude loader:  2
Original len train instances: 263812
train loader and exclude loader:  3
Original len train instances: 262973
train loader and exclude loader:  4
Original len train instances: 262361
Original len dev instances: 54053
Original len test instances: 93949
create basgMTL 4
False False
Epoch   1  Train Loss 0.0569 98.17%
Epoch   1:  Dev 0.5583756566047668
Epoch   1: Test 0.4892086088657379
patience: 0 / 6
Epoch   2  Train Loss 0.0054 98.55%
Epoch   2:  Dev 0.610837459564209
Epoch   2: Test 0.5616438388824463
patience: 0 / 6
Epoch   3  Train Loss 0.0042 98.56%
Epoch   3:  Dev 0.5929203629493713
patience: 1 / 6
Epoch   4  Train Loss 0.0034 98.58%
Epoch   4:  Dev 0.610837459564209
patience: 2 / 6
Epoch   5  Train Loss 0.0029 98.59%
Epoch   5:  Dev 0.5999999642372131
patience: 3 / 6
Epoch   6  Train Loss 0.0023 98.60%
Epoch   6:  Dev 0.6371681690216064
Epoch   6: Test 0.5641025304794312
patience: 0 / 6
Epoch   7  Train Loss 0.0019 98.61%
Epoch   7:  Dev 0.607003927230835
patience: 1 / 6
Epoch   8  Train Loss 0.0016 98.63%
Epoch   8:  Dev 0.5923076868057251
patience: 2 / 6
Epoch   9  Train Loss 0.0013 98.63%
Epoch   9:  Dev 0.5984252095222473
patience: 3 / 6
Epoch  10  Train Loss 0.0012 98.63%
Epoch  10:  Dev 0.6190476417541504
patience: 4 / 6
Epoch  11  Train Loss 0.0011 98.64%
Epoch  11:  Dev 0.6037735939025879
patience: 5 / 6
Epoch  12  Train Loss 0.0010 98.64%
Epoch  12:  Dev 0.581818163394928
patience: 6 / 6
setting train exemplar for learned classes
torch.Size([180, 2048])
BEST DEV 0: 0.6371681690216064
BEST TEST 0: 0.5641025304794312
torch.Size([180, 2048])
Epoch   1  Train Loss 15.0875 99.52%
Epoch   1:  Dev 0.49238577485084534
Epoch   1: Test 0.5454545021057129
patience: 0 / 6
Epoch   2  Train Loss 19.0447 99.77%
Epoch   2:  Dev 0.576923131942749
Epoch   2: Test 0.5804749727249146
patience: 0 / 6
Epoch   3  Train Loss 20.6283 99.81%
Epoch   3:  Dev 0.5857142806053162
Epoch   3: Test 0.5722222328186035
patience: 0 / 6
Epoch   4  Train Loss 21.0538 99.83%
Epoch   4:  Dev 0.5870646834373474
Epoch   4: Test 0.5647058486938477
patience: 0 / 6
Epoch   5  Train Loss 21.4401 99.85%
Epoch   5:  Dev 0.6146572232246399
Epoch   5: Test 0.5714285969734192
patience: 0 / 6
Epoch   6  Train Loss 21.8994 99.87%
Epoch   6:  Dev 0.609929084777832
patience: 1 / 6
Epoch   7  Train Loss 21.8571 99.88%
Epoch   7:  Dev 0.5961538553237915
patience: 2 / 6
Epoch   8  Train Loss 22.2713 99.89%
Epoch   8:  Dev 0.6036866307258606
patience: 3 / 6
Epoch   9  Train Loss 22.4391 99.90%
Epoch   9:  Dev 0.6206896305084229
Epoch   9: Test 0.5614972710609436
patience: 0 / 6
Epoch  10  Train Loss 22.9531 99.92%
Epoch  10:  Dev 0.5990099310874939
patience: 1 / 6
Epoch  11  Train Loss 22.7596 99.92%
Epoch  11:  Dev 0.5976470112800598
patience: 2 / 6
Epoch  12  Train Loss 22.9788 99.94%
Epoch  12:  Dev 0.6139088273048401
patience: 3 / 6
Epoch  13  Train Loss 22.9511 99.94%
Epoch  13:  Dev 0.589108943939209
patience: 4 / 6
Epoch  14  Train Loss 23.1806 99.95%
Epoch  14:  Dev 0.5933014750480652
patience: 5 / 6
Epoch  15  Train Loss 23.4848 99.96%
Epoch  15:  Dev 0.5904761552810669
patience: 6 / 6
setting train exemplar for learned classes
torch.Size([280, 2048])
BEST DEV 1: 0.6206896305084229
BEST TEST 1: 0.5614972710609436
torch.Size([280, 2048])
Epoch   1  Train Loss 16.6144 98.92%
Epoch   1:  Dev 0.5978022217750549
Epoch   1: Test 0.5591397285461426
patience: 0 / 6
Epoch   2  Train Loss 19.4439 99.81%
Epoch   2:  Dev 0.6244726181030273
Epoch   2: Test 0.6040268540382385
patience: 0 / 6
Epoch   3  Train Loss 20.7471 99.83%
Epoch   3:  Dev 0.6092715859413147
patience: 1 / 6
Epoch   4  Train Loss 21.0541 99.85%
Epoch   4:  Dev 0.6118143796920776
patience: 2 / 6
Epoch   5  Train Loss 21.8083 99.86%
Epoch   5:  Dev 0.6157205700874329
patience: 3 / 6
Epoch   6  Train Loss 22.2129 99.87%
Epoch   6:  Dev 0.5978494882583618
patience: 4 / 6
Epoch   7  Train Loss 23.2775 99.87%
Epoch   7:  Dev 0.6144068241119385
patience: 5 / 6
Epoch   8  Train Loss 23.4150 99.88%
Epoch   8:  Dev 0.6194689869880676
patience: 6 / 6
setting train exemplar for learned classes
torch.Size([400, 2048])
BEST DEV 2: 0.6244726181030273
BEST TEST 2: 0.6040268540382385
torch.Size([400, 2048])
Epoch   1  Train Loss 11.1984 98.91%
Epoch   1:  Dev 0.5724508166313171
Epoch   1: Test 0.5058977603912354
patience: 0 / 6
Epoch   2  Train Loss 13.7050 99.78%
Epoch   2:  Dev 0.6065858006477356
Epoch   2: Test 0.5417721271514893
patience: 0 / 6
Epoch   3  Train Loss 14.8244 99.83%
Epoch   3:  Dev 0.6027874946594238
patience: 1 / 6
Epoch   4  Train Loss 15.3875 99.84%
Epoch   4:  Dev 0.6080843210220337
Epoch   4: Test 0.550195574760437
patience: 0 / 6
Epoch   5  Train Loss 15.9866 99.86%
Epoch   5:  Dev 0.6053097248077393
patience: 1 / 6
Epoch   6  Train Loss 16.4275 99.87%
Epoch   6:  Dev 0.6065858006477356
patience: 2 / 6
Epoch   7  Train Loss 16.7282 99.88%
Epoch   7:  Dev 0.6003552079200745
patience: 3 / 6
Epoch   8  Train Loss 17.2127 99.89%
Epoch   8:  Dev 0.6112053990364075
Epoch   8: Test 0.5584256052970886
patience: 0 / 6
Epoch   9  Train Loss 17.4410 99.90%
Epoch   9:  Dev 0.5918003916740417
patience: 1 / 6
Epoch  10  Train Loss 17.6704 99.91%
Epoch  10:  Dev 0.5909909605979919
patience: 2 / 6
Epoch  11  Train Loss 18.0974 99.92%
Epoch  11:  Dev 0.6102292537689209
patience: 3 / 6
Epoch  12  Train Loss 18.2717 99.92%
Epoch  12:  Dev 0.6017699241638184
patience: 4 / 6
Epoch  13  Train Loss 18.8137 99.93%
Epoch  13:  Dev 0.5929824709892273
patience: 5 / 6
Epoch  14  Train Loss 18.8118 99.93%
Epoch  14:  Dev 0.5920577645301819
patience: 6 / 6
setting train exemplar for learned classes
torch.Size([560, 2048])
BEST DEV 3: 0.6112053990364075
BEST TEST 3: 0.5584256052970886
torch.Size([560, 2048])
Epoch   1  Train Loss 16.1103 98.89%
Epoch   1:  Dev 0.6220472455024719
Epoch   1: Test 0.6111974716186523
patience: 0 / 6
Epoch   2  Train Loss 18.4218 99.72%
Epoch   2:  Dev 0.6319895386695862
Epoch   2: Test 0.6104605793952942
patience: 0 / 6
Epoch   3  Train Loss 19.1417 99.76%
Epoch   3:  Dev 0.6389936804771423
Epoch   3: Test 0.6234153509140015
patience: 0 / 6
Epoch   4  Train Loss 19.9172 99.78%
Epoch   4:  Dev 0.6344485282897949
patience: 1 / 6
Epoch   5  Train Loss 20.4933 99.79%
Epoch   5:  Dev 0.62770015001297
patience: 2 / 6
Epoch   6  Train Loss 21.1800 99.81%
Epoch   6:  Dev 0.6290115118026733
patience: 3 / 6
Epoch   7  Train Loss 21.6206 99.82%
Epoch   7:  Dev 0.641791045665741
Epoch   7: Test 0.6283636689186096
patience: 0 / 6
Epoch   8  Train Loss 22.2332 99.83%
Epoch   8:  Dev 0.6225680708885193
patience: 1 / 6
Epoch   9  Train Loss 22.8388 99.85%
Epoch   9:  Dev 0.6310431957244873
patience: 2 / 6
Epoch  10  Train Loss 23.0556 99.87%
Epoch  10:  Dev 0.6343284249305725
patience: 3 / 6
Epoch  11  Train Loss 24.4822 99.87%
Epoch  11:  Dev 0.6287192702293396
patience: 4 / 6
Epoch  12  Train Loss 24.3973 99.88%
Epoch  12:  Dev 0.6339622139930725
patience: 5 / 6
Epoch  13  Train Loss 24.9166 99.89%
Epoch  13:  Dev 0.624843180179596
patience: 6 / 6
setting train exemplar for learned classes
torch.Size([660, 2048])
BEST DEV 4: 0.641791045665741
BEST TEST 4: 0.6283636689186096
