Dump name space
results/ace/FairGrad_mi_narate-40_cluster-4_gen-10/perm_4/options.json
Dump name space
results/ace/FairGrad_mi_narate-40_cluster-4_gen-10/perm_4/options.json
Dump name space
results/ace/FairGrad_mi_narate-40_cluster-4_gen-10/perm_4/options.json
Dump name space
results/ace/FairGrad_mi_narate-40_cluster-4_gen-10/perm_4/options.json
[[200, 180, 173, 198, 177, 0], [196, 181, 182, 202, 185, 176, 170, 192, 0], [188, 199, 184, 194, 189, 190, 178, 186, 197, 0], [191, 187, 195, 171, 174, 179, 0], [201, 183, 193, 172, 175, 0]]
False
train loader and exclude loader:  0
Original len train instances: 265115
train loader and exclude loader:  1
Original len train instances: 264396
train loader and exclude loader:  2
Original len train instances: 263784
train loader and exclude loader:  3
Original len train instances: 263200
train loader and exclude loader:  4
Original len train instances: 262361
Original len dev instances: 54053
Original len test instances: 93949
create basgMTL 4
False True
Epoch   1  Train Loss 1.2016 99.11%
Epoch   1:  Dev 0.544715404510498
Epoch   1: Test 0.4312668442726135
patience: 0 / 6
Epoch   2  Train Loss 1.1391 99.43%
Epoch   2:  Dev 0.4484848380088806
patience: 1 / 6
Epoch   3  Train Loss 1.1332 99.47%
Epoch   3:  Dev 0.5378787517547607
patience: 2 / 6
Epoch   4  Train Loss 1.1283 99.56%
Epoch   4:  Dev 0.5485231876373291
Epoch   4: Test 0.48170730471611023
patience: 0 / 6
Epoch   5  Train Loss 1.1254 99.61%
Epoch   5:  Dev 0.5185185074806213
patience: 1 / 6
Epoch   6  Train Loss 1.1225 99.65%
Epoch   6:  Dev 0.5426356792449951
patience: 2 / 6
Epoch   7  Train Loss 1.1205 99.71%
Epoch   7:  Dev 0.5214008092880249
patience: 3 / 6
Epoch   8  Train Loss 1.1187 99.75%
Epoch   8:  Dev 0.5773196220397949
Epoch   8: Test 0.51408451795578
patience: 0 / 6
Epoch   9  Train Loss 1.1173 99.78%
Epoch   9:  Dev 0.47887322306632996
patience: 1 / 6
Epoch  10  Train Loss 1.1167 99.80%
Epoch  10:  Dev 0.5560975074768066
patience: 2 / 6
Epoch  11  Train Loss 1.1159 99.82%
Epoch  11:  Dev 0.44186046719551086
patience: 3 / 6
Epoch  12  Train Loss 1.1151 99.84%
Epoch  12:  Dev 0.5116278529167175
patience: 4 / 6
Epoch  13  Train Loss 1.1147 99.86%
Epoch  13:  Dev 0.5066666603088379
patience: 5 / 6
Epoch  14  Train Loss 1.1147 99.87%
Epoch  14:  Dev 0.539130449295044
patience: 6 / 6
setting train exemplar for learned classes
torch.Size([100, 2048])
BEST DEV 0: 0.5773196220397949
BEST TEST 0: 0.51408451795578
torch.Size([100, 2048])
Epoch   1  Train Loss 23.1342 98.23%
Epoch   1:  Dev 0.6036585569381714
Epoch   1: Test 0.4907216429710388
patience: 0 / 6
Epoch   2  Train Loss 43.5092 99.69%
Epoch   2:  Dev 0.6144578456878662
Epoch   2: Test 0.5103734135627747
patience: 0 / 6
Epoch   3  Train Loss 63.3984 99.73%
Epoch   3:  Dev 0.6097561120986938
patience: 1 / 6
Epoch   4  Train Loss 88.3748 99.76%
Epoch   4:  Dev 0.6117647290229797
patience: 2 / 6
Epoch   5  Train Loss 98.0942 99.78%
Epoch   5:  Dev 0.6035503149032593
patience: 3 / 6
Epoch   6  Train Loss 143.6779 99.80%
Epoch   6:  Dev 0.6024096012115479
patience: 4 / 6
Epoch   7  Train Loss 165.3940 99.82%
Epoch   7:  Dev 0.583586573600769
patience: 5 / 6
Epoch   8  Train Loss 198.2731 99.84%
Epoch   8:  Dev 0.6006006002426147
patience: 6 / 6
setting train exemplar for learned classes
torch.Size([260, 2048])
BEST DEV 1: 0.6144578456878662
BEST TEST 1: 0.5103734135627747
torch.Size([260, 2048])
Epoch   1  Train Loss 14.4103 97.77%
Epoch   1:  Dev 0.5834738612174988
Epoch   1: Test 0.5087209343910217
patience: 0 / 6
Epoch   2  Train Loss 27.6117 99.66%
Epoch   2:  Dev 0.5903814435005188
Epoch   2: Test 0.5446428656578064
patience: 0 / 6
Epoch   3  Train Loss 44.4525 99.72%
Epoch   3:  Dev 0.5813953876495361
patience: 1 / 6
Epoch   4  Train Loss 56.0146 99.75%
Epoch   4:  Dev 0.609929084777832
Epoch   4: Test 0.5362095832824707
patience: 0 / 6
Epoch   5  Train Loss 75.3492 99.77%
Epoch   5:  Dev 0.6047297716140747
patience: 1 / 6
Epoch   6  Train Loss 83.6449 99.79%
Epoch   6:  Dev 0.5872756838798523
patience: 2 / 6
Epoch   7  Train Loss 93.4486 99.80%
Epoch   7:  Dev 0.5980707406997681
patience: 3 / 6
Epoch   8  Train Loss 116.6396 99.82%
Epoch   8:  Dev 0.6057692170143127
patience: 4 / 6
Epoch   9  Train Loss 121.0837 99.83%
Epoch   9:  Dev 0.5993589758872986
patience: 5 / 6
Epoch  10  Train Loss 130.3738 99.83%
Epoch  10:  Dev 0.5948553681373596
patience: 6 / 6
setting train exemplar for learned classes
torch.Size([440, 2048])
BEST DEV 2: 0.609929084777832
BEST TEST 2: 0.5362095832824707
torch.Size([440, 2048])
Epoch   1  Train Loss 15.1698 97.95%
Epoch   1:  Dev 0.579250693321228
Epoch   1: Test 0.5895196795463562
patience: 0 / 6
Epoch   2  Train Loss 22.3874 99.63%
Epoch   2:  Dev 0.5845271944999695
Epoch   2: Test 0.5876068472862244
patience: 0 / 6
Epoch   3  Train Loss 29.3663 99.66%
Epoch   3:  Dev 0.5997046232223511
Epoch   3: Test 0.6004414558410645
patience: 0 / 6
Epoch   4  Train Loss 34.5049 99.69%
Epoch   4:  Dev 0.5819793343544006
patience: 1 / 6
Epoch   5  Train Loss 39.6208 99.71%
Epoch   5:  Dev 0.5988200306892395
patience: 2 / 6
Epoch   6  Train Loss 48.5431 99.73%
Epoch   6:  Dev 0.5970149636268616
patience: 3 / 6
Epoch   7  Train Loss 56.4278 99.73%
Epoch   7:  Dev 0.5838323831558228
patience: 4 / 6
Epoch   8  Train Loss 60.0684 99.75%
Epoch   8:  Dev 0.5903614163398743
patience: 5 / 6
Epoch   9  Train Loss 66.7826 99.77%
Epoch   9:  Dev 0.6089645028114319
Epoch   9: Test 0.5711110830307007
patience: 0 / 6
Epoch  10  Train Loss 74.7132 99.78%
Epoch  10:  Dev 0.5884100794792175
patience: 1 / 6
Epoch  11  Train Loss 75.9417 99.78%
Epoch  11:  Dev 0.6068111658096313
patience: 2 / 6
Epoch  12  Train Loss 91.1917 99.80%
Epoch  12:  Dev 0.5921450257301331
patience: 3 / 6
Epoch  13  Train Loss 94.6030 99.79%
Epoch  13:  Dev 0.5960061550140381
patience: 4 / 6
Epoch  14  Train Loss 113.1465 99.82%
Epoch  14:  Dev 0.5787879228591919
patience: 5 / 6
Epoch  15  Train Loss 109.0128 99.82%
Epoch  15:  Dev 0.5827232599258423
patience: 6 / 6
setting train exemplar for learned classes
torch.Size([560, 2048])
BEST DEV 3: 0.6089645028114319
BEST TEST 3: 0.5711110830307007
torch.Size([560, 2048])
Epoch   1  Train Loss 15.8073 96.33%
Epoch   1:  Dev 0.6237288117408752
Epoch   1: Test 0.6359321475028992
patience: 0 / 6
Epoch   2  Train Loss 20.6693 99.51%
Epoch   2:  Dev 0.6238531470298767
Epoch   2: Test 0.6326671242713928
patience: 0 / 6
Epoch   3  Train Loss 25.6070 99.56%
Epoch   3:  Dev 0.6211604475975037
patience: 1 / 6
Epoch   4  Train Loss 27.5489 99.60%
Epoch   4:  Dev 0.6167400479316711
patience: 2 / 6
Epoch   5  Train Loss 32.2390 99.64%
Epoch   5:  Dev 0.6320541501045227
Epoch   5: Test 0.630376398563385
patience: 0 / 6
Epoch   6  Train Loss 35.3298 99.66%
Epoch   6:  Dev 0.62806236743927
patience: 1 / 6
Epoch   7  Train Loss 37.4311 99.67%
Epoch   7:  Dev 0.62806236743927
patience: 2 / 6
Epoch   8  Train Loss 42.9774 99.69%
Epoch   8:  Dev 0.6315789818763733
patience: 3 / 6
Epoch   9  Train Loss 50.0450 99.70%
Epoch   9:  Dev 0.6247191429138184
patience: 4 / 6
Epoch  10  Train Loss 51.6396 99.72%
Epoch  10:  Dev 0.6230598092079163
patience: 5 / 6
Epoch  11  Train Loss 59.2557 99.73%
Epoch  11:  Dev 0.6200676560401917
patience: 6 / 6
setting train exemplar for learned classes
torch.Size([660, 2048])
BEST DEV 4: 0.6320541501045227
BEST TEST 4: 0.630376398563385
