Dump name space
results/ace/FairGrad_KT_woSAM_woGMM_woNAloss/perm_1/options.json
Dump name space
results/ace/FairGrad_KT_woSAM_woGMM_woNAloss/perm_1/options.json
Dump name space
results/ace/FairGrad_KT_woSAM_woGMM_woNAloss/perm_1/options.json
Dump name space
results/ace/FairGrad_KT_woSAM_woGMM_woNAloss/perm_1/options.json
[[196, 181, 182, 202, 185, 176, 170, 192, 0], [200, 180, 173, 198, 177, 0], [201, 183, 193, 172, 175, 0], [191, 187, 195, 171, 174, 179, 0], [188, 199, 184, 194, 189, 190, 178, 186, 197, 0]]
False
train loader and exclude loader:  0
Original len train instances: 265115
train loader and exclude loader:  1
Original len train instances: 264503
train loader and exclude loader:  2
Original len train instances: 263784
train loader and exclude loader:  3
Original len train instances: 262450
train loader and exclude loader:  4
Original len train instances: 261611
Original len dev instances: 54053
Original len test instances: 93949
create basgMTL 4
False False
Epoch   1  Train Loss 0.0561 98.17%
Epoch   1:  Dev 0.35999998450279236
Epoch   1: Test 0.20571430027484894
patience: 0 / 6
Epoch   2  Train Loss 0.0060 98.53%
Epoch   2:  Dev 0.6092714667320251
Epoch   2: Test 0.4789915978908539
patience: 0 / 6
Epoch   3  Train Loss 0.0047 98.56%
Epoch   3:  Dev 0.5555555820465088
patience: 1 / 6
Epoch   4  Train Loss 0.0037 98.57%
Epoch   4:  Dev 0.5344827175140381
patience: 2 / 6
Epoch   5  Train Loss 0.0032 98.59%
Epoch   5:  Dev 0.6285714507102966
Epoch   5: Test 0.5098038911819458
patience: 0 / 6
Epoch   6  Train Loss 0.0027 98.61%
Epoch   6:  Dev 0.5573770999908447
patience: 1 / 6
Epoch   7  Train Loss 0.0020 98.62%
Epoch   7:  Dev 0.636363685131073
Epoch   7: Test 0.47659575939178467
patience: 0 / 6
Epoch   8  Train Loss 0.0017 98.63%
Epoch   8:  Dev 0.49152544140815735
patience: 1 / 6
Epoch   9  Train Loss 0.0014 98.64%
Epoch   9:  Dev 0.5299144983291626
patience: 2 / 6
Epoch  10  Train Loss 0.0010 98.65%
Epoch  10:  Dev 0.5645161271095276
patience: 3 / 6
Epoch  11  Train Loss 0.0010 98.66%
Epoch  11:  Dev 0.6258503198623657
patience: 4 / 6
Epoch  12  Train Loss 0.0008 98.67%
Epoch  12:  Dev 0.5873016119003296
patience: 5 / 6
Epoch  13  Train Loss 0.0007 98.66%
Epoch  13:  Dev 0.6029412150382996
patience: 6 / 6
setting train exemplar for learned classes
torch.Size([160, 2048])
BEST DEV 0: 0.636363685131073
BEST TEST 0: 0.47659575939178467
torch.Size([160, 2048])
Epoch   1  Train Loss 11.7232 99.44%
Epoch   1:  Dev 0.52173912525177
Epoch   1: Test 0.4481927752494812
patience: 0 / 6
Epoch   2  Train Loss 14.5396 99.79%
Epoch   2:  Dev 0.6058631539344788
Epoch   2: Test 0.5186812877655029
patience: 0 / 6
Epoch   3  Train Loss 15.2448 99.82%
Epoch   3:  Dev 0.5945946574211121
patience: 1 / 6
Epoch   4  Train Loss 15.7467 99.84%
Epoch   4:  Dev 0.5898305177688599
patience: 2 / 6
Epoch   5  Train Loss 15.9560 99.86%
Epoch   5:  Dev 0.6109324097633362
Epoch   5: Test 0.4727272689342499
patience: 0 / 6
Epoch   6  Train Loss 16.3655 99.87%
Epoch   6:  Dev 0.5920577645301819
patience: 1 / 6
Epoch   7  Train Loss 16.5481 99.89%
Epoch   7:  Dev 0.5974025726318359
patience: 2 / 6
Epoch   8  Train Loss 16.6948 99.90%
Epoch   8:  Dev 0.6144201159477234
Epoch   8: Test 0.48434239625930786
patience: 0 / 6
Epoch   9  Train Loss 16.7379 99.92%
Epoch   9:  Dev 0.596825361251831
patience: 1 / 6
Epoch  10  Train Loss 17.1269 99.93%
Epoch  10:  Dev 0.5970149636268616
patience: 2 / 6
Epoch  11  Train Loss 17.1162 99.94%
Epoch  11:  Dev 0.583586573600769
patience: 3 / 6
Epoch  12  Train Loss 17.1564 99.94%
Epoch  12:  Dev 0.5856698155403137
patience: 4 / 6
Epoch  13  Train Loss 17.5035 99.96%
Epoch  13:  Dev 0.5973154306411743
patience: 5 / 6
Epoch  14  Train Loss 17.4258 99.96%
Epoch  14:  Dev 0.5857988595962524
patience: 6 / 6
setting train exemplar for learned classes
torch.Size([260, 2048])
BEST DEV 1: 0.6144201159477234
BEST TEST 1: 0.48434239625930786
torch.Size([260, 2048])
Epoch   1  Train Loss 16.5621 98.81%
Epoch   1:  Dev 0.6640926003456116
Epoch   1: Test 0.6225026845932007
patience: 0 / 6
Epoch   2  Train Loss 19.9002 99.74%
Epoch   2:  Dev 0.6497064232826233
patience: 1 / 6
Epoch   3  Train Loss 21.5696 99.77%
Epoch   3:  Dev 0.6573705077171326
patience: 2 / 6
Epoch   4  Train Loss 21.9473 99.79%
Epoch   4:  Dev 0.644490659236908
patience: 3 / 6
Epoch   5  Train Loss 22.6766 99.80%
Epoch   5:  Dev 0.6666666865348816
Epoch   5: Test 0.6466466784477234
patience: 0 / 6
Epoch   6  Train Loss 22.7645 99.82%
Epoch   6:  Dev 0.6717557311058044
Epoch   6: Test 0.6520833969116211
patience: 0 / 6
Epoch   7  Train Loss 24.2551 99.84%
Epoch   7:  Dev 0.654740571975708
patience: 1 / 6
Epoch   8  Train Loss 24.2591 99.84%
Epoch   8:  Dev 0.6524271965026855
patience: 2 / 6
Epoch   9  Train Loss 24.7464 99.86%
Epoch   9:  Dev 0.6666666865348816
patience: 3 / 6
Epoch  10  Train Loss 25.8606 99.87%
Epoch  10:  Dev 0.651072084903717
patience: 4 / 6
Epoch  11  Train Loss 26.4115 99.88%
Epoch  11:  Dev 0.6481112837791443
patience: 5 / 6
Epoch  12  Train Loss 26.8137 99.90%
Epoch  12:  Dev 0.6591761112213135
patience: 6 / 6
setting train exemplar for learned classes
torch.Size([360, 2048])
BEST DEV 2: 0.6717557311058044
BEST TEST 2: 0.6520833969116211
torch.Size([360, 2048])
Epoch   1  Train Loss 12.9686 99.25%
Epoch   1:  Dev 0.6374781131744385
Epoch   1: Test 0.6407599449157715
patience: 0 / 6
Epoch   2  Train Loss 15.0008 99.79%
Epoch   2:  Dev 0.6514084935188293
Epoch   2: Test 0.6320421695709229
patience: 0 / 6
Epoch   3  Train Loss 16.1604 99.82%
Epoch   3:  Dev 0.6460480690002441
patience: 1 / 6
Epoch   4  Train Loss 16.5519 99.82%
Epoch   4:  Dev 0.6500000357627869
patience: 2 / 6
Epoch   5  Train Loss 17.1432 99.84%
Epoch   5:  Dev 0.6549296379089355
Epoch   5: Test 0.633217990398407
patience: 0 / 6
Epoch   6  Train Loss 17.3958 99.85%
Epoch   6:  Dev 0.6455026865005493
patience: 1 / 6
Epoch   7  Train Loss 17.7494 99.87%
Epoch   7:  Dev 0.6492146253585815
patience: 2 / 6
Epoch   8  Train Loss 18.2657 99.87%
Epoch   8:  Dev 0.6417112946510315
patience: 3 / 6
Epoch   9  Train Loss 18.4228 99.89%
Epoch   9:  Dev 0.6570915579795837
Epoch   9: Test 0.6265486478805542
patience: 0 / 6
Epoch  10  Train Loss 18.9232 99.89%
Epoch  10:  Dev 0.6487455368041992
patience: 1 / 6
Epoch  11  Train Loss 19.2930 99.90%
Epoch  11:  Dev 0.6607142686843872
Epoch  11: Test 0.6203867197036743
patience: 0 / 6
Epoch  12  Train Loss 19.4069 99.90%
Epoch  12:  Dev 0.6475849747657776
patience: 1 / 6
Epoch  13  Train Loss 19.6324 99.91%
Epoch  13:  Dev 0.6451612710952759
patience: 2 / 6
Epoch  14  Train Loss 19.8669 99.92%
Epoch  14:  Dev 0.6548672914505005
patience: 3 / 6
Epoch  15  Train Loss 20.2994 99.92%
Epoch  15:  Dev 0.6462093591690063
patience: 4 / 6
Epoch  16  Train Loss 20.3617 99.93%
Epoch  16:  Dev 0.6304728984832764
patience: 5 / 6
Epoch  17  Train Loss 20.5613 99.93%
Epoch  17:  Dev 0.6437612771987915
patience: 6 / 6
setting train exemplar for learned classes
torch.Size([480, 2048])
BEST DEV 3: 0.6607142686843872
BEST TEST 3: 0.6203867197036743
torch.Size([480, 2048])
Epoch   1  Train Loss 16.1076 98.26%
Epoch   1:  Dev 0.6089238524436951
Epoch   1: Test 0.5637693405151367
patience: 0 / 6
Epoch   2  Train Loss 18.8897 99.84%
Epoch   2:  Dev 0.6104417443275452
Epoch   2: Test 0.5753646492958069
patience: 0 / 6
Epoch   3  Train Loss 20.1202 99.86%
Epoch   3:  Dev 0.6102150082588196
patience: 1 / 6
Epoch   4  Train Loss 20.7150 99.87%
Epoch   4:  Dev 0.620871901512146
Epoch   4: Test 0.5347681641578674
patience: 0 / 6
Epoch   5  Train Loss 21.4347 99.87%
Epoch   5:  Dev 0.6071903705596924
patience: 1 / 6
Epoch   6  Train Loss 21.8802 99.88%
Epoch   6:  Dev 0.6166008710861206
patience: 2 / 6
Epoch   7  Train Loss 22.8028 99.89%
Epoch   7:  Dev 0.618724524974823
patience: 3 / 6
Epoch   8  Train Loss 23.1264 99.90%
Epoch   8:  Dev 0.6054794192314148
patience: 4 / 6
Epoch   9  Train Loss 23.4655 99.91%
Epoch   9:  Dev 0.5994694828987122
patience: 5 / 6
Epoch  10  Train Loss 23.9719 99.91%
Epoch  10:  Dev 0.6030534505844116
patience: 6 / 6
setting train exemplar for learned classes
torch.Size([660, 2048])
BEST DEV 4: 0.620871901512146
BEST TEST 4: 0.5347681641578674
