Dump name space
results/ace/FairGrad_mi_narate-40_cluster-4_gen-10/perm_3/options.json
Dump name space
results/ace/FairGrad_mi_narate-40_cluster-4_gen-10/perm_3/options.json
Dump name space
results/ace/FairGrad_mi_narate-40_cluster-4_gen-10/perm_3/options.json
Dump name space
results/ace/FairGrad_mi_narate-40_cluster-4_gen-10/perm_3/options.json
[[191, 187, 195, 171, 174, 179, 0], [201, 183, 193, 172, 175, 0], [188, 199, 184, 194, 189, 190, 178, 186, 197, 0], [200, 180, 173, 198, 177, 0], [196, 181, 182, 202, 185, 176, 170, 192, 0]]
False
train loader and exclude loader:  0
Original len train instances: 265115
train loader and exclude loader:  1
Original len train instances: 264276
train loader and exclude loader:  2
Original len train instances: 262942
train loader and exclude loader:  3
Original len train instances: 262358
train loader and exclude loader:  4
Original len train instances: 261639
Original len dev instances: 54053
Original len test instances: 93949
create basgMTL 4
False True
Epoch   1  Train Loss 1.2120 99.25%
Epoch   1:  Dev 0.5090909004211426
Epoch   1: Test 0.5179855823516846
patience: 0 / 6
Epoch   2  Train Loss 1.1423 99.63%
Epoch   2:  Dev 0.5600000023841858
Epoch   2: Test 0.589595377445221
patience: 0 / 6
Epoch   3  Train Loss 1.1347 99.65%
Epoch   3:  Dev 0.5040650367736816
patience: 1 / 6
Epoch   4  Train Loss 1.1295 99.68%
Epoch   4:  Dev 0.6213592290878296
Epoch   4: Test 0.5875370502471924
patience: 0 / 6
Epoch   5  Train Loss 1.1252 99.71%
Epoch   5:  Dev 0.5517241358757019
patience: 1 / 6
Epoch   6  Train Loss 1.1218 99.75%
Epoch   6:  Dev 0.5245901346206665
patience: 2 / 6
Epoch   7  Train Loss 1.1196 99.78%
Epoch   7:  Dev 0.5585585236549377
patience: 3 / 6
Epoch   8  Train Loss 1.1182 99.80%
Epoch   8:  Dev 0.5470085740089417
patience: 4 / 6
Epoch   9  Train Loss 1.1171 99.83%
Epoch   9:  Dev 0.5420560836791992
patience: 5 / 6
Epoch  10  Train Loss 1.1165 99.84%
Epoch  10:  Dev 0.5321100950241089
patience: 6 / 6
setting train exemplar for learned classes
torch.Size([120, 2048])
BEST DEV 0: 0.6213592290878296
BEST TEST 0: 0.5875370502471924
torch.Size([120, 2048])
Epoch   1  Train Loss 13.1475 98.17%
Epoch   1:  Dev 0.6223404407501221
Epoch   1: Test 0.6632962822914124
patience: 0 / 6
Epoch   2  Train Loss 17.2684 99.51%
Epoch   2:  Dev 0.6610168814659119
Epoch   2: Test 0.6868250370025635
patience: 0 / 6
Epoch   3  Train Loss 20.8580 99.56%
Epoch   3:  Dev 0.6194226145744324
patience: 1 / 6
Epoch   4  Train Loss 25.2077 99.61%
Epoch   4:  Dev 0.6896551847457886
Epoch   4: Test 0.6847826242446899
patience: 0 / 6
Epoch   5  Train Loss 27.3409 99.65%
Epoch   5:  Dev 0.6647887229919434
patience: 1 / 6
Epoch   6  Train Loss 27.3258 99.66%
Epoch   6:  Dev 0.6501377820968628
patience: 2 / 6
Epoch   7  Train Loss 31.1244 99.69%
Epoch   7:  Dev 0.6573033332824707
patience: 3 / 6
Epoch   8  Train Loss 36.4536 99.71%
Epoch   8:  Dev 0.6469002962112427
patience: 4 / 6
Epoch   9  Train Loss 40.9489 99.72%
Epoch   9:  Dev 0.6557377576828003
patience: 5 / 6
Epoch  10  Train Loss 40.8376 99.74%
Epoch  10:  Dev 0.6554621458053589
patience: 6 / 6
setting train exemplar for learned classes
torch.Size([220, 2048])
BEST DEV 1: 0.6896551847457886
BEST TEST 1: 0.6847826242446899
torch.Size([220, 2048])
Epoch   1  Train Loss 19.7033 97.85%
Epoch   1:  Dev 0.6102293133735657
Epoch   1: Test 0.6801932454109192
patience: 0 / 6
Epoch   2  Train Loss 31.6285 99.65%
Epoch   2:  Dev 0.6345810890197754
Epoch   2: Test 0.693359375
patience: 0 / 6
Epoch   3  Train Loss 34.8370 99.69%
Epoch   3:  Dev 0.6499999761581421
Epoch   3: Test 0.6927593350410461
patience: 0 / 6
Epoch   4  Train Loss 42.5048 99.71%
Epoch   4:  Dev 0.6132879257202148
patience: 1 / 6
Epoch   5  Train Loss 52.1118 99.73%
Epoch   5:  Dev 0.6295651793479919
patience: 2 / 6
Epoch   6  Train Loss 55.7371 99.75%
Epoch   6:  Dev 0.6169154644012451
patience: 3 / 6
Epoch   7  Train Loss 56.2188 99.75%
Epoch   7:  Dev 0.6375839114189148
patience: 4 / 6
Epoch   8  Train Loss 61.6810 99.76%
Epoch   8:  Dev 0.631051778793335
patience: 5 / 6
Epoch   9  Train Loss 68.8262 99.78%
Epoch   9:  Dev 0.6386554837226868
patience: 6 / 6
setting train exemplar for learned classes
torch.Size([400, 2048])
BEST DEV 2: 0.6499999761581421
BEST TEST 2: 0.6927593350410461
torch.Size([400, 2048])
Epoch   1  Train Loss 16.8658 97.93%
Epoch   1:  Dev 0.5783718228340149
Epoch   1: Test 0.6588966846466064
patience: 0 / 6
Epoch   2  Train Loss 20.9817 99.44%
Epoch   2:  Dev 0.6093189716339111
Epoch   2: Test 0.662704348564148
patience: 0 / 6
Epoch   3  Train Loss 24.8370 99.50%
Epoch   3:  Dev 0.619684100151062
Epoch   3: Test 0.6814700961112976
patience: 0 / 6
Epoch   4  Train Loss 27.6555 99.55%
Epoch   4:  Dev 0.6217870116233826
Epoch   4: Test 0.6773455739021301
patience: 0 / 6
Epoch   5  Train Loss 30.5029 99.59%
Epoch   5:  Dev 0.6318471431732178
Epoch   5: Test 0.6886035203933716
patience: 0 / 6
Epoch   6  Train Loss 33.2374 99.61%
Epoch   6:  Dev 0.6445013284683228
Epoch   6: Test 0.6835236549377441
patience: 0 / 6
Epoch   7  Train Loss 37.1005 99.64%
Epoch   7:  Dev 0.6074429750442505
patience: 1 / 6
Epoch   8  Train Loss 38.1155 99.66%
Epoch   8:  Dev 0.6395806074142456
patience: 2 / 6
Epoch   9  Train Loss 41.1009 99.69%
Epoch   9:  Dev 0.6151961088180542
patience: 3 / 6
Epoch  10  Train Loss 48.9791 99.70%
Epoch  10:  Dev 0.6103739738464355
patience: 4 / 6
Epoch  11  Train Loss 47.4724 99.72%
Epoch  11:  Dev 0.6226175427436829
patience: 5 / 6
Epoch  12  Train Loss 51.5533 99.73%
Epoch  12:  Dev 0.5940120220184326
patience: 6 / 6
setting train exemplar for learned classes
torch.Size([500, 2048])
BEST DEV 3: 0.6445013284683228
BEST TEST 3: 0.6835236549377441
torch.Size([500, 2048])
Epoch   1  Train Loss 21.8106 96.76%
Epoch   1:  Dev 0.6259542107582092
Epoch   1: Test 0.6267409920692444
patience: 0 / 6
Epoch   2  Train Loss 27.4307 99.61%
Epoch   2:  Dev 0.6288210153579712
Epoch   2: Test 0.6357982754707336
patience: 0 / 6
Epoch   3  Train Loss 31.9904 99.65%
Epoch   3:  Dev 0.631693959236145
Epoch   3: Test 0.6461107134819031
patience: 0 / 6
Epoch   4  Train Loss 36.6152 99.67%
Epoch   4:  Dev 0.6305309534072876
patience: 1 / 6
Epoch   5  Train Loss 41.0025 99.69%
Epoch   5:  Dev 0.6219780445098877
patience: 2 / 6
Epoch   6  Train Loss 45.8686 99.72%
Epoch   6:  Dev 0.623913049697876
patience: 3 / 6
Epoch   7  Train Loss 49.4945 99.73%
Epoch   7:  Dev 0.6264800429344177
patience: 4 / 6
Epoch   8  Train Loss 46.0785 99.74%
Epoch   8:  Dev 0.6314631104469299
patience: 5 / 6
Epoch   9  Train Loss 50.9842 99.75%
Epoch   9:  Dev 0.6213592290878296
patience: 6 / 6
setting train exemplar for learned classes
torch.Size([660, 2048])
BEST DEV 4: 0.631693959236145
BEST TEST 4: 0.6461107134819031
