Dump name space
results/maven/FairGrad_woSR_woSAM_woLosstrick_fairgrad_alpha-2/perm_1/options.json
Dump name space
results/maven/FairGrad_woSR_woSAM_woLosstrick_fairgrad_alpha-2/perm_1/options.json
Dump name space
results/maven/FairGrad_woSR_woSAM_woLosstrick_fairgrad_alpha-2/perm_1/options.json
Dump name space
results/maven/FairGrad_woSR_woSAM_woLosstrick_fairgrad_alpha-2/perm_1/options.json
Dump name space
results/maven/FairGrad_woSR_woSAM_woLosstrick_fairgrad_alpha-2/perm_1/options.json
[[151, 16, 3, 70, 106, 141, 68, 31, 79, 101, 166, 167, 94, 21, 51, 7, 73, 145, 2, 124, 159, 61, 41, 142, 126, 144, 55, 168, 29, 11, 24, 0], [157, 18, 114, 92, 67, 153, 80, 115, 78, 154, 27, 5, 69, 117, 44, 83, 155, 40, 45, 139, 137, 14, 138, 119, 74, 150, 59, 54, 28, 9, 140, 37, 107, 76, 47, 0], [147, 48, 84, 39, 53, 23, 109, 22, 77, 62, 93, 143, 89, 8, 71, 85, 63, 97, 65, 103, 113, 112, 123, 152, 88, 98, 72, 42, 60, 133, 128, 116, 15, 111, 136, 162, 129, 132, 6, 0], [46, 36, 17, 13, 12, 20, 25, 49, 169, 148, 87, 56, 95, 81, 58, 57, 161, 64, 163, 82, 43, 125, 35, 96, 156, 100, 66, 30, 50, 120, 0], [134, 99, 105, 91, 52, 19, 135, 122, 127, 102, 108, 104, 110, 38, 118, 121, 160, 26, 34, 33, 158, 130, 165, 86, 149, 146, 164, 4, 131, 75, 90, 10, 32, 0]]
True
train loader and exclude loader:  0
Original len train instances: 347788
train loader and exclude loader:  1
Original len train instances: 333221
train loader and exclude loader:  2
Original len train instances: 319808
train loader and exclude loader:  3
Original len train instances: 305370
train loader and exclude loader:  4
Original len train instances: 293078
Original len dev instances: 57198
Original len test instances: 98603
create basgMTL 4
False False
Epoch   1  Train Loss 0.1705 81.28%
Epoch   1:  Dev 0.5600830912590027
Epoch   1: Test 0.5642072558403015
patience: 0 / 5
Epoch   2  Train Loss 0.0936 82.10%
Epoch   2:  Dev 0.592739999294281
Epoch   2: Test 0.5967570543289185
patience: 0 / 5
Epoch   3  Train Loss 0.0832 82.30%
Epoch   3:  Dev 0.6064485311508179
Epoch   3: Test 0.6119982600212097
patience: 0 / 5
Epoch   4  Train Loss 0.0762 82.44%
Epoch   4:  Dev 0.5997599363327026
patience: 1 / 5
Epoch   5  Train Loss 0.0704 82.56%
Epoch   5:  Dev 0.6181990504264832
Epoch   5: Test 0.6165589690208435
patience: 0 / 5
Epoch   6  Train Loss 0.0649 82.69%
Epoch   6:  Dev 0.6209697127342224
Epoch   6: Test 0.6219298243522644
patience: 0 / 5
Epoch   7  Train Loss 0.0600 82.83%
Epoch   7:  Dev 0.6220231652259827
Epoch   7: Test 0.6107111573219299
patience: 0 / 5
Epoch   8  Train Loss 0.0554 82.96%
Epoch   8:  Dev 0.6237397193908691
Epoch   8: Test 0.623701274394989
patience: 0 / 5
Epoch   9  Train Loss 0.0508 83.08%
Epoch   9:  Dev 0.6149610280990601
patience: 1 / 5
Epoch  10  Train Loss 0.0462 83.20%
Epoch  10:  Dev 0.6147387623786926
patience: 2 / 5
Epoch  11  Train Loss 0.0421 83.35%
Epoch  11:  Dev 0.5847378373146057
patience: 3 / 5
Epoch  12  Train Loss 0.0387 83.46%
Epoch  12:  Dev 0.6281327605247498
Epoch  12: Test 0.6133444309234619
patience: 0 / 5
Epoch  13  Train Loss 0.0354 83.57%
Epoch  13:  Dev 0.6131487488746643
patience: 1 / 5
Epoch  14  Train Loss 0.0327 83.66%
Epoch  14:  Dev 0.6117428541183472
patience: 2 / 5
Epoch  15  Train Loss 0.0299 83.74%
Epoch  15:  Dev 0.6123467683792114
patience: 3 / 5
setting train exemplar for learned classes
torch.Size([620, 2048])
BEST DEV 0: 0.6281327605247498
BEST TEST 0: 0.6133444309234619
torch.Size([620, 2048])
Epoch   1  Train Loss 28.0205 95.63%
Epoch   1:  Dev 0.5279587507247925
Epoch   1: Test 0.5226293802261353
patience: 0 / 5
Epoch   2  Train Loss 33.9666 96.40%
Epoch   2:  Dev 0.5314666628837585
Epoch   2: Test 0.5347961783409119
patience: 0 / 5
Epoch   3  Train Loss 20.3510 94.73%
Epoch   3:  Dev 0.5354896783828735
Epoch   3: Test 0.5284053087234497
patience: 0 / 5
Epoch   4  Train Loss 20.8424 95.57%
Epoch   4:  Dev 0.532794177532196
patience: 1 / 5
Epoch   5  Train Loss 24.4100 96.04%
Epoch   5:  Dev 0.5439236164093018
Epoch   5: Test 0.5433065295219421
patience: 0 / 5
Epoch   6  Train Loss 27.3429 96.25%
Epoch   6:  Dev 0.5391213893890381
patience: 1 / 5
Epoch   7  Train Loss 30.3658 96.38%
Epoch   7:  Dev 0.5408003926277161
patience: 2 / 5
Epoch   8  Train Loss 33.1437 96.46%
Epoch   8:  Dev 0.5389175415039062
patience: 3 / 5
Epoch   9  Train Loss 38.2635 96.54%
Epoch   9:  Dev 0.5508398413658142
Epoch   9: Test 0.5563530921936035
patience: 0 / 5
Epoch  10  Train Loss 46.1429 96.62%
Epoch  10:  Dev 0.5461074709892273
patience: 1 / 5
Epoch  11  Train Loss 56.9698 96.72%
Epoch  11:  Dev 0.5421482920646667
patience: 2 / 5
Epoch  12  Train Loss 78.2757 96.74%
Epoch  12:  Dev 0.5496714115142822
patience: 3 / 5
Epoch  13  Train Loss 124.9689 96.86%
Epoch  13:  Dev 0.5420511364936829
patience: 4 / 5
Epoch  14  Train Loss 229.3470 96.93%
Epoch  14:  Dev 0.5392428040504456
patience: 5 / 5
setting train exemplar for learned classes
torch.Size([1320, 2048])
BEST DEV 1: 0.5508398413658142
BEST TEST 1: 0.5563530921936035
torch.Size([1320, 2048])
Epoch   1  Train Loss 8.5452 90.01%
Epoch   1:  Dev 0.3940466642379761
Epoch   1: Test 0.3943483829498291
patience: 0 / 5
Epoch   2  Train Loss 4.9128 88.58%
Epoch   2:  Dev 0.43316206336021423
Epoch   2: Test 0.43547412753105164
patience: 0 / 5
Epoch   3  Train Loss 6.6174 90.65%
Epoch   3:  Dev 0.42824074625968933
patience: 1 / 5
Epoch   4  Train Loss 8.6970 91.99%
Epoch   4:  Dev 0.4559798240661621
Epoch   4: Test 0.4684021770954132
patience: 0 / 5
Epoch   5  Train Loss 10.5481 92.92%
Epoch   5:  Dev 0.47239410877227783
Epoch   5: Test 0.48373356461524963
patience: 0 / 5
Epoch   6  Train Loss 12.6815 93.54%
Epoch   6:  Dev 0.48795777559280396
Epoch   6: Test 0.5031789541244507
patience: 0 / 5
Epoch   7  Train Loss 15.3959 94.16%
Epoch   7:  Dev 0.48385199904441833
patience: 1 / 5
Epoch   8  Train Loss 17.8866 94.56%
Epoch   8:  Dev 0.49667927622795105
Epoch   8: Test 0.5155953764915466
patience: 0 / 5
Epoch   9  Train Loss 20.6382 95.02%
Epoch   9:  Dev 0.5068199038505554
Epoch   9: Test 0.5245543718338013
patience: 0 / 5
Epoch  10  Train Loss 22.3934 95.39%
Epoch  10:  Dev 0.5180160403251648
Epoch  10: Test 0.5342257618904114
patience: 0 / 5
Epoch  11  Train Loss 25.7373 95.74%
Epoch  11:  Dev 0.5257253050804138
Epoch  11: Test 0.5414947867393494
patience: 0 / 5
Epoch  12  Train Loss 28.1256 95.86%
Epoch  12:  Dev 0.521398663520813
patience: 1 / 5
Epoch  13  Train Loss 29.7650 96.02%
Epoch  13:  Dev 0.5262038111686707
Epoch  13: Test 0.5389911532402039
patience: 0 / 5
Epoch  14  Train Loss 31.7689 96.18%
Epoch  14:  Dev 0.5281155705451965
Epoch  14: Test 0.5437918901443481
patience: 0 / 5
Epoch  15  Train Loss 33.4878 96.27%
Epoch  15:  Dev 0.5297719836235046
Epoch  15: Test 0.5438480377197266
patience: 0 / 5
setting train exemplar for learned classes
torch.Size([2100, 2048])
BEST DEV 2: 0.5297719836235046
BEST TEST 2: 0.5438480377197266
torch.Size([2100, 2048])
Epoch   1  Train Loss 10.4995 90.10%
Epoch   1:  Dev 0.44048014283180237
Epoch   1: Test 0.4503324031829834
patience: 0 / 5
Epoch   2  Train Loss 9.3297 90.23%
Epoch   2:  Dev 0.4601117670536041
Epoch   2: Test 0.47490084171295166
patience: 0 / 5
Epoch   3  Train Loss 11.7474 91.85%
Epoch   3:  Dev 0.4657517373561859
Epoch   3: Test 0.47797203063964844
patience: 0 / 5
Epoch   4  Train Loss 14.0527 92.77%
Epoch   4:  Dev 0.473329097032547
Epoch   4: Test 0.4881148040294647
patience: 0 / 5
Epoch   5  Train Loss 17.2174 93.53%
Epoch   5:  Dev 0.4726414084434509
patience: 1 / 5
Epoch   6  Train Loss 20.1070 94.13%
Epoch   6:  Dev 0.4726378321647644
patience: 2 / 5
Epoch   7  Train Loss 24.7632 95.05%
Epoch   7:  Dev 0.48777100443840027
Epoch   7: Test 0.5030401945114136
patience: 0 / 5
Epoch   8  Train Loss 29.0711 95.30%
Epoch   8:  Dev 0.4882858395576477
Epoch   8: Test 0.5030266642570496
patience: 0 / 5
Epoch   9  Train Loss 32.4993 95.51%
Epoch   9:  Dev 0.49258118867874146
Epoch   9: Test 0.5058733224868774
patience: 0 / 5
Epoch  10  Train Loss 36.3240 95.68%
Epoch  10:  Dev 0.49451392889022827
Epoch  10: Test 0.5084800124168396
patience: 0 / 5
Epoch  11  Train Loss 39.6243 95.81%
Epoch  11:  Dev 0.5084071159362793
Epoch  11: Test 0.5231325626373291
patience: 0 / 5
Epoch  12  Train Loss 42.5509 96.00%
Epoch  12:  Dev 0.495701402425766
patience: 1 / 5
Epoch  13  Train Loss 45.2352 96.09%
Epoch  13:  Dev 0.4988050162792206
patience: 2 / 5
Epoch  14  Train Loss 48.4305 96.15%
Epoch  14:  Dev 0.5000351667404175
patience: 3 / 5
Epoch  15  Train Loss 49.7834 96.24%
Epoch  15:  Dev 0.49598759412765503
patience: 4 / 5
setting train exemplar for learned classes
torch.Size([2700, 2048])
BEST DEV 3: 0.5084071159362793
BEST TEST 3: 0.5231325626373291
torch.Size([2700, 2048])
Epoch   1  Train Loss 26.0455 93.63%
Epoch   1:  Dev 0.4347670078277588
Epoch   1: Test 0.44540369510650635
patience: 0 / 5
Epoch   2  Train Loss 58.4009 95.12%
Epoch   2:  Dev 0.4698386788368225
Epoch   2: Test 0.4716828167438507
patience: 0 / 5
Epoch   3  Train Loss 99.3011 95.22%
Epoch   3:  Dev 0.47478508949279785
Epoch   3: Test 0.48570379614830017
patience: 0 / 5
Epoch   4  Train Loss 154.1845 95.16%
Epoch   4:  Dev 0.48067787289619446
Epoch   4: Test 0.49153098464012146
patience: 0 / 5
Epoch   5  Train Loss 257.4969 94.82%
Epoch   5:  Dev 0.48788386583328247
Epoch   5: Test 0.49709048867225647
patience: 0 / 5
Epoch   6  Train Loss 292.2413 94.51%
Epoch   6:  Dev 0.4915449917316437
Epoch   6: Test 0.5001433491706848
patience: 0 / 5
Epoch   7  Train Loss 255.2853 94.72%
Epoch   7:  Dev 0.4831385910511017
patience: 1 / 5
Epoch   8  Train Loss 248.3679 94.96%
Epoch   8:  Dev 0.48615002632141113
patience: 2 / 5
Epoch   9  Train Loss 246.2683 95.13%
Epoch   9:  Dev 0.4937257170677185
Epoch   9: Test 0.5020523071289062
patience: 0 / 5
Epoch  10  Train Loss 242.6447 95.27%
Epoch  10:  Dev 0.4823971688747406
patience: 1 / 5
Epoch  11  Train Loss 245.4042 95.41%
Epoch  11:  Dev 0.47686219215393066
patience: 2 / 5
Epoch  12  Train Loss 246.9348 95.54%
Epoch  12:  Dev 0.4775913953781128
patience: 3 / 5
Epoch  13  Train Loss 248.3751 95.65%
Epoch  13:  Dev 0.4881730377674103
patience: 4 / 5
Epoch  14  Train Loss 242.0421 95.74%
Epoch  14:  Dev 0.47667497396469116
patience: 5 / 5
setting train exemplar for learned classes
torch.Size([3360, 2048])
BEST DEV 4: 0.4937257170677185
BEST TEST 4: 0.5020523071289062
