Dump name space
results/ace/NashMTL_woMOO_woNAloss_cluster-4_gen-10/perm_0/options.json
Dump name space
results/ace/NashMTL_woMOO_woNAloss_cluster-4_gen-10/perm_0/options.json
Dump name space
results/ace/NashMTL_woMOO_woNAloss_cluster-4_gen-10/perm_0/options.json
Dump name space
results/ace/NashMTL_woMOO_woNAloss_cluster-4_gen-10/perm_0/options.json
[[188, 199, 184, 194, 189, 190, 178, 186, 197, 0], [191, 187, 195, 171, 174, 179, 0], [201, 183, 193, 172, 175, 0], [200, 180, 173, 198, 177, 0], [196, 181, 182, 202, 185, 176, 170, 192, 0]]
False
train loader and exclude loader:  0
Original len train instances: 265115
train loader and exclude loader:  1
Original len train instances: 264531
train loader and exclude loader:  2
Original len train instances: 263692
train loader and exclude loader:  3
Original len train instances: 262358
train loader and exclude loader:  4
Original len train instances: 261639
Original len dev instances: 54053
Original len test instances: 93949
create basgMTL 4
False True
Epoch   1  Train Loss 0.0569 98.17%
Epoch   1:  Dev 0.5670103430747986
Epoch   1: Test 0.48175179958343506
patience: 0 / 6
Epoch   2  Train Loss 0.0054 98.55%
Epoch   2:  Dev 0.610837459564209
Epoch   2: Test 0.5810810923576355
patience: 0 / 6
Epoch   3  Train Loss 0.0042 98.56%
Epoch   3:  Dev 0.5991189479827881
patience: 1 / 6
Epoch   4  Train Loss 0.0034 98.58%
Epoch   4:  Dev 0.6336633563041687
Epoch   4: Test 0.442748099565506
patience: 0 / 6
Epoch   5  Train Loss 0.0029 98.59%
Epoch   5:  Dev 0.6265060305595398
patience: 1 / 6
Epoch   6  Train Loss 0.0023 98.60%
Epoch   6:  Dev 0.6406926512718201
Epoch   6: Test 0.5584415793418884
patience: 0 / 6
Epoch   7  Train Loss 0.0019 98.61%
Epoch   7:  Dev 0.604651153087616
patience: 1 / 6
Epoch   8  Train Loss 0.0016 98.62%
Epoch   8:  Dev 0.5855513215065002
patience: 2 / 6
Epoch   9  Train Loss 0.0013 98.63%
Epoch   9:  Dev 0.5846154093742371
patience: 3 / 6
Epoch  10  Train Loss 0.0012 98.63%
Epoch  10:  Dev 0.5877861976623535
patience: 4 / 6
Epoch  11  Train Loss 0.0011 98.64%
Epoch  11:  Dev 0.5984848737716675
patience: 5 / 6
Epoch  12  Train Loss 0.0010 98.64%
Epoch  12:  Dev 0.597014844417572
patience: 6 / 6
setting train exemplar for learned classes
torch.Size([180, 2048])
BEST DEV 0: 0.6406926512718201
BEST TEST 0: 0.5584415793418884
torch.Size([180, 2048])
Epoch   1  Train Loss 0.2894 98.63%
Epoch   1:  Dev 0.5674930810928345
Epoch   1: Test 0.6587677597999573
patience: 0 / 6
Epoch   2  Train Loss 0.2821 98.81%
Epoch   2:  Dev 0.5737705230712891
Epoch   2: Test 0.6725274920463562
patience: 0 / 6
Epoch   3  Train Loss 0.2810 98.82%
Epoch   3:  Dev 0.5838150382041931
Epoch   3: Test 0.663573145866394
patience: 0 / 6
Epoch   4  Train Loss 0.2803 98.84%
Epoch   4:  Dev 0.5925925970077515
Epoch   4: Test 0.6531531810760498
patience: 0 / 6
Epoch   5  Train Loss 0.2795 98.86%
Epoch   5:  Dev 0.5892351269721985
patience: 1 / 6
Epoch   6  Train Loss 0.2794 98.87%
Epoch   6:  Dev 0.5958702564239502
Epoch   6: Test 0.6451612710952759
patience: 0 / 6
Epoch   7  Train Loss 0.2788 98.89%
Epoch   7:  Dev 0.583106279373169
patience: 1 / 6
Epoch   8  Train Loss 0.2787 98.90%
Epoch   8:  Dev 0.5859155058860779
patience: 2 / 6
Epoch   9  Train Loss 0.2785 98.91%
Epoch   9:  Dev 0.5959885716438293
Epoch   9: Test 0.6637362837791443
patience: 0 / 6
Epoch  10  Train Loss 0.2783 98.92%
Epoch  10:  Dev 0.5988372564315796
Epoch  10: Test 0.6355555653572083
patience: 0 / 6
Epoch  11  Train Loss 0.2782 98.93%
Epoch  11:  Dev 0.5988372564315796
patience: 1 / 6
Epoch  12  Train Loss 0.2783 98.93%
Epoch  12:  Dev 0.5958702564239502
patience: 2 / 6
Epoch  13  Train Loss 0.2781 98.94%
Epoch  13:  Dev 0.5971013903617859
patience: 3 / 6
Epoch  14  Train Loss 0.2781 98.95%
Epoch  14:  Dev 0.5892351269721985
patience: 4 / 6
Epoch  15  Train Loss 0.2779 98.95%
Epoch  15:  Dev 0.5958702564239502
patience: 5 / 6
Epoch  16  Train Loss 0.2777 98.95%
Epoch  16:  Dev 0.6099706888198853
Epoch  16: Test 0.6450216174125671
patience: 0 / 6
Epoch  17  Train Loss 0.2779 98.95%
Epoch  17:  Dev 0.5994235873222351
patience: 1 / 6
Epoch  18  Train Loss 0.2777 98.96%
Epoch  18:  Dev 0.6126126050949097
Epoch  18: Test 0.647321343421936
patience: 0 / 6
Epoch  19  Train Loss 0.2778 98.96%
Epoch  19:  Dev 0.6126126050949097
patience: 1 / 6
Epoch  20  Train Loss 0.2779 98.95%
Epoch  20:  Dev 0.6058823466300964
patience: 2 / 6
Epoch  21  Train Loss 0.2777 98.96%
Epoch  21:  Dev 0.5906432867050171
patience: 3 / 6
Epoch  22  Train Loss 0.2776 98.96%
Epoch  22:  Dev 0.5970149636268616
patience: 4 / 6
Epoch  23  Train Loss 0.2776 98.97%
Epoch  23:  Dev 0.604790449142456
patience: 5 / 6
Epoch  24  Train Loss 0.2778 98.96%
Epoch  24:  Dev 0.588921308517456
patience: 6 / 6
setting train exemplar for learned classes
torch.Size([300, 2048])
BEST DEV 1: 0.6126126050949097
BEST TEST 1: 0.647321343421936
torch.Size([300, 2048])
Epoch   1  Train Loss 0.3704 98.69%
Epoch   1:  Dev 0.6345083117485046
Epoch   1: Test 0.6709129214286804
patience: 0 / 6
Epoch   2  Train Loss 0.3613 99.22%
Epoch   2:  Dev 0.6568265557289124
Epoch   2: Test 0.6991062760353088
patience: 0 / 6
Epoch   3  Train Loss 0.3608 99.26%
Epoch   3:  Dev 0.6520146131515503
patience: 1 / 6
Epoch   4  Train Loss 0.3605 99.28%
Epoch   4:  Dev 0.6459854245185852
patience: 2 / 6
Epoch   5  Train Loss 0.3604 99.31%
Epoch   5:  Dev 0.6456140279769897
patience: 3 / 6
Epoch   6  Train Loss 0.3601 99.33%
Epoch   6:  Dev 0.6630434393882751
Epoch   6: Test 0.7104477882385254
patience: 0 / 6
Epoch   7  Train Loss 0.3597 99.34%
Epoch   7:  Dev 0.6437177062034607
patience: 1 / 6
Epoch   8  Train Loss 0.3597 99.36%
Epoch   8:  Dev 0.6501766443252563
patience: 2 / 6
Epoch   9  Train Loss 0.3596 99.38%
Epoch   9:  Dev 0.6655052304267883
Epoch   9: Test 0.7073643207550049
patience: 0 / 6
Epoch  10  Train Loss 0.3595 99.39%
Epoch  10:  Dev 0.64716637134552
patience: 1 / 6
Epoch  11  Train Loss 0.3593 99.40%
Epoch  11:  Dev 0.6457990407943726
patience: 2 / 6
Epoch  12  Train Loss 0.3592 99.41%
Epoch  12:  Dev 0.6470588445663452
patience: 3 / 6
Epoch  13  Train Loss 0.3592 99.43%
Epoch  13:  Dev 0.6549912095069885
patience: 4 / 6
Epoch  14  Train Loss 0.3591 99.43%
Epoch  14:  Dev 0.6493055820465088
patience: 5 / 6
Epoch  15  Train Loss 0.3590 99.44%
Epoch  15:  Dev 0.6470588445663452
patience: 6 / 6
setting train exemplar for learned classes
torch.Size([400, 2048])
BEST DEV 2: 0.6655052304267883
BEST TEST 2: 0.7073643207550049
torch.Size([400, 2048])
Epoch   1  Train Loss 0.5151 98.92%
Epoch   1:  Dev 0.6026986837387085
Epoch   1: Test 0.6511226296424866
patience: 0 / 6
Epoch   2  Train Loss 0.5146 99.49%
Epoch   2:  Dev 0.6372414231300354
Epoch   2: Test 0.6638795733451843
patience: 0 / 6
Epoch   3  Train Loss 0.5137 99.52%
Epoch   3:  Dev 0.6433566212654114
Epoch   3: Test 0.6716917753219604
patience: 0 / 6
Epoch   4  Train Loss 0.5136 99.55%
Epoch   4:  Dev 0.6214382648468018
patience: 1 / 6
Epoch   5  Train Loss 0.5135 99.57%
Epoch   5:  Dev 0.6373937726020813
patience: 2 / 6
Epoch   6  Train Loss 0.5131 99.58%
Epoch   6:  Dev 0.6309859156608582
patience: 3 / 6
Epoch   7  Train Loss 0.5131 99.60%
Epoch   7:  Dev 0.6284153461456299
patience: 4 / 6
Epoch   8  Train Loss 0.5126 99.61%
Epoch   8:  Dev 0.6166902780532837
patience: 5 / 6
Epoch   9  Train Loss 0.5125 99.63%
Epoch   9:  Dev 0.6371191143989563
patience: 6 / 6
setting train exemplar for learned classes
torch.Size([500, 2048])
BEST DEV 3: 0.6433566212654114
BEST TEST 3: 0.6716917753219604
torch.Size([500, 2048])
Epoch   1  Train Loss 0.7029 99.13%
Epoch   1:  Dev 0.5774999856948853
Epoch   1: Test 0.5907046794891357
patience: 0 / 6
Epoch   2  Train Loss 0.6975 99.71%
Epoch   2:  Dev 0.6132404208183289
Epoch   2: Test 0.6052819490432739
patience: 0 / 6
Epoch   3  Train Loss 0.6962 99.76%
Epoch   3:  Dev 0.6164706349372864
Epoch   3: Test 0.6179693341255188
patience: 0 / 6
Epoch   4  Train Loss 0.6952 99.78%
Epoch   4:  Dev 0.6327013373374939
Epoch   4: Test 0.6200873851776123
patience: 0 / 6
Epoch   5  Train Loss 0.6949 99.79%
Epoch   5:  Dev 0.6231884360313416
patience: 1 / 6
Epoch   6  Train Loss 0.6941 99.80%
Epoch   6:  Dev 0.633853554725647
Epoch   6: Test 0.6293103694915771
patience: 0 / 6
Epoch   7  Train Loss 0.6943 99.81%
Epoch   7:  Dev 0.6330597400665283
patience: 1 / 6
Epoch   8  Train Loss 0.6939 99.83%
Epoch   8:  Dev 0.6276849508285522
patience: 2 / 6
Epoch   9  Train Loss 0.6935 99.84%
Epoch   9:  Dev 0.6278240084648132
patience: 3 / 6
Epoch  10  Train Loss 0.6936 99.85%
Epoch  10:  Dev 0.6406619548797607
Epoch  10: Test 0.643266499042511
patience: 0 / 6
Epoch  11  Train Loss 0.6936 99.85%
Epoch  11:  Dev 0.6415980458259583
Epoch  11: Test 0.6252707242965698
patience: 0 / 6
Epoch  12  Train Loss 0.6933 99.87%
Epoch  12:  Dev 0.634319543838501
patience: 1 / 6
Epoch  13  Train Loss 0.6928 99.87%
Epoch  13:  Dev 0.629807710647583
patience: 2 / 6
Epoch  14  Train Loss 0.6935 99.89%
Epoch  14:  Dev 0.6214285492897034
patience: 3 / 6
Epoch  15  Train Loss 0.6928 99.89%
Epoch  15:  Dev 0.6342042684555054
patience: 4 / 6
Epoch  16  Train Loss 0.6927 99.90%
Epoch  16:  Dev 0.6340881586074829
patience: 5 / 6
Epoch  17  Train Loss 0.6925 99.90%
Epoch  17:  Dev 0.6322263479232788
patience: 6 / 6
setting train exemplar for learned classes
torch.Size([660, 2048])
BEST DEV 4: 0.6415980458259583
BEST TEST 4: 0.6252707242965698
