Dump name space
results/ace/NashMTL_mi_woMOO/perm_4/options.json
Dump name space
results/ace/NashMTL_mi_woMOO/perm_4/options.json
Dump name space
results/ace/NashMTL_mi_woMOO/perm_4/options.json
Dump name space
results/ace/NashMTL_mi_woMOO/perm_4/options.json
[[200, 180, 173, 198, 177, 0], [196, 181, 182, 202, 185, 176, 170, 192, 0], [188, 199, 184, 194, 189, 190, 178, 186, 197, 0], [191, 187, 195, 171, 174, 179, 0], [201, 183, 193, 172, 175, 0]]
False
train loader and exclude loader:  0
Original len train instances: 265115
train loader and exclude loader:  1
Original len train instances: 264396
train loader and exclude loader:  2
Original len train instances: 263784
train loader and exclude loader:  3
Original len train instances: 263200
train loader and exclude loader:  4
Original len train instances: 262361
Original len dev instances: 54053
Original len test instances: 93949
create basgMTL 4
False True
Epoch   1  Train Loss 1.2016 99.11%
Epoch   1:  Dev 0.544715404510498
Epoch   1: Test 0.4312668442726135
patience: 0 / 6
Epoch   2  Train Loss 1.1391 99.43%
Epoch   2:  Dev 0.4484848380088806
patience: 1 / 6
Epoch   3  Train Loss 1.1332 99.47%
Epoch   3:  Dev 0.5378787517547607
patience: 2 / 6
Epoch   4  Train Loss 1.1283 99.56%
Epoch   4:  Dev 0.5485231876373291
Epoch   4: Test 0.48170730471611023
patience: 0 / 6
Epoch   5  Train Loss 1.1254 99.61%
Epoch   5:  Dev 0.5185185074806213
patience: 1 / 6
Epoch   6  Train Loss 1.1225 99.65%
Epoch   6:  Dev 0.5426356792449951
patience: 2 / 6
Epoch   7  Train Loss 1.1205 99.71%
Epoch   7:  Dev 0.5214008092880249
patience: 3 / 6
Epoch   8  Train Loss 1.1187 99.75%
Epoch   8:  Dev 0.5773196220397949
Epoch   8: Test 0.51408451795578
patience: 0 / 6
Epoch   9  Train Loss 1.1173 99.78%
Epoch   9:  Dev 0.47887322306632996
patience: 1 / 6
Epoch  10  Train Loss 1.1167 99.80%
Epoch  10:  Dev 0.5560975074768066
patience: 2 / 6
Epoch  11  Train Loss 1.1159 99.82%
Epoch  11:  Dev 0.44186046719551086
patience: 3 / 6
Epoch  12  Train Loss 1.1151 99.84%
Epoch  12:  Dev 0.5116278529167175
patience: 4 / 6
Epoch  13  Train Loss 1.1147 99.86%
Epoch  13:  Dev 0.5066666603088379
patience: 5 / 6
Epoch  14  Train Loss 1.1147 99.87%
Epoch  14:  Dev 0.539130449295044
patience: 6 / 6
setting train exemplar for learned classes
torch.Size([100, 2048])
BEST DEV 0: 0.5773196220397949
BEST TEST 0: 0.51408451795578
torch.Size([100, 2048])
Epoch   1  Train Loss 0.7928 98.19%
Epoch   1:  Dev 0.5344827175140381
Epoch   1: Test 0.4860907793045044
patience: 0 / 6
Epoch   2  Train Loss 0.7331 99.50%
Epoch   2:  Dev 0.5336225628852844
patience: 1 / 6
Epoch   3  Train Loss 0.7265 99.57%
Epoch   3:  Dev 0.544185996055603
Epoch   3: Test 0.5048543810844421
patience: 0 / 6
Epoch   4  Train Loss 0.7224 99.64%
Epoch   4:  Dev 0.5566502809524536
Epoch   4: Test 0.49915680289268494
patience: 0 / 6
Epoch   5  Train Loss 0.7198 99.67%
Epoch   5:  Dev 0.5614035129547119
Epoch   5: Test 0.5326460599899292
patience: 0 / 6
Epoch   6  Train Loss 0.7175 99.73%
Epoch   6:  Dev 0.5844504237174988
Epoch   6: Test 0.5098743438720703
patience: 0 / 6
Epoch   7  Train Loss 0.7162 99.77%
Epoch   7:  Dev 0.5922077298164368
Epoch   7: Test 0.5008576512336731
patience: 0 / 6
Epoch   8  Train Loss 0.7151 99.80%
Epoch   8:  Dev 0.5982905626296997
Epoch   8: Test 0.49713191390037537
patience: 0 / 6
Epoch   9  Train Loss 0.7145 99.81%
Epoch   9:  Dev 0.5863013863563538
patience: 1 / 6
Epoch  10  Train Loss 0.7136 99.84%
Epoch  10:  Dev 0.5885885953903198
patience: 2 / 6
Epoch  11  Train Loss 0.7138 99.84%
Epoch  11:  Dev 0.5808219313621521
patience: 3 / 6
Epoch  12  Train Loss 0.7134 99.86%
Epoch  12:  Dev 0.6076695919036865
Epoch  12: Test 0.4930417537689209
patience: 0 / 6
Epoch  13  Train Loss 0.7128 99.87%
Epoch  13:  Dev 0.5648415088653564
patience: 1 / 6
Epoch  14  Train Loss 0.7130 99.88%
Epoch  14:  Dev 0.5970149636268616
patience: 2 / 6
Epoch  15  Train Loss 0.7126 99.89%
Epoch  15:  Dev 0.5982404947280884
patience: 3 / 6
Epoch  16  Train Loss 0.7123 99.90%
Epoch  16:  Dev 0.6106442213058472
Epoch  16: Test 0.49162012338638306
patience: 0 / 6
Epoch  17  Train Loss 0.7118 99.91%
Epoch  17:  Dev 0.6175637245178223
Epoch  17: Test 0.4961240589618683
patience: 0 / 6
Epoch  18  Train Loss 0.7118 99.91%
Epoch  18:  Dev 0.5911949872970581
patience: 1 / 6
Epoch  19  Train Loss 0.7122 99.89%
Epoch  19:  Dev 0.615384578704834
patience: 2 / 6
Epoch  20  Train Loss 0.7115 99.92%
Epoch  20:  Dev 0.6017699241638184
patience: 3 / 6
Epoch  21  Train Loss 0.7117 99.91%
Epoch  21:  Dev 0.5909090638160706
patience: 4 / 6
Epoch  22  Train Loss 0.7119 99.91%
Epoch  22:  Dev 0.5971014499664307
patience: 5 / 6
Epoch  23  Train Loss 0.7109 99.94%
Epoch  23:  Dev 0.5913043022155762
patience: 6 / 6
setting train exemplar for learned classes
torch.Size([260, 2048])
BEST DEV 1: 0.6175637245178223
BEST TEST 1: 0.4961240589618683
torch.Size([260, 2048])
Epoch   1  Train Loss 0.6893 97.94%
Epoch   1:  Dev 0.5557299852371216
Epoch   1: Test 0.5014084577560425
patience: 0 / 6
Epoch   2  Train Loss 0.6496 99.62%
Epoch   2:  Dev 0.5098553895950317
patience: 1 / 6
Epoch   3  Train Loss 0.6442 99.68%
Epoch   3:  Dev 0.5490196347236633
patience: 2 / 6
Epoch   4  Train Loss 0.6423 99.71%
Epoch   4:  Dev 0.5765472054481506
Epoch   4: Test 0.5352941155433655
patience: 0 / 6
Epoch   5  Train Loss 0.6401 99.76%
Epoch   5:  Dev 0.5524371862411499
patience: 1 / 6
Epoch   6  Train Loss 0.6391 99.79%
Epoch   6:  Dev 0.4966443181037903
patience: 2 / 6
Epoch   7  Train Loss 0.6376 99.83%
Epoch   7:  Dev 0.5355648398399353
patience: 3 / 6
Epoch   8  Train Loss 0.6377 99.85%
Epoch   8:  Dev 0.5620093941688538
patience: 4 / 6
Epoch   9  Train Loss 0.6374 99.86%
Epoch   9:  Dev 0.5208913683891296
patience: 5 / 6
Epoch  10  Train Loss 0.6369 99.87%
Epoch  10:  Dev 0.571865439414978
patience: 6 / 6
setting train exemplar for learned classes
torch.Size([440, 2048])
BEST DEV 2: 0.5765472054481506
BEST TEST 2: 0.5352941155433655
torch.Size([440, 2048])
Epoch   1  Train Loss 0.8374 97.93%
Epoch   1:  Dev 0.5406896471977234
Epoch   1: Test 0.5557809472084045
patience: 0 / 6
Epoch   2  Train Loss 0.8141 99.53%
Epoch   2:  Dev 0.5440210103988647
Epoch   2: Test 0.5189873576164246
patience: 0 / 6
Epoch   3  Train Loss 0.8112 99.57%
Epoch   3:  Dev 0.5484310984611511
Epoch   3: Test 0.5537848472595215
patience: 0 / 6
Epoch   4  Train Loss 0.8089 99.59%
Epoch   4:  Dev 0.5520974397659302
Epoch   4: Test 0.5342205166816711
patience: 0 / 6
Epoch   5  Train Loss 0.8080 99.61%
Epoch   5:  Dev 0.5535247921943665
Epoch   5: Test 0.5580487847328186
patience: 0 / 6
Epoch   6  Train Loss 0.8069 99.64%
Epoch   6:  Dev 0.5461956262588501
patience: 1 / 6
Epoch   7  Train Loss 0.8067 99.70%
Epoch   7:  Dev 0.5595716238021851
Epoch   7: Test 0.5444015860557556
patience: 0 / 6
Epoch   8  Train Loss 0.8059 99.73%
Epoch   8:  Dev 0.56708163022995
Epoch   8: Test 0.5652620792388916
patience: 0 / 6
Epoch   9  Train Loss 0.8053 99.74%
Epoch   9:  Dev 0.5624142289161682
patience: 1 / 6
Epoch  10  Train Loss 0.8049 99.77%
Epoch  10:  Dev 0.5601092576980591
patience: 2 / 6
Epoch  11  Train Loss 0.8050 99.77%
Epoch  11:  Dev 0.5641025304794312
patience: 3 / 6
Epoch  12  Train Loss 0.8049 99.78%
Epoch  12:  Dev 0.5563093423843384
patience: 4 / 6
Epoch  13  Train Loss 0.8050 99.80%
Epoch  13:  Dev 0.5521978139877319
patience: 5 / 6
Epoch  14  Train Loss 0.8043 99.80%
Epoch  14:  Dev 0.5536424517631531
patience: 6 / 6
setting train exemplar for learned classes
torch.Size([560, 2048])
BEST DEV 3: 0.56708163022995
BEST TEST 3: 0.5652620792388916
torch.Size([560, 2048])
Epoch   1  Train Loss 1.1547 97.32%
Epoch   1:  Dev 0.5777777433395386
Epoch   1: Test 0.6140127182006836
patience: 0 / 6
Epoch   2  Train Loss 1.1352 99.41%
Epoch   2:  Dev 0.5957447290420532
Epoch   2: Test 0.6342412233352661
patience: 0 / 6
Epoch   3  Train Loss 1.1346 99.43%
Epoch   3:  Dev 0.581371545791626
patience: 1 / 6
Epoch   4  Train Loss 1.1340 99.49%
Epoch   4:  Dev 0.5660377144813538
patience: 2 / 6
Epoch   5  Train Loss 1.1332 99.52%
Epoch   5:  Dev 0.5748502612113953
patience: 3 / 6
Epoch   6  Train Loss 1.1322 99.57%
Epoch   6:  Dev 0.5802592635154724
patience: 4 / 6
Epoch   7  Train Loss 1.1313 99.58%
Epoch   7:  Dev 0.5725489854812622
patience: 5 / 6
Epoch   8  Train Loss 1.1308 99.61%
Epoch   8:  Dev 0.5941421985626221
patience: 6 / 6
setting train exemplar for learned classes
torch.Size([660, 2048])
BEST DEV 4: 0.5957447290420532
BEST TEST 4: 0.6342412233352661
