Dump name space
results/maven/FairGrad_woLMH_narate-4_cluster-4_gen-20_fairgrad_alpha-0.8/perm_3/options.json
Dump name space
results/maven/FairGrad_woLMH_narate-4_cluster-4_gen-20_fairgrad_alpha-0.8/perm_3/options.json
Dump name space
results/maven/FairGrad_woLMH_narate-4_cluster-4_gen-20_fairgrad_alpha-0.8/perm_3/options.json
Dump name space
results/maven/FairGrad_woLMH_narate-4_cluster-4_gen-20_fairgrad_alpha-0.8/perm_3/options.json
Dump name space
results/maven/FairGrad_woLMH_narate-4_cluster-4_gen-20_fairgrad_alpha-0.8/perm_3/options.json
[[46, 36, 17, 13, 12, 20, 25, 49, 169, 148, 87, 56, 95, 81, 58, 57, 161, 64, 163, 82, 43, 125, 35, 96, 156, 100, 66, 30, 50, 120, 0], [147, 48, 84, 39, 53, 23, 109, 22, 77, 62, 93, 143, 89, 8, 71, 85, 63, 97, 65, 103, 113, 112, 123, 152, 88, 98, 72, 42, 60, 133, 128, 116, 15, 111, 136, 162, 129, 132, 6, 0], [134, 99, 105, 91, 52, 19, 135, 122, 127, 102, 108, 104, 110, 38, 118, 121, 160, 26, 34, 33, 158, 130, 165, 86, 149, 146, 164, 4, 131, 75, 90, 10, 32, 0], [157, 18, 114, 92, 67, 153, 80, 115, 78, 154, 27, 5, 69, 117, 44, 83, 155, 40, 45, 139, 137, 14, 138, 119, 74, 150, 59, 54, 28, 9, 140, 37, 107, 76, 47, 0], [151, 16, 3, 70, 106, 141, 68, 31, 79, 101, 166, 167, 94, 21, 51, 7, 73, 145, 2, 124, 159, 61, 41, 142, 126, 144, 55, 168, 29, 11, 24, 0]]
True
train loader and exclude loader:  0
Original len train instances: 347788
train loader and exclude loader:  1
Original len train instances: 335496
train loader and exclude loader:  2
Original len train instances: 321058
train loader and exclude loader:  3
Original len train instances: 308131
train loader and exclude loader:  4
Original len train instances: 294718
Original len dev instances: 57198
Original len test instances: 98603
create basgMTL 4
False True
Epoch   1  Train Loss 0.4921 95.10%
Epoch   1:  Dev 0.5414072871208191
Epoch   1: Test 0.5608929395675659
patience: 0 / 5
Epoch   2  Train Loss 0.2897 95.82%
Epoch   2:  Dev 0.5630961060523987
Epoch   2: Test 0.5729199647903442
patience: 0 / 5
Epoch   3  Train Loss 0.2461 96.04%
Epoch   3:  Dev 0.5573537349700928
patience: 1 / 5
Epoch   4  Train Loss 0.2166 96.14%
Epoch   4:  Dev 0.5839443802833557
Epoch   4: Test 0.6004795432090759
patience: 0 / 5
Epoch   5  Train Loss 0.1936 96.27%
Epoch   5:  Dev 0.5573711395263672
patience: 1 / 5
Epoch   6  Train Loss 0.1742 96.43%
Epoch   6:  Dev 0.5808470845222473
patience: 2 / 5
Epoch   7  Train Loss 0.1582 96.56%
Epoch   7:  Dev 0.5693483948707581
patience: 3 / 5
Epoch   8  Train Loss 0.1446 96.67%
Epoch   8:  Dev 0.589792788028717
Epoch   8: Test 0.6051782965660095
patience: 0 / 5
Epoch   9  Train Loss 0.1327 96.83%
Epoch   9:  Dev 0.5693483948707581
patience: 1 / 5
Epoch  10  Train Loss 0.1218 96.96%
Epoch  10:  Dev 0.5796070694923401
patience: 2 / 5
Epoch  11  Train Loss 0.1134 97.09%
Epoch  11:  Dev 0.5875619649887085
patience: 3 / 5
Epoch  12  Train Loss 0.1059 97.21%
Epoch  12:  Dev 0.5884813070297241
patience: 4 / 5
Epoch  13  Train Loss 0.1001 97.33%
Epoch  13:  Dev 0.5790374875068665
patience: 5 / 5
setting train exemplar for learned classes
torch.Size([600, 2048])
BEST DEV 0: 0.589792788028717
BEST TEST 0: 0.6051782965660095
torch.Size([600, 2048])
Epoch   1  Train Loss 10.8521 91.97%
Epoch   1:  Dev 0.5862336754798889
Epoch   1: Test 0.6045172810554504
patience: 0 / 5
Epoch   2  Train Loss 12.0599 93.65%
Epoch   2:  Dev 0.5880824327468872
Epoch   2: Test 0.6048212051391602
patience: 0 / 5
Epoch   3  Train Loss 13.1814 93.88%
Epoch   3:  Dev 0.597496509552002
Epoch   3: Test 0.6078606843948364
patience: 0 / 5
Epoch   4  Train Loss 14.2487 94.12%
Epoch   4:  Dev 0.6037700772285461
Epoch   4: Test 0.6099057793617249
patience: 0 / 5
Epoch   5  Train Loss 15.2252 94.30%
Epoch   5:  Dev 0.614485502243042
Epoch   5: Test 0.6218349933624268
patience: 0 / 5
Epoch   6  Train Loss 16.2077 94.43%
Epoch   6:  Dev 0.6039431691169739
patience: 1 / 5
Epoch   7  Train Loss 17.3106 94.54%
Epoch   7:  Dev 0.6008012890815735
patience: 2 / 5
Epoch   8  Train Loss 18.4609 94.65%
Epoch   8:  Dev 0.6148788928985596
Epoch   8: Test 0.621053159236908
patience: 0 / 5
Epoch   9  Train Loss 19.6159 94.77%
Epoch   9:  Dev 0.6132853031158447
patience: 1 / 5
Epoch  10  Train Loss 20.9065 94.88%
Epoch  10:  Dev 0.6189699769020081
Epoch  10: Test 0.6250960230827332
patience: 0 / 5
Epoch  11  Train Loss 22.6554 94.96%
Epoch  11:  Dev 0.6115033030509949
patience: 1 / 5
Epoch  12  Train Loss 24.4592 95.10%
Epoch  12:  Dev 0.6205622553825378
Epoch  12: Test 0.6319960355758667
patience: 0 / 5
Epoch  13  Train Loss 26.2254 95.17%
Epoch  13:  Dev 0.6212576031684875
Epoch  13: Test 0.6283627152442932
patience: 0 / 5
Epoch  14  Train Loss 28.7928 95.24%
Epoch  14:  Dev 0.6141777634620667
patience: 1 / 5
Epoch  15  Train Loss 31.1118 95.35%
Epoch  15:  Dev 0.6136923432350159
patience: 2 / 5
setting train exemplar for learned classes
torch.Size([1380, 2048])
BEST DEV 1: 0.6212576031684875
BEST TEST 1: 0.6283627152442932
torch.Size([1380, 2048])
Epoch   1  Train Loss 9.2591 90.68%
Epoch   1:  Dev 0.6230107545852661
Epoch   1: Test 0.6360995173454285
patience: 0 / 5
Epoch   2  Train Loss 10.9109 93.03%
Epoch   2:  Dev 0.6304347515106201
Epoch   2: Test 0.6423255801200867
patience: 0 / 5
Epoch   3  Train Loss 12.0212 93.35%
Epoch   3:  Dev 0.6324705481529236
Epoch   3: Test 0.6464248895645142
patience: 0 / 5
Epoch   4  Train Loss 13.0431 93.54%
Epoch   4:  Dev 0.6379334330558777
Epoch   4: Test 0.6488516926765442
patience: 0 / 5
Epoch   5  Train Loss 13.9443 93.75%
Epoch   5:  Dev 0.6370693445205688
patience: 1 / 5
Epoch   6  Train Loss 14.7505 93.89%
Epoch   6:  Dev 0.6273667216300964
patience: 2 / 5
Epoch   7  Train Loss 15.6314 94.00%
Epoch   7:  Dev 0.6326268315315247
patience: 3 / 5
Epoch   8  Train Loss 16.4071 94.18%
Epoch   8:  Dev 0.6340762972831726
patience: 4 / 5
Epoch   9  Train Loss 17.3201 94.28%
Epoch   9:  Dev 0.6323579549789429
patience: 5 / 5
setting train exemplar for learned classes
torch.Size([2040, 2048])
BEST DEV 2: 0.6379334330558777
BEST TEST 2: 0.6488516926765442
torch.Size([2040, 2048])
Epoch   1  Train Loss 11.5841 88.91%
Epoch   1:  Dev 0.5955458879470825
Epoch   1: Test 0.6144649386405945
patience: 0 / 5
Epoch   2  Train Loss 12.9399 90.96%
Epoch   2:  Dev 0.6044713854789734
Epoch   2: Test 0.6213498711585999
patience: 0 / 5
Epoch   3  Train Loss 14.0208 91.32%
Epoch   3:  Dev 0.6033936738967896
patience: 1 / 5
Epoch   4  Train Loss 14.9147 91.56%
Epoch   4:  Dev 0.6055715084075928
Epoch   4: Test 0.6186702847480774
patience: 0 / 5
Epoch   5  Train Loss 15.7832 91.71%
Epoch   5:  Dev 0.608458936214447
Epoch   5: Test 0.623153567314148
patience: 0 / 5
Epoch   6  Train Loss 16.7434 91.93%
Epoch   6:  Dev 0.604198157787323
patience: 1 / 5
Epoch   7  Train Loss 17.5323 92.06%
Epoch   7:  Dev 0.6025594472885132
patience: 2 / 5
Epoch   8  Train Loss 18.4584 92.23%
Epoch   8:  Dev 0.6046075224876404
patience: 3 / 5
Epoch   9  Train Loss 19.4172 92.37%
Epoch   9:  Dev 0.6013702750205994
patience: 4 / 5
Epoch  10  Train Loss 20.1913 92.48%
Epoch  10:  Dev 0.6055190563201904
patience: 5 / 5
setting train exemplar for learned classes
torch.Size([2740, 2048])
BEST DEV 3: 0.608458936214447
BEST TEST 3: 0.623153567314148
torch.Size([2740, 2048])
Epoch   1  Train Loss 12.9404 88.08%
Epoch   1:  Dev 0.5982478857040405
Epoch   1: Test 0.6019154191017151
patience: 0 / 5
Epoch   2  Train Loss 14.1921 91.02%
Epoch   2:  Dev 0.6004429459571838
Epoch   2: Test 0.5998764634132385
patience: 0 / 5
Epoch   3  Train Loss 15.2666 91.42%
Epoch   3:  Dev 0.6021209955215454
Epoch   3: Test 0.6042828559875488
patience: 0 / 5
Epoch   4  Train Loss 16.3435 91.70%
Epoch   4:  Dev 0.5993655323982239
patience: 1 / 5
Epoch   5  Train Loss 17.2908 91.90%
Epoch   5:  Dev 0.5975399017333984
patience: 2 / 5
Epoch   6  Train Loss 18.2619 92.10%
Epoch   6:  Dev 0.5968478322029114
patience: 3 / 5
Epoch   7  Train Loss 19.3268 92.23%
Epoch   7:  Dev 0.5979726910591125
patience: 4 / 5
Epoch   8  Train Loss 20.1392 92.35%
Epoch   8:  Dev 0.5960459113121033
patience: 5 / 5
setting train exemplar for learned classes
torch.Size([3360, 2048])
BEST DEV 4: 0.6021209955215454
BEST TEST 4: 0.6042828559875488
