Dump name space
results/ace/NashMTL_narate-40_cluster-4_gen-10/perm_4/options.json
Dump name space
results/ace/NashMTL_narate-40_cluster-4_gen-10/perm_4/options.json
Dump name space
results/ace/NashMTL_narate-40_cluster-4_gen-10/perm_4/options.json
Dump name space
results/ace/NashMTL_narate-40_cluster-4_gen-10/perm_4/options.json
[[200, 180, 173, 198, 177, 0], [196, 181, 182, 202, 185, 176, 170, 192, 0], [188, 199, 184, 194, 189, 190, 178, 186, 197, 0], [191, 187, 195, 171, 174, 179, 0], [201, 183, 193, 172, 175, 0]]
False
train loader and exclude loader:  0
Original len train instances: 265115
train loader and exclude loader:  1
Original len train instances: 264396
train loader and exclude loader:  2
Original len train instances: 263784
train loader and exclude loader:  3
Original len train instances: 263200
train loader and exclude loader:  4
Original len train instances: 262361
Original len dev instances: 54053
Original len test instances: 93949
create basgMTL 4
False True
Epoch   1  Train Loss 0.0926 99.11%
Epoch   1:  Dev 0.544715404510498
Epoch   1: Test 0.43243247270584106
patience: 0 / 6
Epoch   2  Train Loss 0.0301 99.43%
Epoch   2:  Dev 0.44923079013824463
patience: 1 / 6
Epoch   3  Train Loss 0.0243 99.47%
Epoch   3:  Dev 0.5440613031387329
patience: 2 / 6
Epoch   4  Train Loss 0.0194 99.56%
Epoch   4:  Dev 0.5446808934211731
patience: 3 / 6
Epoch   5  Train Loss 0.0163 99.61%
Epoch   5:  Dev 0.5128205418586731
patience: 4 / 6
Epoch   6  Train Loss 0.0136 99.65%
Epoch   6:  Dev 0.536965012550354
patience: 5 / 6
Epoch   7  Train Loss 0.0115 99.71%
Epoch   7:  Dev 0.5173745155334473
patience: 6 / 6
setting train exemplar for learned classes
torch.Size([100, 2048])
BEST DEV 0: 0.544715404510498
BEST TEST 0: 0.43243247270584106
torch.Size([100, 2048])
Epoch   1  Train Loss 4.3069 98.12%
Epoch   1:  Dev 0.4794275462627411
Epoch   1: Test 0.47277554869651794
patience: 0 / 6
Epoch   2  Train Loss 4.1328 99.28%
Epoch   2:  Dev 0.5291829109191895
Epoch   2: Test 0.49714285135269165
patience: 0 / 6
Epoch   3  Train Loss 4.1121 99.40%
Epoch   3:  Dev 0.541751503944397
Epoch   3: Test 0.5058139562606812
patience: 0 / 6
Epoch   4  Train Loss 4.1009 99.48%
Epoch   4:  Dev 0.5707864761352539
Epoch   4: Test 0.517829418182373
patience: 0 / 6
Epoch   5  Train Loss 4.0941 99.52%
Epoch   5:  Dev 0.5957446694374084
Epoch   5: Test 0.5248000621795654
patience: 0 / 6
Epoch   6  Train Loss 4.0882 99.58%
Epoch   6:  Dev 0.5800464153289795
patience: 1 / 6
Epoch   7  Train Loss 4.0830 99.63%
Epoch   7:  Dev 0.5759636759757996
patience: 2 / 6
Epoch   8  Train Loss 4.0795 99.65%
Epoch   8:  Dev 0.5963060259819031
Epoch   8: Test 0.5208333134651184
patience: 0 / 6
Epoch   9  Train Loss 4.0775 99.70%
Epoch   9:  Dev 0.5835411548614502
patience: 1 / 6
Epoch  10  Train Loss 4.0756 99.71%
Epoch  10:  Dev 0.6242774724960327
Epoch  10: Test 0.5345793962478638
patience: 0 / 6
Epoch  11  Train Loss 4.0750 99.73%
Epoch  11:  Dev 0.5766233205795288
patience: 1 / 6
Epoch  12  Train Loss 4.0721 99.76%
Epoch  12:  Dev 0.6117020845413208
patience: 2 / 6
Epoch  13  Train Loss 4.0721 99.77%
Epoch  13:  Dev 0.6057441234588623
patience: 3 / 6
Epoch  14  Train Loss 4.0712 99.77%
Epoch  14:  Dev 0.5808081030845642
patience: 4 / 6
Epoch  15  Train Loss 4.0695 99.80%
Epoch  15:  Dev 0.6005362272262573
patience: 5 / 6
Epoch  16  Train Loss 4.0688 99.81%
Epoch  16:  Dev 0.5837563276290894
patience: 6 / 6
setting train exemplar for learned classes
torch.Size([260, 2048])
BEST DEV 1: 0.6242774724960327
BEST TEST 1: 0.5345793962478638
torch.Size([260, 2048])
Epoch   1  Train Loss 2.9400 97.96%
Epoch   1:  Dev 0.539823055267334
Epoch   1: Test 0.5142083764076233
patience: 0 / 6
Epoch   2  Train Loss 2.8018 99.59%
Epoch   2:  Dev 0.5229485034942627
patience: 1 / 6
Epoch   3  Train Loss 2.7871 99.63%
Epoch   3:  Dev 0.5745341777801514
Epoch   3: Test 0.539130449295044
patience: 0 / 6
Epoch   4  Train Loss 2.7816 99.68%
Epoch   4:  Dev 0.5767441391944885
Epoch   4: Test 0.532951295375824
patience: 0 / 6
Epoch   5  Train Loss 2.7718 99.71%
Epoch   5:  Dev 0.5692541599273682
patience: 1 / 6
Epoch   6  Train Loss 2.7681 99.75%
Epoch   6:  Dev 0.5340750813484192
patience: 2 / 6
Epoch   7  Train Loss 2.7635 99.77%
Epoch   7:  Dev 0.5224719047546387
patience: 3 / 6
Epoch   8  Train Loss 2.7637 99.79%
Epoch   8:  Dev 0.5465648770332336
patience: 4 / 6
Epoch   9  Train Loss 2.7605 99.83%
Epoch   9:  Dev 0.563291072845459
patience: 5 / 6
Epoch  10  Train Loss 2.7581 99.84%
Epoch  10:  Dev 0.5660377740859985
patience: 6 / 6
setting train exemplar for learned classes
torch.Size([440, 2048])
BEST DEV 2: 0.5767441391944885
BEST TEST 2: 0.532951295375824
torch.Size([440, 2048])
Epoch   1  Train Loss 2.8882 98.57%
Epoch   1:  Dev 0.5157895088195801
Epoch   1: Test 0.5407034158706665
patience: 0 / 6
Epoch   2  Train Loss 2.8016 99.48%
Epoch   2:  Dev 0.5006451606750488
patience: 1 / 6
Epoch   3  Train Loss 2.7884 99.53%
Epoch   3:  Dev 0.5155195593833923
patience: 2 / 6
Epoch   4  Train Loss 2.7793 99.57%
Epoch   4:  Dev 0.5136612057685852
patience: 3 / 6
Epoch   5  Train Loss 2.7701 99.62%
Epoch   5:  Dev 0.5188284516334534
Epoch   5: Test 0.5492662191390991
patience: 0 / 6
Epoch   6  Train Loss 2.7680 99.65%
Epoch   6:  Dev 0.515688955783844
patience: 1 / 6
Epoch   7  Train Loss 2.7613 99.70%
Epoch   7:  Dev 0.5095368027687073
patience: 2 / 6
Epoch   8  Train Loss 2.7591 99.72%
Epoch   8:  Dev 0.5100286602973938
patience: 3 / 6
Epoch   9  Train Loss 2.7539 99.76%
Epoch   9:  Dev 0.5133240222930908
patience: 4 / 6
Epoch  10  Train Loss 2.7544 99.77%
Epoch  10:  Dev 0.5139665603637695
patience: 5 / 6
Epoch  11  Train Loss 2.7517 99.78%
Epoch  11:  Dev 0.5185185074806213
patience: 6 / 6
setting train exemplar for learned classes
torch.Size([560, 2048])
BEST DEV 3: 0.5188284516334534
BEST TEST 3: 0.5492662191390991
torch.Size([560, 2048])
Epoch   1  Train Loss 3.5421 97.63%
Epoch   1:  Dev 0.5418409705162048
Epoch   1: Test 0.6112914085388184
patience: 0 / 6
Epoch   2  Train Loss 3.4338 99.39%
Epoch   2:  Dev 0.5560344457626343
Epoch   2: Test 0.6183050870895386
patience: 0 / 6
Epoch   3  Train Loss 3.4217 99.46%
Epoch   3:  Dev 0.5597484707832336
Epoch   3: Test 0.6198083162307739
patience: 0 / 6
Epoch   4  Train Loss 3.4178 99.51%
Epoch   4:  Dev 0.5425100922584534
patience: 1 / 6
Epoch   5  Train Loss 3.4114 99.58%
Epoch   5:  Dev 0.5552115440368652
patience: 2 / 6
Epoch   6  Train Loss 3.4080 99.62%
Epoch   6:  Dev 0.5538461208343506
patience: 3 / 6
Epoch   7  Train Loss 3.4060 99.65%
Epoch   7:  Dev 0.5549845695495605
patience: 4 / 6
Epoch   8  Train Loss 3.4004 99.69%
Epoch   8:  Dev 0.5761226415634155
Epoch   8: Test 0.6293800473213196
patience: 0 / 6
Epoch   9  Train Loss 3.3997 99.71%
Epoch   9:  Dev 0.5378485321998596
patience: 1 / 6
Epoch  10  Train Loss 3.3975 99.73%
Epoch  10:  Dev 0.5704988837242126
patience: 2 / 6
Epoch  11  Train Loss 3.3962 99.74%
Epoch  11:  Dev 0.572038471698761
patience: 3 / 6
Epoch  12  Train Loss 3.3969 99.75%
Epoch  12:  Dev 0.5643243193626404
patience: 4 / 6
Epoch  13  Train Loss 3.3972 99.77%
Epoch  13:  Dev 0.5821389555931091
Epoch  13: Test 0.618791937828064
patience: 0 / 6
Epoch  14  Train Loss 3.3952 99.79%
Epoch  14:  Dev 0.5714285373687744
patience: 1 / 6
Epoch  15  Train Loss 3.3972 99.80%
Epoch  15:  Dev 0.5627705454826355
patience: 2 / 6
Epoch  16  Train Loss 3.3933 99.81%
Epoch  16:  Dev 0.5755236744880676
patience: 3 / 6
Epoch  17  Train Loss 3.3914 99.82%
Epoch  17:  Dev 0.5745856761932373
patience: 4 / 6
Epoch  18  Train Loss 3.3922 99.82%
Epoch  18:  Dev 0.5695652365684509
patience: 5 / 6
Epoch  19  Train Loss 3.3914 99.82%
Epoch  19:  Dev 0.5766738653182983
patience: 6 / 6
setting train exemplar for learned classes
torch.Size([660, 2048])
BEST DEV 4: 0.5821389555931091
BEST TEST 4: 0.618791937828064
