Dump name space
results/ace/FairGrad_ot_narate-40_cluster-4_gen-10/perm_1/options.json
Dump name space
results/ace/FairGrad_ot_narate-40_cluster-4_gen-10/perm_1/options.json
Dump name space
results/ace/FairGrad_ot_narate-40_cluster-4_gen-10/perm_1/options.json
Dump name space
results/ace/FairGrad_ot_narate-40_cluster-4_gen-10/perm_1/options.json
[[196, 181, 182, 202, 185, 176, 170, 192, 0], [200, 180, 173, 198, 177, 0], [201, 183, 193, 172, 175, 0], [191, 187, 195, 171, 174, 179, 0], [188, 199, 184, 194, 189, 190, 178, 186, 197, 0]]
False
train loader and exclude loader:  0
Original len train instances: 265115
train loader and exclude loader:  1
Original len train instances: 264503
train loader and exclude loader:  2
Original len train instances: 263784
train loader and exclude loader:  3
Original len train instances: 262450
train loader and exclude loader:  4
Original len train instances: 261611
Original len dev instances: 54053
Original len test instances: 93949
create basgMTL 4
False True
Epoch   1  Train Loss 0.2634 99.23%
Epoch   1:  Dev 0.42809364199638367
Epoch   1: Test 0.4225941598415375
patience: 0 / 6
Epoch   2  Train Loss 0.1645 99.60%
Epoch   2:  Dev 0.4548494815826416
Epoch   2: Test 0.4459161162376404
patience: 0 / 6
Epoch   3  Train Loss 0.1541 99.62%
Epoch   3:  Dev 0.581818163394928
Epoch   3: Test 0.5013477206230164
patience: 0 / 6
Epoch   4  Train Loss 0.1473 99.68%
Epoch   4:  Dev 0.5918367505073547
Epoch   4: Test 0.5197740197181702
patience: 0 / 6
Epoch   5  Train Loss 0.1425 99.72%
Epoch   5:  Dev 0.5099601745605469
patience: 1 / 6
Epoch   6  Train Loss 0.1380 99.77%
Epoch   6:  Dev 0.5989304780960083
Epoch   6: Test 0.5043988227844238
patience: 0 / 6
Epoch   7  Train Loss 0.1352 99.79%
Epoch   7:  Dev 0.6137565970420837
Epoch   7: Test 0.5134328603744507
patience: 0 / 6
Epoch   8  Train Loss 0.1328 99.82%
Epoch   8:  Dev 0.5760869383811951
patience: 1 / 6
Epoch   9  Train Loss 0.1310 99.85%
Epoch   9:  Dev 0.616161584854126
Epoch   9: Test 0.47787612676620483
patience: 0 / 6
Epoch  10  Train Loss 0.1292 99.87%
Epoch  10:  Dev 0.6344085931777954
Epoch  10: Test 0.4654088020324707
patience: 0 / 6
Epoch  11  Train Loss 0.1278 99.88%
Epoch  11:  Dev 0.5870646834373474
patience: 1 / 6
Epoch  12  Train Loss 0.1267 99.90%
Epoch  12:  Dev 0.6137565970420837
patience: 2 / 6
Epoch  13  Train Loss 0.1258 99.90%
Epoch  13:  Dev 0.6395348310470581
Epoch  13: Test 0.5031055808067322
patience: 0 / 6
Epoch  14  Train Loss 0.1254 99.91%
Epoch  14:  Dev 0.5067873597145081
patience: 1 / 6
Epoch  15  Train Loss 0.1248 99.92%
Epoch  15:  Dev 0.6666666269302368
Epoch  15: Test 0.5034964680671692
patience: 0 / 6
Epoch  16  Train Loss 0.1238 99.94%
Epoch  16:  Dev 0.5802469253540039
patience: 1 / 6
Epoch  17  Train Loss 0.1240 99.93%
Epoch  17:  Dev 0.6368715167045593
patience: 2 / 6
Epoch  18  Train Loss 0.1234 99.94%
Epoch  18:  Dev 0.6279069781303406
patience: 3 / 6
Epoch  19  Train Loss 0.1226 99.95%
Epoch  19:  Dev 0.610169529914856
patience: 4 / 6
Epoch  20  Train Loss 0.1227 99.95%
Epoch  20:  Dev 0.5806452035903931
patience: 5 / 6
Epoch  21  Train Loss 0.1220 99.96%
Epoch  21:  Dev 0.5248869061470032
patience: 6 / 6
setting train exemplar for learned classes
torch.Size([160, 2048])
BEST DEV 0: 0.6666666269302368
BEST TEST 0: 0.5034964680671692
torch.Size([160, 2048])
Epoch   1  Train Loss 7.8737 98.32%
Epoch   1:  Dev 0.5519480109214783
Epoch   1: Test 0.48712873458862305
patience: 0 / 6
Epoch   2  Train Loss 9.4923 99.66%
Epoch   2:  Dev 0.573816180229187
Epoch   2: Test 0.492201030254364
patience: 0 / 6
Epoch   3  Train Loss 10.1212 99.69%
Epoch   3:  Dev 0.5821325182914734
Epoch   3: Test 0.5303030014038086
patience: 0 / 6
Epoch   4  Train Loss 10.7428 99.72%
Epoch   4:  Dev 0.604651153087616
Epoch   4: Test 0.5245283246040344
patience: 0 / 6
Epoch   5  Train Loss 11.1566 99.75%
Epoch   5:  Dev 0.6082192063331604
Epoch   5: Test 0.5272727608680725
patience: 0 / 6
Epoch   6  Train Loss 11.5792 99.77%
Epoch   6:  Dev 0.6122448444366455
Epoch   6: Test 0.5150376558303833
patience: 0 / 6
Epoch   7  Train Loss 12.0240 99.80%
Epoch   7:  Dev 0.6036585569381714
patience: 1 / 6
Epoch   8  Train Loss 12.4912 99.81%
Epoch   8:  Dev 0.6099706292152405
patience: 2 / 6
Epoch   9  Train Loss 12.6035 99.83%
Epoch   9:  Dev 0.6058823466300964
patience: 3 / 6
Epoch  10  Train Loss 12.9637 99.84%
Epoch  10:  Dev 0.5944444537162781
patience: 4 / 6
Epoch  11  Train Loss 13.2773 99.86%
Epoch  11:  Dev 0.6051873564720154
patience: 5 / 6
Epoch  12  Train Loss 13.5993 99.87%
Epoch  12:  Dev 0.6149253845214844
Epoch  12: Test 0.4899451434612274
patience: 0 / 6
Epoch  13  Train Loss 13.9676 99.89%
Epoch  13:  Dev 0.616314172744751
Epoch  13: Test 0.5
patience: 0 / 6
Epoch  14  Train Loss 14.0580 99.89%
Epoch  14:  Dev 0.5925925970077515
patience: 1 / 6
Epoch  15  Train Loss 14.4830 99.91%
Epoch  15:  Dev 0.6242774724960327
Epoch  15: Test 0.5055350661277771
patience: 0 / 6
Epoch  16  Train Loss 14.5973 99.92%
Epoch  16:  Dev 0.6121212244033813
patience: 1 / 6
Epoch  17  Train Loss 14.9133 99.92%
Epoch  17:  Dev 0.6055046319961548
patience: 2 / 6
Epoch  18  Train Loss 15.0630 99.93%
Epoch  18:  Dev 0.6051873564720154
patience: 3 / 6
Epoch  19  Train Loss 15.1956 99.94%
Epoch  19:  Dev 0.6111111640930176
patience: 4 / 6
Epoch  20  Train Loss 15.4447 99.94%
Epoch  20:  Dev 0.6005830764770508
patience: 5 / 6
Epoch  21  Train Loss 15.6531 99.95%
Epoch  21:  Dev 0.6071428656578064
patience: 6 / 6
setting train exemplar for learned classes
torch.Size([260, 2048])
BEST DEV 1: 0.6242774724960327
BEST TEST 1: 0.5055350661277771
torch.Size([260, 2048])
Epoch   1  Train Loss 16.0576 97.92%
Epoch   1:  Dev 0.6569342613220215
Epoch   1: Test 0.6290018558502197
patience: 0 / 6
Epoch   2  Train Loss 18.7246 99.62%
Epoch   2:  Dev 0.663194477558136
Epoch   2: Test 0.6236162781715393
patience: 0 / 6
Epoch   3  Train Loss 20.3162 99.66%
Epoch   3:  Dev 0.6885245442390442
Epoch   3: Test 0.6289549469947815
patience: 0 / 6
Epoch   4  Train Loss 21.4237 99.70%
Epoch   4:  Dev 0.6905187368392944
Epoch   4: Test 0.6383799314498901
patience: 0 / 6
Epoch   5  Train Loss 22.5747 99.71%
Epoch   5:  Dev 0.6886956691741943
patience: 1 / 6
Epoch   6  Train Loss 23.3425 99.75%
Epoch   6:  Dev 0.6835443377494812
patience: 2 / 6
Epoch   7  Train Loss 24.0627 99.76%
Epoch   7:  Dev 0.6643717288970947
patience: 3 / 6
Epoch   8  Train Loss 24.5349 99.76%
Epoch   8:  Dev 0.675000011920929
patience: 4 / 6
Epoch   9  Train Loss 25.2670 99.77%
Epoch   9:  Dev 0.670103132724762
patience: 5 / 6
Epoch  10  Train Loss 25.2942 99.79%
Epoch  10:  Dev 0.6801469922065735
patience: 6 / 6
setting train exemplar for learned classes
torch.Size([360, 2048])
BEST DEV 2: 0.6905187368392944
BEST TEST 2: 0.6383799314498901
torch.Size([360, 2048])
Epoch   1  Train Loss 14.3052 98.58%
Epoch   1:  Dev 0.6483871340751648
Epoch   1: Test 0.645883321762085
patience: 0 / 6
Epoch   2  Train Loss 16.5421 99.70%
Epoch   2:  Dev 0.6536586284637451
Epoch   2: Test 0.632750391960144
patience: 0 / 6
Epoch   3  Train Loss 18.0070 99.73%
Epoch   3:  Dev 0.662420392036438
Epoch   3: Test 0.6433022022247314
patience: 0 / 6
Epoch   4  Train Loss 18.8408 99.75%
Epoch   4:  Dev 0.6602563858032227
patience: 1 / 6
Epoch   5  Train Loss 19.7739 99.77%
Epoch   5:  Dev 0.6537216901779175
patience: 2 / 6
Epoch   6  Train Loss 20.3277 99.78%
Epoch   6:  Dev 0.6490939259529114
patience: 3 / 6
Epoch   7  Train Loss 21.4069 99.79%
Epoch   7:  Dev 0.6549520492553711
patience: 4 / 6
Epoch   8  Train Loss 21.9190 99.80%
Epoch   8:  Dev 0.6468647122383118
patience: 5 / 6
Epoch   9  Train Loss 22.0862 99.81%
Epoch   9:  Dev 0.6490939259529114
patience: 6 / 6
setting train exemplar for learned classes
torch.Size([480, 2048])
BEST DEV 3: 0.662420392036438
BEST TEST 3: 0.6433022022247314
torch.Size([480, 2048])
Epoch   1  Train Loss 13.1291 97.24%
Epoch   1:  Dev 0.605780303478241
Epoch   1: Test 0.6322314143180847
patience: 0 / 6
Epoch   2  Train Loss 15.5025 99.70%
Epoch   2:  Dev 0.6304604411125183
Epoch   2: Test 0.6305555105209351
patience: 0 / 6
Epoch   3  Train Loss 16.6847 99.74%
Epoch   3:  Dev 0.6425992846488953
Epoch   3: Test 0.6294201016426086
patience: 0 / 6
Epoch   4  Train Loss 17.5673 99.77%
Epoch   4:  Dev 0.6305655837059021
patience: 1 / 6
Epoch   5  Train Loss 18.0121 99.78%
Epoch   5:  Dev 0.6280992031097412
patience: 2 / 6
Epoch   6  Train Loss 18.8192 99.79%
Epoch   6:  Dev 0.6491646766662598
Epoch   6: Test 0.6378690004348755
patience: 0 / 6
Epoch   7  Train Loss 19.2835 99.79%
Epoch   7:  Dev 0.6483909487724304
patience: 1 / 6
Epoch   8  Train Loss 19.5655 99.81%
Epoch   8:  Dev 0.6530611515045166
Epoch   8: Test 0.6192528605461121
patience: 0 / 6
Epoch   9  Train Loss 19.7746 99.81%
Epoch   9:  Dev 0.6413301229476929
patience: 1 / 6
Epoch  10  Train Loss 20.3158 99.82%
Epoch  10:  Dev 0.6280417442321777
patience: 2 / 6
Epoch  11  Train Loss 20.5319 99.84%
Epoch  11:  Dev 0.6301369667053223
patience: 3 / 6
Epoch  12  Train Loss 20.8945 99.83%
Epoch  12:  Dev 0.6403712034225464
patience: 4 / 6
Epoch  13  Train Loss 21.2049 99.84%
Epoch  13:  Dev 0.6312138438224792
patience: 5 / 6
Epoch  14  Train Loss 21.3800 99.85%
Epoch  14:  Dev 0.631701648235321
patience: 6 / 6
setting train exemplar for learned classes
torch.Size([660, 2048])
BEST DEV 4: 0.6530611515045166
BEST TEST 4: 0.6192528605461121
