Dump name space
results/maven/FairGrad_woLMH_narate-4_cluster-4_gen-20_fairgrad_alpha-0.8/perm_1/options.json
Dump name space
results/maven/FairGrad_woLMH_narate-4_cluster-4_gen-20_fairgrad_alpha-0.8/perm_1/options.json
Dump name space
results/maven/FairGrad_woLMH_narate-4_cluster-4_gen-20_fairgrad_alpha-0.8/perm_1/options.json
Dump name space
results/maven/FairGrad_woLMH_narate-4_cluster-4_gen-20_fairgrad_alpha-0.8/perm_1/options.json
Dump name space
results/maven/FairGrad_woLMH_narate-4_cluster-4_gen-20_fairgrad_alpha-0.8/perm_1/options.json
[[151, 16, 3, 70, 106, 141, 68, 31, 79, 101, 166, 167, 94, 21, 51, 7, 73, 145, 2, 124, 159, 61, 41, 142, 126, 144, 55, 168, 29, 11, 24, 0], [157, 18, 114, 92, 67, 153, 80, 115, 78, 154, 27, 5, 69, 117, 44, 83, 155, 40, 45, 139, 137, 14, 138, 119, 74, 150, 59, 54, 28, 9, 140, 37, 107, 76, 47, 0], [147, 48, 84, 39, 53, 23, 109, 22, 77, 62, 93, 143, 89, 8, 71, 85, 63, 97, 65, 103, 113, 112, 123, 152, 88, 98, 72, 42, 60, 133, 128, 116, 15, 111, 136, 162, 129, 132, 6, 0], [46, 36, 17, 13, 12, 20, 25, 49, 169, 148, 87, 56, 95, 81, 58, 57, 161, 64, 163, 82, 43, 125, 35, 96, 156, 100, 66, 30, 50, 120, 0], [134, 99, 105, 91, 52, 19, 135, 122, 127, 102, 108, 104, 110, 38, 118, 121, 160, 26, 34, 33, 158, 130, 165, 86, 149, 146, 164, 4, 131, 75, 90, 10, 32, 0]]
True
train loader and exclude loader:  0
Original len train instances: 347788
train loader and exclude loader:  1
Original len train instances: 333221
train loader and exclude loader:  2
Original len train instances: 319808
train loader and exclude loader:  3
Original len train instances: 305370
train loader and exclude loader:  4
Original len train instances: 293078
Original len dev instances: 57198
Original len test instances: 98603
create basgMTL 4
False True
Epoch   1  Train Loss 0.5120 94.11%
Epoch   1:  Dev 0.5705834031105042
Epoch   1: Test 0.5522106289863586
patience: 0 / 5
Epoch   2  Train Loss 0.3131 95.39%
Epoch   2:  Dev 0.6028838157653809
Epoch   2: Test 0.5794450044631958
patience: 0 / 5
Epoch   3  Train Loss 0.2703 95.63%
Epoch   3:  Dev 0.6072874069213867
Epoch   3: Test 0.5825576186180115
patience: 0 / 5
Epoch   4  Train Loss 0.2415 95.82%
Epoch   4:  Dev 0.6108325123786926
Epoch   4: Test 0.5936054587364197
patience: 0 / 5
Epoch   5  Train Loss 0.2173 95.99%
Epoch   5:  Dev 0.6142021417617798
Epoch   5: Test 0.5895673036575317
patience: 0 / 5
Epoch   6  Train Loss 0.1982 96.10%
Epoch   6:  Dev 0.6201342344284058
Epoch   6: Test 0.5997747778892517
patience: 0 / 5
Epoch   7  Train Loss 0.1814 96.24%
Epoch   7:  Dev 0.6154102087020874
patience: 1 / 5
Epoch   8  Train Loss 0.1660 96.39%
Epoch   8:  Dev 0.615642249584198
patience: 2 / 5
Epoch   9  Train Loss 0.1521 96.56%
Epoch   9:  Dev 0.6138646602630615
patience: 3 / 5
Epoch  10  Train Loss 0.1396 96.67%
Epoch  10:  Dev 0.6253827810287476
Epoch  10: Test 0.5977844595909119
patience: 0 / 5
Epoch  11  Train Loss 0.1286 96.87%
Epoch  11:  Dev 0.610124409198761
patience: 1 / 5
Epoch  12  Train Loss 0.1191 97.02%
Epoch  12:  Dev 0.6181219220161438
patience: 2 / 5
Epoch  13  Train Loss 0.1111 97.17%
Epoch  13:  Dev 0.6214321851730347
patience: 3 / 5
Epoch  14  Train Loss 0.1040 97.32%
Epoch  14:  Dev 0.6301416754722595
Epoch  14: Test 0.5970619320869446
patience: 0 / 5
Epoch  15  Train Loss 0.0982 97.46%
Epoch  15:  Dev 0.6193724870681763
patience: 1 / 5
setting train exemplar for learned classes
torch.Size([620, 2048])
BEST DEV 0: 0.6301416754722595
BEST TEST 0: 0.5970619320869446
torch.Size([620, 2048])
Epoch   1  Train Loss 8.8344 92.32%
Epoch   1:  Dev 0.5647411942481995
Epoch   1: Test 0.560139000415802
patience: 0 / 5
Epoch   2  Train Loss 11.2707 93.71%
Epoch   2:  Dev 0.5740931034088135
Epoch   2: Test 0.5719045400619507
patience: 0 / 5
Epoch   3  Train Loss 12.8454 93.97%
Epoch   3:  Dev 0.582646906375885
Epoch   3: Test 0.5799638628959656
patience: 0 / 5
Epoch   4  Train Loss 14.1386 94.17%
Epoch   4:  Dev 0.5938475728034973
Epoch   4: Test 0.5924708247184753
patience: 0 / 5
Epoch   5  Train Loss 15.4325 94.38%
Epoch   5:  Dev 0.5854111909866333
patience: 1 / 5
Epoch   6  Train Loss 16.5709 94.49%
Epoch   6:  Dev 0.5870853066444397
patience: 2 / 5
Epoch   7  Train Loss 17.9493 94.63%
Epoch   7:  Dev 0.591492235660553
patience: 3 / 5
Epoch   8  Train Loss 19.3934 94.81%
Epoch   8:  Dev 0.5887771248817444
patience: 4 / 5
Epoch   9  Train Loss 21.1401 94.90%
Epoch   9:  Dev 0.5836504101753235
patience: 5 / 5
setting train exemplar for learned classes
torch.Size([1320, 2048])
BEST DEV 1: 0.5938475728034973
BEST TEST 1: 0.5924708247184753
torch.Size([1320, 2048])
Epoch   1  Train Loss 8.1309 89.84%
Epoch   1:  Dev 0.5860441327095032
Epoch   1: Test 0.5924654006958008
patience: 0 / 5
Epoch   2  Train Loss 9.3730 92.24%
Epoch   2:  Dev 0.6004148721694946
Epoch   2: Test 0.6040018796920776
patience: 0 / 5
Epoch   3  Train Loss 10.1325 92.68%
Epoch   3:  Dev 0.5998446941375732
patience: 1 / 5
Epoch   4  Train Loss 10.7165 92.95%
Epoch   4:  Dev 0.6007212996482849
Epoch   4: Test 0.6069198250770569
patience: 0 / 5
Epoch   5  Train Loss 11.3431 93.22%
Epoch   5:  Dev 0.5984411835670471
patience: 1 / 5
Epoch   6  Train Loss 11.8925 93.39%
Epoch   6:  Dev 0.6008002161979675
Epoch   6: Test 0.607750654220581
patience: 0 / 5
Epoch   7  Train Loss 12.4768 93.54%
Epoch   7:  Dev 0.602796733379364
Epoch   7: Test 0.6059684753417969
patience: 0 / 5
Epoch   8  Train Loss 13.1447 93.72%
Epoch   8:  Dev 0.5976455807685852
patience: 1 / 5
Epoch   9  Train Loss 13.7524 93.81%
Epoch   9:  Dev 0.6070817708969116
Epoch   9: Test 0.610375165939331
patience: 0 / 5
Epoch  10  Train Loss 14.5347 93.96%
Epoch  10:  Dev 0.6009580492973328
patience: 1 / 5
Epoch  11  Train Loss 15.2135 94.07%
Epoch  11:  Dev 0.6021645665168762
patience: 2 / 5
Epoch  12  Train Loss 15.9100 94.20%
Epoch  12:  Dev 0.5997646450996399
patience: 3 / 5
Epoch  13  Train Loss 16.6588 94.32%
Epoch  13:  Dev 0.6015233397483826
patience: 4 / 5
Epoch  14  Train Loss 17.4067 94.40%
Epoch  14:  Dev 0.6051166653633118
patience: 5 / 5
setting train exemplar for learned classes
torch.Size([2100, 2048])
BEST DEV 2: 0.6070817708969116
BEST TEST 2: 0.610375165939331
torch.Size([2100, 2048])
Epoch   1  Train Loss 10.6974 89.60%
Epoch   1:  Dev 0.581855058670044
Epoch   1: Test 0.5943050384521484
patience: 0 / 5
Epoch   2  Train Loss 12.0404 92.01%
Epoch   2:  Dev 0.5913389921188354
Epoch   2: Test 0.5996885895729065
patience: 0 / 5
Epoch   3  Train Loss 12.9639 92.30%
Epoch   3:  Dev 0.5901269912719727
patience: 1 / 5
Epoch   4  Train Loss 13.6988 92.59%
Epoch   4:  Dev 0.5905084013938904
patience: 2 / 5
Epoch   5  Train Loss 14.4516 92.75%
Epoch   5:  Dev 0.5918324589729309
Epoch   5: Test 0.6023753881454468
patience: 0 / 5
Epoch   6  Train Loss 15.0612 92.96%
Epoch   6:  Dev 0.5894408226013184
patience: 1 / 5
Epoch   7  Train Loss 15.7776 93.05%
Epoch   7:  Dev 0.5894770622253418
patience: 2 / 5
Epoch   8  Train Loss 16.4353 93.21%
Epoch   8:  Dev 0.5895782709121704
patience: 3 / 5
Epoch   9  Train Loss 17.1966 93.31%
Epoch   9:  Dev 0.5922570824623108
Epoch   9: Test 0.5998033285140991
patience: 0 / 5
Epoch  10  Train Loss 17.8071 93.50%
Epoch  10:  Dev 0.5898333787918091
patience: 1 / 5
Epoch  11  Train Loss 18.5002 93.54%
Epoch  11:  Dev 0.5904621481895447
patience: 2 / 5
Epoch  12  Train Loss 19.1936 93.65%
Epoch  12:  Dev 0.5884036421775818
patience: 3 / 5
Epoch  13  Train Loss 19.9176 93.75%
Epoch  13:  Dev 0.5872037410736084
patience: 4 / 5
Epoch  14  Train Loss 20.5322 93.86%
Epoch  14:  Dev 0.5920000076293945
patience: 5 / 5
setting train exemplar for learned classes
torch.Size([2700, 2048])
BEST DEV 3: 0.5922570824623108
BEST TEST 3: 0.5998033285140991
torch.Size([2700, 2048])
Epoch   1  Train Loss 13.0102 89.04%
Epoch   1:  Dev 0.590875506401062
Epoch   1: Test 0.6020092368125916
patience: 0 / 5
Epoch   2  Train Loss 14.9289 92.16%
Epoch   2:  Dev 0.588374137878418
patience: 1 / 5
Epoch   3  Train Loss 16.2896 92.48%
Epoch   3:  Dev 0.589339554309845
patience: 2 / 5
Epoch   4  Train Loss 17.3740 92.73%
Epoch   4:  Dev 0.5912777781486511
Epoch   4: Test 0.6027286052703857
patience: 0 / 5
Epoch   5  Train Loss 18.5069 92.92%
Epoch   5:  Dev 0.5903657078742981
patience: 1 / 5
Epoch   6  Train Loss 19.4684 93.11%
Epoch   6:  Dev 0.581800639629364
patience: 2 / 5
Epoch   7  Train Loss 20.5220 93.25%
Epoch   7:  Dev 0.5920246839523315
Epoch   7: Test 0.6068227291107178
patience: 0 / 5
Epoch   8  Train Loss 21.4017 93.38%
Epoch   8:  Dev 0.5849366784095764
patience: 1 / 5
Epoch   9  Train Loss 22.4763 93.50%
Epoch   9:  Dev 0.5847668051719666
patience: 2 / 5
Epoch  10  Train Loss 23.3265 93.61%
Epoch  10:  Dev 0.588051438331604
patience: 3 / 5
Epoch  11  Train Loss 24.3051 93.71%
Epoch  11:  Dev 0.5854361653327942
patience: 4 / 5
Epoch  12  Train Loss 25.2601 93.82%
Epoch  12:  Dev 0.5834457874298096
patience: 5 / 5
setting train exemplar for learned classes
torch.Size([3360, 2048])
BEST DEV 4: 0.5920246839523315
BEST TEST 4: 0.6068227291107178
