Dump name space
results/ace/FairGrad/perm_3/options.json
Dump name space
results/ace/FairGrad/perm_3/options.json
Dump name space
results/ace/FairGrad/perm_3/options.json
Dump name space
results/ace/FairGrad/perm_3/options.json
[[191, 187, 195, 171, 174, 179, 0], [201, 183, 193, 172, 175, 0], [188, 199, 184, 194, 189, 190, 178, 186, 197, 0], [200, 180, 173, 198, 177, 0], [196, 181, 182, 202, 185, 176, 170, 192, 0]]
False
train loader and exclude loader:  0
Original len train instances: 265115
train loader and exclude loader:  1
Original len train instances: 264276
train loader and exclude loader:  2
Original len train instances: 262942
train loader and exclude loader:  3
Original len train instances: 262358
train loader and exclude loader:  4
Original len train instances: 261639
Original len dev instances: 54053
Original len test instances: 93949
create basgMTL 4
False True
Epoch   1  Train Loss 0.1031 99.25%
Epoch   1:  Dev 0.5090909004211426
Epoch   1: Test 0.5179855823516846
patience: 0 / 6
Epoch   2  Train Loss 0.0334 99.63%
Epoch   2:  Dev 0.5656565427780151
Epoch   2: Test 0.5930233001708984
patience: 0 / 6
Epoch   3  Train Loss 0.0258 99.65%
Epoch   3:  Dev 0.5254237055778503
patience: 1 / 6
Epoch   4  Train Loss 0.0205 99.68%
Epoch   4:  Dev 0.6213592290878296
Epoch   4: Test 0.5840707421302795
patience: 0 / 6
Epoch   5  Train Loss 0.0164 99.70%
Epoch   5:  Dev 0.5470085740089417
patience: 1 / 6
Epoch   6  Train Loss 0.0128 99.74%
Epoch   6:  Dev 0.5245901346206665
patience: 2 / 6
Epoch   7  Train Loss 0.0107 99.78%
Epoch   7:  Dev 0.5344827771186829
patience: 3 / 6
Epoch   8  Train Loss 0.0093 99.81%
Epoch   8:  Dev 0.5517241358757019
patience: 4 / 6
Epoch   9  Train Loss 0.0081 99.83%
Epoch   9:  Dev 0.5471698641777039
patience: 5 / 6
Epoch  10  Train Loss 0.0075 99.85%
Epoch  10:  Dev 0.5420560836791992
patience: 6 / 6
setting train exemplar for learned classes
torch.Size([120, 2048])
BEST DEV 0: 0.6213592290878296
BEST TEST 0: 0.5840707421302795
torch.Size([120, 2048])
Epoch   1  Train Loss 7.7048 98.20%
Epoch   1:  Dev 0.6190475821495056
Epoch   1: Test 0.668016254901886
patience: 0 / 6
Epoch   2  Train Loss 8.4355 99.49%
Epoch   2:  Dev 0.6499999761581421
Epoch   2: Test 0.676627516746521
patience: 0 / 6
Epoch   3  Train Loss 9.1393 99.55%
Epoch   3:  Dev 0.6315789818763733
patience: 1 / 6
Epoch   4  Train Loss 9.4891 99.60%
Epoch   4:  Dev 0.6857143044471741
Epoch   4: Test 0.6864034533500671
patience: 0 / 6
Epoch   5  Train Loss 9.8432 99.64%
Epoch   5:  Dev 0.6704545617103577
patience: 1 / 6
Epoch   6  Train Loss 10.3741 99.65%
Epoch   6:  Dev 0.650406539440155
patience: 2 / 6
Epoch   7  Train Loss 10.8220 99.68%
Epoch   7:  Dev 0.6629213094711304
patience: 3 / 6
Epoch   8  Train Loss 11.1138 99.70%
Epoch   8:  Dev 0.6507936716079712
patience: 4 / 6
Epoch   9  Train Loss 11.6751 99.72%
Epoch   9:  Dev 0.659400463104248
patience: 5 / 6
Epoch  10  Train Loss 11.6846 99.73%
Epoch  10:  Dev 0.6426593065261841
patience: 6 / 6
setting train exemplar for learned classes
torch.Size([220, 2048])
BEST DEV 1: 0.6857143044471741
BEST TEST 1: 0.6864034533500671
torch.Size([220, 2048])
Epoch   1  Train Loss 9.4248 97.85%
Epoch   1:  Dev 0.6068965196609497
Epoch   1: Test 0.6730585098266602
patience: 0 / 6
Epoch   2  Train Loss 10.1195 99.64%
Epoch   2:  Dev 0.6287745237350464
Epoch   2: Test 0.6888453960418701
patience: 0 / 6
Epoch   3  Train Loss 10.7028 99.68%
Epoch   3:  Dev 0.629757821559906
Epoch   3: Test 0.6911907196044922
patience: 0 / 6
Epoch   4  Train Loss 11.2819 99.71%
Epoch   4:  Dev 0.5980066061019897
patience: 1 / 6
Epoch   5  Train Loss 11.9569 99.73%
Epoch   5:  Dev 0.6288660168647766
patience: 2 / 6
Epoch   6  Train Loss 12.6207 99.74%
Epoch   6:  Dev 0.6174056529998779
patience: 3 / 6
Epoch   7  Train Loss 13.2715 99.75%
Epoch   7:  Dev 0.6338983178138733
Epoch   7: Test 0.6947368383407593
patience: 0 / 6
Epoch   8  Train Loss 13.8235 99.75%
Epoch   8:  Dev 0.6359143257141113
Epoch   8: Test 0.7076023817062378
patience: 0 / 6
Epoch   9  Train Loss 14.3148 99.78%
Epoch   9:  Dev 0.638157844543457
Epoch   9: Test 0.7071290612220764
patience: 0 / 6
Epoch  10  Train Loss 14.8383 99.78%
Epoch  10:  Dev 0.6251993775367737
patience: 1 / 6
Epoch  11  Train Loss 15.3186 99.78%
Epoch  11:  Dev 0.6308943033218384
patience: 2 / 6
Epoch  12  Train Loss 15.5552 99.80%
Epoch  12:  Dev 0.6158730387687683
patience: 3 / 6
Epoch  13  Train Loss 15.9216 99.81%
Epoch  13:  Dev 0.6276422739028931
patience: 4 / 6
Epoch  14  Train Loss 16.0901 99.82%
Epoch  14:  Dev 0.6190476417541504
patience: 5 / 6
Epoch  15  Train Loss 16.4395 99.83%
Epoch  15:  Dev 0.6365159749984741
patience: 6 / 6
setting train exemplar for learned classes
torch.Size([400, 2048])
BEST DEV 2: 0.638157844543457
BEST TEST 2: 0.7071290612220764
torch.Size([400, 2048])
Epoch   1  Train Loss 12.8684 98.08%
Epoch   1:  Dev 0.5967941284179688
Epoch   1: Test 0.679425835609436
patience: 0 / 6
Epoch   2  Train Loss 14.5485 99.49%
Epoch   2:  Dev 0.6026410460472107
Epoch   2: Test 0.6718628406524658
patience: 0 / 6
Epoch   3  Train Loss 15.1974 99.55%
Epoch   3:  Dev 0.6169154047966003
Epoch   3: Test 0.6713395714759827
patience: 0 / 6
Epoch   4  Train Loss 15.6340 99.58%
Epoch   4:  Dev 0.6082839965820312
patience: 1 / 6
Epoch   5  Train Loss 16.3293 99.62%
Epoch   5:  Dev 0.6197531223297119
Epoch   5: Test 0.6907630562782288
patience: 0 / 6
Epoch   6  Train Loss 16.6909 99.64%
Epoch   6:  Dev 0.6217228770256042
Epoch   6: Test 0.682220458984375
patience: 0 / 6
Epoch   7  Train Loss 17.3334 99.66%
Epoch   7:  Dev 0.5974026322364807
patience: 1 / 6
Epoch   8  Train Loss 17.5735 99.68%
Epoch   8:  Dev 0.6240601539611816
Epoch   8: Test 0.6784000396728516
patience: 0 / 6
Epoch   9  Train Loss 17.7451 99.71%
Epoch   9:  Dev 0.6009501218795776
patience: 1 / 6
Epoch  10  Train Loss 18.3133 99.73%
Epoch  10:  Dev 0.5980861186981201
patience: 2 / 6
Epoch  11  Train Loss 18.3228 99.74%
Epoch  11:  Dev 0.610421895980835
patience: 3 / 6
Epoch  12  Train Loss 18.6842 99.76%
Epoch  12:  Dev 0.5853080749511719
patience: 4 / 6
Epoch  13  Train Loss 18.8896 99.76%
Epoch  13:  Dev 0.6155779361724854
patience: 5 / 6
Epoch  14  Train Loss 19.0509 99.79%
Epoch  14:  Dev 0.6176470518112183
patience: 6 / 6
setting train exemplar for learned classes
torch.Size([500, 2048])
BEST DEV 3: 0.6240601539611816
BEST TEST 3: 0.6784000396728516
torch.Size([500, 2048])
Epoch   1  Train Loss 12.2045 96.87%
Epoch   1:  Dev 0.6180630922317505
Epoch   1: Test 0.6194081902503967
patience: 0 / 6
Epoch   2  Train Loss 13.0748 99.64%
Epoch   2:  Dev 0.6220303177833557
Epoch   2: Test 0.6325966715812683
patience: 0 / 6
Epoch   3  Train Loss 13.6225 99.67%
Epoch   3:  Dev 0.6127660274505615
patience: 1 / 6
Epoch   4  Train Loss 13.9819 99.69%
Epoch   4:  Dev 0.626086950302124
Epoch   4: Test 0.6404417157173157
patience: 0 / 6
Epoch   5  Train Loss 14.2650 99.71%
Epoch   5:  Dev 0.6200873851776123
patience: 1 / 6
Epoch   6  Train Loss 14.5683 99.73%
Epoch   6:  Dev 0.6225596070289612
patience: 2 / 6
Epoch   7  Train Loss 14.8922 99.75%
Epoch   7:  Dev 0.6216505765914917
patience: 3 / 6
Epoch   8  Train Loss 15.0552 99.76%
Epoch   8:  Dev 0.6319290399551392
Epoch   8: Test 0.6296809911727905
patience: 0 / 6
Epoch   9  Train Loss 15.5012 99.78%
Epoch   9:  Dev 0.6282608509063721
patience: 1 / 6
Epoch  10  Train Loss 15.4286 99.78%
Epoch  10:  Dev 0.629787266254425
patience: 2 / 6
Epoch  11  Train Loss 15.7767 99.80%
Epoch  11:  Dev 0.6203995943069458
patience: 3 / 6
Epoch  12  Train Loss 16.1328 99.81%
Epoch  12:  Dev 0.6232356429100037
patience: 4 / 6
Epoch  13  Train Loss 16.0766 99.81%
Epoch  13:  Dev 0.6237514019012451
patience: 5 / 6
Epoch  14  Train Loss 16.5193 99.82%
Epoch  14:  Dev 0.6255605816841125
patience: 6 / 6
setting train exemplar for learned classes
torch.Size([660, 2048])
BEST DEV 4: 0.6319290399551392
BEST TEST 4: 0.6296809911727905
