Dump name space
results/maven/woLMH_woMOO_woNAloss_woSR/perm_1/options.json
Dump name space
results/maven/woLMH_woMOO_woNAloss_woSR/perm_1/options.json
Dump name space
results/maven/woLMH_woMOO_woNAloss_woSR/perm_1/options.json
Dump name space
results/maven/woLMH_woMOO_woNAloss_woSR/perm_1/options.json
Dump name space
results/maven/woLMH_woMOO_woNAloss_woSR/perm_1/options.json
[[151, 16, 3, 70, 106, 141, 68, 31, 79, 101, 166, 167, 94, 21, 51, 7, 73, 145, 2, 124, 159, 61, 41, 142, 126, 144, 55, 168, 29, 11, 24, 0], [157, 18, 114, 92, 67, 153, 80, 115, 78, 154, 27, 5, 69, 117, 44, 83, 155, 40, 45, 139, 137, 14, 138, 119, 74, 150, 59, 54, 28, 9, 140, 37, 107, 76, 47, 0], [147, 48, 84, 39, 53, 23, 109, 22, 77, 62, 93, 143, 89, 8, 71, 85, 63, 97, 65, 103, 113, 112, 123, 152, 88, 98, 72, 42, 60, 133, 128, 116, 15, 111, 136, 162, 129, 132, 6, 0], [46, 36, 17, 13, 12, 20, 25, 49, 169, 148, 87, 56, 95, 81, 58, 57, 161, 64, 163, 82, 43, 125, 35, 96, 156, 100, 66, 30, 50, 120, 0], [134, 99, 105, 91, 52, 19, 135, 122, 127, 102, 108, 104, 110, 38, 118, 121, 160, 26, 34, 33, 158, 130, 165, 86, 149, 146, 164, 4, 131, 75, 90, 10, 32, 0]]
True
train loader and exclude loader:  0
Original len train instances: 347788
train loader and exclude loader:  1
Original len train instances: 333221
train loader and exclude loader:  2
Original len train instances: 319808
train loader and exclude loader:  3
Original len train instances: 305370
train loader and exclude loader:  4
Original len train instances: 293078
Original len dev instances: 57198
Original len test instances: 98603
create basgMTL 4
False False
Epoch   1  Train Loss 0.1705 81.28%
Epoch   1:  Dev 0.5600830912590027
Epoch   1: Test 0.5642072558403015
patience: 0 / 5
Epoch   2  Train Loss 0.0936 82.10%
Epoch   2:  Dev 0.592739999294281
Epoch   2: Test 0.5967570543289185
patience: 0 / 5
Epoch   3  Train Loss 0.0832 82.30%
Epoch   3:  Dev 0.6064485311508179
Epoch   3: Test 0.6119982600212097
patience: 0 / 5
Epoch   4  Train Loss 0.0762 82.44%
Epoch   4:  Dev 0.5997599363327026
patience: 1 / 5
Epoch   5  Train Loss 0.0704 82.56%
Epoch   5:  Dev 0.6181990504264832
Epoch   5: Test 0.6165589690208435
patience: 0 / 5
Epoch   6  Train Loss 0.0649 82.69%
Epoch   6:  Dev 0.6209697127342224
Epoch   6: Test 0.6219298243522644
patience: 0 / 5
Epoch   7  Train Loss 0.0600 82.83%
Epoch   7:  Dev 0.6220231652259827
Epoch   7: Test 0.6107111573219299
patience: 0 / 5
Epoch   8  Train Loss 0.0554 82.96%
Epoch   8:  Dev 0.6237397193908691
Epoch   8: Test 0.623701274394989
patience: 0 / 5
Epoch   9  Train Loss 0.0508 83.08%
Epoch   9:  Dev 0.6149610280990601
patience: 1 / 5
Epoch  10  Train Loss 0.0462 83.20%
Epoch  10:  Dev 0.6147387623786926
patience: 2 / 5
Epoch  11  Train Loss 0.0421 83.35%
Epoch  11:  Dev 0.5847378373146057
patience: 3 / 5
Epoch  12  Train Loss 0.0387 83.46%
Epoch  12:  Dev 0.6281327605247498
Epoch  12: Test 0.6133444309234619
patience: 0 / 5
Epoch  13  Train Loss 0.0354 83.57%
Epoch  13:  Dev 0.6131487488746643
patience: 1 / 5
Epoch  14  Train Loss 0.0327 83.66%
Epoch  14:  Dev 0.6117428541183472
patience: 2 / 5
Epoch  15  Train Loss 0.0299 83.74%
Epoch  15:  Dev 0.6123467683792114
patience: 3 / 5
setting train exemplar for learned classes
torch.Size([620, 2048])
BEST DEV 0: 0.6281327605247498
BEST TEST 0: 0.6133444309234619
torch.Size([620, 2048])
Epoch   1  Train Loss 0.9883 84.18%
Epoch   1:  Dev 0.5253344178199768
Epoch   1: Test 0.5280373692512512
patience: 0 / 5
Epoch   2  Train Loss 0.9468 85.05%
Epoch   2:  Dev 0.5119388699531555
patience: 1 / 5
Epoch   3  Train Loss 0.9384 85.38%
Epoch   3:  Dev 0.5377777218818665
Epoch   3: Test 0.5539528727531433
patience: 0 / 5
Epoch   4  Train Loss 0.9336 85.57%
Epoch   4:  Dev 0.5170771479606628
patience: 1 / 5
Epoch   5  Train Loss 0.9299 85.79%
Epoch   5:  Dev 0.5089884400367737
patience: 2 / 5
Epoch   6  Train Loss 0.9266 85.97%
Epoch   6:  Dev 0.515444278717041
patience: 3 / 5
Epoch   7  Train Loss 0.9244 86.09%
Epoch   7:  Dev 0.5401785373687744
Epoch   7: Test 0.5516259074211121
patience: 0 / 5
Epoch   8  Train Loss 0.9220 86.26%
Epoch   8:  Dev 0.5110249519348145
patience: 1 / 5
Epoch   9  Train Loss 0.9203 86.39%
Epoch   9:  Dev 0.5248246192932129
patience: 2 / 5
Epoch  10  Train Loss 0.9183 86.54%
Epoch  10:  Dev 0.5141074061393738
patience: 3 / 5
Epoch  11  Train Loss 0.9167 86.69%
Epoch  11:  Dev 0.5187550187110901
patience: 4 / 5
Epoch  12  Train Loss 0.9153 86.80%
Epoch  12:  Dev 0.5035039186477661
patience: 5 / 5
setting train exemplar for learned classes
torch.Size([1320, 2048])
BEST DEV 1: 0.5401785373687744
BEST TEST 1: 0.5516259074211121
torch.Size([1320, 2048])
Epoch   1  Train Loss 1.4567 87.74%
Epoch   1:  Dev 0.4989895224571228
Epoch   1: Test 0.5186655521392822
patience: 0 / 5
Epoch   2  Train Loss 1.4273 88.86%
Epoch   2:  Dev 0.5017349720001221
Epoch   2: Test 0.5180485844612122
patience: 0 / 5
Epoch   3  Train Loss 1.4221 89.18%
Epoch   3:  Dev 0.5127778053283691
Epoch   3: Test 0.5232608914375305
patience: 0 / 5
Epoch   4  Train Loss 1.4188 89.39%
Epoch   4:  Dev 0.5121454000473022
patience: 1 / 5
Epoch   5  Train Loss 1.4164 89.57%
Epoch   5:  Dev 0.5232074856758118
Epoch   5: Test 0.5391331911087036
patience: 0 / 5
Epoch   6  Train Loss 1.4143 89.71%
Epoch   6:  Dev 0.5144513845443726
patience: 1 / 5
Epoch   7  Train Loss 1.4129 89.82%
Epoch   7:  Dev 0.5082074999809265
patience: 2 / 5
Epoch   8  Train Loss 1.4116 89.96%
Epoch   8:  Dev 0.5214822888374329
patience: 3 / 5
Epoch   9  Train Loss 1.4092 90.07%
Epoch   9:  Dev 0.5035620927810669
patience: 4 / 5
Epoch  10  Train Loss 1.4088 90.16%
Epoch  10:  Dev 0.5124840140342712
patience: 5 / 5
setting train exemplar for learned classes
torch.Size([2100, 2048])
BEST DEV 2: 0.5232074856758118
BEST TEST 2: 0.5391331911087036
torch.Size([2100, 2048])
Epoch   1  Train Loss 2.3929 90.98%
Epoch   1:  Dev 0.4721663296222687
Epoch   1: Test 0.481416255235672
patience: 0 / 5
Epoch   2  Train Loss 2.3665 92.04%
Epoch   2:  Dev 0.48573732376098633
Epoch   2: Test 0.4966807961463928
patience: 0 / 5
Epoch   3  Train Loss 2.3618 92.35%
Epoch   3:  Dev 0.4884405732154846
Epoch   3: Test 0.4988458454608917
patience: 0 / 5
Epoch   4  Train Loss 2.3589 92.49%
Epoch   4:  Dev 0.49046918749809265
Epoch   4: Test 0.506266713142395
patience: 0 / 5
Epoch   5  Train Loss 2.3569 92.65%
Epoch   5:  Dev 0.48492902517318726
patience: 1 / 5
Epoch   6  Train Loss 2.3556 92.75%
Epoch   6:  Dev 0.48139551281929016
patience: 2 / 5
Epoch   7  Train Loss 2.3543 92.84%
Epoch   7:  Dev 0.490160197019577
patience: 3 / 5
Epoch   8  Train Loss 2.3532 92.87%
Epoch   8:  Dev 0.49202868342399597
Epoch   8: Test 0.5038012266159058
patience: 0 / 5
Epoch   9  Train Loss 2.3526 93.00%
Epoch   9:  Dev 0.48973348736763
patience: 1 / 5
Epoch  10  Train Loss 2.3515 93.05%
Epoch  10:  Dev 0.49694353342056274
Epoch  10: Test 0.5101408362388611
patience: 0 / 5
Epoch  11  Train Loss 2.3508 93.11%
Epoch  11:  Dev 0.49082502722740173
patience: 1 / 5
Epoch  12  Train Loss 2.3501 93.16%
Epoch  12:  Dev 0.49106496572494507
patience: 2 / 5
Epoch  13  Train Loss 2.3490 93.22%
Epoch  13:  Dev 0.4865700602531433
patience: 3 / 5
Epoch  14  Train Loss 2.3490 93.27%
Epoch  14:  Dev 0.4867631793022156
patience: 4 / 5
Epoch  15  Train Loss 2.3491 93.32%
Epoch  15:  Dev 0.4828542470932007
patience: 5 / 5
setting train exemplar for learned classes
torch.Size([2700, 2048])
BEST DEV 3: 0.49694353342056274
BEST TEST 3: 0.5101408362388611
torch.Size([2700, 2048])
Epoch   1  Train Loss 2.9070 94.69%
Epoch   1:  Dev 0.4645974636077881
Epoch   1: Test 0.47564274072647095
patience: 0 / 5
Epoch   2  Train Loss 2.8888 95.94%
Epoch   2:  Dev 0.4813198447227478
Epoch   2: Test 0.4949372708797455
patience: 0 / 5
Epoch   3  Train Loss 2.8852 96.23%
Epoch   3:  Dev 0.47981736063957214
patience: 1 / 5
Epoch   4  Train Loss 2.8834 96.43%
Epoch   4:  Dev 0.4890022277832031
Epoch   4: Test 0.5013191103935242
patience: 0 / 5
Epoch   5  Train Loss 2.8824 96.57%
Epoch   5:  Dev 0.4827338457107544
patience: 1 / 5
Epoch   6  Train Loss 2.8806 96.71%
Epoch   6:  Dev 0.49956250190734863
Epoch   6: Test 0.5091007351875305
patience: 0 / 5
Epoch   7  Train Loss 2.8797 96.79%
Epoch   7:  Dev 0.4888967275619507
patience: 1 / 5
Epoch   8  Train Loss 2.8791 96.86%
Epoch   8:  Dev 0.49421122670173645
patience: 2 / 5
Epoch   9  Train Loss 2.8786 96.95%
Epoch   9:  Dev 0.4927842319011688
patience: 3 / 5
Epoch  10  Train Loss 2.8776 97.01%
Epoch  10:  Dev 0.4820348620414734
patience: 4 / 5
Epoch  11  Train Loss 2.8775 97.04%
Epoch  11:  Dev 0.4810355007648468
patience: 5 / 5
setting train exemplar for learned classes
torch.Size([3360, 2048])
BEST DEV 4: 0.49956250190734863
BEST TEST 4: 0.5091007351875305
