Dump name space
results/ace/FairGrad/perm_4/options.json
Dump name space
results/ace/FairGrad/perm_4/options.json
Dump name space
results/ace/FairGrad/perm_4/options.json
Dump name space
results/ace/FairGrad/perm_4/options.json
[[200, 180, 173, 198, 177, 0], [196, 181, 182, 202, 185, 176, 170, 192, 0], [188, 199, 184, 194, 189, 190, 178, 186, 197, 0], [191, 187, 195, 171, 174, 179, 0], [201, 183, 193, 172, 175, 0]]
False
train loader and exclude loader:  0
Original len train instances: 265115
train loader and exclude loader:  1
Original len train instances: 264396
train loader and exclude loader:  2
Original len train instances: 263784
train loader and exclude loader:  3
Original len train instances: 263200
train loader and exclude loader:  4
Original len train instances: 262361
Original len dev instances: 54053
Original len test instances: 93949
create basgMTL 4
False True
Epoch   1  Train Loss 0.0926 99.11%
Epoch   1:  Dev 0.544715404510498
Epoch   1: Test 0.4312668442726135
patience: 0 / 6
Epoch   2  Train Loss 0.0302 99.43%
Epoch   2:  Dev 0.4484848380088806
patience: 1 / 6
Epoch   3  Train Loss 0.0243 99.47%
Epoch   3:  Dev 0.5419847369194031
patience: 2 / 6
Epoch   4  Train Loss 0.0194 99.56%
Epoch   4:  Dev 0.5546218156814575
Epoch   4: Test 0.48170730471611023
patience: 0 / 6
Epoch   5  Train Loss 0.0165 99.61%
Epoch   5:  Dev 0.507352888584137
patience: 1 / 6
Epoch   6  Train Loss 0.0136 99.65%
Epoch   6:  Dev 0.5291829109191895
patience: 2 / 6
Epoch   7  Train Loss 0.0115 99.70%
Epoch   7:  Dev 0.5096525549888611
patience: 3 / 6
Epoch   8  Train Loss 0.0098 99.74%
Epoch   8:  Dev 0.5786802172660828
Epoch   8: Test 0.49640291929244995
patience: 0 / 6
Epoch   9  Train Loss 0.0084 99.78%
Epoch   9:  Dev 0.45890411734580994
patience: 1 / 6
Epoch  10  Train Loss 0.0077 99.80%
Epoch  10:  Dev 0.5544554591178894
patience: 2 / 6
Epoch  11  Train Loss 0.0069 99.82%
Epoch  11:  Dev 0.4531250298023224
patience: 3 / 6
Epoch  12  Train Loss 0.0061 99.84%
Epoch  12:  Dev 0.5302325487136841
patience: 4 / 6
Epoch  13  Train Loss 0.0057 99.86%
Epoch  13:  Dev 0.5185185074806213
patience: 5 / 6
Epoch  14  Train Loss 0.0056 99.87%
Epoch  14:  Dev 0.470085471868515
patience: 6 / 6
setting train exemplar for learned classes
torch.Size([100, 2048])
BEST DEV 0: 0.5786802172660828
BEST TEST 0: 0.49640291929244995
torch.Size([100, 2048])
Epoch   1  Train Loss 4.9387 98.21%
Epoch   1:  Dev 0.574018120765686
Epoch   1: Test 0.47638601064682007
patience: 0 / 6
Epoch   2  Train Loss 5.6778 99.69%
Epoch   2:  Dev 0.6066066026687622
Epoch   2: Test 0.5081967711448669
patience: 0 / 6
Epoch   3  Train Loss 5.6337 99.73%
Epoch   3:  Dev 0.616314172744751
Epoch   3: Test 0.5031446814537048
patience: 0 / 6
Epoch   4  Train Loss 5.7924 99.75%
Epoch   4:  Dev 0.6130952835083008
patience: 1 / 6
Epoch   5  Train Loss 5.8308 99.78%
Epoch   5:  Dev 0.6051873564720154
patience: 2 / 6
Epoch   6  Train Loss 6.1027 99.80%
Epoch   6:  Dev 0.5747801065444946
patience: 3 / 6
Epoch   7  Train Loss 6.2273 99.81%
Epoch   7:  Dev 0.5830903649330139
patience: 4 / 6
Epoch   8  Train Loss 6.4129 99.83%
Epoch   8:  Dev 0.6023391485214233
patience: 5 / 6
Epoch   9  Train Loss 6.4465 99.84%
Epoch   9:  Dev 0.5971830487251282
patience: 6 / 6
setting train exemplar for learned classes
torch.Size([260, 2048])
BEST DEV 1: 0.616314172744751
BEST TEST 1: 0.5031446814537048
torch.Size([260, 2048])
Epoch   1  Train Loss 5.2423 98.00%
Epoch   1:  Dev 0.5828970074653625
Epoch   1: Test 0.4962630867958069
patience: 0 / 6
Epoch   2  Train Loss 6.0458 99.68%
Epoch   2:  Dev 0.5949580073356628
Epoch   2: Test 0.5347431898117065
patience: 0 / 6
Epoch   3  Train Loss 6.4671 99.73%
Epoch   3:  Dev 0.5819398164749146
patience: 1 / 6
Epoch   4  Train Loss 6.9282 99.76%
Epoch   4:  Dev 0.6148532032966614
Epoch   4: Test 0.5331279039382935
patience: 0 / 6
Epoch   5  Train Loss 7.2705 99.78%
Epoch   5:  Dev 0.6247819066047668
Epoch   5: Test 0.5352112054824829
patience: 0 / 6
Epoch   6  Train Loss 7.6372 99.80%
Epoch   6:  Dev 0.5974025726318359
patience: 1 / 6
Epoch   7  Train Loss 7.8297 99.81%
Epoch   7:  Dev 0.6015999913215637
patience: 2 / 6
Epoch   8  Train Loss 8.1698 99.82%
Epoch   8:  Dev 0.5975232124328613
patience: 3 / 6
Epoch   9  Train Loss 8.3698 99.83%
Epoch   9:  Dev 0.58859783411026
patience: 4 / 6
Epoch  10  Train Loss 8.5006 99.83%
Epoch  10:  Dev 0.5916795134544373
patience: 5 / 6
Epoch  11  Train Loss 8.6995 99.84%
Epoch  11:  Dev 0.5914149284362793
patience: 6 / 6
setting train exemplar for learned classes
torch.Size([440, 2048])
BEST DEV 2: 0.6247819066047668
BEST TEST 2: 0.5352112054824829
torch.Size([440, 2048])
Epoch   1  Train Loss 6.7497 96.72%
Epoch   1:  Dev 0.5799151659011841
Epoch   1: Test 0.5868131518363953
patience: 0 / 6
Epoch   2  Train Loss 7.4117 99.64%
Epoch   2:  Dev 0.5924856066703796
Epoch   2: Test 0.5943600535392761
patience: 0 / 6
Epoch   3  Train Loss 7.8461 99.68%
Epoch   3:  Dev 0.595930278301239
Epoch   3: Test 0.6013513803482056
patience: 0 / 6
Epoch   4  Train Loss 8.1192 99.70%
Epoch   4:  Dev 0.6005747318267822
Epoch   4: Test 0.5958378911018372
patience: 0 / 6
Epoch   5  Train Loss 8.4115 99.73%
Epoch   5:  Dev 0.597364604473114
patience: 1 / 6
Epoch   6  Train Loss 8.6709 99.73%
Epoch   6:  Dev 0.6064139604568481
Epoch   6: Test 0.5828818678855896
patience: 0 / 6
Epoch   7  Train Loss 8.8984 99.76%
Epoch   7:  Dev 0.5982658863067627
patience: 1 / 6
Epoch   8  Train Loss 9.2043 99.76%
Epoch   8:  Dev 0.6041055917739868
patience: 2 / 6
Epoch   9  Train Loss 9.4402 99.78%
Epoch   9:  Dev 0.6126126646995544
Epoch   9: Test 0.5915178060531616
patience: 0 / 6
Epoch  10  Train Loss 9.6999 99.79%
Epoch  10:  Dev 0.5953757166862488
patience: 1 / 6
Epoch  11  Train Loss 9.7570 99.80%
Epoch  11:  Dev 0.6103703379631042
patience: 2 / 6
Epoch  12  Train Loss 9.8984 99.81%
Epoch  12:  Dev 0.6068758964538574
patience: 3 / 6
Epoch  13  Train Loss 10.1472 99.81%
Epoch  13:  Dev 0.6146926879882812
Epoch  13: Test 0.5707864761352539
patience: 0 / 6
Epoch  14  Train Loss 10.3399 99.83%
Epoch  14:  Dev 0.6077844500541687
patience: 1 / 6
Epoch  15  Train Loss 10.4797 99.83%
Epoch  15:  Dev 0.59883713722229
patience: 2 / 6
Epoch  16  Train Loss 10.5754 99.84%
Epoch  16:  Dev 0.5972850322723389
patience: 3 / 6
Epoch  17  Train Loss 10.8646 99.85%
Epoch  17:  Dev 0.6047903895378113
patience: 4 / 6
Epoch  18  Train Loss 10.9417 99.87%
Epoch  18:  Dev 0.6065089106559753
patience: 5 / 6
Epoch  19  Train Loss 11.0905 99.87%
Epoch  19:  Dev 0.5997001528739929
patience: 6 / 6
setting train exemplar for learned classes
torch.Size([560, 2048])
BEST DEV 3: 0.6146926879882812
BEST TEST 3: 0.5707864761352539
torch.Size([560, 2048])
Epoch   1  Train Loss 9.2081 96.13%
Epoch   1:  Dev 0.6314606070518494
Epoch   1: Test 0.6376811861991882
patience: 0 / 6
Epoch   2  Train Loss 9.7821 99.54%
Epoch   2:  Dev 0.6343115568161011
Epoch   2: Test 0.6332417130470276
patience: 0 / 6
Epoch   3  Train Loss 10.2259 99.59%
Epoch   3:  Dev 0.6295884251594543
patience: 1 / 6
Epoch   4  Train Loss 10.5516 99.62%
Epoch   4:  Dev 0.6281352639198303
patience: 2 / 6
Epoch   5  Train Loss 10.8902 99.65%
Epoch   5:  Dev 0.6273223757743835
patience: 3 / 6
Epoch   6  Train Loss 11.1361 99.68%
Epoch   6:  Dev 0.6243154406547546
patience: 4 / 6
Epoch   7  Train Loss 11.3621 99.69%
Epoch   7:  Dev 0.6385809183120728
Epoch   7: Test 0.6257586479187012
patience: 0 / 6
Epoch   8  Train Loss 11.6314 99.71%
Epoch   8:  Dev 0.6301369667053223
patience: 1 / 6
Epoch   9  Train Loss 11.6865 99.74%
Epoch   9:  Dev 0.6300768256187439
patience: 2 / 6
Epoch  10  Train Loss 11.9421 99.73%
Epoch  10:  Dev 0.6349557638168335
patience: 3 / 6
Epoch  11  Train Loss 12.0432 99.76%
Epoch  11:  Dev 0.6299212574958801
patience: 4 / 6
Epoch  12  Train Loss 12.2698 99.77%
Epoch  12:  Dev 0.6321585774421692
patience: 5 / 6
Epoch  13  Train Loss 12.4136 99.78%
Epoch  13:  Dev 0.6315789818763733
patience: 6 / 6
setting train exemplar for learned classes
torch.Size([660, 2048])
BEST DEV 4: 0.6385809183120728
BEST TEST 4: 0.6257586479187012
