Dump name space
results/ace/NashMTL_woMOO-40_cluster-4_gen-10/perm_3/options.json
Dump name space
results/ace/NashMTL_woMOO-40_cluster-4_gen-10/perm_3/options.json
Dump name space
results/ace/NashMTL_woMOO-40_cluster-4_gen-10/perm_3/options.json
Dump name space
results/ace/NashMTL_woMOO-40_cluster-4_gen-10/perm_3/options.json
[[191, 187, 195, 171, 174, 179, 0], [201, 183, 193, 172, 175, 0], [188, 199, 184, 194, 189, 190, 178, 186, 197, 0], [200, 180, 173, 198, 177, 0], [196, 181, 182, 202, 185, 176, 170, 192, 0]]
False
train loader and exclude loader:  0
Original len train instances: 265115
train loader and exclude loader:  1
Original len train instances: 264276
train loader and exclude loader:  2
Original len train instances: 262942
train loader and exclude loader:  3
Original len train instances: 262358
train loader and exclude loader:  4
Original len train instances: 261639
Original len dev instances: 54053
Original len test instances: 93949
create basgMTL 4
False True
Epoch   1  Train Loss 0.0840 98.24%
Epoch   1:  Dev 0.5233644843101501
Epoch   1: Test 0.5046296119689941
patience: 0 / 6
Epoch   2  Train Loss 0.0232 98.53%
Epoch   2:  Dev 0.5436893105506897
Epoch   2: Test 0.5913043022155762
patience: 0 / 6
Epoch   3  Train Loss 0.0168 98.55%
Epoch   3:  Dev 0.5039369463920593
patience: 1 / 6
Epoch   4  Train Loss 0.0128 98.58%
Epoch   4:  Dev 0.5686274170875549
Epoch   4: Test 0.5954692959785461
patience: 0 / 6
Epoch   5  Train Loss 0.0097 98.61%
Epoch   5:  Dev 0.5081967115402222
patience: 1 / 6
Epoch   6  Train Loss 0.0078 98.64%
Epoch   6:  Dev 0.5161290168762207
patience: 2 / 6
Epoch   7  Train Loss 0.0066 98.66%
Epoch   7:  Dev 0.5794392824172974
Epoch   7: Test 0.6041055917739868
patience: 0 / 6
Epoch   8  Train Loss 0.0058 98.67%
Epoch   8:  Dev 0.5686274170875549
patience: 1 / 6
Epoch   9  Train Loss 0.0053 98.68%
Epoch   9:  Dev 0.5799999833106995
Epoch   9: Test 0.5889968276023865
patience: 0 / 6
Epoch  10  Train Loss 0.0047 98.69%
Epoch  10:  Dev 0.5904761552810669
Epoch  10: Test 0.5808219313621521
patience: 0 / 6
Epoch  11  Train Loss 0.0049 98.70%
Epoch  11:  Dev 0.5894736647605896
patience: 1 / 6
Epoch  12  Train Loss 0.0044 98.70%
Epoch  12:  Dev 0.6292135119438171
Epoch  12: Test 0.631205677986145
patience: 0 / 6
Epoch  13  Train Loss 0.0036 98.72%
Epoch  13:  Dev 0.6262626051902771
patience: 1 / 6
Epoch  14  Train Loss 0.0035 98.71%
Epoch  14:  Dev 0.5799999833106995
patience: 2 / 6
Epoch  15  Train Loss 0.0035 98.72%
Epoch  15:  Dev 0.6086956858634949
patience: 3 / 6
Epoch  16  Train Loss 0.0035 98.71%
Epoch  16:  Dev 0.6086956858634949
patience: 4 / 6
Epoch  17  Train Loss 0.0027 98.73%
Epoch  17:  Dev 0.6170212626457214
patience: 5 / 6
Epoch  18  Train Loss 0.0027 98.73%
Epoch  18:  Dev 0.6373626589775085
Epoch  18: Test 0.6228373646736145
patience: 0 / 6
Epoch  19  Train Loss 0.0030 98.72%
Epoch  19:  Dev 0.5591397881507874
patience: 1 / 6
Epoch  20  Train Loss 0.0027 98.73%
Epoch  20:  Dev 0.5370370149612427
patience: 2 / 6
Epoch  21  Train Loss 0.0024 98.73%
Epoch  21:  Dev 0.5806452035903931
patience: 3 / 6
Epoch  22  Train Loss 0.0022 98.74%
Epoch  22:  Dev 0.5882353186607361
patience: 4 / 6
Epoch  23  Train Loss 0.0019 98.74%
Epoch  23:  Dev 0.5376344323158264
patience: 5 / 6
Epoch  24  Train Loss 0.0022 98.74%
Epoch  24:  Dev 0.5934066772460938
patience: 6 / 6
setting train exemplar for learned classes
torch.Size([120, 2048])
BEST DEV 0: 0.6373626589775085
BEST TEST 0: 0.6228373646736145
torch.Size([120, 2048])
Epoch   1  Train Loss 0.1103 98.81%
Epoch   1:  Dev 0.6063569784164429
Epoch   1: Test 0.6647287011146545
patience: 0 / 6
Epoch   2  Train Loss 0.1013 98.97%
Epoch   2:  Dev 0.6502732038497925
Epoch   2: Test 0.6851063370704651
patience: 0 / 6
Epoch   3  Train Loss 0.0998 99.01%
Epoch   3:  Dev 0.648101270198822
patience: 1 / 6
Epoch   4  Train Loss 0.0981 99.05%
Epoch   4:  Dev 0.6522911190986633
Epoch   4: Test 0.6970339417457581
patience: 0 / 6
Epoch   5  Train Loss 0.0977 99.09%
Epoch   5:  Dev 0.6542552709579468
Epoch   5: Test 0.6877637505531311
patience: 0 / 6
Epoch   6  Train Loss 0.0970 99.13%
Epoch   6:  Dev 0.6387434601783752
patience: 1 / 6
Epoch   7  Train Loss 0.0962 99.14%
Epoch   7:  Dev 0.6763848066329956
Epoch   7: Test 0.7187140583992004
patience: 0 / 6
Epoch   8  Train Loss 0.0958 99.16%
Epoch   8:  Dev 0.6342710852622986
patience: 1 / 6
Epoch   9  Train Loss 0.0959 99.16%
Epoch   9:  Dev 0.6524064540863037
patience: 2 / 6
Epoch  10  Train Loss 0.0955 99.17%
Epoch  10:  Dev 0.6685082912445068
patience: 3 / 6
Epoch  11  Train Loss 0.0955 99.18%
Epoch  11:  Dev 0.6703910827636719
patience: 4 / 6
Epoch  12  Train Loss 0.0949 99.20%
Epoch  12:  Dev 0.6481481790542603
patience: 5 / 6
Epoch  13  Train Loss 0.0946 99.20%
Epoch  13:  Dev 0.6647399067878723
patience: 6 / 6
setting train exemplar for learned classes
torch.Size([220, 2048])
BEST DEV 1: 0.6763848066329956
BEST TEST 1: 0.7187140583992004
torch.Size([220, 2048])
Epoch   1  Train Loss 0.2372 98.87%
Epoch   1:  Dev 0.5736434459686279
Epoch   1: Test 0.6878002285957336
patience: 0 / 6
Epoch   2  Train Loss 0.2214 99.24%
Epoch   2:  Dev 0.5848484635353088
Epoch   2: Test 0.6993275880813599
patience: 0 / 6
Epoch   3  Train Loss 0.2183 99.29%
Epoch   3:  Dev 0.5891238451004028
Epoch   3: Test 0.7084519863128662
patience: 0 / 6
Epoch   4  Train Loss 0.2169 99.31%
Epoch   4:  Dev 0.5905044674873352
Epoch   4: Test 0.698382556438446
patience: 0 / 6
Epoch   5  Train Loss 0.2158 99.34%
Epoch   5:  Dev 0.5814307332038879
patience: 1 / 6
Epoch   6  Train Loss 0.2151 99.36%
Epoch   6:  Dev 0.5738881230354309
patience: 2 / 6
Epoch   7  Train Loss 0.2150 99.36%
Epoch   7:  Dev 0.6267716884613037
Epoch   7: Test 0.709233820438385
patience: 0 / 6
Epoch   8  Train Loss 0.2144 99.38%
Epoch   8:  Dev 0.6201550364494324
patience: 1 / 6
Epoch   9  Train Loss 0.2140 99.39%
Epoch   9:  Dev 0.6158631443977356
patience: 2 / 6
Epoch  10  Train Loss 0.2142 99.38%
Epoch  10:  Dev 0.585949182510376
patience: 3 / 6
Epoch  11  Train Loss 0.2139 99.39%
Epoch  11:  Dev 0.6132075786590576
patience: 4 / 6
Epoch  12  Train Loss 0.2137 99.40%
Epoch  12:  Dev 0.5925925970077515
patience: 5 / 6
Epoch  13  Train Loss 0.2135 99.40%
Epoch  13:  Dev 0.6329526901245117
Epoch  13: Test 0.7004048824310303
patience: 0 / 6
Epoch  14  Train Loss 0.2132 99.41%
Epoch  14:  Dev 0.5981594920158386
patience: 1 / 6
Epoch  15  Train Loss 0.2137 99.40%
Epoch  15:  Dev 0.6222223043441772
patience: 2 / 6
Epoch  16  Train Loss 0.2132 99.41%
Epoch  16:  Dev 0.618122935295105
patience: 3 / 6
Epoch  17  Train Loss 0.2127 99.41%
Epoch  17:  Dev 0.5854383111000061
patience: 4 / 6
Epoch  18  Train Loss 0.2130 99.41%
Epoch  18:  Dev 0.6279435157775879
patience: 5 / 6
Epoch  19  Train Loss 0.2135 99.42%
Epoch  19:  Dev 0.6274510025978088
patience: 6 / 6
setting train exemplar for learned classes
torch.Size([400, 2048])
BEST DEV 2: 0.6329526901245117
BEST TEST 2: 0.7004048824310303
torch.Size([400, 2048])
Epoch   1  Train Loss 0.4246 98.57%
Epoch   1:  Dev 0.6110429763793945
Epoch   1: Test 0.6219135522842407
patience: 0 / 6
Epoch   2  Train Loss 0.4115 99.39%
Epoch   2:  Dev 0.5914844274520874
patience: 1 / 6
Epoch   3  Train Loss 0.4106 99.43%
Epoch   3:  Dev 0.5553097128868103
patience: 2 / 6
Epoch   4  Train Loss 0.4094 99.49%
Epoch   4:  Dev 0.5997639298439026
patience: 3 / 6
Epoch   5  Train Loss 0.4090 99.53%
Epoch   5:  Dev 0.6296296119689941
Epoch   5: Test 0.6554487347602844
patience: 0 / 6
Epoch   6  Train Loss 0.4089 99.56%
Epoch   6:  Dev 0.6281407475471497
patience: 1 / 6
Epoch   7  Train Loss 0.4083 99.59%
Epoch   7:  Dev 0.5648679733276367
patience: 2 / 6
Epoch   8  Train Loss 0.4082 99.61%
Epoch   8:  Dev 0.6159695982933044
patience: 3 / 6
Epoch   9  Train Loss 0.4081 99.62%
Epoch   9:  Dev 0.5730337500572205
patience: 4 / 6
Epoch  10  Train Loss 0.4081 99.63%
Epoch  10:  Dev 0.6101266145706177
patience: 5 / 6
Epoch  11  Train Loss 0.4079 99.64%
Epoch  11:  Dev 0.6070991158485413
patience: 6 / 6
setting train exemplar for learned classes
torch.Size([500, 2048])
BEST DEV 3: 0.6296296119689941
BEST TEST 3: 0.6554487347602844
torch.Size([500, 2048])
Epoch   1  Train Loss 0.6388 98.89%
Epoch   1:  Dev 0.5954946279525757
Epoch   1: Test 0.6253164410591125
patience: 0 / 6
Epoch   2  Train Loss 0.6323 99.63%
Epoch   2:  Dev 0.5990147590637207
Epoch   2: Test 0.6317119002342224
patience: 0 / 6
Epoch   3  Train Loss 0.6299 99.68%
Epoch   3:  Dev 0.6023391485214233
Epoch   3: Test 0.605871319770813
patience: 0 / 6
Epoch   4  Train Loss 0.6293 99.72%
Epoch   4:  Dev 0.6067864894866943
Epoch   4: Test 0.6151832342147827
patience: 0 / 6
Epoch   5  Train Loss 0.6280 99.74%
Epoch   5:  Dev 0.6144455671310425
Epoch   5: Test 0.6108179688453674
patience: 0 / 6
Epoch   6  Train Loss 0.6275 99.77%
Epoch   6:  Dev 0.6182190179824829
Epoch   6: Test 0.6111833453178406
patience: 0 / 6
Epoch   7  Train Loss 0.6273 99.79%
Epoch   7:  Dev 0.6166166067123413
patience: 1 / 6
Epoch   8  Train Loss 0.6265 99.80%
Epoch   8:  Dev 0.6246122121810913
Epoch   8: Test 0.6227544546127319
patience: 0 / 6
Epoch   9  Train Loss 0.6263 99.80%
Epoch   9:  Dev 0.6315789818763733
Epoch   9: Test 0.6161073446273804
patience: 0 / 6
Epoch  10  Train Loss 0.6262 99.81%
Epoch  10:  Dev 0.6169772148132324
patience: 1 / 6
Epoch  11  Train Loss 0.6261 99.82%
Epoch  11:  Dev 0.625523030757904
patience: 2 / 6
Epoch  12  Train Loss 0.6257 99.83%
Epoch  12:  Dev 0.6325878500938416
Epoch  12: Test 0.6142372488975525
patience: 0 / 6
Epoch  13  Train Loss 0.6255 99.84%
Epoch  13:  Dev 0.6185998320579529
patience: 1 / 6
Epoch  14  Train Loss 0.6256 99.83%
Epoch  14:  Dev 0.6251319646835327
patience: 2 / 6
Epoch  15  Train Loss 0.6253 99.84%
Epoch  15:  Dev 0.6225026249885559
patience: 3 / 6
Epoch  16  Train Loss 0.6254 99.85%
Epoch  16:  Dev 0.6321466565132141
patience: 4 / 6
Epoch  17  Train Loss 0.6250 99.84%
Epoch  17:  Dev 0.6350915431976318
Epoch  17: Test 0.6067261695861816
patience: 0 / 6
Epoch  18  Train Loss 0.6247 99.84%
Epoch  18:  Dev 0.6291179656982422
patience: 1 / 6
Epoch  19  Train Loss 0.6250 99.85%
Epoch  19:  Dev 0.6357758641242981
Epoch  19: Test 0.617050051689148
patience: 0 / 6
Epoch  20  Train Loss 0.6249 99.85%
Epoch  20:  Dev 0.6338329315185547
patience: 1 / 6
Epoch  21  Train Loss 0.6252 99.85%
Epoch  21:  Dev 0.6339380741119385
patience: 2 / 6
Epoch  22  Train Loss 0.6247 99.85%
Epoch  22:  Dev 0.6233766078948975
patience: 3 / 6
Epoch  23  Train Loss 0.6247 99.86%
Epoch  23:  Dev 0.6386191844940186
Epoch  23: Test 0.6217127442359924
patience: 0 / 6
Epoch  24  Train Loss 0.6249 99.85%
Epoch  24:  Dev 0.6349891424179077
patience: 1 / 6
Epoch  25  Train Loss 0.6248 99.85%
Epoch  25:  Dev 0.6271186470985413
patience: 2 / 6
Epoch  26  Train Loss 0.6251 99.86%
Epoch  26:  Dev 0.6481069326400757
Epoch  26: Test 0.6072931289672852
patience: 0 / 6
Epoch  27  Train Loss 0.6245 99.86%
Epoch  27:  Dev 0.6386363506317139
patience: 1 / 6
Epoch  28  Train Loss 0.6244 99.86%
Epoch  28:  Dev 0.6343041658401489
patience: 2 / 6
Epoch  29  Train Loss 0.6248 99.86%
Epoch  29:  Dev 0.6278814673423767
patience: 3 / 6
Epoch  30  Train Loss 0.6246 99.86%
Epoch  30:  Dev 0.6477024555206299
patience: 4 / 6
setting train exemplar for learned classes
torch.Size([660, 2048])
BEST DEV 4: 0.6481069326400757
BEST TEST 4: 0.6072931289672852
