Dump name space
results/ace/FairGrad_KT_woSAM_woGMM_woNAloss/perm_4/options.json
Dump name space
results/ace/FairGrad_KT_woSAM_woGMM_woNAloss/perm_4/options.json
Dump name space
results/ace/FairGrad_KT_woSAM_woGMM_woNAloss/perm_4/options.json
Dump name space
results/ace/FairGrad_KT_woSAM_woGMM_woNAloss/perm_4/options.json
[[200, 180, 173, 198, 177, 0], [196, 181, 182, 202, 185, 176, 170, 192, 0], [188, 199, 184, 194, 189, 190, 178, 186, 197, 0], [191, 187, 195, 171, 174, 179, 0], [201, 183, 193, 172, 175, 0]]
False
train loader and exclude loader:  0
Original len train instances: 265115
train loader and exclude loader:  1
Original len train instances: 264396
train loader and exclude loader:  2
Original len train instances: 263784
train loader and exclude loader:  3
Original len train instances: 263200
train loader and exclude loader:  4
Original len train instances: 262361
Original len dev instances: 54053
Original len test instances: 93949
create basgMTL 4
False False
Epoch   1  Train Loss 0.0417 98.26%
Epoch   1:  Dev 0.4094487726688385
Epoch   1: Test 0.4893617331981659
patience: 0 / 6
Epoch   2  Train Loss 0.0061 98.53%
Epoch   2:  Dev 0.6075949668884277
Epoch   2: Test 0.5128204822540283
patience: 0 / 6
Epoch   3  Train Loss 0.0049 98.56%
Epoch   3:  Dev 0.6202531456947327
Epoch   3: Test 0.5056179761886597
patience: 0 / 6
Epoch   4  Train Loss 0.0041 98.58%
Epoch   4:  Dev 0.5540540814399719
patience: 1 / 6
Epoch   5  Train Loss 0.0033 98.62%
Epoch   5:  Dev 0.583783745765686
patience: 2 / 6
Epoch   6  Train Loss 0.0026 98.64%
Epoch   6:  Dev 0.57485032081604
patience: 3 / 6
Epoch   7  Train Loss 0.0022 98.65%
Epoch   7:  Dev 0.530386745929718
patience: 4 / 6
Epoch   8  Train Loss 0.0015 98.68%
Epoch   8:  Dev 0.5333333015441895
patience: 5 / 6
Epoch   9  Train Loss 0.0014 98.68%
Epoch   9:  Dev 0.5227272510528564
patience: 6 / 6
setting train exemplar for learned classes
torch.Size([100, 2048])
BEST DEV 0: 0.6202531456947327
BEST TEST 0: 0.5056179761886597
torch.Size([100, 2048])
Epoch   1  Train Loss 22.9507 99.41%
Epoch   1:  Dev 0.5
Epoch   1: Test 0.3589743375778198
patience: 0 / 6
Epoch   2  Train Loss 29.5639 99.83%
Epoch   2:  Dev 0.541832685470581
Epoch   2: Test 0.431693971157074
patience: 0 / 6
Epoch   3  Train Loss 32.8952 99.86%
Epoch   3:  Dev 0.5433070659637451
Epoch   3: Test 0.4487534463405609
patience: 0 / 6
Epoch   4  Train Loss 34.0330 99.87%
Epoch   4:  Dev 0.5196850299835205
patience: 1 / 6
Epoch   5  Train Loss 35.1400 99.89%
Epoch   5:  Dev 0.5291828513145447
patience: 2 / 6
Epoch   6  Train Loss 36.7628 99.90%
Epoch   6:  Dev 0.5499999523162842
Epoch   6: Test 0.4619164764881134
patience: 0 / 6
Epoch   7  Train Loss 37.0988 99.91%
Epoch   7:  Dev 0.5134099721908569
patience: 1 / 6
Epoch   8  Train Loss 36.6192 99.91%
Epoch   8:  Dev 0.4761904776096344
patience: 2 / 6
Epoch   9  Train Loss 37.6960 99.92%
Epoch   9:  Dev 0.5277777910232544
patience: 3 / 6
Epoch  10  Train Loss 36.4659 99.93%
Epoch  10:  Dev 0.4317180812358856
patience: 4 / 6
Epoch  11  Train Loss 38.9509 99.94%
Epoch  11:  Dev 0.5278810262680054
patience: 5 / 6
Epoch  12  Train Loss 38.8352 99.95%
Epoch  12:  Dev 0.47876450419425964
patience: 6 / 6
setting train exemplar for learned classes
torch.Size([260, 2048])
BEST DEV 1: 0.5499999523162842
BEST TEST 1: 0.4619164764881134
torch.Size([260, 2048])
Epoch   1  Train Loss 12.8535 98.52%
Epoch   1:  Dev 0.5249457359313965
Epoch   1: Test 0.41886794567108154
patience: 0 / 6
Epoch   2  Train Loss 16.0979 99.84%
Epoch   2:  Dev 0.5596708059310913
Epoch   2: Test 0.4863884150981903
patience: 0 / 6
Epoch   3  Train Loss 17.3921 99.86%
Epoch   3:  Dev 0.567460298538208
Epoch   3: Test 0.4981685280799866
patience: 0 / 6
Epoch   4  Train Loss 18.1517 99.87%
Epoch   4:  Dev 0.550000011920929
patience: 1 / 6
Epoch   5  Train Loss 18.8471 99.87%
Epoch   5:  Dev 0.5373134016990662
patience: 2 / 6
Epoch   6  Train Loss 19.2884 99.88%
Epoch   6:  Dev 0.5600000023841858
patience: 3 / 6
Epoch   7  Train Loss 19.7939 99.89%
Epoch   7:  Dev 0.5432595610618591
patience: 4 / 6
Epoch   8  Train Loss 19.8801 99.90%
Epoch   8:  Dev 0.5551180839538574
patience: 5 / 6
Epoch   9  Train Loss 20.4272 99.90%
Epoch   9:  Dev 0.5581395626068115
patience: 6 / 6
setting train exemplar for learned classes
torch.Size([440, 2048])
BEST DEV 2: 0.567460298538208
BEST TEST 2: 0.4981685280799866
torch.Size([440, 2048])
Epoch   1  Train Loss 12.9614 99.07%
Epoch   1:  Dev 0.5339967012405396
Epoch   1: Test 0.5588616132736206
patience: 0 / 6
Epoch   2  Train Loss 16.4723 99.77%
Epoch   2:  Dev 0.547579288482666
Epoch   2: Test 0.5732164978981018
patience: 0 / 6
Epoch   3  Train Loss 17.6959 99.80%
Epoch   3:  Dev 0.5501730442047119
Epoch   3: Test 0.570694088935852
patience: 0 / 6
Epoch   4  Train Loss 18.7113 99.81%
Epoch   4:  Dev 0.551369845867157
Epoch   4: Test 0.5772151947021484
patience: 0 / 6
Epoch   5  Train Loss 19.2705 99.83%
Epoch   5:  Dev 0.5561313033103943
Epoch   5: Test 0.5456919074058533
patience: 0 / 6
Epoch   6  Train Loss 19.7382 99.83%
Epoch   6:  Dev 0.5632377862930298
Epoch   6: Test 0.5764410495758057
patience: 0 / 6
Epoch   7  Train Loss 20.5482 99.85%
Epoch   7:  Dev 0.5519590973854065
patience: 1 / 6
Epoch   8  Train Loss 21.2114 99.85%
Epoch   8:  Dev 0.5636672973632812
Epoch   8: Test 0.5652725100517273
patience: 0 / 6
Epoch   9  Train Loss 21.3888 99.86%
Epoch   9:  Dev 0.5586206912994385
patience: 1 / 6
Epoch  10  Train Loss 21.6219 99.86%
Epoch  10:  Dev 0.5567010641098022
patience: 2 / 6
Epoch  11  Train Loss 21.8285 99.87%
Epoch  11:  Dev 0.5557461380958557
patience: 3 / 6
Epoch  12  Train Loss 22.1110 99.88%
Epoch  12:  Dev 0.5664336085319519
Epoch  12: Test 0.5475879907608032
patience: 0 / 6
Epoch  13  Train Loss 22.6566 99.89%
Epoch  13:  Dev 0.5605536103248596
patience: 1 / 6
Epoch  14  Train Loss 22.6675 99.90%
Epoch  14:  Dev 0.5523155927658081
patience: 2 / 6
Epoch  15  Train Loss 22.8553 99.90%
Epoch  15:  Dev 0.5567010641098022
patience: 3 / 6
Epoch  16  Train Loss 23.3513 99.91%
Epoch  16:  Dev 0.5605536103248596
patience: 4 / 6
Epoch  17  Train Loss 23.5272 99.91%
Epoch  17:  Dev 0.5606837272644043
patience: 5 / 6
Epoch  18  Train Loss 23.9410 99.92%
Epoch  18:  Dev 0.5590277910232544
patience: 6 / 6
setting train exemplar for learned classes
torch.Size([560, 2048])
BEST DEV 3: 0.5664336085319519
BEST TEST 3: 0.5475879907608032
torch.Size([560, 2048])
Epoch   1  Train Loss 18.6610 98.34%
Epoch   1:  Dev 0.5911458730697632
Epoch   1: Test 0.6179245114326477
patience: 0 / 6
Epoch   2  Train Loss 21.5912 99.72%
Epoch   2:  Dev 0.6073298454284668
Epoch   2: Test 0.6142857074737549
patience: 0 / 6
Epoch   3  Train Loss 22.8056 99.75%
Epoch   3:  Dev 0.5956354737281799
patience: 1 / 6
Epoch   4  Train Loss 23.3027 99.77%
Epoch   4:  Dev 0.5924999713897705
patience: 2 / 6
Epoch   5  Train Loss 23.7109 99.78%
Epoch   5:  Dev 0.5959079265594482
patience: 3 / 6
Epoch   6  Train Loss 24.1136 99.80%
Epoch   6:  Dev 0.5984655022621155
patience: 4 / 6
Epoch   7  Train Loss 24.6393 99.82%
Epoch   7:  Dev 0.6093552112579346
Epoch   7: Test 0.6263399720191956
patience: 0 / 6
Epoch   8  Train Loss 24.8753 99.84%
Epoch   8:  Dev 0.5984655022621155
patience: 1 / 6
Epoch   9  Train Loss 25.3378 99.85%
Epoch   9:  Dev 0.5879396796226501
patience: 2 / 6
Epoch  10  Train Loss 25.8331 99.85%
Epoch  10:  Dev 0.5932415723800659
patience: 3 / 6
Epoch  11  Train Loss 25.9279 99.86%
Epoch  11:  Dev 0.5933504104614258
patience: 4 / 6
Epoch  12  Train Loss 26.3451 99.88%
Epoch  12:  Dev 0.6000000238418579
patience: 5 / 6
Epoch  13  Train Loss 26.6105 99.88%
Epoch  13:  Dev 0.5954774022102356
patience: 6 / 6
setting train exemplar for learned classes
torch.Size([660, 2048])
BEST DEV 4: 0.6093552112579346
BEST TEST 4: 0.6263399720191956
