Dump name space
results/maven/kl_woMOO_narate-4_cluster-4_gen-20_lm_temp-0.2_class_alpha-0.2/perm_3/options.json
Dump name space
results/maven/kl_woMOO_narate-4_cluster-4_gen-20_lm_temp-0.2_class_alpha-0.2/perm_3/options.json
Dump name space
results/maven/kl_woMOO_narate-4_cluster-4_gen-20_lm_temp-0.2_class_alpha-0.2/perm_3/options.json
Dump name space
results/maven/kl_woMOO_narate-4_cluster-4_gen-20_lm_temp-0.2_class_alpha-0.2/perm_3/options.json
Dump name space
results/maven/kl_woMOO_narate-4_cluster-4_gen-20_lm_temp-0.2_class_alpha-0.2/perm_3/options.json
[[46, 36, 17, 13, 12, 20, 25, 49, 169, 148, 87, 56, 95, 81, 58, 57, 161, 64, 163, 82, 43, 125, 35, 96, 156, 100, 66, 30, 50, 120, 0], [147, 48, 84, 39, 53, 23, 109, 22, 77, 62, 93, 143, 89, 8, 71, 85, 63, 97, 65, 103, 113, 112, 123, 152, 88, 98, 72, 42, 60, 133, 128, 116, 15, 111, 136, 162, 129, 132, 6, 0], [134, 99, 105, 91, 52, 19, 135, 122, 127, 102, 108, 104, 110, 38, 118, 121, 160, 26, 34, 33, 158, 130, 165, 86, 149, 146, 164, 4, 131, 75, 90, 10, 32, 0], [157, 18, 114, 92, 67, 153, 80, 115, 78, 154, 27, 5, 69, 117, 44, 83, 155, 40, 45, 139, 137, 14, 138, 119, 74, 150, 59, 54, 28, 9, 140, 37, 107, 76, 47, 0], [151, 16, 3, 70, 106, 141, 68, 31, 79, 101, 166, 167, 94, 21, 51, 7, 73, 145, 2, 124, 159, 61, 41, 142, 126, 144, 55, 168, 29, 11, 24, 0]]
True
train loader and exclude loader:  0
Original len train instances: 347788
train loader and exclude loader:  1
Original len train instances: 335496
train loader and exclude loader:  2
Original len train instances: 321058
train loader and exclude loader:  3
Original len train instances: 308131
train loader and exclude loader:  4
Original len train instances: 294718
Original len dev instances: 57198
Original len test instances: 98603
create basgMTL 4
False True
Epoch   1  Train Loss 0.4011 80.77%
Epoch   1:  Dev 0.5418189167976379
Epoch   1: Test 0.5637613534927368
patience: 0 / 5
Epoch   2  Train Loss 0.2269 81.45%
Epoch   2:  Dev 0.5695289373397827
Epoch   2: Test 0.5831952691078186
patience: 0 / 5
Epoch   3  Train Loss 0.1925 81.53%
Epoch   3:  Dev 0.5695167183876038
patience: 1 / 5
Epoch   4  Train Loss 0.1695 81.67%
Epoch   4:  Dev 0.58529132604599
Epoch   4: Test 0.5990424156188965
patience: 0 / 5
Epoch   5  Train Loss 0.1495 81.80%
Epoch   5:  Dev 0.5543003082275391
patience: 1 / 5
Epoch   6  Train Loss 0.1333 81.90%
Epoch   6:  Dev 0.5868287086486816
Epoch   6: Test 0.5990960597991943
patience: 0 / 5
Epoch   7  Train Loss 0.1207 82.00%
Epoch   7:  Dev 0.588003933429718
Epoch   7: Test 0.6019551157951355
patience: 0 / 5
Epoch   8  Train Loss 0.1083 82.13%
Epoch   8:  Dev 0.5954850912094116
Epoch   8: Test 0.6111506223678589
patience: 0 / 5
Epoch   9  Train Loss 0.0991 82.23%
Epoch   9:  Dev 0.5722411870956421
patience: 1 / 5
Epoch  10  Train Loss 0.0898 82.35%
Epoch  10:  Dev 0.5861595869064331
patience: 2 / 5
Epoch  11  Train Loss 0.0834 82.46%
Epoch  11:  Dev 0.5978503227233887
Epoch  11: Test 0.6071681380271912
patience: 0 / 5
Epoch  12  Train Loss 0.0775 82.55%
Epoch  12:  Dev 0.5907458662986755
patience: 1 / 5
Epoch  13  Train Loss 0.0723 82.62%
Epoch  13:  Dev 0.5873816013336182
patience: 2 / 5
Epoch  14  Train Loss 0.0688 82.68%
Epoch  14:  Dev 0.6004993915557861
Epoch  14: Test 0.6127679944038391
patience: 0 / 5
Epoch  15  Train Loss 0.0634 82.76%
Epoch  15:  Dev 0.5981308221817017
patience: 1 / 5
setting train exemplar for learned classes
torch.Size([600, 2048])
BEST DEV 0: 0.6004993915557861
BEST TEST 0: 0.6127679944038391
torch.Size([600, 2048])
Epoch   1  Train Loss 1.2911 83.09%
Epoch   1:  Dev 0.6045569777488708
Epoch   1: Test 0.6099486947059631
patience: 0 / 5
Epoch   2  Train Loss 1.2137 83.97%
Epoch   2:  Dev 0.5968485474586487
patience: 1 / 5
Epoch   3  Train Loss 1.1913 84.23%
Epoch   3:  Dev 0.6098592877388
Epoch   3: Test 0.6124139428138733
patience: 0 / 5
Epoch   4  Train Loss 1.1786 84.52%
Epoch   4:  Dev 0.608996570110321
patience: 1 / 5
Epoch   5  Train Loss 1.1692 84.73%
Epoch   5:  Dev 0.6126198768615723
Epoch   5: Test 0.620817244052887
patience: 0 / 5
Epoch   6  Train Loss 1.1624 84.95%
Epoch   6:  Dev 0.6074015498161316
patience: 1 / 5
Epoch   7  Train Loss 1.1568 85.10%
Epoch   7:  Dev 0.6083894371986389
patience: 2 / 5
Epoch   8  Train Loss 1.1523 85.28%
Epoch   8:  Dev 0.6205106377601624
Epoch   8: Test 0.6231203675270081
patience: 0 / 5
Epoch   9  Train Loss 1.1480 85.43%
Epoch   9:  Dev 0.6086782813072205
patience: 1 / 5
Epoch  10  Train Loss 1.1456 85.57%
Epoch  10:  Dev 0.61417156457901
patience: 2 / 5
Epoch  11  Train Loss 1.1425 85.69%
Epoch  11:  Dev 0.6237092018127441
Epoch  11: Test 0.6256373524665833
patience: 0 / 5
Epoch  12  Train Loss 1.1405 85.77%
Epoch  12:  Dev 0.6220455169677734
patience: 1 / 5
Epoch  13  Train Loss 1.1386 85.88%
Epoch  13:  Dev 0.6225664019584656
patience: 2 / 5
Epoch  14  Train Loss 1.1369 85.96%
Epoch  14:  Dev 0.6120513081550598
patience: 3 / 5
Epoch  15  Train Loss 1.1361 86.02%
Epoch  15:  Dev 0.6118852496147156
patience: 4 / 5
setting train exemplar for learned classes
torch.Size([1380, 2048])
BEST DEV 1: 0.6237092018127441
BEST TEST 1: 0.6256373524665833
torch.Size([1380, 2048])
Epoch   1  Train Loss 1.6782 85.72%
Epoch   1:  Dev 0.630291759967804
Epoch   1: Test 0.6323854923248291
patience: 0 / 5
Epoch   2  Train Loss 1.6426 86.87%
Epoch   2:  Dev 0.6287454962730408
patience: 1 / 5
Epoch   3  Train Loss 1.6342 87.09%
Epoch   3:  Dev 0.6269974708557129
patience: 2 / 5
Epoch   4  Train Loss 1.6280 87.26%
Epoch   4:  Dev 0.6322064995765686
Epoch   4: Test 0.6393488645553589
patience: 0 / 5
Epoch   5  Train Loss 1.6241 87.39%
Epoch   5:  Dev 0.6292582154273987
patience: 1 / 5
Epoch   6  Train Loss 1.6224 87.52%
Epoch   6:  Dev 0.6290402412414551
patience: 2 / 5
Epoch   7  Train Loss 1.6202 87.66%
Epoch   7:  Dev 0.6274976134300232
patience: 3 / 5
Epoch   8  Train Loss 1.6180 87.74%
Epoch   8:  Dev 0.6294007897377014
patience: 4 / 5
Epoch   9  Train Loss 1.6162 87.82%
Epoch   9:  Dev 0.6286291480064392
patience: 5 / 5
setting train exemplar for learned classes
torch.Size([2040, 2048])
BEST DEV 2: 0.6322064995765686
BEST TEST 2: 0.6393488645553589
torch.Size([2040, 2048])
Epoch   1  Train Loss 2.5023 87.38%
Epoch   1:  Dev 0.5958128571510315
Epoch   1: Test 0.6110177040100098
patience: 0 / 5
Epoch   2  Train Loss 2.4766 88.32%
Epoch   2:  Dev 0.6035835146903992
Epoch   2: Test 0.6165733933448792
patience: 0 / 5
Epoch   3  Train Loss 2.4683 88.59%
Epoch   3:  Dev 0.5975852608680725
patience: 1 / 5
Epoch   4  Train Loss 2.4640 88.75%
Epoch   4:  Dev 0.6004077792167664
patience: 2 / 5
Epoch   5  Train Loss 2.4605 88.89%
Epoch   5:  Dev 0.6076111197471619
Epoch   5: Test 0.6184443831443787
patience: 0 / 5
Epoch   6  Train Loss 2.4577 89.02%
Epoch   6:  Dev 0.6076082587242126
patience: 1 / 5
Epoch   7  Train Loss 2.4555 89.14%
Epoch   7:  Dev 0.6044934391975403
patience: 2 / 5
Epoch   8  Train Loss 2.4535 89.29%
Epoch   8:  Dev 0.6000000238418579
patience: 3 / 5
Epoch   9  Train Loss 2.4521 89.41%
Epoch   9:  Dev 0.5972470045089722
patience: 4 / 5
Epoch  10  Train Loss 2.4511 89.50%
Epoch  10:  Dev 0.6007496118545532
patience: 5 / 5
setting train exemplar for learned classes
torch.Size([2740, 2048])
BEST DEV 3: 0.6076111197471619
BEST TEST 3: 0.6184443831443787
torch.Size([2740, 2048])
Epoch   1  Train Loss 3.1597 89.90%
Epoch   1:  Dev 0.5899118781089783
Epoch   1: Test 0.6033228039741516
patience: 0 / 5
Epoch   2  Train Loss 3.1332 91.31%
Epoch   2:  Dev 0.5973970293998718
Epoch   2: Test 0.6053259968757629
patience: 0 / 5
Epoch   3  Train Loss 3.1262 91.55%
Epoch   3:  Dev 0.5999742746353149
Epoch   3: Test 0.6083391308784485
patience: 0 / 5
Epoch   4  Train Loss 3.1212 91.76%
Epoch   4:  Dev 0.597840428352356
patience: 1 / 5
Epoch   5  Train Loss 3.1190 91.93%
Epoch   5:  Dev 0.5996239185333252
patience: 2 / 5
Epoch   6  Train Loss 3.1166 92.06%
Epoch   6:  Dev 0.6023119688034058
Epoch   6: Test 0.6053957343101501
patience: 0 / 5
Epoch   7  Train Loss 3.1147 92.18%
Epoch   7:  Dev 0.6001877784729004
patience: 1 / 5
Epoch   8  Train Loss 3.1139 92.25%
Epoch   8:  Dev 0.6003893613815308
patience: 2 / 5
Epoch   9  Train Loss 3.1127 92.37%
Epoch   9:  Dev 0.602240264415741
patience: 3 / 5
Epoch  10  Train Loss 3.1112 92.48%
Epoch  10:  Dev 0.6004096269607544
patience: 4 / 5
Epoch  11  Train Loss 3.1101 92.59%
Epoch  11:  Dev 0.6033990383148193
Epoch  11: Test 0.604611873626709
patience: 0 / 5
Epoch  12  Train Loss 3.1102 92.64%
Epoch  12:  Dev 0.5983729362487793
patience: 1 / 5
Epoch  13  Train Loss 3.1086 92.72%
Epoch  13:  Dev 0.6052867770195007
Epoch  13: Test 0.601007878780365
patience: 0 / 5
Epoch  14  Train Loss 3.1081 92.79%
Epoch  14:  Dev 0.6031827926635742
patience: 1 / 5
Epoch  15  Train Loss 3.1074 92.85%
Epoch  15:  Dev 0.6032506227493286
patience: 2 / 5
setting train exemplar for learned classes
torch.Size([3360, 2048])
BEST DEV 4: 0.6052867770195007
BEST TEST 4: 0.601007878780365
