Dump name space
results/ace/NashMTL_woGMM_narate-20_cluster-8_gen-20/perm_0/options.json
Dump name space
results/ace/NashMTL_woGMM_narate-20_cluster-8_gen-20/perm_0/options.json
Dump name space
results/ace/NashMTL_woGMM_narate-20_cluster-8_gen-20/perm_0/options.json
Dump name space
results/ace/NashMTL_woGMM_narate-20_cluster-8_gen-20/perm_0/options.json
[[188, 199, 184, 194, 189, 190, 178, 186, 197, 0], [191, 187, 195, 171, 174, 179, 0], [201, 183, 193, 172, 175, 0], [200, 180, 173, 198, 177, 0], [196, 181, 182, 202, 185, 176, 170, 192, 0]]
False
train loader and exclude loader:  0
Original len train instances: 265115
train loader and exclude loader:  1
Original len train instances: 264531
train loader and exclude loader:  2
Original len train instances: 263692
train loader and exclude loader:  3
Original len train instances: 262358
train loader and exclude loader:  4
Original len train instances: 261639
Original len dev instances: 54053
Original len test instances: 93949
create basgMTL 4
False False
Epoch   1  Train Loss 0.1642 99.05%
Epoch   1:  Dev 0.39153435826301575
Epoch   1: Test 0.47191011905670166
patience: 0 / 6
Epoch   2  Train Loss 0.0511 99.49%
Epoch   2:  Dev 0.35928142070770264
patience: 1 / 6
Epoch   3  Train Loss 0.0354 99.55%
Epoch   3:  Dev 0.36329585313796997
patience: 2 / 6
Epoch   4  Train Loss 0.0241 99.62%
Epoch   4:  Dev 0.47792208194732666
Epoch   4: Test 0.5860806107521057
patience: 0 / 6
Epoch   5  Train Loss 0.0190 99.66%
Epoch   5:  Dev 0.4121779799461365
patience: 1 / 6
Epoch   6  Train Loss 0.0147 99.71%
Epoch   6:  Dev 0.44711536169052124
patience: 2 / 6
Epoch   7  Train Loss 0.0131 99.73%
Epoch   7:  Dev 0.494047611951828
Epoch   7: Test 0.6757990717887878
patience: 0 / 6
Epoch   8  Train Loss 0.0109 99.77%
Epoch   8:  Dev 0.4985337555408478
Epoch   8: Test 0.643478274345398
patience: 0 / 6
Epoch   9  Train Loss 0.0102 99.79%
Epoch   9:  Dev 0.4309926927089691
patience: 1 / 6
Epoch  10  Train Loss 0.0095 99.81%
Epoch  10:  Dev 0.46900272369384766
patience: 2 / 6
Epoch  11  Train Loss 0.0089 99.82%
Epoch  11:  Dev 0.4836956858634949
patience: 3 / 6
Epoch  12  Train Loss 0.0082 99.85%
Epoch  12:  Dev 0.42891567945480347
patience: 4 / 6
Epoch  13  Train Loss 0.0074 99.85%
Epoch  13:  Dev 0.46027401089668274
patience: 5 / 6
Epoch  14  Train Loss 0.0068 99.87%
Epoch  14:  Dev 0.4751381278038025
patience: 6 / 6
setting train exemplar for learned classes
torch.Size([180, 2048])
BEST DEV 0: 0.4985337555408478
BEST TEST 0: 0.643478274345398
torch.Size([180, 2048])
Epoch   1  Train Loss 3.3153 98.56%
Epoch   1:  Dev 0.47999998927116394
Epoch   1: Test 0.5878489017486572
patience: 0 / 6
Epoch   2  Train Loss 3.2136 99.45%
Epoch   2:  Dev 0.46640315651893616
patience: 1 / 6
Epoch   3  Train Loss 3.1919 99.51%
Epoch   3:  Dev 0.5054945349693298
Epoch   3: Test 0.5953177213668823
patience: 0 / 6
Epoch   4  Train Loss 3.1830 99.55%
Epoch   4:  Dev 0.5190156102180481
Epoch   4: Test 0.6095890402793884
patience: 0 / 6
Epoch   5  Train Loss 3.1750 99.60%
Epoch   5:  Dev 0.5054945349693298
patience: 1 / 6
Epoch   6  Train Loss 3.1715 99.62%
Epoch   6:  Dev 0.5239179730415344
Epoch   6: Test 0.6355475783348083
patience: 0 / 6
Epoch   7  Train Loss 3.1653 99.67%
Epoch   7:  Dev 0.512471616268158
patience: 1 / 6
Epoch   8  Train Loss 3.1564 99.71%
Epoch   8:  Dev 0.5219399929046631
patience: 2 / 6
Epoch   9  Train Loss 3.1585 99.73%
Epoch   9:  Dev 0.5065502524375916
patience: 3 / 6
Epoch  10  Train Loss 3.1560 99.75%
Epoch  10:  Dev 0.5123595595359802
patience: 4 / 6
Epoch  11  Train Loss 3.1520 99.78%
Epoch  11:  Dev 0.533957839012146
Epoch  11: Test 0.6428571343421936
patience: 0 / 6
Epoch  12  Train Loss 3.1463 99.81%
Epoch  12:  Dev 0.533957839012146
patience: 1 / 6
Epoch  13  Train Loss 3.1521 99.81%
Epoch  13:  Dev 0.5402843356132507
Epoch  13: Test 0.6461538672447205
patience: 0 / 6
Epoch  14  Train Loss 3.1484 99.82%
Epoch  14:  Dev 0.5268065333366394
patience: 1 / 6
Epoch  15  Train Loss 3.1410 99.83%
Epoch  15:  Dev 0.537530243396759
patience: 2 / 6
Epoch  16  Train Loss 3.1429 99.83%
Epoch  16:  Dev 0.5432098507881165
Epoch  16: Test 0.6519114375114441
patience: 0 / 6
Epoch  17  Train Loss 3.1487 99.85%
Epoch  17:  Dev 0.5373831987380981
patience: 1 / 6
Epoch  18  Train Loss 3.1458 99.86%
Epoch  18:  Dev 0.5541561841964722
Epoch  18: Test 0.6706586480140686
patience: 0 / 6
Epoch  19  Train Loss 3.1441 99.86%
Epoch  19:  Dev 0.525581419467926
patience: 1 / 6
Epoch  20  Train Loss 3.1454 99.87%
Epoch  20:  Dev 0.5268065333366394
patience: 2 / 6
Epoch  21  Train Loss 3.1466 99.88%
Epoch  21:  Dev 0.5485437512397766
patience: 3 / 6
Epoch  22  Train Loss 3.1434 99.87%
Epoch  22:  Dev 0.5239179730415344
patience: 4 / 6
Epoch  23  Train Loss 3.1423 99.87%
Epoch  23:  Dev 0.5371702909469604
patience: 5 / 6
Epoch  24  Train Loss 3.1415 99.87%
Epoch  24:  Dev 0.5628140568733215
Epoch  24: Test 0.6571428775787354
patience: 0 / 6
Epoch  25  Train Loss 3.1422 99.88%
Epoch  25:  Dev 0.5278450846672058
patience: 1 / 6
Epoch  26  Train Loss 3.1441 99.89%
Epoch  26:  Dev 0.5397590398788452
patience: 2 / 6
Epoch  27  Train Loss 3.1363 99.89%
Epoch  27:  Dev 0.5642317533493042
Epoch  27: Test 0.6573145985603333
patience: 0 / 6
Epoch  28  Train Loss 3.1340 99.90%
Epoch  28:  Dev 0.5459057092666626
patience: 1 / 6
Epoch  29  Train Loss 3.1388 99.88%
Epoch  29:  Dev 0.5432692170143127
patience: 2 / 6
Epoch  30  Train Loss 3.1386 99.89%
Epoch  30:  Dev 0.5463414788246155
patience: 3 / 6
setting train exemplar for learned classes
torch.Size([300, 2048])
BEST DEV 1: 0.5642317533493042
BEST TEST 1: 0.6573145985603333
torch.Size([300, 2048])
Epoch   1  Train Loss 2.7215 96.47%
Epoch   1:  Dev 0.6181818842887878
Epoch   1: Test 0.6940231919288635
patience: 0 / 6
Epoch   2  Train Loss 2.4424 99.38%
Epoch   2:  Dev 0.5675675272941589
patience: 1 / 6
Epoch   3  Train Loss 2.4288 99.48%
Epoch   3:  Dev 0.5691275000572205
patience: 2 / 6
Epoch   4  Train Loss 2.4211 99.56%
Epoch   4:  Dev 0.6205881834030151
Epoch   4: Test 0.694372296333313
patience: 0 / 6
Epoch   5  Train Loss 2.4130 99.63%
Epoch   5:  Dev 0.5909091234207153
patience: 1 / 6
Epoch   6  Train Loss 2.4097 99.71%
Epoch   6:  Dev 0.6156156063079834
patience: 2 / 6
Epoch   7  Train Loss 2.4073 99.72%
Epoch   7:  Dev 0.6037735939025879
patience: 3 / 6
Epoch   8  Train Loss 2.4078 99.76%
Epoch   8:  Dev 0.6367852091789246
Epoch   8: Test 0.6967285871505737
patience: 0 / 6
Epoch   9  Train Loss 2.4052 99.78%
Epoch   9:  Dev 0.6333853006362915
patience: 1 / 6
Epoch  10  Train Loss 2.4057 99.81%
Epoch  10:  Dev 0.6413902640342712
Epoch  10: Test 0.7063129544258118
patience: 0 / 6
Epoch  11  Train Loss 2.4031 99.81%
Epoch  11:  Dev 0.6231002807617188
patience: 1 / 6
Epoch  12  Train Loss 2.4047 99.83%
Epoch  12:  Dev 0.6555740833282471
Epoch  12: Test 0.7327502965927124
patience: 0 / 6
Epoch  13  Train Loss 2.4005 99.84%
Epoch  13:  Dev 0.6495177149772644
patience: 1 / 6
Epoch  14  Train Loss 2.4015 99.86%
Epoch  14:  Dev 0.6366559863090515
patience: 2 / 6
Epoch  15  Train Loss 2.3986 99.86%
Epoch  15:  Dev 0.6277602314949036
patience: 3 / 6
Epoch  16  Train Loss 2.3989 99.87%
Epoch  16:  Dev 0.6409017443656921
patience: 4 / 6
Epoch  17  Train Loss 2.4001 99.86%
Epoch  17:  Dev 0.6228482127189636
patience: 5 / 6
Epoch  18  Train Loss 2.4004 99.88%
Epoch  18:  Dev 0.6263911128044128
patience: 6 / 6
setting train exemplar for learned classes
torch.Size([400, 2048])
BEST DEV 2: 0.6555740833282471
BEST TEST 2: 0.7327502965927124
torch.Size([400, 2048])
Epoch   1  Train Loss 2.7596 96.95%
Epoch   1:  Dev 0.5920000076293945
Epoch   1: Test 0.6294416189193726
patience: 0 / 6
Epoch   2  Train Loss 2.5451 99.39%
Epoch   2:  Dev 0.5771812200546265
patience: 1 / 6
Epoch   3  Train Loss 2.5281 99.50%
Epoch   3:  Dev 0.5608938932418823
patience: 2 / 6
Epoch   4  Train Loss 2.5209 99.57%
Epoch   4:  Dev 0.5974026322364807
Epoch   4: Test 0.5925384163856506
patience: 0 / 6
Epoch   5  Train Loss 2.5096 99.66%
Epoch   5:  Dev 0.623115599155426
Epoch   5: Test 0.6575342416763306
patience: 0 / 6
Epoch   6  Train Loss 2.5067 99.71%
Epoch   6:  Dev 0.643044650554657
Epoch   6: Test 0.6481632590293884
patience: 0 / 6
Epoch   7  Train Loss 2.5030 99.75%
Epoch   7:  Dev 0.6040100455284119
patience: 1 / 6
Epoch   8  Train Loss 2.5012 99.79%
Epoch   8:  Dev 0.6310299634933472
patience: 2 / 6
Epoch   9  Train Loss 2.5000 99.82%
Epoch   9:  Dev 0.6091370582580566
patience: 3 / 6
Epoch  10  Train Loss 2.4987 99.83%
Epoch  10:  Dev 0.6025641560554504
patience: 4 / 6
Epoch  11  Train Loss 2.4963 99.86%
Epoch  11:  Dev 0.6020671725273132
patience: 5 / 6
Epoch  12  Train Loss 2.4951 99.87%
Epoch  12:  Dev 0.5994898080825806
patience: 6 / 6
setting train exemplar for learned classes
torch.Size([500, 2048])
BEST DEV 3: 0.643044650554657
BEST TEST 3: 0.6481632590293884
torch.Size([500, 2048])
Epoch   1  Train Loss 3.2333 97.46%
Epoch   1:  Dev 0.6243603229522705
Epoch   1: Test 0.6096605658531189
patience: 0 / 6
Epoch   2  Train Loss 3.0608 99.53%
Epoch   2:  Dev 0.6300211548805237
Epoch   2: Test 0.618083655834198
patience: 0 / 6
Epoch   3  Train Loss 3.0417 99.59%
Epoch   3:  Dev 0.6187500357627869
patience: 1 / 6
Epoch   4  Train Loss 3.0265 99.65%
Epoch   4:  Dev 0.634361207485199
Epoch   4: Test 0.5888888239860535
patience: 0 / 6
Epoch   5  Train Loss 3.0133 99.72%
Epoch   5:  Dev 0.6203904151916504
patience: 1 / 6
Epoch   6  Train Loss 3.0094 99.76%
Epoch   6:  Dev 0.6441441774368286
Epoch   6: Test 0.5929018259048462
patience: 0 / 6
Epoch   7  Train Loss 3.0027 99.79%
Epoch   7:  Dev 0.6209149956703186
patience: 1 / 6
Epoch   8  Train Loss 3.0017 99.81%
Epoch   8:  Dev 0.6254458427429199
patience: 2 / 6
Epoch   9  Train Loss 3.0005 99.83%
Epoch   9:  Dev 0.6347032189369202
patience: 3 / 6
Epoch  10  Train Loss 2.9985 99.84%
Epoch  10:  Dev 0.6310904622077942
patience: 4 / 6
Epoch  11  Train Loss 2.9956 99.86%
Epoch  11:  Dev 0.6441073417663574
patience: 5 / 6
Epoch  12  Train Loss 2.9947 99.87%
Epoch  12:  Dev 0.6377491354942322
patience: 6 / 6
setting train exemplar for learned classes
torch.Size([660, 2048])
BEST DEV 4: 0.6441441774368286
BEST TEST 4: 0.5929018259048462
