Dump name space
results/ace/FairGrad_mi_narate-40_cluster-4_gen-10/perm_1/options.json
Dump name space
results/ace/FairGrad_mi_narate-40_cluster-4_gen-10/perm_1/options.json
Dump name space
results/ace/FairGrad_mi_narate-40_cluster-4_gen-10/perm_1/options.json
Dump name space
results/ace/FairGrad_mi_narate-40_cluster-4_gen-10/perm_1/options.json
[[196, 181, 182, 202, 185, 176, 170, 192, 0], [200, 180, 173, 198, 177, 0], [201, 183, 193, 172, 175, 0], [191, 187, 195, 171, 174, 179, 0], [188, 199, 184, 194, 189, 190, 178, 186, 197, 0]]
False
train loader and exclude loader:  0
Original len train instances: 265115
train loader and exclude loader:  1
Original len train instances: 264503
train loader and exclude loader:  2
Original len train instances: 263784
train loader and exclude loader:  3
Original len train instances: 262450
train loader and exclude loader:  4
Original len train instances: 261611
Original len dev instances: 54053
Original len test instances: 93949
create basgMTL 4
False True
Epoch   1  Train Loss 1.2380 99.21%
Epoch   1:  Dev 0.41584157943725586
Epoch   1: Test 0.4303797781467438
patience: 0 / 6
Epoch   2  Train Loss 1.1460 99.57%
Epoch   2:  Dev 0.4377104341983795
Epoch   2: Test 0.44393593072891235
patience: 0 / 6
Epoch   3  Train Loss 1.1371 99.58%
Epoch   3:  Dev 0.5585585236549377
Epoch   3: Test 0.5080214142799377
patience: 0 / 6
Epoch   4  Train Loss 1.1307 99.65%
Epoch   4:  Dev 0.5876288414001465
Epoch   4: Test 0.5146198868751526
patience: 0 / 6
Epoch   5  Train Loss 1.1268 99.70%
Epoch   5:  Dev 0.4776119589805603
patience: 1 / 6
Epoch   6  Train Loss 1.1229 99.75%
Epoch   6:  Dev 0.5837838053703308
patience: 2 / 6
Epoch   7  Train Loss 1.1209 99.78%
Epoch   7:  Dev 0.6051282286643982
Epoch   7: Test 0.4970059394836426
patience: 0 / 6
Epoch   8  Train Loss 1.1188 99.80%
Epoch   8:  Dev 0.5527638792991638
patience: 1 / 6
Epoch   9  Train Loss 1.1183 99.81%
Epoch   9:  Dev 0.6124401688575745
Epoch   9: Test 0.4657534062862396
patience: 0 / 6
Epoch  10  Train Loss 1.1161 99.86%
Epoch  10:  Dev 0.577114462852478
patience: 1 / 6
Epoch  11  Train Loss 1.1152 99.87%
Epoch  11:  Dev 0.6321839094161987
Epoch  11: Test 0.44728437066078186
patience: 0 / 6
Epoch  12  Train Loss 1.1148 99.88%
Epoch  12:  Dev 0.6279069781303406
patience: 1 / 6
Epoch  13  Train Loss 1.1141 99.90%
Epoch  13:  Dev 0.612021803855896
patience: 2 / 6
Epoch  14  Train Loss 1.1140 99.89%
Epoch  14:  Dev 0.5236051082611084
patience: 3 / 6
Epoch  15  Train Loss 1.1130 99.92%
Epoch  15:  Dev 0.6455696225166321
Epoch  15: Test 0.45517241954803467
patience: 0 / 6
Epoch  16  Train Loss 1.1128 99.93%
Epoch  16:  Dev 0.6081081628799438
patience: 1 / 6
Epoch  17  Train Loss 1.1130 99.91%
Epoch  17:  Dev 0.6111111640930176
patience: 2 / 6
Epoch  18  Train Loss 1.1125 99.93%
Epoch  18:  Dev 0.6404494643211365
patience: 3 / 6
Epoch  19  Train Loss 1.1118 99.94%
Epoch  19:  Dev 0.5649717450141907
patience: 4 / 6
Epoch  20  Train Loss 1.1120 99.94%
Epoch  20:  Dev 0.5608465671539307
patience: 5 / 6
Epoch  21  Train Loss 1.1116 99.95%
Epoch  21:  Dev 0.5812807083129883
patience: 6 / 6
setting train exemplar for learned classes
torch.Size([160, 2048])
BEST DEV 0: 0.6455696225166321
BEST TEST 0: 0.45517241954803467
torch.Size([160, 2048])
Epoch   1  Train Loss 17.5708 98.54%
Epoch   1:  Dev 0.5668789744377136
Epoch   1: Test 0.4618395268917084
patience: 0 / 6
Epoch   2  Train Loss 29.0413 99.63%
Epoch   2:  Dev 0.5811519026756287
Epoch   2: Test 0.4943089783191681
patience: 0 / 6
Epoch   3  Train Loss 93.9695 99.68%
Epoch   3:  Dev 0.6066066026687622
Epoch   3: Test 0.5098813772201538
patience: 0 / 6
Epoch   4  Train Loss 118.4694 99.71%
Epoch   4:  Dev 0.6222222447395325
Epoch   4: Test 0.512241005897522
patience: 0 / 6
Epoch   5  Train Loss 143.7322 99.75%
Epoch   5:  Dev 0.6075268983840942
patience: 1 / 6
Epoch   6  Train Loss 220.6294 99.77%
Epoch   6:  Dev 0.6191951036453247
patience: 2 / 6
Epoch   7  Train Loss 307.6976 99.80%
Epoch   7:  Dev 0.6306817531585693
Epoch   7: Test 0.5
patience: 0 / 6
Epoch   8  Train Loss 456.8369 99.82%
Epoch   8:  Dev 0.6079545021057129
patience: 1 / 6
Epoch   9  Train Loss 405.8246 99.84%
Epoch   9:  Dev 0.6208791136741638
patience: 2 / 6
Epoch  10  Train Loss 505.5896 99.85%
Epoch  10:  Dev 0.6212534308433533
patience: 3 / 6
Epoch  11  Train Loss 613.7358 99.87%
Epoch  11:  Dev 0.5932203531265259
patience: 4 / 6
Epoch  12  Train Loss 831.3047 99.88%
Epoch  12:  Dev 0.6054053902626038
patience: 5 / 6
Epoch  13  Train Loss 929.4822 99.90%
Epoch  13:  Dev 0.625
patience: 6 / 6
setting train exemplar for learned classes
torch.Size([260, 2048])
BEST DEV 1: 0.6306817531585693
BEST TEST 1: 0.5
torch.Size([260, 2048])
Epoch   1  Train Loss 15.1827 97.32%
Epoch   1:  Dev 0.6666666269302368
Epoch   1: Test 0.6377879977226257
patience: 0 / 6
Epoch   2  Train Loss 25.9651 99.55%
Epoch   2:  Dev 0.6565657258033752
patience: 1 / 6
Epoch   3  Train Loss 30.9206 99.60%
Epoch   3:  Dev 0.6736474633216858
Epoch   3: Test 0.6394686698913574
patience: 0 / 6
Epoch   4  Train Loss 39.8683 99.65%
Epoch   4:  Dev 0.6747825741767883
Epoch   4: Test 0.6464454531669617
patience: 0 / 6
Epoch   5  Train Loss 55.7193 99.68%
Epoch   5:  Dev 0.6767169237136841
Epoch   5: Test 0.6402163505554199
patience: 0 / 6
Epoch   6  Train Loss 75.5181 99.70%
Epoch   6:  Dev 0.680272102355957
Epoch   6: Test 0.6408125758171082
patience: 0 / 6
Epoch   7  Train Loss 90.6864 99.73%
Epoch   7:  Dev 0.6537216305732727
patience: 1 / 6
Epoch   8  Train Loss 98.0561 99.74%
Epoch   8:  Dev 0.6747405529022217
patience: 2 / 6
Epoch   9  Train Loss 119.9565 99.75%
Epoch   9:  Dev 0.6598639488220215
patience: 3 / 6
Epoch  10  Train Loss 113.6799 99.76%
Epoch  10:  Dev 0.6678321957588196
patience: 4 / 6
Epoch  11  Train Loss 169.5915 99.79%
Epoch  11:  Dev 0.674911618232727
patience: 5 / 6
Epoch  12  Train Loss 184.0266 99.80%
Epoch  12:  Dev 0.6619718670845032
patience: 6 / 6
setting train exemplar for learned classes
torch.Size([360, 2048])
BEST DEV 2: 0.680272102355957
BEST TEST 2: 0.6408125758171082
torch.Size([360, 2048])
Epoch   1  Train Loss 21.6715 97.78%
Epoch   1:  Dev 0.6635070443153381
Epoch   1: Test 0.6552794575691223
patience: 0 / 6
Epoch   2  Train Loss 37.4395 99.67%
Epoch   2:  Dev 0.6447574496269226
patience: 1 / 6
Epoch   3  Train Loss 56.0732 99.70%
Epoch   3:  Dev 0.6533128023147583
patience: 2 / 6
Epoch   4  Train Loss 75.4860 99.72%
Epoch   4:  Dev 0.6382306814193726
patience: 3 / 6
Epoch   5  Train Loss 100.2221 99.75%
Epoch   5:  Dev 0.640502393245697
patience: 4 / 6
Epoch   6  Train Loss 121.0406 99.76%
Epoch   6:  Dev 0.650231122970581
patience: 5 / 6
Epoch   7  Train Loss 140.3633 99.78%
Epoch   7:  Dev 0.6529318690299988
patience: 6 / 6
setting train exemplar for learned classes
torch.Size([480, 2048])
BEST DEV 3: 0.6635070443153381
BEST TEST 3: 0.6552794575691223
torch.Size([480, 2048])
Epoch   1  Train Loss 17.2309 96.90%
Epoch   1:  Dev 0.572038471698761
Epoch   1: Test 0.631369948387146
patience: 0 / 6
Epoch   2  Train Loss 25.5343 99.64%
Epoch   2:  Dev 0.6049661636352539
Epoch   2: Test 0.6384976506233215
patience: 0 / 6
Epoch   3  Train Loss 34.9694 99.69%
Epoch   3:  Dev 0.6270396113395691
Epoch   3: Test 0.640387237071991
patience: 0 / 6
Epoch   4  Train Loss 40.9817 99.73%
Epoch   4:  Dev 0.6136363744735718
patience: 1 / 6
Epoch   5  Train Loss 44.6994 99.74%
Epoch   5:  Dev 0.6173120737075806
patience: 2 / 6
Epoch   6  Train Loss 54.3968 99.76%
Epoch   6:  Dev 0.6342015862464905
Epoch   6: Test 0.6531184315681458
patience: 0 / 6
Epoch   7  Train Loss 64.2156 99.77%
Epoch   7:  Dev 0.6374133825302124
Epoch   7: Test 0.6483050584793091
patience: 0 / 6
Epoch   8  Train Loss 64.4115 99.80%
Epoch   8:  Dev 0.6386946439743042
Epoch   8: Test 0.6412103772163391
patience: 0 / 6
Epoch   9  Train Loss 76.3812 99.81%
Epoch   9:  Dev 0.6301369667053223
patience: 1 / 6
Epoch  10  Train Loss 85.8482 99.82%
Epoch  10:  Dev 0.6241758465766907
patience: 2 / 6
Epoch  11  Train Loss 92.5363 99.82%
Epoch  11:  Dev 0.6232044696807861
patience: 3 / 6
Epoch  12  Train Loss 96.0245 99.83%
Epoch  12:  Dev 0.6248648166656494
patience: 4 / 6
Epoch  13  Train Loss 105.6651 99.85%
Epoch  13:  Dev 0.6193119287490845
patience: 5 / 6
Epoch  14  Train Loss 115.7827 99.86%
Epoch  14:  Dev 0.6034858226776123
patience: 6 / 6
setting train exemplar for learned classes
torch.Size([660, 2048])
BEST DEV 4: 0.6386946439743042
BEST TEST 4: 0.6412103772163391
