Dump name space
results/maven/FairGrad_woLMH_narate-4_cluster-4_gen-20/perm_2/options.json
Dump name space
results/maven/FairGrad_woLMH_narate-4_cluster-4_gen-20/perm_2/options.json
Dump name space
results/maven/FairGrad_woLMH_narate-4_cluster-4_gen-20/perm_2/options.json
Dump name space
results/maven/FairGrad_woLMH_narate-4_cluster-4_gen-20/perm_2/options.json
Dump name space
results/maven/FairGrad_woLMH_narate-4_cluster-4_gen-20/perm_2/options.json
[[134, 99, 105, 91, 52, 19, 135, 122, 127, 102, 108, 104, 110, 38, 118, 121, 160, 26, 34, 33, 158, 130, 165, 86, 149, 146, 164, 4, 131, 75, 90, 10, 32, 0], [157, 18, 114, 92, 67, 153, 80, 115, 78, 154, 27, 5, 69, 117, 44, 83, 155, 40, 45, 139, 137, 14, 138, 119, 74, 150, 59, 54, 28, 9, 140, 37, 107, 76, 47, 0], [46, 36, 17, 13, 12, 20, 25, 49, 169, 148, 87, 56, 95, 81, 58, 57, 161, 64, 163, 82, 43, 125, 35, 96, 156, 100, 66, 30, 50, 120, 0], [151, 16, 3, 70, 106, 141, 68, 31, 79, 101, 166, 167, 94, 21, 51, 7, 73, 145, 2, 124, 159, 61, 41, 142, 126, 144, 55, 168, 29, 11, 24, 0], [147, 48, 84, 39, 53, 23, 109, 22, 77, 62, 93, 143, 89, 8, 71, 85, 63, 97, 65, 103, 113, 112, 123, 152, 88, 98, 72, 42, 60, 133, 128, 116, 15, 111, 136, 162, 129, 132, 6, 0]]
True
train loader and exclude loader:  0
Original len train instances: 347788
train loader and exclude loader:  1
Original len train instances: 334861
train loader and exclude loader:  2
Original len train instances: 321448
train loader and exclude loader:  3
Original len train instances: 309156
train loader and exclude loader:  4
Original len train instances: 294589
Original len dev instances: 57198
Original len test instances: 98603
create basgMTL 4
False True
Epoch   1  Train Loss 0.3853 80.78%
Epoch   1:  Dev 0.6080241799354553
Epoch   1: Test 0.6308095455169678
patience: 0 / 5
Epoch   2  Train Loss 0.2055 81.86%
Epoch   2:  Dev 0.6095545887947083
Epoch   2: Test 0.6336490511894226
patience: 0 / 5
Epoch   3  Train Loss 0.1732 81.97%
Epoch   3:  Dev 0.6266592144966125
Epoch   3: Test 0.6463375687599182
patience: 0 / 5
Epoch   4  Train Loss 0.1514 82.04%
Epoch   4:  Dev 0.6452991366386414
Epoch   4: Test 0.6662971377372742
patience: 0 / 5
Epoch   5  Train Loss 0.1326 82.18%
Epoch   5:  Dev 0.6470024585723877
Epoch   5: Test 0.66022789478302
patience: 0 / 5
Epoch   6  Train Loss 0.1186 82.26%
Epoch   6:  Dev 0.6287934184074402
patience: 1 / 5
Epoch   7  Train Loss 0.1052 82.38%
Epoch   7:  Dev 0.6383059620857239
patience: 2 / 5
Epoch   8  Train Loss 0.0941 82.50%
Epoch   8:  Dev 0.6360729336738586
patience: 3 / 5
Epoch   9  Train Loss 0.0858 82.58%
Epoch   9:  Dev 0.6438382863998413
patience: 4 / 5
Epoch  10  Train Loss 0.0782 82.68%
Epoch  10:  Dev 0.6362608671188354
patience: 5 / 5
setting train exemplar for learned classes
torch.Size([660, 2048])
BEST DEV 0: 0.6470024585723877
BEST TEST 0: 0.66022789478302
torch.Size([660, 2048])
Epoch   1  Train Loss 5.7179 82.48%
Epoch   1:  Dev 0.32398754358291626
Epoch   1: Test 0.3269757330417633
patience: 0 / 5
Epoch   2  Train Loss 4.2445 85.22%
Epoch   2:  Dev 0.37814223766326904
Epoch   2: Test 0.38327276706695557
patience: 0 / 5
Epoch   3  Train Loss 5.3072 87.31%
Epoch   3:  Dev 0.40974828600883484
Epoch   3: Test 0.415540874004364
patience: 0 / 5
Epoch   4  Train Loss 6.4074 88.66%
Epoch   4:  Dev 0.4411740005016327
Epoch   4: Test 0.44850027561187744
patience: 0 / 5
Epoch   5  Train Loss 8.0558 89.81%
Epoch   5:  Dev 0.4685596227645874
Epoch   5: Test 0.4754668176174164
patience: 0 / 5
Epoch   6  Train Loss 9.8478 90.56%
Epoch   6:  Dev 0.4845626652240753
Epoch   6: Test 0.4955028295516968
patience: 0 / 5
Epoch   7  Train Loss 12.1034 91.26%
Epoch   7:  Dev 0.4970943033695221
Epoch   7: Test 0.5113455057144165
patience: 0 / 5
Epoch   8  Train Loss 14.1717 91.78%
Epoch   8:  Dev 0.5175661444664001
Epoch   8: Test 0.5320047736167908
patience: 0 / 5
Epoch   9  Train Loss 16.9810 92.26%
Epoch   9:  Dev 0.5300676226615906
Epoch   9: Test 0.5445225834846497
patience: 0 / 5
Epoch  10  Train Loss 18.7283 92.64%
Epoch  10:  Dev 0.5368549227714539
Epoch  10: Test 0.5588488578796387
patience: 0 / 5
Epoch  11  Train Loss 20.8318 93.11%
Epoch  11:  Dev 0.5589793920516968
Epoch  11: Test 0.5814833641052246
patience: 0 / 5
Epoch  12  Train Loss 22.7998 93.42%
Epoch  12:  Dev 0.5524808764457703
patience: 1 / 5
Epoch  13  Train Loss 24.7138 93.57%
Epoch  13:  Dev 0.567879319190979
Epoch  13: Test 0.5871756672859192
patience: 0 / 5
Epoch  14  Train Loss 27.5843 93.75%
Epoch  14:  Dev 0.5702334642410278
Epoch  14: Test 0.5935179591178894
patience: 0 / 5
Epoch  15  Train Loss 29.8635 93.85%
Epoch  15:  Dev 0.570816695690155
Epoch  15: Test 0.5951164364814758
patience: 0 / 5
setting train exemplar for learned classes
torch.Size([1360, 2048])
BEST DEV 1: 0.570816695690155
BEST TEST 1: 0.5951164364814758
torch.Size([1360, 2048])
Epoch   1  Train Loss 6.6085 84.58%
Epoch   1:  Dev 0.33622124791145325
Epoch   1: Test 0.3511125147342682
patience: 0 / 5
Epoch   2  Train Loss 3.5732 77.50%
Epoch   2:  Dev 0.3641316890716553
Epoch   2: Test 0.38105443120002747
patience: 0 / 5
Epoch   3  Train Loss 4.0945 80.35%
Epoch   3:  Dev 0.4126240909099579
Epoch   3: Test 0.4276497960090637
patience: 0 / 5
Epoch   4  Train Loss 4.7740 82.57%
Epoch   4:  Dev 0.44654497504234314
Epoch   4: Test 0.4636179208755493
patience: 0 / 5
Epoch   5  Train Loss 5.3595 83.91%
Epoch   5:  Dev 0.4584234654903412
Epoch   5: Test 0.47245195508003235
patience: 0 / 5
Epoch   6  Train Loss 5.8533 85.20%
Epoch   6:  Dev 0.4724799394607544
Epoch   6: Test 0.48904940485954285
patience: 0 / 5
Epoch   7  Train Loss 6.5950 86.43%
Epoch   7:  Dev 0.48306891322135925
Epoch   7: Test 0.5009633898735046
patience: 0 / 5
Epoch   8  Train Loss 7.3283 87.29%
Epoch   8:  Dev 0.5036299228668213
Epoch   8: Test 0.5231606364250183
patience: 0 / 5
Epoch   9  Train Loss 8.1656 87.96%
Epoch   9:  Dev 0.5109727382659912
Epoch   9: Test 0.5298109650611877
patience: 0 / 5
Epoch  10  Train Loss 9.2045 88.64%
Epoch  10:  Dev 0.522724449634552
Epoch  10: Test 0.5391716361045837
patience: 0 / 5
Epoch  11  Train Loss 10.2237 89.17%
Epoch  11:  Dev 0.5373466610908508
Epoch  11: Test 0.5539416670799255
patience: 0 / 5
Epoch  12  Train Loss 11.4036 89.67%
Epoch  12:  Dev 0.5374256372451782
Epoch  12: Test 0.5524917244911194
patience: 0 / 5
Epoch  13  Train Loss 12.3374 90.17%
Epoch  13:  Dev 0.5473670363426208
Epoch  13: Test 0.5659316182136536
patience: 0 / 5
Epoch  14  Train Loss 13.6142 90.56%
Epoch  14:  Dev 0.5556837320327759
Epoch  14: Test 0.571670413017273
patience: 0 / 5
Epoch  15  Train Loss 14.7188 90.93%
Epoch  15:  Dev 0.5626096725463867
Epoch  15: Test 0.5775878429412842
patience: 0 / 5
setting train exemplar for learned classes
torch.Size([1960, 2048])
BEST DEV 2: 0.5626096725463867
BEST TEST 2: 0.5775878429412842
torch.Size([1960, 2048])
Epoch   1  Train Loss 9.3577 81.63%
Epoch   1:  Dev 0.4030095040798187
Epoch   1: Test 0.4133278429508209
patience: 0 / 5
Epoch   2  Train Loss 8.1728 78.77%
Epoch   2:  Dev 0.4461806118488312
Epoch   2: Test 0.45760777592658997
patience: 0 / 5
Epoch   3  Train Loss 9.1902 81.31%
Epoch   3:  Dev 0.4631023108959198
Epoch   3: Test 0.47526994347572327
patience: 0 / 5
Epoch   4  Train Loss 10.5472 83.03%
Epoch   4:  Dev 0.4705413281917572
Epoch   4: Test 0.48141932487487793
patience: 0 / 5
Epoch   5  Train Loss 12.1567 84.26%
Epoch   5:  Dev 0.4873690605163574
Epoch   5: Test 0.4976809620857239
patience: 0 / 5
Epoch   6  Train Loss 13.1725 85.20%
Epoch   6:  Dev 0.506392240524292
Epoch   6: Test 0.5163769125938416
patience: 0 / 5
Epoch   7  Train Loss 14.4980 86.06%
Epoch   7:  Dev 0.5160567164421082
Epoch   7: Test 0.5263330340385437
patience: 0 / 5
Epoch   8  Train Loss 15.4110 86.86%
Epoch   8:  Dev 0.5405667424201965
Epoch   8: Test 0.5516186356544495
patience: 0 / 5
Epoch   9  Train Loss 17.6413 88.26%
Epoch   9:  Dev 0.5461777448654175
Epoch   9: Test 0.5557751655578613
patience: 0 / 5
Epoch  10  Train Loss 19.7121 88.69%
Epoch  10:  Dev 0.5532292723655701
Epoch  10: Test 0.5621267557144165
patience: 0 / 5
Epoch  11  Train Loss 21.6190 89.03%
Epoch  11:  Dev 0.5608313679695129
Epoch  11: Test 0.568490207195282
patience: 0 / 5
Epoch  12  Train Loss 23.8280 89.35%
Epoch  12:  Dev 0.5636013746261597
Epoch  12: Test 0.5702531933784485
patience: 0 / 5
Epoch  13  Train Loss 26.2715 89.68%
Epoch  13:  Dev 0.5639055967330933
Epoch  13: Test 0.5731636881828308
patience: 0 / 5
Epoch  14  Train Loss 28.7676 89.87%
Epoch  14:  Dev 0.570375919342041
Epoch  14: Test 0.5761326551437378
patience: 0 / 5
Epoch  15  Train Loss 31.0250 90.04%
Epoch  15:  Dev 0.5654016733169556
patience: 1 / 5
setting train exemplar for learned classes
torch.Size([2580, 2048])
BEST DEV 3: 0.570375919342041
BEST TEST 3: 0.5761326551437378
torch.Size([2580, 2048])
Epoch   1  Train Loss 11.9048 85.90%
Epoch   1:  Dev 0.542344331741333
Epoch   1: Test 0.5411639213562012
patience: 0 / 5
Epoch   2  Train Loss 33.9139 86.13%
Epoch   2:  Dev 0.5100011229515076
patience: 1 / 5
Epoch   3  Train Loss 53.7860 83.11%
Epoch   3:  Dev 0.5083503127098083
patience: 2 / 5
Epoch   4  Train Loss 47.4779 84.23%
Epoch   4:  Dev 0.5225669741630554
patience: 3 / 5
Epoch   5  Train Loss 49.2031 85.26%
Epoch   5:  Dev 0.5244073271751404
patience: 4 / 5
Epoch   6  Train Loss 52.3558 86.00%
Epoch   6:  Dev 0.5355386734008789
patience: 5 / 5
setting train exemplar for learned classes
torch.Size([3360, 2048])
BEST DEV 4: 0.542344331741333
BEST TEST 4: 0.5411639213562012
