Dump name space
results/maven/woLMH_woMOO_narate-4_cluster-4_gen-20/perm_4/options.json
Dump name space
results/maven/woLMH_woMOO_narate-4_cluster-4_gen-20/perm_4/options.json
Dump name space
results/maven/woLMH_woMOO_narate-4_cluster-4_gen-20/perm_4/options.json
Dump name space
results/maven/woLMH_woMOO_narate-4_cluster-4_gen-20/perm_4/options.json
Dump name space
results/maven/woLMH_woMOO_narate-4_cluster-4_gen-20/perm_4/options.json
[[157, 18, 114, 92, 67, 153, 80, 115, 78, 154, 27, 5, 69, 117, 44, 83, 155, 40, 45, 139, 137, 14, 138, 119, 74, 150, 59, 54, 28, 9, 140, 37, 107, 76, 47, 0], [151, 16, 3, 70, 106, 141, 68, 31, 79, 101, 166, 167, 94, 21, 51, 7, 73, 145, 2, 124, 159, 61, 41, 142, 126, 144, 55, 168, 29, 11, 24, 0], [134, 99, 105, 91, 52, 19, 135, 122, 127, 102, 108, 104, 110, 38, 118, 121, 160, 26, 34, 33, 158, 130, 165, 86, 149, 146, 164, 4, 131, 75, 90, 10, 32, 0], [46, 36, 17, 13, 12, 20, 25, 49, 169, 148, 87, 56, 95, 81, 58, 57, 161, 64, 163, 82, 43, 125, 35, 96, 156, 100, 66, 30, 50, 120, 0], [147, 48, 84, 39, 53, 23, 109, 22, 77, 62, 93, 143, 89, 8, 71, 85, 63, 97, 65, 103, 113, 112, 123, 152, 88, 98, 72, 42, 60, 133, 128, 116, 15, 111, 136, 162, 129, 132, 6, 0]]
True
train loader and exclude loader:  0
Original len train instances: 347788
train loader and exclude loader:  1
Original len train instances: 334375
train loader and exclude loader:  2
Original len train instances: 319808
train loader and exclude loader:  3
Original len train instances: 306881
train loader and exclude loader:  4
Original len train instances: 294589
Original len dev instances: 57198
Original len test instances: 98603
create basgMTL 4
False True
Epoch   1  Train Loss 0.4776 80.66%
Epoch   1:  Dev 0.5105413198471069
Epoch   1: Test 0.530616819858551
patience: 0 / 5
Epoch   2  Train Loss 0.2754 81.29%
Epoch   2:  Dev 0.533912718296051
Epoch   2: Test 0.5475980639457703
patience: 0 / 5
Epoch   3  Train Loss 0.2374 81.40%
Epoch   3:  Dev 0.5245377421379089
patience: 1 / 5
Epoch   4  Train Loss 0.2105 81.57%
Epoch   4:  Dev 0.5268396735191345
patience: 2 / 5
Epoch   5  Train Loss 0.1884 81.66%
Epoch   5:  Dev 0.5121539831161499
patience: 3 / 5
Epoch   6  Train Loss 0.1682 81.87%
Epoch   6:  Dev 0.5276311039924622
patience: 4 / 5
Epoch   7  Train Loss 0.1477 82.02%
Epoch   7:  Dev 0.5410765409469604
Epoch   7: Test 0.5534355640411377
patience: 0 / 5
Epoch   8  Train Loss 0.1339 82.14%
Epoch   8:  Dev 0.5360602736473083
patience: 1 / 5
Epoch   9  Train Loss 0.1190 82.31%
Epoch   9:  Dev 0.5494787096977234
Epoch   9: Test 0.5560557246208191
patience: 0 / 5
Epoch  10  Train Loss 0.1080 82.44%
Epoch  10:  Dev 0.5436030030250549
patience: 1 / 5
Epoch  11  Train Loss 0.0983 82.56%
Epoch  11:  Dev 0.5405007600784302
patience: 2 / 5
Epoch  12  Train Loss 0.0901 82.66%
Epoch  12:  Dev 0.5447093844413757
patience: 3 / 5
Epoch  13  Train Loss 0.0831 82.78%
Epoch  13:  Dev 0.539228618144989
patience: 4 / 5
Epoch  14  Train Loss 0.0766 82.87%
Epoch  14:  Dev 0.5537270307540894
Epoch  14: Test 0.5657461285591125
patience: 0 / 5
Epoch  15  Train Loss 0.0712 82.97%
Epoch  15:  Dev 0.5561455488204956
Epoch  15: Test 0.5662205815315247
patience: 0 / 5
setting train exemplar for learned classes
torch.Size([700, 2048])
BEST DEV 0: 0.5561455488204956
BEST TEST 0: 0.5662205815315247
torch.Size([700, 2048])
Epoch   1  Train Loss 1.5956 83.40%
Epoch   1:  Dev 0.5586150288581848
Epoch   1: Test 0.5475243926048279
patience: 0 / 5
Epoch   2  Train Loss 1.5245 84.15%
Epoch   2:  Dev 0.5935534238815308
Epoch   2: Test 0.5741411447525024
patience: 0 / 5
Epoch   3  Train Loss 1.5057 84.46%
Epoch   3:  Dev 0.5984236598014832
Epoch   3: Test 0.5867890119552612
patience: 0 / 5
Epoch   4  Train Loss 1.4938 84.68%
Epoch   4:  Dev 0.5939915776252747
patience: 1 / 5
Epoch   5  Train Loss 1.4861 84.89%
Epoch   5:  Dev 0.5914435386657715
patience: 2 / 5
Epoch   6  Train Loss 1.4799 85.09%
Epoch   6:  Dev 0.5992560386657715
Epoch   6: Test 0.5826061367988586
patience: 0 / 5
Epoch   7  Train Loss 1.4743 85.26%
Epoch   7:  Dev 0.5849879384040833
patience: 1 / 5
Epoch   8  Train Loss 1.4706 85.40%
Epoch   8:  Dev 0.590337336063385
patience: 2 / 5
Epoch   9  Train Loss 1.4667 85.55%
Epoch   9:  Dev 0.5951516032218933
patience: 3 / 5
Epoch  10  Train Loss 1.4644 85.70%
Epoch  10:  Dev 0.5961191654205322
patience: 4 / 5
Epoch  11  Train Loss 1.4614 85.81%
Epoch  11:  Dev 0.5924097895622253
patience: 5 / 5
setting train exemplar for learned classes
torch.Size([1320, 2048])
BEST DEV 1: 0.5992560386657715
BEST TEST 1: 0.5826061367988586
torch.Size([1320, 2048])
Epoch   1  Train Loss 1.9835 85.94%
Epoch   1:  Dev 0.6083316802978516
Epoch   1: Test 0.599992036819458
patience: 0 / 5
Epoch   2  Train Loss 1.9494 86.97%
Epoch   2:  Dev 0.6103691458702087
Epoch   2: Test 0.6069775819778442
patience: 0 / 5
Epoch   3  Train Loss 1.9395 87.17%
Epoch   3:  Dev 0.6170642375946045
Epoch   3: Test 0.6157130002975464
patience: 0 / 5
Epoch   4  Train Loss 1.9325 87.34%
Epoch   4:  Dev 0.614715576171875
patience: 1 / 5
Epoch   5  Train Loss 1.9279 87.47%
Epoch   5:  Dev 0.6110659241676331
patience: 2 / 5
Epoch   6  Train Loss 1.9243 87.58%
Epoch   6:  Dev 0.612593948841095
patience: 3 / 5
Epoch   7  Train Loss 1.9221 87.71%
Epoch   7:  Dev 0.6174938678741455
Epoch   7: Test 0.61517333984375
patience: 0 / 5
Epoch   8  Train Loss 1.9193 87.85%
Epoch   8:  Dev 0.6116962432861328
patience: 1 / 5
Epoch   9  Train Loss 1.9176 87.95%
Epoch   9:  Dev 0.6085394620895386
patience: 2 / 5
Epoch  10  Train Loss 1.9164 88.03%
Epoch  10:  Dev 0.6089622974395752
patience: 3 / 5
Epoch  11  Train Loss 1.9139 88.13%
Epoch  11:  Dev 0.6154500842094421
patience: 4 / 5
Epoch  12  Train Loss 1.9123 88.21%
Epoch  12:  Dev 0.6159512400627136
patience: 5 / 5
setting train exemplar for learned classes
torch.Size([1980, 2048])
BEST DEV 2: 0.6174938678741455
BEST TEST 2: 0.61517333984375
torch.Size([1980, 2048])
Epoch   1  Train Loss 2.6817 88.08%
Epoch   1:  Dev 0.6014406681060791
Epoch   1: Test 0.6079657673835754
patience: 0 / 5
Epoch   2  Train Loss 2.6638 88.87%
Epoch   2:  Dev 0.6064385175704956
Epoch   2: Test 0.6113818287849426
patience: 0 / 5
Epoch   3  Train Loss 2.6574 89.08%
Epoch   3:  Dev 0.6082220673561096
Epoch   3: Test 0.6127569079399109
patience: 0 / 5
Epoch   4  Train Loss 2.6531 89.24%
Epoch   4:  Dev 0.607365608215332
patience: 1 / 5
Epoch   5  Train Loss 2.6505 89.31%
Epoch   5:  Dev 0.6131938099861145
Epoch   5: Test 0.6176823973655701
patience: 0 / 5
Epoch   6  Train Loss 2.6486 89.42%
Epoch   6:  Dev 0.6055430173873901
patience: 1 / 5
Epoch   7  Train Loss 2.6463 89.57%
Epoch   7:  Dev 0.6047159433364868
patience: 2 / 5
Epoch   8  Train Loss 2.6443 89.67%
Epoch   8:  Dev 0.6065312027931213
patience: 3 / 5
Epoch   9  Train Loss 2.6439 89.71%
Epoch   9:  Dev 0.6058295965194702
patience: 4 / 5
Epoch  10  Train Loss 2.6423 89.80%
Epoch  10:  Dev 0.6067862510681152
patience: 5 / 5
setting train exemplar for learned classes
torch.Size([2580, 2048])
BEST DEV 3: 0.6131938099861145
BEST TEST 3: 0.6176823973655701
torch.Size([2580, 2048])
Epoch   1  Train Loss 3.0367 90.52%
Epoch   1:  Dev 0.5997837781906128
Epoch   1: Test 0.6055165529251099
patience: 0 / 5
Epoch   2  Train Loss 3.0184 91.79%
Epoch   2:  Dev 0.6066359281539917
Epoch   2: Test 0.6072676181793213
patience: 0 / 5
Epoch   3  Train Loss 3.0115 92.08%
Epoch   3:  Dev 0.6071214079856873
Epoch   3: Test 0.6110352873802185
patience: 0 / 5
Epoch   4  Train Loss 3.0083 92.33%
Epoch   4:  Dev 0.6083652973175049
Epoch   4: Test 0.6109416484832764
patience: 0 / 5
Epoch   5  Train Loss 3.0051 92.49%
Epoch   5:  Dev 0.6106745004653931
Epoch   5: Test 0.6128831505775452
patience: 0 / 5
Epoch   6  Train Loss 3.0025 92.64%
Epoch   6:  Dev 0.6092315912246704
patience: 1 / 5
Epoch   7  Train Loss 3.0006 92.82%
Epoch   7:  Dev 0.6074162125587463
patience: 2 / 5
Epoch   8  Train Loss 2.9990 92.91%
Epoch   8:  Dev 0.6059594750404358
patience: 3 / 5
Epoch   9  Train Loss 2.9976 93.02%
Epoch   9:  Dev 0.6065890789031982
patience: 4 / 5
Epoch  10  Train Loss 2.9969 93.16%
Epoch  10:  Dev 0.5999740362167358
patience: 5 / 5
setting train exemplar for learned classes
torch.Size([3360, 2048])
BEST DEV 4: 0.6106745004653931
BEST TEST 4: 0.6128831505775452
