Dump name space
results/ace/NashMTL_woMOO_woNAloss_cluster-4_gen-10/perm_2/options.json
Dump name space
results/ace/NashMTL_woMOO_woNAloss_cluster-4_gen-10/perm_2/options.json
Dump name space
results/ace/NashMTL_woMOO_woNAloss_cluster-4_gen-10/perm_2/options.json
Dump name space
results/ace/NashMTL_woMOO_woNAloss_cluster-4_gen-10/perm_2/options.json
[[188, 199, 184, 194, 189, 190, 178, 186, 197, 0], [200, 180, 173, 198, 177, 0], [191, 187, 195, 171, 174, 179, 0], [196, 181, 182, 202, 185, 176, 170, 192, 0], [201, 183, 193, 172, 175, 0]]
False
train loader and exclude loader:  0
Original len train instances: 265115
train loader and exclude loader:  1
Original len train instances: 264531
train loader and exclude loader:  2
Original len train instances: 263812
train loader and exclude loader:  3
Original len train instances: 262973
train loader and exclude loader:  4
Original len train instances: 262361
Original len dev instances: 54053
Original len test instances: 93949
create basgMTL 4
False True
Epoch   1  Train Loss 0.0569 98.17%
Epoch   1:  Dev 0.5583756566047668
Epoch   1: Test 0.4892086088657379
patience: 0 / 6
Epoch   2  Train Loss 0.0054 98.55%
Epoch   2:  Dev 0.610837459564209
Epoch   2: Test 0.5616438388824463
patience: 0 / 6
Epoch   3  Train Loss 0.0042 98.56%
Epoch   3:  Dev 0.5929203629493713
patience: 1 / 6
Epoch   4  Train Loss 0.0034 98.58%
Epoch   4:  Dev 0.610837459564209
patience: 2 / 6
Epoch   5  Train Loss 0.0029 98.59%
Epoch   5:  Dev 0.5999999642372131
patience: 3 / 6
Epoch   6  Train Loss 0.0023 98.60%
Epoch   6:  Dev 0.6371681690216064
Epoch   6: Test 0.5641025304794312
patience: 0 / 6
Epoch   7  Train Loss 0.0019 98.61%
Epoch   7:  Dev 0.607003927230835
patience: 1 / 6
Epoch   8  Train Loss 0.0016 98.63%
Epoch   8:  Dev 0.5923076868057251
patience: 2 / 6
Epoch   9  Train Loss 0.0013 98.63%
Epoch   9:  Dev 0.5984252095222473
patience: 3 / 6
Epoch  10  Train Loss 0.0012 98.63%
Epoch  10:  Dev 0.6190476417541504
patience: 4 / 6
Epoch  11  Train Loss 0.0011 98.64%
Epoch  11:  Dev 0.6037735939025879
patience: 5 / 6
Epoch  12  Train Loss 0.0010 98.64%
Epoch  12:  Dev 0.581818163394928
patience: 6 / 6
setting train exemplar for learned classes
torch.Size([180, 2048])
BEST DEV 0: 0.6371681690216064
BEST TEST 0: 0.5641025304794312
torch.Size([180, 2048])
Epoch   1  Train Loss 0.3030 98.48%
Epoch   1:  Dev 0.5099010467529297
Epoch   1: Test 0.5433526039123535
patience: 0 / 6
Epoch   2  Train Loss 0.2959 98.72%
Epoch   2:  Dev 0.5688073039054871
Epoch   2: Test 0.5765306353569031
patience: 0 / 6
Epoch   3  Train Loss 0.2949 98.74%
Epoch   3:  Dev 0.5781990885734558
Epoch   3: Test 0.5721648931503296
patience: 0 / 6
Epoch   4  Train Loss 0.2942 98.78%
Epoch   4:  Dev 0.5972222685813904
Epoch   4: Test 0.5585106611251831
patience: 0 / 6
Epoch   5  Train Loss 0.2937 98.80%
Epoch   5:  Dev 0.6160714030265808
Epoch   5: Test 0.5530864596366882
patience: 0 / 6
Epoch   6  Train Loss 0.2933 98.82%
Epoch   6:  Dev 0.6049661040306091
patience: 1 / 6
Epoch   7  Train Loss 0.2930 98.85%
Epoch   7:  Dev 0.5953488349914551
patience: 2 / 6
Epoch   8  Train Loss 0.2926 98.87%
Epoch   8:  Dev 0.5787234306335449
patience: 3 / 6
Epoch   9  Train Loss 0.2925 98.88%
Epoch   9:  Dev 0.5890411138534546
patience: 4 / 6
Epoch  10  Train Loss 0.2923 98.89%
Epoch  10:  Dev 0.5981308221817017
patience: 5 / 6
Epoch  11  Train Loss 0.2923 98.90%
Epoch  11:  Dev 0.5768421292304993
patience: 6 / 6
setting train exemplar for learned classes
torch.Size([280, 2048])
BEST DEV 1: 0.6160714030265808
BEST TEST 1: 0.5530864596366882
torch.Size([280, 2048])
Epoch   1  Train Loss 0.3973 98.76%
Epoch   1:  Dev 0.586915910243988
Epoch   1: Test 0.5763779878616333
patience: 0 / 6
Epoch   2  Train Loss 0.3979 99.03%
Epoch   2:  Dev 0.6073501706123352
Epoch   2: Test 0.5990338921546936
patience: 0 / 6
Epoch   3  Train Loss 0.3968 99.06%
Epoch   3:  Dev 0.6058253049850464
patience: 1 / 6
Epoch   4  Train Loss 0.3965 99.08%
Epoch   4:  Dev 0.6106870770454407
Epoch   4: Test 0.6116942167282104
patience: 0 / 6
Epoch   5  Train Loss 0.3963 99.09%
Epoch   5:  Dev 0.6264591813087463
Epoch   5: Test 0.6088235378265381
patience: 0 / 6
Epoch   6  Train Loss 0.3960 99.11%
Epoch   6:  Dev 0.6159695982933044
patience: 1 / 6
Epoch   7  Train Loss 0.3959 99.11%
Epoch   7:  Dev 0.6081871390342712
patience: 2 / 6
Epoch   8  Train Loss 0.3956 99.13%
Epoch   8:  Dev 0.5953307747840881
patience: 3 / 6
Epoch   9  Train Loss 0.3953 99.14%
Epoch   9:  Dev 0.6171875
patience: 4 / 6
Epoch  10  Train Loss 0.3951 99.15%
Epoch  10:  Dev 0.6118547320365906
patience: 5 / 6
Epoch  11  Train Loss 0.3950 99.16%
Epoch  11:  Dev 0.610567569732666
patience: 6 / 6
setting train exemplar for learned classes
torch.Size([400, 2048])
BEST DEV 2: 0.6264591813087463
BEST TEST 2: 0.6088235378265381
torch.Size([400, 2048])
Epoch   1  Train Loss 0.5836 98.85%
Epoch   1:  Dev 0.5560975074768066
Epoch   1: Test 0.5052386522293091
patience: 0 / 6
Epoch   2  Train Loss 0.5799 99.24%
Epoch   2:  Dev 0.6003110408782959
Epoch   2: Test 0.541149914264679
patience: 0 / 6
Epoch   3  Train Loss 0.5793 99.29%
Epoch   3:  Dev 0.5889967679977417
patience: 1 / 6
Epoch   4  Train Loss 0.5789 99.30%
Epoch   4:  Dev 0.6073132157325745
Epoch   4: Test 0.5603644847869873
patience: 0 / 6
Epoch   5  Train Loss 0.5784 99.32%
Epoch   5:  Dev 0.6056782007217407
patience: 1 / 6
Epoch   6  Train Loss 0.5779 99.34%
Epoch   6:  Dev 0.6047999858856201
patience: 2 / 6
Epoch   7  Train Loss 0.5778 99.34%
Epoch   7:  Dev 0.6057692170143127
patience: 3 / 6
Epoch   8  Train Loss 0.5772 99.36%
Epoch   8:  Dev 0.6097946166992188
Epoch   8: Test 0.5759636759757996
patience: 0 / 6
Epoch   9  Train Loss 0.5770 99.37%
Epoch   9:  Dev 0.6077519059181213
patience: 1 / 6
Epoch  10  Train Loss 0.5770 99.37%
Epoch  10:  Dev 0.6015747785568237
patience: 2 / 6
Epoch  11  Train Loss 0.5771 99.39%
Epoch  11:  Dev 0.6032257676124573
patience: 3 / 6
Epoch  12  Train Loss 0.5771 99.40%
Epoch  12:  Dev 0.6084142327308655
patience: 4 / 6
Epoch  13  Train Loss 0.5765 99.40%
Epoch  13:  Dev 0.6047999858856201
patience: 5 / 6
Epoch  14  Train Loss 0.5768 99.41%
Epoch  14:  Dev 0.6105918884277344
Epoch  14: Test 0.5621500611305237
patience: 0 / 6
Epoch  15  Train Loss 0.5767 99.41%
Epoch  15:  Dev 0.6009539365768433
patience: 1 / 6
Epoch  16  Train Loss 0.5765 99.42%
Epoch  16:  Dev 0.6161137223243713
Epoch  16: Test 0.5624321103096008
patience: 0 / 6
Epoch  17  Train Loss 0.5761 99.42%
Epoch  17:  Dev 0.6081504821777344
patience: 1 / 6
Epoch  18  Train Loss 0.5765 99.42%
Epoch  18:  Dev 0.5990179777145386
patience: 2 / 6
Epoch  19  Train Loss 0.5763 99.43%
Epoch  19:  Dev 0.5981594920158386
patience: 3 / 6
Epoch  20  Train Loss 0.5762 99.43%
Epoch  20:  Dev 0.5891720056533813
patience: 4 / 6
Epoch  21  Train Loss 0.5761 99.43%
Epoch  21:  Dev 0.6032786965370178
patience: 5 / 6
Epoch  22  Train Loss 0.5762 99.43%
Epoch  22:  Dev 0.5933014154434204
patience: 6 / 6
setting train exemplar for learned classes
torch.Size([560, 2048])
BEST DEV 3: 0.6161137223243713
BEST TEST 3: 0.5624321103096008
torch.Size([560, 2048])
Epoch   1  Train Loss 0.8092 98.89%
Epoch   1:  Dev 0.6075333952903748
Epoch   1: Test 0.5923243761062622
patience: 0 / 6
Epoch   2  Train Loss 0.8036 99.66%
Epoch   2:  Dev 0.6157575249671936
Epoch   2: Test 0.6060606241226196
patience: 0 / 6
Epoch   3  Train Loss 0.8032 99.69%
Epoch   3:  Dev 0.6274970769882202
Epoch   3: Test 0.6299651861190796
patience: 0 / 6
Epoch   4  Train Loss 0.8024 99.73%
Epoch   4:  Dev 0.6313363313674927
Epoch   4: Test 0.6359946131706238
patience: 0 / 6
Epoch   5  Train Loss 0.8025 99.75%
Epoch   5:  Dev 0.6281588673591614
patience: 1 / 6
Epoch   6  Train Loss 0.8023 99.75%
Epoch   6:  Dev 0.6279069185256958
patience: 2 / 6
Epoch   7  Train Loss 0.8026 99.76%
Epoch   7:  Dev 0.6396291851997375
Epoch   7: Test 0.6321452856063843
patience: 0 / 6
Epoch   8  Train Loss 0.8014 99.77%
Epoch   8:  Dev 0.6380952596664429
patience: 1 / 6
Epoch   9  Train Loss 0.8019 99.79%
Epoch   9:  Dev 0.6281754970550537
patience: 2 / 6
Epoch  10  Train Loss 0.8014 99.81%
Epoch  10:  Dev 0.6251441836357117
patience: 3 / 6
Epoch  11  Train Loss 0.8016 99.82%
Epoch  11:  Dev 0.6289752721786499
patience: 4 / 6
Epoch  12  Train Loss 0.8016 99.82%
Epoch  12:  Dev 0.6270022392272949
patience: 5 / 6
Epoch  13  Train Loss 0.8011 99.84%
Epoch  13:  Dev 0.6310794949531555
patience: 6 / 6
setting train exemplar for learned classes
torch.Size([660, 2048])
BEST DEV 4: 0.6396291851997375
BEST TEST 4: 0.6321452856063843
