Dump name space
results/ace/ExcessMTL_woLMH_narate-40_cluster-8_gen-10_robust_step_size-0.001/perm_0/options.json
Dump name space
results/ace/ExcessMTL_woLMH_narate-40_cluster-8_gen-10_robust_step_size-0.001/perm_0/options.json
Dump name space
results/ace/ExcessMTL_woLMH_narate-40_cluster-8_gen-10_robust_step_size-0.001/perm_0/options.json
Dump name space
results/ace/ExcessMTL_woLMH_narate-40_cluster-8_gen-10_robust_step_size-0.001/perm_0/options.json
Dump name space
results/ace/ExcessMTL_woLMH_narate-40_cluster-8_gen-10_robust_step_size-0.001/perm_0/options.json
[[188, 199, 184, 194, 189, 190, 178, 186, 197, 0], [191, 187, 195, 171, 174, 179, 0], [201, 183, 193, 172, 175, 0], [200, 180, 173, 198, 177, 0], [196, 181, 182, 202, 185, 176, 170, 192, 0]]
False
train loader and exclude loader:  0
Original len train instances: 265115
train loader and exclude loader:  1
Original len train instances: 264531
train loader and exclude loader:  2
Original len train instances: 263692
train loader and exclude loader:  3
Original len train instances: 262358
train loader and exclude loader:  4
Original len train instances: 261639
Original len dev instances: 54053
Original len test instances: 93949
create basgMTL 4
False True
Epoch   1  Train Loss 0.1224 99.19%
Epoch   1:  Dev 0.4768212139606476
Epoch   1: Test 0.5648148655891418
patience: 0 / 6
Epoch   2  Train Loss 0.0343 99.65%
Epoch   2:  Dev 0.4289405643939972
patience: 1 / 6
Epoch   3  Train Loss 0.0249 99.67%
Epoch   3:  Dev 0.4661653935909271
patience: 2 / 6
Epoch   4  Train Loss 0.0181 99.71%
Epoch   4:  Dev 0.5349544286727905
Epoch   4: Test 0.6609442234039307
patience: 0 / 6
Epoch   5  Train Loss 0.0142 99.76%
Epoch   5:  Dev 0.4636118710041046
patience: 1 / 6
Epoch   6  Train Loss 0.0113 99.78%
Epoch   6:  Dev 0.4743935763835907
patience: 2 / 6
Epoch   7  Train Loss 0.0097 99.81%
Epoch   7:  Dev 0.5263158082962036
patience: 3 / 6
Epoch   8  Train Loss 0.0082 99.83%
Epoch   8:  Dev 0.4924924969673157
patience: 4 / 6
Epoch   9  Train Loss 0.0071 99.85%
Epoch   9:  Dev 0.4886363446712494
patience: 5 / 6
Epoch  10  Train Loss 0.0070 99.86%
Epoch  10:  Dev 0.5
patience: 6 / 6
setting train exemplar for learned classes
torch.Size([180, 2048])
BEST DEV 0: 0.5349544286727905
BEST TEST 0: 0.6609442234039307
torch.Size([180, 2048])
Epoch   1  Train Loss 1.5018 98.92%
Epoch   1:  Dev 0.508009135723114
Epoch   1: Test 0.6385321021080017
patience: 0 / 6
Epoch   2  Train Loss 1.0517 99.42%
Epoch   2:  Dev 0.5190156102180481
Epoch   2: Test 0.6112956404685974
patience: 0 / 6
Epoch   3  Train Loss 1.7619 99.45%
Epoch   3:  Dev 0.5190156102180481
patience: 1 / 6
Epoch   4  Train Loss 1.1719 99.55%
Epoch   4:  Dev 0.5555555820465088
Epoch   4: Test 0.6017094254493713
patience: 0 / 6
Epoch   5  Train Loss 0.4637 99.71%
Epoch   5:  Dev 0.55474454164505
patience: 1 / 6
Epoch   6  Train Loss 2.8543 99.64%
Epoch   6:  Dev 0.5396825671195984
patience: 2 / 6
Epoch   7  Train Loss 3.1749 99.69%
Epoch   7:  Dev 0.5446009039878845
patience: 3 / 6
Epoch   8  Train Loss 3.3318 99.71%
Epoch   8:  Dev 0.5379310250282288
patience: 4 / 6
Epoch   9  Train Loss 3.3239 99.74%
Epoch   9:  Dev 0.5395349264144897
patience: 5 / 6
Epoch  10  Train Loss 2.5491 99.76%
Epoch  10:  Dev 0.5433255434036255
patience: 6 / 6
setting train exemplar for learned classes
torch.Size([300, 2048])
BEST DEV 1: 0.5555555820465088
BEST TEST 1: 0.6017094254493713
torch.Size([300, 2048])
Epoch   1  Train Loss 1.4897 98.21%
Epoch   1:  Dev 0.6012658476829529
Epoch   1: Test 0.6524063944816589
patience: 0 / 6
Epoch   2  Train Loss 2.8426 99.20%
Epoch   2:  Dev 0.581267237663269
patience: 1 / 6
Epoch   3  Train Loss 2.5235 99.35%
Epoch   3:  Dev 0.5902579426765442
patience: 2 / 6
Epoch   4  Train Loss 0.8350 99.56%
Epoch   4:  Dev 0.6791808605194092
Epoch   4: Test 0.7312860488891602
patience: 0 / 6
Epoch   5  Train Loss 3.3556 99.51%
Epoch   5:  Dev 0.5802139043807983
patience: 1 / 6
Epoch   6  Train Loss 2.9784 99.56%
Epoch   6:  Dev 0.6089466214179993
patience: 2 / 6
Epoch   7  Train Loss 3.3192 99.59%
Epoch   7:  Dev 0.6129032373428345
patience: 3 / 6
Epoch   8  Train Loss 3.1448 99.60%
Epoch   8:  Dev 0.623906672000885
patience: 4 / 6
Epoch   9  Train Loss 2.6648 99.67%
Epoch   9:  Dev 0.609195351600647
patience: 5 / 6
Epoch  10  Train Loss 3.2363 99.70%
Epoch  10:  Dev 0.6269113421440125
patience: 6 / 6
setting train exemplar for learned classes
torch.Size([400, 2048])
BEST DEV 2: 0.6791808605194092
BEST TEST 2: 0.7312860488891602
torch.Size([400, 2048])
Epoch   1  Train Loss 1.6020 95.96%
Epoch   1:  Dev 0.6215469241142273
Epoch   1: Test 0.6688417196273804
patience: 0 / 6
Epoch   2  Train Loss 2.8576 99.16%
Epoch   2:  Dev 0.6008968353271484
patience: 1 / 6
Epoch   3  Train Loss 3.2016 99.35%
Epoch   3:  Dev 0.5856353640556335
patience: 2 / 6
Epoch   4  Train Loss 3.3385 99.45%
Epoch   4:  Dev 0.5862832069396973
patience: 3 / 6
Epoch   5  Train Loss 2.9289 99.50%
Epoch   5:  Dev 0.6319526433944702
Epoch   5: Test 0.6598539352416992
patience: 0 / 6
Epoch   6  Train Loss 2.8877 99.55%
Epoch   6:  Dev 0.6353790163993835
Epoch   6: Test 0.6516035199165344
patience: 0 / 6
Epoch   7  Train Loss 2.7047 99.58%
Epoch   7:  Dev 0.5833333134651184
patience: 1 / 6
Epoch   8  Train Loss 0.4998 99.75%
Epoch   8:  Dev 0.5052631497383118
patience: 2 / 6
Epoch   9  Train Loss 2.4692 99.73%
Epoch   9:  Dev 0.6264744997024536
patience: 3 / 6
Epoch  10  Train Loss 2.6894 99.76%
Epoch  10:  Dev 0.618320643901825
patience: 4 / 6
Epoch  11  Train Loss 0.2089 99.88%
Epoch  11:  Dev 0.403041809797287
patience: 5 / 6
Epoch  12  Train Loss 0.2347 99.90%
Epoch  12:  Dev 0.3955223858356476
patience: 6 / 6
setting train exemplar for learned classes
torch.Size([500, 2048])
BEST DEV 3: 0.6353790163993835
BEST TEST 3: 0.6516035199165344
torch.Size([500, 2048])
Epoch   1  Train Loss 2.0925 97.59%
Epoch   1:  Dev 0.6304348111152649
Epoch   1: Test 0.6233062744140625
patience: 0 / 6
Epoch   2  Train Loss 2.9573 99.39%
Epoch   2:  Dev 0.6202158331871033
patience: 1 / 6
Epoch   3  Train Loss 3.1187 99.44%
Epoch   3:  Dev 0.6170213222503662
patience: 2 / 6
Epoch   4  Train Loss 3.0101 99.56%
Epoch   4:  Dev 0.633155107498169
Epoch   4: Test 0.6120514869689941
patience: 0 / 6
Epoch   5  Train Loss 2.9139 99.58%
Epoch   5:  Dev 0.6190476417541504
patience: 1 / 6
Epoch   6  Train Loss 2.7072 99.68%
Epoch   6:  Dev 0.6323851346969604
patience: 2 / 6
Epoch   7  Train Loss 1.1376 99.82%
Epoch   7:  Dev 0.5835351347923279
patience: 3 / 6
Epoch   8  Train Loss 0.2302 99.90%
Epoch   8:  Dev 0.34507039189338684
patience: 4 / 6
Epoch   9  Train Loss 0.0839 99.91%
Epoch   9:  Dev 0.35211265087127686
patience: 5 / 6
Epoch  10  Train Loss 0.0619 99.94%
Epoch  10:  Dev 0.3339191973209381
patience: 6 / 6
setting train exemplar for learned classes
torch.Size([660, 2048])
BEST DEV 4: 0.633155107498169
BEST TEST 4: 0.6120514869689941
