Dump name space
results/maven/NashMTL_woLMH_woSAM_narate-4_cluster-4_gen-20/perm_0/options.json
Dump name space
results/maven/NashMTL_woLMH_woSAM_narate-4_cluster-4_gen-20/perm_0/options.json
Dump name space
results/maven/NashMTL_woLMH_woSAM_narate-4_cluster-4_gen-20/perm_0/options.json
Dump name space
results/maven/NashMTL_woLMH_woSAM_narate-4_cluster-4_gen-20/perm_0/options.json
Dump name space
results/maven/NashMTL_woLMH_woSAM_narate-4_cluster-4_gen-20/perm_0/options.json
[[134, 99, 105, 91, 52, 19, 135, 122, 127, 102, 108, 104, 110, 38, 118, 121, 160, 26, 34, 33, 158, 130, 165, 86, 149, 146, 164, 4, 131, 75, 90, 10, 32, 0], [46, 36, 17, 13, 12, 20, 25, 49, 169, 148, 87, 56, 95, 81, 58, 57, 161, 64, 163, 82, 43, 125, 35, 96, 156, 100, 66, 30, 50, 120, 0], [147, 48, 84, 39, 53, 23, 109, 22, 77, 62, 93, 143, 89, 8, 71, 85, 63, 97, 65, 103, 113, 112, 123, 152, 88, 98, 72, 42, 60, 133, 128, 116, 15, 111, 136, 162, 129, 132, 6, 0], [157, 18, 114, 92, 67, 153, 80, 115, 78, 154, 27, 5, 69, 117, 44, 83, 155, 40, 45, 139, 137, 14, 138, 119, 74, 150, 59, 54, 28, 9, 140, 37, 107, 76, 47, 0], [151, 16, 3, 70, 106, 141, 68, 31, 79, 101, 166, 167, 94, 21, 51, 7, 73, 145, 2, 124, 159, 61, 41, 142, 126, 144, 55, 168, 29, 11, 24, 0]]
True
train loader and exclude loader:  0
Original len train instances: 347788
train loader and exclude loader:  1
Original len train instances: 334861
train loader and exclude loader:  2
Original len train instances: 322569
train loader and exclude loader:  3
Original len train instances: 308131
train loader and exclude loader:  4
Original len train instances: 294718
Original len dev instances: 57198
Original len test instances: 98603
create basgMTL 4
False True
Epoch   1  Train Loss 0.3854 80.79%
Epoch   1:  Dev 0.6059131622314453
Epoch   1: Test 0.6303265690803528
patience: 0 / 5
Epoch   2  Train Loss 0.2054 81.87%
Epoch   2:  Dev 0.6193879246711731
Epoch   2: Test 0.6419131755828857
patience: 0 / 5
Epoch   3  Train Loss 0.1732 81.97%
Epoch   3:  Dev 0.6228232979774475
Epoch   3: Test 0.6463336944580078
patience: 0 / 5
Epoch   4  Train Loss 0.1517 82.04%
Epoch   4:  Dev 0.648101270198822
Epoch   4: Test 0.6669631600379944
patience: 0 / 5
Epoch   5  Train Loss 0.1325 82.18%
Epoch   5:  Dev 0.6476007699966431
patience: 1 / 5
Epoch   6  Train Loss 0.1181 82.27%
Epoch   6:  Dev 0.6273292303085327
patience: 2 / 5
Epoch   7  Train Loss 0.1048 82.39%
Epoch   7:  Dev 0.6390262246131897
patience: 3 / 5
Epoch   8  Train Loss 0.0945 82.49%
Epoch   8:  Dev 0.6402439475059509
patience: 4 / 5
Epoch   9  Train Loss 0.0859 82.58%
Epoch   9:  Dev 0.6432950496673584
patience: 5 / 5
setting train exemplar for learned classes
torch.Size([660, 2048])
BEST DEV 0: 0.648101270198822
BEST TEST 0: 0.6669631600379944
torch.Size([660, 2048])
Epoch   1  Train Loss 6.4366 93.95%
Epoch   1:  Dev 0.5964025855064392
Epoch   1: Test 0.6073576807975769
patience: 0 / 5
Epoch   2  Train Loss 6.1703 94.96%
Epoch   2:  Dev 0.626103401184082
Epoch   2: Test 0.6382773518562317
patience: 0 / 5
Epoch   3  Train Loss 6.1055 95.35%
Epoch   3:  Dev 0.6258518099784851
patience: 1 / 5
Epoch   4  Train Loss 6.0681 95.61%
Epoch   4:  Dev 0.6346194744110107
Epoch   4: Test 0.6487978100776672
patience: 0 / 5
Epoch   5  Train Loss 6.0415 95.76%
Epoch   5:  Dev 0.6281851530075073
patience: 1 / 5
Epoch   6  Train Loss 6.0212 95.96%
Epoch   6:  Dev 0.631894588470459
patience: 2 / 5
Epoch   7  Train Loss 6.0016 96.14%
Epoch   7:  Dev 0.6381698846817017
Epoch   7: Test 0.6503552794456482
patience: 0 / 5
Epoch   8  Train Loss 5.9870 96.27%
Epoch   8:  Dev 0.6315340399742126
patience: 1 / 5
Epoch   9  Train Loss 5.9750 96.43%
Epoch   9:  Dev 0.6360895037651062
patience: 2 / 5
Epoch  10  Train Loss 5.9626 96.55%
Epoch  10:  Dev 0.6392853260040283
Epoch  10: Test 0.6480264663696289
patience: 0 / 5
Epoch  11  Train Loss 5.9526 96.70%
Epoch  11:  Dev 0.634883463382721
patience: 1 / 5
Epoch  12  Train Loss 5.9435 96.80%
Epoch  12:  Dev 0.6375304460525513
patience: 2 / 5
Epoch  13  Train Loss 5.9365 96.94%
Epoch  13:  Dev 0.6301834583282471
patience: 3 / 5
Epoch  14  Train Loss 5.9283 97.00%
Epoch  14:  Dev 0.6378841996192932
patience: 4 / 5
Epoch  15  Train Loss 5.9206 97.13%
Epoch  15:  Dev 0.6402007341384888
Epoch  15: Test 0.6517798900604248
patience: 0 / 5
setting train exemplar for learned classes
torch.Size([1260, 2048])
BEST DEV 1: 0.6402007341384888
BEST TEST 1: 0.6517798900604248
torch.Size([1260, 2048])
Epoch   1  Train Loss 5.7923 92.33%
Epoch   1:  Dev 0.6075740456581116
Epoch   1: Test 0.6193592548370361
patience: 0 / 5
Epoch   2  Train Loss 5.0747 95.21%
Epoch   2:  Dev 0.6150238513946533
Epoch   2: Test 0.62157142162323
patience: 0 / 5
Epoch   3  Train Loss 5.0195 95.53%
Epoch   3:  Dev 0.6223226189613342
Epoch   3: Test 0.6293255686759949
patience: 0 / 5
Epoch   4  Train Loss 4.9828 95.79%
Epoch   4:  Dev 0.6184077858924866
patience: 1 / 5
Epoch   5  Train Loss 4.9582 96.01%
Epoch   5:  Dev 0.6168670654296875
patience: 2 / 5
Epoch   6  Train Loss 4.9356 96.22%
Epoch   6:  Dev 0.6206949353218079
patience: 3 / 5
Epoch   7  Train Loss 4.9167 96.39%
Epoch   7:  Dev 0.6211063265800476
patience: 4 / 5
Epoch   8  Train Loss 4.9024 96.58%
Epoch   8:  Dev 0.6129715442657471
patience: 5 / 5
setting train exemplar for learned classes
torch.Size([2040, 2048])
BEST DEV 2: 0.6223226189613342
BEST TEST 2: 0.6293255686759949
torch.Size([2040, 2048])
Epoch   1  Train Loss 6.9517 92.35%
Epoch   1:  Dev 0.5689441561698914
Epoch   1: Test 0.5803389549255371
patience: 0 / 5
Epoch   2  Train Loss 6.4582 94.27%
Epoch   2:  Dev 0.5801183581352234
Epoch   2: Test 0.5911442637443542
patience: 0 / 5
Epoch   3  Train Loss 6.3764 94.63%
Epoch   3:  Dev 0.5678121447563171
patience: 1 / 5
Epoch   4  Train Loss 6.3275 94.96%
Epoch   4:  Dev 0.5640685558319092
patience: 2 / 5
Epoch   5  Train Loss 6.2916 95.22%
Epoch   5:  Dev 0.5688916444778442
patience: 3 / 5
Epoch   6  Train Loss 6.2615 95.47%
Epoch   6:  Dev 0.5678373575210571
patience: 4 / 5
Epoch   7  Train Loss 6.2388 95.64%
Epoch   7:  Dev 0.564679741859436
patience: 5 / 5
setting train exemplar for learned classes
torch.Size([2740, 2048])
BEST DEV 3: 0.5801183581352234
BEST TEST 3: 0.5911442637443542
torch.Size([2740, 2048])
Epoch   1  Train Loss 7.9249 92.62%
Epoch   1:  Dev 0.5667486190795898
Epoch   1: Test 0.5648983120918274
patience: 0 / 5
Epoch   2  Train Loss 7.5278 94.38%
Epoch   2:  Dev 0.5540540218353271
patience: 1 / 5
Epoch   3  Train Loss 7.4461 94.80%
Epoch   3:  Dev 0.5591842532157898
patience: 2 / 5
Epoch   4  Train Loss 7.3942 95.12%
Epoch   4:  Dev 0.5514549016952515
patience: 3 / 5
Epoch   5  Train Loss 7.3594 95.33%
Epoch   5:  Dev 0.5496994256973267
patience: 4 / 5
Epoch   6  Train Loss 7.3314 95.60%
Epoch   6:  Dev 0.5522284507751465
patience: 5 / 5
setting train exemplar for learned classes
torch.Size([3360, 2048])
BEST DEV 4: 0.5667486190795898
BEST TEST 4: 0.5648983120918274
