Dump name space
results/maven/NashMTL_woLMH_woSAM_narate-4_cluster-4_gen-20/perm_3/options.json
Dump name space
results/maven/NashMTL_woLMH_woSAM_narate-4_cluster-4_gen-20/perm_3/options.json
Dump name space
results/maven/NashMTL_woLMH_woSAM_narate-4_cluster-4_gen-20/perm_3/options.json
Dump name space
results/maven/NashMTL_woLMH_woSAM_narate-4_cluster-4_gen-20/perm_3/options.json
Dump name space
results/maven/NashMTL_woLMH_woSAM_narate-4_cluster-4_gen-20/perm_3/options.json
[[46, 36, 17, 13, 12, 20, 25, 49, 169, 148, 87, 56, 95, 81, 58, 57, 161, 64, 163, 82, 43, 125, 35, 96, 156, 100, 66, 30, 50, 120, 0], [147, 48, 84, 39, 53, 23, 109, 22, 77, 62, 93, 143, 89, 8, 71, 85, 63, 97, 65, 103, 113, 112, 123, 152, 88, 98, 72, 42, 60, 133, 128, 116, 15, 111, 136, 162, 129, 132, 6, 0], [134, 99, 105, 91, 52, 19, 135, 122, 127, 102, 108, 104, 110, 38, 118, 121, 160, 26, 34, 33, 158, 130, 165, 86, 149, 146, 164, 4, 131, 75, 90, 10, 32, 0], [157, 18, 114, 92, 67, 153, 80, 115, 78, 154, 27, 5, 69, 117, 44, 83, 155, 40, 45, 139, 137, 14, 138, 119, 74, 150, 59, 54, 28, 9, 140, 37, 107, 76, 47, 0], [151, 16, 3, 70, 106, 141, 68, 31, 79, 101, 166, 167, 94, 21, 51, 7, 73, 145, 2, 124, 159, 61, 41, 142, 126, 144, 55, 168, 29, 11, 24, 0]]
True
train loader and exclude loader:  0
Original len train instances: 347788
train loader and exclude loader:  1
Original len train instances: 335496
train loader and exclude loader:  2
Original len train instances: 321058
train loader and exclude loader:  3
Original len train instances: 308131
train loader and exclude loader:  4
Original len train instances: 294718
Original len dev instances: 57198
Original len test instances: 98603
create basgMTL 4
False True
Epoch   1  Train Loss 0.4011 80.76%
Epoch   1:  Dev 0.5420273542404175
Epoch   1: Test 0.561939537525177
patience: 0 / 5
Epoch   2  Train Loss 0.2269 81.45%
Epoch   2:  Dev 0.5678496956825256
Epoch   2: Test 0.5815414786338806
patience: 0 / 5
Epoch   3  Train Loss 0.1925 81.53%
Epoch   3:  Dev 0.5683586001396179
Epoch   3: Test 0.5851443409919739
patience: 0 / 5
Epoch   4  Train Loss 0.1697 81.65%
Epoch   4:  Dev 0.583444356918335
Epoch   4: Test 0.5981974005699158
patience: 0 / 5
Epoch   5  Train Loss 0.1496 81.79%
Epoch   5:  Dev 0.5537957549095154
patience: 1 / 5
Epoch   6  Train Loss 0.1336 81.89%
Epoch   6:  Dev 0.5884660482406616
Epoch   6: Test 0.6008866429328918
patience: 0 / 5
Epoch   7  Train Loss 0.1209 82.01%
Epoch   7:  Dev 0.5807332396507263
patience: 1 / 5
Epoch   8  Train Loss 0.1082 82.11%
Epoch   8:  Dev 0.5948927998542786
Epoch   8: Test 0.6114299297332764
patience: 0 / 5
Epoch   9  Train Loss 0.0993 82.22%
Epoch   9:  Dev 0.5680271983146667
patience: 1 / 5
Epoch  10  Train Loss 0.0898 82.34%
Epoch  10:  Dev 0.5875371098518372
patience: 2 / 5
Epoch  11  Train Loss 0.0837 82.44%
Epoch  11:  Dev 0.5933483242988586
patience: 3 / 5
Epoch  12  Train Loss 0.0774 82.55%
Epoch  12:  Dev 0.5916000008583069
patience: 4 / 5
Epoch  13  Train Loss 0.0725 82.63%
Epoch  13:  Dev 0.579495370388031
patience: 5 / 5
setting train exemplar for learned classes
torch.Size([600, 2048])
BEST DEV 0: 0.5948927998542786
BEST TEST 0: 0.6114299297332764
torch.Size([600, 2048])
Epoch   1  Train Loss 6.1198 93.92%
Epoch   1:  Dev 0.6072640419006348
Epoch   1: Test 0.6186217665672302
patience: 0 / 5
Epoch   2  Train Loss 5.8599 95.05%
Epoch   2:  Dev 0.6058690547943115
patience: 1 / 5
Epoch   3  Train Loss 5.7942 95.38%
Epoch   3:  Dev 0.6181412935256958
Epoch   3: Test 0.6295009851455688
patience: 0 / 5
Epoch   4  Train Loss 5.7577 95.69%
Epoch   4:  Dev 0.6237363815307617
Epoch   4: Test 0.6258487105369568
patience: 0 / 5
Epoch   5  Train Loss 5.7305 95.92%
Epoch   5:  Dev 0.6226183772087097
patience: 1 / 5
Epoch   6  Train Loss 5.7098 96.12%
Epoch   6:  Dev 0.6130214333534241
patience: 2 / 5
Epoch   7  Train Loss 5.6921 96.26%
Epoch   7:  Dev 0.6190138459205627
patience: 3 / 5
Epoch   8  Train Loss 5.6772 96.40%
Epoch   8:  Dev 0.625247597694397
Epoch   8: Test 0.6341580152511597
patience: 0 / 5
Epoch   9  Train Loss 5.6629 96.58%
Epoch   9:  Dev 0.6232964396476746
patience: 1 / 5
Epoch  10  Train Loss 5.6507 96.74%
Epoch  10:  Dev 0.6215003132820129
patience: 2 / 5
Epoch  11  Train Loss 5.6403 96.89%
Epoch  11:  Dev 0.626334547996521
Epoch  11: Test 0.6372033953666687
patience: 0 / 5
Epoch  12  Train Loss 5.6301 97.01%
Epoch  12:  Dev 0.6270421147346497
Epoch  12: Test 0.643041729927063
patience: 0 / 5
Epoch  13  Train Loss 5.6221 97.16%
Epoch  13:  Dev 0.6219472289085388
patience: 1 / 5
Epoch  14  Train Loss 5.6157 97.23%
Epoch  14:  Dev 0.6197690367698669
patience: 2 / 5
Epoch  15  Train Loss 5.6087 97.35%
Epoch  15:  Dev 0.619268000125885
patience: 3 / 5
setting train exemplar for learned classes
torch.Size([1380, 2048])
BEST DEV 1: 0.6270421147346497
BEST TEST 1: 0.643041729927063
torch.Size([1380, 2048])
Epoch   1  Train Loss 5.1996 93.80%
Epoch   1:  Dev 0.6282031536102295
Epoch   1: Test 0.6416731476783752
patience: 0 / 5
Epoch   2  Train Loss 4.8300 95.46%
Epoch   2:  Dev 0.6212303638458252
patience: 1 / 5
Epoch   3  Train Loss 4.7753 95.72%
Epoch   3:  Dev 0.6260661482810974
patience: 2 / 5
Epoch   4  Train Loss 4.7395 95.97%
Epoch   4:  Dev 0.6278964281082153
patience: 3 / 5
Epoch   5  Train Loss 4.7174 96.13%
Epoch   5:  Dev 0.6259316802024841
patience: 4 / 5
Epoch   6  Train Loss 4.6963 96.33%
Epoch   6:  Dev 0.6256676316261292
patience: 5 / 5
setting train exemplar for learned classes
torch.Size([2040, 2048])
BEST DEV 2: 0.6282031536102295
BEST TEST 2: 0.6416731476783752
torch.Size([2040, 2048])
Epoch   1  Train Loss 7.1242 92.19%
Epoch   1:  Dev 0.5856428742408752
Epoch   1: Test 0.6018272638320923
patience: 0 / 5
Epoch   2  Train Loss 6.6506 93.93%
Epoch   2:  Dev 0.5927398800849915
Epoch   2: Test 0.6083573698997498
patience: 0 / 5
Epoch   3  Train Loss 6.5611 94.38%
Epoch   3:  Dev 0.5799779295921326
patience: 1 / 5
Epoch   4  Train Loss 6.5072 94.64%
Epoch   4:  Dev 0.5836924910545349
patience: 2 / 5
Epoch   5  Train Loss 6.4709 94.88%
Epoch   5:  Dev 0.5835102796554565
patience: 3 / 5
Epoch   6  Train Loss 6.4383 95.14%
Epoch   6:  Dev 0.5804473161697388
patience: 4 / 5
Epoch   7  Train Loss 6.4117 95.39%
Epoch   7:  Dev 0.5759601593017578
patience: 5 / 5
setting train exemplar for learned classes
torch.Size([2740, 2048])
BEST DEV 3: 0.5927398800849915
BEST TEST 3: 0.6083573698997498
torch.Size([2740, 2048])
Epoch   1  Train Loss 8.1340 91.82%
Epoch   1:  Dev 0.5750486850738525
Epoch   1: Test 0.5750544667243958
patience: 0 / 5
Epoch   2  Train Loss 7.5646 94.11%
Epoch   2:  Dev 0.5694121718406677
patience: 1 / 5
Epoch   3  Train Loss 7.4761 94.53%
Epoch   3:  Dev 0.5739472508430481
patience: 2 / 5
Epoch   4  Train Loss 7.4222 94.84%
Epoch   4:  Dev 0.5753123164176941
Epoch   4: Test 0.5763809084892273
patience: 0 / 5
Epoch   5  Train Loss 7.3826 95.12%
Epoch   5:  Dev 0.5668137669563293
patience: 1 / 5
Epoch   6  Train Loss 7.3533 95.36%
Epoch   6:  Dev 0.5687194466590881
patience: 2 / 5
Epoch   7  Train Loss 7.3265 95.56%
Epoch   7:  Dev 0.565324604511261
patience: 3 / 5
Epoch   8  Train Loss 7.3107 95.70%
Epoch   8:  Dev 0.5596639513969421
patience: 4 / 5
Epoch   9  Train Loss 7.2921 95.91%
Epoch   9:  Dev 0.5584815740585327
patience: 5 / 5
setting train exemplar for learned classes
torch.Size([3360, 2048])
BEST DEV 4: 0.5753123164176941
BEST TEST 4: 0.5763809084892273
