Dump name space
results/ace/ExcessMTL_woLMH_woSR_woSAM_woLosstrick_narate-40_cluster-8_gen-10_robust_step_size-0.0001/perm_1/options.json
Dump name space
results/ace/ExcessMTL_woLMH_woSR_woSAM_woLosstrick_narate-40_cluster-8_gen-10_robust_step_size-0.0001/perm_1/options.json
Dump name space
results/ace/ExcessMTL_woLMH_woSR_woSAM_woLosstrick_narate-40_cluster-8_gen-10_robust_step_size-0.0001/perm_1/options.json
Dump name space
results/ace/ExcessMTL_woLMH_woSR_woSAM_woLosstrick_narate-40_cluster-8_gen-10_robust_step_size-0.0001/perm_1/options.json
Dump name space
results/ace/ExcessMTL_woLMH_woSR_woSAM_woLosstrick_narate-40_cluster-8_gen-10_robust_step_size-0.0001/perm_1/options.json
[[196, 181, 182, 202, 185, 176, 170, 192, 0], [200, 180, 173, 198, 177, 0], [201, 183, 193, 172, 175, 0], [191, 187, 195, 171, 174, 179, 0], [188, 199, 184, 194, 189, 190, 178, 186, 197, 0]]
False
train loader and exclude loader:  0
Original len train instances: 265115
train loader and exclude loader:  1
Original len train instances: 264503
train loader and exclude loader:  2
Original len train instances: 263784
train loader and exclude loader:  3
Original len train instances: 262450
train loader and exclude loader:  4
Original len train instances: 261611
Original len dev instances: 54053
Original len test instances: 93949
create basgMTL 4
False False
Epoch   1  Train Loss 0.0561 98.17%
Epoch   1:  Dev 0.35999998450279236
Epoch   1: Test 0.20571430027484894
patience: 0 / 6
Epoch   2  Train Loss 0.0060 98.53%
Epoch   2:  Dev 0.6092714667320251
Epoch   2: Test 0.4789915978908539
patience: 0 / 6
Epoch   3  Train Loss 0.0047 98.56%
Epoch   3:  Dev 0.5555555820465088
patience: 1 / 6
Epoch   4  Train Loss 0.0037 98.57%
Epoch   4:  Dev 0.5344827175140381
patience: 2 / 6
Epoch   5  Train Loss 0.0032 98.59%
Epoch   5:  Dev 0.6285714507102966
Epoch   5: Test 0.5098038911819458
patience: 0 / 6
Epoch   6  Train Loss 0.0027 98.61%
Epoch   6:  Dev 0.5573770999908447
patience: 1 / 6
Epoch   7  Train Loss 0.0020 98.62%
Epoch   7:  Dev 0.636363685131073
Epoch   7: Test 0.47659575939178467
patience: 0 / 6
Epoch   8  Train Loss 0.0017 98.63%
Epoch   8:  Dev 0.49152544140815735
patience: 1 / 6
Epoch   9  Train Loss 0.0014 98.64%
Epoch   9:  Dev 0.5299144983291626
patience: 2 / 6
Epoch  10  Train Loss 0.0010 98.65%
Epoch  10:  Dev 0.5645161271095276
patience: 3 / 6
Epoch  11  Train Loss 0.0010 98.66%
Epoch  11:  Dev 0.6258503198623657
patience: 4 / 6
Epoch  12  Train Loss 0.0008 98.67%
Epoch  12:  Dev 0.5873016119003296
patience: 5 / 6
Epoch  13  Train Loss 0.0007 98.66%
Epoch  13:  Dev 0.6029412150382996
patience: 6 / 6
setting train exemplar for learned classes
torch.Size([160, 2048])
BEST DEV 0: 0.636363685131073
BEST TEST 0: 0.47659575939178467
torch.Size([160, 2048])
Epoch   1  Train Loss 2.2714 99.41%
Epoch   1:  Dev 0.519298255443573
Epoch   1: Test 0.4418604373931885
patience: 0 / 6
Epoch   2  Train Loss 3.1051 99.76%
Epoch   2:  Dev 0.6012657880783081
Epoch   2: Test 0.4521739184856415
patience: 0 / 6
Epoch   3  Train Loss 3.4044 99.80%
Epoch   3:  Dev 0.6000000238418579
patience: 1 / 6
Epoch   4  Train Loss 3.1684 99.84%
Epoch   4:  Dev 0.6246057152748108
Epoch   4: Test 0.5020920634269714
patience: 0 / 6
Epoch   5  Train Loss 3.2197 99.86%
Epoch   5:  Dev 0.6349206566810608
Epoch   5: Test 0.49787232279777527
patience: 0 / 6
Epoch   6  Train Loss 3.1049 99.87%
Epoch   6:  Dev 0.6188924908638
patience: 1 / 6
Epoch   7  Train Loss 3.3720 99.90%
Epoch   7:  Dev 0.57413250207901
patience: 2 / 6
Epoch   8  Train Loss 3.4354 99.91%
Epoch   8:  Dev 0.5937499403953552
patience: 3 / 6
Epoch   9  Train Loss 3.4157 99.94%
Epoch   9:  Dev 0.5696202516555786
patience: 4 / 6
Epoch  10  Train Loss 3.2889 99.94%
Epoch  10:  Dev 0.581818163394928
patience: 5 / 6
Epoch  11  Train Loss 2.8407 99.96%
Epoch  11:  Dev 0.604361355304718
patience: 6 / 6
setting train exemplar for learned classes
torch.Size([260, 2048])
BEST DEV 1: 0.6349206566810608
BEST TEST 1: 0.49787232279777527
torch.Size([260, 2048])
Epoch   1  Train Loss 2.8332 99.06%
Epoch   1:  Dev 0.6555556058883667
Epoch   1: Test 0.6091370582580566
patience: 0 / 6
Epoch   2  Train Loss 2.9744 99.69%
Epoch   2:  Dev 0.6741573214530945
Epoch   2: Test 0.6252545714378357
patience: 0 / 6
Epoch   3  Train Loss 2.9398 99.75%
Epoch   3:  Dev 0.6452905535697937
patience: 1 / 6
Epoch   4  Train Loss 0.4309 99.78%
Epoch   4:  Dev 0.47858941555023193
patience: 2 / 6
Epoch   5  Train Loss 2.1521 99.83%
Epoch   5:  Dev 0.6525911688804626
patience: 3 / 6
Epoch   6  Train Loss 2.9578 99.85%
Epoch   6:  Dev 0.6564885377883911
patience: 4 / 6
Epoch   7  Train Loss 2.9105 99.86%
Epoch   7:  Dev 0.6493507027626038
patience: 5 / 6
Epoch   8  Train Loss 2.9776 99.86%
Epoch   8:  Dev 0.6666666865348816
patience: 6 / 6
setting train exemplar for learned classes
torch.Size([360, 2048])
BEST DEV 2: 0.6741573214530945
BEST TEST 2: 0.6252545714378357
torch.Size([360, 2048])
Epoch   1  Train Loss 3.2270 99.60%
Epoch   1:  Dev 0.6243902444839478
Epoch   1: Test 0.6233766078948975
patience: 0 / 6
Epoch   2  Train Loss 3.1740 99.74%
Epoch   2:  Dev 0.6258503794670105
Epoch   2: Test 0.6278659701347351
patience: 0 / 6
Epoch   3  Train Loss 3.1524 99.80%
Epoch   3:  Dev 0.6433333158493042
Epoch   3: Test 0.6251067519187927
patience: 0 / 6
Epoch   4  Train Loss 3.0245 99.81%
Epoch   4:  Dev 0.6348122954368591
patience: 1 / 6
Epoch   5  Train Loss 3.0760 99.83%
Epoch   5:  Dev 0.6232877373695374
patience: 2 / 6
Epoch   6  Train Loss 3.0805 99.85%
Epoch   6:  Dev 0.6219931244850159
patience: 3 / 6
Epoch   7  Train Loss 3.0071 99.86%
Epoch   7:  Dev 0.6258741021156311
patience: 4 / 6
Epoch   8  Train Loss 2.7404 99.88%
Epoch   8:  Dev 0.5966851115226746
patience: 5 / 6
Epoch   9  Train Loss 2.7850 99.89%
Epoch   9:  Dev 0.6247819066047668
patience: 6 / 6
setting train exemplar for learned classes
torch.Size([480, 2048])
BEST DEV 3: 0.6433333158493042
BEST TEST 3: 0.6251067519187927
torch.Size([480, 2048])
Epoch   1  Train Loss 3.4215 98.72%
Epoch   1:  Dev 0.5703125
Epoch   1: Test 0.5204582214355469
patience: 0 / 6
Epoch   2  Train Loss 3.4200 99.78%
Epoch   2:  Dev 0.6013071537017822
Epoch   2: Test 0.5265780687332153
patience: 0 / 6
Epoch   3  Train Loss 3.5240 99.82%
Epoch   3:  Dev 0.5944518446922302
patience: 1 / 6
Epoch   4  Train Loss 3.4647 99.83%
Epoch   4:  Dev 0.6028833389282227
Epoch   4: Test 0.5364238619804382
patience: 0 / 6
Epoch   5  Train Loss 3.2283 99.85%
Epoch   5:  Dev 0.5984042882919312
patience: 1 / 6
Epoch   6  Train Loss 3.5341 99.86%
Epoch   6:  Dev 0.5979381799697876
patience: 2 / 6
Epoch   7  Train Loss 3.4591 99.87%
Epoch   7:  Dev 0.5968992114067078
patience: 3 / 6
Epoch   8  Train Loss 3.3198 99.88%
Epoch   8:  Dev 0.5877659320831299
patience: 4 / 6
Epoch   9  Train Loss 3.4776 99.89%
Epoch   9:  Dev 0.6039215922355652
Epoch   9: Test 0.5168350338935852
patience: 0 / 6
Epoch  10  Train Loss 3.0008 99.90%
Epoch  10:  Dev 0.5688775777816772
patience: 1 / 6
Epoch  11  Train Loss 3.2986 99.91%
Epoch  11:  Dev 0.5681234002113342
patience: 2 / 6
Epoch  12  Train Loss 3.1267 99.92%
Epoch  12:  Dev 0.5897435545921326
patience: 3 / 6
Epoch  13  Train Loss 3.3086 99.93%
Epoch  13:  Dev 0.5898734927177429
patience: 4 / 6
Epoch  14  Train Loss 3.2383 99.94%
Epoch  14:  Dev 0.5326633453369141
patience: 5 / 6
Epoch  15  Train Loss 3.4558 99.93%
Epoch  15:  Dev 0.5764854550361633
patience: 6 / 6
setting train exemplar for learned classes
torch.Size([660, 2048])
BEST DEV 4: 0.6039215922355652
BEST TEST 4: 0.5168350338935852
