Dump name space
results/maven/FairGrad/perm_2/options.json
Dump name space
results/maven/FairGrad/perm_2/options.json
Dump name space
results/maven/FairGrad/perm_2/options.json
Dump name space
results/maven/FairGrad/perm_2/options.json
[[134, 99, 105, 91, 52, 19, 135, 122, 127, 102, 108, 104, 110, 38, 118, 121, 160, 26, 34, 33, 158, 130, 165, 86, 149, 146, 164, 4, 131, 75, 90, 10, 32, 0], [157, 18, 114, 92, 67, 153, 80, 115, 78, 154, 27, 5, 69, 117, 44, 83, 155, 40, 45, 139, 137, 14, 138, 119, 74, 150, 59, 54, 28, 9, 140, 37, 107, 76, 47, 0], [46, 36, 17, 13, 12, 20, 25, 49, 169, 148, 87, 56, 95, 81, 58, 57, 161, 64, 163, 82, 43, 125, 35, 96, 156, 100, 66, 30, 50, 120, 0], [151, 16, 3, 70, 106, 141, 68, 31, 79, 101, 166, 167, 94, 21, 51, 7, 73, 145, 2, 124, 159, 61, 41, 142, 126, 144, 55, 168, 29, 11, 24, 0], [147, 48, 84, 39, 53, 23, 109, 22, 77, 62, 93, 143, 89, 8, 71, 85, 63, 97, 65, 103, 113, 112, 123, 152, 88, 98, 72, 42, 60, 133, 128, 116, 15, 111, 136, 162, 129, 132, 6, 0]]
True
train loader and exclude loader:  0
Original len train instances: 347788
train loader and exclude loader:  1
Original len train instances: 334861
train loader and exclude loader:  2
Original len train instances: 321448
train loader and exclude loader:  3
Original len train instances: 309156
train loader and exclude loader:  4
Original len train instances: 294589
Original len dev instances: 57198
Original len test instances: 98603
create basgMTL 4
False True
Epoch   1  Train Loss 0.6059 94.79%
Epoch   1:  Dev 0.598206102848053
Epoch   1: Test 0.618816077709198
patience: 0 / 5
Epoch   2  Train Loss 0.3944 96.11%
Epoch   2:  Dev 0.6035503149032593
Epoch   2: Test 0.6220762133598328
patience: 0 / 5
Epoch   3  Train Loss 0.3505 96.28%
Epoch   3:  Dev 0.6176944375038147
Epoch   3: Test 0.6391015648841858
patience: 0 / 5
Epoch   4  Train Loss 0.3248 96.41%
Epoch   4:  Dev 0.6369544863700867
Epoch   4: Test 0.6606286764144897
patience: 0 / 5
Epoch   5  Train Loss 0.3015 96.56%
Epoch   5:  Dev 0.6299270391464233
patience: 1 / 5
Epoch   6  Train Loss 0.2843 96.70%
Epoch   6:  Dev 0.6261682510375977
patience: 2 / 5
Epoch   7  Train Loss 0.2676 96.80%
Epoch   7:  Dev 0.6387789845466614
Epoch   7: Test 0.6662392616271973
patience: 0 / 5
Epoch   8  Train Loss 0.2536 96.93%
Epoch   8:  Dev 0.6467493176460266
Epoch   8: Test 0.667389452457428
patience: 0 / 5
Epoch   9  Train Loss 0.2423 97.10%
Epoch   9:  Dev 0.6380323171615601
patience: 1 / 5
Epoch  10  Train Loss 0.2325 97.21%
Epoch  10:  Dev 0.6440111398696899
patience: 2 / 5
Epoch  11  Train Loss 0.2244 97.37%
Epoch  11:  Dev 0.645526647567749
patience: 3 / 5
Epoch  12  Train Loss 0.2175 97.49%
Epoch  12:  Dev 0.6495406031608582
Epoch  12: Test 0.6583085060119629
patience: 0 / 5
Epoch  13  Train Loss 0.2107 97.61%
Epoch  13:  Dev 0.636448085308075
patience: 1 / 5
Epoch  14  Train Loss 0.2062 97.69%
Epoch  14:  Dev 0.6578589081764221
Epoch  14: Test 0.6704169511795044
patience: 0 / 5
Epoch  15  Train Loss 0.2010 97.78%
Epoch  15:  Dev 0.6569227576255798
patience: 1 / 5
setting train exemplar for learned classes
torch.Size([660, 2048])
BEST DEV 0: 0.6578589081764221
BEST TEST 0: 0.6704169511795044
torch.Size([660, 2048])
Epoch   1  Train Loss 8.9439 92.14%
Epoch   1:  Dev 0.5789215564727783
Epoch   1: Test 0.5980503559112549
patience: 0 / 5
Epoch   2  Train Loss 11.3592 93.76%
Epoch   2:  Dev 0.6023975014686584
Epoch   2: Test 0.6176161766052246
patience: 0 / 5
Epoch   3  Train Loss 12.8845 93.94%
Epoch   3:  Dev 0.6007240414619446
patience: 1 / 5
Epoch   4  Train Loss 14.1080 94.15%
Epoch   4:  Dev 0.6022239923477173
patience: 2 / 5
Epoch   5  Train Loss 15.2324 94.30%
Epoch   5:  Dev 0.607477605342865
Epoch   5: Test 0.6185343265533447
patience: 0 / 5
Epoch   6  Train Loss 16.2627 94.48%
Epoch   6:  Dev 0.6114548444747925
Epoch   6: Test 0.6222350001335144
patience: 0 / 5
Epoch   7  Train Loss 17.3789 94.57%
Epoch   7:  Dev 0.6039093732833862
patience: 1 / 5
Epoch   8  Train Loss 18.4018 94.68%
Epoch   8:  Dev 0.6028485298156738
patience: 2 / 5
Epoch   9  Train Loss 19.4784 94.81%
Epoch   9:  Dev 0.60760498046875
patience: 3 / 5
Epoch  10  Train Loss 20.7024 94.90%
Epoch  10:  Dev 0.604073703289032
patience: 4 / 5
Epoch  11  Train Loss 21.8889 95.06%
Epoch  11:  Dev 0.6106961965560913
patience: 5 / 5
setting train exemplar for learned classes
torch.Size([1360, 2048])
BEST DEV 1: 0.6114548444747925
BEST TEST 1: 0.6222350001335144
torch.Size([1360, 2048])
Epoch   1  Train Loss 9.3214 90.40%
Epoch   1:  Dev 0.599095344543457
Epoch   1: Test 0.6134240627288818
patience: 0 / 5
Epoch   2  Train Loss 10.5608 92.34%
Epoch   2:  Dev 0.604149580001831
Epoch   2: Test 0.6180098652839661
patience: 0 / 5
Epoch   3  Train Loss 11.2320 92.69%
Epoch   3:  Dev 0.5997174978256226
patience: 1 / 5
Epoch   4  Train Loss 11.9230 92.96%
Epoch   4:  Dev 0.6107667684555054
Epoch   4: Test 0.6249244213104248
patience: 0 / 5
Epoch   5  Train Loss 12.3559 93.16%
Epoch   5:  Dev 0.6082473993301392
patience: 1 / 5
Epoch   6  Train Loss 12.8525 93.32%
Epoch   6:  Dev 0.6115053296089172
Epoch   6: Test 0.6232122182846069
patience: 0 / 5
Epoch   7  Train Loss 13.3294 93.48%
Epoch   7:  Dev 0.6091307401657104
patience: 1 / 5
Epoch   8  Train Loss 13.7590 93.61%
Epoch   8:  Dev 0.601941704750061
patience: 2 / 5
Epoch   9  Train Loss 14.2405 93.69%
Epoch   9:  Dev 0.6051599979400635
patience: 3 / 5
Epoch  10  Train Loss 14.7111 93.80%
Epoch  10:  Dev 0.6093100905418396
patience: 4 / 5
Epoch  11  Train Loss 15.1157 93.93%
Epoch  11:  Dev 0.6062272191047668
patience: 5 / 5
setting train exemplar for learned classes
torch.Size([1960, 2048])
BEST DEV 2: 0.6115053296089172
BEST TEST 2: 0.6232122182846069
torch.Size([1960, 2048])
Epoch   1  Train Loss 12.1215 89.34%
Epoch   1:  Dev 0.6032642722129822
Epoch   1: Test 0.6055295467376709
patience: 0 / 5
Epoch   2  Train Loss 13.0861 91.49%
Epoch   2:  Dev 0.6034179329872131
Epoch   2: Test 0.6078544855117798
patience: 0 / 5
Epoch   3  Train Loss 13.8408 91.82%
Epoch   3:  Dev 0.6066420674324036
Epoch   3: Test 0.6120086312294006
patience: 0 / 5
Epoch   4  Train Loss 14.5081 92.06%
Epoch   4:  Dev 0.6078144907951355
Epoch   4: Test 0.6094776391983032
patience: 0 / 5
Epoch   5  Train Loss 15.0501 92.22%
Epoch   5:  Dev 0.6078349351882935
Epoch   5: Test 0.6085968613624573
patience: 0 / 5
Epoch   6  Train Loss 15.6179 92.41%
Epoch   6:  Dev 0.6058781147003174
patience: 1 / 5
Epoch   7  Train Loss 16.1780 92.54%
Epoch   7:  Dev 0.6083981990814209
Epoch   7: Test 0.6073651909828186
patience: 0 / 5
Epoch   8  Train Loss 16.7466 92.68%
Epoch   8:  Dev 0.6049525141716003
patience: 1 / 5
Epoch   9  Train Loss 17.2756 92.75%
Epoch   9:  Dev 0.6101910471916199
Epoch   9: Test 0.6103137731552124
patience: 0 / 5
Epoch  10  Train Loss 17.7870 92.86%
Epoch  10:  Dev 0.607846200466156
patience: 1 / 5
Epoch  11  Train Loss 18.2642 92.94%
Epoch  11:  Dev 0.6066666841506958
patience: 2 / 5
Epoch  12  Train Loss 18.8315 93.02%
Epoch  12:  Dev 0.6058401465415955
patience: 3 / 5
Epoch  13  Train Loss 19.2575 93.16%
Epoch  13:  Dev 0.6057040691375732
patience: 4 / 5
Epoch  14  Train Loss 19.8532 93.23%
Epoch  14:  Dev 0.6069440841674805
patience: 5 / 5
setting train exemplar for learned classes
torch.Size([2580, 2048])
BEST DEV 3: 0.6101910471916199
BEST TEST 3: 0.6103137731552124
torch.Size([2580, 2048])
Epoch   1  Train Loss 13.5596 87.71%
Epoch   1:  Dev 0.5985115766525269
Epoch   1: Test 0.599747359752655
patience: 0 / 5
Epoch   2  Train Loss 14.5777 91.32%
Epoch   2:  Dev 0.6026585102081299
Epoch   2: Test 0.6014003157615662
patience: 0 / 5
Epoch   3  Train Loss 15.4174 91.67%
Epoch   3:  Dev 0.6025673747062683
patience: 1 / 5
Epoch   4  Train Loss 16.2257 91.92%
Epoch   4:  Dev 0.6009961366653442
patience: 2 / 5
Epoch   5  Train Loss 16.8289 92.12%
Epoch   5:  Dev 0.6019657850265503
patience: 3 / 5
Epoch   6  Train Loss 17.4395 92.27%
Epoch   6:  Dev 0.6047369837760925
Epoch   6: Test 0.6031389832496643
patience: 0 / 5
Epoch   7  Train Loss 17.9571 92.40%
Epoch   7:  Dev 0.601977527141571
patience: 1 / 5
Epoch   8  Train Loss 18.5417 92.52%
Epoch   8:  Dev 0.6003440618515015
patience: 2 / 5
Epoch   9  Train Loss 19.0032 92.67%
Epoch   9:  Dev 0.5999138355255127
patience: 3 / 5
Epoch  10  Train Loss 19.4462 92.79%
Epoch  10:  Dev 0.5966760516166687
patience: 4 / 5
Epoch  11  Train Loss 19.9857 92.83%
Epoch  11:  Dev 0.5992204546928406
patience: 5 / 5
setting train exemplar for learned classes
torch.Size([3360, 2048])
BEST DEV 4: 0.6047369837760925
BEST TEST 4: 0.6031389832496643
