Dump name space
results/maven/mi_woMOO_narate-4_cluster-4_gen-20_lm_temp-0.2_class_alpha-0.2/perm_1/options.json
Dump name space
results/maven/mi_woMOO_narate-4_cluster-4_gen-20_lm_temp-0.2_class_alpha-0.2/perm_1/options.json
Dump name space
results/maven/mi_woMOO_narate-4_cluster-4_gen-20_lm_temp-0.2_class_alpha-0.2/perm_1/options.json
Dump name space
results/maven/mi_woMOO_narate-4_cluster-4_gen-20_lm_temp-0.2_class_alpha-0.2/perm_1/options.json
Dump name space
results/maven/mi_woMOO_narate-4_cluster-4_gen-20_lm_temp-0.2_class_alpha-0.2/perm_1/options.json
[[151, 16, 3, 70, 106, 141, 68, 31, 79, 101, 166, 167, 94, 21, 51, 7, 73, 145, 2, 124, 159, 61, 41, 142, 126, 144, 55, 168, 29, 11, 24, 0], [157, 18, 114, 92, 67, 153, 80, 115, 78, 154, 27, 5, 69, 117, 44, 83, 155, 40, 45, 139, 137, 14, 138, 119, 74, 150, 59, 54, 28, 9, 140, 37, 107, 76, 47, 0], [147, 48, 84, 39, 53, 23, 109, 22, 77, 62, 93, 143, 89, 8, 71, 85, 63, 97, 65, 103, 113, 112, 123, 152, 88, 98, 72, 42, 60, 133, 128, 116, 15, 111, 136, 162, 129, 132, 6, 0], [46, 36, 17, 13, 12, 20, 25, 49, 169, 148, 87, 56, 95, 81, 58, 57, 161, 64, 163, 82, 43, 125, 35, 96, 156, 100, 66, 30, 50, 120, 0], [134, 99, 105, 91, 52, 19, 135, 122, 127, 102, 108, 104, 110, 38, 118, 121, 160, 26, 34, 33, 158, 130, 165, 86, 149, 146, 164, 4, 131, 75, 90, 10, 32, 0]]
True
train loader and exclude loader:  0
Original len train instances: 347788
train loader and exclude loader:  1
Original len train instances: 333221
train loader and exclude loader:  2
Original len train instances: 319808
train loader and exclude loader:  3
Original len train instances: 305370
train loader and exclude loader:  4
Original len train instances: 293078
Original len dev instances: 57198
Original len test instances: 98603
create basgMTL 4
False True
Epoch   1  Train Loss 1.3922 80.99%
Epoch   1:  Dev 0.5716649889945984
Epoch   1: Test 0.55504310131073
patience: 0 / 5
Epoch   2  Train Loss 1.2190 82.03%
Epoch   2:  Dev 0.5925677418708801
Epoch   2: Test 0.5743285417556763
patience: 0 / 5
Epoch   3  Train Loss 1.1850 82.16%
Epoch   3:  Dev 0.6102572679519653
Epoch   3: Test 0.5928556323051453
patience: 0 / 5
Epoch   4  Train Loss 1.1614 82.32%
Epoch   4:  Dev 0.6130020022392273
Epoch   4: Test 0.5942868590354919
patience: 0 / 5
Epoch   5  Train Loss 1.1410 82.45%
Epoch   5:  Dev 0.6225188970565796
Epoch   5: Test 0.5963195562362671
patience: 0 / 5
Epoch   6  Train Loss 1.1233 82.55%
Epoch   6:  Dev 0.6267556548118591
Epoch   6: Test 0.608900785446167
patience: 0 / 5
Epoch   7  Train Loss 1.1082 82.70%
Epoch   7:  Dev 0.6220828890800476
patience: 1 / 5
Epoch   8  Train Loss 1.0956 82.81%
Epoch   8:  Dev 0.623145341873169
patience: 2 / 5
Epoch   9  Train Loss 1.0821 82.96%
Epoch   9:  Dev 0.6094884276390076
patience: 3 / 5
Epoch  10  Train Loss 1.0719 83.08%
Epoch  10:  Dev 0.6306241154670715
Epoch  10: Test 0.6035095453262329
patience: 0 / 5
Epoch  11  Train Loss 1.0623 83.20%
Epoch  11:  Dev 0.6182719469070435
patience: 1 / 5
Epoch  12  Train Loss 1.0559 83.28%
Epoch  12:  Dev 0.6207504272460938
patience: 2 / 5
Epoch  13  Train Loss 1.0495 83.37%
Epoch  13:  Dev 0.631733238697052
Epoch  13: Test 0.6058304905891418
patience: 0 / 5
Epoch  14  Train Loss 1.0443 83.45%
Epoch  14:  Dev 0.6263695955276489
patience: 1 / 5
Epoch  15  Train Loss 1.0384 83.54%
Epoch  15:  Dev 0.6139882802963257
patience: 2 / 5
setting train exemplar for learned classes
torch.Size([620, 2048])
BEST DEV 0: 0.631733238697052
BEST TEST 0: 0.6058304905891418
torch.Size([620, 2048])
Epoch   1  Train Loss 1.9239 83.34%
Epoch   1:  Dev 0.5707383155822754
Epoch   1: Test 0.5642320513725281
patience: 0 / 5
Epoch   2  Train Loss 1.8411 84.05%
Epoch   2:  Dev 0.5696713328361511
patience: 1 / 5
Epoch   3  Train Loss 1.8180 84.30%
Epoch   3:  Dev 0.5665051937103271
patience: 2 / 5
Epoch   4  Train Loss 1.8048 84.55%
Epoch   4:  Dev 0.5877470374107361
Epoch   4: Test 0.5935537219047546
patience: 0 / 5
Epoch   5  Train Loss 1.7943 84.75%
Epoch   5:  Dev 0.5662413835525513
patience: 1 / 5
Epoch   6  Train Loss 1.7873 84.92%
Epoch   6:  Dev 0.5688109993934631
patience: 2 / 5
Epoch   7  Train Loss 1.7809 85.12%
Epoch   7:  Dev 0.5709753632545471
patience: 3 / 5
Epoch   8  Train Loss 1.7759 85.31%
Epoch   8:  Dev 0.5687780380249023
patience: 4 / 5
Epoch   9  Train Loss 1.7722 85.46%
Epoch   9:  Dev 0.5740942358970642
patience: 5 / 5
setting train exemplar for learned classes
torch.Size([1320, 2048])
BEST DEV 1: 0.5877470374107361
BEST TEST 1: 0.5935537219047546
torch.Size([1320, 2048])
Epoch   1  Train Loss 2.6621 85.55%
Epoch   1:  Dev 0.5736362934112549
Epoch   1: Test 0.5874120593070984
patience: 0 / 5
Epoch   2  Train Loss 2.6123 86.66%
Epoch   2:  Dev 0.5869244337081909
Epoch   2: Test 0.5964884757995605
patience: 0 / 5
Epoch   3  Train Loss 2.5988 87.02%
Epoch   3:  Dev 0.5876136422157288
Epoch   3: Test 0.5937193632125854
patience: 0 / 5
Epoch   4  Train Loss 2.5910 87.25%
Epoch   4:  Dev 0.5910307765007019
Epoch   4: Test 0.5979816317558289
patience: 0 / 5
Epoch   5  Train Loss 2.5854 87.48%
Epoch   5:  Dev 0.5848277807235718
patience: 1 / 5
Epoch   6  Train Loss 2.5815 87.60%
Epoch   6:  Dev 0.5911018252372742
Epoch   6: Test 0.6011187434196472
patience: 0 / 5
Epoch   7  Train Loss 2.5793 87.80%
Epoch   7:  Dev 0.59019935131073
patience: 1 / 5
Epoch   8  Train Loss 2.5752 87.96%
Epoch   8:  Dev 0.5855981111526489
patience: 2 / 5
Epoch   9  Train Loss 2.5729 88.09%
Epoch   9:  Dev 0.5964435935020447
Epoch   9: Test 0.6042759418487549
patience: 0 / 5
Epoch  10  Train Loss 2.5708 88.21%
Epoch  10:  Dev 0.5925676822662354
patience: 1 / 5
Epoch  11  Train Loss 2.5703 88.31%
Epoch  11:  Dev 0.590893566608429
patience: 2 / 5
Epoch  12  Train Loss 2.5666 88.42%
Epoch  12:  Dev 0.592869222164154
patience: 3 / 5
Epoch  13  Train Loss 2.5664 88.53%
Epoch  13:  Dev 0.5873015522956848
patience: 4 / 5
Epoch  14  Train Loss 2.5645 88.66%
Epoch  14:  Dev 0.5945050716400146
patience: 5 / 5
setting train exemplar for learned classes
torch.Size([2100, 2048])
BEST DEV 2: 0.5964435935020447
BEST TEST 2: 0.6042759418487549
torch.Size([2100, 2048])
Epoch   1  Train Loss 3.4850 88.51%
Epoch   1:  Dev 0.5775406360626221
Epoch   1: Test 0.5887755751609802
patience: 0 / 5
Epoch   2  Train Loss 3.4735 89.44%
Epoch   2:  Dev 0.5860260128974915
Epoch   2: Test 0.5970892310142517
patience: 0 / 5
Epoch   3  Train Loss 3.4672 89.62%
Epoch   3:  Dev 0.5836608409881592
patience: 1 / 5
Epoch   4  Train Loss 3.4619 89.77%
Epoch   4:  Dev 0.5858924984931946
patience: 2 / 5
Epoch   5  Train Loss 3.4598 89.88%
Epoch   5:  Dev 0.5820974111557007
patience: 3 / 5
Epoch   6  Train Loss 3.4571 89.98%
Epoch   6:  Dev 0.5825806260108948
patience: 4 / 5
