Dump name space
results/maven/FairGrad_woLMH_narate-4_cluster-4_gen-20/perm_3/options.json
Dump name space
results/maven/FairGrad_woLMH_narate-4_cluster-4_gen-20/perm_3/options.json
Dump name space
results/maven/FairGrad_woLMH_narate-4_cluster-4_gen-20/perm_3/options.json
Dump name space
results/maven/FairGrad_woLMH_narate-4_cluster-4_gen-20/perm_3/options.json
Dump name space
results/maven/FairGrad_woLMH_narate-4_cluster-4_gen-20/perm_3/options.json
[[46, 36, 17, 13, 12, 20, 25, 49, 169, 148, 87, 56, 95, 81, 58, 57, 161, 64, 163, 82, 43, 125, 35, 96, 156, 100, 66, 30, 50, 120, 0], [147, 48, 84, 39, 53, 23, 109, 22, 77, 62, 93, 143, 89, 8, 71, 85, 63, 97, 65, 103, 113, 112, 123, 152, 88, 98, 72, 42, 60, 133, 128, 116, 15, 111, 136, 162, 129, 132, 6, 0], [134, 99, 105, 91, 52, 19, 135, 122, 127, 102, 108, 104, 110, 38, 118, 121, 160, 26, 34, 33, 158, 130, 165, 86, 149, 146, 164, 4, 131, 75, 90, 10, 32, 0], [157, 18, 114, 92, 67, 153, 80, 115, 78, 154, 27, 5, 69, 117, 44, 83, 155, 40, 45, 139, 137, 14, 138, 119, 74, 150, 59, 54, 28, 9, 140, 37, 107, 76, 47, 0], [151, 16, 3, 70, 106, 141, 68, 31, 79, 101, 166, 167, 94, 21, 51, 7, 73, 145, 2, 124, 159, 61, 41, 142, 126, 144, 55, 168, 29, 11, 24, 0]]
True
train loader and exclude loader:  0
Original len train instances: 347788
train loader and exclude loader:  1
Original len train instances: 335496
train loader and exclude loader:  2
Original len train instances: 321058
train loader and exclude loader:  3
Original len train instances: 308131
train loader and exclude loader:  4
Original len train instances: 294718
Original len dev instances: 57198
Original len test instances: 98603
create basgMTL 4
False True
Epoch   1  Train Loss 0.4011 80.76%
Epoch   1:  Dev 0.5420273542404175
Epoch   1: Test 0.561939537525177
patience: 0 / 5
Epoch   2  Train Loss 0.2269 81.45%
Epoch   2:  Dev 0.5678496956825256
Epoch   2: Test 0.5815414786338806
patience: 0 / 5
Epoch   3  Train Loss 0.1925 81.53%
Epoch   3:  Dev 0.5683586001396179
Epoch   3: Test 0.5851443409919739
patience: 0 / 5
Epoch   4  Train Loss 0.1697 81.65%
Epoch   4:  Dev 0.583444356918335
Epoch   4: Test 0.5981974005699158
patience: 0 / 5
Epoch   5  Train Loss 0.1496 81.79%
Epoch   5:  Dev 0.5537957549095154
patience: 1 / 5
Epoch   6  Train Loss 0.1336 81.89%
Epoch   6:  Dev 0.5884660482406616
Epoch   6: Test 0.6008866429328918
patience: 0 / 5
Epoch   7  Train Loss 0.1209 82.01%
Epoch   7:  Dev 0.5807332396507263
patience: 1 / 5
Epoch   8  Train Loss 0.1082 82.11%
Epoch   8:  Dev 0.5948927998542786
Epoch   8: Test 0.6114299297332764
patience: 0 / 5
Epoch   9  Train Loss 0.0993 82.22%
Epoch   9:  Dev 0.5680271983146667
patience: 1 / 5
Epoch  10  Train Loss 0.0898 82.34%
Epoch  10:  Dev 0.5875371098518372
patience: 2 / 5
Epoch  11  Train Loss 0.0837 82.44%
Epoch  11:  Dev 0.5933483242988586
patience: 3 / 5
Epoch  12  Train Loss 0.0774 82.55%
Epoch  12:  Dev 0.5916000008583069
patience: 4 / 5
Epoch  13  Train Loss 0.0725 82.63%
Epoch  13:  Dev 0.579495370388031
patience: 5 / 5
setting train exemplar for learned classes
torch.Size([600, 2048])
BEST DEV 0: 0.5948927998542786
BEST TEST 0: 0.6114299297332764
torch.Size([600, 2048])
Epoch   1  Train Loss 4.0918 87.07%
Epoch   1:  Dev 0.4079491198062897
Epoch   1: Test 0.4173778295516968
patience: 0 / 5
Epoch   2  Train Loss 3.3391 88.94%
Epoch   2:  Dev 0.43302130699157715
Epoch   2: Test 0.4530033469200134
patience: 0 / 5
Epoch   3  Train Loss 4.3609 90.27%
Epoch   3:  Dev 0.477182000875473
Epoch   3: Test 0.5003988742828369
patience: 0 / 5
Epoch   4  Train Loss 5.6279 91.14%
Epoch   4:  Dev 0.4961077868938446
Epoch   4: Test 0.5139346718788147
patience: 0 / 5
Epoch   5  Train Loss 7.2233 91.81%
Epoch   5:  Dev 0.5182921290397644
Epoch   5: Test 0.5391259789466858
patience: 0 / 5
Epoch   6  Train Loss 9.1865 92.29%
Epoch   6:  Dev 0.5269665122032166
Epoch   6: Test 0.5464626550674438
patience: 0 / 5
Epoch   7  Train Loss 11.2456 92.76%
Epoch   7:  Dev 0.538664698600769
Epoch   7: Test 0.5559945702552795
patience: 0 / 5
Epoch   8  Train Loss 13.6117 93.11%
Epoch   8:  Dev 0.5412809252738953
Epoch   8: Test 0.5678789615631104
patience: 0 / 5
Epoch   9  Train Loss 15.5496 93.40%
Epoch   9:  Dev 0.5542327761650085
Epoch   9: Test 0.5761664509773254
patience: 0 / 5
Epoch  10  Train Loss 16.7990 93.71%
Epoch  10:  Dev 0.5669794082641602
Epoch  10: Test 0.5883331298828125
patience: 0 / 5
Epoch  11  Train Loss 18.1498 94.07%
Epoch  11:  Dev 0.5761133432388306
Epoch  11: Test 0.5953106880187988
patience: 0 / 5
Epoch  12  Train Loss 19.7024 94.28%
Epoch  12:  Dev 0.5866719484329224
Epoch  12: Test 0.6004711985588074
patience: 0 / 5
Epoch  13  Train Loss 21.5919 94.47%
Epoch  13:  Dev 0.5853990912437439
patience: 1 / 5
Epoch  14  Train Loss 23.5542 94.55%
Epoch  14:  Dev 0.5924105644226074
Epoch  14: Test 0.6043083667755127
patience: 0 / 5
Epoch  15  Train Loss 25.9732 94.70%
Epoch  15:  Dev 0.5945261716842651
Epoch  15: Test 0.6078976392745972
patience: 0 / 5
setting train exemplar for learned classes
torch.Size([1380, 2048])
BEST DEV 1: 0.5945261716842651
BEST TEST 1: 0.6078976392745972
torch.Size([1380, 2048])
Epoch   1  Train Loss 5.9334 82.08%
Epoch   1:  Dev 0.3633613586425781
Epoch   1: Test 0.3726184070110321
patience: 0 / 5
Epoch   2  Train Loss 4.0520 77.65%
Epoch   2:  Dev 0.39416664838790894
Epoch   2: Test 0.40393564105033875
patience: 0 / 5
Epoch   3  Train Loss 4.7841 80.89%
Epoch   3:  Dev 0.4348132908344269
Epoch   3: Test 0.44718220829963684
patience: 0 / 5
Epoch   4  Train Loss 5.5513 83.03%
Epoch   4:  Dev 0.45319226384162903
Epoch   4: Test 0.46466219425201416
patience: 0 / 5
Epoch   5  Train Loss 6.4118 84.95%
Epoch   5:  Dev 0.4883529841899872
Epoch   5: Test 0.5007404685020447
patience: 0 / 5
Epoch   6  Train Loss 7.2444 86.37%
Epoch   6:  Dev 0.509924054145813
Epoch   6: Test 0.5240283012390137
patience: 0 / 5
Epoch   7  Train Loss 8.3529 87.53%
Epoch   7:  Dev 0.5189145803451538
Epoch   7: Test 0.5349376797676086
patience: 0 / 5
Epoch   8  Train Loss 9.4229 88.54%
Epoch   8:  Dev 0.5333333015441895
Epoch   8: Test 0.5527561902999878
patience: 0 / 5
Epoch   9  Train Loss 10.8153 89.18%
Epoch   9:  Dev 0.5523241758346558
Epoch   9: Test 0.5673167109489441
patience: 0 / 5
Epoch  10  Train Loss 12.2797 89.88%
Epoch  10:  Dev 0.5506913661956787
patience: 1 / 5
Epoch  11  Train Loss 13.8912 90.50%
Epoch  11:  Dev 0.5687080025672913
Epoch  11: Test 0.5831248164176941
patience: 0 / 5
Epoch  12  Train Loss 15.4652 91.03%
Epoch  12:  Dev 0.5756085515022278
Epoch  12: Test 0.5915328860282898
patience: 0 / 5
Epoch  13  Train Loss 16.6994 91.44%
Epoch  13:  Dev 0.5806451439857483
Epoch  13: Test 0.5940856337547302
patience: 0 / 5
Epoch  14  Train Loss 17.9679 92.20%
Epoch  14:  Dev 0.594345211982727
Epoch  14: Test 0.605125904083252
patience: 0 / 5
Epoch  15  Train Loss 19.6434 92.56%
Epoch  15:  Dev 0.5996329188346863
Epoch  15: Test 0.6116573810577393
patience: 0 / 5
setting train exemplar for learned classes
torch.Size([2040, 2048])
BEST DEV 2: 0.5996329188346863
BEST TEST 2: 0.6116573810577393
torch.Size([2040, 2048])
Epoch   1  Train Loss 8.7725 80.72%
Epoch   1:  Dev 0.41622835397720337
Epoch   1: Test 0.4219999611377716
patience: 0 / 5
Epoch   2  Train Loss 8.2038 78.68%
Epoch   2:  Dev 0.4484025239944458
Epoch   2: Test 0.45663273334503174
patience: 0 / 5
Epoch   3  Train Loss 9.8218 81.14%
Epoch   3:  Dev 0.4639347493648529
Epoch   3: Test 0.47281503677368164
patience: 0 / 5
Epoch   4  Train Loss 11.2461 82.76%
Epoch   4:  Dev 0.46929630637168884
Epoch   4: Test 0.4807981848716736
patience: 0 / 5
Epoch   5  Train Loss 12.6562 84.04%
Epoch   5:  Dev 0.4962245523929596
Epoch   5: Test 0.5072961449623108
patience: 0 / 5
Epoch   6  Train Loss 13.9875 85.19%
Epoch   6:  Dev 0.5016283392906189
Epoch   6: Test 0.5168575644493103
patience: 0 / 5
Epoch   7  Train Loss 15.1487 86.75%
Epoch   7:  Dev 0.5307111144065857
Epoch   7: Test 0.5446460843086243
patience: 0 / 5
Epoch   8  Train Loss 16.7262 87.54%
Epoch   8:  Dev 0.5396980047225952
Epoch   8: Test 0.5527434349060059
patience: 0 / 5
Epoch   9  Train Loss 18.9057 88.26%
Epoch   9:  Dev 0.5341715216636658
patience: 1 / 5
Epoch  10  Train Loss 20.5415 88.73%
Epoch  10:  Dev 0.5580670833587646
Epoch  10: Test 0.5704699754714966
patience: 0 / 5
Epoch  11  Train Loss 22.6539 89.08%
Epoch  11:  Dev 0.5560050010681152
patience: 1 / 5
Epoch  12  Train Loss 24.8732 89.42%
Epoch  12:  Dev 0.559684157371521
Epoch  12: Test 0.5716155767440796
patience: 0 / 5
Epoch  13  Train Loss 26.9780 89.74%
Epoch  13:  Dev 0.5594412684440613
patience: 1 / 5
Epoch  14  Train Loss 28.6484 89.89%
Epoch  14:  Dev 0.5696163773536682
Epoch  14: Test 0.5798209309577942
patience: 0 / 5
Epoch  15  Train Loss 30.7980 90.06%
Epoch  15:  Dev 0.5751653909683228
Epoch  15: Test 0.5855686664581299
patience: 0 / 5
setting train exemplar for learned classes
torch.Size([2740, 2048])
BEST DEV 3: 0.5751653909683228
BEST TEST 3: 0.5855686664581299
torch.Size([2740, 2048])
Epoch   1  Train Loss 11.4133 85.28%
Epoch   1:  Dev 0.5256379246711731
Epoch   1: Test 0.538587212562561
patience: 0 / 5
Epoch   2  Train Loss 34.6063 84.60%
Epoch   2:  Dev 0.47298142313957214
patience: 1 / 5
Epoch   3  Train Loss 44.7454 81.87%
Epoch   3:  Dev 0.48964130878448486
patience: 2 / 5
Epoch   4  Train Loss 42.2406 83.41%
Epoch   4:  Dev 0.5003291964530945
patience: 3 / 5
Epoch   5  Train Loss 44.6126 84.46%
Epoch   5:  Dev 0.5103124976158142
patience: 4 / 5
Epoch   6  Train Loss 47.9828 85.30%
Epoch   6:  Dev 0.5240170955657959
patience: 5 / 5
setting train exemplar for learned classes
torch.Size([3360, 2048])
BEST DEV 4: 0.5256379246711731
BEST TEST 4: 0.538587212562561
