Dump name space
results/ace/NashMTL_mi_narate-40_cluster-4_gen-10/perm_4/options.json
Dump name space
results/ace/NashMTL_mi_narate-40_cluster-4_gen-10/perm_4/options.json
Dump name space
results/ace/NashMTL_mi_narate-40_cluster-4_gen-10/perm_4/options.json
Dump name space
results/ace/NashMTL_mi_narate-40_cluster-4_gen-10/perm_4/options.json
[[200, 180, 173, 198, 177, 0], [196, 181, 182, 202, 185, 176, 170, 192, 0], [188, 199, 184, 194, 189, 190, 178, 186, 197, 0], [191, 187, 195, 171, 174, 179, 0], [201, 183, 193, 172, 175, 0]]
False
train loader and exclude loader:  0
Original len train instances: 265115
train loader and exclude loader:  1
Original len train instances: 264396
train loader and exclude loader:  2
Original len train instances: 263784
train loader and exclude loader:  3
Original len train instances: 263200
train loader and exclude loader:  4
Original len train instances: 262361
Original len dev instances: 54053
Original len test instances: 93949
create basgMTL 4
False True
Epoch   1  Train Loss 1.2016 99.11%
Epoch   1:  Dev 0.544715404510498
Epoch   1: Test 0.4312668442726135
patience: 0 / 6
Epoch   2  Train Loss 1.1391 99.43%
Epoch   2:  Dev 0.4484848380088806
patience: 1 / 6
Epoch   3  Train Loss 1.1332 99.47%
Epoch   3:  Dev 0.5378787517547607
patience: 2 / 6
Epoch   4  Train Loss 1.1283 99.56%
Epoch   4:  Dev 0.5485231876373291
Epoch   4: Test 0.48170730471611023
patience: 0 / 6
Epoch   5  Train Loss 1.1254 99.61%
Epoch   5:  Dev 0.5185185074806213
patience: 1 / 6
Epoch   6  Train Loss 1.1225 99.65%
Epoch   6:  Dev 0.5426356792449951
patience: 2 / 6
Epoch   7  Train Loss 1.1205 99.71%
Epoch   7:  Dev 0.5214008092880249
patience: 3 / 6
Epoch   8  Train Loss 1.1187 99.75%
Epoch   8:  Dev 0.5773196220397949
Epoch   8: Test 0.51408451795578
patience: 0 / 6
Epoch   9  Train Loss 1.1173 99.78%
Epoch   9:  Dev 0.47887322306632996
patience: 1 / 6
Epoch  10  Train Loss 1.1167 99.80%
Epoch  10:  Dev 0.5560975074768066
patience: 2 / 6
Epoch  11  Train Loss 1.1159 99.82%
Epoch  11:  Dev 0.44186046719551086
patience: 3 / 6
Epoch  12  Train Loss 1.1151 99.84%
Epoch  12:  Dev 0.5116278529167175
patience: 4 / 6
Epoch  13  Train Loss 1.1147 99.86%
Epoch  13:  Dev 0.5066666603088379
patience: 5 / 6
Epoch  14  Train Loss 1.1147 99.87%
Epoch  14:  Dev 0.539130449295044
patience: 6 / 6
setting train exemplar for learned classes
torch.Size([100, 2048])
BEST DEV 0: 0.5773196220397949
BEST TEST 0: 0.51408451795578
torch.Size([100, 2048])
Epoch   1  Train Loss 4.9393 98.17%
Epoch   1:  Dev 0.5254237651824951
Epoch   1: Test 0.48036250472068787
patience: 0 / 6
Epoch   2  Train Loss 4.7779 99.49%
Epoch   2:  Dev 0.5511111617088318
Epoch   2: Test 0.5062112212181091
patience: 0 / 6
Epoch   3  Train Loss 4.7735 99.56%
Epoch   3:  Dev 0.5466970801353455
patience: 1 / 6
Epoch   4  Train Loss 4.7640 99.62%
Epoch   4:  Dev 0.5577889680862427
Epoch   4: Test 0.5129087567329407
patience: 0 / 6
Epoch   5  Train Loss 4.7562 99.66%
Epoch   5:  Dev 0.5684754848480225
Epoch   5: Test 0.5307556986808777
patience: 0 / 6
Epoch   6  Train Loss 4.7512 99.70%
Epoch   6:  Dev 0.5782493352890015
Epoch   6: Test 0.5134649276733398
patience: 0 / 6
Epoch   7  Train Loss 4.7482 99.73%
Epoch   7:  Dev 0.5744125247001648
patience: 1 / 6
Epoch   8  Train Loss 4.7407 99.76%
Epoch   8:  Dev 0.5875706672668457
Epoch   8: Test 0.5214152932167053
patience: 0 / 6
Epoch   9  Train Loss 4.7354 99.80%
Epoch   9:  Dev 0.5644769072532654
patience: 1 / 6
Epoch  10  Train Loss 4.7381 99.81%
Epoch  10:  Dev 0.6006191968917847
Epoch  10: Test 0.5286885499954224
patience: 0 / 6
Epoch  11  Train Loss 4.7424 99.83%
Epoch  11:  Dev 0.5811965465545654
patience: 1 / 6
Epoch  12  Train Loss 4.7399 99.85%
Epoch  12:  Dev 0.6117647290229797
Epoch  12: Test 0.4940711557865143
patience: 0 / 6
Epoch  13  Train Loss 4.7344 99.85%
Epoch  13:  Dev 0.5649717450141907
patience: 1 / 6
Epoch  14  Train Loss 4.7404 99.87%
Epoch  14:  Dev 0.5898875594139099
patience: 2 / 6
Epoch  15  Train Loss 4.7354 99.88%
Epoch  15:  Dev 0.6077347993850708
patience: 3 / 6
Epoch  16  Train Loss 4.7387 99.89%
Epoch  16:  Dev 0.5904255509376526
patience: 4 / 6
Epoch  17  Train Loss 4.7345 99.89%
Epoch  17:  Dev 0.6172106862068176
Epoch  17: Test 0.5100401639938354
patience: 0 / 6
Epoch  18  Train Loss 4.7344 99.90%
Epoch  18:  Dev 0.6114285588264465
patience: 1 / 6
Epoch  19  Train Loss 4.7278 99.90%
Epoch  19:  Dev 0.5885885953903198
patience: 2 / 6
Epoch  20  Train Loss 4.7336 99.91%
Epoch  20:  Dev 0.5806451439857483
patience: 3 / 6
Epoch  21  Train Loss 4.7244 99.90%
Epoch  21:  Dev 0.6042296290397644
patience: 4 / 6
Epoch  22  Train Loss 4.7317 99.91%
Epoch  22:  Dev 0.6018236875534058
patience: 5 / 6
Epoch  23  Train Loss 4.7237 99.92%
Epoch  23:  Dev 0.5838150382041931
patience: 6 / 6
setting train exemplar for learned classes
torch.Size([260, 2048])
BEST DEV 1: 0.6172106862068176
BEST TEST 1: 0.5100401639938354
torch.Size([260, 2048])
Epoch   1  Train Loss 4.1450 97.67%
Epoch   1:  Dev 0.5337620377540588
Epoch   1: Test 0.5191490054130554
patience: 0 / 6
Epoch   2  Train Loss 3.9941 99.62%
Epoch   2:  Dev 0.5143678188323975
patience: 1 / 6
Epoch   3  Train Loss 3.9758 99.66%
Epoch   3:  Dev 0.5622119903564453
Epoch   3: Test 0.5370920300483704
patience: 0 / 6
Epoch   4  Train Loss 3.9669 99.70%
Epoch   4:  Dev 0.5857604742050171
Epoch   4: Test 0.5416666865348816
patience: 0 / 6
Epoch   5  Train Loss 3.9629 99.74%
Epoch   5:  Dev 0.5591397285461426
patience: 1 / 6
Epoch   6  Train Loss 3.9614 99.78%
Epoch   6:  Dev 0.5197740197181702
patience: 2 / 6
Epoch   7  Train Loss 3.9505 99.79%
Epoch   7:  Dev 0.5167597532272339
patience: 3 / 6
Epoch   8  Train Loss 3.9502 99.82%
Epoch   8:  Dev 0.5613496899604797
patience: 4 / 6
Epoch   9  Train Loss 3.9512 99.85%
Epoch   9:  Dev 0.5660964250564575
patience: 5 / 6
Epoch  10  Train Loss 3.9420 99.85%
Epoch  10:  Dev 0.559374988079071
patience: 6 / 6
setting train exemplar for learned classes
torch.Size([440, 2048])
BEST DEV 2: 0.5857604742050171
BEST TEST 2: 0.5416666865348816
torch.Size([440, 2048])
Epoch   1  Train Loss 4.4337 97.62%
Epoch   1:  Dev 0.5521796345710754
Epoch   1: Test 0.5465229749679565
patience: 0 / 6
Epoch   2  Train Loss 4.2726 99.47%
Epoch   2:  Dev 0.5352480411529541
patience: 1 / 6
Epoch   3  Train Loss 4.2608 99.53%
Epoch   3:  Dev 0.5429741144180298
patience: 2 / 6
Epoch   4  Train Loss 4.2489 99.56%
Epoch   4:  Dev 0.5521978139877319
Epoch   4: Test 0.5407034158706665
patience: 0 / 6
Epoch   5  Train Loss 4.2405 99.60%
Epoch   5:  Dev 0.5471956133842468
patience: 1 / 6
Epoch   6  Train Loss 4.2361 99.64%
Epoch   6:  Dev 0.5363881587982178
patience: 2 / 6
Epoch   7  Train Loss 4.2312 99.69%
Epoch   7:  Dev 0.545945942401886
patience: 3 / 6
Epoch   8  Train Loss 4.2276 99.72%
Epoch   8:  Dev 0.5462068915367126
patience: 4 / 6
Epoch   9  Train Loss 4.2240 99.75%
Epoch   9:  Dev 0.5536723732948303
Epoch   9: Test 0.561965823173523
patience: 0 / 6
Epoch  10  Train Loss 4.2226 99.78%
Epoch  10:  Dev 0.5474553108215332
patience: 1 / 6
Epoch  11  Train Loss 4.2209 99.79%
Epoch  11:  Dev 0.5487977862358093
patience: 2 / 6
Epoch  12  Train Loss 4.2196 99.82%
Epoch  12:  Dev 0.5560166239738464
Epoch  12: Test 0.5584281086921692
patience: 0 / 6
Epoch  13  Train Loss 4.2181 99.81%
Epoch  13:  Dev 0.5689405202865601
Epoch  13: Test 0.5561497807502747
patience: 0 / 6
Epoch  14  Train Loss 4.2146 99.82%
Epoch  14:  Dev 0.5521126985549927
patience: 1 / 6
Epoch  15  Train Loss 4.2147 99.83%
Epoch  15:  Dev 0.5426136255264282
patience: 2 / 6
Epoch  16  Train Loss 4.2159 99.86%
Epoch  16:  Dev 0.5618631839752197
patience: 3 / 6
Epoch  17  Train Loss 4.2167 99.86%
Epoch  17:  Dev 0.5541837811470032
patience: 4 / 6
Epoch  18  Train Loss 4.2144 99.86%
Epoch  18:  Dev 0.5592011213302612
patience: 5 / 6
Epoch  19  Train Loss 4.2107 99.87%
Epoch  19:  Dev 0.5510203838348389
patience: 6 / 6
setting train exemplar for learned classes
torch.Size([560, 2048])
BEST DEV 3: 0.5689405202865601
BEST TEST 3: 0.5561497807502747
torch.Size([560, 2048])
Epoch   1  Train Loss 5.0710 97.27%
Epoch   1:  Dev 0.5900216698646545
Epoch   1: Test 0.6227781772613525
patience: 0 / 6
Epoch   2  Train Loss 4.9112 99.42%
Epoch   2:  Dev 0.5978260636329651
Epoch   2: Test 0.6238159537315369
patience: 0 / 6
Epoch   3  Train Loss 4.8996 99.48%
Epoch   3:  Dev 0.5931321382522583
patience: 1 / 6
Epoch   4  Train Loss 4.8950 99.54%
Epoch   4:  Dev 0.5754246115684509
patience: 2 / 6
Epoch   5  Train Loss 4.8868 99.60%
Epoch   5:  Dev 0.5892115831375122
patience: 3 / 6
Epoch   6  Train Loss 4.8835 99.63%
Epoch   6:  Dev 0.593718409538269
patience: 4 / 6
Epoch   7  Train Loss 4.8773 99.68%
Epoch   7:  Dev 0.5911431312561035
patience: 5 / 6
Epoch   8  Train Loss 4.8771 99.71%
Epoch   8:  Dev 0.6117136478424072
Epoch   8: Test 0.6319261193275452
patience: 0 / 6
Epoch   9  Train Loss 4.8738 99.74%
Epoch   9:  Dev 0.5888429284095764
patience: 1 / 6
Epoch  10  Train Loss 4.8735 99.77%
Epoch  10:  Dev 0.5928269624710083
patience: 2 / 6
Epoch  11  Train Loss 4.8737 99.79%
Epoch  11:  Dev 0.6138613820075989
Epoch  11: Test 0.6219269037246704
patience: 0 / 6
Epoch  12  Train Loss 4.8714 99.79%
Epoch  12:  Dev 0.5999999642372131
patience: 1 / 6
Epoch  13  Train Loss 4.8706 99.82%
Epoch  13:  Dev 0.6014877557754517
patience: 2 / 6
Epoch  14  Train Loss 4.8674 99.82%
Epoch  14:  Dev 0.6041896343231201
patience: 3 / 6
Epoch  15  Train Loss 4.8692 99.83%
Epoch  15:  Dev 0.593952476978302
patience: 4 / 6
Epoch  16  Train Loss 4.8702 99.84%
Epoch  16:  Dev 0.5933831334114075
patience: 5 / 6
Epoch  17  Train Loss 4.8666 99.84%
Epoch  17:  Dev 0.6002190113067627
patience: 6 / 6
setting train exemplar for learned classes
torch.Size([660, 2048])
BEST DEV 4: 0.6138613820075989
BEST TEST 4: 0.6219269037246704
