Dump name space
results/ace/FairGrad_KT_woSAM/perm_0/options.json
Dump name space
results/ace/FairGrad_KT_woSAM/perm_0/options.json
Dump name space
results/ace/FairGrad_KT_woSAM/perm_0/options.json
Dump name space
results/ace/FairGrad_KT_woSAM/perm_0/options.json
[[188, 199, 184, 194, 189, 190, 178, 186, 197, 0], [191, 187, 195, 171, 174, 179, 0], [201, 183, 193, 172, 175, 0], [200, 180, 173, 198, 177, 0], [196, 181, 182, 202, 185, 176, 170, 192, 0]]
False
train loader and exclude loader:  0
Original len train instances: 265115
train loader and exclude loader:  1
Original len train instances: 264531
train loader and exclude loader:  2
Original len train instances: 263692
train loader and exclude loader:  3
Original len train instances: 262358
train loader and exclude loader:  4
Original len train instances: 261639
Original len dev instances: 54053
Original len test instances: 93949
create basgMTL 4
False True
Epoch   1  Train Loss 0.1003 98.10%
Epoch   1:  Dev 0.491582453250885
Epoch   1: Test 0.5321100354194641
patience: 0 / 6
Epoch   2  Train Loss 0.0225 98.46%
Epoch   2:  Dev 0.44736844301223755
patience: 1 / 6
Epoch   3  Train Loss 0.0147 98.49%
Epoch   3:  Dev 0.4603581130504608
patience: 2 / 6
Epoch   4  Train Loss 0.0103 98.51%
Epoch   4:  Dev 0.577049195766449
Epoch   4: Test 0.6603773236274719
patience: 0 / 6
Epoch   5  Train Loss 0.0081 98.54%
Epoch   5:  Dev 0.4427083432674408
patience: 1 / 6
Epoch   6  Train Loss 0.0064 98.56%
Epoch   6:  Dev 0.5225225687026978
patience: 2 / 6
Epoch   7  Train Loss 0.0055 98.57%
Epoch   7:  Dev 0.5308641791343689
patience: 3 / 6
Epoch   8  Train Loss 0.0051 98.58%
Epoch   8:  Dev 0.5256409645080566
patience: 4 / 6
Epoch   9  Train Loss 0.0046 98.59%
Epoch   9:  Dev 0.5508196353912354
patience: 5 / 6
Epoch  10  Train Loss 0.0043 98.59%
Epoch  10:  Dev 0.5253164768218994
patience: 6 / 6
setting train exemplar for learned classes
torch.Size([180, 2048])
BEST DEV 0: 0.577049195766449
BEST TEST 0: 0.6603773236274719
torch.Size([180, 2048])
Epoch   1  Train Loss 9.3682 99.34%
Epoch   1:  Dev 0.5115207433700562
Epoch   1: Test 0.6480000615119934
patience: 0 / 6
Epoch   2  Train Loss 11.5077 99.73%
Epoch   2:  Dev 0.5233644843101501
Epoch   2: Test 0.6590476036071777
patience: 0 / 6
Epoch   3  Train Loss 12.4104 99.76%
Epoch   3:  Dev 0.5520581007003784
Epoch   3: Test 0.65625
patience: 0 / 6
Epoch   4  Train Loss 13.4163 99.78%
Epoch   4:  Dev 0.5476772785186768
patience: 1 / 6
Epoch   5  Train Loss 14.3923 99.78%
Epoch   5:  Dev 0.540669858455658
patience: 2 / 6
Epoch   6  Train Loss 15.1088 99.80%
Epoch   6:  Dev 0.5607939958572388
Epoch   6: Test 0.659919023513794
patience: 0 / 6
Epoch   7  Train Loss 15.8956 99.81%
Epoch   7:  Dev 0.5563910007476807
patience: 1 / 6
Epoch   8  Train Loss 16.5902 99.82%
Epoch   8:  Dev 0.5648854970932007
Epoch   8: Test 0.6624737977981567
patience: 0 / 6
Epoch   9  Train Loss 17.0054 99.83%
Epoch   9:  Dev 0.5563910007476807
patience: 1 / 6
Epoch  10  Train Loss 17.4135 99.85%
Epoch  10:  Dev 0.5634517669677734
patience: 2 / 6
Epoch  11  Train Loss 17.9940 99.85%
Epoch  11:  Dev 0.575129508972168
Epoch  11: Test 0.6666666269302368
patience: 0 / 6
Epoch  12  Train Loss 18.2755 99.85%
Epoch  12:  Dev 0.572890043258667
patience: 1 / 6
Epoch  13  Train Loss 18.5733 99.87%
Epoch  13:  Dev 0.5751978754997253
Epoch  13: Test 0.647948145866394
patience: 0 / 6
Epoch  14  Train Loss 19.2372 99.87%
Epoch  14:  Dev 0.5846154093742371
Epoch  14: Test 0.6516393423080444
patience: 0 / 6
Epoch  15  Train Loss 19.4051 99.89%
Epoch  15:  Dev 0.5729166865348816
patience: 1 / 6
Epoch  16  Train Loss 19.7207 99.89%
Epoch  16:  Dev 0.5648854970932007
patience: 2 / 6
Epoch  17  Train Loss 19.6573 99.89%
Epoch  17:  Dev 0.5684754848480225
patience: 3 / 6
Epoch  18  Train Loss 20.0006 99.90%
Epoch  18:  Dev 0.5663264989852905
patience: 4 / 6
Epoch  19  Train Loss 20.5303 99.91%
Epoch  19:  Dev 0.5655527114868164
patience: 5 / 6
Epoch  20  Train Loss 20.4666 99.91%
Epoch  20:  Dev 0.5806452035903931
patience: 6 / 6
setting train exemplar for learned classes
torch.Size([300, 2048])
BEST DEV 1: 0.5846154093742371
BEST TEST 1: 0.6516393423080444
torch.Size([300, 2048])
Epoch   1  Train Loss 16.9645 98.96%
Epoch   1:  Dev 0.6288492679595947
Epoch   1: Test 0.7025023102760315
patience: 0 / 6
Epoch   2  Train Loss 19.1211 99.68%
Epoch   2:  Dev 0.6251993775367737
patience: 1 / 6
Epoch   3  Train Loss 19.6377 99.71%
Epoch   3:  Dev 0.6315789222717285
Epoch   3: Test 0.688950777053833
patience: 0 / 6
Epoch   4  Train Loss 19.8697 99.74%
Epoch   4:  Dev 0.6373626589775085
Epoch   4: Test 0.7089073061943054
patience: 0 / 6
Epoch   5  Train Loss 20.8925 99.77%
Epoch   5:  Dev 0.6236559152603149
patience: 1 / 6
Epoch   6  Train Loss 21.7127 99.78%
Epoch   6:  Dev 0.6331169009208679
patience: 2 / 6
Epoch   7  Train Loss 21.9259 99.79%
Epoch   7:  Dev 0.6325878500938416
patience: 3 / 6
Epoch   8  Train Loss 22.4389 99.80%
Epoch   8:  Dev 0.6377708911895752
Epoch   8: Test 0.6972147226333618
patience: 0 / 6
Epoch   9  Train Loss 22.4636 99.82%
Epoch   9:  Dev 0.6292135119438171
patience: 1 / 6
Epoch  10  Train Loss 23.1172 99.83%
Epoch  10:  Dev 0.6376811861991882
patience: 2 / 6
Epoch  11  Train Loss 22.9268 99.84%
Epoch  11:  Dev 0.6231002807617188
patience: 3 / 6
Epoch  12  Train Loss 23.0194 99.85%
Epoch  12:  Dev 0.6148760318756104
patience: 4 / 6
Epoch  13  Train Loss 24.1752 99.85%
Epoch  13:  Dev 0.6327160596847534
patience: 5 / 6
Epoch  14  Train Loss 24.3075 99.86%
Epoch  14:  Dev 0.6401273608207703
Epoch  14: Test 0.7048137784004211
patience: 0 / 6
Epoch  15  Train Loss 24.1766 99.88%
Epoch  15:  Dev 0.6394779682159424
patience: 1 / 6
Epoch  16  Train Loss 24.8018 99.88%
Epoch  16:  Dev 0.6320754289627075
patience: 2 / 6
Epoch  17  Train Loss 25.7333 99.88%
Epoch  17:  Dev 0.6376360654830933
patience: 3 / 6
Epoch  18  Train Loss 25.6147 99.90%
Epoch  18:  Dev 0.6310832500457764
patience: 4 / 6
Epoch  19  Train Loss 26.1476 99.90%
Epoch  19:  Dev 0.6234177350997925
patience: 5 / 6
Epoch  20  Train Loss 26.0995 99.90%
Epoch  20:  Dev 0.6384364366531372
patience: 6 / 6
setting train exemplar for learned classes
torch.Size([400, 2048])
BEST DEV 2: 0.6401273608207703
BEST TEST 2: 0.7048137784004211
torch.Size([400, 2048])
Epoch   1  Train Loss 11.8462 98.74%
Epoch   1:  Dev 0.6121437549591064
Epoch   1: Test 0.6651651859283447
patience: 0 / 6
Epoch   2  Train Loss 13.7117 99.70%
Epoch   2:  Dev 0.6199261546134949
Epoch   2: Test 0.6781179904937744
patience: 0 / 6
Epoch   3  Train Loss 14.4857 99.74%
Epoch   3:  Dev 0.6240601539611816
Epoch   3: Test 0.6768994331359863
patience: 0 / 6
Epoch   4  Train Loss 15.0369 99.77%
Epoch   4:  Dev 0.6243902444839478
Epoch   4: Test 0.668639063835144
patience: 0 / 6
Epoch   5  Train Loss 15.6645 99.79%
Epoch   5:  Dev 0.6146095991134644
patience: 1 / 6
Epoch   6  Train Loss 16.0852 99.81%
Epoch   6:  Dev 0.6385224461555481
Epoch   6: Test 0.6932465434074402
patience: 0 / 6
Epoch   7  Train Loss 16.8099 99.82%
Epoch   7:  Dev 0.6167290806770325
patience: 1 / 6
Epoch   8  Train Loss 16.8798 99.84%
Epoch   8:  Dev 0.6269841194152832
patience: 2 / 6
Epoch   9  Train Loss 17.4761 99.86%
Epoch   9:  Dev 0.6289308071136475
patience: 3 / 6
Epoch  10  Train Loss 17.4794 99.87%
Epoch  10:  Dev 0.6195787191390991
patience: 4 / 6
Epoch  11  Train Loss 17.7418 99.88%
Epoch  11:  Dev 0.6113207936286926
patience: 5 / 6
Epoch  12  Train Loss 18.2065 99.89%
Epoch  12:  Dev 0.6105527877807617
patience: 6 / 6
setting train exemplar for learned classes
torch.Size([500, 2048])
BEST DEV 3: 0.6385224461555481
BEST TEST 3: 0.6932465434074402
torch.Size([500, 2048])
Epoch   1  Train Loss 10.6937 98.34%
Epoch   1:  Dev 0.6448703408241272
Epoch   1: Test 0.6351633071899414
patience: 0 / 6
Epoch   2  Train Loss 12.1443 99.78%
Epoch   2:  Dev 0.6578072905540466
Epoch   2: Test 0.6322931051254272
patience: 0 / 6
Epoch   3  Train Loss 12.8291 99.80%
Epoch   3:  Dev 0.6384872198104858
patience: 1 / 6
Epoch   4  Train Loss 13.4609 99.81%
Epoch   4:  Dev 0.6384439468383789
patience: 2 / 6
Epoch   5  Train Loss 13.8954 99.83%
Epoch   5:  Dev 0.6325369477272034
patience: 3 / 6
Epoch   6  Train Loss 14.2342 99.84%
Epoch   6:  Dev 0.63564133644104
patience: 4 / 6
Epoch   7  Train Loss 14.6423 99.85%
Epoch   7:  Dev 0.6373626589775085
patience: 5 / 6
Epoch   8  Train Loss 14.8308 99.86%
Epoch   8:  Dev 0.6412917375564575
patience: 6 / 6
setting train exemplar for learned classes
torch.Size([660, 2048])
BEST DEV 4: 0.6578072905540466
BEST TEST 4: 0.6322931051254272
