Dump name space
results/ace/NashMTL_woLMH_woSAM_narate-40_cluster-4_gen-10/perm_0/options.json
Dump name space
results/ace/NashMTL_woLMH_woSAM_narate-40_cluster-4_gen-10/perm_0/options.json
Dump name space
results/ace/NashMTL_woLMH_woSAM_narate-40_cluster-4_gen-10/perm_0/options.json
Dump name space
results/ace/NashMTL_woLMH_woSAM_narate-40_cluster-4_gen-10/perm_0/options.json
Dump name space
results/ace/NashMTL_woLMH_woSAM_narate-40_cluster-4_gen-10/perm_0/options.json
[[188, 199, 184, 194, 189, 190, 178, 186, 197, 0], [191, 187, 195, 171, 174, 179, 0], [201, 183, 193, 172, 175, 0], [200, 180, 173, 198, 177, 0], [196, 181, 182, 202, 185, 176, 170, 192, 0]]
False
train loader and exclude loader:  0
Original len train instances: 265115
train loader and exclude loader:  1
Original len train instances: 264531
train loader and exclude loader:  2
Original len train instances: 263692
train loader and exclude loader:  3
Original len train instances: 262358
train loader and exclude loader:  4
Original len train instances: 261639
Original len dev instances: 54053
Original len test instances: 93949
create basgMTL 4
False True
Epoch   1  Train Loss 0.1003 98.10%
Epoch   1:  Dev 0.491582453250885
Epoch   1: Test 0.5321100354194641
patience: 0 / 6
Epoch   2  Train Loss 0.0225 98.46%
Epoch   2:  Dev 0.44736844301223755
patience: 1 / 6
Epoch   3  Train Loss 0.0147 98.49%
Epoch   3:  Dev 0.4603581130504608
patience: 2 / 6
Epoch   4  Train Loss 0.0103 98.51%
Epoch   4:  Dev 0.577049195766449
Epoch   4: Test 0.6603773236274719
patience: 0 / 6
Epoch   5  Train Loss 0.0081 98.54%
Epoch   5:  Dev 0.4427083432674408
patience: 1 / 6
Epoch   6  Train Loss 0.0064 98.56%
Epoch   6:  Dev 0.5225225687026978
patience: 2 / 6
Epoch   7  Train Loss 0.0055 98.57%
Epoch   7:  Dev 0.5308641791343689
patience: 3 / 6
Epoch   8  Train Loss 0.0051 98.58%
Epoch   8:  Dev 0.5256409645080566
patience: 4 / 6
Epoch   9  Train Loss 0.0046 98.59%
Epoch   9:  Dev 0.5508196353912354
patience: 5 / 6
Epoch  10  Train Loss 0.0043 98.59%
Epoch  10:  Dev 0.5253164768218994
patience: 6 / 6
setting train exemplar for learned classes
torch.Size([180, 2048])
BEST DEV 0: 0.577049195766449
BEST TEST 0: 0.6603773236274719
torch.Size([180, 2048])
Epoch   1  Train Loss 3.4651 99.21%
Epoch   1:  Dev 0.467741996049881
Epoch   1: Test 0.6159291863441467
patience: 0 / 6
Epoch   2  Train Loss 3.3969 99.62%
Epoch   2:  Dev 0.4606741666793823
patience: 1 / 6
Epoch   3  Train Loss 3.3797 99.66%
Epoch   3:  Dev 0.5107296109199524
Epoch   3: Test 0.6227757930755615
patience: 0 / 6
Epoch   4  Train Loss 3.3753 99.70%
Epoch   4:  Dev 0.5296803116798401
Epoch   4: Test 0.6113074421882629
patience: 0 / 6
Epoch   5  Train Loss 3.3694 99.73%
Epoch   5:  Dev 0.5196506381034851
patience: 1 / 6
Epoch   6  Train Loss 3.3574 99.77%
Epoch   6:  Dev 0.5483871102333069
Epoch   6: Test 0.6383764147758484
patience: 0 / 6
Epoch   7  Train Loss 3.3615 99.79%
Epoch   7:  Dev 0.5375853776931763
patience: 1 / 6
Epoch   8  Train Loss 3.3585 99.82%
Epoch   8:  Dev 0.560196578502655
Epoch   8: Test 0.6384615302085876
patience: 0 / 6
Epoch   9  Train Loss 3.3577 99.84%
Epoch   9:  Dev 0.5318182110786438
patience: 1 / 6
Epoch  10  Train Loss 3.3557 99.84%
Epoch  10:  Dev 0.5428571701049805
patience: 2 / 6
Epoch  11  Train Loss 3.3544 99.86%
Epoch  11:  Dev 0.5415676832199097
patience: 3 / 6
Epoch  12  Train Loss 3.3542 99.87%
Epoch  12:  Dev 0.5560975670814514
patience: 4 / 6
Epoch  13  Train Loss 3.3495 99.87%
Epoch  13:  Dev 0.5419664978981018
patience: 5 / 6
Epoch  14  Train Loss 3.3466 99.89%
Epoch  14:  Dev 0.5594059228897095
patience: 6 / 6
setting train exemplar for learned classes
torch.Size([300, 2048])
BEST DEV 1: 0.560196578502655
BEST TEST 1: 0.6384615302085876
torch.Size([300, 2048])
Epoch   1  Train Loss 2.7360 98.97%
Epoch   1:  Dev 0.6080477237701416
Epoch   1: Test 0.6976336240768433
patience: 0 / 6
Epoch   2  Train Loss 2.6775 99.59%
Epoch   2:  Dev 0.5835694074630737
patience: 1 / 6
Epoch   3  Train Loss 2.6716 99.66%
Epoch   3:  Dev 0.5870503783226013
patience: 2 / 6
Epoch   4  Train Loss 2.6686 99.70%
Epoch   4:  Dev 0.5965908765792847
patience: 3 / 6
Epoch   5  Train Loss 2.6614 99.75%
Epoch   5:  Dev 0.5791610479354858
patience: 4 / 6
Epoch   6  Train Loss 2.6621 99.77%
Epoch   6:  Dev 0.602026104927063
patience: 5 / 6
Epoch   7  Train Loss 2.6604 99.79%
Epoch   7:  Dev 0.5935672521591187
patience: 6 / 6
setting train exemplar for learned classes
torch.Size([400, 2048])
BEST DEV 2: 0.6080477237701416
BEST TEST 2: 0.6976336240768433
torch.Size([400, 2048])
Epoch   1  Train Loss 3.1531 99.20%
Epoch   1:  Dev 0.5811965465545654
Epoch   1: Test 0.6098654866218567
patience: 0 / 6
Epoch   2  Train Loss 3.1024 99.48%
Epoch   2:  Dev 0.5589430928230286
patience: 1 / 6
Epoch   3  Train Loss 3.0884 99.56%
Epoch   3:  Dev 0.5618448853492737
patience: 2 / 6
Epoch   4  Train Loss 3.0863 99.61%
Epoch   4:  Dev 0.5916114449501038
Epoch   4: Test 0.6221928000450134
patience: 0 / 6
Epoch   5  Train Loss 3.0823 99.66%
Epoch   5:  Dev 0.6097837686538696
Epoch   5: Test 0.6396081447601318
patience: 0 / 6
Epoch   6  Train Loss 3.0738 99.72%
Epoch   6:  Dev 0.6027397513389587
patience: 1 / 6
Epoch   7  Train Loss 3.0782 99.73%
Epoch   7:  Dev 0.5743017196655273
patience: 2 / 6
Epoch   8  Train Loss 3.0729 99.77%
Epoch   8:  Dev 0.6251526474952698
Epoch   8: Test 0.6516516804695129
patience: 0 / 6
Epoch   9  Train Loss 3.0684 99.79%
Epoch   9:  Dev 0.5988304018974304
patience: 1 / 6
Epoch  10  Train Loss 3.0694 99.80%
Epoch  10:  Dev 0.5978648066520691
patience: 2 / 6
Epoch  11  Train Loss 3.0665 99.81%
Epoch  11:  Dev 0.5777262449264526
patience: 3 / 6
Epoch  12  Train Loss 3.0697 99.84%
Epoch  12:  Dev 0.5912838578224182
patience: 4 / 6
Epoch  13  Train Loss 3.0654 99.83%
Epoch  13:  Dev 0.5975610017776489
patience: 5 / 6
Epoch  14  Train Loss 3.0682 99.85%
Epoch  14:  Dev 0.6155688762664795
patience: 6 / 6
setting train exemplar for learned classes
torch.Size([500, 2048])
BEST DEV 3: 0.6251526474952698
BEST TEST 3: 0.6516516804695129
torch.Size([500, 2048])
Epoch   1  Train Loss 3.5507 98.64%
Epoch   1:  Dev 0.6077669858932495
Epoch   1: Test 0.6048192381858826
patience: 0 / 6
Epoch   2  Train Loss 3.4307 99.68%
Epoch   2:  Dev 0.6037364602088928
patience: 1 / 6
Epoch   3  Train Loss 3.4226 99.73%
Epoch   3:  Dev 0.6019802093505859
patience: 2 / 6
Epoch   4  Train Loss 3.4157 99.76%
Epoch   4:  Dev 0.6259219646453857
Epoch   4: Test 0.6073299050331116
patience: 0 / 6
Epoch   5  Train Loss 3.4121 99.79%
Epoch   5:  Dev 0.6045081615447998
patience: 1 / 6
Epoch   6  Train Loss 3.4079 99.83%
Epoch   6:  Dev 0.6166842579841614
patience: 2 / 6
Epoch   7  Train Loss 3.4062 99.84%
Epoch   7:  Dev 0.595073938369751
patience: 3 / 6
Epoch   8  Train Loss 3.4058 99.85%
Epoch   8:  Dev 0.6328293085098267
Epoch   8: Test 0.6015831232070923
patience: 0 / 6
Epoch   9  Train Loss 3.4025 99.87%
Epoch   9:  Dev 0.6265822649002075
patience: 1 / 6
Epoch  10  Train Loss 3.4008 99.87%
Epoch  10:  Dev 0.6233479976654053
patience: 2 / 6
Epoch  11  Train Loss 3.4027 99.87%
Epoch  11:  Dev 0.6190976500511169
patience: 3 / 6
Epoch  12  Train Loss 3.4008 99.88%
Epoch  12:  Dev 0.6361702084541321
Epoch  12: Test 0.6022501587867737
patience: 0 / 6
Epoch  13  Train Loss 3.4001 99.88%
Epoch  13:  Dev 0.6333712339401245
patience: 1 / 6
Epoch  14  Train Loss 3.3984 99.89%
Epoch  14:  Dev 0.6324973106384277
patience: 2 / 6
Epoch  15  Train Loss 3.4000 99.90%
Epoch  15:  Dev 0.6342494487762451
patience: 3 / 6
Epoch  16  Train Loss 3.3974 99.90%
Epoch  16:  Dev 0.6357758641242981
patience: 4 / 6
Epoch  17  Train Loss 3.3982 99.91%
Epoch  17:  Dev 0.6398210525512695
Epoch  17: Test 0.5806001424789429
patience: 0 / 6
Epoch  18  Train Loss 3.3985 99.91%
Epoch  18:  Dev 0.6417582035064697
Epoch  18: Test 0.5774456262588501
patience: 0 / 6
Epoch  19  Train Loss 3.3976 99.91%
Epoch  19:  Dev 0.6344207525253296
patience: 1 / 6
Epoch  20  Train Loss 3.3934 99.92%
Epoch  20:  Dev 0.6407323479652405
patience: 2 / 6
Epoch  21  Train Loss 3.3955 99.91%
Epoch  21:  Dev 0.6276715993881226
patience: 3 / 6
Epoch  22  Train Loss 3.3956 99.92%
Epoch  22:  Dev 0.6227272748947144
patience: 4 / 6
Epoch  23  Train Loss 3.3970 99.91%
Epoch  23:  Dev 0.6288309097290039
patience: 5 / 6
Epoch  24  Train Loss 3.3962 99.92%
Epoch  24:  Dev 0.6400886178016663
patience: 6 / 6
setting train exemplar for learned classes
torch.Size([660, 2048])
BEST DEV 4: 0.6417582035064697
BEST TEST 4: 0.5774456262588501
