Dump name space
results/ace/NashMTL_narate-10_cluster-8_gen-20/perm_1/options.json
Dump name space
results/ace/NashMTL_narate-10_cluster-8_gen-20/perm_1/options.json
Dump name space
results/ace/NashMTL_narate-10_cluster-8_gen-20/perm_1/options.json
Dump name space
results/ace/NashMTL_narate-10_cluster-8_gen-20/perm_1/options.json
[[196, 181, 182, 202, 185, 176, 170, 192, 0], [200, 180, 173, 198, 177, 0], [201, 183, 193, 172, 175, 0], [191, 187, 195, 171, 174, 179, 0], [188, 199, 184, 194, 189, 190, 178, 186, 197, 0]]
False
train loader and exclude loader:  0
Original len train instances: 265115
train loader and exclude loader:  1
Original len train instances: 264503
train loader and exclude loader:  2
Original len train instances: 263784
train loader and exclude loader:  3
Original len train instances: 262450
train loader and exclude loader:  4
Original len train instances: 261611
Original len dev instances: 54053
Original len test instances: 93949
create basgMTL 4
False True
Epoch   1  Train Loss 0.2453 98.79%
Epoch   1:  Dev 0.21725238859653473
Epoch   1: Test 0.25287356972694397
patience: 0 / 6
Epoch   2  Train Loss 0.0779 99.06%
Epoch   2:  Dev 0.2749003767967224
Epoch   2: Test 0.3110465109348297
patience: 0 / 6
Epoch   3  Train Loss 0.0547 99.17%
Epoch   3:  Dev 0.3170163333415985
Epoch   3: Test 0.344391793012619
patience: 0 / 6
Epoch   4  Train Loss 0.0410 99.27%
Epoch   4:  Dev 0.41860467195510864
Epoch   4: Test 0.4121212065219879
patience: 0 / 6
Epoch   5  Train Loss 0.0335 99.40%
Epoch   5:  Dev 0.28631579875946045
patience: 1 / 6
Epoch   6  Train Loss 0.0261 99.49%
Epoch   6:  Dev 0.4822695553302765
Epoch   6: Test 0.43096235394477844
patience: 0 / 6
Epoch   7  Train Loss 0.0225 99.57%
Epoch   7:  Dev 0.5112781524658203
Epoch   7: Test 0.46948355436325073
patience: 0 / 6
Epoch   8  Train Loss 0.0195 99.61%
Epoch   8:  Dev 0.4483985900878906
patience: 1 / 6
Epoch   9  Train Loss 0.0179 99.62%
Epoch   9:  Dev 0.46315789222717285
patience: 2 / 6
Epoch  10  Train Loss 0.0169 99.64%
Epoch  10:  Dev 0.48995983600616455
patience: 3 / 6
Epoch  11  Train Loss 0.0150 99.69%
Epoch  11:  Dev 0.536170244216919
Epoch  11: Test 0.4516129195690155
patience: 0 / 6
Epoch  12  Train Loss 0.0122 99.74%
Epoch  12:  Dev 0.5753424167633057
Epoch  12: Test 0.4639175534248352
patience: 0 / 6
Epoch  13  Train Loss 0.0112 99.76%
Epoch  13:  Dev 0.5
patience: 1 / 6
Epoch  14  Train Loss 0.0094 99.80%
Epoch  14:  Dev 0.45695367455482483
patience: 2 / 6
Epoch  15  Train Loss 0.0092 99.81%
Epoch  15:  Dev 0.5236051082611084
patience: 3 / 6
Epoch  16  Train Loss 0.0091 99.81%
Epoch  16:  Dev 0.5727699398994446
patience: 4 / 6
Epoch  17  Train Loss 0.0088 99.81%
Epoch  17:  Dev 0.5841583609580994
Epoch  17: Test 0.451977401971817
patience: 0 / 6
Epoch  18  Train Loss 0.0088 99.83%
Epoch  18:  Dev 0.530434787273407
patience: 1 / 6
Epoch  19  Train Loss 0.0070 99.86%
Epoch  19:  Dev 0.550000011920929
patience: 2 / 6
Epoch  20  Train Loss 0.0075 99.85%
Epoch  20:  Dev 0.5742573738098145
patience: 3 / 6
Epoch  21  Train Loss 0.0075 99.85%
Epoch  21:  Dev 0.52173912525177
patience: 4 / 6
Epoch  22  Train Loss 0.0065 99.87%
Epoch  22:  Dev 0.615384578704834
Epoch  22: Test 0.447674423456192
patience: 0 / 6
Epoch  23  Train Loss 0.0066 99.87%
Epoch  23:  Dev 0.6057143211364746
patience: 1 / 6
Epoch  24  Train Loss 0.0068 99.88%
Epoch  24:  Dev 0.6031745672225952
patience: 2 / 6
Epoch  25  Train Loss 0.0059 99.88%
Epoch  25:  Dev 0.6129032373428345
patience: 3 / 6
Epoch  26  Train Loss 0.0050 99.90%
Epoch  26:  Dev 0.5856354236602783
patience: 4 / 6
Epoch  27  Train Loss 0.0047 99.90%
Epoch  27:  Dev 0.6626505851745605
Epoch  27: Test 0.4749999940395355
patience: 0 / 6
Epoch  28  Train Loss 0.0047 99.91%
Epoch  28:  Dev 0.6428571343421936
patience: 1 / 6
Epoch  29  Train Loss 0.0054 99.91%
Epoch  29:  Dev 0.5925925970077515
patience: 2 / 6
Epoch  30  Train Loss 0.0076 99.88%
Epoch  30:  Dev 0.5929648280143738
patience: 3 / 6
setting train exemplar for learned classes
torch.Size([160, 2048])
BEST DEV 0: 0.6626505851745605
BEST TEST 0: 0.4749999940395355
torch.Size([160, 2048])
Epoch   1  Train Loss 1.9399 97.85%
Epoch   1:  Dev 0.48708486557006836
Epoch   1: Test 0.3918757438659668
patience: 0 / 6
Epoch   2  Train Loss 1.7376 99.29%
Epoch   2:  Dev 0.5470459461212158
Epoch   2: Test 0.45340749621391296
patience: 0 / 6
Epoch   3  Train Loss 1.7134 99.37%
Epoch   3:  Dev 0.5548387169837952
Epoch   3: Test 0.4399999976158142
patience: 0 / 6
Epoch   4  Train Loss 1.6968 99.45%
Epoch   4:  Dev 0.5427350401878357
patience: 1 / 6
Epoch   5  Train Loss 1.6891 99.50%
Epoch   5:  Dev 0.5096524953842163
patience: 2 / 6
Epoch   6  Train Loss 1.6859 99.59%
Epoch   6:  Dev 0.6153846383094788
Epoch   6: Test 0.4834437072277069
patience: 0 / 6
Epoch   7  Train Loss 1.6703 99.64%
Epoch   7:  Dev 0.6010100841522217
patience: 1 / 6
Epoch   8  Train Loss 1.6646 99.70%
Epoch   8:  Dev 0.5798526406288147
patience: 2 / 6
Epoch   9  Train Loss 1.6605 99.75%
Epoch   9:  Dev 0.5736041069030762
patience: 3 / 6
Epoch  10  Train Loss 1.6713 99.77%
Epoch  10:  Dev 0.5879397392272949
patience: 4 / 6
Epoch  11  Train Loss 1.6613 99.79%
Epoch  11:  Dev 0.597765326499939
patience: 5 / 6
Epoch  12  Train Loss 1.6622 99.82%
Epoch  12:  Dev 0.5873015522956848
patience: 6 / 6
setting train exemplar for learned classes
torch.Size([260, 2048])
BEST DEV 1: 0.6153846383094788
BEST TEST 1: 0.4834437072277069
torch.Size([260, 2048])
Epoch   1  Train Loss 2.9271 95.00%
Epoch   1:  Dev 0.5754838585853577
Epoch   1: Test 0.550446093082428
patience: 0 / 6
Epoch   2  Train Loss 2.5380 99.17%
Epoch   2:  Dev 0.6230440735816956
Epoch   2: Test 0.584269642829895
patience: 0 / 6
Epoch   3  Train Loss 2.5113 99.29%
Epoch   3:  Dev 0.6121296882629395
patience: 1 / 6
Epoch   4  Train Loss 2.5012 99.37%
Epoch   4:  Dev 0.6235632300376892
Epoch   4: Test 0.6025934219360352
patience: 0 / 6
Epoch   5  Train Loss 2.4853 99.45%
Epoch   5:  Dev 0.641901969909668
Epoch   5: Test 0.6156274676322937
patience: 0 / 6
Epoch   6  Train Loss 2.4798 99.51%
Epoch   6:  Dev 0.6395173072814941
patience: 1 / 6
Epoch   7  Train Loss 2.4706 99.56%
Epoch   7:  Dev 0.6336336135864258
patience: 2 / 6
Epoch   8  Train Loss 2.4701 99.60%
Epoch   8:  Dev 0.6635220050811768
Epoch   8: Test 0.6302040815353394
patience: 0 / 6
Epoch   9  Train Loss 2.4663 99.66%
Epoch   9:  Dev 0.6677066683769226
Epoch   9: Test 0.6225165128707886
patience: 0 / 6
Epoch  10  Train Loss 2.4663 99.67%
Epoch  10:  Dev 0.6730462312698364
Epoch  10: Test 0.6352739930152893
patience: 0 / 6
Epoch  11  Train Loss 2.4608 99.71%
Epoch  11:  Dev 0.655063271522522
patience: 1 / 6
Epoch  12  Train Loss 2.4585 99.72%
Epoch  12:  Dev 0.6645767688751221
patience: 2 / 6
Epoch  13  Train Loss 2.4579 99.73%
Epoch  13:  Dev 0.6708661317825317
patience: 3 / 6
Epoch  14  Train Loss 2.4591 99.74%
Epoch  14:  Dev 0.6521061062812805
patience: 4 / 6
Epoch  15  Train Loss 2.4513 99.76%
Epoch  15:  Dev 0.673234760761261
Epoch  15: Test 0.6434175968170166
patience: 0 / 6
Epoch  16  Train Loss 2.4499 99.78%
Epoch  16:  Dev 0.677367627620697
Epoch  16: Test 0.6352941989898682
patience: 0 / 6
Epoch  17  Train Loss 2.4548 99.79%
Epoch  17:  Dev 0.6868686676025391
Epoch  17: Test 0.6521739363670349
patience: 0 / 6
Epoch  18  Train Loss 2.4584 99.78%
Epoch  18:  Dev 0.6613418459892273
patience: 1 / 6
Epoch  19  Train Loss 2.4510 99.79%
Epoch  19:  Dev 0.6789916157722473
patience: 2 / 6
Epoch  20  Train Loss 2.4495 99.80%
Epoch  20:  Dev 0.673234760761261
patience: 3 / 6
Epoch  21  Train Loss 2.4506 99.81%
Epoch  21:  Dev 0.6622951626777649
patience: 4 / 6
Epoch  22  Train Loss 2.4522 99.81%
Epoch  22:  Dev 0.6763753890991211
patience: 5 / 6
Epoch  23  Train Loss 2.4486 99.82%
Epoch  23:  Dev 0.6733002066612244
patience: 6 / 6
setting train exemplar for learned classes
torch.Size([360, 2048])
BEST DEV 2: 0.6868686676025391
BEST TEST 2: 0.6521739363670349
torch.Size([360, 2048])
Epoch   1  Train Loss 3.2855 95.09%
Epoch   1:  Dev 0.6441176533699036
Epoch   1: Test 0.6181818246841431
patience: 0 / 6
Epoch   2  Train Loss 2.7494 99.50%
Epoch   2:  Dev 0.6108664274215698
patience: 1 / 6
Epoch   3  Train Loss 2.7255 99.57%
Epoch   3:  Dev 0.636904776096344
patience: 2 / 6
Epoch   4  Train Loss 2.7055 99.62%
Epoch   4:  Dev 0.6461538076400757
Epoch   4: Test 0.6178861856460571
patience: 0 / 6
Epoch   5  Train Loss 2.6832 99.65%
Epoch   5:  Dev 0.6533742547035217
Epoch   5: Test 0.6254598498344421
patience: 0 / 6
Epoch   6  Train Loss 2.6797 99.71%
Epoch   6:  Dev 0.6534954309463501
Epoch   6: Test 0.6104651093482971
patience: 0 / 6
Epoch   7  Train Loss 2.6733 99.74%
Epoch   7:  Dev 0.6615384221076965
Epoch   7: Test 0.6291635632514954
patience: 0 / 6
Epoch   8  Train Loss 2.6672 99.77%
Epoch   8:  Dev 0.6543779373168945
patience: 1 / 6
Epoch   9  Train Loss 2.6627 99.80%
Epoch   9:  Dev 0.6615146994590759
patience: 2 / 6
Epoch  10  Train Loss 2.6645 99.80%
Epoch  10:  Dev 0.6605504751205444
patience: 3 / 6
Epoch  11  Train Loss 2.6610 99.82%
Epoch  11:  Dev 0.6728971600532532
Epoch  11: Test 0.634036123752594
patience: 0 / 6
Epoch  12  Train Loss 2.6633 99.83%
Epoch  12:  Dev 0.6592000126838684
patience: 1 / 6
Epoch  13  Train Loss 2.6581 99.85%
Epoch  13:  Dev 0.6540284752845764
patience: 2 / 6
Epoch  14  Train Loss 2.6581 99.85%
Epoch  14:  Dev 0.6719744801521301
patience: 3 / 6
Epoch  15  Train Loss 2.6592 99.86%
Epoch  15:  Dev 0.6540880799293518
patience: 4 / 6
Epoch  16  Train Loss 2.6565 99.87%
Epoch  16:  Dev 0.649681568145752
patience: 5 / 6
Epoch  17  Train Loss 2.6554 99.87%
Epoch  17:  Dev 0.6634615659713745
patience: 6 / 6
setting train exemplar for learned classes
torch.Size([480, 2048])
BEST DEV 3: 0.6728971600532532
BEST TEST 3: 0.634036123752594
torch.Size([480, 2048])
Epoch   1  Train Loss 3.6647 93.52%
Epoch   1:  Dev 0.5431861877441406
Epoch   1: Test 0.5958254337310791
patience: 0 / 6
Epoch   2  Train Loss 2.9997 99.57%
Epoch   2:  Dev 0.5555555820465088
Epoch   2: Test 0.6026365756988525
patience: 0 / 6
Epoch   3  Train Loss 2.9615 99.64%
Epoch   3:  Dev 0.5725645422935486
Epoch   3: Test 0.6070740222930908
patience: 0 / 6
Epoch   4  Train Loss 2.9389 99.68%
Epoch   4:  Dev 0.5754812359809875
Epoch   4: Test 0.6041939854621887
patience: 0 / 6
Epoch   5  Train Loss 2.9249 99.72%
Epoch   5:  Dev 0.5849056839942932
Epoch   5: Test 0.6090425848960876
patience: 0 / 6
Epoch   6  Train Loss 2.9161 99.76%
Epoch   6:  Dev 0.5681581497192383
patience: 1 / 6
Epoch   7  Train Loss 2.9095 99.77%
Epoch   7:  Dev 0.5887264609336853
Epoch   7: Test 0.60665363073349
patience: 0 / 6
Epoch   8  Train Loss 2.9056 99.81%
Epoch   8:  Dev 0.6067908406257629
Epoch   8: Test 0.6089965105056763
patience: 0 / 6
Epoch   9  Train Loss 2.9008 99.83%
Epoch   9:  Dev 0.5683987736701965
patience: 1 / 6
Epoch  10  Train Loss 2.9001 99.84%
Epoch  10:  Dev 0.574999988079071
patience: 2 / 6
Epoch  11  Train Loss 2.9000 99.85%
Epoch  11:  Dev 0.5870020985603333
patience: 3 / 6
Epoch  12  Train Loss 2.8972 99.86%
Epoch  12:  Dev 0.5837957859039307
patience: 4 / 6
Epoch  13  Train Loss 2.8951 99.86%
Epoch  13:  Dev 0.5755996108055115
patience: 5 / 6
Epoch  14  Train Loss 2.8962 99.87%
Epoch  14:  Dev 0.5681341886520386
patience: 6 / 6
setting train exemplar for learned classes
torch.Size([660, 2048])
BEST DEV 4: 0.6067908406257629
BEST TEST 4: 0.6089965105056763
