Dump name space
results/maven/FairGrad_woLMH_woLosstrick_woSR_fairgrad_alpha-0.8/perm_2/options.json
Dump name space
results/maven/FairGrad_woLMH_woLosstrick_woSR_fairgrad_alpha-0.8/perm_2/options.json
Dump name space
results/maven/FairGrad_woLMH_woLosstrick_woSR_fairgrad_alpha-0.8/perm_2/options.json
Dump name space
results/maven/FairGrad_woLMH_woLosstrick_woSR_fairgrad_alpha-0.8/perm_2/options.json
Dump name space
results/maven/FairGrad_woLMH_woLosstrick_woSR_fairgrad_alpha-0.8/perm_2/options.json
[[134, 99, 105, 91, 52, 19, 135, 122, 127, 102, 108, 104, 110, 38, 118, 121, 160, 26, 34, 33, 158, 130, 165, 86, 149, 146, 164, 4, 131, 75, 90, 10, 32, 0], [157, 18, 114, 92, 67, 153, 80, 115, 78, 154, 27, 5, 69, 117, 44, 83, 155, 40, 45, 139, 137, 14, 138, 119, 74, 150, 59, 54, 28, 9, 140, 37, 107, 76, 47, 0], [46, 36, 17, 13, 12, 20, 25, 49, 169, 148, 87, 56, 95, 81, 58, 57, 161, 64, 163, 82, 43, 125, 35, 96, 156, 100, 66, 30, 50, 120, 0], [151, 16, 3, 70, 106, 141, 68, 31, 79, 101, 166, 167, 94, 21, 51, 7, 73, 145, 2, 124, 159, 61, 41, 142, 126, 144, 55, 168, 29, 11, 24, 0], [147, 48, 84, 39, 53, 23, 109, 22, 77, 62, 93, 143, 89, 8, 71, 85, 63, 97, 65, 103, 113, 112, 123, 152, 88, 98, 72, 42, 60, 133, 128, 116, 15, 111, 136, 162, 129, 132, 6, 0]]
True
train loader and exclude loader:  0
Original len train instances: 347788
train loader and exclude loader:  1
Original len train instances: 334861
train loader and exclude loader:  2
Original len train instances: 321448
train loader and exclude loader:  3
Original len train instances: 309156
train loader and exclude loader:  4
Original len train instances: 294589
Original len dev instances: 57198
Original len test instances: 98603
create basgMTL 4
False False
Epoch   1  Train Loss 0.1507 81.25%
Epoch   1:  Dev 0.5277435183525085
Epoch   1: Test 0.5487741231918335
patience: 0 / 5
Epoch   2  Train Loss 0.0748 82.09%
Epoch   2:  Dev 0.6476141810417175
Epoch   2: Test 0.6559699177742004
patience: 0 / 5
Epoch   3  Train Loss 0.0656 82.24%
Epoch   3:  Dev 0.6041265726089478
patience: 1 / 5
Epoch   4  Train Loss 0.0593 82.34%
Epoch   4:  Dev 0.6396372318267822
patience: 2 / 5
Epoch   5  Train Loss 0.0544 82.45%
Epoch   5:  Dev 0.6557628512382507
Epoch   5: Test 0.6637630462646484
patience: 0 / 5
Epoch   6  Train Loss 0.0499 82.53%
Epoch   6:  Dev 0.6346749067306519
patience: 1 / 5
Epoch   7  Train Loss 0.0457 82.67%
Epoch   7:  Dev 0.6642084717750549
Epoch   7: Test 0.6746651530265808
patience: 0 / 5
Epoch   8  Train Loss 0.0419 82.77%
Epoch   8:  Dev 0.6607494950294495
patience: 1 / 5
Epoch   9  Train Loss 0.0388 82.83%
Epoch   9:  Dev 0.6621553897857666
patience: 2 / 5
Epoch  10  Train Loss 0.0352 82.96%
Epoch  10:  Dev 0.6330517530441284
patience: 3 / 5
Epoch  11  Train Loss 0.0324 83.06%
Epoch  11:  Dev 0.6655112504959106
Epoch  11: Test 0.6773969531059265
patience: 0 / 5
Epoch  12  Train Loss 0.0298 83.13%
Epoch  12:  Dev 0.630122721195221
patience: 1 / 5
Epoch  13  Train Loss 0.0274 83.22%
Epoch  13:  Dev 0.6651895642280579
patience: 2 / 5
Epoch  14  Train Loss 0.0257 83.29%
Epoch  14:  Dev 0.646335244178772
patience: 3 / 5
Epoch  15  Train Loss 0.0241 83.32%
Epoch  15:  Dev 0.6676089763641357
Epoch  15: Test 0.6721638441085815
patience: 0 / 5
setting train exemplar for learned classes
torch.Size([660, 2048])
BEST DEV 0: 0.6676089763641357
BEST TEST 0: 0.6721638441085815
torch.Size([660, 2048])
Epoch   1  Train Loss 11.6664 95.71%
Epoch   1:  Dev 0.5667466521263123
Epoch   1: Test 0.5797697901725769
patience: 0 / 5
Epoch   2  Train Loss 15.6861 96.39%
Epoch   2:  Dev 0.5753008127212524
Epoch   2: Test 0.5740029811859131
patience: 0 / 5
Epoch   3  Train Loss 17.4159 96.61%
Epoch   3:  Dev 0.5952752232551575
Epoch   3: Test 0.5997030138969421
patience: 0 / 5
Epoch   4  Train Loss 18.7428 96.75%
Epoch   4:  Dev 0.58810955286026
patience: 1 / 5
Epoch   5  Train Loss 19.9961 96.87%
Epoch   5:  Dev 0.5878551006317139
patience: 2 / 5
Epoch   6  Train Loss 21.2875 96.97%
Epoch   6:  Dev 0.5877145528793335
patience: 3 / 5
Epoch   7  Train Loss 22.7625 97.07%
Epoch   7:  Dev 0.591804563999176
patience: 4 / 5
Epoch   8  Train Loss 24.6098 97.16%
Epoch   8:  Dev 0.6003525853157043
Epoch   8: Test 0.6113146543502808
patience: 0 / 5
Epoch   9  Train Loss 26.8540 97.24%
Epoch   9:  Dev 0.5971413850784302
patience: 1 / 5
Epoch  10  Train Loss 29.8198 97.35%
Epoch  10:  Dev 0.5985933542251587
patience: 2 / 5
Epoch  11  Train Loss 33.2651 97.40%
Epoch  11:  Dev 0.5968303084373474
patience: 3 / 5
Epoch  12  Train Loss 36.1895 97.49%
Epoch  12:  Dev 0.5987913608551025
patience: 4 / 5
Epoch  13  Train Loss 38.6187 97.55%
Epoch  13:  Dev 0.6010227203369141
Epoch  13: Test 0.5997288227081299
patience: 0 / 5
Epoch  14  Train Loss 41.2633 97.68%
Epoch  14:  Dev 0.6033448576927185
Epoch  14: Test 0.6020234227180481
patience: 0 / 5
Epoch  15  Train Loss 42.4815 97.77%
Epoch  15:  Dev 0.5962381362915039
patience: 1 / 5
setting train exemplar for learned classes
torch.Size([1360, 2048])
BEST DEV 1: 0.6033448576927185
BEST TEST 1: 0.6020234227180481
torch.Size([1360, 2048])
Epoch   1  Train Loss 11.1673 95.18%
Epoch   1:  Dev 0.5441333055496216
Epoch   1: Test 0.5540211796760559
patience: 0 / 5
Epoch   2  Train Loss 14.0426 96.52%
Epoch   2:  Dev 0.5534412860870361
Epoch   2: Test 0.5652621984481812
patience: 0 / 5
Epoch   3  Train Loss 15.8266 96.73%
Epoch   3:  Dev 0.5694794654846191
Epoch   3: Test 0.5763146877288818
patience: 0 / 5
Epoch   4  Train Loss 17.3902 96.94%
Epoch   4:  Dev 0.5583254098892212
patience: 1 / 5
Epoch   5  Train Loss 18.6747 97.02%
Epoch   5:  Dev 0.566148042678833
patience: 2 / 5
Epoch   6  Train Loss 20.0084 97.15%
Epoch   6:  Dev 0.5607671737670898
patience: 3 / 5
Epoch   7  Train Loss 21.1961 97.23%
Epoch   7:  Dev 0.5675168633460999
patience: 4 / 5
Epoch   8  Train Loss 21.9899 97.33%
Epoch   8:  Dev 0.5749552249908447
Epoch   8: Test 0.5712120532989502
patience: 0 / 5
Epoch   9  Train Loss 23.2476 97.40%
Epoch   9:  Dev 0.5565957427024841
patience: 1 / 5
Epoch  10  Train Loss 24.2799 97.50%
Epoch  10:  Dev 0.5658936500549316
patience: 2 / 5
Epoch  11  Train Loss 25.0345 97.56%
Epoch  11:  Dev 0.5641646981239319
patience: 3 / 5
Epoch  12  Train Loss 25.9308 97.63%
Epoch  12:  Dev 0.5607302784919739
patience: 4 / 5
Epoch  13  Train Loss 26.7691 97.71%
Epoch  13:  Dev 0.5634303689002991
patience: 5 / 5
setting train exemplar for learned classes
torch.Size([1960, 2048])
BEST DEV 2: 0.5749552249908447
BEST TEST 2: 0.5712120532989502
torch.Size([1960, 2048])
Epoch   1  Train Loss 14.3404 94.81%
Epoch   1:  Dev 0.5188229084014893
Epoch   1: Test 0.5147538185119629
patience: 0 / 5
Epoch   2  Train Loss 17.7818 96.15%
Epoch   2:  Dev 0.5225041508674622
Epoch   2: Test 0.5199013352394104
patience: 0 / 5
Epoch   3  Train Loss 19.8224 96.45%
Epoch   3:  Dev 0.5300700664520264
Epoch   3: Test 0.5252567529678345
patience: 0 / 5
Epoch   4  Train Loss 21.5025 96.61%
Epoch   4:  Dev 0.5276331305503845
patience: 1 / 5
Epoch   5  Train Loss 22.9773 96.80%
Epoch   5:  Dev 0.53282630443573
Epoch   5: Test 0.5225747227668762
patience: 0 / 5
Epoch   6  Train Loss 24.2413 96.90%
Epoch   6:  Dev 0.5379438996315002
Epoch   6: Test 0.5331552624702454
patience: 0 / 5
Epoch   7  Train Loss 25.5773 97.00%
Epoch   7:  Dev 0.538291335105896
Epoch   7: Test 0.529751718044281
patience: 0 / 5
Epoch   8  Train Loss 26.7589 97.11%
Epoch   8:  Dev 0.5327541828155518
patience: 1 / 5
Epoch   9  Train Loss 27.6384 97.22%
Epoch   9:  Dev 0.5290944576263428
patience: 2 / 5
Epoch  10  Train Loss 28.6908 97.29%
Epoch  10:  Dev 0.5263158082962036
patience: 3 / 5
Epoch  11  Train Loss 29.6179 97.38%
Epoch  11:  Dev 0.5306385159492493
patience: 4 / 5
Epoch  12  Train Loss 30.3220 97.48%
Epoch  12:  Dev 0.5310025215148926
patience: 5 / 5
setting train exemplar for learned classes
torch.Size([2580, 2048])
BEST DEV 3: 0.538291335105896
BEST TEST 3: 0.529751718044281
torch.Size([2580, 2048])
Epoch   1  Train Loss 20.4532 94.48%
Epoch   1:  Dev 0.4773068428039551
Epoch   1: Test 0.47053515911102295
patience: 0 / 5
Epoch   2  Train Loss 25.6983 96.00%
Epoch   2:  Dev 0.49042150378227234
Epoch   2: Test 0.4844881296157837
patience: 0 / 5
Epoch   3  Train Loss 29.1294 96.31%
Epoch   3:  Dev 0.49170172214508057
Epoch   3: Test 0.487946480512619
patience: 0 / 5
Epoch   4  Train Loss 31.9421 96.54%
Epoch   4:  Dev 0.4858790338039398
patience: 1 / 5
Epoch   5  Train Loss 34.3527 96.72%
Epoch   5:  Dev 0.4888915419578552
patience: 2 / 5
Epoch   6  Train Loss 36.2592 96.87%
Epoch   6:  Dev 0.4934033751487732
Epoch   6: Test 0.48919352889060974
patience: 0 / 5
Epoch   7  Train Loss 38.0200 96.99%
Epoch   7:  Dev 0.49268972873687744
patience: 1 / 5
Epoch   8  Train Loss 40.1316 97.08%
Epoch   8:  Dev 0.4896761476993561
patience: 2 / 5
Epoch   9  Train Loss 41.4107 97.17%
Epoch   9:  Dev 0.48478761315345764
patience: 3 / 5
Epoch  10  Train Loss 42.5647 97.30%
Epoch  10:  Dev 0.4962354004383087
Epoch  10: Test 0.4899013936519623
patience: 0 / 5
Epoch  11  Train Loss 44.2595 97.37%
Epoch  11:  Dev 0.489892840385437
patience: 1 / 5
Epoch  12  Train Loss 45.5359 97.46%
Epoch  12:  Dev 0.48187416791915894
patience: 2 / 5
Epoch  13  Train Loss 46.5919 97.56%
Epoch  13:  Dev 0.4883964955806732
patience: 3 / 5
Epoch  14  Train Loss 47.5332 97.62%
Epoch  14:  Dev 0.48638245463371277
patience: 4 / 5
Epoch  15  Train Loss 48.8737 97.68%
Epoch  15:  Dev 0.4840979278087616
patience: 5 / 5
setting train exemplar for learned classes
torch.Size([3360, 2048])
BEST DEV 4: 0.4962354004383087
BEST TEST 4: 0.4899013936519623
