Dump name space
results/maven/FairGrad_woSR_woSAM_woLosstrick/perm_0/options.json
Dump name space
results/maven/FairGrad_woSR_woSAM_woLosstrick/perm_0/options.json
Dump name space
results/maven/FairGrad_woSR_woSAM_woLosstrick/perm_0/options.json
Dump name space
results/maven/FairGrad_woSR_woSAM_woLosstrick/perm_0/options.json
[[134, 99, 105, 91, 52, 19, 135, 122, 127, 102, 108, 104, 110, 38, 118, 121, 160, 26, 34, 33, 158, 130, 165, 86, 149, 146, 164, 4, 131, 75, 90, 10, 32, 0], [46, 36, 17, 13, 12, 20, 25, 49, 169, 148, 87, 56, 95, 81, 58, 57, 161, 64, 163, 82, 43, 125, 35, 96, 156, 100, 66, 30, 50, 120, 0], [147, 48, 84, 39, 53, 23, 109, 22, 77, 62, 93, 143, 89, 8, 71, 85, 63, 97, 65, 103, 113, 112, 123, 152, 88, 98, 72, 42, 60, 133, 128, 116, 15, 111, 136, 162, 129, 132, 6, 0], [157, 18, 114, 92, 67, 153, 80, 115, 78, 154, 27, 5, 69, 117, 44, 83, 155, 40, 45, 139, 137, 14, 138, 119, 74, 150, 59, 54, 28, 9, 140, 37, 107, 76, 47, 0], [151, 16, 3, 70, 106, 141, 68, 31, 79, 101, 166, 167, 94, 21, 51, 7, 73, 145, 2, 124, 159, 61, 41, 142, 126, 144, 55, 168, 29, 11, 24, 0]]
True
train loader and exclude loader:  0
Original len train instances: 347788
train loader and exclude loader:  1
Original len train instances: 334861
train loader and exclude loader:  2
Original len train instances: 322569
train loader and exclude loader:  3
Original len train instances: 308131
train loader and exclude loader:  4
Original len train instances: 294718
Original len dev instances: 57198
Original len test instances: 98603
create basgMTL 4
False False
Epoch   1  Train Loss 0.1509 81.25%
Epoch   1:  Dev 0.5331702828407288
Epoch   1: Test 0.5517241358757019
patience: 0 / 5
Epoch   2  Train Loss 0.0748 82.08%
Epoch   2:  Dev 0.6512345671653748
Epoch   2: Test 0.6540090441703796
patience: 0 / 5
Epoch   3  Train Loss 0.0657 82.23%
Epoch   3:  Dev 0.6102619767189026
patience: 1 / 5
Epoch   4  Train Loss 0.0594 82.33%
Epoch   4:  Dev 0.6543467044830322
Epoch   4: Test 0.6561393141746521
patience: 0 / 5
Epoch   5  Train Loss 0.0542 82.46%
Epoch   5:  Dev 0.6547771096229553
Epoch   5: Test 0.6589915752410889
patience: 0 / 5
Epoch   6  Train Loss 0.0500 82.53%
Epoch   6:  Dev 0.6240249872207642
patience: 1 / 5
Epoch   7  Train Loss 0.0457 82.65%
Epoch   7:  Dev 0.6623952984809875
Epoch   7: Test 0.6744088530540466
patience: 0 / 5
Epoch   8  Train Loss 0.0419 82.77%
Epoch   8:  Dev 0.6598858833312988
patience: 1 / 5
Epoch   9  Train Loss 0.0389 82.82%
Epoch   9:  Dev 0.659335196018219
patience: 2 / 5
Epoch  10  Train Loss 0.0352 82.96%
Epoch  10:  Dev 0.656114399433136
patience: 3 / 5
Epoch  11  Train Loss 0.0326 83.02%
Epoch  11:  Dev 0.6715649962425232
Epoch  11: Test 0.6785714626312256
patience: 0 / 5
Epoch  12  Train Loss 0.0298 83.14%
Epoch  12:  Dev 0.6431876420974731
patience: 1 / 5
Epoch  13  Train Loss 0.0276 83.20%
Epoch  13:  Dev 0.6651851534843445
patience: 2 / 5
Epoch  14  Train Loss 0.0259 83.27%
Epoch  14:  Dev 0.6391485333442688
patience: 3 / 5
Epoch  15  Train Loss 0.0240 83.33%
Epoch  15:  Dev 0.6685782074928284
patience: 4 / 5
setting train exemplar for learned classes
torch.Size([660, 2048])
BEST DEV 0: 0.6715649962425232
BEST TEST 0: 0.6785714626312256
torch.Size([660, 2048])
Epoch   1  Train Loss 16.5156 96.32%
Epoch   1:  Dev 0.5953741073608398
Epoch   1: Test 0.6015813946723938
patience: 0 / 5
Epoch   2  Train Loss 22.2817 97.03%
Epoch   2:  Dev 0.605252206325531
Epoch   2: Test 0.6148276329040527
patience: 0 / 5
Epoch   3  Train Loss 24.9825 97.19%
Epoch   3:  Dev 0.6223448514938354
Epoch   3: Test 0.6235256791114807
patience: 0 / 5
Epoch   4  Train Loss 27.1845 97.34%
Epoch   4:  Dev 0.6220002770423889
patience: 1 / 5
Epoch   5  Train Loss 29.6203 97.43%
Epoch   5:  Dev 0.6171333193778992
patience: 2 / 5
Epoch   6  Train Loss 31.8804 97.51%
Epoch   6:  Dev 0.6226233839988708
Epoch   6: Test 0.6282380819320679
patience: 0 / 5
Epoch   7  Train Loss 34.8343 97.61%
Epoch   7:  Dev 0.6208321452140808
patience: 1 / 5
Epoch   8  Train Loss 38.9203 97.68%
Epoch   8:  Dev 0.6295896172523499
Epoch   8: Test 0.6352869272232056
patience: 0 / 5
Epoch   9  Train Loss 43.6696 97.75%
Epoch   9:  Dev 0.6347337365150452
Epoch   9: Test 0.6359153389930725
patience: 0 / 5
Epoch  10  Train Loss 49.5535 97.82%
Epoch  10:  Dev 0.631976306438446
patience: 1 / 5
Epoch  11  Train Loss 56.2018 97.89%
Epoch  11:  Dev 0.6352416276931763
Epoch  11: Test 0.6353029012680054
patience: 0 / 5
Epoch  12  Train Loss 63.9224 97.96%
Epoch  12:  Dev 0.6277412176132202
patience: 1 / 5
Epoch  13  Train Loss 68.7603 98.01%
Epoch  13:  Dev 0.6337810158729553
patience: 2 / 5
Epoch  14  Train Loss 72.7512 98.11%
Epoch  14:  Dev 0.6167582273483276
patience: 3 / 5
Epoch  15  Train Loss 76.4892 98.15%
Epoch  15:  Dev 0.6126176118850708
patience: 4 / 5
setting train exemplar for learned classes
torch.Size([1260, 2048])
BEST DEV 1: 0.6352416276931763
BEST TEST 1: 0.6353029012680054
torch.Size([1260, 2048])
Epoch   1  Train Loss 12.8867 94.77%
Epoch   1:  Dev 0.5798954963684082
Epoch   1: Test 0.5881749987602234
patience: 0 / 5
Epoch   2  Train Loss 16.5187 96.09%
Epoch   2:  Dev 0.5845957398414612
Epoch   2: Test 0.5939569473266602
patience: 0 / 5
Epoch   3  Train Loss 18.6992 96.38%
Epoch   3:  Dev 0.5892857313156128
Epoch   3: Test 0.5959330797195435
patience: 0 / 5
Epoch   4  Train Loss 20.5834 96.55%
Epoch   4:  Dev 0.5778718590736389
patience: 1 / 5
Epoch   5  Train Loss 22.0206 96.72%
Epoch   5:  Dev 0.5872498750686646
patience: 2 / 5
Epoch   6  Train Loss 23.6463 96.87%
Epoch   6:  Dev 0.5886244773864746
patience: 3 / 5
Epoch   7  Train Loss 24.9816 97.00%
Epoch   7:  Dev 0.5836972594261169
patience: 4 / 5
Epoch   8  Train Loss 26.0923 97.10%
Epoch   8:  Dev 0.5988872647285461
Epoch   8: Test 0.6063500046730042
patience: 0 / 5
Epoch   9  Train Loss 27.2768 97.20%
Epoch   9:  Dev 0.5961350202560425
patience: 1 / 5
Epoch  10  Train Loss 28.0554 97.30%
Epoch  10:  Dev 0.5950573682785034
patience: 2 / 5
Epoch  11  Train Loss 28.8892 97.38%
Epoch  11:  Dev 0.5900080800056458
patience: 3 / 5
Epoch  12  Train Loss 29.5123 97.51%
Epoch  12:  Dev 0.5906224250793457
patience: 4 / 5
Epoch  13  Train Loss 30.1406 97.59%
Epoch  13:  Dev 0.586294412612915
patience: 5 / 5
setting train exemplar for learned classes
torch.Size([2040, 2048])
BEST DEV 2: 0.5988872647285461
BEST TEST 2: 0.6063500046730042
torch.Size([2040, 2048])
Epoch   1  Train Loss 15.0746 94.35%
Epoch   1:  Dev 0.5129691362380981
Epoch   1: Test 0.5230613350868225
patience: 0 / 5
Epoch   2  Train Loss 18.8360 95.71%
Epoch   2:  Dev 0.5338720083236694
Epoch   2: Test 0.5420790910720825
patience: 0 / 5
Epoch   3  Train Loss 20.9580 96.03%
Epoch   3:  Dev 0.5323325991630554
patience: 1 / 5
Epoch   4  Train Loss 22.4993 96.20%
Epoch   4:  Dev 0.5396779775619507
Epoch   4: Test 0.5488945841789246
patience: 0 / 5
Epoch   5  Train Loss 23.8316 96.37%
Epoch   5:  Dev 0.5322956442832947
patience: 1 / 5
Epoch   6  Train Loss 25.0461 96.48%
Epoch   6:  Dev 0.5363448262214661
patience: 2 / 5
Epoch   7  Train Loss 25.9810 96.61%
Epoch   7:  Dev 0.52434903383255
patience: 3 / 5
Epoch   8  Train Loss 27.1677 96.67%
Epoch   8:  Dev 0.5360062718391418
patience: 4 / 5
Epoch   9  Train Loss 28.1642 96.80%
Epoch   9:  Dev 0.5315737724304199
patience: 5 / 5
setting train exemplar for learned classes
torch.Size([2740, 2048])
BEST DEV 3: 0.5396779775619507
BEST TEST 3: 0.5488945841789246
torch.Size([2740, 2048])
Epoch   1  Train Loss 18.8167 94.46%
Epoch   1:  Dev 0.48297759890556335
Epoch   1: Test 0.4912625551223755
patience: 0 / 5
Epoch   2  Train Loss 22.4083 95.89%
Epoch   2:  Dev 0.48926281929016113
Epoch   2: Test 0.494368314743042
patience: 0 / 5
Epoch   3  Train Loss 24.9767 96.21%
Epoch   3:  Dev 0.49089840054512024
Epoch   3: Test 0.4949120581150055
patience: 0 / 5
Epoch   4  Train Loss 27.2557 96.42%
Epoch   4:  Dev 0.4944353997707367
Epoch   4: Test 0.4986855387687683
patience: 0 / 5
Epoch   5  Train Loss 29.4673 96.58%
Epoch   5:  Dev 0.49274182319641113
patience: 1 / 5
Epoch   6  Train Loss 31.5521 96.73%
Epoch   6:  Dev 0.4900592863559723
patience: 2 / 5
Epoch   7  Train Loss 33.2929 96.87%
Epoch   7:  Dev 0.4895080626010895
patience: 3 / 5
Epoch   8  Train Loss 35.0689 96.92%
Epoch   8:  Dev 0.48790982365608215
patience: 4 / 5
Epoch   9  Train Loss 36.7481 97.05%
Epoch   9:  Dev 0.4853035509586334
patience: 5 / 5
setting train exemplar for learned classes
torch.Size([3360, 2048])
BEST DEV 4: 0.4944353997707367
BEST TEST 4: 0.4986855387687683
