Dump name space
results/maven/kl_woMOO_narate-4_cluster-4_gen-20_lm_temp-0.2_class_alpha-0.2/perm_2/options.json
Dump name space
results/maven/kl_woMOO_narate-4_cluster-4_gen-20_lm_temp-0.2_class_alpha-0.2/perm_2/options.json
Dump name space
results/maven/kl_woMOO_narate-4_cluster-4_gen-20_lm_temp-0.2_class_alpha-0.2/perm_2/options.json
Dump name space
results/maven/kl_woMOO_narate-4_cluster-4_gen-20_lm_temp-0.2_class_alpha-0.2/perm_2/options.json
Dump name space
results/maven/kl_woMOO_narate-4_cluster-4_gen-20_lm_temp-0.2_class_alpha-0.2/perm_2/options.json
[[134, 99, 105, 91, 52, 19, 135, 122, 127, 102, 108, 104, 110, 38, 118, 121, 160, 26, 34, 33, 158, 130, 165, 86, 149, 146, 164, 4, 131, 75, 90, 10, 32, 0], [157, 18, 114, 92, 67, 153, 80, 115, 78, 154, 27, 5, 69, 117, 44, 83, 155, 40, 45, 139, 137, 14, 138, 119, 74, 150, 59, 54, 28, 9, 140, 37, 107, 76, 47, 0], [46, 36, 17, 13, 12, 20, 25, 49, 169, 148, 87, 56, 95, 81, 58, 57, 161, 64, 163, 82, 43, 125, 35, 96, 156, 100, 66, 30, 50, 120, 0], [151, 16, 3, 70, 106, 141, 68, 31, 79, 101, 166, 167, 94, 21, 51, 7, 73, 145, 2, 124, 159, 61, 41, 142, 126, 144, 55, 168, 29, 11, 24, 0], [147, 48, 84, 39, 53, 23, 109, 22, 77, 62, 93, 143, 89, 8, 71, 85, 63, 97, 65, 103, 113, 112, 123, 152, 88, 98, 72, 42, 60, 133, 128, 116, 15, 111, 136, 162, 129, 132, 6, 0]]
True
train loader and exclude loader:  0
Original len train instances: 347788
train loader and exclude loader:  1
Original len train instances: 334861
train loader and exclude loader:  2
Original len train instances: 321448
train loader and exclude loader:  3
Original len train instances: 309156
train loader and exclude loader:  4
Original len train instances: 294589
Original len dev instances: 57198
Original len test instances: 98603
create basgMTL 4
False True
Epoch   1  Train Loss 0.3853 80.78%
Epoch   1:  Dev 0.6076140403747559
Epoch   1: Test 0.6301907300949097
patience: 0 / 5
Epoch   2  Train Loss 0.2054 81.87%
Epoch   2:  Dev 0.611591100692749
Epoch   2: Test 0.6331513524055481
patience: 0 / 5
Epoch   3  Train Loss 0.1731 81.97%
Epoch   3:  Dev 0.6283897161483765
Epoch   3: Test 0.6485909223556519
patience: 0 / 5
Epoch   4  Train Loss 0.1515 82.04%
Epoch   4:  Dev 0.6469559073448181
Epoch   4: Test 0.6665187478065491
patience: 0 / 5
Epoch   5  Train Loss 0.1327 82.16%
Epoch   5:  Dev 0.6470587849617004
Epoch   5: Test 0.6596161723136902
patience: 0 / 5
Epoch   6  Train Loss 0.1185 82.27%
Epoch   6:  Dev 0.6301015615463257
patience: 1 / 5
Epoch   7  Train Loss 0.1052 82.39%
Epoch   7:  Dev 0.6385102868080139
patience: 2 / 5
Epoch   8  Train Loss 0.0941 82.50%
Epoch   8:  Dev 0.6340640783309937
patience: 3 / 5
Epoch   9  Train Loss 0.0855 82.58%
Epoch   9:  Dev 0.6403559446334839
patience: 4 / 5
Epoch  10  Train Loss 0.0778 82.69%
Epoch  10:  Dev 0.6325807571411133
patience: 5 / 5
setting train exemplar for learned classes
torch.Size([660, 2048])
BEST DEV 0: 0.6470587849617004
BEST TEST 0: 0.6596161723136902
torch.Size([660, 2048])
Epoch   1  Train Loss 1.6305 82.33%
Epoch   1:  Dev 0.5743897557258606
Epoch   1: Test 0.5884987711906433
patience: 0 / 5
Epoch   2  Train Loss 1.5463 83.08%
Epoch   2:  Dev 0.5919363498687744
Epoch   2: Test 0.6117497682571411
patience: 0 / 5
Epoch   3  Train Loss 1.5238 83.35%
Epoch   3:  Dev 0.594300389289856
Epoch   3: Test 0.6142120957374573
patience: 0 / 5
Epoch   4  Train Loss 1.5110 83.55%
Epoch   4:  Dev 0.5939275026321411
patience: 1 / 5
Epoch   5  Train Loss 1.5016 83.79%
Epoch   5:  Dev 0.5982125997543335
Epoch   5: Test 0.6147215366363525
patience: 0 / 5
Epoch   6  Train Loss 1.4937 83.96%
Epoch   6:  Dev 0.6048151254653931
Epoch   6: Test 0.6206085085868835
patience: 0 / 5
Epoch   7  Train Loss 1.4881 84.15%
Epoch   7:  Dev 0.5899099111557007
patience: 1 / 5
Epoch   8  Train Loss 1.4832 84.30%
Epoch   8:  Dev 0.5925998091697693
patience: 2 / 5
Epoch   9  Train Loss 1.4788 84.49%
Epoch   9:  Dev 0.5969619750976562
patience: 3 / 5
Epoch  10  Train Loss 1.4755 84.58%
Epoch  10:  Dev 0.5972581505775452
patience: 4 / 5
Epoch  11  Train Loss 1.4720 84.72%
Epoch  11:  Dev 0.6082356572151184
Epoch  11: Test 0.6185678839683533
patience: 0 / 5
Epoch  12  Train Loss 1.4693 84.89%
Epoch  12:  Dev 0.6032937169075012
patience: 1 / 5
Epoch  13  Train Loss 1.4675 84.94%
Epoch  13:  Dev 0.5891472697257996
patience: 2 / 5
Epoch  14  Train Loss 1.4650 85.06%
Epoch  14:  Dev 0.6078838109970093
patience: 3 / 5
Epoch  15  Train Loss 1.4636 85.13%
Epoch  15:  Dev 0.596664547920227
patience: 4 / 5
setting train exemplar for learned classes
torch.Size([1360, 2048])
BEST DEV 1: 0.6082356572151184
BEST TEST 1: 0.6185678839683533
torch.Size([1360, 2048])
Epoch   1  Train Loss 1.9310 85.31%
Epoch   1:  Dev 0.5938035249710083
Epoch   1: Test 0.6087242960929871
patience: 0 / 5
Epoch   2  Train Loss 1.9001 86.10%
Epoch   2:  Dev 0.6047011613845825
Epoch   2: Test 0.6162935495376587
patience: 0 / 5
Epoch   3  Train Loss 1.8916 86.33%
Epoch   3:  Dev 0.5962890386581421
patience: 1 / 5
Epoch   4  Train Loss 1.8877 86.48%
Epoch   4:  Dev 0.6018056869506836
patience: 2 / 5
Epoch   5  Train Loss 1.8830 86.64%
Epoch   5:  Dev 0.5966819524765015
patience: 3 / 5
Epoch   6  Train Loss 1.8808 86.76%
Epoch   6:  Dev 0.5968466997146606
patience: 4 / 5
Epoch   7  Train Loss 1.8781 86.86%
Epoch   7:  Dev 0.6038749814033508
patience: 5 / 5
setting train exemplar for learned classes
torch.Size([1960, 2048])
BEST DEV 2: 0.6047011613845825
BEST TEST 2: 0.6162935495376587
torch.Size([1960, 2048])
Epoch   1  Train Loss 2.8135 87.57%
Epoch   1:  Dev 0.5972147583961487
Epoch   1: Test 0.6032693982124329
patience: 0 / 5
Epoch   2  Train Loss 2.7902 88.59%
Epoch   2:  Dev 0.6011344194412231
Epoch   2: Test 0.604880154132843
patience: 0 / 5
Epoch   3  Train Loss 2.7811 88.80%
Epoch   3:  Dev 0.6074058413505554
Epoch   3: Test 0.6102609038352966
patience: 0 / 5
Epoch   4  Train Loss 2.7763 89.04%
Epoch   4:  Dev 0.6065442562103271
patience: 1 / 5
Epoch   5  Train Loss 2.7727 89.16%
Epoch   5:  Dev 0.604051947593689
patience: 2 / 5
Epoch   6  Train Loss 2.7694 89.30%
Epoch   6:  Dev 0.6021539568901062
patience: 3 / 5
Epoch   7  Train Loss 2.7670 89.39%
Epoch   7:  Dev 0.6033705472946167
patience: 4 / 5
Epoch   8  Train Loss 2.7656 89.57%
Epoch   8:  Dev 0.5991236567497253
patience: 5 / 5
setting train exemplar for learned classes
torch.Size([2580, 2048])
BEST DEV 3: 0.6074058413505554
BEST TEST 3: 0.6102609038352966
torch.Size([2580, 2048])
Epoch   1  Train Loss 3.2054 90.03%
Epoch   1:  Dev 0.5944451689720154
Epoch   1: Test 0.5968303680419922
patience: 0 / 5
Epoch   2  Train Loss 3.1768 91.37%
Epoch   2:  Dev 0.599991500377655
Epoch   2: Test 0.6050266623497009
patience: 0 / 5
Epoch   3  Train Loss 3.1676 91.68%
Epoch   3:  Dev 0.6063866019248962
Epoch   3: Test 0.6080741882324219
patience: 0 / 5
Epoch   4  Train Loss 3.1624 91.98%
Epoch   4:  Dev 0.6006485223770142
patience: 1 / 5
Epoch   5  Train Loss 3.1583 92.16%
Epoch   5:  Dev 0.6059752702713013
patience: 2 / 5
Epoch   6  Train Loss 3.1563 92.33%
Epoch   6:  Dev 0.6050827503204346
patience: 3 / 5
Epoch   7  Train Loss 3.1535 92.48%
Epoch   7:  Dev 0.6062332391738892
patience: 4 / 5
Epoch   8  Train Loss 3.1525 92.65%
Epoch   8:  Dev 0.6065046191215515
Epoch   8: Test 0.6039325594902039
patience: 0 / 5
Epoch   9  Train Loss 3.1506 92.76%
Epoch   9:  Dev 0.602904736995697
patience: 1 / 5
Epoch  10  Train Loss 3.1491 92.86%
Epoch  10:  Dev 0.6007973551750183
patience: 2 / 5
Epoch  11  Train Loss 3.1485 92.96%
Epoch  11:  Dev 0.5970597267150879
patience: 3 / 5
Epoch  12  Train Loss 3.1473 93.07%
Epoch  12:  Dev 0.6004734039306641
patience: 4 / 5
Epoch  13  Train Loss 3.1462 93.17%
Epoch  13:  Dev 0.6017934679985046
patience: 5 / 5
setting train exemplar for learned classes
torch.Size([3360, 2048])
BEST DEV 4: 0.6065046191215515
BEST TEST 4: 0.6039325594902039
