Dump name space
results/maven/woLMH_woMOO_narate-4_cluster-4_gen-20/perm_3/options.json
Dump name space
results/maven/woLMH_woMOO_narate-4_cluster-4_gen-20/perm_3/options.json
Dump name space
results/maven/woLMH_woMOO_narate-4_cluster-4_gen-20/perm_3/options.json
Dump name space
results/maven/woLMH_woMOO_narate-4_cluster-4_gen-20/perm_3/options.json
Dump name space
results/maven/woLMH_woMOO_narate-4_cluster-4_gen-20/perm_3/options.json
[[46, 36, 17, 13, 12, 20, 25, 49, 169, 148, 87, 56, 95, 81, 58, 57, 161, 64, 163, 82, 43, 125, 35, 96, 156, 100, 66, 30, 50, 120, 0], [147, 48, 84, 39, 53, 23, 109, 22, 77, 62, 93, 143, 89, 8, 71, 85, 63, 97, 65, 103, 113, 112, 123, 152, 88, 98, 72, 42, 60, 133, 128, 116, 15, 111, 136, 162, 129, 132, 6, 0], [134, 99, 105, 91, 52, 19, 135, 122, 127, 102, 108, 104, 110, 38, 118, 121, 160, 26, 34, 33, 158, 130, 165, 86, 149, 146, 164, 4, 131, 75, 90, 10, 32, 0], [157, 18, 114, 92, 67, 153, 80, 115, 78, 154, 27, 5, 69, 117, 44, 83, 155, 40, 45, 139, 137, 14, 138, 119, 74, 150, 59, 54, 28, 9, 140, 37, 107, 76, 47, 0], [151, 16, 3, 70, 106, 141, 68, 31, 79, 101, 166, 167, 94, 21, 51, 7, 73, 145, 2, 124, 159, 61, 41, 142, 126, 144, 55, 168, 29, 11, 24, 0]]
True
train loader and exclude loader:  0
Original len train instances: 347788
train loader and exclude loader:  1
Original len train instances: 335496
train loader and exclude loader:  2
Original len train instances: 321058
train loader and exclude loader:  3
Original len train instances: 308131
train loader and exclude loader:  4
Original len train instances: 294718
Original len dev instances: 57198
Original len test instances: 98603
create basgMTL 4
False True
Epoch   1  Train Loss 0.4011 80.76%
Epoch   1:  Dev 0.5420273542404175
Epoch   1: Test 0.561939537525177
patience: 0 / 5
Epoch   2  Train Loss 0.2269 81.45%
Epoch   2:  Dev 0.5678496956825256
Epoch   2: Test 0.5815414786338806
patience: 0 / 5
Epoch   3  Train Loss 0.1925 81.53%
Epoch   3:  Dev 0.5683586001396179
Epoch   3: Test 0.5851443409919739
patience: 0 / 5
Epoch   4  Train Loss 0.1697 81.65%
Epoch   4:  Dev 0.583444356918335
Epoch   4: Test 0.5981974005699158
patience: 0 / 5
Epoch   5  Train Loss 0.1496 81.79%
Epoch   5:  Dev 0.5537957549095154
patience: 1 / 5
Epoch   6  Train Loss 0.1336 81.89%
Epoch   6:  Dev 0.5884660482406616
Epoch   6: Test 0.6008866429328918
patience: 0 / 5
Epoch   7  Train Loss 0.1209 82.01%
Epoch   7:  Dev 0.5807332396507263
patience: 1 / 5
Epoch   8  Train Loss 0.1082 82.11%
Epoch   8:  Dev 0.5948927998542786
Epoch   8: Test 0.6114299297332764
patience: 0 / 5
Epoch   9  Train Loss 0.0993 82.22%
Epoch   9:  Dev 0.5680271983146667
patience: 1 / 5
Epoch  10  Train Loss 0.0898 82.34%
Epoch  10:  Dev 0.5875371098518372
patience: 2 / 5
Epoch  11  Train Loss 0.0837 82.44%
Epoch  11:  Dev 0.5933483242988586
patience: 3 / 5
Epoch  12  Train Loss 0.0774 82.55%
Epoch  12:  Dev 0.5916000008583069
patience: 4 / 5
Epoch  13  Train Loss 0.0725 82.63%
Epoch  13:  Dev 0.579495370388031
patience: 5 / 5
setting train exemplar for learned classes
torch.Size([600, 2048])
BEST DEV 0: 0.5948927998542786
BEST TEST 0: 0.6114299297332764
torch.Size([600, 2048])
Epoch   1  Train Loss 1.3796 82.86%
Epoch   1:  Dev 0.5938119888305664
Epoch   1: Test 0.6068598628044128
patience: 0 / 5
Epoch   2  Train Loss 1.3013 83.81%
Epoch   2:  Dev 0.59723961353302
Epoch   2: Test 0.6077663898468018
patience: 0 / 5
Epoch   3  Train Loss 1.2790 84.15%
Epoch   3:  Dev 0.6058530211448669
Epoch   3: Test 0.6170570254325867
patience: 0 / 5
Epoch   4  Train Loss 1.2662 84.37%
Epoch   4:  Dev 0.608704149723053
Epoch   4: Test 0.6144653558731079
patience: 0 / 5
Epoch   5  Train Loss 1.2561 84.60%
Epoch   5:  Dev 0.611322283744812
Epoch   5: Test 0.6254244446754456
patience: 0 / 5
Epoch   6  Train Loss 1.2493 84.79%
Epoch   6:  Dev 0.6042172908782959
patience: 1 / 5
Epoch   7  Train Loss 1.2436 84.96%
Epoch   7:  Dev 0.603155791759491
patience: 2 / 5
Epoch   8  Train Loss 1.2387 85.11%
Epoch   8:  Dev 0.6204580068588257
Epoch   8: Test 0.6231108903884888
patience: 0 / 5
Epoch   9  Train Loss 1.2344 85.28%
Epoch   9:  Dev 0.6082146167755127
patience: 1 / 5
Epoch  10  Train Loss 1.2315 85.43%
Epoch  10:  Dev 0.6139029264450073
patience: 2 / 5
Epoch  11  Train Loss 1.2281 85.52%
Epoch  11:  Dev 0.6089546084403992
patience: 3 / 5
Epoch  12  Train Loss 1.2260 85.64%
Epoch  12:  Dev 0.6219180822372437
Epoch  12: Test 0.6327944993972778
patience: 0 / 5
Epoch  13  Train Loss 1.2242 85.75%
Epoch  13:  Dev 0.6145644783973694
patience: 1 / 5
Epoch  14  Train Loss 1.2225 85.82%
Epoch  14:  Dev 0.6176661252975464
patience: 2 / 5
Epoch  15  Train Loss 1.2204 85.95%
Epoch  15:  Dev 0.6069297790527344
patience: 3 / 5
setting train exemplar for learned classes
torch.Size([1380, 2048])
BEST DEV 1: 0.6219180822372437
BEST TEST 1: 0.6327944993972778
torch.Size([1380, 2048])
Epoch   1  Train Loss 1.6841 86.17%
Epoch   1:  Dev 0.6279802918434143
Epoch   1: Test 0.6327901482582092
patience: 0 / 5
Epoch   2  Train Loss 1.6511 87.20%
Epoch   2:  Dev 0.6217451691627502
patience: 1 / 5
Epoch   3  Train Loss 1.6431 87.40%
Epoch   3:  Dev 0.6239941716194153
patience: 2 / 5
Epoch   4  Train Loss 1.6381 87.58%
Epoch   4:  Dev 0.6295705437660217
Epoch   4: Test 0.6406900882720947
patience: 0 / 5
Epoch   5  Train Loss 1.6355 87.68%
Epoch   5:  Dev 0.6277145743370056
patience: 1 / 5
Epoch   6  Train Loss 1.6319 87.88%
Epoch   6:  Dev 0.6244974136352539
patience: 2 / 5
Epoch   7  Train Loss 1.6295 87.98%
Epoch   7:  Dev 0.6253640055656433
patience: 3 / 5
Epoch   8  Train Loss 1.6277 88.09%
Epoch   8:  Dev 0.6247342228889465
patience: 4 / 5
Epoch   9  Train Loss 1.6268 88.20%
Epoch   9:  Dev 0.6270579099655151
patience: 5 / 5
setting train exemplar for learned classes
torch.Size([2040, 2048])
BEST DEV 2: 0.6295705437660217
BEST TEST 2: 0.6406900882720947
torch.Size([2040, 2048])
Epoch   1  Train Loss 2.4592 87.81%
Epoch   1:  Dev 0.591643750667572
Epoch   1: Test 0.6079164147377014
patience: 0 / 5
Epoch   2  Train Loss 2.4347 88.74%
Epoch   2:  Dev 0.6043360829353333
Epoch   2: Test 0.6158567667007446
patience: 0 / 5
Epoch   3  Train Loss 2.4262 89.03%
Epoch   3:  Dev 0.5951974391937256
patience: 1 / 5
Epoch   4  Train Loss 2.4216 89.16%
Epoch   4:  Dev 0.5966368913650513
patience: 2 / 5
Epoch   5  Train Loss 2.4185 89.32%
Epoch   5:  Dev 0.6047477722167969
Epoch   5: Test 0.6164876818656921
patience: 0 / 5
Epoch   6  Train Loss 2.4148 89.48%
Epoch   6:  Dev 0.5985099673271179
patience: 1 / 5
Epoch   7  Train Loss 2.4130 89.63%
Epoch   7:  Dev 0.601547122001648
patience: 2 / 5
Epoch   8  Train Loss 2.4105 89.75%
Epoch   8:  Dev 0.5965385437011719
patience: 3 / 5
Epoch   9  Train Loss 2.4092 89.87%
Epoch   9:  Dev 0.593865156173706
patience: 4 / 5
Epoch  10  Train Loss 2.4080 90.00%
Epoch  10:  Dev 0.59861820936203
patience: 5 / 5
setting train exemplar for learned classes
torch.Size([2740, 2048])
BEST DEV 3: 0.6047477722167969
BEST TEST 3: 0.6164876818656921
torch.Size([2740, 2048])
Epoch   1  Train Loss 3.1211 90.24%
Epoch   1:  Dev 0.5910806655883789
Epoch   1: Test 0.5992416143417358
patience: 0 / 5
Epoch   2  Train Loss 3.0939 91.76%
Epoch   2:  Dev 0.6020761728286743
Epoch   2: Test 0.6022767424583435
patience: 0 / 5
Epoch   3  Train Loss 3.0870 92.08%
Epoch   3:  Dev 0.6020976305007935
Epoch   3: Test 0.60673588514328
patience: 0 / 5
Epoch   4  Train Loss 3.0829 92.28%
Epoch   4:  Dev 0.5975572466850281
patience: 1 / 5
Epoch   5  Train Loss 3.0802 92.45%
Epoch   5:  Dev 0.597743034362793
patience: 2 / 5
Epoch   6  Train Loss 3.0778 92.57%
Epoch   6:  Dev 0.5975118279457092
patience: 3 / 5
Epoch   7  Train Loss 3.0750 92.70%
Epoch   7:  Dev 0.5960253477096558
patience: 4 / 5
Epoch   8  Train Loss 3.0748 92.87%
Epoch   8:  Dev 0.5921568870544434
patience: 5 / 5
setting train exemplar for learned classes
torch.Size([3360, 2048])
BEST DEV 4: 0.6020976305007935
BEST TEST 4: 0.60673588514328
