Dump name space
results/ace/FairGrad_mi/perm_1/options.json
Dump name space
results/ace/FairGrad_mi/perm_1/options.json
Dump name space
results/ace/FairGrad_mi/perm_1/options.json
Dump name space
results/ace/FairGrad_mi/perm_1/options.json
[[196, 181, 182, 202, 185, 176, 170, 192, 0], [200, 180, 173, 198, 177, 0], [201, 183, 193, 172, 175, 0], [191, 187, 195, 171, 174, 179, 0], [188, 199, 184, 194, 189, 190, 178, 186, 197, 0]]
False
train loader and exclude loader:  0
Original len train instances: 265115
train loader and exclude loader:  1
Original len train instances: 264503
train loader and exclude loader:  2
Original len train instances: 263784
train loader and exclude loader:  3
Original len train instances: 262450
train loader and exclude loader:  4
Original len train instances: 261611
Original len dev instances: 54053
Original len test instances: 93949
create basgMTL 4
False True
Epoch   1  Train Loss 1.2380 99.21%
Epoch   1:  Dev 0.41584157943725586
Epoch   1: Test 0.4303797781467438
patience: 0 / 6
Epoch   2  Train Loss 1.1460 99.57%
Epoch   2:  Dev 0.4377104341983795
Epoch   2: Test 0.44393593072891235
patience: 0 / 6
Epoch   3  Train Loss 1.1371 99.58%
Epoch   3:  Dev 0.5585585236549377
Epoch   3: Test 0.5080214142799377
patience: 0 / 6
Epoch   4  Train Loss 1.1307 99.65%
Epoch   4:  Dev 0.5876288414001465
Epoch   4: Test 0.5146198868751526
patience: 0 / 6
Epoch   5  Train Loss 1.1268 99.70%
Epoch   5:  Dev 0.4776119589805603
patience: 1 / 6
Epoch   6  Train Loss 1.1229 99.75%
Epoch   6:  Dev 0.5837838053703308
patience: 2 / 6
Epoch   7  Train Loss 1.1209 99.78%
Epoch   7:  Dev 0.6051282286643982
Epoch   7: Test 0.4970059394836426
patience: 0 / 6
Epoch   8  Train Loss 1.1188 99.80%
Epoch   8:  Dev 0.5527638792991638
patience: 1 / 6
Epoch   9  Train Loss 1.1183 99.81%
Epoch   9:  Dev 0.6124401688575745
Epoch   9: Test 0.4657534062862396
patience: 0 / 6
Epoch  10  Train Loss 1.1161 99.86%
Epoch  10:  Dev 0.577114462852478
patience: 1 / 6
Epoch  11  Train Loss 1.1152 99.87%
Epoch  11:  Dev 0.6321839094161987
Epoch  11: Test 0.44728437066078186
patience: 0 / 6
Epoch  12  Train Loss 1.1148 99.88%
Epoch  12:  Dev 0.6279069781303406
patience: 1 / 6
Epoch  13  Train Loss 1.1141 99.90%
Epoch  13:  Dev 0.612021803855896
patience: 2 / 6
Epoch  14  Train Loss 1.1140 99.89%
Epoch  14:  Dev 0.5236051082611084
patience: 3 / 6
Epoch  15  Train Loss 1.1130 99.92%
Epoch  15:  Dev 0.6455696225166321
Epoch  15: Test 0.45517241954803467
patience: 0 / 6
Epoch  16  Train Loss 1.1128 99.93%
Epoch  16:  Dev 0.6081081628799438
patience: 1 / 6
Epoch  17  Train Loss 1.1130 99.91%
Epoch  17:  Dev 0.6111111640930176
patience: 2 / 6
Epoch  18  Train Loss 1.1125 99.93%
Epoch  18:  Dev 0.6404494643211365
patience: 3 / 6
Epoch  19  Train Loss 1.1118 99.94%
Epoch  19:  Dev 0.5649717450141907
patience: 4 / 6
Epoch  20  Train Loss 1.1120 99.94%
Epoch  20:  Dev 0.5608465671539307
patience: 5 / 6
Epoch  21  Train Loss 1.1116 99.95%
Epoch  21:  Dev 0.5812807083129883
patience: 6 / 6
setting train exemplar for learned classes
torch.Size([160, 2048])
BEST DEV 0: 0.6455696225166321
BEST TEST 0: 0.45517241954803467
torch.Size([160, 2048])
Epoch   1  Train Loss 17.6600 98.54%
Epoch   1:  Dev 0.565079391002655
Epoch   1: Test 0.46303504705429077
patience: 0 / 6
Epoch   2  Train Loss 30.6202 99.64%
Epoch   2:  Dev 0.5900783538818359
Epoch   2: Test 0.49514561891555786
patience: 0 / 6
Epoch   3  Train Loss 89.5804 99.68%
Epoch   3:  Dev 0.616314172744751
Epoch   3: Test 0.5188118815422058
patience: 0 / 6
Epoch   4  Train Loss 120.8222 99.71%
Epoch   4:  Dev 0.6256983280181885
Epoch   4: Test 0.5197740197181702
patience: 0 / 6
Epoch   5  Train Loss 162.4858 99.75%
Epoch   5:  Dev 0.6096256971359253
patience: 1 / 6
Epoch   6  Train Loss 216.2502 99.78%
Epoch   6:  Dev 0.6018236875534058
patience: 2 / 6
Epoch   7  Train Loss 320.2183 99.80%
Epoch   7:  Dev 0.6438747048377991
Epoch   7: Test 0.48627451062202454
patience: 0 / 6
Epoch   8  Train Loss 455.2949 99.82%
Epoch   8:  Dev 0.6136363744735718
patience: 1 / 6
Epoch   9  Train Loss 407.8085 99.84%
Epoch   9:  Dev 0.6124661564826965
patience: 2 / 6
Epoch  10  Train Loss 514.6823 99.85%
Epoch  10:  Dev 0.621052622795105
patience: 3 / 6
Epoch  11  Train Loss 668.9678 99.87%
Epoch  11:  Dev 0.6022099256515503
patience: 4 / 6
Epoch  12  Train Loss 845.5011 99.88%
Epoch  12:  Dev 0.5972602963447571
patience: 5 / 6
Epoch  13  Train Loss 907.3063 99.90%
Epoch  13:  Dev 0.6223565340042114
patience: 6 / 6
setting train exemplar for learned classes
torch.Size([260, 2048])
BEST DEV 1: 0.6438747048377991
BEST TEST 1: 0.48627451062202454
torch.Size([260, 2048])
Epoch   1  Train Loss 14.7124 97.30%
Epoch   1:  Dev 0.6598639488220215
Epoch   1: Test 0.6299356818199158
patience: 0 / 6
Epoch   2  Train Loss 25.3408 99.56%
Epoch   2:  Dev 0.6598985195159912
Epoch   2: Test 0.6304147243499756
patience: 0 / 6
Epoch   3  Train Loss 31.0381 99.60%
Epoch   3:  Dev 0.6666666865348816
Epoch   3: Test 0.6422535181045532
patience: 0 / 6
Epoch   4  Train Loss 41.9548 99.65%
Epoch   4:  Dev 0.6854130029678345
Epoch   4: Test 0.6464454531669617
patience: 0 / 6
Epoch   5  Train Loss 58.9853 99.67%
Epoch   5:  Dev 0.6767169237136841
patience: 1 / 6
Epoch   6  Train Loss 83.8705 99.70%
Epoch   6:  Dev 0.6824324131011963
patience: 2 / 6
Epoch   7  Train Loss 100.8936 99.73%
Epoch   7:  Dev 0.6601941585540771
patience: 3 / 6
Epoch   8  Train Loss 104.2125 99.75%
Epoch   8:  Dev 0.6771378517150879
patience: 4 / 6
Epoch   9  Train Loss 128.1180 99.75%
Epoch   9:  Dev 0.6655290126800537
patience: 5 / 6
Epoch  10  Train Loss 150.5193 99.77%
Epoch  10:  Dev 0.6712095141410828
patience: 6 / 6
setting train exemplar for learned classes
torch.Size([360, 2048])
BEST DEV 2: 0.6854130029678345
BEST TEST 2: 0.6464454531669617
torch.Size([360, 2048])
Epoch   1  Train Loss 20.2874 98.00%
Epoch   1:  Dev 0.6635944247245789
Epoch   1: Test 0.6496913433074951
patience: 0 / 6
Epoch   2  Train Loss 35.5072 99.66%
Epoch   2:  Dev 0.6624405980110168
patience: 1 / 6
Epoch   3  Train Loss 46.4335 99.69%
Epoch   3:  Dev 0.6459627151489258
patience: 2 / 6
Epoch   4  Train Loss 60.5976 99.72%
Epoch   4:  Dev 0.6433121562004089
patience: 3 / 6
Epoch   5  Train Loss 84.1454 99.75%
Epoch   5:  Dev 0.6325581073760986
patience: 4 / 6
Epoch   6  Train Loss 103.1968 99.77%
Epoch   6:  Dev 0.6511627435684204
patience: 5 / 6
Epoch   7  Train Loss 133.8190 99.77%
Epoch   7:  Dev 0.6531881093978882
patience: 6 / 6
setting train exemplar for learned classes
torch.Size([480, 2048])
BEST DEV 3: 0.6635944247245789
BEST TEST 3: 0.6496913433074951
torch.Size([480, 2048])
Epoch   1  Train Loss 16.4968 96.16%
Epoch   1:  Dev 0.5658436417579651
Epoch   1: Test 0.6268465518951416
patience: 0 / 6
Epoch   2  Train Loss 23.8243 99.61%
Epoch   2:  Dev 0.6010928750038147
Epoch   2: Test 0.6295302510261536
patience: 0 / 6
Epoch   3  Train Loss 32.5409 99.68%
Epoch   3:  Dev 0.6136363744735718
Epoch   3: Test 0.6295793652534485
patience: 0 / 6
Epoch   4  Train Loss 38.5062 99.71%
Epoch   4:  Dev 0.6179401874542236
Epoch   4: Test 0.6267845630645752
patience: 0 / 6
Epoch   5  Train Loss 45.7986 99.73%
Epoch   5:  Dev 0.6212290525436401
Epoch   5: Test 0.6324549317359924
patience: 0 / 6
Epoch   6  Train Loss 50.6716 99.75%
Epoch   6:  Dev 0.6300448775291443
Epoch   6: Test 0.6435024738311768
patience: 0 / 6
Epoch   7  Train Loss 61.1588 99.77%
Epoch   7:  Dev 0.6433408260345459
Epoch   7: Test 0.6334025859832764
patience: 0 / 6
Epoch   8  Train Loss 60.6225 99.78%
Epoch   8:  Dev 0.6347032189369202
patience: 1 / 6
Epoch   9  Train Loss 66.4259 99.80%
Epoch   9:  Dev 0.6326530575752258
patience: 2 / 6
Epoch  10  Train Loss 77.6524 99.82%
Epoch  10:  Dev 0.6097046732902527
patience: 3 / 6
Epoch  11  Train Loss 74.7191 99.82%
Epoch  11:  Dev 0.6126315593719482
patience: 4 / 6
Epoch  12  Train Loss 89.1684 99.84%
Epoch  12:  Dev 0.6217391490936279
patience: 5 / 6
Epoch  13  Train Loss 94.4892 99.83%
Epoch  13:  Dev 0.6245919466018677
patience: 6 / 6
setting train exemplar for learned classes
torch.Size([660, 2048])
BEST DEV 4: 0.6433408260345459
BEST TEST 4: 0.6334025859832764
