Dump name space
results/ace/NashMTL_woLMH_woSAM_narate-40_cluster-8_gen-10/perm_0/options.json
Dump name space
results/ace/NashMTL_woLMH_woSAM_narate-40_cluster-8_gen-10/perm_0/options.json
Dump name space
results/ace/NashMTL_woLMH_woSAM_narate-40_cluster-8_gen-10/perm_0/options.json
Dump name space
results/ace/NashMTL_woLMH_woSAM_narate-40_cluster-8_gen-10/perm_0/options.json
Dump name space
results/ace/NashMTL_woLMH_woSAM_narate-40_cluster-8_gen-10/perm_0/options.json
[[188, 199, 184, 194, 189, 190, 178, 186, 197, 0], [191, 187, 195, 171, 174, 179, 0], [201, 183, 193, 172, 175, 0], [200, 180, 173, 198, 177, 0], [196, 181, 182, 202, 185, 176, 170, 192, 0]]
False
train loader and exclude loader:  0
Original len train instances: 265115
train loader and exclude loader:  1
Original len train instances: 264531
train loader and exclude loader:  2
Original len train instances: 263692
train loader and exclude loader:  3
Original len train instances: 262358
train loader and exclude loader:  4
Original len train instances: 261639
Original len dev instances: 54053
Original len test instances: 93949
create basgMTL 4
False True
Epoch   1  Train Loss 0.1003 98.10%
Epoch   1:  Dev 0.491582453250885
Epoch   1: Test 0.5321100354194641
patience: 0 / 6
Epoch   2  Train Loss 0.0225 98.46%
Epoch   2:  Dev 0.44736844301223755
patience: 1 / 6
Epoch   3  Train Loss 0.0147 98.49%
Epoch   3:  Dev 0.4603581130504608
patience: 2 / 6
Epoch   4  Train Loss 0.0103 98.51%
Epoch   4:  Dev 0.577049195766449
Epoch   4: Test 0.6603773236274719
patience: 0 / 6
Epoch   5  Train Loss 0.0081 98.54%
Epoch   5:  Dev 0.4427083432674408
patience: 1 / 6
Epoch   6  Train Loss 0.0064 98.56%
Epoch   6:  Dev 0.5225225687026978
patience: 2 / 6
Epoch   7  Train Loss 0.0055 98.57%
Epoch   7:  Dev 0.5308641791343689
patience: 3 / 6
Epoch   8  Train Loss 0.0051 98.58%
Epoch   8:  Dev 0.5256409645080566
patience: 4 / 6
Epoch   9  Train Loss 0.0046 98.59%
Epoch   9:  Dev 0.5508196353912354
patience: 5 / 6
Epoch  10  Train Loss 0.0043 98.59%
Epoch  10:  Dev 0.5253164768218994
patience: 6 / 6
setting train exemplar for learned classes
torch.Size([180, 2048])
BEST DEV 0: 0.577049195766449
BEST TEST 0: 0.6603773236274719
torch.Size([180, 2048])
Epoch   1  Train Loss 3.4818 99.21%
Epoch   1:  Dev 0.4796747863292694
Epoch   1: Test 0.6167247295379639
patience: 0 / 6
Epoch   2  Train Loss 3.4167 99.62%
Epoch   2:  Dev 0.4692307710647583
patience: 1 / 6
Epoch   3  Train Loss 3.3992 99.66%
Epoch   3:  Dev 0.5140388607978821
Epoch   3: Test 0.6291739344596863
patience: 0 / 6
Epoch   4  Train Loss 3.3951 99.70%
Epoch   4:  Dev 0.5308924317359924
Epoch   4: Test 0.6167558431625366
patience: 0 / 6
Epoch   5  Train Loss 3.3897 99.74%
Epoch   5:  Dev 0.5240175127983093
patience: 1 / 6
Epoch   6  Train Loss 3.3777 99.77%
Epoch   6:  Dev 0.5363636612892151
Epoch   6: Test 0.6327272653579712
patience: 0 / 6
Epoch   7  Train Loss 3.3813 99.79%
Epoch   7:  Dev 0.5388127565383911
Epoch   7: Test 0.6296959519386292
patience: 0 / 6
Epoch   8  Train Loss 3.3778 99.82%
Epoch   8:  Dev 0.5502392649650574
Epoch   8: Test 0.6435452699661255
patience: 0 / 6
Epoch   9  Train Loss 3.3771 99.83%
Epoch   9:  Dev 0.5404157042503357
patience: 1 / 6
Epoch  10  Train Loss 3.3750 99.84%
Epoch  10:  Dev 0.5361305475234985
patience: 2 / 6
Epoch  11  Train Loss 3.3731 99.86%
Epoch  11:  Dev 0.5507246851921082
Epoch  11: Test 0.6218181848526001
patience: 0 / 6
Epoch  12  Train Loss 3.3724 99.87%
Epoch  12:  Dev 0.5458823442459106
patience: 1 / 6
Epoch  13  Train Loss 3.3680 99.87%
Epoch  13:  Dev 0.559036135673523
Epoch  13: Test 0.6311786770820618
patience: 0 / 6
Epoch  14  Train Loss 3.3654 99.88%
Epoch  14:  Dev 0.5572139620780945
patience: 1 / 6
Epoch  15  Train Loss 3.3697 99.89%
Epoch  15:  Dev 0.55474454164505
patience: 2 / 6
Epoch  16  Train Loss 3.3666 99.89%
Epoch  16:  Dev 0.5692307949066162
Epoch  16: Test 0.6283367872238159
patience: 0 / 6
Epoch  17  Train Loss 3.3669 99.90%
Epoch  17:  Dev 0.5628140568733215
patience: 1 / 6
Epoch  18  Train Loss 3.3701 99.89%
Epoch  18:  Dev 0.5390071272850037
patience: 2 / 6
Epoch  19  Train Loss 3.3670 99.90%
Epoch  19:  Dev 0.5380951762199402
patience: 3 / 6
Epoch  20  Train Loss 3.3665 99.91%
Epoch  20:  Dev 0.5671641826629639
patience: 4 / 6
Epoch  21  Train Loss 3.3664 99.91%
Epoch  21:  Dev 0.5393794178962708
patience: 5 / 6
Epoch  22  Train Loss 3.3659 99.91%
Epoch  22:  Dev 0.5615764260292053
patience: 6 / 6
setting train exemplar for learned classes
torch.Size([300, 2048])
BEST DEV 1: 0.5692307949066162
BEST TEST 1: 0.6283367872238159
torch.Size([300, 2048])
Epoch   1  Train Loss 2.6146 98.78%
Epoch   1:  Dev 0.6359300017356873
Epoch   1: Test 0.6962141990661621
patience: 0 / 6
Epoch   2  Train Loss 2.5308 99.64%
Epoch   2:  Dev 0.6101190447807312
patience: 1 / 6
Epoch   3  Train Loss 2.5217 99.69%
Epoch   3:  Dev 0.589562714099884
patience: 2 / 6
Epoch   4  Train Loss 2.5208 99.73%
Epoch   4:  Dev 0.6189735531806946
patience: 3 / 6
Epoch   5  Train Loss 2.5181 99.77%
Epoch   5:  Dev 0.5887324213981628
patience: 4 / 6
Epoch   6  Train Loss 2.5178 99.80%
Epoch   6:  Dev 0.6151559948921204
patience: 5 / 6
Epoch   7  Train Loss 2.5155 99.83%
Epoch   7:  Dev 0.6232980489730835
patience: 6 / 6
setting train exemplar for learned classes
torch.Size([400, 2048])
BEST DEV 2: 0.6359300017356873
BEST TEST 2: 0.6962141990661621
torch.Size([400, 2048])
Epoch   1  Train Loss 3.0191 98.72%
Epoch   1:  Dev 0.5711252689361572
Epoch   1: Test 0.6111475825309753
patience: 0 / 6
Epoch   2  Train Loss 2.9226 99.53%
Epoch   2:  Dev 0.55982905626297
patience: 1 / 6
Epoch   3  Train Loss 2.9150 99.61%
Epoch   3:  Dev 0.507905125617981
patience: 2 / 6
Epoch   4  Train Loss 2.9127 99.68%
Epoch   4:  Dev 0.5967742204666138
Epoch   4: Test 0.6206425428390503
patience: 0 / 6
Epoch   5  Train Loss 2.9063 99.71%
Epoch   5:  Dev 0.5986238718032837
Epoch   5: Test 0.6266760230064392
patience: 0 / 6
Epoch   6  Train Loss 2.9054 99.75%
Epoch   6:  Dev 0.6202686429023743
Epoch   6: Test 0.6487294435501099
patience: 0 / 6
Epoch   7  Train Loss 2.9014 99.78%
Epoch   7:  Dev 0.6009615659713745
patience: 1 / 6
Epoch   8  Train Loss 2.9010 99.81%
Epoch   8:  Dev 0.6190475821495056
patience: 2 / 6
Epoch   9  Train Loss 2.9001 99.82%
Epoch   9:  Dev 0.5846867561340332
patience: 3 / 6
Epoch  10  Train Loss 2.8940 99.84%
Epoch  10:  Dev 0.5778301954269409
patience: 4 / 6
Epoch  11  Train Loss 2.8960 99.85%
Epoch  11:  Dev 0.6105527877807617
patience: 5 / 6
Epoch  12  Train Loss 2.8946 99.86%
Epoch  12:  Dev 0.5790107846260071
patience: 6 / 6
setting train exemplar for learned classes
torch.Size([500, 2048])
BEST DEV 3: 0.6202686429023743
BEST TEST 3: 0.6487294435501099
torch.Size([500, 2048])
Epoch   1  Train Loss 3.4455 99.04%
Epoch   1:  Dev 0.5972762703895569
Epoch   1: Test 0.6077015399932861
patience: 0 / 6
Epoch   2  Train Loss 3.3758 99.66%
Epoch   2:  Dev 0.6149312853813171
Epoch   2: Test 0.613731324672699
patience: 0 / 6
Epoch   3  Train Loss 3.3659 99.70%
Epoch   3:  Dev 0.6037364602088928
patience: 1 / 6
Epoch   4  Train Loss 3.3581 99.76%
Epoch   4:  Dev 0.617616593837738
Epoch   4: Test 0.6217948198318481
patience: 0 / 6
Epoch   5  Train Loss 3.3550 99.79%
Epoch   5:  Dev 0.6071428656578064
patience: 1 / 6
Epoch   6  Train Loss 3.3529 99.81%
Epoch   6:  Dev 0.6237941980361938
Epoch   6: Test 0.6140013337135315
patience: 0 / 6
Epoch   7  Train Loss 3.3488 99.82%
Epoch   7:  Dev 0.6093116998672485
patience: 1 / 6
Epoch   8  Train Loss 3.3470 99.84%
Epoch   8:  Dev 0.6302251219749451
Epoch   8: Test 0.6104575395584106
patience: 0 / 6
Epoch   9  Train Loss 3.3468 99.85%
Epoch   9:  Dev 0.6312364339828491
Epoch   9: Test 0.6116443276405334
patience: 0 / 6
Epoch  10  Train Loss 3.3472 99.86%
Epoch  10:  Dev 0.6330777406692505
Epoch  10: Test 0.6134055256843567
patience: 0 / 6
Epoch  11  Train Loss 3.3441 99.87%
Epoch  11:  Dev 0.6391981840133667
Epoch  11: Test 0.6124916672706604
patience: 0 / 6
Epoch  12  Train Loss 3.3428 99.88%
Epoch  12:  Dev 0.64017653465271
Epoch  12: Test 0.6188281774520874
patience: 0 / 6
Epoch  13  Train Loss 3.3432 99.88%
Epoch  13:  Dev 0.6234357357025146
patience: 1 / 6
Epoch  14  Train Loss 3.3406 99.89%
Epoch  14:  Dev 0.6413407325744629
Epoch  14: Test 0.6164383888244629
patience: 0 / 6
Epoch  15  Train Loss 3.3414 99.89%
Epoch  15:  Dev 0.6155462265014648
patience: 1 / 6
Epoch  16  Train Loss 3.3409 99.90%
Epoch  16:  Dev 0.6367713212966919
patience: 2 / 6
Epoch  17  Train Loss 3.3408 99.90%
Epoch  17:  Dev 0.626349925994873
patience: 3 / 6
Epoch  18  Train Loss 3.3394 99.90%
Epoch  18:  Dev 0.6220735907554626
patience: 4 / 6
Epoch  19  Train Loss 3.3407 99.91%
Epoch  19:  Dev 0.6399132609367371
patience: 5 / 6
Epoch  20  Train Loss 3.3401 99.91%
Epoch  20:  Dev 0.6309662461280823
patience: 6 / 6
setting train exemplar for learned classes
torch.Size([660, 2048])
BEST DEV 4: 0.6413407325744629
BEST TEST 4: 0.6164383888244629
