Dump name space
results/ace/woLMH_woMOO_woNAloss_woSR/perm_2/options.json
Dump name space
results/ace/woLMH_woMOO_woNAloss_woSR/perm_2/options.json
Dump name space
results/ace/woLMH_woMOO_woNAloss_woSR/perm_2/options.json
Dump name space
results/ace/woLMH_woMOO_woNAloss_woSR/perm_2/options.json
Dump name space
results/ace/woLMH_woMOO_woNAloss_woSR/perm_2/options.json
[[188, 199, 184, 194, 189, 190, 178, 186, 197, 0], [200, 180, 173, 198, 177, 0], [191, 187, 195, 171, 174, 179, 0], [196, 181, 182, 202, 185, 176, 170, 192, 0], [201, 183, 193, 172, 175, 0]]
False
train loader and exclude loader:  0
Original len train instances: 265115
train loader and exclude loader:  1
Original len train instances: 264531
train loader and exclude loader:  2
Original len train instances: 263812
train loader and exclude loader:  3
Original len train instances: 262973
train loader and exclude loader:  4
Original len train instances: 262361
Original len dev instances: 54053
Original len test instances: 93949
create basgMTL 4
False False
Epoch   1  Train Loss 0.0569 98.17%
Epoch   1:  Dev 0.5583756566047668
Epoch   1: Test 0.4892086088657379
patience: 0 / 6
Epoch   2  Train Loss 0.0054 98.55%
Epoch   2:  Dev 0.610837459564209
Epoch   2: Test 0.5616438388824463
patience: 0 / 6
Epoch   3  Train Loss 0.0042 98.56%
Epoch   3:  Dev 0.5929203629493713
patience: 1 / 6
Epoch   4  Train Loss 0.0034 98.58%
Epoch   4:  Dev 0.610837459564209
patience: 2 / 6
Epoch   5  Train Loss 0.0029 98.59%
Epoch   5:  Dev 0.5999999642372131
patience: 3 / 6
Epoch   6  Train Loss 0.0023 98.60%
Epoch   6:  Dev 0.6371681690216064
Epoch   6: Test 0.5641025304794312
patience: 0 / 6
Epoch   7  Train Loss 0.0019 98.61%
Epoch   7:  Dev 0.607003927230835
patience: 1 / 6
Epoch   8  Train Loss 0.0016 98.63%
Epoch   8:  Dev 0.5923076868057251
patience: 2 / 6
Epoch   9  Train Loss 0.0013 98.63%
Epoch   9:  Dev 0.5984252095222473
patience: 3 / 6
Epoch  10  Train Loss 0.0012 98.63%
Epoch  10:  Dev 0.6190476417541504
patience: 4 / 6
Epoch  11  Train Loss 0.0011 98.64%
Epoch  11:  Dev 0.6037735939025879
patience: 5 / 6
Epoch  12  Train Loss 0.0010 98.64%
Epoch  12:  Dev 0.581818163394928
patience: 6 / 6
setting train exemplar for learned classes
torch.Size([180, 2048])
BEST DEV 0: 0.6371681690216064
BEST TEST 0: 0.5641025304794312
torch.Size([180, 2048])
Epoch   1  Train Loss 0.1783 98.50%
Epoch   1:  Dev 0.5149051547050476
Epoch   1: Test 0.5106382369995117
patience: 0 / 6
Epoch   2  Train Loss 0.1734 98.73%
Epoch   2:  Dev 0.5871121287345886
Epoch   2: Test 0.5714285373687744
patience: 0 / 6
Epoch   3  Train Loss 0.1729 98.76%
Epoch   3:  Dev 0.5879396200180054
Epoch   3: Test 0.583783745765686
patience: 0 / 6
Epoch   4  Train Loss 0.1725 98.80%
Epoch   4:  Dev 0.5990099310874939
Epoch   4: Test 0.5659341216087341
patience: 0 / 6
Epoch   5  Train Loss 0.1722 98.82%
Epoch   5:  Dev 0.6135265827178955
Epoch   5: Test 0.5721648931503296
patience: 0 / 6
Epoch   6  Train Loss 0.1719 98.84%
Epoch   6:  Dev 0.6093023419380188
patience: 1 / 6
Epoch   7  Train Loss 0.1717 98.86%
Epoch   7:  Dev 0.5841121077537537
patience: 2 / 6
Epoch   8  Train Loss 0.1714 98.89%
Epoch   8:  Dev 0.5920746326446533
patience: 3 / 6
Epoch   9  Train Loss 0.1714 98.89%
Epoch   9:  Dev 0.5809524059295654
patience: 4 / 6
Epoch  10  Train Loss 0.1712 98.90%
Epoch  10:  Dev 0.5888077616691589
patience: 5 / 6
Epoch  11  Train Loss 0.1712 98.90%
Epoch  11:  Dev 0.583518922328949
patience: 6 / 6
setting train exemplar for learned classes
torch.Size([280, 2048])
BEST DEV 1: 0.6135265827178955
BEST TEST 1: 0.5721648931503296
torch.Size([280, 2048])
Epoch   1  Train Loss 0.2511 98.81%
Epoch   1:  Dev 0.6034482717514038
Epoch   1: Test 0.578151285648346
patience: 0 / 6
Epoch   2  Train Loss 0.2469 99.06%
Epoch   2:  Dev 0.609808087348938
Epoch   2: Test 0.6037099361419678
patience: 0 / 6
Epoch   3  Train Loss 0.2461 99.09%
Epoch   3:  Dev 0.6269315481185913
Epoch   3: Test 0.5862646698951721
patience: 0 / 6
Epoch   4  Train Loss 0.2459 99.10%
Epoch   4:  Dev 0.6273684501647949
Epoch   4: Test 0.6151419878005981
patience: 0 / 6
Epoch   5  Train Loss 0.2456 99.11%
Epoch   5:  Dev 0.6415094137191772
Epoch   5: Test 0.6034755110740662
patience: 0 / 6
Epoch   6  Train Loss 0.2455 99.13%
Epoch   6:  Dev 0.6195425987243652
patience: 1 / 6
Epoch   7  Train Loss 0.2453 99.14%
Epoch   7:  Dev 0.6233766674995422
patience: 2 / 6
Epoch   8  Train Loss 0.2451 99.16%
Epoch   8:  Dev 0.6236558556556702
patience: 3 / 6
Epoch   9  Train Loss 0.2449 99.16%
Epoch   9:  Dev 0.6173361539840698
patience: 4 / 6
Epoch  10  Train Loss 0.2447 99.17%
Epoch  10:  Dev 0.6070685982704163
patience: 5 / 6
Epoch  11  Train Loss 0.2446 99.18%
Epoch  11:  Dev 0.6252676844596863
patience: 6 / 6
setting train exemplar for learned classes
torch.Size([400, 2048])
BEST DEV 2: 0.6415094137191772
BEST TEST 2: 0.6034755110740662
torch.Size([400, 2048])
Epoch   1  Train Loss 0.3956 98.91%
Epoch   1:  Dev 0.5796064138412476
Epoch   1: Test 0.5043694972991943
patience: 0 / 6
Epoch   2  Train Loss 0.3890 99.28%
Epoch   2:  Dev 0.5989673733711243
Epoch   2: Test 0.5389221906661987
patience: 0 / 6
Epoch   3  Train Loss 0.3885 99.31%
Epoch   3:  Dev 0.6082473993301392
Epoch   3: Test 0.5478157997131348
patience: 0 / 6
Epoch   4  Train Loss 0.3881 99.33%
Epoch   4:  Dev 0.6153846383094788
Epoch   4: Test 0.5525672435760498
patience: 0 / 6
Epoch   5  Train Loss 0.3878 99.34%
Epoch   5:  Dev 0.618055522441864
Epoch   5: Test 0.5443786382675171
patience: 0 / 6
Epoch   6  Train Loss 0.3876 99.36%
Epoch   6:  Dev 0.6030664443969727
patience: 1 / 6
Epoch   7  Train Loss 0.3874 99.37%
Epoch   7:  Dev 0.6097561717033386
patience: 2 / 6
Epoch   8  Train Loss 0.3871 99.38%
Epoch   8:  Dev 0.6219931244850159
Epoch   8: Test 0.5543608069419861
patience: 0 / 6
Epoch   9  Train Loss 0.3870 99.40%
Epoch   9:  Dev 0.6101694703102112
patience: 1 / 6
Epoch  10  Train Loss 0.3870 99.40%
Epoch  10:  Dev 0.5982608795166016
patience: 2 / 6
Epoch  11  Train Loss 0.3867 99.41%
Epoch  11:  Dev 0.6122449040412903
patience: 3 / 6
Epoch  12  Train Loss 0.3868 99.42%
Epoch  12:  Dev 0.613793134689331
patience: 4 / 6
Epoch  13  Train Loss 0.3864 99.42%
Epoch  13:  Dev 0.6113989353179932
patience: 5 / 6
Epoch  14  Train Loss 0.3866 99.43%
Epoch  14:  Dev 0.6045694351196289
patience: 6 / 6
setting train exemplar for learned classes
torch.Size([560, 2048])
BEST DEV 3: 0.6219931244850159
BEST TEST 3: 0.5543608069419861
torch.Size([560, 2048])
Epoch   1  Train Loss 0.5801 98.99%
Epoch   1:  Dev 0.6192358136177063
Epoch   1: Test 0.5808429718017578
patience: 0 / 6
Epoch   2  Train Loss 0.5722 99.69%
Epoch   2:  Dev 0.6324110627174377
Epoch   2: Test 0.6104783415794373
patience: 0 / 6
Epoch   3  Train Loss 0.5719 99.72%
Epoch   3:  Dev 0.6329441666603088
Epoch   3: Test 0.6160781979560852
patience: 0 / 6
Epoch   4  Train Loss 0.5717 99.75%
Epoch   4:  Dev 0.6581956744194031
Epoch   4: Test 0.6384839415550232
patience: 0 / 6
Epoch   5  Train Loss 0.5712 99.76%
Epoch   5:  Dev 0.6321243643760681
patience: 1 / 6
Epoch   6  Train Loss 0.5713 99.77%
Epoch   6:  Dev 0.6464646458625793
patience: 2 / 6
Epoch   7  Train Loss 0.5710 99.78%
Epoch   7:  Dev 0.6395938396453857
patience: 3 / 6
Epoch   8  Train Loss 0.5709 99.81%
Epoch   8:  Dev 0.6307490468025208
patience: 4 / 6
Epoch   9  Train Loss 0.5711 99.82%
Epoch   9:  Dev 0.6256409883499146
patience: 5 / 6
Epoch  10  Train Loss 0.5708 99.83%
Epoch  10:  Dev 0.6267515420913696
patience: 6 / 6
setting train exemplar for learned classes
torch.Size([660, 2048])
BEST DEV 4: 0.6581956744194031
BEST TEST 4: 0.6384839415550232
