Dump name space
results/ace/NashMTL_woLMH_woSAM_narate-40_cluster-4_gen-10/perm_3/options.json
Dump name space
results/ace/NashMTL_woLMH_woSAM_narate-40_cluster-4_gen-10/perm_3/options.json
Dump name space
results/ace/NashMTL_woLMH_woSAM_narate-40_cluster-4_gen-10/perm_3/options.json
Dump name space
results/ace/NashMTL_woLMH_woSAM_narate-40_cluster-4_gen-10/perm_3/options.json
Dump name space
results/ace/NashMTL_woLMH_woSAM_narate-40_cluster-4_gen-10/perm_3/options.json
[[191, 187, 195, 171, 174, 179, 0], [201, 183, 193, 172, 175, 0], [188, 199, 184, 194, 189, 190, 178, 186, 197, 0], [200, 180, 173, 198, 177, 0], [196, 181, 182, 202, 185, 176, 170, 192, 0]]
False
train loader and exclude loader:  0
Original len train instances: 265115
train loader and exclude loader:  1
Original len train instances: 264276
train loader and exclude loader:  2
Original len train instances: 262942
train loader and exclude loader:  3
Original len train instances: 262358
train loader and exclude loader:  4
Original len train instances: 261639
Original len dev instances: 54053
Original len test instances: 93949
create basgMTL 4
False True
Epoch   1  Train Loss 0.0840 98.24%
Epoch   1:  Dev 0.5233644843101501
Epoch   1: Test 0.5046296119689941
patience: 0 / 6
Epoch   2  Train Loss 0.0232 98.53%
Epoch   2:  Dev 0.5436893105506897
Epoch   2: Test 0.5913043022155762
patience: 0 / 6
Epoch   3  Train Loss 0.0168 98.55%
Epoch   3:  Dev 0.5039369463920593
patience: 1 / 6
Epoch   4  Train Loss 0.0128 98.58%
Epoch   4:  Dev 0.5686274170875549
Epoch   4: Test 0.5954692959785461
patience: 0 / 6
Epoch   5  Train Loss 0.0097 98.61%
Epoch   5:  Dev 0.5081967115402222
patience: 1 / 6
Epoch   6  Train Loss 0.0078 98.64%
Epoch   6:  Dev 0.5161290168762207
patience: 2 / 6
Epoch   7  Train Loss 0.0066 98.66%
Epoch   7:  Dev 0.5794392824172974
Epoch   7: Test 0.6041055917739868
patience: 0 / 6
Epoch   8  Train Loss 0.0058 98.67%
Epoch   8:  Dev 0.5686274170875549
patience: 1 / 6
Epoch   9  Train Loss 0.0053 98.68%
Epoch   9:  Dev 0.5799999833106995
Epoch   9: Test 0.5889968276023865
patience: 0 / 6
Epoch  10  Train Loss 0.0047 98.69%
Epoch  10:  Dev 0.5904761552810669
Epoch  10: Test 0.5808219313621521
patience: 0 / 6
Epoch  11  Train Loss 0.0049 98.70%
Epoch  11:  Dev 0.5894736647605896
patience: 1 / 6
Epoch  12  Train Loss 0.0044 98.70%
Epoch  12:  Dev 0.6292135119438171
Epoch  12: Test 0.631205677986145
patience: 0 / 6
Epoch  13  Train Loss 0.0036 98.72%
Epoch  13:  Dev 0.6262626051902771
patience: 1 / 6
Epoch  14  Train Loss 0.0035 98.71%
Epoch  14:  Dev 0.5799999833106995
patience: 2 / 6
Epoch  15  Train Loss 0.0035 98.72%
Epoch  15:  Dev 0.6086956858634949
patience: 3 / 6
Epoch  16  Train Loss 0.0035 98.71%
Epoch  16:  Dev 0.6086956858634949
patience: 4 / 6
Epoch  17  Train Loss 0.0027 98.73%
Epoch  17:  Dev 0.6170212626457214
patience: 5 / 6
Epoch  18  Train Loss 0.0027 98.73%
Epoch  18:  Dev 0.6373626589775085
Epoch  18: Test 0.6228373646736145
patience: 0 / 6
Epoch  19  Train Loss 0.0030 98.72%
Epoch  19:  Dev 0.5591397881507874
patience: 1 / 6
Epoch  20  Train Loss 0.0027 98.73%
Epoch  20:  Dev 0.5370370149612427
patience: 2 / 6
Epoch  21  Train Loss 0.0024 98.73%
Epoch  21:  Dev 0.5806452035903931
patience: 3 / 6
Epoch  22  Train Loss 0.0022 98.74%
Epoch  22:  Dev 0.5882353186607361
patience: 4 / 6
Epoch  23  Train Loss 0.0019 98.74%
Epoch  23:  Dev 0.5376344323158264
patience: 5 / 6
Epoch  24  Train Loss 0.0022 98.74%
Epoch  24:  Dev 0.5934066772460938
patience: 6 / 6
setting train exemplar for learned classes
torch.Size([120, 2048])
BEST DEV 0: 0.6373626589775085
BEST TEST 0: 0.6228373646736145
torch.Size([120, 2048])
Epoch   1  Train Loss 1.8992 99.47%
Epoch   1:  Dev 0.5870646834373474
Epoch   1: Test 0.670634925365448
patience: 0 / 6
Epoch   2  Train Loss 1.8486 99.66%
Epoch   2:  Dev 0.6315789818763733
Epoch   2: Test 0.6786090731620789
patience: 0 / 6
Epoch   3  Train Loss 1.8451 99.72%
Epoch   3:  Dev 0.6370757222175598
Epoch   3: Test 0.6804124116897583
patience: 0 / 6
Epoch   4  Train Loss 1.8306 99.76%
Epoch   4:  Dev 0.6382979154586792
Epoch   4: Test 0.6839377880096436
patience: 0 / 6
Epoch   5  Train Loss 1.8332 99.79%
Epoch   5:  Dev 0.6469002962112427
Epoch   5: Test 0.6917293071746826
patience: 0 / 6
Epoch   6  Train Loss 1.8332 99.82%
Epoch   6:  Dev 0.6473684310913086
Epoch   6: Test 0.6619576215744019
patience: 0 / 6
Epoch   7  Train Loss 1.8263 99.85%
Epoch   7:  Dev 0.6535211801528931
Epoch   7: Test 0.6911928653717041
patience: 0 / 6
Epoch   8  Train Loss 1.8306 99.87%
Epoch   8:  Dev 0.6458333134651184
patience: 1 / 6
Epoch   9  Train Loss 1.8262 99.87%
Epoch   9:  Dev 0.6704225540161133
Epoch   9: Test 0.7053571939468384
patience: 0 / 6
Epoch  10  Train Loss 1.8303 99.89%
Epoch  10:  Dev 0.64000004529953
patience: 1 / 6
Epoch  11  Train Loss 1.8316 99.89%
Epoch  11:  Dev 0.6703910827636719
patience: 2 / 6
Epoch  12  Train Loss 1.8316 99.90%
Epoch  12:  Dev 0.6725146174430847
Epoch  12: Test 0.7020785212516785
patience: 0 / 6
Epoch  13  Train Loss 1.8128 99.92%
Epoch  13:  Dev 0.6742209196090698
Epoch  13: Test 0.7087485790252686
patience: 0 / 6
Epoch  14  Train Loss 1.8218 99.93%
Epoch  14:  Dev 0.6780626773834229
Epoch  14: Test 0.6908690929412842
patience: 0 / 6
Epoch  15  Train Loss 1.8177 99.92%
Epoch  15:  Dev 0.6666666269302368
patience: 1 / 6
Epoch  16  Train Loss 1.8259 99.92%
Epoch  16:  Dev 0.6647727489471436
patience: 2 / 6
Epoch  17  Train Loss 1.8276 99.93%
Epoch  17:  Dev 0.668571412563324
patience: 3 / 6
Epoch  18  Train Loss 1.8174 99.94%
Epoch  18:  Dev 0.6501377820968628
patience: 4 / 6
Epoch  19  Train Loss 1.8008 99.95%
Epoch  19:  Dev 0.6739130020141602
patience: 5 / 6
Epoch  20  Train Loss 1.8109 99.95%
Epoch  20:  Dev 0.6666666269302368
patience: 6 / 6
setting train exemplar for learned classes
torch.Size([220, 2048])
BEST DEV 1: 0.6780626773834229
BEST TEST 1: 0.6908690929412842
torch.Size([220, 2048])
Epoch   1  Train Loss 2.5710 98.95%
Epoch   1:  Dev 0.5788668394088745
Epoch   1: Test 0.6678603887557983
patience: 0 / 6
Epoch   2  Train Loss 2.4584 99.76%
Epoch   2:  Dev 0.5964391231536865
Epoch   2: Test 0.6907123327255249
patience: 0 / 6
Epoch   3  Train Loss 2.4557 99.79%
Epoch   3:  Dev 0.5726872682571411
patience: 1 / 6
Epoch   4  Train Loss 2.4471 99.83%
Epoch   4:  Dev 0.5764706134796143
patience: 2 / 6
Epoch   5  Train Loss 2.4449 99.86%
Epoch   5:  Dev 0.5668604373931885
patience: 3 / 6
Epoch   6  Train Loss 2.4397 99.87%
Epoch   6:  Dev 0.5420560836791992
patience: 4 / 6
Epoch   7  Train Loss 2.4388 99.89%
Epoch   7:  Dev 0.595943808555603
patience: 5 / 6
Epoch   8  Train Loss 2.4404 99.89%
Epoch   8:  Dev 0.6121794581413269
Epoch   8: Test 0.7013232707977295
patience: 0 / 6
Epoch   9  Train Loss 2.4410 99.91%
Epoch   9:  Dev 0.5904761552810669
patience: 1 / 6
Epoch  10  Train Loss 2.4371 99.91%
Epoch  10:  Dev 0.6022186875343323
patience: 2 / 6
Epoch  11  Train Loss 2.4372 99.92%
Epoch  11:  Dev 0.6009538769721985
patience: 3 / 6
Epoch  12  Train Loss 2.4369 99.92%
Epoch  12:  Dev 0.5652174353599548
patience: 4 / 6
Epoch  13  Train Loss 2.4355 99.93%
Epoch  13:  Dev 0.6201298832893372
Epoch  13: Test 0.6825547814369202
patience: 0 / 6
Epoch  14  Train Loss 2.4346 99.93%
Epoch  14:  Dev 0.5969230532646179
patience: 1 / 6
Epoch  15  Train Loss 2.4368 99.93%
Epoch  15:  Dev 0.5937499403953552
patience: 2 / 6
Epoch  16  Train Loss 2.4337 99.93%
Epoch  16:  Dev 0.5878693461418152
patience: 3 / 6
Epoch  17  Train Loss 2.4333 99.94%
Epoch  17:  Dev 0.6065573692321777
patience: 4 / 6
Epoch  18  Train Loss 2.4372 99.93%
Epoch  18:  Dev 0.6161449551582336
patience: 5 / 6
Epoch  19  Train Loss 2.4373 99.94%
Epoch  19:  Dev 0.6338983178138733
Epoch  19: Test 0.6828774809837341
patience: 0 / 6
Epoch  20  Train Loss 2.4354 99.93%
Epoch  20:  Dev 0.6069651246070862
patience: 1 / 6
Epoch  21  Train Loss 2.4329 99.95%
Epoch  21:  Dev 0.6026058793067932
patience: 2 / 6
Epoch  22  Train Loss 2.4299 99.94%
Epoch  22:  Dev 0.609555184841156
patience: 3 / 6
Epoch  23  Train Loss 2.4333 99.94%
Epoch  23:  Dev 0.6340640783309937
Epoch  23: Test 0.7025380730628967
patience: 0 / 6
Epoch  24  Train Loss 2.4341 99.95%
Epoch  24:  Dev 0.6245846748352051
patience: 1 / 6
Epoch  25  Train Loss 2.4329 99.95%
Epoch  25:  Dev 0.6081300973892212
patience: 2 / 6
Epoch  26  Train Loss 2.4345 99.94%
Epoch  26:  Dev 0.5656565427780151
patience: 3 / 6
Epoch  27  Train Loss 2.4314 99.95%
Epoch  27:  Dev 0.6164154410362244
patience: 4 / 6
Epoch  28  Train Loss 2.4365 99.96%
Epoch  28:  Dev 0.6121112704277039
patience: 5 / 6
Epoch  29  Train Loss 2.4330 99.95%
Epoch  29:  Dev 0.584758996963501
patience: 6 / 6
setting train exemplar for learned classes
torch.Size([400, 2048])
BEST DEV 2: 0.6340640783309937
BEST TEST 2: 0.7025380730628967
torch.Size([400, 2048])
Epoch   1  Train Loss 2.0577 99.01%
Epoch   1:  Dev 0.5675675272941589
Epoch   1: Test 0.5884830951690674
patience: 0 / 6
Epoch   2  Train Loss 1.9831 99.69%
Epoch   2:  Dev 0.5488474369049072
patience: 1 / 6
Epoch   3  Train Loss 1.9796 99.76%
Epoch   3:  Dev 0.5233050584793091
patience: 2 / 6
Epoch   4  Train Loss 1.9716 99.81%
Epoch   4:  Dev 0.5876662731170654
Epoch   4: Test 0.6066914200782776
patience: 0 / 6
Epoch   5  Train Loss 1.9691 99.85%
Epoch   5:  Dev 0.5936739444732666
Epoch   5: Test 0.6296005845069885
patience: 0 / 6
Epoch   6  Train Loss 1.9693 99.87%
Epoch   6:  Dev 0.5901639461517334
patience: 1 / 6
Epoch   7  Train Loss 1.9662 99.89%
Epoch   7:  Dev 0.5435779690742493
patience: 2 / 6
Epoch   8  Train Loss 1.9683 99.91%
Epoch   8:  Dev 0.5923076868057251
patience: 3 / 6
Epoch   9  Train Loss 1.9668 99.93%
Epoch   9:  Dev 0.563015341758728
patience: 4 / 6
Epoch  10  Train Loss 1.9638 99.94%
Epoch  10:  Dev 0.5829383730888367
patience: 5 / 6
Epoch  11  Train Loss 1.9635 99.94%
Epoch  11:  Dev 0.5817246437072754
patience: 6 / 6
setting train exemplar for learned classes
torch.Size([500, 2048])
BEST DEV 3: 0.5936739444732666
BEST TEST 3: 0.6296005845069885
torch.Size([500, 2048])
Epoch   1  Train Loss 2.6454 98.89%
Epoch   1:  Dev 0.5868498086929321
Epoch   1: Test 0.5832809805870056
patience: 0 / 6
Epoch   2  Train Loss 2.5482 99.70%
Epoch   2:  Dev 0.5892857313156128
Epoch   2: Test 0.5880861878395081
patience: 0 / 6
Epoch   3  Train Loss 2.5369 99.77%
Epoch   3:  Dev 0.5817120671272278
patience: 1 / 6
Epoch   4  Train Loss 2.5326 99.80%
Epoch   4:  Dev 0.6021052598953247
Epoch   4: Test 0.5935828685760498
patience: 0 / 6
Epoch   5  Train Loss 2.5272 99.82%
Epoch   5:  Dev 0.5979591608047485
patience: 1 / 6
Epoch   6  Train Loss 2.5238 99.84%
Epoch   6:  Dev 0.5830784440040588
patience: 2 / 6
Epoch   7  Train Loss 2.5234 99.87%
Epoch   7:  Dev 0.5883554816246033
patience: 3 / 6
Epoch   8  Train Loss 2.5203 99.87%
Epoch   8:  Dev 0.5958333015441895
patience: 4 / 6
Epoch   9  Train Loss 2.5186 99.88%
Epoch   9:  Dev 0.6114100813865662
Epoch   9: Test 0.6006779670715332
patience: 0 / 6
Epoch  10  Train Loss 2.5153 99.89%
Epoch  10:  Dev 0.6002120971679688
patience: 1 / 6
Epoch  11  Train Loss 2.5192 99.90%
Epoch  11:  Dev 0.6062567830085754
patience: 2 / 6
Epoch  12  Train Loss 2.5182 99.90%
Epoch  12:  Dev 0.6006322503089905
patience: 3 / 6
Epoch  13  Train Loss 2.5181 99.91%
Epoch  13:  Dev 0.5995475053787231
patience: 4 / 6
Epoch  14  Train Loss 2.5150 99.91%
Epoch  14:  Dev 0.6086956858634949
patience: 5 / 6
Epoch  15  Train Loss 2.5166 99.91%
Epoch  15:  Dev 0.6047031879425049
patience: 6 / 6
setting train exemplar for learned classes
torch.Size([660, 2048])
BEST DEV 4: 0.6114100813865662
BEST TEST 4: 0.6006779670715332
