Dump name space
results/ace/NashMTL_mi_narate-40_cluster-4_gen-10_lm_temp-2_class_alpha-0.2/perm_0/options.json
Dump name space
results/ace/NashMTL_mi_narate-40_cluster-4_gen-10_lm_temp-2_class_alpha-0.2/perm_0/options.json
Dump name space
results/ace/NashMTL_mi_narate-40_cluster-4_gen-10_lm_temp-2_class_alpha-0.2/perm_0/options.json
Dump name space
results/ace/NashMTL_mi_narate-40_cluster-4_gen-10_lm_temp-2_class_alpha-0.2/perm_0/options.json
Dump name space
results/ace/NashMTL_mi_narate-40_cluster-4_gen-10_lm_temp-2_class_alpha-0.2/perm_0/options.json
[[188, 199, 184, 194, 189, 190, 178, 186, 197, 0], [191, 187, 195, 171, 174, 179, 0], [201, 183, 193, 172, 175, 0], [200, 180, 173, 198, 177, 0], [196, 181, 182, 202, 185, 176, 170, 192, 0]]
False
train loader and exclude loader:  0
Original len train instances: 265115
train loader and exclude loader:  1
Original len train instances: 264531
train loader and exclude loader:  2
Original len train instances: 263692
train loader and exclude loader:  3
Original len train instances: 262358
train loader and exclude loader:  4
Original len train instances: 261639
Original len dev instances: 54053
Original len test instances: 93949
create basgMTL 4
False True
Epoch   1  Train Loss 1.2313 99.19%
Epoch   1:  Dev 0.4768212139606476
Epoch   1: Test 0.5648148655891418
patience: 0 / 6
Epoch   2  Train Loss 1.1432 99.65%
Epoch   2:  Dev 0.4289405643939972
patience: 1 / 6
Epoch   3  Train Loss 1.1339 99.67%
Epoch   3:  Dev 0.45771142840385437
patience: 2 / 6
Epoch   4  Train Loss 1.1271 99.72%
Epoch   4:  Dev 0.5349544286727905
Epoch   4: Test 0.6609442234039307
patience: 0 / 6
Epoch   5  Train Loss 1.1231 99.76%
Epoch   5:  Dev 0.46866482496261597
patience: 1 / 6
Epoch   6  Train Loss 1.1203 99.78%
Epoch   6:  Dev 0.4810810387134552
patience: 2 / 6
Epoch   7  Train Loss 1.1185 99.80%
Epoch   7:  Dev 0.5342019200325012
patience: 3 / 6
Epoch   8  Train Loss 1.1171 99.83%
Epoch   8:  Dev 0.5061728358268738
patience: 4 / 6
Epoch   9  Train Loss 1.1162 99.85%
Epoch   9:  Dev 0.4943181574344635
patience: 5 / 6
Epoch  10  Train Loss 1.1157 99.86%
Epoch  10:  Dev 0.5105105042457581
patience: 6 / 6
setting train exemplar for learned classes
torch.Size([180, 2048])
BEST DEV 0: 0.5349544286727905
BEST TEST 0: 0.6609442234039307
torch.Size([180, 2048])
Epoch   1  Train Loss 5.4888 98.89%
Epoch   1:  Dev 0.46060609817504883
Epoch   1: Test 0.6091371178627014
patience: 0 / 6
Epoch   2  Train Loss 5.3817 99.43%
Epoch   2:  Dev 0.4528302252292633
patience: 1 / 6
Epoch   3  Train Loss 5.3656 99.47%
Epoch   3:  Dev 0.49894291162490845
Epoch   3: Test 0.6188034415245056
patience: 0 / 6
Epoch   4  Train Loss 5.3549 99.54%
Epoch   4:  Dev 0.49892476201057434
patience: 1 / 6
Epoch   5  Train Loss 5.3446 99.57%
Epoch   5:  Dev 0.5010526180267334
Epoch   5: Test 0.5670731067657471
patience: 0 / 6
Epoch   6  Train Loss 5.3416 99.60%
Epoch   6:  Dev 0.5232816338539124
Epoch   6: Test 0.6278659701347351
patience: 0 / 6
Epoch   7  Train Loss 5.3295 99.64%
Epoch   7:  Dev 0.5321101546287537
Epoch   7: Test 0.6258741021156311
patience: 0 / 6
Epoch   8  Train Loss 5.3325 99.68%
Epoch   8:  Dev 0.5284737944602966
patience: 1 / 6
Epoch   9  Train Loss 5.3260 99.70%
Epoch   9:  Dev 0.5270270109176636
patience: 2 / 6
Epoch  10  Train Loss 5.3277 99.73%
Epoch  10:  Dev 0.5248869061470032
patience: 3 / 6
Epoch  11  Train Loss 5.3233 99.75%
Epoch  11:  Dev 0.5373831987380981
Epoch  11: Test 0.652985155582428
patience: 0 / 6
Epoch  12  Train Loss 5.3227 99.76%
Epoch  12:  Dev 0.531177818775177
patience: 1 / 6
Epoch  13  Train Loss 5.3176 99.78%
Epoch  13:  Dev 0.542452871799469
Epoch  13: Test 0.6408839821815491
patience: 0 / 6
Epoch  14  Train Loss 5.3147 99.79%
Epoch  14:  Dev 0.5336427092552185
patience: 1 / 6
Epoch  15  Train Loss 5.3175 99.81%
Epoch  15:  Dev 0.5441527962684631
Epoch  15: Test 0.6516854166984558
patience: 0 / 6
Epoch  16  Train Loss 5.3135 99.82%
Epoch  16:  Dev 0.5386417508125305
patience: 1 / 6
Epoch  17  Train Loss 5.3137 99.83%
Epoch  17:  Dev 0.5170068144798279
patience: 2 / 6
Epoch  18  Train Loss 5.3164 99.84%
Epoch  18:  Dev 0.5346062183380127
patience: 3 / 6
Epoch  19  Train Loss 5.3140 99.84%
Epoch  19:  Dev 0.5253456234931946
patience: 4 / 6
Epoch  20  Train Loss 5.3135 99.86%
Epoch  20:  Dev 0.5336427092552185
patience: 5 / 6
Epoch  21  Train Loss 5.3136 99.85%
Epoch  21:  Dev 0.5373831987380981
patience: 6 / 6
setting train exemplar for learned classes
torch.Size([300, 2048])
BEST DEV 1: 0.5441527962684631
BEST TEST 1: 0.6516854166984558
torch.Size([300, 2048])
Epoch   1  Train Loss 4.6860 97.86%
Epoch   1:  Dev 0.6125573515892029
Epoch   1: Test 0.6995515823364258
patience: 0 / 6
Epoch   2  Train Loss 4.5900 99.40%
Epoch   2:  Dev 0.5794655084609985
patience: 1 / 6
Epoch   3  Train Loss 4.5799 99.48%
Epoch   3:  Dev 0.5785813927650452
patience: 2 / 6
Epoch   4  Train Loss 4.5759 99.51%
Epoch   4:  Dev 0.602026104927063
patience: 3 / 6
Epoch   5  Train Loss 4.5692 99.58%
Epoch   5:  Dev 0.573369562625885
patience: 4 / 6
Epoch   6  Train Loss 4.5645 99.63%
Epoch   6:  Dev 0.6167664527893066
Epoch   6: Test 0.6850459575653076
patience: 0 / 6
Epoch   7  Train Loss 4.5639 99.65%
Epoch   7:  Dev 0.610866367816925
patience: 1 / 6
Epoch   8  Train Loss 4.5600 99.68%
Epoch   8:  Dev 0.609195351600647
patience: 2 / 6
Epoch   9  Train Loss 4.5578 99.73%
Epoch   9:  Dev 0.6140089631080627
patience: 3 / 6
Epoch  10  Train Loss 4.5604 99.74%
Epoch  10:  Dev 0.6261398196220398
Epoch  10: Test 0.7266250848770142
patience: 0 / 6
Epoch  11  Train Loss 4.5577 99.77%
Epoch  11:  Dev 0.5898876190185547
patience: 1 / 6
Epoch  12  Train Loss 4.5554 99.78%
Epoch  12:  Dev 0.6251944303512573
patience: 2 / 6
Epoch  13  Train Loss 4.5552 99.79%
Epoch  13:  Dev 0.6017441749572754
patience: 3 / 6
Epoch  14  Train Loss 4.5546 99.80%
Epoch  14:  Dev 0.6114458441734314
patience: 4 / 6
Epoch  15  Train Loss 4.5541 99.80%
Epoch  15:  Dev 0.6221548318862915
patience: 5 / 6
Epoch  16  Train Loss 4.5536 99.82%
Epoch  16:  Dev 0.6188340783119202
patience: 6 / 6
setting train exemplar for learned classes
torch.Size([400, 2048])
BEST DEV 2: 0.6261398196220398
BEST TEST 2: 0.7266250848770142
torch.Size([400, 2048])
Epoch   1  Train Loss 5.0152 97.35%
Epoch   1:  Dev 0.60550457239151
Epoch   1: Test 0.6633593440055847
patience: 0 / 6
Epoch   2  Train Loss 4.8551 99.32%
Epoch   2:  Dev 0.5686695575714111
patience: 1 / 6
Epoch   3  Train Loss 4.8442 99.41%
Epoch   3:  Dev 0.573913037776947
patience: 2 / 6
Epoch   4  Train Loss 4.8368 99.48%
Epoch   4:  Dev 0.5797101855278015
patience: 3 / 6
Epoch   5  Train Loss 4.8303 99.56%
Epoch   5:  Dev 0.6034682393074036
patience: 4 / 6
Epoch   6  Train Loss 4.8249 99.64%
Epoch   6:  Dev 0.6202090382575989
Epoch   6: Test 0.6656649112701416
patience: 0 / 6
Epoch   7  Train Loss 4.8236 99.67%
Epoch   7:  Dev 0.5673912763595581
patience: 1 / 6
Epoch   8  Train Loss 4.8193 99.71%
Epoch   8:  Dev 0.6024096608161926
patience: 2 / 6
Epoch   9  Train Loss 4.8176 99.75%
Epoch   9:  Dev 0.602150559425354
patience: 3 / 6
Epoch  10  Train Loss 4.8172 99.76%
Epoch  10:  Dev 0.6123456954956055
patience: 4 / 6
Epoch  11  Train Loss 4.8140 99.78%
Epoch  11:  Dev 0.6009389758110046
patience: 5 / 6
Epoch  12  Train Loss 4.8134 99.80%
Epoch  12:  Dev 0.5929412245750427
patience: 6 / 6
setting train exemplar for learned classes
torch.Size([500, 2048])
BEST DEV 3: 0.6202090382575989
BEST TEST 3: 0.6656649112701416
torch.Size([500, 2048])
Epoch   1  Train Loss 5.4677 97.66%
Epoch   1:  Dev 0.5986779928207397
Epoch   1: Test 0.6292682886123657
patience: 0 / 6
Epoch   2  Train Loss 5.3237 99.47%
Epoch   2:  Dev 0.6118102073669434
Epoch   2: Test 0.6266253590583801
patience: 0 / 6
Epoch   3  Train Loss 5.3054 99.54%
Epoch   3:  Dev 0.6003824472427368
patience: 1 / 6
Epoch   4  Train Loss 5.2944 99.59%
Epoch   4:  Dev 0.6091370582580566
patience: 2 / 6
Epoch   5  Train Loss 5.2907 99.64%
Epoch   5:  Dev 0.6021717190742493
patience: 3 / 6
Epoch   6  Train Loss 5.2845 99.69%
Epoch   6:  Dev 0.6135216951370239
Epoch   6: Test 0.6356094479560852
patience: 0 / 6
Epoch   7  Train Loss 5.2794 99.71%
Epoch   7:  Dev 0.5968379378318787
patience: 1 / 6
Epoch   8  Train Loss 5.2750 99.75%
Epoch   8:  Dev 0.6265305876731873
Epoch   8: Test 0.6369008421897888
patience: 0 / 6
Epoch   9  Train Loss 5.2749 99.77%
Epoch   9:  Dev 0.6072874665260315
patience: 1 / 6
Epoch  10  Train Loss 5.2733 99.78%
Epoch  10:  Dev 0.6219894886016846
patience: 2 / 6
Epoch  11  Train Loss 5.2703 99.79%
Epoch  11:  Dev 0.6276923418045044
Epoch  11: Test 0.62532639503479
patience: 0 / 6
Epoch  12  Train Loss 5.2704 99.81%
Epoch  12:  Dev 0.6166495680809021
patience: 1 / 6
Epoch  13  Train Loss 5.2695 99.82%
Epoch  13:  Dev 0.6205405592918396
patience: 2 / 6
Epoch  14  Train Loss 5.2692 99.83%
Epoch  14:  Dev 0.6260684132575989
patience: 3 / 6
Epoch  15  Train Loss 5.2674 99.84%
Epoch  15:  Dev 0.6279069781303406
Epoch  15: Test 0.636241614818573
patience: 0 / 6
Epoch  16  Train Loss 5.2679 99.84%
Epoch  16:  Dev 0.6260684132575989
patience: 1 / 6
Epoch  17  Train Loss 5.2655 99.83%
Epoch  17:  Dev 0.6347177624702454
Epoch  17: Test 0.618821918964386
patience: 0 / 6
Epoch  18  Train Loss 5.2667 99.85%
Epoch  18:  Dev 0.6174635887145996
patience: 1 / 6
Epoch  19  Train Loss 5.2663 99.85%
Epoch  19:  Dev 0.6259542107582092
patience: 2 / 6
Epoch  20  Train Loss 5.2642 99.85%
Epoch  20:  Dev 0.6256742477416992
patience: 3 / 6
Epoch  21  Train Loss 5.2654 99.86%
Epoch  21:  Dev 0.6178010106086731
patience: 4 / 6
Epoch  22  Train Loss 5.2668 99.86%
Epoch  22:  Dev 0.6117136478424072
patience: 5 / 6
Epoch  23  Train Loss 5.2621 99.87%
Epoch  23:  Dev 0.6232948899269104
patience: 6 / 6
setting train exemplar for learned classes
torch.Size([660, 2048])
BEST DEV 4: 0.6347177624702454
BEST TEST 4: 0.618821918964386
