Dump name space
results/maven/ot_woMOO_narate-4_cluster-4_gen-20_lm_temp-0.2_class_alpha-0.2/perm_0/options.json
Dump name space
results/maven/ot_woMOO_narate-4_cluster-4_gen-20_lm_temp-0.2_class_alpha-0.2/perm_0/options.json
Dump name space
results/maven/ot_woMOO_narate-4_cluster-4_gen-20_lm_temp-0.2_class_alpha-0.2/perm_0/options.json
Dump name space
results/maven/ot_woMOO_narate-4_cluster-4_gen-20_lm_temp-0.2_class_alpha-0.2/perm_0/options.json
Dump name space
results/maven/ot_woMOO_narate-4_cluster-4_gen-20_lm_temp-0.2_class_alpha-0.2/perm_0/options.json
[[134, 99, 105, 91, 52, 19, 135, 122, 127, 102, 108, 104, 110, 38, 118, 121, 160, 26, 34, 33, 158, 130, 165, 86, 149, 146, 164, 4, 131, 75, 90, 10, 32, 0], [46, 36, 17, 13, 12, 20, 25, 49, 169, 148, 87, 56, 95, 81, 58, 57, 161, 64, 163, 82, 43, 125, 35, 96, 156, 100, 66, 30, 50, 120, 0], [147, 48, 84, 39, 53, 23, 109, 22, 77, 62, 93, 143, 89, 8, 71, 85, 63, 97, 65, 103, 113, 112, 123, 152, 88, 98, 72, 42, 60, 133, 128, 116, 15, 111, 136, 162, 129, 132, 6, 0], [157, 18, 114, 92, 67, 153, 80, 115, 78, 154, 27, 5, 69, 117, 44, 83, 155, 40, 45, 139, 137, 14, 138, 119, 74, 150, 59, 54, 28, 9, 140, 37, 107, 76, 47, 0], [151, 16, 3, 70, 106, 141, 68, 31, 79, 101, 166, 167, 94, 21, 51, 7, 73, 145, 2, 124, 159, 61, 41, 142, 126, 144, 55, 168, 29, 11, 24, 0]]
True
train loader and exclude loader:  0
Original len train instances: 347788
train loader and exclude loader:  1
Original len train instances: 334861
train loader and exclude loader:  2
Original len train instances: 322569
train loader and exclude loader:  3
Original len train instances: 308131
train loader and exclude loader:  4
Original len train instances: 294718
Original len dev instances: 57198
Original len test instances: 98603
create basgMTL 4
False True
Epoch   1  Train Loss 0.5218 80.78%
Epoch   1:  Dev 0.6037030220031738
Epoch   1: Test 0.62762051820755
patience: 0 / 5
Epoch   2  Train Loss 0.3377 81.86%
Epoch   2:  Dev 0.6165057420730591
Epoch   2: Test 0.6414342522621155
patience: 0 / 5
Epoch   3  Train Loss 0.3041 81.96%
Epoch   3:  Dev 0.6198895573616028
Epoch   3: Test 0.644376277923584
patience: 0 / 5
Epoch   4  Train Loss 0.2812 82.04%
Epoch   4:  Dev 0.6428846716880798
Epoch   4: Test 0.6672572493553162
patience: 0 / 5
Epoch   5  Train Loss 0.2612 82.17%
Epoch   5:  Dev 0.6456813812255859
Epoch   5: Test 0.6565667986869812
patience: 0 / 5
Epoch   6  Train Loss 0.2464 82.27%
Epoch   6:  Dev 0.6295823454856873
patience: 1 / 5
Epoch   7  Train Loss 0.2328 82.38%
Epoch   7:  Dev 0.6354106664657593
patience: 2 / 5
Epoch   8  Train Loss 0.2215 82.48%
Epoch   8:  Dev 0.6316972970962524
patience: 3 / 5
Epoch   9  Train Loss 0.2122 82.59%
Epoch   9:  Dev 0.6481374502182007
Epoch   9: Test 0.6627945303916931
patience: 0 / 5
Epoch  10  Train Loss 0.2044 82.70%
Epoch  10:  Dev 0.6241734027862549
patience: 1 / 5
Epoch  11  Train Loss 0.1983 82.75%
Epoch  11:  Dev 0.6477779746055603
patience: 2 / 5
Epoch  12  Train Loss 0.1935 82.85%
Epoch  12:  Dev 0.6441078186035156
patience: 3 / 5
Epoch  13  Train Loss 0.1881 82.92%
Epoch  13:  Dev 0.6384313702583313
patience: 4 / 5
Epoch  14  Train Loss 0.1840 82.98%
Epoch  14:  Dev 0.6629515290260315
Epoch  14: Test 0.6699380874633789
patience: 0 / 5
Epoch  15  Train Loss 0.1804 83.02%
Epoch  15:  Dev 0.6425196528434753
patience: 1 / 5
setting train exemplar for learned classes
torch.Size([660, 2048])
BEST DEV 0: 0.6629515290260315
BEST TEST 0: 0.6699380874633789
torch.Size([660, 2048])
Epoch   1  Train Loss 1.5757 83.03%
Epoch   1:  Dev 0.5938106775283813
Epoch   1: Test 0.6078970432281494
patience: 0 / 5
Epoch   2  Train Loss 1.5071 83.71%
Epoch   2:  Dev 0.620494544506073
Epoch   2: Test 0.6303511261940002
patience: 0 / 5
Epoch   3  Train Loss 1.4890 83.92%
Epoch   3:  Dev 0.6102500557899475
patience: 1 / 5
Epoch   4  Train Loss 1.4784 84.12%
Epoch   4:  Dev 0.6176719069480896
patience: 2 / 5
Epoch   5  Train Loss 1.4711 84.26%
Epoch   5:  Dev 0.6219244003295898
Epoch   5: Test 0.63140869140625
patience: 0 / 5
Epoch   6  Train Loss 1.4653 84.39%
Epoch   6:  Dev 0.6130471229553223
patience: 1 / 5
Epoch   7  Train Loss 1.4605 84.60%
Epoch   7:  Dev 0.6302016377449036
Epoch   7: Test 0.6399215459823608
patience: 0 / 5
Epoch   8  Train Loss 1.4573 84.72%
Epoch   8:  Dev 0.6205599308013916
patience: 1 / 5
Epoch   9  Train Loss 1.4542 84.86%
Epoch   9:  Dev 0.6207043528556824
patience: 2 / 5
Epoch  10  Train Loss 1.4515 84.98%
Epoch  10:  Dev 0.6224390268325806
patience: 3 / 5
Epoch  11  Train Loss 1.4496 85.04%
Epoch  11:  Dev 0.6281800270080566
patience: 4 / 5
Epoch  12  Train Loss 1.4475 85.17%
Epoch  12:  Dev 0.6288716197013855
patience: 5 / 5
setting train exemplar for learned classes
torch.Size([1260, 2048])
BEST DEV 1: 0.6302016377449036
BEST TEST 1: 0.6399215459823608
torch.Size([1260, 2048])
Epoch   1  Train Loss 1.7757 85.30%
Epoch   1:  Dev 0.6122820377349854
Epoch   1: Test 0.6210092902183533
patience: 0 / 5
Epoch   2  Train Loss 1.7350 86.33%
Epoch   2:  Dev 0.6198466420173645
Epoch   2: Test 0.6268585920333862
patience: 0 / 5
Epoch   3  Train Loss 1.7242 86.58%
Epoch   3:  Dev 0.6227654814720154
Epoch   3: Test 0.6316210627555847
patience: 0 / 5
Epoch   4  Train Loss 1.7175 86.83%
Epoch   4:  Dev 0.6255394220352173
Epoch   4: Test 0.6339328289031982
patience: 0 / 5
Epoch   5  Train Loss 1.7138 86.99%
Epoch   5:  Dev 0.623430073261261
patience: 1 / 5
Epoch   6  Train Loss 1.7104 87.17%
Epoch   6:  Dev 0.6214014887809753
patience: 2 / 5
Epoch   7  Train Loss 1.7073 87.31%
Epoch   7:  Dev 0.6222777366638184
patience: 3 / 5
Epoch   8  Train Loss 1.7050 87.43%
Epoch   8:  Dev 0.6217631101608276
patience: 4 / 5
Epoch   9  Train Loss 1.7025 87.61%
Epoch   9:  Dev 0.620173454284668
patience: 5 / 5
setting train exemplar for learned classes
torch.Size([2040, 2048])
BEST DEV 2: 0.6255394220352173
BEST TEST 2: 0.6339328289031982
torch.Size([2040, 2048])
Epoch   1  Train Loss 2.5854 87.13%
Epoch   1:  Dev 0.5884443521499634
Epoch   1: Test 0.6032578349113464
patience: 0 / 5
Epoch   2  Train Loss 2.5478 88.33%
Epoch   2:  Dev 0.599230170249939
Epoch   2: Test 0.6097419261932373
patience: 0 / 5
Epoch   3  Train Loss 2.5382 88.62%
Epoch   3:  Dev 0.5981870293617249
patience: 1 / 5
Epoch   4  Train Loss 2.5332 88.77%
Epoch   4:  Dev 0.5975934863090515
patience: 2 / 5
Epoch   5  Train Loss 2.5284 88.92%
Epoch   5:  Dev 0.6025599837303162
Epoch   5: Test 0.612622082233429
patience: 0 / 5
Epoch   6  Train Loss 2.5258 89.04%
Epoch   6:  Dev 0.6000858545303345
patience: 1 / 5
Epoch   7  Train Loss 2.5234 89.20%
Epoch   7:  Dev 0.601639986038208
patience: 2 / 5
Epoch   8  Train Loss 2.5218 89.30%
Epoch   8:  Dev 0.600189208984375
patience: 3 / 5
Epoch   9  Train Loss 2.5206 89.41%
Epoch   9:  Dev 0.5953958034515381
patience: 4 / 5
Epoch  10  Train Loss 2.5187 89.47%
Epoch  10:  Dev 0.599689781665802
patience: 5 / 5
setting train exemplar for learned classes
torch.Size([2740, 2048])
BEST DEV 3: 0.6025599837303162
BEST TEST 3: 0.612622082233429
torch.Size([2740, 2048])
Epoch   1  Train Loss 3.2375 89.84%
Epoch   1:  Dev 0.5919723510742188
Epoch   1: Test 0.600875973701477
patience: 0 / 5
Epoch   2  Train Loss 3.2118 91.32%
Epoch   2:  Dev 0.599310040473938
Epoch   2: Test 0.6052546501159668
patience: 0 / 5
Epoch   3  Train Loss 3.2040 91.66%
Epoch   3:  Dev 0.5987818837165833
patience: 1 / 5
Epoch   4  Train Loss 3.1992 91.88%
Epoch   4:  Dev 0.6010159254074097
Epoch   4: Test 0.6057695150375366
patience: 0 / 5
Epoch   5  Train Loss 3.1977 92.04%
Epoch   5:  Dev 0.5976020097732544
patience: 1 / 5
Epoch   6  Train Loss 3.1948 92.17%
Epoch   6:  Dev 0.5996793508529663
patience: 2 / 5
Epoch   7  Train Loss 3.1924 92.28%
Epoch   7:  Dev 0.6009531021118164
patience: 3 / 5
Epoch   8  Train Loss 3.1911 92.40%
Epoch   8:  Dev 0.5962338447570801
patience: 4 / 5
Epoch   9  Train Loss 3.1903 92.51%
Epoch   9:  Dev 0.5954000949859619
patience: 5 / 5
setting train exemplar for learned classes
torch.Size([3360, 2048])
BEST DEV 4: 0.6010159254074097
BEST TEST 4: 0.6057695150375366
