Dump name space
results/maven/FairGrad_woSR_woSAM_woLosstrick/perm_3/options.json
Dump name space
results/maven/FairGrad_woSR_woSAM_woLosstrick/perm_3/options.json
Dump name space
results/maven/FairGrad_woSR_woSAM_woLosstrick/perm_3/options.json
Dump name space
results/maven/FairGrad_woSR_woSAM_woLosstrick/perm_3/options.json
Dump name space
results/maven/FairGrad_woSR_woSAM_woLosstrick/perm_3/options.json
[[46, 36, 17, 13, 12, 20, 25, 49, 169, 148, 87, 56, 95, 81, 58, 57, 161, 64, 163, 82, 43, 125, 35, 96, 156, 100, 66, 30, 50, 120, 0], [147, 48, 84, 39, 53, 23, 109, 22, 77, 62, 93, 143, 89, 8, 71, 85, 63, 97, 65, 103, 113, 112, 123, 152, 88, 98, 72, 42, 60, 133, 128, 116, 15, 111, 136, 162, 129, 132, 6, 0], [134, 99, 105, 91, 52, 19, 135, 122, 127, 102, 108, 104, 110, 38, 118, 121, 160, 26, 34, 33, 158, 130, 165, 86, 149, 146, 164, 4, 131, 75, 90, 10, 32, 0], [157, 18, 114, 92, 67, 153, 80, 115, 78, 154, 27, 5, 69, 117, 44, 83, 155, 40, 45, 139, 137, 14, 138, 119, 74, 150, 59, 54, 28, 9, 140, 37, 107, 76, 47, 0], [151, 16, 3, 70, 106, 141, 68, 31, 79, 101, 166, 167, 94, 21, 51, 7, 73, 145, 2, 124, 159, 61, 41, 142, 126, 144, 55, 168, 29, 11, 24, 0]]
True
train loader and exclude loader:  0
Original len train instances: 347788
train loader and exclude loader:  1
Original len train instances: 335496
train loader and exclude loader:  2
Original len train instances: 321058
train loader and exclude loader:  3
Original len train instances: 308131
train loader and exclude loader:  4
Original len train instances: 294718
Original len dev instances: 57198
Original len test instances: 98603
create basgMTL 4
False False
Epoch   1  Train Loss 0.1484 81.15%
Epoch   1:  Dev 0.5574170351028442
Epoch   1: Test 0.5583274960517883
patience: 0 / 5
Epoch   2  Train Loss 0.0779 81.86%
Epoch   2:  Dev 0.5882017016410828
Epoch   2: Test 0.5961410403251648
patience: 0 / 5
Epoch   3  Train Loss 0.0686 82.01%
Epoch   3:  Dev 0.6061263084411621
Epoch   3: Test 0.6263890862464905
patience: 0 / 5
Epoch   4  Train Loss 0.0628 82.12%
Epoch   4:  Dev 0.6124454736709595
Epoch   4: Test 0.631146252155304
patience: 0 / 5
Epoch   5  Train Loss 0.0577 82.23%
Epoch   5:  Dev 0.5970233082771301
patience: 1 / 5
Epoch   6  Train Loss 0.0531 82.34%
Epoch   6:  Dev 0.6211453676223755
Epoch   6: Test 0.6287358403205872
patience: 0 / 5
Epoch   7  Train Loss 0.0490 82.44%
Epoch   7:  Dev 0.6010683178901672
patience: 1 / 5
Epoch   8  Train Loss 0.0453 82.53%
Epoch   8:  Dev 0.5993208885192871
patience: 2 / 5
Epoch   9  Train Loss 0.0416 82.63%
Epoch   9:  Dev 0.6164419651031494
patience: 3 / 5
Epoch  10  Train Loss 0.0382 82.76%
Epoch  10:  Dev 0.6020299196243286
patience: 4 / 5
Epoch  11  Train Loss 0.0349 82.85%
Epoch  11:  Dev 0.6055437326431274
patience: 5 / 5
setting train exemplar for learned classes
torch.Size([600, 2048])
BEST DEV 0: 0.6211453676223755
BEST TEST 0: 0.6287358403205872
torch.Size([600, 2048])
Epoch   1  Train Loss 20.6955 95.64%
Epoch   1:  Dev 0.5691012144088745
Epoch   1: Test 0.568057656288147
patience: 0 / 5
Epoch   2  Train Loss 24.8454 96.55%
Epoch   2:  Dev 0.6026687622070312
Epoch   2: Test 0.6055964827537537
patience: 0 / 5
Epoch   3  Train Loss 27.3893 96.78%
Epoch   3:  Dev 0.5984463095664978
patience: 1 / 5
Epoch   4  Train Loss 29.8736 96.94%
Epoch   4:  Dev 0.6103484034538269
Epoch   4: Test 0.6074118614196777
patience: 0 / 5
Epoch   5  Train Loss 32.0985 97.05%
Epoch   5:  Dev 0.6100603342056274
patience: 1 / 5
Epoch   6  Train Loss 34.3870 97.19%
Epoch   6:  Dev 0.6108590960502625
Epoch   6: Test 0.6192296147346497
patience: 0 / 5
Epoch   7  Train Loss 37.0386 97.28%
Epoch   7:  Dev 0.6074717044830322
patience: 1 / 5
Epoch   8  Train Loss 40.0685 97.36%
Epoch   8:  Dev 0.6109119653701782
Epoch   8: Test 0.613663911819458
patience: 0 / 5
Epoch   9  Train Loss 44.0118 97.45%
Epoch   9:  Dev 0.6127749681472778
Epoch   9: Test 0.6151182055473328
patience: 0 / 5
Epoch  10  Train Loss 48.2678 97.51%
Epoch  10:  Dev 0.6127122044563293
patience: 1 / 5
Epoch  11  Train Loss 54.2619 97.63%
Epoch  11:  Dev 0.6242524981498718
Epoch  11: Test 0.6258878111839294
patience: 0 / 5
Epoch  12  Train Loss 58.5493 97.70%
Epoch  12:  Dev 0.6020296216011047
patience: 1 / 5
Epoch  13  Train Loss 62.8629 97.79%
Epoch  13:  Dev 0.598058819770813
patience: 2 / 5
Epoch  14  Train Loss 64.5660 97.86%
Epoch  14:  Dev 0.5993956327438354
patience: 3 / 5
Epoch  15  Train Loss 66.4371 97.95%
Epoch  15:  Dev 0.6022921800613403
patience: 4 / 5
setting train exemplar for learned classes
torch.Size([1380, 2048])
BEST DEV 1: 0.6242524981498718
BEST TEST 1: 0.6258878111839294
torch.Size([1380, 2048])
Epoch   1  Train Loss 13.9667 95.21%
Epoch   1:  Dev 0.5701664090156555
Epoch   1: Test 0.5762458443641663
patience: 0 / 5
Epoch   2  Train Loss 17.4940 96.46%
Epoch   2:  Dev 0.5913724303245544
Epoch   2: Test 0.5961089134216309
patience: 0 / 5
Epoch   3  Train Loss 19.6286 96.69%
Epoch   3:  Dev 0.6002881526947021
Epoch   3: Test 0.600123405456543
patience: 0 / 5
Epoch   4  Train Loss 21.5823 96.84%
Epoch   4:  Dev 0.5867699384689331
patience: 1 / 5
Epoch   5  Train Loss 23.2636 97.00%
Epoch   5:  Dev 0.5935471653938293
patience: 2 / 5
Epoch   6  Train Loss 24.8902 97.10%
Epoch   6:  Dev 0.6177680492401123
Epoch   6: Test 0.6107214093208313
patience: 0 / 5
Epoch   7  Train Loss 26.4640 97.19%
Epoch   7:  Dev 0.5937077403068542
patience: 1 / 5
Epoch   8  Train Loss 27.9374 97.28%
Epoch   8:  Dev 0.5848515629768372
patience: 2 / 5
Epoch   9  Train Loss 29.0423 97.32%
Epoch   9:  Dev 0.6010133028030396
patience: 3 / 5
Epoch  10  Train Loss 30.2784 97.43%
Epoch  10:  Dev 0.6015520095825195
patience: 4 / 5
Epoch  11  Train Loss 31.2905 97.49%
Epoch  11:  Dev 0.5844892859458923
patience: 5 / 5
setting train exemplar for learned classes
torch.Size([2040, 2048])
BEST DEV 2: 0.6177680492401123
BEST TEST 2: 0.6107214093208313
torch.Size([2040, 2048])
Epoch   1  Train Loss 17.5287 94.21%
Epoch   1:  Dev 0.5470954775810242
Epoch   1: Test 0.5388397574424744
patience: 0 / 5
Epoch   2  Train Loss 21.4635 95.40%
Epoch   2:  Dev 0.5465414524078369
patience: 1 / 5
Epoch   3  Train Loss 23.8444 95.71%
Epoch   3:  Dev 0.5513840913772583
Epoch   3: Test 0.5480515956878662
patience: 0 / 5
Epoch   4  Train Loss 25.8922 95.90%
Epoch   4:  Dev 0.5538439750671387
Epoch   4: Test 0.5558723211288452
patience: 0 / 5
Epoch   5  Train Loss 27.4345 96.05%
Epoch   5:  Dev 0.55211341381073
patience: 1 / 5
Epoch   6  Train Loss 29.0363 96.15%
Epoch   6:  Dev 0.5598562359809875
Epoch   6: Test 0.5573262572288513
patience: 0 / 5
Epoch   7  Train Loss 30.4958 96.27%
Epoch   7:  Dev 0.5610625147819519
Epoch   7: Test 0.556719958782196
patience: 0 / 5
Epoch   8  Train Loss 31.8438 96.33%
Epoch   8:  Dev 0.5605313181877136
patience: 1 / 5
Epoch   9  Train Loss 33.1986 96.45%
Epoch   9:  Dev 0.5455937385559082
patience: 2 / 5
Epoch  10  Train Loss 34.2005 96.53%
Epoch  10:  Dev 0.5409789085388184
patience: 3 / 5
Epoch  11  Train Loss 35.4455 96.62%
Epoch  11:  Dev 0.5493770837783813
patience: 4 / 5
Epoch  12  Train Loss 36.6059 96.69%
Epoch  12:  Dev 0.5462753772735596
patience: 5 / 5
setting train exemplar for learned classes
torch.Size([2740, 2048])
BEST DEV 3: 0.5610625147819519
BEST TEST 3: 0.556719958782196
torch.Size([2740, 2048])
Epoch   1  Train Loss 22.9565 94.27%
Epoch   1:  Dev 0.5119168162345886
Epoch   1: Test 0.5151218175888062
patience: 0 / 5
Epoch   2  Train Loss 28.3425 95.73%
Epoch   2:  Dev 0.503267228603363
patience: 1 / 5
Epoch   3  Train Loss 31.7699 96.07%
Epoch   3:  Dev 0.5087267160415649
patience: 2 / 5
Epoch   4  Train Loss 34.6129 96.28%
Epoch   4:  Dev 0.5056474804878235
patience: 3 / 5
Epoch   5  Train Loss 37.1580 96.46%
Epoch   5:  Dev 0.5154417157173157
Epoch   5: Test 0.510807454586029
patience: 0 / 5
Epoch   6  Train Loss 39.4316 96.56%
Epoch   6:  Dev 0.5166788697242737
Epoch   6: Test 0.5178903341293335
patience: 0 / 5
Epoch   7  Train Loss 41.7677 96.70%
Epoch   7:  Dev 0.524322509765625
Epoch   7: Test 0.5229048132896423
patience: 0 / 5
Epoch   8  Train Loss 43.3365 96.78%
Epoch   8:  Dev 0.5091753602027893
patience: 1 / 5
Epoch   9  Train Loss 45.1177 96.88%
Epoch   9:  Dev 0.5090764164924622
patience: 2 / 5
Epoch  10  Train Loss 46.8713 96.97%
Epoch  10:  Dev 0.4966188669204712
patience: 3 / 5
Epoch  11  Train Loss 48.2931 97.07%
Epoch  11:  Dev 0.5039254426956177
patience: 4 / 5
Epoch  12  Train Loss 49.5838 97.11%
Epoch  12:  Dev 0.5070517063140869
patience: 5 / 5
setting train exemplar for learned classes
torch.Size([3360, 2048])
BEST DEV 4: 0.524322509765625
BEST TEST 4: 0.5229048132896423
