Dump name space
results/ace/NashMTL_mi_woMOO/perm_3/options.json
Dump name space
results/ace/NashMTL_mi_woMOO/perm_3/options.json
Dump name space
results/ace/NashMTL_mi_woMOO/perm_3/options.json
Dump name space
results/ace/NashMTL_mi_woMOO/perm_3/options.json
[[191, 187, 195, 171, 174, 179, 0], [201, 183, 193, 172, 175, 0], [188, 199, 184, 194, 189, 190, 178, 186, 197, 0], [200, 180, 173, 198, 177, 0], [196, 181, 182, 202, 185, 176, 170, 192, 0]]
False
train loader and exclude loader:  0
Original len train instances: 265115
train loader and exclude loader:  1
Original len train instances: 264276
train loader and exclude loader:  2
Original len train instances: 262942
train loader and exclude loader:  3
Original len train instances: 262358
train loader and exclude loader:  4
Original len train instances: 261639
Original len dev instances: 54053
Original len test instances: 93949
create basgMTL 4
False True
Epoch   1  Train Loss 1.2120 99.25%
Epoch   1:  Dev 0.5090909004211426
Epoch   1: Test 0.5179855823516846
patience: 0 / 6
Epoch   2  Train Loss 1.1423 99.63%
Epoch   2:  Dev 0.5600000023841858
Epoch   2: Test 0.589595377445221
patience: 0 / 6
Epoch   3  Train Loss 1.1347 99.65%
Epoch   3:  Dev 0.5040650367736816
patience: 1 / 6
Epoch   4  Train Loss 1.1295 99.68%
Epoch   4:  Dev 0.6213592290878296
Epoch   4: Test 0.5875370502471924
patience: 0 / 6
Epoch   5  Train Loss 1.1252 99.71%
Epoch   5:  Dev 0.5517241358757019
patience: 1 / 6
Epoch   6  Train Loss 1.1218 99.75%
Epoch   6:  Dev 0.5245901346206665
patience: 2 / 6
Epoch   7  Train Loss 1.1196 99.78%
Epoch   7:  Dev 0.5585585236549377
patience: 3 / 6
Epoch   8  Train Loss 1.1182 99.80%
Epoch   8:  Dev 0.5470085740089417
patience: 4 / 6
Epoch   9  Train Loss 1.1171 99.83%
Epoch   9:  Dev 0.5420560836791992
patience: 5 / 6
Epoch  10  Train Loss 1.1165 99.84%
Epoch  10:  Dev 0.5321100950241089
patience: 6 / 6
setting train exemplar for learned classes
torch.Size([120, 2048])
BEST DEV 0: 0.6213592290878296
BEST TEST 0: 0.5875370502471924
torch.Size([120, 2048])
Epoch   1  Train Loss 0.7128 98.28%
Epoch   1:  Dev 0.5960590839385986
Epoch   1: Test 0.658777117729187
patience: 0 / 6
Epoch   2  Train Loss 0.6860 99.44%
Epoch   2:  Dev 0.6578947901725769
Epoch   2: Test 0.699373722076416
patience: 0 / 6
Epoch   3  Train Loss 0.6826 99.51%
Epoch   3:  Dev 0.6310433149337769
patience: 1 / 6
Epoch   4  Train Loss 0.6807 99.55%
Epoch   4:  Dev 0.6250000596046448
patience: 2 / 6
Epoch   5  Train Loss 0.6788 99.62%
Epoch   5:  Dev 0.6543535590171814
patience: 3 / 6
Epoch   6  Train Loss 0.6779 99.65%
Epoch   6:  Dev 0.6135265231132507
patience: 4 / 6
Epoch   7  Train Loss 0.6768 99.68%
Epoch   7:  Dev 0.6631578803062439
Epoch   7: Test 0.7020833492279053
patience: 0 / 6
Epoch   8  Train Loss 0.6761 99.72%
Epoch   8:  Dev 0.644501268863678
patience: 1 / 6
Epoch   9  Train Loss 0.6757 99.73%
Epoch   9:  Dev 0.6494845151901245
patience: 2 / 6
Epoch  10  Train Loss 0.6752 99.76%
Epoch  10:  Dev 0.6614173054695129
patience: 3 / 6
Epoch  11  Train Loss 0.6748 99.78%
Epoch  11:  Dev 0.6648794412612915
Epoch  11: Test 0.7057591676712036
patience: 0 / 6
Epoch  12  Train Loss 0.6745 99.79%
Epoch  12:  Dev 0.6723163723945618
Epoch  12: Test 0.7117516398429871
patience: 0 / 6
Epoch  13  Train Loss 0.6739 99.81%
Epoch  13:  Dev 0.6849314570426941
Epoch  13: Test 0.7211328744888306
patience: 0 / 6
Epoch  14  Train Loss 0.6735 99.82%
Epoch  14:  Dev 0.6575343012809753
patience: 1 / 6
Epoch  15  Train Loss 0.6737 99.83%
Epoch  15:  Dev 0.6666666865348816
patience: 2 / 6
Epoch  16  Train Loss 0.6733 99.83%
Epoch  16:  Dev 0.6578947901725769
patience: 3 / 6
Epoch  17  Train Loss 0.6732 99.85%
Epoch  17:  Dev 0.6819483637809753
patience: 4 / 6
Epoch  18  Train Loss 0.6732 99.83%
Epoch  18:  Dev 0.663129985332489
patience: 5 / 6
Epoch  19  Train Loss 0.6730 99.85%
Epoch  19:  Dev 0.6464088559150696
patience: 6 / 6
setting train exemplar for learned classes
torch.Size([220, 2048])
BEST DEV 1: 0.6849314570426941
BEST TEST 1: 0.7211328744888306
torch.Size([220, 2048])
Epoch   1  Train Loss 0.8268 97.45%
Epoch   1:  Dev 0.6006289124488831
Epoch   1: Test 0.6985560059547424
patience: 0 / 6
Epoch   2  Train Loss 0.7719 99.56%
Epoch   2:  Dev 0.5765230059623718
patience: 1 / 6
Epoch   3  Train Loss 0.7673 99.62%
Epoch   3:  Dev 0.5885714888572693
patience: 2 / 6
Epoch   4  Train Loss 0.7645 99.65%
Epoch   4:  Dev 0.5662983059883118
patience: 3 / 6
Epoch   5  Train Loss 0.7620 99.70%
Epoch   5:  Dev 0.5439783334732056
patience: 4 / 6
Epoch   6  Train Loss 0.7605 99.74%
Epoch   6:  Dev 0.5658263564109802
patience: 5 / 6
Epoch   7  Train Loss 0.7597 99.76%
Epoch   7:  Dev 0.5787965655326843
patience: 6 / 6
setting train exemplar for learned classes
torch.Size([400, 2048])
BEST DEV 2: 0.6006289124488831
BEST TEST 2: 0.6985560059547424
torch.Size([400, 2048])
Epoch   1  Train Loss 1.0918 97.81%
Epoch   1:  Dev 0.5692963600158691
Epoch   1: Test 0.6491712927818298
patience: 0 / 6
Epoch   2  Train Loss 1.0796 99.25%
Epoch   2:  Dev 0.5474308133125305
patience: 1 / 6
Epoch   3  Train Loss 1.0770 99.32%
Epoch   3:  Dev 0.5347490310668945
patience: 2 / 6
Epoch   4  Train Loss 1.0748 99.40%
Epoch   4:  Dev 0.5617977976799011
patience: 3 / 6
Epoch   5  Train Loss 1.0743 99.46%
Epoch   5:  Dev 0.581818163394928
Epoch   5: Test 0.6609441637992859
patience: 0 / 6
Epoch   6  Train Loss 1.0727 99.52%
Epoch   6:  Dev 0.5942350625991821
Epoch   6: Test 0.6666666269302368
patience: 0 / 6
Epoch   7  Train Loss 1.0724 99.56%
Epoch   7:  Dev 0.5569357872009277
patience: 1 / 6
Epoch   8  Train Loss 1.0727 99.60%
Epoch   8:  Dev 0.5860565900802612
patience: 2 / 6
Epoch   9  Train Loss 1.0718 99.62%
Epoch   9:  Dev 0.5519348382949829
patience: 3 / 6
Epoch  10  Train Loss 1.0718 99.65%
Epoch  10:  Dev 0.5941703915596008
patience: 4 / 6
Epoch  11  Train Loss 1.0703 99.66%
Epoch  11:  Dev 0.563291072845459
patience: 5 / 6
Epoch  12  Train Loss 1.0707 99.68%
Epoch  12:  Dev 0.5607675909996033
patience: 6 / 6
setting train exemplar for learned classes
torch.Size([500, 2048])
BEST DEV 3: 0.5942350625991821
BEST TEST 3: 0.6666666269302368
torch.Size([500, 2048])
Epoch   1  Train Loss 1.3445 97.43%
Epoch   1:  Dev 0.5923862457275391
Epoch   1: Test 0.6364185810089111
patience: 0 / 6
Epoch   2  Train Loss 1.3362 99.40%
Epoch   2:  Dev 0.5849227905273438
patience: 1 / 6
Epoch   3  Train Loss 1.3328 99.45%
Epoch   3:  Dev 0.5855855941772461
patience: 2 / 6
Epoch   4  Train Loss 1.3311 99.47%
Epoch   4:  Dev 0.59086674451828
patience: 3 / 6
Epoch   5  Train Loss 1.3297 99.51%
Epoch   5:  Dev 0.5831843018531799
patience: 4 / 6
Epoch   6  Train Loss 1.3289 99.55%
Epoch   6:  Dev 0.5797872543334961
patience: 5 / 6
Epoch   7  Train Loss 1.3280 99.56%
Epoch   7:  Dev 0.5726872682571411
patience: 6 / 6
setting train exemplar for learned classes
torch.Size([660, 2048])
BEST DEV 4: 0.5923862457275391
BEST TEST 4: 0.6364185810089111
