Dump name space
results/ace/NashMTL_woLMH_woSAM_narate-40_cluster-4_gen-10/perm_1/options.json
Dump name space
results/ace/NashMTL_woLMH_woSAM_narate-40_cluster-4_gen-10/perm_1/options.json
Dump name space
results/ace/NashMTL_woLMH_woSAM_narate-40_cluster-4_gen-10/perm_1/options.json
Dump name space
results/ace/NashMTL_woLMH_woSAM_narate-40_cluster-4_gen-10/perm_1/options.json
Dump name space
results/ace/NashMTL_woLMH_woSAM_narate-40_cluster-4_gen-10/perm_1/options.json
[[196, 181, 182, 202, 185, 176, 170, 192, 0], [200, 180, 173, 198, 177, 0], [201, 183, 193, 172, 175, 0], [191, 187, 195, 171, 174, 179, 0], [188, 199, 184, 194, 189, 190, 178, 186, 197, 0]]
False
train loader and exclude loader:  0
Original len train instances: 265115
train loader and exclude loader:  1
Original len train instances: 264503
train loader and exclude loader:  2
Original len train instances: 263784
train loader and exclude loader:  3
Original len train instances: 262450
train loader and exclude loader:  4
Original len train instances: 261611
Original len dev instances: 54053
Original len test instances: 93949
create basgMTL 4
False True
Epoch   1  Train Loss 0.1040 98.12%
Epoch   1:  Dev 0.445229709148407
Epoch   1: Test 0.438914030790329
patience: 0 / 6
Epoch   2  Train Loss 0.0247 98.43%
Epoch   2:  Dev 0.4483985900878906
Epoch   2: Test 0.45208847522735596
patience: 0 / 6
Epoch   3  Train Loss 0.0178 98.44%
Epoch   3:  Dev 0.5933014154434204
Epoch   3: Test 0.5
patience: 0 / 6
Epoch   4  Train Loss 0.0127 98.49%
Epoch   4:  Dev 0.5942856669425964
Epoch   4: Test 0.5320512652397156
patience: 0 / 6
Epoch   5  Train Loss 0.0107 98.52%
Epoch   5:  Dev 0.501960813999176
patience: 1 / 6
Epoch   6  Train Loss 0.0085 98.55%
Epoch   6:  Dev 0.6463415026664734
Epoch   6: Test 0.49689435958862305
patience: 0 / 6
Epoch   7  Train Loss 0.0068 98.56%
Epoch   7:  Dev 0.6338797807693481
patience: 1 / 6
Epoch   8  Train Loss 0.0054 98.59%
Epoch   8:  Dev 0.593406617641449
patience: 2 / 6
Epoch   9  Train Loss 0.0052 98.59%
Epoch   9:  Dev 0.6033520102500916
patience: 3 / 6
Epoch  10  Train Loss 0.0042 98.61%
Epoch  10:  Dev 0.6011560559272766
patience: 4 / 6
Epoch  11  Train Loss 0.0034 98.63%
Epoch  11:  Dev 0.6206896901130676
patience: 5 / 6
Epoch  12  Train Loss 0.0036 98.62%
Epoch  12:  Dev 0.5658535957336426
patience: 6 / 6
setting train exemplar for learned classes
torch.Size([160, 2048])
BEST DEV 0: 0.6463415026664734
BEST TEST 0: 0.49689435958862305
torch.Size([160, 2048])
Epoch   1  Train Loss 3.3536 99.15%
Epoch   1:  Dev 0.5224489569664001
Epoch   1: Test 0.45906034111976624
patience: 0 / 6
Epoch   2  Train Loss 3.2938 99.54%
Epoch   2:  Dev 0.5387755632400513
Epoch   2: Test 0.45586296916007996
patience: 0 / 6
Epoch   3  Train Loss 3.2818 99.62%
Epoch   3:  Dev 0.5999999642372131
Epoch   3: Test 0.46857142448425293
patience: 0 / 6
Epoch   4  Train Loss 3.2776 99.66%
Epoch   4:  Dev 0.5057914853096008
patience: 1 / 6
Epoch   5  Train Loss 3.2699 99.73%
Epoch   5:  Dev 0.560869574546814
patience: 2 / 6
Epoch   6  Train Loss 3.2713 99.77%
Epoch   6:  Dev 0.6234413981437683
Epoch   6: Test 0.47350993752479553
patience: 0 / 6
Epoch   7  Train Loss 3.2636 99.79%
Epoch   7:  Dev 0.5714285373687744
patience: 1 / 6
Epoch   8  Train Loss 3.2652 99.82%
Epoch   8:  Dev 0.5967742204666138
patience: 2 / 6
Epoch   9  Train Loss 3.2597 99.85%
Epoch   9:  Dev 0.5427873134613037
patience: 3 / 6
Epoch  10  Train Loss 3.2603 99.87%
Epoch  10:  Dev 0.555831253528595
patience: 4 / 6
Epoch  11  Train Loss 3.2598 99.90%
Epoch  11:  Dev 0.585752010345459
patience: 5 / 6
Epoch  12  Train Loss 3.2579 99.89%
Epoch  12:  Dev 0.5365853905677795
patience: 6 / 6
setting train exemplar for learned classes
torch.Size([260, 2048])
BEST DEV 1: 0.6234413981437683
BEST TEST 1: 0.47350993752479553
torch.Size([260, 2048])
Epoch   1  Train Loss 3.0282 99.05%
Epoch   1:  Dev 0.5794392824172974
Epoch   1: Test 0.5513955354690552
patience: 0 / 6
Epoch   2  Train Loss 2.9785 99.54%
Epoch   2:  Dev 0.6206896305084229
Epoch   2: Test 0.5842185616493225
patience: 0 / 6
Epoch   3  Train Loss 2.9729 99.61%
Epoch   3:  Dev 0.6604068875312805
Epoch   3: Test 0.623115599155426
patience: 0 / 6
Epoch   4  Train Loss 2.9689 99.66%
Epoch   4:  Dev 0.6807131767272949
Epoch   4: Test 0.6191688179969788
patience: 0 / 6
Epoch   5  Train Loss 2.9690 99.70%
Epoch   5:  Dev 0.6421207189559937
patience: 1 / 6
Epoch   6  Train Loss 2.9681 99.72%
Epoch   6:  Dev 0.6574074029922485
patience: 2 / 6
Epoch   7  Train Loss 2.9641 99.76%
Epoch   7:  Dev 0.6535552740097046
patience: 3 / 6
Epoch   8  Train Loss 2.9621 99.77%
Epoch   8:  Dev 0.6404834389686584
patience: 4 / 6
Epoch   9  Train Loss 2.9589 99.79%
Epoch   9:  Dev 0.6411042809486389
patience: 5 / 6
Epoch  10  Train Loss 2.9611 99.81%
Epoch  10:  Dev 0.6540284752845764
patience: 6 / 6
setting train exemplar for learned classes
torch.Size([360, 2048])
BEST DEV 2: 0.6807131767272949
BEST TEST 2: 0.6191688179969788
torch.Size([360, 2048])
Epoch   1  Train Loss 3.1281 98.96%
Epoch   1:  Dev 0.6189821362495422
Epoch   1: Test 0.6003975868225098
patience: 0 / 6
Epoch   2  Train Loss 3.0510 99.65%
Epoch   2:  Dev 0.6349650621414185
Epoch   2: Test 0.6181566119194031
patience: 0 / 6
Epoch   3  Train Loss 3.0456 99.70%
Epoch   3:  Dev 0.6283310055732727
patience: 1 / 6
Epoch   4  Train Loss 3.0373 99.74%
Epoch   4:  Dev 0.6290550231933594
patience: 2 / 6
Epoch   5  Train Loss 3.0335 99.77%
Epoch   5:  Dev 0.6257309317588806
patience: 3 / 6
Epoch   6  Train Loss 3.0320 99.79%
Epoch   6:  Dev 0.6324548721313477
patience: 4 / 6
Epoch   7  Train Loss 3.0280 99.82%
Epoch   7:  Dev 0.6215827465057373
patience: 5 / 6
Epoch   8  Train Loss 3.0273 99.83%
Epoch   8:  Dev 0.6367583274841309
Epoch   8: Test 0.6139022707939148
patience: 0 / 6
Epoch   9  Train Loss 3.0272 99.86%
Epoch   9:  Dev 0.6350148320198059
patience: 1 / 6
Epoch  10  Train Loss 3.0244 99.85%
Epoch  10:  Dev 0.6328011751174927
patience: 2 / 6
Epoch  11  Train Loss 3.0257 99.86%
Epoch  11:  Dev 0.6486486792564392
Epoch  11: Test 0.6248174905776978
patience: 0 / 6
Epoch  12  Train Loss 3.0210 99.87%
Epoch  12:  Dev 0.6425338983535767
patience: 1 / 6
Epoch  13  Train Loss 3.0209 99.87%
Epoch  13:  Dev 0.6454545259475708
patience: 2 / 6
Epoch  14  Train Loss 3.0214 99.88%
Epoch  14:  Dev 0.6508875489234924
Epoch  14: Test 0.6145092248916626
patience: 0 / 6
Epoch  15  Train Loss 3.0233 99.89%
Epoch  15:  Dev 0.6479289531707764
patience: 1 / 6
Epoch  16  Train Loss 3.0206 99.88%
Epoch  16:  Dev 0.6504559516906738
patience: 2 / 6
Epoch  17  Train Loss 3.0188 99.89%
Epoch  17:  Dev 0.6379045248031616
patience: 3 / 6
Epoch  18  Train Loss 3.0214 99.90%
Epoch  18:  Dev 0.6512346267700195
Epoch  18: Test 0.6143597364425659
patience: 0 / 6
Epoch  19  Train Loss 3.0190 99.89%
Epoch  19:  Dev 0.6463414430618286
patience: 1 / 6
Epoch  20  Train Loss 3.0194 99.90%
Epoch  20:  Dev 0.6493108868598938
patience: 2 / 6
Epoch  21  Train Loss 3.0167 99.90%
Epoch  21:  Dev 0.6506747007369995
patience: 3 / 6
Epoch  22  Train Loss 3.0196 99.90%
Epoch  22:  Dev 0.6460586786270142
patience: 4 / 6
Epoch  23  Train Loss 3.0210 99.90%
Epoch  23:  Dev 0.6510903239250183
patience: 5 / 6
Epoch  24  Train Loss 3.0156 99.91%
Epoch  24:  Dev 0.653124988079071
Epoch  24: Test 0.6326836347579956
patience: 0 / 6
Epoch  25  Train Loss 3.0198 99.91%
Epoch  25:  Dev 0.6464968323707581
patience: 1 / 6
Epoch  26  Train Loss 3.0193 99.91%
Epoch  26:  Dev 0.6463022828102112
patience: 2 / 6
Epoch  27  Train Loss 3.0185 99.92%
Epoch  27:  Dev 0.621874988079071
patience: 3 / 6
Epoch  28  Train Loss 3.0189 99.91%
Epoch  28:  Dev 0.6614173054695129
Epoch  28: Test 0.6163051128387451
patience: 0 / 6
Epoch  29  Train Loss 3.0190 99.92%
Epoch  29:  Dev 0.6346749663352966
patience: 1 / 6
Epoch  30  Train Loss 3.0165 99.91%
Epoch  30:  Dev 0.6274510025978088
patience: 2 / 6
setting train exemplar for learned classes
torch.Size([480, 2048])
BEST DEV 3: 0.6614173054695129
BEST TEST 3: 0.6163051128387451
torch.Size([480, 2048])
Epoch   1  Train Loss 3.2586 98.70%
Epoch   1:  Dev 0.5591623187065125
Epoch   1: Test 0.5754716992378235
patience: 0 / 6
Epoch   2  Train Loss 3.1370 99.78%
Epoch   2:  Dev 0.547667384147644
patience: 1 / 6
Epoch   3  Train Loss 3.1288 99.84%
Epoch   3:  Dev 0.5557894706726074
patience: 2 / 6
Epoch   4  Train Loss 3.1231 99.86%
Epoch   4:  Dev 0.5903743505477905
Epoch   4: Test 0.5871313810348511
patience: 0 / 6
Epoch   5  Train Loss 3.1224 99.88%
Epoch   5:  Dev 0.5944133400917053
Epoch   5: Test 0.5988857746124268
patience: 0 / 6
Epoch   6  Train Loss 3.1190 99.90%
Epoch   6:  Dev 0.5902702808380127
patience: 1 / 6
Epoch   7  Train Loss 3.1179 99.91%
Epoch   7:  Dev 0.5788336992263794
patience: 2 / 6
Epoch   8  Train Loss 3.1179 99.92%
Epoch   8:  Dev 0.6004619002342224
Epoch   8: Test 0.594821572303772
patience: 0 / 6
Epoch   9  Train Loss 3.1183 99.92%
Epoch   9:  Dev 0.6008968353271484
Epoch   9: Test 0.5907173752784729
patience: 0 / 6
Epoch  10  Train Loss 3.1178 99.92%
Epoch  10:  Dev 0.5641025900840759
patience: 1 / 6
Epoch  11  Train Loss 3.1176 99.93%
Epoch  11:  Dev 0.5830582976341248
patience: 2 / 6
Epoch  12  Train Loss 3.1154 99.94%
Epoch  12:  Dev 0.6018518805503845
Epoch  12: Test 0.5955299139022827
patience: 0 / 6
Epoch  13  Train Loss 3.1159 99.93%
Epoch  13:  Dev 0.5879682302474976
patience: 1 / 6
Epoch  14  Train Loss 3.1158 99.94%
Epoch  14:  Dev 0.5638179183006287
patience: 2 / 6
Epoch  15  Train Loss 3.1130 99.95%
Epoch  15:  Dev 0.5810055732727051
patience: 3 / 6
Epoch  16  Train Loss 3.1138 99.94%
Epoch  16:  Dev 0.6002373099327087
patience: 4 / 6
Epoch  17  Train Loss 3.1144 99.93%
Epoch  17:  Dev 0.5731414556503296
patience: 5 / 6
Epoch  18  Train Loss 3.1162 99.94%
Epoch  18:  Dev 0.5981308221817017
patience: 6 / 6
setting train exemplar for learned classes
torch.Size([660, 2048])
BEST DEV 4: 0.6018518805503845
BEST TEST 4: 0.5955299139022827
