Dump name space
results/ace/FairGrad_KT_woSAM_woGMM/perm_1/options.json
Dump name space
results/ace/FairGrad_KT_woSAM_woGMM/perm_1/options.json
Dump name space
results/ace/FairGrad_KT_woSAM_woGMM/perm_1/options.json
Dump name space
results/ace/FairGrad_KT_woSAM_woGMM/perm_1/options.json
[[196, 181, 182, 202, 185, 176, 170, 192, 0], [200, 180, 173, 198, 177, 0], [201, 183, 193, 172, 175, 0], [191, 187, 195, 171, 174, 179, 0], [188, 199, 184, 194, 189, 190, 178, 186, 197, 0]]
False
train loader and exclude loader:  0
Original len train instances: 265115
train loader and exclude loader:  1
Original len train instances: 264503
train loader and exclude loader:  2
Original len train instances: 263784
train loader and exclude loader:  3
Original len train instances: 262450
train loader and exclude loader:  4
Original len train instances: 261611
Original len dev instances: 54053
Original len test instances: 93949
create basgMTL 4
False False
Epoch   1  Train Loss 0.1040 98.12%
Epoch   1:  Dev 0.445229709148407
Epoch   1: Test 0.438914030790329
patience: 0 / 6
Epoch   2  Train Loss 0.0247 98.43%
Epoch   2:  Dev 0.4483985900878906
Epoch   2: Test 0.45208847522735596
patience: 0 / 6
Epoch   3  Train Loss 0.0178 98.44%
Epoch   3:  Dev 0.5933014154434204
Epoch   3: Test 0.5
patience: 0 / 6
Epoch   4  Train Loss 0.0127 98.49%
Epoch   4:  Dev 0.5942856669425964
Epoch   4: Test 0.5320512652397156
patience: 0 / 6
Epoch   5  Train Loss 0.0107 98.52%
Epoch   5:  Dev 0.501960813999176
patience: 1 / 6
Epoch   6  Train Loss 0.0085 98.55%
Epoch   6:  Dev 0.6463415026664734
Epoch   6: Test 0.49689435958862305
patience: 0 / 6
Epoch   7  Train Loss 0.0068 98.56%
Epoch   7:  Dev 0.6338797807693481
patience: 1 / 6
Epoch   8  Train Loss 0.0054 98.59%
Epoch   8:  Dev 0.593406617641449
patience: 2 / 6
Epoch   9  Train Loss 0.0052 98.59%
Epoch   9:  Dev 0.6033520102500916
patience: 3 / 6
Epoch  10  Train Loss 0.0042 98.61%
Epoch  10:  Dev 0.6011560559272766
patience: 4 / 6
Epoch  11  Train Loss 0.0034 98.63%
Epoch  11:  Dev 0.6206896901130676
patience: 5 / 6
Epoch  12  Train Loss 0.0036 98.62%
Epoch  12:  Dev 0.5658535957336426
patience: 6 / 6
setting train exemplar for learned classes
torch.Size([160, 2048])
BEST DEV 0: 0.6463415026664734
BEST TEST 0: 0.49689435958862305
torch.Size([160, 2048])
Epoch   1  Train Loss 10.0127 99.40%
Epoch   1:  Dev 0.573863685131073
Epoch   1: Test 0.5017793774604797
patience: 0 / 6
Epoch   2  Train Loss 12.5061 99.72%
Epoch   2:  Dev 0.6117020845413208
Epoch   2: Test 0.5131810307502747
patience: 0 / 6
Epoch   3  Train Loss 13.4921 99.76%
Epoch   3:  Dev 0.6220930814743042
Epoch   3: Test 0.52173912525177
patience: 0 / 6
Epoch   4  Train Loss 13.6612 99.78%
Epoch   4:  Dev 0.6284153461456299
Epoch   4: Test 0.5198555588722229
patience: 0 / 6
Epoch   5  Train Loss 14.1082 99.81%
Epoch   5:  Dev 0.6310160160064697
Epoch   5: Test 0.5035971403121948
patience: 0 / 6
Epoch   6  Train Loss 14.5842 99.83%
Epoch   6:  Dev 0.625
patience: 1 / 6
Epoch   7  Train Loss 14.7053 99.84%
Epoch   7:  Dev 0.6140350699424744
patience: 2 / 6
Epoch   8  Train Loss 15.1479 99.86%
Epoch   8:  Dev 0.6000000238418579
patience: 3 / 6
Epoch   9  Train Loss 15.2032 99.87%
Epoch   9:  Dev 0.5938374996185303
patience: 4 / 6
Epoch  10  Train Loss 15.3643 99.88%
Epoch  10:  Dev 0.6042780876159668
patience: 5 / 6
Epoch  11  Train Loss 15.7381 99.90%
Epoch  11:  Dev 0.604519784450531
patience: 6 / 6
setting train exemplar for learned classes
torch.Size([260, 2048])
BEST DEV 1: 0.6310160160064697
BEST TEST 1: 0.5035971403121948
torch.Size([260, 2048])
Epoch   1  Train Loss 13.3383 98.77%
Epoch   1:  Dev 0.6633498668670654
Epoch   1: Test 0.6433063745498657
patience: 0 / 6
Epoch   2  Train Loss 15.9864 99.66%
Epoch   2:  Dev 0.6611295342445374
patience: 1 / 6
Epoch   3  Train Loss 17.2186 99.68%
Epoch   3:  Dev 0.6711635589599609
Epoch   3: Test 0.6365280151367188
patience: 0 / 6
Epoch   4  Train Loss 17.7647 99.72%
Epoch   4:  Dev 0.6791171431541443
Epoch   4: Test 0.6540284156799316
patience: 0 / 6
Epoch   5  Train Loss 18.5357 99.73%
Epoch   5:  Dev 0.6677577495574951
patience: 1 / 6
Epoch   6  Train Loss 18.7247 99.76%
Epoch   6:  Dev 0.6602563858032227
patience: 2 / 6
Epoch   7  Train Loss 19.0724 99.77%
Epoch   7:  Dev 0.6677165031433105
patience: 3 / 6
Epoch   8  Train Loss 19.2627 99.77%
Epoch   8:  Dev 0.6677852272987366
patience: 4 / 6
Epoch   9  Train Loss 19.5632 99.78%
Epoch   9:  Dev 0.6751999855041504
patience: 5 / 6
Epoch  10  Train Loss 19.7817 99.81%
Epoch  10:  Dev 0.6747405529022217
patience: 6 / 6
setting train exemplar for learned classes
torch.Size([360, 2048])
BEST DEV 2: 0.6791171431541443
BEST TEST 2: 0.6540284156799316
torch.Size([360, 2048])
Epoch   1  Train Loss 13.6066 99.23%
Epoch   1:  Dev 0.6759689450263977
Epoch   1: Test 0.6563769578933716
patience: 0 / 6
Epoch   2  Train Loss 15.8084 99.73%
Epoch   2:  Dev 0.6666666269302368
patience: 1 / 6
Epoch   3  Train Loss 16.7666 99.75%
Epoch   3:  Dev 0.662632405757904
patience: 2 / 6
Epoch   4  Train Loss 17.1933 99.77%
Epoch   4:  Dev 0.6591640114784241
patience: 3 / 6
Epoch   5  Train Loss 17.5898 99.79%
Epoch   5:  Dev 0.668779730796814
patience: 4 / 6
Epoch   6  Train Loss 18.0334 99.80%
Epoch   6:  Dev 0.6730462908744812
patience: 5 / 6
Epoch   7  Train Loss 18.5640 99.81%
Epoch   7:  Dev 0.6750789284706116
patience: 6 / 6
setting train exemplar for learned classes
torch.Size([480, 2048])
BEST DEV 3: 0.6759689450263977
BEST TEST 3: 0.6563769578933716
torch.Size([480, 2048])
Epoch   1  Train Loss 14.4249 98.60%
Epoch   1:  Dev 0.5928412079811096
Epoch   1: Test 0.6351253986358643
patience: 0 / 6
Epoch   2  Train Loss 17.3029 99.73%
Epoch   2:  Dev 0.6199769973754883
Epoch   2: Test 0.6401734352111816
patience: 0 / 6
Epoch   3  Train Loss 18.7516 99.76%
Epoch   3:  Dev 0.6212664246559143
Epoch   3: Test 0.621761679649353
patience: 0 / 6
Epoch   4  Train Loss 19.5683 99.79%
Epoch   4:  Dev 0.6324387192726135
Epoch   4: Test 0.6318883299827576
patience: 0 / 6
Epoch   5  Train Loss 20.0734 99.80%
Epoch   5:  Dev 0.6312138438224792
patience: 1 / 6
Epoch   6  Train Loss 20.5870 99.81%
Epoch   6:  Dev 0.6276347041130066
patience: 2 / 6
Epoch   7  Train Loss 21.1591 99.83%
Epoch   7:  Dev 0.6261904239654541
patience: 3 / 6
Epoch   8  Train Loss 21.7615 99.83%
Epoch   8:  Dev 0.6245530247688293
patience: 4 / 6
Epoch   9  Train Loss 22.3681 99.84%
Epoch   9:  Dev 0.6299766302108765
patience: 5 / 6
Epoch  10  Train Loss 22.5811 99.85%
Epoch  10:  Dev 0.6059225797653198
patience: 6 / 6
setting train exemplar for learned classes
torch.Size([660, 2048])
BEST DEV 4: 0.6324387192726135
BEST TEST 4: 0.6318883299827576
