Dump name space
results/ace/NashMTL_woMOO_woNAloss_cluster-4_gen-10/perm_1/options.json
Dump name space
results/ace/NashMTL_woMOO_woNAloss_cluster-4_gen-10/perm_1/options.json
Dump name space
results/ace/NashMTL_woMOO_woNAloss_cluster-4_gen-10/perm_1/options.json
Dump name space
results/ace/NashMTL_woMOO_woNAloss_cluster-4_gen-10/perm_1/options.json
[[196, 181, 182, 202, 185, 176, 170, 192, 0], [200, 180, 173, 198, 177, 0], [201, 183, 193, 172, 175, 0], [191, 187, 195, 171, 174, 179, 0], [188, 199, 184, 194, 189, 190, 178, 186, 197, 0]]
False
train loader and exclude loader:  0
Original len train instances: 265115
train loader and exclude loader:  1
Original len train instances: 264503
train loader and exclude loader:  2
Original len train instances: 263784
train loader and exclude loader:  3
Original len train instances: 262450
train loader and exclude loader:  4
Original len train instances: 261611
Original len dev instances: 54053
Original len test instances: 93949
create basgMTL 4
False True
Epoch   1  Train Loss 0.0561 98.17%
Epoch   1:  Dev 0.35999998450279236
Epoch   1: Test 0.20571430027484894
patience: 0 / 6
Epoch   2  Train Loss 0.0060 98.53%
Epoch   2:  Dev 0.6092714667320251
Epoch   2: Test 0.4789915978908539
patience: 0 / 6
Epoch   3  Train Loss 0.0047 98.56%
Epoch   3:  Dev 0.5555555820465088
patience: 1 / 6
Epoch   4  Train Loss 0.0037 98.57%
Epoch   4:  Dev 0.5344827175140381
patience: 2 / 6
Epoch   5  Train Loss 0.0032 98.59%
Epoch   5:  Dev 0.6285714507102966
Epoch   5: Test 0.5098038911819458
patience: 0 / 6
Epoch   6  Train Loss 0.0027 98.61%
Epoch   6:  Dev 0.5573770999908447
patience: 1 / 6
Epoch   7  Train Loss 0.0020 98.62%
Epoch   7:  Dev 0.636363685131073
Epoch   7: Test 0.47659575939178467
patience: 0 / 6
Epoch   8  Train Loss 0.0017 98.63%
Epoch   8:  Dev 0.49152544140815735
patience: 1 / 6
Epoch   9  Train Loss 0.0014 98.64%
Epoch   9:  Dev 0.5299144983291626
patience: 2 / 6
Epoch  10  Train Loss 0.0010 98.65%
Epoch  10:  Dev 0.5645161271095276
patience: 3 / 6
Epoch  11  Train Loss 0.0010 98.66%
Epoch  11:  Dev 0.6258503198623657
patience: 4 / 6
Epoch  12  Train Loss 0.0008 98.67%
Epoch  12:  Dev 0.5873016119003296
patience: 5 / 6
Epoch  13  Train Loss 0.0007 98.66%
Epoch  13:  Dev 0.6029412150382996
patience: 6 / 6
setting train exemplar for learned classes
torch.Size([160, 2048])
BEST DEV 0: 0.636363685131073
BEST TEST 0: 0.47659575939178467
torch.Size([160, 2048])
Epoch   1  Train Loss 0.2527 98.44%
Epoch   1:  Dev 0.5292096734046936
Epoch   1: Test 0.46357613801956177
patience: 0 / 6
Epoch   2  Train Loss 0.2451 98.73%
Epoch   2:  Dev 0.6100628972053528
Epoch   2: Test 0.49897754192352295
patience: 0 / 6
Epoch   3  Train Loss 0.2441 98.77%
Epoch   3:  Dev 0.601307213306427
patience: 1 / 6
Epoch   4  Train Loss 0.2434 98.81%
Epoch   4:  Dev 0.5871559381484985
patience: 2 / 6
Epoch   5  Train Loss 0.2431 98.83%
Epoch   5:  Dev 0.6387096643447876
Epoch   5: Test 0.5
patience: 0 / 6
Epoch   6  Train Loss 0.2427 98.85%
Epoch   6:  Dev 0.6123778820037842
patience: 1 / 6
Epoch   7  Train Loss 0.2425 98.87%
Epoch   7:  Dev 0.6024844646453857
patience: 2 / 6
Epoch   8  Train Loss 0.2421 98.89%
Epoch   8:  Dev 0.5882352590560913
patience: 3 / 6
Epoch   9  Train Loss 0.2420 98.90%
Epoch   9:  Dev 0.5780730843544006
patience: 4 / 6
Epoch  10  Train Loss 0.2417 98.91%
Epoch  10:  Dev 0.5822784900665283
patience: 5 / 6
Epoch  11  Train Loss 0.2418 98.92%
Epoch  11:  Dev 0.5838509202003479
patience: 6 / 6
setting train exemplar for learned classes
torch.Size([260, 2048])
BEST DEV 1: 0.6387096643447876
BEST TEST 1: 0.5
torch.Size([260, 2048])
Epoch   1  Train Loss 0.3857 98.73%
Epoch   1:  Dev 0.6468401551246643
Epoch   1: Test 0.6184073686599731
patience: 0 / 6
Epoch   2  Train Loss 0.3836 99.19%
Epoch   2:  Dev 0.6593002080917358
Epoch   2: Test 0.652482271194458
patience: 0 / 6
Epoch   3  Train Loss 0.3828 99.22%
Epoch   3:  Dev 0.6499999761581421
patience: 1 / 6
Epoch   4  Train Loss 0.3828 99.24%
Epoch   4:  Dev 0.6484374403953552
patience: 2 / 6
Epoch   5  Train Loss 0.3822 99.26%
Epoch   5:  Dev 0.6618181467056274
Epoch   5: Test 0.6409265995025635
patience: 0 / 6
Epoch   6  Train Loss 0.3818 99.29%
Epoch   6:  Dev 0.6824817657470703
Epoch   6: Test 0.6480558514595032
patience: 0 / 6
Epoch   7  Train Loss 0.3819 99.30%
Epoch   7:  Dev 0.6666666269302368
patience: 1 / 6
Epoch   8  Train Loss 0.3816 99.33%
Epoch   8:  Dev 0.6629422903060913
patience: 2 / 6
Epoch   9  Train Loss 0.3812 99.34%
Epoch   9:  Dev 0.6737968325614929
patience: 3 / 6
Epoch  10  Train Loss 0.3815 99.36%
Epoch  10:  Dev 0.6569872498512268
patience: 4 / 6
Epoch  11  Train Loss 0.3811 99.37%
Epoch  11:  Dev 0.6529080867767334
patience: 5 / 6
Epoch  12  Train Loss 0.3809 99.38%
Epoch  12:  Dev 0.6569342613220215
patience: 6 / 6
setting train exemplar for learned classes
torch.Size([360, 2048])
BEST DEV 2: 0.6824817657470703
BEST TEST 2: 0.6480558514595032
torch.Size([360, 2048])
Epoch   1  Train Loss 0.5203 99.10%
Epoch   1:  Dev 0.668810248374939
Epoch   1: Test 0.628940999507904
patience: 0 / 6
Epoch   2  Train Loss 0.5209 99.54%
Epoch   2:  Dev 0.6590908765792847
patience: 1 / 6
Epoch   3  Train Loss 0.5207 99.57%
Epoch   3:  Dev 0.6534653306007385
patience: 2 / 6
Epoch   4  Train Loss 0.5202 99.58%
Epoch   4:  Dev 0.65793776512146
patience: 3 / 6
Epoch   5  Train Loss 0.5197 99.59%
Epoch   5:  Dev 0.660162627696991
patience: 4 / 6
Epoch   6  Train Loss 0.5194 99.61%
Epoch   6:  Dev 0.655683696269989
patience: 5 / 6
Epoch   7  Train Loss 0.5196 99.62%
Epoch   7:  Dev 0.6536586284637451
patience: 6 / 6
setting train exemplar for learned classes
torch.Size([480, 2048])
BEST DEV 3: 0.668810248374939
BEST TEST 3: 0.628940999507904
torch.Size([480, 2048])
Epoch   1  Train Loss 0.7314 98.82%
Epoch   1:  Dev 0.5761421322822571
Epoch   1: Test 0.5908127427101135
patience: 0 / 6
Epoch   2  Train Loss 0.7221 99.73%
Epoch   2:  Dev 0.6308243870735168
Epoch   2: Test 0.6190476417541504
patience: 0 / 6
Epoch   3  Train Loss 0.7209 99.77%
Epoch   3:  Dev 0.6207730174064636
patience: 1 / 6
Epoch   4  Train Loss 0.7198 99.79%
Epoch   4:  Dev 0.631325364112854
Epoch   4: Test 0.6242938041687012
patience: 0 / 6
Epoch   5  Train Loss 0.7196 99.81%
Epoch   5:  Dev 0.633093535900116
Epoch   5: Test 0.629655659198761
patience: 0 / 6
Epoch   6  Train Loss 0.7189 99.82%
Epoch   6:  Dev 0.6253041625022888
patience: 1 / 6
Epoch   7  Train Loss 0.7187 99.82%
Epoch   7:  Dev 0.6204379796981812
patience: 2 / 6
Epoch   8  Train Loss 0.7187 99.84%
Epoch   8:  Dev 0.622710645198822
patience: 3 / 6
Epoch   9  Train Loss 0.7179 99.84%
Epoch   9:  Dev 0.6155717968940735
patience: 4 / 6
Epoch  10  Train Loss 0.7179 99.86%
Epoch  10:  Dev 0.5954381227493286
patience: 5 / 6
Epoch  11  Train Loss 0.7173 99.87%
Epoch  11:  Dev 0.6136102080345154
patience: 6 / 6
setting train exemplar for learned classes
torch.Size([660, 2048])
BEST DEV 4: 0.633093535900116
BEST TEST 4: 0.629655659198761
