Dump name space
results/maven/ExcessMTL_woLMH_narate-4_cluster-4_gen-20_robust_step_size-0.001/perm_3/options.json
Dump name space
results/maven/ExcessMTL_woLMH_narate-4_cluster-4_gen-20_robust_step_size-0.001/perm_3/options.json
Dump name space
results/maven/ExcessMTL_woLMH_narate-4_cluster-4_gen-20_robust_step_size-0.001/perm_3/options.json
Dump name space
results/maven/ExcessMTL_woLMH_narate-4_cluster-4_gen-20_robust_step_size-0.001/perm_3/options.json
Dump name space
results/maven/ExcessMTL_woLMH_narate-4_cluster-4_gen-20_robust_step_size-0.001/perm_3/options.json
[[46, 36, 17, 13, 12, 20, 25, 49, 169, 148, 87, 56, 95, 81, 58, 57, 161, 64, 163, 82, 43, 125, 35, 96, 156, 100, 66, 30, 50, 120, 0], [147, 48, 84, 39, 53, 23, 109, 22, 77, 62, 93, 143, 89, 8, 71, 85, 63, 97, 65, 103, 113, 112, 123, 152, 88, 98, 72, 42, 60, 133, 128, 116, 15, 111, 136, 162, 129, 132, 6, 0], [134, 99, 105, 91, 52, 19, 135, 122, 127, 102, 108, 104, 110, 38, 118, 121, 160, 26, 34, 33, 158, 130, 165, 86, 149, 146, 164, 4, 131, 75, 90, 10, 32, 0], [157, 18, 114, 92, 67, 153, 80, 115, 78, 154, 27, 5, 69, 117, 44, 83, 155, 40, 45, 139, 137, 14, 138, 119, 74, 150, 59, 54, 28, 9, 140, 37, 107, 76, 47, 0], [151, 16, 3, 70, 106, 141, 68, 31, 79, 101, 166, 167, 94, 21, 51, 7, 73, 145, 2, 124, 159, 61, 41, 142, 126, 144, 55, 168, 29, 11, 24, 0]]
True
train loader and exclude loader:  0
Original len train instances: 347788
train loader and exclude loader:  1
Original len train instances: 335496
train loader and exclude loader:  2
Original len train instances: 321058
train loader and exclude loader:  3
Original len train instances: 308131
train loader and exclude loader:  4
Original len train instances: 294718
Original len dev instances: 57198
Original len test instances: 98603
create basgMTL 4
False True
Epoch   1  Train Loss 0.4921 95.10%
Epoch   1:  Dev 0.5414072871208191
Epoch   1: Test 0.5608929395675659
patience: 0 / 5
Epoch   2  Train Loss 0.2897 95.82%
Epoch   2:  Dev 0.5630961060523987
Epoch   2: Test 0.5729199647903442
patience: 0 / 5
Epoch   3  Train Loss 0.2461 96.04%
Epoch   3:  Dev 0.5573537349700928
patience: 1 / 5
Epoch   4  Train Loss 0.2166 96.14%
Epoch   4:  Dev 0.5839443802833557
Epoch   4: Test 0.6004795432090759
patience: 0 / 5
Epoch   5  Train Loss 0.1936 96.27%
Epoch   5:  Dev 0.5573711395263672
patience: 1 / 5
Epoch   6  Train Loss 0.1742 96.43%
Epoch   6:  Dev 0.5808470845222473
patience: 2 / 5
Epoch   7  Train Loss 0.1582 96.56%
Epoch   7:  Dev 0.5693483948707581
patience: 3 / 5
Epoch   8  Train Loss 0.1446 96.67%
Epoch   8:  Dev 0.589792788028717
Epoch   8: Test 0.6051782965660095
patience: 0 / 5
Epoch   9  Train Loss 0.1327 96.83%
Epoch   9:  Dev 0.5693483948707581
patience: 1 / 5
Epoch  10  Train Loss 0.1218 96.96%
Epoch  10:  Dev 0.5796070694923401
patience: 2 / 5
Epoch  11  Train Loss 0.1134 97.09%
Epoch  11:  Dev 0.5875619649887085
patience: 3 / 5
Epoch  12  Train Loss 0.1059 97.21%
Epoch  12:  Dev 0.5884813070297241
patience: 4 / 5
Epoch  13  Train Loss 0.1001 97.33%
Epoch  13:  Dev 0.5790374875068665
patience: 5 / 5
setting train exemplar for learned classes
torch.Size([600, 2048])
BEST DEV 0: 0.589792788028717
BEST TEST 0: 0.6051782965660095
torch.Size([600, 2048])
Epoch   1  Train Loss 5.3853 92.35%
Epoch   1:  Dev 0.600444495677948
Epoch   1: Test 0.609952449798584
patience: 0 / 5
Epoch   2  Train Loss 5.2947 93.98%
Epoch   2:  Dev 0.5956615209579468
patience: 1 / 5
Epoch   3  Train Loss 5.8540 94.49%
Epoch   3:  Dev 0.6121504306793213
Epoch   3: Test 0.6198251843452454
patience: 0 / 5
Epoch   4  Train Loss 5.9587 94.82%
Epoch   4:  Dev 0.6186538338661194
Epoch   4: Test 0.6224809288978577
patience: 0 / 5
Epoch   5  Train Loss 5.8417 95.09%
Epoch   5:  Dev 0.6249621510505676
Epoch   5: Test 0.6365947127342224
patience: 0 / 5
Epoch   6  Train Loss 5.9270 95.23%
Epoch   6:  Dev 0.6179633736610413
patience: 1 / 5
Epoch   7  Train Loss 5.8353 95.39%
Epoch   7:  Dev 0.6158027648925781
patience: 2 / 5
Epoch   8  Train Loss 5.8659 95.61%
Epoch   8:  Dev 0.6270216107368469
Epoch   8: Test 0.6300534605979919
patience: 0 / 5
Epoch   9  Train Loss 5.8508 95.75%
Epoch   9:  Dev 0.6250505447387695
patience: 1 / 5
Epoch  10  Train Loss 5.5100 95.74%
Epoch  10:  Dev 0.6262401342391968
patience: 2 / 5
Epoch  11  Train Loss 5.7346 95.99%
Epoch  11:  Dev 0.6219698190689087
patience: 3 / 5
Epoch  12  Train Loss 5.8651 96.19%
Epoch  12:  Dev 0.6318110227584839
Epoch  12: Test 0.6391900777816772
patience: 0 / 5
Epoch  13  Train Loss 5.5766 96.31%
Epoch  13:  Dev 0.6305220127105713
patience: 1 / 5
Epoch  14  Train Loss 5.6757 96.38%
Epoch  14:  Dev 0.6221993565559387
patience: 2 / 5
Epoch  15  Train Loss 5.5050 96.50%
Epoch  15:  Dev 0.6234060525894165
patience: 3 / 5
setting train exemplar for learned classes
torch.Size([1380, 2048])
BEST DEV 1: 0.6318110227584839
BEST TEST 1: 0.6391900777816772
torch.Size([1380, 2048])
Epoch   1  Train Loss 5.0910 91.89%
Epoch   1:  Dev 0.6334018707275391
Epoch   1: Test 0.6451423168182373
patience: 0 / 5
Epoch   2  Train Loss 4.8413 94.78%
Epoch   2:  Dev 0.6296932101249695
patience: 1 / 5
Epoch   3  Train Loss 4.7499 95.07%
Epoch   3:  Dev 0.6291951537132263
patience: 2 / 5
Epoch   4  Train Loss 4.7833 95.33%
Epoch   4:  Dev 0.6352220177650452
Epoch   4: Test 0.644810140132904
patience: 0 / 5
Epoch   5  Train Loss 4.7437 95.54%
Epoch   5:  Dev 0.6344627141952515
patience: 1 / 5
Epoch   6  Train Loss 4.7981 95.68%
Epoch   6:  Dev 0.6279087662696838
patience: 2 / 5
Epoch   7  Train Loss 4.7021 95.91%
Epoch   7:  Dev 0.6244049668312073
patience: 3 / 5
Epoch   8  Train Loss 4.7003 95.97%
Epoch   8:  Dev 0.6232295036315918
patience: 4 / 5
Epoch   9  Train Loss 4.6263 96.06%
Epoch   9:  Dev 0.6260936260223389
patience: 5 / 5
setting train exemplar for learned classes
torch.Size([2040, 2048])
BEST DEV 2: 0.6352220177650452
BEST TEST 2: 0.644810140132904
torch.Size([2040, 2048])
Epoch   1  Train Loss 6.7743 90.54%
Epoch   1:  Dev 0.5943906307220459
Epoch   1: Test 0.6030265092849731
patience: 0 / 5
Epoch   2  Train Loss 6.2602 93.33%
Epoch   2:  Dev 0.5832549333572388
patience: 1 / 5
Epoch   3  Train Loss 6.2172 93.65%
Epoch   3:  Dev 0.5835610032081604
patience: 2 / 5
Epoch   4  Train Loss 6.0722 94.07%
Epoch   4:  Dev 0.5843123197555542
patience: 3 / 5
Epoch   5  Train Loss 6.1710 94.16%
Epoch   5:  Dev 0.5895329713821411
patience: 4 / 5
Epoch   6  Train Loss 6.1924 94.37%
Epoch   6:  Dev 0.5856475830078125
patience: 5 / 5
setting train exemplar for learned classes
torch.Size([2740, 2048])
BEST DEV 3: 0.5943906307220459
BEST TEST 3: 0.6030265092849731
torch.Size([2740, 2048])
Epoch   1  Train Loss 8.1795 90.16%
Epoch   1:  Dev 0.5825958847999573
Epoch   1: Test 0.5798448920249939
patience: 0 / 5
Epoch   2  Train Loss 7.4890 93.48%
Epoch   2:  Dev 0.5704792141914368
patience: 1 / 5
Epoch   3  Train Loss 7.4813 93.88%
Epoch   3:  Dev 0.5748433470726013
patience: 2 / 5
Epoch   4  Train Loss 7.4981 94.14%
Epoch   4:  Dev 0.5664811134338379
patience: 3 / 5
Epoch   5  Train Loss 7.3541 94.44%
Epoch   5:  Dev 0.5633695125579834
patience: 4 / 5
Epoch   6  Train Loss 7.1575 94.79%
Epoch   6:  Dev 0.5595743656158447
patience: 5 / 5
setting train exemplar for learned classes
torch.Size([3360, 2048])
BEST DEV 4: 0.5825958847999573
BEST TEST 4: 0.5798448920249939
