Dump name space
results/maven/mi_woMOO_narate-4_cluster-4_gen-20_lm_temp-0.2_class_alpha-0.2/perm_2/options.json
Dump name space
results/maven/mi_woMOO_narate-4_cluster-4_gen-20_lm_temp-0.2_class_alpha-0.2/perm_2/options.json
Dump name space
results/maven/mi_woMOO_narate-4_cluster-4_gen-20_lm_temp-0.2_class_alpha-0.2/perm_2/options.json
Dump name space
results/maven/mi_woMOO_narate-4_cluster-4_gen-20_lm_temp-0.2_class_alpha-0.2/perm_2/options.json
Dump name space
results/maven/mi_woMOO_narate-4_cluster-4_gen-20_lm_temp-0.2_class_alpha-0.2/perm_2/options.json
[[134, 99, 105, 91, 52, 19, 135, 122, 127, 102, 108, 104, 110, 38, 118, 121, 160, 26, 34, 33, 158, 130, 165, 86, 149, 146, 164, 4, 131, 75, 90, 10, 32, 0], [157, 18, 114, 92, 67, 153, 80, 115, 78, 154, 27, 5, 69, 117, 44, 83, 155, 40, 45, 139, 137, 14, 138, 119, 74, 150, 59, 54, 28, 9, 140, 37, 107, 76, 47, 0], [46, 36, 17, 13, 12, 20, 25, 49, 169, 148, 87, 56, 95, 81, 58, 57, 161, 64, 163, 82, 43, 125, 35, 96, 156, 100, 66, 30, 50, 120, 0], [151, 16, 3, 70, 106, 141, 68, 31, 79, 101, 166, 167, 94, 21, 51, 7, 73, 145, 2, 124, 159, 61, 41, 142, 126, 144, 55, 168, 29, 11, 24, 0], [147, 48, 84, 39, 53, 23, 109, 22, 77, 62, 93, 143, 89, 8, 71, 85, 63, 97, 65, 103, 113, 112, 123, 152, 88, 98, 72, 42, 60, 133, 128, 116, 15, 111, 136, 162, 129, 132, 6, 0]]
True
train loader and exclude loader:  0
Original len train instances: 347788
train loader and exclude loader:  1
Original len train instances: 334861
train loader and exclude loader:  2
Original len train instances: 321448
train loader and exclude loader:  3
Original len train instances: 309156
train loader and exclude loader:  4
Original len train instances: 294589
Original len dev instances: 57198
Original len test instances: 98603
create basgMTL 4
False True
Epoch   1  Train Loss 1.3555 80.78%
Epoch   1:  Dev 0.607809841632843
Epoch   1: Test 0.631395161151886
patience: 0 / 5
Epoch   2  Train Loss 1.1757 81.86%
Epoch   2:  Dev 0.613743245601654
Epoch   2: Test 0.6353086829185486
patience: 0 / 5
Epoch   3  Train Loss 1.1433 81.97%
Epoch   3:  Dev 0.6241848468780518
Epoch   3: Test 0.6491153240203857
patience: 0 / 5
Epoch   4  Train Loss 1.1217 82.04%
Epoch   4:  Dev 0.6444574594497681
Epoch   4: Test 0.6666666865348816
patience: 0 / 5
Epoch   5  Train Loss 1.1028 82.15%
Epoch   5:  Dev 0.6462663412094116
Epoch   5: Test 0.658967137336731
patience: 0 / 5
Epoch   6  Train Loss 1.0887 82.26%
Epoch   6:  Dev 0.6339651346206665
patience: 1 / 5
Epoch   7  Train Loss 1.0751 82.39%
Epoch   7:  Dev 0.6383954286575317
patience: 2 / 5
Epoch   8  Train Loss 1.0645 82.50%
Epoch   8:  Dev 0.6351578235626221
patience: 3 / 5
Epoch   9  Train Loss 1.0560 82.58%
Epoch   9:  Dev 0.6408776044845581
patience: 4 / 5
Epoch  10  Train Loss 1.0484 82.68%
Epoch  10:  Dev 0.6342007517814636
patience: 5 / 5
setting train exemplar for learned classes
torch.Size([660, 2048])
BEST DEV 0: 0.6462663412094116
BEST TEST 0: 0.658967137336731
torch.Size([660, 2048])
Epoch   1  Train Loss 2.1199 82.34%
Epoch   1:  Dev 0.5755311846733093
Epoch   1: Test 0.5898342728614807
patience: 0 / 5
Epoch   2  Train Loss 2.0348 83.07%
Epoch   2:  Dev 0.5927773118019104
Epoch   2: Test 0.6114228963851929
patience: 0 / 5
Epoch   3  Train Loss 2.0123 83.34%
Epoch   3:  Dev 0.5964111685752869
Epoch   3: Test 0.6132140159606934
patience: 0 / 5
Epoch   4  Train Loss 1.9996 83.55%
Epoch   4:  Dev 0.5970792770385742
Epoch   4: Test 0.6133790612220764
patience: 0 / 5
Epoch   5  Train Loss 1.9903 83.76%
Epoch   5:  Dev 0.6001172065734863
Epoch   5: Test 0.6145219802856445
patience: 0 / 5
Epoch   6  Train Loss 1.9823 83.95%
Epoch   6:  Dev 0.6077001094818115
Epoch   6: Test 0.6203354001045227
patience: 0 / 5
Epoch   7  Train Loss 1.9766 84.15%
Epoch   7:  Dev 0.5935771465301514
patience: 1 / 5
Epoch   8  Train Loss 1.9719 84.28%
Epoch   8:  Dev 0.592802107334137
patience: 2 / 5
Epoch   9  Train Loss 1.9674 84.48%
Epoch   9:  Dev 0.5985155701637268
patience: 3 / 5
Epoch  10  Train Loss 1.9641 84.57%
Epoch  10:  Dev 0.6016551852226257
patience: 4 / 5
Epoch  11  Train Loss 1.9605 84.73%
Epoch  11:  Dev 0.605555534362793
patience: 5 / 5
setting train exemplar for learned classes
torch.Size([1360, 2048])
BEST DEV 1: 0.6077001094818115
BEST TEST 1: 0.6203354001045227
torch.Size([1360, 2048])
Epoch   1  Train Loss 2.8058 84.89%
Epoch   1:  Dev 0.5892491340637207
Epoch   1: Test 0.6066644787788391
patience: 0 / 5
Epoch   2  Train Loss 2.7789 85.72%
Epoch   2:  Dev 0.6022793054580688
Epoch   2: Test 0.6191353797912598
patience: 0 / 5
Epoch   3  Train Loss 2.7693 85.92%
Epoch   3:  Dev 0.6010419726371765
patience: 1 / 5
Epoch   4  Train Loss 2.7633 86.12%
Epoch   4:  Dev 0.602928876876831
Epoch   4: Test 0.617190957069397
patience: 0 / 5
Epoch   5  Train Loss 2.7604 86.25%
Epoch   5:  Dev 0.5999722480773926
patience: 1 / 5
Epoch   6  Train Loss 2.7566 86.37%
Epoch   6:  Dev 0.6005900502204895
patience: 2 / 5
Epoch   7  Train Loss 2.7542 86.48%
Epoch   7:  Dev 0.6015543341636658
patience: 3 / 5
Epoch   8  Train Loss 2.7513 86.59%
Epoch   8:  Dev 0.5965659022331238
patience: 4 / 5
Epoch   9  Train Loss 2.7499 86.69%
Epoch   9:  Dev 0.5977708697319031
patience: 5 / 5
setting train exemplar for learned classes
torch.Size([1960, 2048])
BEST DEV 2: 0.602928876876831
BEST TEST 2: 0.617190957069397
torch.Size([1960, 2048])
Epoch   1  Train Loss 3.6626 87.39%
Epoch   1:  Dev 0.6007322072982788
Epoch   1: Test 0.6102166771888733
patience: 0 / 5
Epoch   2  Train Loss 3.6334 88.33%
Epoch   2:  Dev 0.6005038619041443
patience: 1 / 5
Epoch   3  Train Loss 3.6257 88.59%
Epoch   3:  Dev 0.6047214865684509
Epoch   3: Test 0.6066946983337402
patience: 0 / 5
Epoch   4  Train Loss 3.6212 88.76%
Epoch   4:  Dev 0.6019017100334167
patience: 1 / 5
Epoch   5  Train Loss 3.6182 88.93%
Epoch   5:  Dev 0.6051093339920044
Epoch   5: Test 0.6058121919631958
patience: 0 / 5
Epoch   6  Train Loss 3.6153 89.01%
Epoch   6:  Dev 0.6007470488548279
patience: 1 / 5
Epoch   7  Train Loss 3.6128 89.16%
Epoch   7:  Dev 0.6036125421524048
patience: 2 / 5
Epoch   8  Train Loss 3.6120 89.26%
Epoch   8:  Dev 0.5987268090248108
patience: 3 / 5
Epoch   9  Train Loss 3.6106 89.38%
Epoch   9:  Dev 0.6051486730575562
Epoch   9: Test 0.6060699820518494
patience: 0 / 5
Epoch  10  Train Loss 3.6089 89.48%
Epoch  10:  Dev 0.6030214428901672
patience: 1 / 5
Epoch  11  Train Loss 3.6082 89.54%
Epoch  11:  Dev 0.6044961214065552
patience: 2 / 5
Epoch  12  Train Loss 3.6066 89.66%
Epoch  12:  Dev 0.5970615744590759
patience: 3 / 5
Epoch  13  Train Loss 3.6053 89.75%
Epoch  13:  Dev 0.6043779850006104
patience: 4 / 5
Epoch  14  Train Loss 3.6044 89.78%
Epoch  14:  Dev 0.597309410572052
patience: 5 / 5
setting train exemplar for learned classes
torch.Size([2580, 2048])
BEST DEV 3: 0.6051486730575562
BEST TEST 3: 0.6060699820518494
torch.Size([2580, 2048])
Epoch   1  Train Loss 3.9556 90.33%
Epoch   1:  Dev 0.5959475636482239
Epoch   1: Test 0.5954814553260803
patience: 0 / 5
Epoch   2  Train Loss 3.9335 91.56%
Epoch   2:  Dev 0.6023604869842529
Epoch   2: Test 0.602800726890564
patience: 0 / 5
Epoch   3  Train Loss 3.9275 91.93%
Epoch   3:  Dev 0.6028216481208801
Epoch   3: Test 0.6039597392082214
patience: 0 / 5
Epoch   4  Train Loss 3.9241 92.13%
Epoch   4:  Dev 0.6036787033081055
Epoch   4: Test 0.6011267304420471
patience: 0 / 5
Epoch   5  Train Loss 3.9214 92.31%
Epoch   5:  Dev 0.6055030226707458
Epoch   5: Test 0.6026400923728943
patience: 0 / 5
Epoch   6  Train Loss 3.9187 92.41%
Epoch   6:  Dev 0.6069462299346924
Epoch   6: Test 0.6047235131263733
patience: 0 / 5
Epoch   7  Train Loss 3.9175 92.59%
Epoch   7:  Dev 0.6025984287261963
patience: 1 / 5
Epoch   8  Train Loss 3.9159 92.68%
Epoch   8:  Dev 0.6030640602111816
patience: 2 / 5
Epoch   9  Train Loss 3.9148 92.76%
Epoch   9:  Dev 0.6045917272567749
patience: 3 / 5
Epoch  10  Train Loss 3.9139 92.84%
Epoch  10:  Dev 0.6022529006004333
patience: 4 / 5
Epoch  11  Train Loss 3.9143 92.99%
Epoch  11:  Dev 0.5999492406845093
patience: 5 / 5
setting train exemplar for learned classes
torch.Size([3360, 2048])
BEST DEV 4: 0.6069462299346924
BEST TEST 4: 0.6047235131263733
