Dump name space
results/ace/NashMTL_kl_narate-40_cluster-4_gen-10_lm_temp-2_class_alpha-0.5/perm_1/options.json
Dump name space
results/ace/NashMTL_kl_narate-40_cluster-4_gen-10_lm_temp-2_class_alpha-0.5/perm_1/options.json
Dump name space
results/ace/NashMTL_kl_narate-40_cluster-4_gen-10_lm_temp-2_class_alpha-0.5/perm_1/options.json
Dump name space
results/ace/NashMTL_kl_narate-40_cluster-4_gen-10_lm_temp-2_class_alpha-0.5/perm_1/options.json
Dump name space
results/ace/NashMTL_kl_narate-40_cluster-4_gen-10_lm_temp-2_class_alpha-0.5/perm_1/options.json
[[196, 181, 182, 202, 185, 176, 170, 192, 0], [200, 180, 173, 198, 177, 0], [201, 183, 193, 172, 175, 0], [191, 187, 195, 171, 174, 179, 0], [188, 199, 184, 194, 189, 190, 178, 186, 197, 0]]
False
train loader and exclude loader:  0
Original len train instances: 265115
train loader and exclude loader:  1
Original len train instances: 264503
train loader and exclude loader:  2
Original len train instances: 263784
train loader and exclude loader:  3
Original len train instances: 262450
train loader and exclude loader:  4
Original len train instances: 261611
Original len dev instances: 54053
Original len test instances: 93949
create basgMTL 4
False True
Epoch   1  Train Loss 0.1290 99.21%
Epoch   1:  Dev 0.4131147563457489
Epoch   1: Test 0.4294736981391907
patience: 0 / 6
Epoch   2  Train Loss 0.0370 99.56%
Epoch   2:  Dev 0.43918919563293457
Epoch   2: Test 0.4516129493713379
patience: 0 / 6
Epoch   3  Train Loss 0.0281 99.58%
Epoch   3:  Dev 0.5535714030265808
Epoch   3: Test 0.5052631497383118
patience: 0 / 6
Epoch   4  Train Loss 0.0218 99.64%
Epoch   4:  Dev 0.5846154093742371
Epoch   4: Test 0.5100286602973938
patience: 0 / 6
Epoch   5  Train Loss 0.0177 99.70%
Epoch   5:  Dev 0.47058823704719543
patience: 1 / 6
Epoch   6  Train Loss 0.0139 99.75%
Epoch   6:  Dev 0.5806452035903931
patience: 2 / 6
Epoch   7  Train Loss 0.0119 99.78%
Epoch   7:  Dev 0.6195652484893799
Epoch   7: Test 0.5137614607810974
patience: 0 / 6
Epoch   8  Train Loss 0.0098 99.80%
Epoch   8:  Dev 0.5686274170875549
patience: 1 / 6
Epoch   9  Train Loss 0.0092 99.81%
Epoch   9:  Dev 0.5933014154434204
patience: 2 / 6
Epoch  10  Train Loss 0.0076 99.85%
Epoch  10:  Dev 0.5989847779273987
patience: 3 / 6
Epoch  11  Train Loss 0.0067 99.86%
Epoch  11:  Dev 0.5561497211456299
patience: 4 / 6
Epoch  12  Train Loss 0.0057 99.88%
Epoch  12:  Dev 0.5769230723381042
patience: 5 / 6
Epoch  13  Train Loss 0.0053 99.89%
Epoch  13:  Dev 0.6170212626457214
patience: 6 / 6
setting train exemplar for learned classes
torch.Size([160, 2048])
BEST DEV 0: 0.6195652484893799
BEST TEST 0: 0.5137614607810974
torch.Size([160, 2048])
Epoch   1  Train Loss 3.4372 97.83%
Epoch   1:  Dev 0.5099601149559021
Epoch   1: Test 0.47580647468566895
patience: 0 / 6
Epoch   2  Train Loss 3.3028 99.30%
Epoch   2:  Dev 0.5357872843742371
Epoch   2: Test 0.46711409091949463
patience: 0 / 6
Epoch   3  Train Loss 3.2848 99.39%
Epoch   3:  Dev 0.5619468688964844
Epoch   3: Test 0.47206705808639526
patience: 0 / 6
Epoch   4  Train Loss 3.2755 99.47%
Epoch   4:  Dev 0.5198412537574768
patience: 1 / 6
Epoch   5  Train Loss 3.2671 99.50%
Epoch   5:  Dev 0.5362902879714966
patience: 2 / 6
Epoch   6  Train Loss 3.2690 99.58%
Epoch   6:  Dev 0.6043165326118469
Epoch   6: Test 0.5
patience: 0 / 6
Epoch   7  Train Loss 3.2591 99.64%
Epoch   7:  Dev 0.5888078212738037
patience: 1 / 6
Epoch   8  Train Loss 3.2591 99.67%
Epoch   8:  Dev 0.5873786211013794
patience: 2 / 6
Epoch   9  Train Loss 3.2554 99.71%
Epoch   9:  Dev 0.574999988079071
patience: 3 / 6
Epoch  10  Train Loss 3.2533 99.74%
Epoch  10:  Dev 0.5754716992378235
patience: 4 / 6
Epoch  11  Train Loss 3.2513 99.77%
Epoch  11:  Dev 0.5692694783210754
patience: 5 / 6
Epoch  12  Train Loss 3.2470 99.80%
Epoch  12:  Dev 0.5742092728614807
patience: 6 / 6
setting train exemplar for learned classes
torch.Size([260, 2048])
BEST DEV 1: 0.6043165326118469
BEST TEST 1: 0.5
torch.Size([260, 2048])
Epoch   1  Train Loss 3.1190 97.99%
Epoch   1:  Dev 0.5788751840591431
Epoch   1: Test 0.5825825929641724
patience: 0 / 6
Epoch   2  Train Loss 3.0272 99.31%
Epoch   2:  Dev 0.6246334314346313
Epoch   2: Test 0.6104605793952942
patience: 0 / 6
Epoch   3  Train Loss 3.0182 99.40%
Epoch   3:  Dev 0.6584235429763794
Epoch   3: Test 0.6274509429931641
patience: 0 / 6
Epoch   4  Train Loss 3.0142 99.48%
Epoch   4:  Dev 0.6513056755065918
patience: 1 / 6
Epoch   5  Train Loss 3.0077 99.52%
Epoch   5:  Dev 0.6563944816589355
patience: 2 / 6
Epoch   6  Train Loss 3.0048 99.57%
Epoch   6:  Dev 0.6468842625617981
patience: 3 / 6
Epoch   7  Train Loss 2.9998 99.59%
Epoch   7:  Dev 0.6340740323066711
patience: 4 / 6
Epoch   8  Train Loss 3.0009 99.64%
Epoch   8:  Dev 0.6457398533821106
patience: 5 / 6
Epoch   9  Train Loss 2.9941 99.64%
Epoch   9:  Dev 0.6646058559417725
Epoch   9: Test 0.6292887330055237
patience: 0 / 6
Epoch  10  Train Loss 2.9967 99.69%
Epoch  10:  Dev 0.6614664793014526
patience: 1 / 6
Epoch  11  Train Loss 2.9896 99.71%
Epoch  11:  Dev 0.6612642407417297
patience: 2 / 6
Epoch  12  Train Loss 2.9858 99.73%
Epoch  12:  Dev 0.6527571082115173
patience: 3 / 6
Epoch  13  Train Loss 2.9873 99.74%
Epoch  13:  Dev 0.6718507409095764
Epoch  13: Test 0.6195745468139648
patience: 0 / 6
Epoch  14  Train Loss 2.9861 99.75%
Epoch  14:  Dev 0.6475903391838074
patience: 1 / 6
Epoch  15  Train Loss 2.9894 99.76%
Epoch  15:  Dev 0.6624605655670166
patience: 2 / 6
Epoch  16  Train Loss 2.9875 99.79%
Epoch  16:  Dev 0.6677215099334717
patience: 3 / 6
Epoch  17  Train Loss 2.9893 99.79%
Epoch  17:  Dev 0.6709264516830444
patience: 4 / 6
Epoch  18  Train Loss 2.9887 99.79%
Epoch  18:  Dev 0.6573643088340759
patience: 5 / 6
Epoch  19  Train Loss 2.9852 99.80%
Epoch  19:  Dev 0.6776859164237976
Epoch  19: Test 0.6271036267280579
patience: 0 / 6
Epoch  20  Train Loss 2.9820 99.81%
Epoch  20:  Dev 0.6699507236480713
patience: 1 / 6
Epoch  21  Train Loss 2.9850 99.81%
Epoch  21:  Dev 0.6583850383758545
patience: 2 / 6
Epoch  22  Train Loss 2.9850 99.83%
Epoch  22:  Dev 0.655683696269989
patience: 3 / 6
Epoch  23  Train Loss 2.9812 99.83%
Epoch  23:  Dev 0.6688632965087891
patience: 4 / 6
Epoch  24  Train Loss 2.9856 99.83%
Epoch  24:  Dev 0.6797385811805725
Epoch  24: Test 0.6347518563270569
patience: 0 / 6
Epoch  25  Train Loss 2.9842 99.82%
Epoch  25:  Dev 0.6613671779632568
patience: 1 / 6
Epoch  26  Train Loss 2.9841 99.83%
Epoch  26:  Dev 0.6520375609397888
patience: 2 / 6
Epoch  27  Train Loss 2.9824 99.84%
Epoch  27:  Dev 0.6582278609275818
patience: 3 / 6
Epoch  28  Train Loss 2.9835 99.84%
Epoch  28:  Dev 0.6579804420471191
patience: 4 / 6
Epoch  29  Train Loss 2.9812 99.84%
Epoch  29:  Dev 0.6666666269302368
patience: 5 / 6
Epoch  30  Train Loss 2.9806 99.84%
Epoch  30:  Dev 0.6644951105117798
patience: 6 / 6
setting train exemplar for learned classes
torch.Size([360, 2048])
BEST DEV 2: 0.6797385811805725
BEST TEST 2: 0.6347518563270569
torch.Size([360, 2048])
Epoch   1  Train Loss 2.9958 97.57%
Epoch   1:  Dev 0.6370370984077454
Epoch   1: Test 0.6124196648597717
patience: 0 / 6
Epoch   2  Train Loss 2.8536 99.57%
Epoch   2:  Dev 0.6421207785606384
Epoch   2: Test 0.6116295456886292
patience: 0 / 6
Epoch   3  Train Loss 2.8438 99.62%
Epoch   3:  Dev 0.638680636882782
patience: 1 / 6
Epoch   4  Train Loss 2.8386 99.66%
Epoch   4:  Dev 0.6323987245559692
patience: 2 / 6
Epoch   5  Train Loss 2.8316 99.70%
Epoch   5:  Dev 0.6458333134651184
Epoch   5: Test 0.6132756471633911
patience: 0 / 6
Epoch   6  Train Loss 2.8273 99.75%
Epoch   6:  Dev 0.6303029656410217
patience: 1 / 6
Epoch   7  Train Loss 2.8252 99.79%
Epoch   7:  Dev 0.6457398533821106
patience: 2 / 6
Epoch   8  Train Loss 2.8240 99.80%
Epoch   8:  Dev 0.6379045248031616
patience: 3 / 6
Epoch   9  Train Loss 2.8214 99.82%
Epoch   9:  Dev 0.6282246112823486
patience: 4 / 6
Epoch  10  Train Loss 2.8221 99.83%
Epoch  10:  Dev 0.6255924105644226
patience: 5 / 6
Epoch  11  Train Loss 2.8203 99.84%
Epoch  11:  Dev 0.6439628005027771
patience: 6 / 6
setting train exemplar for learned classes
torch.Size([480, 2048])
BEST DEV 3: 0.6458333134651184
BEST TEST 3: 0.6132756471633911
torch.Size([480, 2048])
Epoch   1  Train Loss 3.3006 96.32%
Epoch   1:  Dev 0.534552812576294
Epoch   1: Test 0.5874757766723633
patience: 0 / 6
Epoch   2  Train Loss 3.0280 99.55%
Epoch   2:  Dev 0.5579568147659302
Epoch   2: Test 0.5927318334579468
patience: 0 / 6
Epoch   3  Train Loss 3.0115 99.61%
Epoch   3:  Dev 0.5574425458908081
patience: 1 / 6
Epoch   4  Train Loss 2.9990 99.67%
Epoch   4:  Dev 0.5649948716163635
Epoch   4: Test 0.6032573580741882
patience: 0 / 6
Epoch   5  Train Loss 2.9979 99.71%
Epoch   5:  Dev 0.591304361820221
Epoch   5: Test 0.5928961038589478
patience: 0 / 6
Epoch   6  Train Loss 2.9885 99.75%
Epoch   6:  Dev 0.5931477546691895
Epoch   6: Test 0.6060606241226196
patience: 0 / 6
Epoch   7  Train Loss 2.9833 99.77%
Epoch   7:  Dev 0.5747126936912537
patience: 1 / 6
Epoch   8  Train Loss 2.9823 99.79%
Epoch   8:  Dev 0.593647301197052
Epoch   8: Test 0.6003975868225098
patience: 0 / 6
Epoch   9  Train Loss 2.9829 99.81%
Epoch   9:  Dev 0.5814208388328552
patience: 1 / 6
Epoch  10  Train Loss 2.9795 99.82%
Epoch  10:  Dev 0.5613304972648621
patience: 2 / 6
Epoch  11  Train Loss 2.9784 99.83%
Epoch  11:  Dev 0.5809934735298157
patience: 3 / 6
Epoch  12  Train Loss 2.9785 99.84%
Epoch  12:  Dev 0.5971769690513611
Epoch  12: Test 0.6044028997421265
patience: 0 / 6
Epoch  13  Train Loss 2.9768 99.85%
Epoch  13:  Dev 0.5912087559700012
patience: 1 / 6
Epoch  14  Train Loss 2.9773 99.86%
Epoch  14:  Dev 0.5769230723381042
patience: 2 / 6
Epoch  15  Train Loss 2.9752 99.87%
Epoch  15:  Dev 0.5960264801979065
patience: 3 / 6
Epoch  16  Train Loss 2.9766 99.87%
Epoch  16:  Dev 0.5961754322052002
patience: 4 / 6
Epoch  17  Train Loss 2.9746 99.87%
Epoch  17:  Dev 0.604236364364624
Epoch  17: Test 0.5916267037391663
patience: 0 / 6
Epoch  18  Train Loss 2.9718 99.87%
Epoch  18:  Dev 0.5963718295097351
patience: 1 / 6
Epoch  19  Train Loss 2.9745 99.87%
Epoch  19:  Dev 0.5951327681541443
patience: 2 / 6
Epoch  20  Train Loss 2.9720 99.88%
Epoch  20:  Dev 0.5977528095245361
patience: 3 / 6
Epoch  21  Train Loss 2.9731 99.89%
Epoch  21:  Dev 0.5809217691421509
patience: 4 / 6
Epoch  22  Train Loss 2.9700 99.89%
Epoch  22:  Dev 0.5959367156028748
patience: 5 / 6
Epoch  23  Train Loss 2.9722 99.88%
Epoch  23:  Dev 0.5926747918128967
patience: 6 / 6
setting train exemplar for learned classes
torch.Size([660, 2048])
BEST DEV 4: 0.604236364364624
BEST TEST 4: 0.5916267037391663
