Dump name space
results/ace/FairGrad_ot_narate-40_cluster-4_gen-10/perm_4/options.json
Dump name space
results/ace/FairGrad_ot_narate-40_cluster-4_gen-10/perm_4/options.json
Dump name space
results/ace/FairGrad_ot_narate-40_cluster-4_gen-10/perm_4/options.json
Dump name space
results/ace/FairGrad_ot_narate-40_cluster-4_gen-10/perm_4/options.json
[[200, 180, 173, 198, 177, 0], [196, 181, 182, 202, 185, 176, 170, 192, 0], [188, 199, 184, 194, 189, 190, 178, 186, 197, 0], [191, 187, 195, 171, 174, 179, 0], [201, 183, 193, 172, 175, 0]]
False
train loader and exclude loader:  0
Original len train instances: 265115
train loader and exclude loader:  1
Original len train instances: 264396
train loader and exclude loader:  2
Original len train instances: 263784
train loader and exclude loader:  3
Original len train instances: 263200
train loader and exclude loader:  4
Original len train instances: 262361
Original len dev instances: 54053
Original len test instances: 93949
create basgMTL 4
False True
Epoch   1  Train Loss 0.2292 99.12%
Epoch   1:  Dev 0.5338645577430725
Epoch   1: Test 0.41538459062576294
patience: 0 / 6
Epoch   2  Train Loss 0.1575 99.46%
Epoch   2:  Dev 0.44179102778434753
patience: 1 / 6
Epoch   3  Train Loss 0.1503 99.50%
Epoch   3:  Dev 0.546875
Epoch   3: Test 0.4855491518974304
patience: 0 / 6
Epoch   4  Train Loss 0.1447 99.59%
Epoch   4:  Dev 0.5663716793060303
Epoch   4: Test 0.5047318339347839
patience: 0 / 6
Epoch   5  Train Loss 0.1413 99.64%
Epoch   5:  Dev 0.5259259343147278
patience: 1 / 6
Epoch   6  Train Loss 0.1381 99.67%
Epoch   6:  Dev 0.5506072640419006
patience: 2 / 6
Epoch   7  Train Loss 0.1356 99.72%
Epoch   7:  Dev 0.48763254284858704
patience: 3 / 6
Epoch   8  Train Loss 0.1336 99.76%
Epoch   8:  Dev 0.5803108215332031
Epoch   8: Test 0.5128204822540283
patience: 0 / 6
Epoch   9  Train Loss 0.1320 99.80%
Epoch   9:  Dev 0.4751772880554199
patience: 1 / 6
Epoch  10  Train Loss 0.1309 99.82%
Epoch  10:  Dev 0.4931507408618927
patience: 2 / 6
Epoch  11  Train Loss 0.1298 99.85%
Epoch  11:  Dev 0.4000000059604645
patience: 3 / 6
Epoch  12  Train Loss 0.1292 99.85%
Epoch  12:  Dev 0.5523809790611267
patience: 4 / 6
Epoch  13  Train Loss 0.1282 99.88%
Epoch  13:  Dev 0.48510634899139404
patience: 5 / 6
Epoch  14  Train Loss 0.1278 99.89%
Epoch  14:  Dev 0.5374448895454407
patience: 6 / 6
setting train exemplar for learned classes
torch.Size([100, 2048])
BEST DEV 0: 0.5803108215332031
BEST TEST 0: 0.5128204822540283
torch.Size([100, 2048])
Epoch   1  Train Loss 8.0482 98.36%
Epoch   1:  Dev 0.5671641826629639
Epoch   1: Test 0.48275864124298096
patience: 0 / 6
Epoch   2  Train Loss 9.1447 99.70%
Epoch   2:  Dev 0.6096866130828857
Epoch   2: Test 0.5109779834747314
patience: 0 / 6
Epoch   3  Train Loss 9.5338 99.74%
Epoch   3:  Dev 0.5947521924972534
patience: 1 / 6
Epoch   4  Train Loss 10.0078 99.77%
Epoch   4:  Dev 0.6011561155319214
patience: 2 / 6
Epoch   5  Train Loss 10.5626 99.78%
Epoch   5:  Dev 0.6144927740097046
Epoch   5: Test 0.5327869057655334
patience: 0 / 6
Epoch   6  Train Loss 10.8204 99.79%
Epoch   6:  Dev 0.5976331830024719
patience: 1 / 6
Epoch   7  Train Loss 11.1807 99.81%
Epoch   7:  Dev 0.6126126646995544
patience: 2 / 6
Epoch   8  Train Loss 11.4053 99.82%
Epoch   8:  Dev 0.6268656253814697
Epoch   8: Test 0.5306122899055481
patience: 0 / 6
Epoch   9  Train Loss 11.7097 99.83%
Epoch   9:  Dev 0.6099706292152405
patience: 1 / 6
Epoch  10  Train Loss 11.8341 99.84%
Epoch  10:  Dev 0.6089743375778198
patience: 2 / 6
Epoch  11  Train Loss 12.2441 99.85%
Epoch  11:  Dev 0.6202898621559143
patience: 3 / 6
Epoch  12  Train Loss 12.2940 99.86%
Epoch  12:  Dev 0.6215384602546692
patience: 4 / 6
Epoch  13  Train Loss 12.0901 99.86%
Epoch  13:  Dev 0.6182965040206909
patience: 5 / 6
Epoch  14  Train Loss 12.4620 99.88%
Epoch  14:  Dev 0.6180757880210876
patience: 6 / 6
setting train exemplar for learned classes
torch.Size([260, 2048])
BEST DEV 1: 0.6268656253814697
BEST TEST 1: 0.5306122899055481
torch.Size([260, 2048])
Epoch   1  Train Loss 9.2044 96.88%
Epoch   1:  Dev 0.602495551109314
Epoch   1: Test 0.5349922776222229
patience: 0 / 6
Epoch   2  Train Loss 10.5306 99.75%
Epoch   2:  Dev 0.60317462682724
Epoch   2: Test 0.5329052805900574
patience: 0 / 6
Epoch   3  Train Loss 11.1319 99.77%
Epoch   3:  Dev 0.6010362505912781
patience: 1 / 6
Epoch   4  Train Loss 11.5061 99.79%
Epoch   4:  Dev 0.6107142567634583
Epoch   4: Test 0.5371248126029968
patience: 0 / 6
Epoch   5  Train Loss 12.0226 99.80%
Epoch   5:  Dev 0.6067019701004028
patience: 1 / 6
Epoch   6  Train Loss 12.3174 99.82%
Epoch   6:  Dev 0.6024096012115479
patience: 2 / 6
Epoch   7  Train Loss 12.7589 99.83%
Epoch   7:  Dev 0.6013745665550232
patience: 3 / 6
Epoch   8  Train Loss 12.9164 99.84%
Epoch   8:  Dev 0.5990016460418701
patience: 4 / 6
Epoch   9  Train Loss 13.1498 99.84%
Epoch   9:  Dev 0.6089850664138794
patience: 5 / 6
Epoch  10  Train Loss 13.3659 99.85%
Epoch  10:  Dev 0.6053512096405029
patience: 6 / 6
setting train exemplar for learned classes
torch.Size([440, 2048])
BEST DEV 2: 0.6107142567634583
BEST TEST 2: 0.5371248126029968
torch.Size([440, 2048])
Epoch   1  Train Loss 11.2989 99.20%
Epoch   1:  Dev 0.5892598032951355
Epoch   1: Test 0.585310697555542
patience: 0 / 6
Epoch   2  Train Loss 12.6425 99.67%
Epoch   2:  Dev 0.5943536758422852
Epoch   2: Test 0.5904551148414612
patience: 0 / 6
Epoch   3  Train Loss 13.4475 99.70%
Epoch   3:  Dev 0.6133333444595337
Epoch   3: Test 0.603351891040802
patience: 0 / 6
Epoch   4  Train Loss 14.0326 99.72%
Epoch   4:  Dev 0.6064139604568481
patience: 1 / 6
Epoch   5  Train Loss 14.5152 99.74%
Epoch   5:  Dev 0.6069803237915039
patience: 2 / 6
Epoch   6  Train Loss 15.0162 99.75%
Epoch   6:  Dev 0.6174298524856567
Epoch   6: Test 0.5893824696540833
patience: 0 / 6
Epoch   7  Train Loss 15.2100 99.76%
Epoch   7:  Dev 0.6094674468040466
patience: 1 / 6
Epoch   8  Train Loss 15.3716 99.78%
Epoch   8:  Dev 0.6041666865348816
patience: 2 / 6
Epoch   9  Train Loss 16.0004 99.79%
Epoch   9:  Dev 0.5947611331939697
patience: 3 / 6
Epoch  10  Train Loss 15.9863 99.79%
Epoch  10:  Dev 0.5984962582588196
patience: 4 / 6
Epoch  11  Train Loss 16.1417 99.80%
Epoch  11:  Dev 0.6179604530334473
Epoch  11: Test 0.5895691514015198
patience: 0 / 6
Epoch  12  Train Loss 16.3286 99.81%
Epoch  12:  Dev 0.6105263829231262
patience: 1 / 6
Epoch  13  Train Loss 16.6078 99.82%
Epoch  13:  Dev 0.6048632860183716
patience: 2 / 6
Epoch  14  Train Loss 16.7581 99.84%
Epoch  14:  Dev 0.5997001528739929
patience: 3 / 6
Epoch  15  Train Loss 16.7696 99.83%
Epoch  15:  Dev 0.6036036014556885
patience: 4 / 6
Epoch  16  Train Loss 16.9543 99.84%
Epoch  16:  Dev 0.5942684412002563
patience: 5 / 6
Epoch  17  Train Loss 16.8938 99.85%
Epoch  17:  Dev 0.6102718710899353
patience: 6 / 6
setting train exemplar for learned classes
torch.Size([560, 2048])
BEST DEV 3: 0.6179604530334473
BEST TEST 3: 0.5895691514015198
torch.Size([560, 2048])
Epoch   1  Train Loss 14.0626 97.46%
Epoch   1:  Dev 0.6171693801879883
Epoch   1: Test 0.6428079605102539
patience: 0 / 6
Epoch   2  Train Loss 15.4239 99.58%
Epoch   2:  Dev 0.6358382105827332
Epoch   2: Test 0.6456582546234131
patience: 0 / 6
Epoch   3  Train Loss 15.9330 99.61%
Epoch   3:  Dev 0.6206896901130676
patience: 1 / 6
Epoch   4  Train Loss 16.4950 99.64%
Epoch   4:  Dev 0.635761559009552
patience: 2 / 6
Epoch   5  Train Loss 16.9876 99.67%
Epoch   5:  Dev 0.6395480036735535
Epoch   5: Test 0.6374229192733765
patience: 0 / 6
Epoch   6  Train Loss 17.2379 99.69%
Epoch   6:  Dev 0.6364666223526001
patience: 1 / 6
Epoch   7  Train Loss 17.4544 99.71%
Epoch   7:  Dev 0.6299212574958801
patience: 2 / 6
Epoch   8  Train Loss 17.7269 99.72%
Epoch   8:  Dev 0.6392478942871094
patience: 3 / 6
Epoch   9  Train Loss 18.0257 99.73%
Epoch   9:  Dev 0.6425339579582214
Epoch   9: Test 0.645595133304596
patience: 0 / 6
Epoch  10  Train Loss 18.1825 99.76%
Epoch  10:  Dev 0.6410537958145142
patience: 1 / 6
Epoch  11  Train Loss 18.4010 99.76%
Epoch  11:  Dev 0.638248860836029
patience: 2 / 6
Epoch  12  Train Loss 18.5773 99.79%
Epoch  12:  Dev 0.6454545259475708
Epoch  12: Test 0.6428571343421936
patience: 0 / 6
Epoch  13  Train Loss 18.5343 99.80%
Epoch  13:  Dev 0.6413793563842773
patience: 1 / 6
Epoch  14  Train Loss 18.8474 99.80%
Epoch  14:  Dev 0.6332573890686035
patience: 2 / 6
Epoch  15  Train Loss 18.8542 99.81%
Epoch  15:  Dev 0.6348837614059448
patience: 3 / 6
Epoch  16  Train Loss 18.9736 99.82%
Epoch  16:  Dev 0.6412037014961243
patience: 4 / 6
Epoch  17  Train Loss 19.2225 99.84%
Epoch  17:  Dev 0.6441860795021057
patience: 5 / 6
Epoch  18  Train Loss 19.3102 99.84%
Epoch  18:  Dev 0.6179039478302002
patience: 6 / 6
setting train exemplar for learned classes
torch.Size([660, 2048])
BEST DEV 4: 0.6454545259475708
BEST TEST 4: 0.6428571343421936
