Dump name space
results/maven/kl_woMOO_narate-4_cluster-4_gen-20_lm_temp-0.2_class_alpha-0.2/perm_1/options.json
Dump name space
results/maven/kl_woMOO_narate-4_cluster-4_gen-20_lm_temp-0.2_class_alpha-0.2/perm_1/options.json
Dump name space
results/maven/kl_woMOO_narate-4_cluster-4_gen-20_lm_temp-0.2_class_alpha-0.2/perm_1/options.json
Dump name space
results/maven/kl_woMOO_narate-4_cluster-4_gen-20_lm_temp-0.2_class_alpha-0.2/perm_1/options.json
Dump name space
results/maven/kl_woMOO_narate-4_cluster-4_gen-20_lm_temp-0.2_class_alpha-0.2/perm_1/options.json
[[151, 16, 3, 70, 106, 141, 68, 31, 79, 101, 166, 167, 94, 21, 51, 7, 73, 145, 2, 124, 159, 61, 41, 142, 126, 144, 55, 168, 29, 11, 24, 0], [157, 18, 114, 92, 67, 153, 80, 115, 78, 154, 27, 5, 69, 117, 44, 83, 155, 40, 45, 139, 137, 14, 138, 119, 74, 150, 59, 54, 28, 9, 140, 37, 107, 76, 47, 0], [147, 48, 84, 39, 53, 23, 109, 22, 77, 62, 93, 143, 89, 8, 71, 85, 63, 97, 65, 103, 113, 112, 123, 152, 88, 98, 72, 42, 60, 133, 128, 116, 15, 111, 136, 162, 129, 132, 6, 0], [46, 36, 17, 13, 12, 20, 25, 49, 169, 148, 87, 56, 95, 81, 58, 57, 161, 64, 163, 82, 43, 125, 35, 96, 156, 100, 66, 30, 50, 120, 0], [134, 99, 105, 91, 52, 19, 135, 122, 127, 102, 108, 104, 110, 38, 118, 121, 160, 26, 34, 33, 158, 130, 165, 86, 149, 146, 164, 4, 131, 75, 90, 10, 32, 0]]
True
train loader and exclude loader:  0
Original len train instances: 347788
train loader and exclude loader:  1
Original len train instances: 333221
train loader and exclude loader:  2
Original len train instances: 319808
train loader and exclude loader:  3
Original len train instances: 305370
train loader and exclude loader:  4
Original len train instances: 293078
Original len dev instances: 57198
Original len test instances: 98603
create basgMTL 4
False True
Epoch   1  Train Loss 0.4220 80.99%
Epoch   1:  Dev 0.5723249912261963
Epoch   1: Test 0.5551109910011292
patience: 0 / 5
Epoch   2  Train Loss 0.2490 82.02%
Epoch   2:  Dev 0.5933175683021545
Epoch   2: Test 0.5747812986373901
patience: 0 / 5
Epoch   3  Train Loss 0.2150 82.17%
Epoch   3:  Dev 0.6114079356193542
Epoch   3: Test 0.5933951139450073
patience: 0 / 5
Epoch   4  Train Loss 0.1913 82.31%
Epoch   4:  Dev 0.6105442047119141
patience: 1 / 5
Epoch   5  Train Loss 0.1708 82.44%
Epoch   5:  Dev 0.6235688328742981
Epoch   5: Test 0.6006869077682495
patience: 0 / 5
Epoch   6  Train Loss 0.1528 82.55%
Epoch   6:  Dev 0.6279971599578857
Epoch   6: Test 0.6077799797058105
patience: 0 / 5
Epoch   7  Train Loss 0.1385 82.68%
Epoch   7:  Dev 0.6196789741516113
patience: 1 / 5
Epoch   8  Train Loss 0.1253 82.81%
Epoch   8:  Dev 0.6175499558448792
patience: 2 / 5
Epoch   9  Train Loss 0.1117 82.95%
Epoch   9:  Dev 0.6062132716178894
patience: 3 / 5
Epoch  10  Train Loss 0.1016 83.07%
Epoch  10:  Dev 0.6322486996650696
Epoch  10: Test 0.5998891592025757
patience: 0 / 5
Epoch  11  Train Loss 0.0926 83.18%
Epoch  11:  Dev 0.6141428351402283
patience: 1 / 5
Epoch  12  Train Loss 0.0852 83.28%
Epoch  12:  Dev 0.6181626915931702
patience: 2 / 5
Epoch  13  Train Loss 0.0795 83.36%
Epoch  13:  Dev 0.6324412822723389
Epoch  13: Test 0.6042383313179016
patience: 0 / 5
Epoch  14  Train Loss 0.0743 83.44%
Epoch  14:  Dev 0.6314249038696289
patience: 1 / 5
Epoch  15  Train Loss 0.0683 83.53%
Epoch  15:  Dev 0.6199929118156433
patience: 2 / 5
setting train exemplar for learned classes
torch.Size([620, 2048])
BEST DEV 0: 0.6324412822723389
BEST TEST 0: 0.6042383313179016
torch.Size([620, 2048])
Epoch   1  Train Loss 1.4383 83.30%
Epoch   1:  Dev 0.5686407089233398
Epoch   1: Test 0.5655836462974548
patience: 0 / 5
Epoch   2  Train Loss 1.3549 84.02%
Epoch   2:  Dev 0.5697295069694519
Epoch   2: Test 0.568648636341095
patience: 0 / 5
Epoch   3  Train Loss 1.3319 84.29%
Epoch   3:  Dev 0.567032516002655
patience: 1 / 5
Epoch   4  Train Loss 1.3188 84.52%
Epoch   4:  Dev 0.5822235941886902
Epoch   4: Test 0.5912068486213684
patience: 0 / 5
Epoch   5  Train Loss 1.3084 84.72%
Epoch   5:  Dev 0.5688775777816772
patience: 1 / 5
Epoch   6  Train Loss 1.3014 84.93%
Epoch   6:  Dev 0.5714853405952454
patience: 2 / 5
Epoch   7  Train Loss 1.2951 85.12%
Epoch   7:  Dev 0.5684609413146973
patience: 3 / 5
Epoch   8  Train Loss 1.2899 85.30%
Epoch   8:  Dev 0.5722801685333252
patience: 4 / 5
Epoch   9  Train Loss 1.2865 85.46%
Epoch   9:  Dev 0.5724367499351501
patience: 5 / 5
setting train exemplar for learned classes
torch.Size([1320, 2048])
BEST DEV 1: 0.5822235941886902
BEST TEST 1: 0.5912068486213684
torch.Size([1320, 2048])
Epoch   1  Train Loss 2.0696 85.52%
Epoch   1:  Dev 0.5773590207099915
Epoch   1: Test 0.5873223543167114
patience: 0 / 5
Epoch   2  Train Loss 2.0191 86.65%
Epoch   2:  Dev 0.5927314162254333
Epoch   2: Test 0.598344624042511
patience: 0 / 5
Epoch   3  Train Loss 2.0057 86.99%
Epoch   3:  Dev 0.5878637433052063
patience: 1 / 5
Epoch   4  Train Loss 1.9979 87.24%
Epoch   4:  Dev 0.5883375406265259
patience: 2 / 5
Epoch   5  Train Loss 1.9919 87.50%
Epoch   5:  Dev 0.5857105851173401
patience: 3 / 5
Epoch   6  Train Loss 1.9881 87.60%
Epoch   6:  Dev 0.5880289077758789
patience: 4 / 5
Epoch   7  Train Loss 1.9862 87.76%
Epoch   7:  Dev 0.5932968854904175
Epoch   7: Test 0.5995422005653381
patience: 0 / 5
Epoch   8  Train Loss 1.9822 87.94%
Epoch   8:  Dev 0.5866578221321106
patience: 1 / 5
Epoch   9  Train Loss 1.9797 88.06%
Epoch   9:  Dev 0.5958570241928101
Epoch   9: Test 0.6012565493583679
patience: 0 / 5
Epoch  10  Train Loss 1.9777 88.22%
Epoch  10:  Dev 0.5889802575111389
patience: 1 / 5
Epoch  11  Train Loss 1.9772 88.30%
Epoch  11:  Dev 0.5946753621101379
patience: 2 / 5
Epoch  12  Train Loss 1.9740 88.37%
Epoch  12:  Dev 0.5929004549980164
patience: 3 / 5
Epoch  13  Train Loss 1.9730 88.50%
Epoch  13:  Dev 0.5903852581977844
patience: 4 / 5
Epoch  14  Train Loss 1.9714 88.62%
Epoch  14:  Dev 0.596881628036499
Epoch  14: Test 0.6006191968917847
patience: 0 / 5
Epoch  15  Train Loss 1.9709 88.69%
Epoch  15:  Dev 0.5925259590148926
patience: 1 / 5
setting train exemplar for learned classes
torch.Size([2100, 2048])
BEST DEV 2: 0.596881628036499
BEST TEST 2: 0.6006191968917847
torch.Size([2100, 2048])
Epoch   1  Train Loss 2.6418 88.90%
Epoch   1:  Dev 0.5775707364082336
Epoch   1: Test 0.5877817869186401
patience: 0 / 5
Epoch   2  Train Loss 2.6216 89.78%
Epoch   2:  Dev 0.5856615900993347
Epoch   2: Test 0.5925605297088623
patience: 0 / 5
Epoch   3  Train Loss 2.6152 89.96%
Epoch   3:  Dev 0.5843119025230408
patience: 1 / 5
Epoch   4  Train Loss 2.6118 90.10%
Epoch   4:  Dev 0.5872914791107178
Epoch   4: Test 0.5926841497421265
patience: 0 / 5
Epoch   5  Train Loss 2.6095 90.22%
Epoch   5:  Dev 0.5886273384094238
Epoch   5: Test 0.5968635082244873
patience: 0 / 5
Epoch   6  Train Loss 2.6073 90.32%
Epoch   6:  Dev 0.5819913148880005
patience: 1 / 5
Epoch   7  Train Loss 2.6057 90.43%
Epoch   7:  Dev 0.5903944373130798
Epoch   7: Test 0.5980990529060364
patience: 0 / 5
Epoch   8  Train Loss 2.6051 90.56%
Epoch   8:  Dev 0.5852547287940979
patience: 1 / 5
Epoch   9  Train Loss 2.6042 90.60%
Epoch   9:  Dev 0.5883168578147888
patience: 2 / 5
Epoch  10  Train Loss 2.6021 90.70%
Epoch  10:  Dev 0.5861647129058838
patience: 3 / 5
Epoch  11  Train Loss 2.6014 90.76%
Epoch  11:  Dev 0.5848371386528015
patience: 4 / 5
Epoch  12  Train Loss 2.6012 90.82%
Epoch  12:  Dev 0.5865960717201233
patience: 5 / 5
setting train exemplar for learned classes
torch.Size([2700, 2048])
BEST DEV 3: 0.5903944373130798
BEST TEST 3: 0.5980990529060364
torch.Size([2700, 2048])
Epoch   1  Train Loss 3.1692 91.21%
Epoch   1:  Dev 0.595696210861206
Epoch   1: Test 0.6024330258369446
patience: 0 / 5
Epoch   2  Train Loss 3.1461 92.68%
Epoch   2:  Dev 0.5992321372032166
Epoch   2: Test 0.6065717339515686
patience: 0 / 5
Epoch   3  Train Loss 3.1401 92.94%
Epoch   3:  Dev 0.595826268196106
patience: 1 / 5
Epoch   4  Train Loss 3.1370 93.08%
Epoch   4:  Dev 0.60040283203125
Epoch   4: Test 0.6081787347793579
patience: 0 / 5
Epoch   5  Train Loss 3.1346 93.24%
Epoch   5:  Dev 0.6021448373794556
Epoch   5: Test 0.6089542508125305
patience: 0 / 5
Epoch   6  Train Loss 3.1328 93.34%
Epoch   6:  Dev 0.5974486470222473
patience: 1 / 5
Epoch   7  Train Loss 3.1319 93.39%
Epoch   7:  Dev 0.6001392602920532
patience: 2 / 5
Epoch   8  Train Loss 3.1301 93.51%
Epoch   8:  Dev 0.6014748811721802
patience: 3 / 5
Epoch   9  Train Loss 3.1290 93.56%
Epoch   9:  Dev 0.5977625250816345
patience: 4 / 5
Epoch  10  Train Loss 3.1279 93.61%
Epoch  10:  Dev 0.5963044166564941
patience: 5 / 5
setting train exemplar for learned classes
torch.Size([3360, 2048])
BEST DEV 4: 0.6021448373794556
BEST TEST 4: 0.6089542508125305
