Dump name space
results/ace/NashMTL_mi_woMOO/perm_2/options.json
Dump name space
results/ace/NashMTL_mi_woMOO/perm_2/options.json
Dump name space
results/ace/NashMTL_mi_woMOO/perm_2/options.json
Dump name space
results/ace/NashMTL_mi_woMOO/perm_2/options.json
[[188, 199, 184, 194, 189, 190, 178, 186, 197, 0], [200, 180, 173, 198, 177, 0], [191, 187, 195, 171, 174, 179, 0], [196, 181, 182, 202, 185, 176, 170, 192, 0], [201, 183, 193, 172, 175, 0]]
False
train loader and exclude loader:  0
Original len train instances: 265115
train loader and exclude loader:  1
Original len train instances: 264531
train loader and exclude loader:  2
Original len train instances: 263812
train loader and exclude loader:  3
Original len train instances: 262973
train loader and exclude loader:  4
Original len train instances: 262361
Original len dev instances: 54053
Original len test instances: 93949
create basgMTL 4
False True
Epoch   1  Train Loss 1.2314 99.20%
Epoch   1:  Dev 0.4721311628818512
Epoch   1: Test 0.5648148655891418
patience: 0 / 6
Epoch   2  Train Loss 1.1431 99.65%
Epoch   2:  Dev 0.4289405643939972
patience: 1 / 6
Epoch   3  Train Loss 1.1339 99.67%
Epoch   3:  Dev 0.46650126576423645
patience: 2 / 6
Epoch   4  Train Loss 1.1272 99.71%
Epoch   4:  Dev 0.5454545021057129
Epoch   4: Test 0.6754385828971863
patience: 0 / 6
Epoch   5  Train Loss 1.1234 99.75%
Epoch   5:  Dev 0.47411444783210754
patience: 1 / 6
Epoch   6  Train Loss 1.1204 99.78%
Epoch   6:  Dev 0.5114942193031311
patience: 2 / 6
Epoch   7  Train Loss 1.1184 99.80%
Epoch   7:  Dev 0.529032289981842
patience: 3 / 6
Epoch   8  Train Loss 1.1170 99.83%
Epoch   8:  Dev 0.5076452493667603
patience: 4 / 6
Epoch   9  Train Loss 1.1162 99.85%
Epoch   9:  Dev 0.4985673725605011
patience: 5 / 6
Epoch  10  Train Loss 1.1157 99.87%
Epoch  10:  Dev 0.48295459151268005
patience: 6 / 6
setting train exemplar for learned classes
torch.Size([180, 2048])
BEST DEV 0: 0.5454545021057129
BEST TEST 0: 0.6754385828971863
torch.Size([180, 2048])
Epoch   1  Train Loss 0.7623 98.65%
Epoch   1:  Dev 0.5418182015419006
Epoch   1: Test 0.5769980549812317
patience: 0 / 6
Epoch   2  Train Loss 0.7423 99.29%
Epoch   2:  Dev 0.4902597665786743
patience: 1 / 6
Epoch   3  Train Loss 0.7386 99.40%
Epoch   3:  Dev 0.4929356873035431
patience: 2 / 6
Epoch   4  Train Loss 0.7358 99.46%
Epoch   4:  Dev 0.5335628390312195
patience: 3 / 6
Epoch   5  Train Loss 0.7341 99.53%
Epoch   5:  Dev 0.5198675990104675
patience: 4 / 6
Epoch   6  Train Loss 0.7334 99.56%
Epoch   6:  Dev 0.5049505233764648
patience: 5 / 6
Epoch   7  Train Loss 0.7322 99.61%
Epoch   7:  Dev 0.5041459202766418
patience: 6 / 6
setting train exemplar for learned classes
torch.Size([280, 2048])
BEST DEV 1: 0.5418182015419006
BEST TEST 1: 0.5769980549812317
torch.Size([280, 2048])
Epoch   1  Train Loss 0.9732 98.32%
Epoch   1:  Dev 0.5607476830482483
Epoch   1: Test 0.6016846895217896
patience: 0 / 6
Epoch   2  Train Loss 0.9510 99.34%
Epoch   2:  Dev 0.5508981943130493
patience: 1 / 6
Epoch   3  Train Loss 0.9467 99.40%
Epoch   3:  Dev 0.5655608177185059
Epoch   3: Test 0.603960394859314
patience: 0 / 6
Epoch   4  Train Loss 0.9443 99.45%
Epoch   4:  Dev 0.5417276620864868
patience: 1 / 6
Epoch   5  Train Loss 0.9422 99.48%
Epoch   5:  Dev 0.5520361661911011
patience: 2 / 6
Epoch   6  Train Loss 0.9410 99.51%
Epoch   6:  Dev 0.5673981308937073
Epoch   6: Test 0.5966586470603943
patience: 0 / 6
Epoch   7  Train Loss 0.9400 99.55%
Epoch   7:  Dev 0.5446428656578064
patience: 1 / 6
Epoch   8  Train Loss 0.9391 99.58%
Epoch   8:  Dev 0.5516178607940674
patience: 2 / 6
Epoch   9  Train Loss 0.9386 99.60%
Epoch   9:  Dev 0.546012282371521
patience: 3 / 6
Epoch  10  Train Loss 0.9381 99.63%
Epoch  10:  Dev 0.5531250238418579
patience: 4 / 6
Epoch  11  Train Loss 0.9376 99.64%
Epoch  11:  Dev 0.551937997341156
patience: 5 / 6
Epoch  12  Train Loss 0.9371 99.66%
Epoch  12:  Dev 0.5760518312454224
Epoch  12: Test 0.5973397493362427
patience: 0 / 6
Epoch  13  Train Loss 0.9368 99.67%
Epoch  13:  Dev 0.5414710640907288
patience: 1 / 6
Epoch  14  Train Loss 0.9370 99.67%
Epoch  14:  Dev 0.5597381591796875
patience: 2 / 6
Epoch  15  Train Loss 0.9365 99.68%
Epoch  15:  Dev 0.5639343857765198
patience: 3 / 6
Epoch  16  Train Loss 0.9368 99.70%
Epoch  16:  Dev 0.5578446984291077
patience: 4 / 6
Epoch  17  Train Loss 0.9359 99.70%
Epoch  17:  Dev 0.5612903237342834
patience: 5 / 6
Epoch  18  Train Loss 0.9362 99.70%
Epoch  18:  Dev 0.5588235259056091
patience: 6 / 6
setting train exemplar for learned classes
torch.Size([400, 2048])
BEST DEV 2: 0.5760518312454224
BEST TEST 2: 0.5973397493362427
torch.Size([400, 2048])
Epoch   1  Train Loss 1.0911 97.97%
Epoch   1:  Dev 0.5717791318893433
Epoch   1: Test 0.5751748085021973
patience: 0 / 6
Epoch   2  Train Loss 1.0754 99.40%
Epoch   2:  Dev 0.5679314136505127
patience: 1 / 6
Epoch   3  Train Loss 1.0719 99.44%
Epoch   3:  Dev 0.5580247044563293
patience: 2 / 6
Epoch   4  Train Loss 1.0697 99.49%
Epoch   4:  Dev 0.570725679397583
patience: 3 / 6
Epoch   5  Train Loss 1.0685 99.54%
Epoch   5:  Dev 0.5665025115013123
patience: 4 / 6
Epoch   6  Train Loss 1.0672 99.58%
Epoch   6:  Dev 0.5714285373687744
patience: 5 / 6
Epoch   7  Train Loss 1.0675 99.59%
Epoch   7:  Dev 0.5627283453941345
patience: 6 / 6
setting train exemplar for learned classes
torch.Size([560, 2048])
BEST DEV 3: 0.5717791318893433
BEST TEST 3: 0.5751748085021973
torch.Size([560, 2048])
Epoch   1  Train Loss 1.4583 97.74%
Epoch   1:  Dev 0.5664206743240356
Epoch   1: Test 0.5919732451438904
patience: 0 / 6
Epoch   2  Train Loss 1.4659 99.17%
Epoch   2:  Dev 0.5820203423500061
Epoch   2: Test 0.6273186802864075
patience: 0 / 6
Epoch   3  Train Loss 1.4642 99.22%
Epoch   3:  Dev 0.5813528299331665
patience: 1 / 6
Epoch   4  Train Loss 1.4634 99.27%
Epoch   4:  Dev 0.5706619024276733
patience: 2 / 6
Epoch   5  Train Loss 1.4620 99.31%
Epoch   5:  Dev 0.5770964622497559
patience: 3 / 6
Epoch   6  Train Loss 1.4610 99.34%
Epoch   6:  Dev 0.5681818127632141
patience: 4 / 6
Epoch   7  Train Loss 1.4608 99.37%
Epoch   7:  Dev 0.5948904752731323
Epoch   7: Test 0.6186895966529846
patience: 0 / 6
Epoch   8  Train Loss 1.4600 99.39%
Epoch   8:  Dev 0.5875706672668457
patience: 1 / 6
Epoch   9  Train Loss 1.4607 99.42%
Epoch   9:  Dev 0.5962962508201599
Epoch   9: Test 0.6183995604515076
patience: 0 / 6
Epoch  10  Train Loss 1.4599 99.44%
Epoch  10:  Dev 0.5775021910667419
patience: 1 / 6
Epoch  11  Train Loss 1.4597 99.46%
Epoch  11:  Dev 0.6073793768882751
Epoch  11: Test 0.6442800164222717
patience: 0 / 6
Epoch  12  Train Loss 1.4595 99.48%
Epoch  12:  Dev 0.6075471639633179
Epoch  12: Test 0.6423274278640747
patience: 0 / 6
Epoch  13  Train Loss 1.4582 99.48%
Epoch  13:  Dev 0.6112703084945679
Epoch  13: Test 0.6422438025474548
patience: 0 / 6
Epoch  14  Train Loss 1.4589 99.50%
Epoch  14:  Dev 0.5962059497833252
patience: 1 / 6
Epoch  15  Train Loss 1.4585 99.52%
Epoch  15:  Dev 0.6005510091781616
patience: 2 / 6
Epoch  16  Train Loss 1.4583 99.52%
Epoch  16:  Dev 0.6065728068351746
patience: 3 / 6
Epoch  17  Train Loss 1.4584 99.53%
Epoch  17:  Dev 0.6047393083572388
patience: 4 / 6
Epoch  18  Train Loss 1.4583 99.53%
Epoch  18:  Dev 0.6073102355003357
patience: 5 / 6
Epoch  19  Train Loss 1.4586 99.55%
Epoch  19:  Dev 0.6031452417373657
patience: 6 / 6
setting train exemplar for learned classes
torch.Size([660, 2048])
BEST DEV 4: 0.6112703084945679
BEST TEST 4: 0.6422438025474548
