Dump name space
results/ace/FairGrad_ot_narate-40_cluster-4_gen-10/perm_0/options.json
Dump name space
results/ace/FairGrad_ot_narate-40_cluster-4_gen-10/perm_0/options.json
Dump name space
results/ace/FairGrad_ot_narate-40_cluster-4_gen-10/perm_0/options.json
Dump name space
results/ace/FairGrad_ot_narate-40_cluster-4_gen-10/perm_0/options.json
[[188, 199, 184, 194, 189, 190, 178, 186, 197, 0], [191, 187, 195, 171, 174, 179, 0], [201, 183, 193, 172, 175, 0], [200, 180, 173, 198, 177, 0], [196, 181, 182, 202, 185, 176, 170, 192, 0]]
False
train loader and exclude loader:  0
Original len train instances: 265115
train loader and exclude loader:  1
Original len train instances: 264531
train loader and exclude loader:  2
Original len train instances: 263692
train loader and exclude loader:  3
Original len train instances: 262358
train loader and exclude loader:  4
Original len train instances: 261639
Original len dev instances: 54053
Original len test instances: 93949
create basgMTL 4
False True
Epoch   1  Train Loss 0.2565 99.21%
Epoch   1:  Dev 0.4832214415073395
Epoch   1: Test 0.5727699995040894
patience: 0 / 6
Epoch   2  Train Loss 0.1609 99.66%
Epoch   2:  Dev 0.42673519253730774
patience: 1 / 6
Epoch   3  Train Loss 0.1511 99.70%
Epoch   3:  Dev 0.46195653080940247
patience: 2 / 6
Epoch   4  Train Loss 0.1434 99.74%
Epoch   4:  Dev 0.5415384769439697
Epoch   4: Test 0.660714328289032
patience: 0 / 6
Epoch   5  Train Loss 0.1390 99.77%
Epoch   5:  Dev 0.49266865849494934
patience: 1 / 6
Epoch   6  Train Loss 0.1352 99.81%
Epoch   6:  Dev 0.49307477474212646
patience: 2 / 6
Epoch   7  Train Loss 0.1327 99.82%
Epoch   7:  Dev 0.5394737124443054
patience: 3 / 6
Epoch   8  Train Loss 0.1306 99.85%
Epoch   8:  Dev 0.5134328603744507
patience: 4 / 6
Epoch   9  Train Loss 0.1286 99.87%
Epoch   9:  Dev 0.4927535951137543
patience: 5 / 6
Epoch  10  Train Loss 0.1275 99.88%
Epoch  10:  Dev 0.4956268072128296
patience: 6 / 6
setting train exemplar for learned classes
torch.Size([180, 2048])
BEST DEV 0: 0.5415384769439697
BEST TEST 0: 0.660714328289032
torch.Size([180, 2048])
Epoch   1  Train Loss 12.3069 98.99%
Epoch   1:  Dev 0.49056607484817505
Epoch   1: Test 0.6296296715736389
patience: 0 / 6
Epoch   2  Train Loss 12.9792 99.61%
Epoch   2:  Dev 0.5115207433700562
Epoch   2: Test 0.657794713973999
patience: 0 / 6
Epoch   3  Train Loss 14.4419 99.66%
Epoch   3:  Dev 0.5174825191497803
Epoch   3: Test 0.6544117331504822
patience: 0 / 6
Epoch   4  Train Loss 15.0262 99.69%
Epoch   4:  Dev 0.5445783138275146
Epoch   4: Test 0.661478579044342
patience: 0 / 6
Epoch   5  Train Loss 16.1832 99.71%
Epoch   5:  Dev 0.534278929233551
patience: 1 / 6
Epoch   6  Train Loss 16.7525 99.72%
Epoch   6:  Dev 0.5512195229530334
Epoch   6: Test 0.6746506690979004
patience: 0 / 6
Epoch   7  Train Loss 17.7367 99.74%
Epoch   7:  Dev 0.5594059228897095
Epoch   7: Test 0.6816326975822449
patience: 0 / 6
Epoch   8  Train Loss 18.4169 99.76%
Epoch   8:  Dev 0.5445783138275146
patience: 1 / 6
Epoch   9  Train Loss 19.1835 99.77%
Epoch   9:  Dev 0.5336427092552185
patience: 2 / 6
Epoch  10  Train Loss 20.1829 99.77%
Epoch  10:  Dev 0.5352112650871277
patience: 3 / 6
Epoch  11  Train Loss 21.1216 99.77%
Epoch  11:  Dev 0.5459057092666626
patience: 4 / 6
Epoch  12  Train Loss 21.5644 99.79%
Epoch  12:  Dev 0.5402843356132507
patience: 5 / 6
Epoch  13  Train Loss 21.9902 99.80%
Epoch  13:  Dev 0.540145993232727
patience: 6 / 6
setting train exemplar for learned classes
torch.Size([300, 2048])
BEST DEV 1: 0.5594059228897095
BEST TEST 1: 0.6816326975822449
torch.Size([300, 2048])
Epoch   1  Train Loss 15.2797 97.85%
Epoch   1:  Dev 0.6160849928855896
Epoch   1: Test 0.7021081447601318
patience: 0 / 6
Epoch   2  Train Loss 16.8762 99.50%
Epoch   2:  Dev 0.6163142323493958
Epoch   2: Test 0.696508526802063
patience: 0 / 6
Epoch   3  Train Loss 18.2399 99.56%
Epoch   3:  Dev 0.6100152134895325
patience: 1 / 6
Epoch   4  Train Loss 19.3752 99.59%
Epoch   4:  Dev 0.6153846383094788
patience: 2 / 6
Epoch   5  Train Loss 19.9460 99.62%
Epoch   5:  Dev 0.6097201704978943
patience: 3 / 6
Epoch   6  Train Loss 20.7781 99.65%
Epoch   6:  Dev 0.6315789818763733
Epoch   6: Test 0.7272727489471436
patience: 0 / 6
Epoch   7  Train Loss 21.5005 99.66%
Epoch   7:  Dev 0.6272727251052856
patience: 1 / 6
Epoch   8  Train Loss 21.8014 99.66%
Epoch   8:  Dev 0.6172106266021729
patience: 2 / 6
Epoch   9  Train Loss 22.3819 99.69%
Epoch   9:  Dev 0.6333853006362915
Epoch   9: Test 0.7246111631393433
patience: 0 / 6
Epoch  10  Train Loss 22.5571 99.71%
Epoch  10:  Dev 0.6382306218147278
Epoch  10: Test 0.7348836660385132
patience: 0 / 6
Epoch  11  Train Loss 22.9062 99.72%
Epoch  11:  Dev 0.6066763401031494
patience: 1 / 6
Epoch  12  Train Loss 23.2254 99.73%
Epoch  12:  Dev 0.6302250623703003
patience: 2 / 6
Epoch  13  Train Loss 23.1397 99.74%
Epoch  13:  Dev 0.6331811547279358
patience: 3 / 6
Epoch  14  Train Loss 23.7260 99.75%
Epoch  14:  Dev 0.6215022802352905
patience: 4 / 6
Epoch  15  Train Loss 23.6766 99.77%
Epoch  15:  Dev 0.6435331106185913
Epoch  15: Test 0.7150635123252869
patience: 0 / 6
Epoch  16  Train Loss 24.1472 99.77%
Epoch  16:  Dev 0.6309341192245483
patience: 1 / 6
Epoch  17  Train Loss 24.3768 99.78%
Epoch  17:  Dev 0.6336939930915833
patience: 2 / 6
Epoch  18  Train Loss 24.0443 99.80%
Epoch  18:  Dev 0.6304675936698914
patience: 3 / 6
Epoch  19  Train Loss 24.3283 99.80%
Epoch  19:  Dev 0.6253870129585266
patience: 4 / 6
Epoch  20  Train Loss 24.3795 99.82%
Epoch  20:  Dev 0.6234177350997925
patience: 5 / 6
Epoch  21  Train Loss 24.4359 99.83%
Epoch  21:  Dev 0.6329114437103271
patience: 6 / 6
setting train exemplar for learned classes
torch.Size([400, 2048])
BEST DEV 2: 0.6435331106185913
BEST TEST 2: 0.7150635123252869
torch.Size([400, 2048])
Epoch   1  Train Loss 21.8894 98.05%
Epoch   1:  Dev 0.6082603335380554
Epoch   1: Test 0.6835249066352844
patience: 0 / 6
Epoch   2  Train Loss 22.8165 99.55%
Epoch   2:  Dev 0.6185318827629089
Epoch   2: Test 0.6797385215759277
patience: 0 / 6
Epoch   3  Train Loss 23.6474 99.61%
Epoch   3:  Dev 0.6167075634002686
patience: 1 / 6
Epoch   4  Train Loss 24.1526 99.64%
Epoch   4:  Dev 0.6181384325027466
patience: 2 / 6
Epoch   5  Train Loss 24.6883 99.66%
Epoch   5:  Dev 0.6189889311790466
Epoch   5: Test 0.6884498596191406
patience: 0 / 6
Epoch   6  Train Loss 25.1096 99.69%
Epoch   6:  Dev 0.6303797364234924
Epoch   6: Test 0.698215663433075
patience: 0 / 6
Epoch   7  Train Loss 25.4467 99.71%
Epoch   7:  Dev 0.6023809313774109
patience: 1 / 6
Epoch   8  Train Loss 26.0204 99.72%
Epoch   8:  Dev 0.624843180179596
patience: 2 / 6
Epoch   9  Train Loss 26.1097 99.74%
Epoch   9:  Dev 0.6194030046463013
patience: 3 / 6
Epoch  10  Train Loss 26.1628 99.77%
Epoch  10:  Dev 0.6078431010246277
patience: 4 / 6
Epoch  11  Train Loss 26.3639 99.78%
Epoch  11:  Dev 0.6235741376876831
patience: 5 / 6
Epoch  12  Train Loss 26.3952 99.79%
Epoch  12:  Dev 0.613138735294342
patience: 6 / 6
setting train exemplar for learned classes
torch.Size([500, 2048])
BEST DEV 3: 0.6303797364234924
BEST TEST 3: 0.698215663433075
torch.Size([500, 2048])
Epoch   1  Train Loss 18.5811 96.79%
Epoch   1:  Dev 0.6200873851776123
Epoch   1: Test 0.6449375748634338
patience: 0 / 6
Epoch   2  Train Loss 20.1301 99.65%
Epoch   2:  Dev 0.6203904151916504
Epoch   2: Test 0.654891312122345
patience: 0 / 6
Epoch   3  Train Loss 20.6938 99.69%
Epoch   3:  Dev 0.6356756687164307
Epoch   3: Test 0.6433378458023071
patience: 0 / 6
Epoch   4  Train Loss 21.4502 99.72%
Epoch   4:  Dev 0.6232356429100037
patience: 1 / 6
Epoch   5  Train Loss 22.0636 99.74%
Epoch   5:  Dev 0.6209149956703186
patience: 2 / 6
Epoch   6  Train Loss 22.5064 99.75%
Epoch   6:  Dev 0.6230937242507935
patience: 3 / 6
Epoch   7  Train Loss 22.7439 99.76%
Epoch   7:  Dev 0.6341463923454285
patience: 4 / 6
Epoch   8  Train Loss 23.1618 99.77%
Epoch   8:  Dev 0.6287625432014465
patience: 5 / 6
Epoch   9  Train Loss 23.6623 99.79%
Epoch   9:  Dev 0.6271551847457886
patience: 6 / 6
setting train exemplar for learned classes
torch.Size([660, 2048])
BEST DEV 4: 0.6356756687164307
BEST TEST 4: 0.6433378458023071
