Dump name space
results/ace/FairGrad/perm_1/options.json
Dump name space
results/ace/FairGrad/perm_1/options.json
Dump name space
results/ace/FairGrad/perm_1/options.json
Dump name space
results/ace/FairGrad/perm_1/options.json
[[196, 181, 182, 202, 185, 176, 170, 192, 0], [200, 180, 173, 198, 177, 0], [201, 183, 193, 172, 175, 0], [191, 187, 195, 171, 174, 179, 0], [188, 199, 184, 194, 189, 190, 178, 186, 197, 0]]
False
train loader and exclude loader:  0
Original len train instances: 265115
train loader and exclude loader:  1
Original len train instances: 264503
train loader and exclude loader:  2
Original len train instances: 263784
train loader and exclude loader:  3
Original len train instances: 262450
train loader and exclude loader:  4
Original len train instances: 261611
Original len dev instances: 54053
Original len test instances: 93949
create basgMTL 4
False True
Epoch   1  Train Loss 0.1290 99.21%
Epoch   1:  Dev 0.4131147563457489
Epoch   1: Test 0.4294736981391907
patience: 0 / 6
Epoch   2  Train Loss 0.0370 99.56%
Epoch   2:  Dev 0.43918919563293457
Epoch   2: Test 0.4516129493713379
patience: 0 / 6
Epoch   3  Train Loss 0.0281 99.58%
Epoch   3:  Dev 0.5535714030265808
Epoch   3: Test 0.5052631497383118
patience: 0 / 6
Epoch   4  Train Loss 0.0218 99.64%
Epoch   4:  Dev 0.5846154093742371
Epoch   4: Test 0.5100286602973938
patience: 0 / 6
Epoch   5  Train Loss 0.0177 99.70%
Epoch   5:  Dev 0.47058823704719543
patience: 1 / 6
Epoch   6  Train Loss 0.0139 99.75%
Epoch   6:  Dev 0.5806452035903931
patience: 2 / 6
Epoch   7  Train Loss 0.0119 99.78%
Epoch   7:  Dev 0.6195652484893799
Epoch   7: Test 0.5137614607810974
patience: 0 / 6
Epoch   8  Train Loss 0.0098 99.80%
Epoch   8:  Dev 0.5686274170875549
patience: 1 / 6
Epoch   9  Train Loss 0.0092 99.81%
Epoch   9:  Dev 0.5933014154434204
patience: 2 / 6
Epoch  10  Train Loss 0.0076 99.85%
Epoch  10:  Dev 0.5989847779273987
patience: 3 / 6
Epoch  11  Train Loss 0.0067 99.86%
Epoch  11:  Dev 0.5561497211456299
patience: 4 / 6
Epoch  12  Train Loss 0.0057 99.88%
Epoch  12:  Dev 0.5769230723381042
patience: 5 / 6
Epoch  13  Train Loss 0.0053 99.89%
Epoch  13:  Dev 0.6170212626457214
patience: 6 / 6
setting train exemplar for learned classes
torch.Size([160, 2048])
BEST DEV 0: 0.6195652484893799
BEST TEST 0: 0.5137614607810974
torch.Size([160, 2048])
Epoch   1  Train Loss 6.8716 97.85%
Epoch   1:  Dev 0.5235602259635925
Epoch   1: Test 0.4918566644191742
patience: 0 / 6
Epoch   2  Train Loss 7.9246 99.54%
Epoch   2:  Dev 0.5985037684440613
Epoch   2: Test 0.5088566541671753
patience: 0 / 6
Epoch   3  Train Loss 8.5892 99.60%
Epoch   3:  Dev 0.6182795166969299
Epoch   3: Test 0.5229681730270386
patience: 0 / 6
Epoch   4  Train Loss 9.0466 99.63%
Epoch   4:  Dev 0.5965770483016968
patience: 1 / 6
Epoch   5  Train Loss 9.4836 99.67%
Epoch   5:  Dev 0.6212121248245239
Epoch   5: Test 0.517241358757019
patience: 0 / 6
Epoch   6  Train Loss 10.0009 99.70%
Epoch   6:  Dev 0.6225895285606384
Epoch   6: Test 0.5028142333030701
patience: 0 / 6
Epoch   7  Train Loss 10.3873 99.73%
Epoch   7:  Dev 0.6229507923126221
Epoch   7: Test 0.5249537825584412
patience: 0 / 6
Epoch   8  Train Loss 10.7141 99.75%
Epoch   8:  Dev 0.6032609343528748
patience: 1 / 6
Epoch   9  Train Loss 11.0225 99.77%
Epoch   9:  Dev 0.5984252095222473
patience: 2 / 6
Epoch  10  Train Loss 11.4270 99.78%
Epoch  10:  Dev 0.6010100841522217
patience: 3 / 6
Epoch  11  Train Loss 11.7074 99.80%
Epoch  11:  Dev 0.5912596583366394
patience: 4 / 6
Epoch  12  Train Loss 11.9425 99.82%
Epoch  12:  Dev 0.5785535573959351
patience: 5 / 6
Epoch  13  Train Loss 12.3351 99.83%
Epoch  13:  Dev 0.612813413143158
patience: 6 / 6
setting train exemplar for learned classes
torch.Size([260, 2048])
BEST DEV 1: 0.6229507923126221
BEST TEST 1: 0.5249537825584412
torch.Size([260, 2048])
Epoch   1  Train Loss 9.3431 97.22%
Epoch   1:  Dev 0.6590538620948792
Epoch   1: Test 0.6239168643951416
patience: 0 / 6
Epoch   2  Train Loss 11.0287 99.49%
Epoch   2:  Dev 0.6558441519737244
patience: 1 / 6
Epoch   3  Train Loss 11.7037 99.54%
Epoch   3:  Dev 0.6677852272987366
Epoch   3: Test 0.6459627747535706
patience: 0 / 6
Epoch   4  Train Loss 12.5705 99.59%
Epoch   4:  Dev 0.6779088973999023
Epoch   4: Test 0.640522837638855
patience: 0 / 6
Epoch   5  Train Loss 13.3699 99.63%
Epoch   5:  Dev 0.6677471399307251
patience: 1 / 6
Epoch   6  Train Loss 14.0373 99.64%
Epoch   6:  Dev 0.6768707633018494
patience: 2 / 6
Epoch   7  Train Loss 14.4459 99.67%
Epoch   7:  Dev 0.6382979154586792
patience: 3 / 6
Epoch   8  Train Loss 14.8780 99.69%
Epoch   8:  Dev 0.6833332777023315
Epoch   8: Test 0.652914822101593
patience: 0 / 6
Epoch   9  Train Loss 15.3141 99.71%
Epoch   9:  Dev 0.6601941585540771
patience: 1 / 6
Epoch  10  Train Loss 15.7457 99.72%
Epoch  10:  Dev 0.6734347939491272
patience: 2 / 6
Epoch  11  Train Loss 16.2003 99.74%
Epoch  11:  Dev 0.6712802648544312
patience: 3 / 6
Epoch  12  Train Loss 16.5542 99.75%
Epoch  12:  Dev 0.6612378358840942
patience: 4 / 6
Epoch  13  Train Loss 16.5501 99.77%
Epoch  13:  Dev 0.6722688674926758
patience: 5 / 6
Epoch  14  Train Loss 16.6585 99.77%
Epoch  14:  Dev 0.6598985195159912
patience: 6 / 6
setting train exemplar for learned classes
torch.Size([360, 2048])
BEST DEV 2: 0.6833332777023315
BEST TEST 2: 0.652914822101593
torch.Size([360, 2048])
Epoch   1  Train Loss 12.0946 98.01%
Epoch   1:  Dev 0.6706231236457825
Epoch   1: Test 0.6553505659103394
patience: 0 / 6
Epoch   2  Train Loss 13.7525 99.64%
Epoch   2:  Dev 0.6422019004821777
patience: 1 / 6
Epoch   3  Train Loss 14.2623 99.68%
Epoch   3:  Dev 0.6419019103050232
patience: 2 / 6
Epoch   4  Train Loss 15.2340 99.71%
Epoch   4:  Dev 0.6536731123924255
patience: 3 / 6
Epoch   5  Train Loss 15.7799 99.72%
Epoch   5:  Dev 0.6457398533821106
patience: 4 / 6
Epoch   6  Train Loss 16.2713 99.74%
Epoch   6:  Dev 0.6492307186126709
patience: 5 / 6
Epoch   7  Train Loss 16.8551 99.75%
Epoch   7:  Dev 0.6666666865348816
patience: 6 / 6
setting train exemplar for learned classes
torch.Size([480, 2048])
BEST DEV 3: 0.6706231236457825
BEST TEST 3: 0.6553505659103394
torch.Size([480, 2048])
Epoch   1  Train Loss 10.0389 97.40%
Epoch   1:  Dev 0.5775076150894165
Epoch   1: Test 0.6309226751327515
patience: 0 / 6
Epoch   2  Train Loss 11.2063 99.61%
Epoch   2:  Dev 0.610988974571228
Epoch   2: Test 0.6360655426979065
patience: 0 / 6
Epoch   3  Train Loss 11.9045 99.66%
Epoch   3:  Dev 0.6205357313156128
Epoch   3: Test 0.6406869292259216
patience: 0 / 6
Epoch   4  Train Loss 12.4633 99.70%
Epoch   4:  Dev 0.6261062026023865
Epoch   4: Test 0.6420912146568298
patience: 0 / 6
Epoch   5  Train Loss 12.8671 99.71%
Epoch   5:  Dev 0.6303161978721619
Epoch   5: Test 0.63722825050354
patience: 0 / 6
Epoch   6  Train Loss 13.4288 99.73%
Epoch   6:  Dev 0.6323851346969604
Epoch   6: Test 0.6481732130050659
patience: 0 / 6
Epoch   7  Train Loss 13.8027 99.75%
Epoch   7:  Dev 0.6265060305595398
patience: 1 / 6
Epoch   8  Train Loss 14.1337 99.77%
Epoch   8:  Dev 0.6312217712402344
patience: 2 / 6
Epoch   9  Train Loss 14.4211 99.78%
Epoch   9:  Dev 0.6370699405670166
Epoch   9: Test 0.6403270363807678
patience: 0 / 6
Epoch  10  Train Loss 14.6491 99.79%
Epoch  10:  Dev 0.6267682313919067
patience: 1 / 6
Epoch  11  Train Loss 14.8942 99.80%
Epoch  11:  Dev 0.6063157916069031
patience: 2 / 6
Epoch  12  Train Loss 15.0823 99.81%
Epoch  12:  Dev 0.6291390657424927
patience: 3 / 6
Epoch  13  Train Loss 15.2122 99.82%
Epoch  13:  Dev 0.6172042489051819
patience: 4 / 6
Epoch  14  Train Loss 15.6326 99.82%
Epoch  14:  Dev 0.6088795065879822
patience: 5 / 6
Epoch  15  Train Loss 15.7868 99.83%
Epoch  15:  Dev 0.6209149956703186
patience: 6 / 6
setting train exemplar for learned classes
torch.Size([660, 2048])
BEST DEV 4: 0.6370699405670166
BEST TEST 4: 0.6403270363807678
