Dump name space
results/maven/NashMTL_woLMH_woSAM_narate-4_cluster-4_gen-20/perm_1/options.json
Dump name space
results/maven/NashMTL_woLMH_woSAM_narate-4_cluster-4_gen-20/perm_1/options.json
Dump name space
results/maven/NashMTL_woLMH_woSAM_narate-4_cluster-4_gen-20/perm_1/options.json
Dump name space
results/maven/NashMTL_woLMH_woSAM_narate-4_cluster-4_gen-20/perm_1/options.json
Dump name space
results/maven/NashMTL_woLMH_woSAM_narate-4_cluster-4_gen-20/perm_1/options.json
[[151, 16, 3, 70, 106, 141, 68, 31, 79, 101, 166, 167, 94, 21, 51, 7, 73, 145, 2, 124, 159, 61, 41, 142, 126, 144, 55, 168, 29, 11, 24, 0], [157, 18, 114, 92, 67, 153, 80, 115, 78, 154, 27, 5, 69, 117, 44, 83, 155, 40, 45, 139, 137, 14, 138, 119, 74, 150, 59, 54, 28, 9, 140, 37, 107, 76, 47, 0], [147, 48, 84, 39, 53, 23, 109, 22, 77, 62, 93, 143, 89, 8, 71, 85, 63, 97, 65, 103, 113, 112, 123, 152, 88, 98, 72, 42, 60, 133, 128, 116, 15, 111, 136, 162, 129, 132, 6, 0], [46, 36, 17, 13, 12, 20, 25, 49, 169, 148, 87, 56, 95, 81, 58, 57, 161, 64, 163, 82, 43, 125, 35, 96, 156, 100, 66, 30, 50, 120, 0], [134, 99, 105, 91, 52, 19, 135, 122, 127, 102, 108, 104, 110, 38, 118, 121, 160, 26, 34, 33, 158, 130, 165, 86, 149, 146, 164, 4, 131, 75, 90, 10, 32, 0]]
True
train loader and exclude loader:  0
Original len train instances: 347788
train loader and exclude loader:  1
Original len train instances: 333221
train loader and exclude loader:  2
Original len train instances: 319808
train loader and exclude loader:  3
Original len train instances: 305370
train loader and exclude loader:  4
Original len train instances: 293078
Original len dev instances: 57198
Original len test instances: 98603
create basgMTL 4
False True
Epoch   1  Train Loss 0.4220 80.99%
Epoch   1:  Dev 0.570579469203949
Epoch   1: Test 0.5555333495140076
patience: 0 / 5
Epoch   2  Train Loss 0.2489 82.03%
Epoch   2:  Dev 0.5912054777145386
Epoch   2: Test 0.5731508135795593
patience: 0 / 5
Epoch   3  Train Loss 0.2148 82.17%
Epoch   3:  Dev 0.611293375492096
Epoch   3: Test 0.5967775583267212
patience: 0 / 5
Epoch   4  Train Loss 0.1912 82.32%
Epoch   4:  Dev 0.6111205816268921
patience: 1 / 5
Epoch   5  Train Loss 0.1707 82.44%
Epoch   5:  Dev 0.6218072175979614
Epoch   5: Test 0.5986335873603821
patience: 0 / 5
Epoch   6  Train Loss 0.1529 82.56%
Epoch   6:  Dev 0.6257022619247437
Epoch   6: Test 0.6058980822563171
patience: 0 / 5
Epoch   7  Train Loss 0.1378 82.68%
Epoch   7:  Dev 0.6241010427474976
patience: 1 / 5
Epoch   8  Train Loss 0.1249 82.82%
Epoch   8:  Dev 0.621209442615509
patience: 2 / 5
Epoch   9  Train Loss 0.1123 82.96%
Epoch   9:  Dev 0.6064776182174683
patience: 3 / 5
Epoch  10  Train Loss 0.1012 83.08%
Epoch  10:  Dev 0.6305490732192993
Epoch  10: Test 0.601043164730072
patience: 0 / 5
Epoch  11  Train Loss 0.0923 83.19%
Epoch  11:  Dev 0.6126126646995544
patience: 1 / 5
Epoch  12  Train Loss 0.0851 83.28%
Epoch  12:  Dev 0.6184486746788025
patience: 2 / 5
Epoch  13  Train Loss 0.0793 83.36%
Epoch  13:  Dev 0.633871853351593
Epoch  13: Test 0.6056070327758789
patience: 0 / 5
Epoch  14  Train Loss 0.0741 83.44%
Epoch  14:  Dev 0.6300312280654907
patience: 1 / 5
Epoch  15  Train Loss 0.0682 83.55%
Epoch  15:  Dev 0.6171750426292419
patience: 2 / 5
setting train exemplar for learned classes
torch.Size([620, 2048])
BEST DEV 0: 0.633871853351593
BEST TEST 0: 0.6056070327758789
torch.Size([620, 2048])
Epoch   1  Train Loss 5.9851 94.03%
Epoch   1:  Dev 0.5768627524375916
Epoch   1: Test 0.5686434507369995
patience: 0 / 5
Epoch   2  Train Loss 5.6843 94.94%
Epoch   2:  Dev 0.5860512256622314
Epoch   2: Test 0.5833033919334412
patience: 0 / 5
Epoch   3  Train Loss 5.6111 95.37%
Epoch   3:  Dev 0.5795918703079224
patience: 1 / 5
Epoch   4  Train Loss 5.5686 95.65%
Epoch   4:  Dev 0.5891079306602478
Epoch   4: Test 0.6014285087585449
patience: 0 / 5
Epoch   5  Train Loss 5.5391 95.87%
Epoch   5:  Dev 0.5833501219749451
patience: 1 / 5
Epoch   6  Train Loss 5.5117 96.09%
Epoch   6:  Dev 0.5784937143325806
patience: 2 / 5
Epoch   7  Train Loss 5.4924 96.22%
Epoch   7:  Dev 0.5807827711105347
patience: 3 / 5
Epoch   8  Train Loss 5.4752 96.46%
Epoch   8:  Dev 0.5860920548439026
patience: 4 / 5
Epoch   9  Train Loss 5.4604 96.63%
Epoch   9:  Dev 0.5800164341926575
patience: 5 / 5
setting train exemplar for learned classes
torch.Size([1320, 2048])
BEST DEV 1: 0.5891079306602478
BEST TEST 1: 0.6014285087585449
torch.Size([1320, 2048])
Epoch   1  Train Loss 6.0427 93.11%
Epoch   1:  Dev 0.580322265625
Epoch   1: Test 0.591824471950531
patience: 0 / 5
Epoch   2  Train Loss 5.7453 94.47%
Epoch   2:  Dev 0.5915240049362183
Epoch   2: Test 0.6008303165435791
patience: 0 / 5
Epoch   3  Train Loss 5.6747 94.92%
Epoch   3:  Dev 0.5890733003616333
patience: 1 / 5
Epoch   4  Train Loss 5.6305 95.22%
Epoch   4:  Dev 0.5916773080825806
Epoch   4: Test 0.6001740097999573
patience: 0 / 5
Epoch   5  Train Loss 5.5997 95.47%
Epoch   5:  Dev 0.5914096832275391
patience: 1 / 5
Epoch   6  Train Loss 5.5735 95.66%
Epoch   6:  Dev 0.5926942229270935
Epoch   6: Test 0.5979451537132263
patience: 0 / 5
Epoch   7  Train Loss 5.5522 95.88%
Epoch   7:  Dev 0.5874320864677429
patience: 1 / 5
Epoch   8  Train Loss 5.5349 96.07%
Epoch   8:  Dev 0.5831809639930725
patience: 2 / 5
Epoch   9  Train Loss 5.5175 96.22%
Epoch   9:  Dev 0.5869887471199036
patience: 3 / 5
Epoch  10  Train Loss 5.5059 96.40%
Epoch  10:  Dev 0.5862094163894653
patience: 4 / 5
Epoch  11  Train Loss 5.4978 96.51%
Epoch  11:  Dev 0.588824987411499
patience: 5 / 5
setting train exemplar for learned classes
torch.Size([2100, 2048])
BEST DEV 2: 0.5926942229270935
BEST TEST 2: 0.5979451537132263
torch.Size([2100, 2048])
Epoch   1  Train Loss 6.7317 93.42%
Epoch   1:  Dev 0.5648981928825378
Epoch   1: Test 0.5738583207130432
patience: 0 / 5
Epoch   2  Train Loss 6.4411 94.74%
Epoch   2:  Dev 0.5681561827659607
Epoch   2: Test 0.5762276649475098
patience: 0 / 5
Epoch   3  Train Loss 6.3766 95.09%
Epoch   3:  Dev 0.5746760964393616
Epoch   3: Test 0.58225417137146
patience: 0 / 5
Epoch   4  Train Loss 6.3365 95.36%
Epoch   4:  Dev 0.56922447681427
patience: 1 / 5
Epoch   5  Train Loss 6.3046 95.56%
Epoch   5:  Dev 0.5674510598182678
patience: 2 / 5
Epoch   6  Train Loss 6.2840 95.74%
Epoch   6:  Dev 0.571325421333313
patience: 3 / 5
Epoch   7  Train Loss 6.2651 95.96%
Epoch   7:  Dev 0.5660881996154785
patience: 4 / 5
Epoch   8  Train Loss 6.2500 96.11%
Epoch   8:  Dev 0.5654468536376953
patience: 5 / 5
setting train exemplar for learned classes
torch.Size([2700, 2048])
BEST DEV 3: 0.5746760964393616
BEST TEST 3: 0.58225417137146
torch.Size([2700, 2048])
Epoch   1  Train Loss 7.6409 93.18%
Epoch   1:  Dev 0.5733187198638916
Epoch   1: Test 0.5839480757713318
patience: 0 / 5
Epoch   2  Train Loss 7.3068 94.86%
Epoch   2:  Dev 0.5767844319343567
Epoch   2: Test 0.5841957330703735
patience: 0 / 5
Epoch   3  Train Loss 7.2388 95.19%
Epoch   3:  Dev 0.5616971850395203
patience: 1 / 5
Epoch   4  Train Loss 7.1951 95.44%
Epoch   4:  Dev 0.5693053007125854
patience: 2 / 5
Epoch   5  Train Loss 7.1623 95.65%
Epoch   5:  Dev 0.5657109022140503
patience: 3 / 5
Epoch   6  Train Loss 7.1381 95.85%
Epoch   6:  Dev 0.561358630657196
patience: 4 / 5
Epoch   7  Train Loss 7.1183 95.97%
Epoch   7:  Dev 0.5643490552902222
patience: 5 / 5
setting train exemplar for learned classes
torch.Size([3360, 2048])
BEST DEV 4: 0.5767844319343567
BEST TEST 4: 0.5841957330703735
