Dump name space
results/ace/NashMTL_narate-10_cluster-8_gen-20/perm_0/options.json
Dump name space
results/ace/NashMTL_narate-10_cluster-8_gen-20/perm_0/options.json
Dump name space
results/ace/NashMTL_narate-10_cluster-8_gen-20/perm_0/options.json
Dump name space
results/ace/NashMTL_narate-10_cluster-8_gen-20/perm_0/options.json
[[188, 199, 184, 194, 189, 190, 178, 186, 197, 0], [191, 187, 195, 171, 174, 179, 0], [201, 183, 193, 172, 175, 0], [200, 180, 173, 198, 177, 0], [196, 181, 182, 202, 185, 176, 170, 192, 0]]
False
train loader and exclude loader:  0
Original len train instances: 265115
train loader and exclude loader:  1
Original len train instances: 264531
train loader and exclude loader:  2
Original len train instances: 263692
train loader and exclude loader:  3
Original len train instances: 262358
train loader and exclude loader:  4
Original len train instances: 261639
Original len dev instances: 54053
Original len test instances: 93949
create basgMTL 4
False True
Epoch   1  Train Loss 0.2253 98.84%
Epoch   1:  Dev 0.3173277676105499
Epoch   1: Test 0.4097859263420105
patience: 0 / 6
Epoch   2  Train Loss 0.0748 99.28%
Epoch   2:  Dev 0.29885056614875793
patience: 1 / 6
Epoch   3  Train Loss 0.0486 99.34%
Epoch   3:  Dev 0.27285516262054443
patience: 2 / 6
Epoch   4  Train Loss 0.0313 99.48%
Epoch   4:  Dev 0.40692639350891113
Epoch   4: Test 0.49849849939346313
patience: 0 / 6
Epoch   5  Train Loss 0.0250 99.52%
Epoch   5:  Dev 0.375
patience: 1 / 6
Epoch   6  Train Loss 0.0193 99.61%
Epoch   6:  Dev 0.4008350372314453
patience: 2 / 6
Epoch   7  Train Loss 0.0169 99.64%
Epoch   7:  Dev 0.4677419364452362
Epoch   7: Test 0.636363685131073
patience: 0 / 6
Epoch   8  Train Loss 0.0149 99.68%
Epoch   8:  Dev 0.46073299646377563
patience: 1 / 6
Epoch   9  Train Loss 0.0142 99.71%
Epoch   9:  Dev 0.4229075014591217
patience: 2 / 6
Epoch  10  Train Loss 0.0122 99.76%
Epoch  10:  Dev 0.4561403691768646
patience: 3 / 6
Epoch  11  Train Loss 0.0116 99.77%
Epoch  11:  Dev 0.3604651391506195
patience: 4 / 6
Epoch  12  Train Loss 0.0107 99.79%
Epoch  12:  Dev 0.44736844301223755
patience: 5 / 6
Epoch  13  Train Loss 0.0101 99.80%
Epoch  13:  Dev 0.4635416567325592
patience: 6 / 6
setting train exemplar for learned classes
torch.Size([180, 2048])
BEST DEV 0: 0.4677419364452362
BEST TEST 0: 0.636363685131073
torch.Size([180, 2048])
Epoch   1  Train Loss 3.1950 98.49%
Epoch   1:  Dev 0.44360899925231934
Epoch   1: Test 0.5508981943130493
patience: 0 / 6
Epoch   2  Train Loss 3.0709 99.32%
Epoch   2:  Dev 0.42782607674598694
patience: 1 / 6
Epoch   3  Train Loss 3.0393 99.37%
Epoch   3:  Dev 0.5042372941970825
Epoch   3: Test 0.5870967507362366
patience: 0 / 6
Epoch   4  Train Loss 3.0222 99.44%
Epoch   4:  Dev 0.5105485320091248
Epoch   4: Test 0.5798044800758362
patience: 0 / 6
Epoch   5  Train Loss 3.0130 99.47%
Epoch   5:  Dev 0.48780491948127747
patience: 1 / 6
Epoch   6  Train Loss 3.0021 99.51%
Epoch   6:  Dev 0.5277161598205566
Epoch   6: Test 0.6228373646736145
patience: 0 / 6
Epoch   7  Train Loss 2.9914 99.56%
Epoch   7:  Dev 0.5052631497383118
patience: 1 / 6
Epoch   8  Train Loss 2.9709 99.61%
Epoch   8:  Dev 0.5099778175354004
patience: 2 / 6
Epoch   9  Train Loss 2.9827 99.62%
Epoch   9:  Dev 0.5086206793785095
patience: 3 / 6
Epoch  10  Train Loss 2.9676 99.66%
Epoch  10:  Dev 0.5152838826179504
patience: 4 / 6
Epoch  11  Train Loss 2.9642 99.69%
Epoch  11:  Dev 0.5169491171836853
patience: 5 / 6
Epoch  12  Train Loss 2.9650 99.70%
Epoch  12:  Dev 0.5086206793785095
patience: 6 / 6
setting train exemplar for learned classes
torch.Size([300, 2048])
BEST DEV 1: 0.5277161598205566
BEST TEST 1: 0.6228373646736145
torch.Size([300, 2048])
Epoch   1  Train Loss 3.0339 96.11%
Epoch   1:  Dev 0.5684484243392944
Epoch   1: Test 0.6504701972007751
patience: 0 / 6
Epoch   2  Train Loss 2.7913 99.10%
Epoch   2:  Dev 0.520581066608429
patience: 1 / 6
Epoch   3  Train Loss 2.7658 99.21%
Epoch   3:  Dev 0.5592783689498901
patience: 2 / 6
Epoch   4  Train Loss 2.7506 99.31%
Epoch   4:  Dev 0.5721997022628784
Epoch   4: Test 0.6494296193122864
patience: 0 / 6
Epoch   5  Train Loss 2.7408 99.38%
Epoch   5:  Dev 0.5321992635726929
patience: 1 / 6
Epoch   6  Train Loss 2.7344 99.44%
Epoch   6:  Dev 0.5710526704788208
patience: 2 / 6
Epoch   7  Train Loss 2.7252 99.51%
Epoch   7:  Dev 0.58423912525177
Epoch   7: Test 0.6614173650741577
patience: 0 / 6
Epoch   8  Train Loss 2.7243 99.55%
Epoch   8:  Dev 0.6068376302719116
Epoch   8: Test 0.6765189170837402
patience: 0 / 6
Epoch   9  Train Loss 2.7215 99.57%
Epoch   9:  Dev 0.5759999752044678
patience: 1 / 6
Epoch  10  Train Loss 2.7175 99.60%
Epoch  10:  Dev 0.607299268245697
Epoch  10: Test 0.6976351141929626
patience: 0 / 6
Epoch  11  Train Loss 2.7123 99.66%
Epoch  11:  Dev 0.5972222089767456
patience: 1 / 6
Epoch  12  Train Loss 2.7123 99.66%
Epoch  12:  Dev 0.6088235378265381
Epoch  12: Test 0.6970739960670471
patience: 0 / 6
Epoch  13  Train Loss 2.7100 99.68%
Epoch  13:  Dev 0.601123571395874
patience: 1 / 6
Epoch  14  Train Loss 2.7103 99.70%
Epoch  14:  Dev 0.5969316363334656
patience: 2 / 6
Epoch  15  Train Loss 2.7072 99.73%
Epoch  15:  Dev 0.6061493158340454
patience: 3 / 6
Epoch  16  Train Loss 2.7032 99.73%
Epoch  16:  Dev 0.5913528800010681
patience: 4 / 6
Epoch  17  Train Loss 2.7042 99.74%
Epoch  17:  Dev 0.5888888835906982
patience: 5 / 6
Epoch  18  Train Loss 2.7028 99.75%
Epoch  18:  Dev 0.6089466214179993
Epoch  18: Test 0.6788685917854309
patience: 0 / 6
Epoch  19  Train Loss 2.6988 99.76%
Epoch  19:  Dev 0.6126657128334045
Epoch  19: Test 0.695652186870575
patience: 0 / 6
Epoch  20  Train Loss 2.7049 99.78%
Epoch  20:  Dev 0.6034985184669495
patience: 1 / 6
Epoch  21  Train Loss 2.7006 99.78%
Epoch  21:  Dev 0.6008707880973816
patience: 2 / 6
Epoch  22  Train Loss 2.6966 99.78%
Epoch  22:  Dev 0.604651153087616
patience: 3 / 6
Epoch  23  Train Loss 2.6995 99.79%
Epoch  23:  Dev 0.6058823466300964
patience: 4 / 6
Epoch  24  Train Loss 2.6995 99.81%
Epoch  24:  Dev 0.6088280081748962
patience: 5 / 6
Epoch  25  Train Loss 2.6996 99.80%
Epoch  25:  Dev 0.600566565990448
patience: 6 / 6
setting train exemplar for learned classes
torch.Size([400, 2048])
BEST DEV 2: 0.6126657128334045
BEST TEST 2: 0.695652186870575
torch.Size([400, 2048])
Epoch   1  Train Loss 3.2142 96.82%
Epoch   1:  Dev 0.5774499773979187
Epoch   1: Test 0.613592267036438
patience: 0 / 6
Epoch   2  Train Loss 2.9588 99.23%
Epoch   2:  Dev 0.5660377144813538
patience: 1 / 6
Epoch   3  Train Loss 2.9379 99.33%
Epoch   3:  Dev 0.5443668961524963
patience: 2 / 6
Epoch   4  Train Loss 2.9244 99.42%
Epoch   4:  Dev 0.5666317343711853
patience: 3 / 6
Epoch   5  Train Loss 2.9117 99.48%
Epoch   5:  Dev 0.6100918054580688
Epoch   5: Test 0.6522367000579834
patience: 0 / 6
Epoch   6  Train Loss 2.9018 99.56%
Epoch   6:  Dev 0.6166471242904663
Epoch   6: Test 0.6424944996833801
patience: 0 / 6
Epoch   7  Train Loss 2.8953 99.62%
Epoch   7:  Dev 0.5618944764137268
patience: 1 / 6
Epoch   8  Train Loss 2.8919 99.65%
Epoch   8:  Dev 0.6177884936332703
Epoch   8: Test 0.6506199836730957
patience: 0 / 6
Epoch   9  Train Loss 2.8896 99.71%
Epoch   9:  Dev 0.58918297290802
patience: 1 / 6
Epoch  10  Train Loss 2.8892 99.72%
Epoch  10:  Dev 0.5983313322067261
patience: 2 / 6
Epoch  11  Train Loss 2.8869 99.75%
Epoch  11:  Dev 0.6081730723381042
patience: 3 / 6
Epoch  12  Train Loss 2.8830 99.78%
Epoch  12:  Dev 0.5523385405540466
patience: 4 / 6
Epoch  13  Train Loss 2.8846 99.79%
Epoch  13:  Dev 0.6149936318397522
patience: 5 / 6
Epoch  14  Train Loss 2.8822 99.79%
Epoch  14:  Dev 0.5874285697937012
patience: 6 / 6
setting train exemplar for learned classes
torch.Size([500, 2048])
BEST DEV 3: 0.6177884936332703
BEST TEST 3: 0.6506199836730957
torch.Size([500, 2048])
Epoch   1  Train Loss 3.8403 94.60%
Epoch   1:  Dev 0.586493968963623
Epoch   1: Test 0.6142191290855408
patience: 0 / 6
Epoch   2  Train Loss 3.2893 99.40%
Epoch   2:  Dev 0.6091173887252808
Epoch   2: Test 0.6285713911056519
patience: 0 / 6
Epoch   3  Train Loss 3.2587 99.49%
Epoch   3:  Dev 0.5768880844116211
patience: 1 / 6
Epoch   4  Train Loss 3.2336 99.54%
Epoch   4:  Dev 0.6141414046287537
Epoch   4: Test 0.6284257769584656
patience: 0 / 6
Epoch   5  Train Loss 3.2176 99.59%
Epoch   5:  Dev 0.5980392098426819
patience: 1 / 6
Epoch   6  Train Loss 3.2050 99.66%
Epoch   6:  Dev 0.6188524961471558
Epoch   6: Test 0.6182518601417542
patience: 0 / 6
Epoch   7  Train Loss 3.1978 99.70%
Epoch   7:  Dev 0.605522632598877
patience: 1 / 6
Epoch   8  Train Loss 3.1914 99.73%
Epoch   8:  Dev 0.6276595592498779
Epoch   8: Test 0.6074950695037842
patience: 0 / 6
Epoch   9  Train Loss 3.1880 99.76%
Epoch   9:  Dev 0.6272066235542297
patience: 1 / 6
Epoch  10  Train Loss 3.1881 99.79%
Epoch  10:  Dev 0.6358753442764282
Epoch  10: Test 0.6239144802093506
patience: 0 / 6
Epoch  11  Train Loss 3.1854 99.80%
Epoch  11:  Dev 0.6189473867416382
patience: 1 / 6
Epoch  12  Train Loss 3.1838 99.81%
Epoch  12:  Dev 0.6243386268615723
patience: 2 / 6
Epoch  13  Train Loss 3.1819 99.81%
Epoch  13:  Dev 0.6352683305740356
patience: 3 / 6
Epoch  14  Train Loss 3.1799 99.83%
Epoch  14:  Dev 0.6279329657554626
patience: 4 / 6
Epoch  15  Train Loss 3.1750 99.84%
Epoch  15:  Dev 0.6272825002670288
patience: 5 / 6
Epoch  16  Train Loss 3.1749 99.85%
Epoch  16:  Dev 0.6338798403739929
patience: 6 / 6
setting train exemplar for learned classes
torch.Size([660, 2048])
BEST DEV 4: 0.6358753442764282
BEST TEST 4: 0.6239144802093506
