Dump name space
results/ace/NashMTL_kl_narate-40_cluster-4_gen-10_lm_temp-2_class_alpha-0.2/perm_1/options.json
Dump name space
results/ace/NashMTL_kl_narate-40_cluster-4_gen-10_lm_temp-2_class_alpha-0.2/perm_1/options.json
Dump name space
results/ace/NashMTL_kl_narate-40_cluster-4_gen-10_lm_temp-2_class_alpha-0.2/perm_1/options.json
Dump name space
results/ace/NashMTL_kl_narate-40_cluster-4_gen-10_lm_temp-2_class_alpha-0.2/perm_1/options.json
Dump name space
results/ace/NashMTL_kl_narate-40_cluster-4_gen-10_lm_temp-2_class_alpha-0.2/perm_1/options.json
[[196, 181, 182, 202, 185, 176, 170, 192, 0], [200, 180, 173, 198, 177, 0], [201, 183, 193, 172, 175, 0], [191, 187, 195, 171, 174, 179, 0], [188, 199, 184, 194, 189, 190, 178, 186, 197, 0]]
False
train loader and exclude loader:  0
Original len train instances: 265115
train loader and exclude loader:  1
Original len train instances: 264503
train loader and exclude loader:  2
Original len train instances: 263784
train loader and exclude loader:  3
Original len train instances: 262450
train loader and exclude loader:  4
Original len train instances: 261611
Original len dev instances: 54053
Original len test instances: 93949
create basgMTL 4
False True
Epoch   1  Train Loss 0.1290 99.21%
Epoch   1:  Dev 0.4131147563457489
Epoch   1: Test 0.4294736981391907
patience: 0 / 6
Epoch   2  Train Loss 0.0370 99.56%
Epoch   2:  Dev 0.43918919563293457
Epoch   2: Test 0.4516129493713379
patience: 0 / 6
Epoch   3  Train Loss 0.0281 99.58%
Epoch   3:  Dev 0.5535714030265808
Epoch   3: Test 0.5052631497383118
patience: 0 / 6
Epoch   4  Train Loss 0.0218 99.64%
Epoch   4:  Dev 0.5846154093742371
Epoch   4: Test 0.5100286602973938
patience: 0 / 6
Epoch   5  Train Loss 0.0177 99.70%
Epoch   5:  Dev 0.47058823704719543
patience: 1 / 6
Epoch   6  Train Loss 0.0139 99.75%
Epoch   6:  Dev 0.5806452035903931
patience: 2 / 6
Epoch   7  Train Loss 0.0119 99.78%
Epoch   7:  Dev 0.6195652484893799
Epoch   7: Test 0.5137614607810974
patience: 0 / 6
Epoch   8  Train Loss 0.0098 99.80%
Epoch   8:  Dev 0.5686274170875549
patience: 1 / 6
Epoch   9  Train Loss 0.0092 99.81%
Epoch   9:  Dev 0.5933014154434204
patience: 2 / 6
Epoch  10  Train Loss 0.0076 99.85%
Epoch  10:  Dev 0.5989847779273987
patience: 3 / 6
Epoch  11  Train Loss 0.0067 99.86%
Epoch  11:  Dev 0.5561497211456299
patience: 4 / 6
Epoch  12  Train Loss 0.0057 99.88%
Epoch  12:  Dev 0.5769230723381042
patience: 5 / 6
Epoch  13  Train Loss 0.0053 99.89%
Epoch  13:  Dev 0.6170212626457214
patience: 6 / 6
setting train exemplar for learned classes
torch.Size([160, 2048])
BEST DEV 0: 0.6195652484893799
BEST TEST 0: 0.5137614607810974
torch.Size([160, 2048])
Epoch   1  Train Loss 3.4351 97.83%
Epoch   1:  Dev 0.5111562013626099
Epoch   1: Test 0.4736129641532898
patience: 0 / 6
Epoch   2  Train Loss 3.3018 99.30%
Epoch   2:  Dev 0.5357872843742371
Epoch   2: Test 0.4702702760696411
patience: 0 / 6
Epoch   3  Train Loss 3.2837 99.39%
Epoch   3:  Dev 0.570155918598175
Epoch   3: Test 0.46844321489334106
patience: 0 / 6
Epoch   4  Train Loss 3.2743 99.47%
Epoch   4:  Dev 0.5248509049415588
patience: 1 / 6
Epoch   5  Train Loss 3.2659 99.51%
Epoch   5:  Dev 0.5344129800796509
patience: 2 / 6
Epoch   6  Train Loss 3.2677 99.58%
Epoch   6:  Dev 0.6043165326118469
Epoch   6: Test 0.4992000162601471
patience: 0 / 6
Epoch   7  Train Loss 3.2580 99.63%
Epoch   7:  Dev 0.5762711763381958
patience: 1 / 6
Epoch   8  Train Loss 3.2581 99.66%
Epoch   8:  Dev 0.5833333134651184
patience: 2 / 6
Epoch   9  Train Loss 3.2543 99.72%
Epoch   9:  Dev 0.5843828320503235
patience: 3 / 6
Epoch  10  Train Loss 3.2521 99.74%
Epoch  10:  Dev 0.5542725324630737
patience: 4 / 6
Epoch  11  Train Loss 3.2499 99.76%
Epoch  11:  Dev 0.55474454164505
patience: 5 / 6
Epoch  12  Train Loss 3.2455 99.79%
Epoch  12:  Dev 0.560606062412262
patience: 6 / 6
setting train exemplar for learned classes
torch.Size([260, 2048])
BEST DEV 1: 0.6043165326118469
BEST TEST 1: 0.4992000162601471
torch.Size([260, 2048])
Epoch   1  Train Loss 3.0986 98.01%
Epoch   1:  Dev 0.5857740044593811
Epoch   1: Test 0.5815176367759705
patience: 0 / 6
Epoch   2  Train Loss 3.0071 99.31%
Epoch   2:  Dev 0.6207906007766724
Epoch   2: Test 0.6120219230651855
patience: 0 / 6
Epoch   3  Train Loss 2.9982 99.40%
Epoch   3:  Dev 0.6563467383384705
Epoch   3: Test 0.6266233921051025
patience: 0 / 6
Epoch   4  Train Loss 2.9950 99.48%
Epoch   4:  Dev 0.6615146994590759
Epoch   4: Test 0.6219311952590942
patience: 0 / 6
Epoch   5  Train Loss 2.9884 99.52%
Epoch   5:  Dev 0.6472392678260803
patience: 1 / 6
Epoch   6  Train Loss 2.9848 99.56%
Epoch   6:  Dev 0.64371258020401
patience: 2 / 6
Epoch   7  Train Loss 2.9795 99.61%
Epoch   7:  Dev 0.6446776986122131
patience: 3 / 6
Epoch   8  Train Loss 2.9809 99.63%
Epoch   8:  Dev 0.636904776096344
patience: 4 / 6
Epoch   9  Train Loss 2.9742 99.65%
Epoch   9:  Dev 0.6729264855384827
Epoch   9: Test 0.6252073049545288
patience: 0 / 6
Epoch  10  Train Loss 2.9765 99.68%
Epoch  10:  Dev 0.6666666865348816
patience: 1 / 6
Epoch  11  Train Loss 2.9695 99.71%
Epoch  11:  Dev 0.6655844449996948
patience: 2 / 6
Epoch  12  Train Loss 2.9665 99.73%
Epoch  12:  Dev 0.6575757265090942
patience: 3 / 6
Epoch  13  Train Loss 2.9672 99.74%
Epoch  13:  Dev 0.6708464026451111
patience: 4 / 6
Epoch  14  Train Loss 2.9662 99.75%
Epoch  14:  Dev 0.6595419645309448
patience: 5 / 6
Epoch  15  Train Loss 2.9700 99.75%
Epoch  15:  Dev 0.6645569205284119
patience: 6 / 6
setting train exemplar for learned classes
torch.Size([360, 2048])
BEST DEV 2: 0.6729264855384827
BEST TEST 2: 0.6252073049545288
torch.Size([360, 2048])
Epoch   1  Train Loss 3.0556 97.89%
Epoch   1:  Dev 0.6441631317138672
Epoch   1: Test 0.6216968297958374
patience: 0 / 6
Epoch   2  Train Loss 2.9308 99.50%
Epoch   2:  Dev 0.6420454978942871
patience: 1 / 6
Epoch   3  Train Loss 2.9207 99.55%
Epoch   3:  Dev 0.6504992842674255
Epoch   3: Test 0.6270949840545654
patience: 0 / 6
Epoch   4  Train Loss 2.9136 99.59%
Epoch   4:  Dev 0.6458333134651184
patience: 1 / 6
Epoch   5  Train Loss 2.9071 99.64%
Epoch   5:  Dev 0.651785671710968
Epoch   5: Test 0.623115599155426
patience: 0 / 6
Epoch   6  Train Loss 2.9022 99.68%
Epoch   6:  Dev 0.6464646458625793
patience: 1 / 6
Epoch   7  Train Loss 2.8981 99.71%
Epoch   7:  Dev 0.6493507027626038
patience: 2 / 6
Epoch   8  Train Loss 2.8974 99.74%
Epoch   8:  Dev 0.6469719409942627
patience: 3 / 6
Epoch   9  Train Loss 2.8961 99.75%
Epoch   9:  Dev 0.6568046808242798
Epoch   9: Test 0.6266281008720398
patience: 0 / 6
Epoch  10  Train Loss 2.8935 99.77%
Epoch  10:  Dev 0.6617861986160278
Epoch  10: Test 0.6161473393440247
patience: 0 / 6
Epoch  11  Train Loss 2.8938 99.79%
Epoch  11:  Dev 0.6656805276870728
Epoch  11: Test 0.6292296648025513
patience: 0 / 6
Epoch  12  Train Loss 2.8918 99.80%
Epoch  12:  Dev 0.6533742547035217
patience: 1 / 6
Epoch  13  Train Loss 2.8927 99.81%
Epoch  13:  Dev 0.659476101398468
patience: 2 / 6
Epoch  14  Train Loss 2.8878 99.82%
Epoch  14:  Dev 0.6499999761581421
patience: 3 / 6
Epoch  15  Train Loss 2.8913 99.83%
Epoch  15:  Dev 0.6484017968177795
patience: 4 / 6
Epoch  16  Train Loss 2.8932 99.83%
Epoch  16:  Dev 0.6471495032310486
patience: 5 / 6
Epoch  17  Train Loss 2.8867 99.84%
Epoch  17:  Dev 0.6506747007369995
patience: 6 / 6
setting train exemplar for learned classes
torch.Size([480, 2048])
BEST DEV 3: 0.6656805276870728
BEST TEST 3: 0.6292296648025513
torch.Size([480, 2048])
Epoch   1  Train Loss 3.2463 97.27%
Epoch   1:  Dev 0.5565749406814575
Epoch   1: Test 0.5916399359703064
patience: 0 / 6
Epoch   2  Train Loss 3.0756 99.58%
Epoch   2:  Dev 0.5898990035057068
Epoch   2: Test 0.6059834361076355
patience: 0 / 6
Epoch   3  Train Loss 3.0609 99.62%
Epoch   3:  Dev 0.577551007270813
patience: 1 / 6
Epoch   4  Train Loss 3.0527 99.67%
Epoch   4:  Dev 0.5801216959953308
patience: 2 / 6
Epoch   5  Train Loss 3.0464 99.71%
Epoch   5:  Dev 0.6015368103981018
Epoch   5: Test 0.5907522439956665
patience: 0 / 6
Epoch   6  Train Loss 3.0415 99.75%
Epoch   6:  Dev 0.5862786173820496
patience: 1 / 6
Epoch   7  Train Loss 3.0401 99.77%
Epoch   7:  Dev 0.5805084109306335
patience: 2 / 6
Epoch   8  Train Loss 3.0381 99.79%
Epoch   8:  Dev 0.606521725654602
Epoch   8: Test 0.6124082803726196
patience: 0 / 6
Epoch   9  Train Loss 3.0354 99.81%
Epoch   9:  Dev 0.5974025726318359
patience: 1 / 6
Epoch  10  Train Loss 3.0320 99.81%
Epoch  10:  Dev 0.581108808517456
patience: 2 / 6
Epoch  11  Train Loss 3.0336 99.83%
Epoch  11:  Dev 0.5861344933509827
patience: 3 / 6
Epoch  12  Train Loss 3.0324 99.84%
Epoch  12:  Dev 0.5789473056793213
patience: 4 / 6
Epoch  13  Train Loss 3.0328 99.85%
Epoch  13:  Dev 0.6052060723304749
patience: 5 / 6
Epoch  14  Train Loss 3.0336 99.85%
Epoch  14:  Dev 0.5786694884300232
patience: 6 / 6
setting train exemplar for learned classes
torch.Size([660, 2048])
BEST DEV 4: 0.606521725654602
BEST TEST 4: 0.6124082803726196
