Dump name space
results/ace/FairGrad_KT_woSAM/perm_2/options.json
Dump name space
results/ace/FairGrad_KT_woSAM/perm_2/options.json
Dump name space
results/ace/FairGrad_KT_woSAM/perm_2/options.json
Dump name space
results/ace/FairGrad_KT_woSAM/perm_2/options.json
[[188, 199, 184, 194, 189, 190, 178, 186, 197, 0], [200, 180, 173, 198, 177, 0], [191, 187, 195, 171, 174, 179, 0], [196, 181, 182, 202, 185, 176, 170, 192, 0], [201, 183, 193, 172, 175, 0]]
False
train loader and exclude loader:  0
Original len train instances: 265115
train loader and exclude loader:  1
Original len train instances: 264531
train loader and exclude loader:  2
Original len train instances: 263812
train loader and exclude loader:  3
Original len train instances: 262973
train loader and exclude loader:  4
Original len train instances: 262361
Original len dev instances: 54053
Original len test instances: 93949
create basgMTL 4
False True
Epoch   1  Train Loss 0.1003 98.10%
Epoch   1:  Dev 0.5
Epoch   1: Test 0.5388128161430359
patience: 0 / 6
Epoch   2  Train Loss 0.0225 98.46%
Epoch   2:  Dev 0.4479999840259552
patience: 1 / 6
Epoch   3  Train Loss 0.0146 98.49%
Epoch   3:  Dev 0.4522612988948822
patience: 2 / 6
Epoch   4  Train Loss 0.0104 98.51%
Epoch   4:  Dev 0.5789473652839661
Epoch   4: Test 0.6418604850769043
patience: 0 / 6
Epoch   5  Train Loss 0.0082 98.54%
Epoch   5:  Dev 0.4603174328804016
patience: 1 / 6
Epoch   6  Train Loss 0.0063 98.56%
Epoch   6:  Dev 0.5329153537750244
patience: 2 / 6
Epoch   7  Train Loss 0.0056 98.57%
Epoch   7:  Dev 0.4853801131248474
patience: 3 / 6
Epoch   8  Train Loss 0.0052 98.57%
Epoch   8:  Dev 0.5307443737983704
patience: 4 / 6
Epoch   9  Train Loss 0.0046 98.59%
Epoch   9:  Dev 0.5320513248443604
patience: 5 / 6
Epoch  10  Train Loss 0.0041 98.60%
Epoch  10:  Dev 0.518750011920929
patience: 6 / 6
setting train exemplar for learned classes
torch.Size([180, 2048])
BEST DEV 0: 0.5789473652839661
BEST TEST 0: 0.6418604850769043
torch.Size([180, 2048])
Epoch   1  Train Loss 9.4302 99.17%
Epoch   1:  Dev 0.533073902130127
Epoch   1: Test 0.5852534770965576
patience: 0 / 6
Epoch   2  Train Loss 11.4329 99.68%
Epoch   2:  Dev 0.5431192517280579
Epoch   2: Test 0.5719920992851257
patience: 0 / 6
Epoch   3  Train Loss 12.2467 99.72%
Epoch   3:  Dev 0.5298507213592529
patience: 1 / 6
Epoch   4  Train Loss 13.2128 99.75%
Epoch   4:  Dev 0.5518591403961182
Epoch   4: Test 0.598214328289032
patience: 0 / 6
Epoch   5  Train Loss 13.7556 99.76%
Epoch   5:  Dev 0.5697445273399353
Epoch   5: Test 0.57081538438797
patience: 0 / 6
Epoch   6  Train Loss 14.5766 99.78%
Epoch   6:  Dev 0.5696969628334045
patience: 1 / 6
Epoch   7  Train Loss 15.6007 99.80%
Epoch   7:  Dev 0.5468451380729675
patience: 2 / 6
Epoch   8  Train Loss 16.1507 99.82%
Epoch   8:  Dev 0.5566218495368958
patience: 3 / 6
Epoch   9  Train Loss 16.6368 99.83%
Epoch   9:  Dev 0.5731707215309143
Epoch   9: Test 0.5584415793418884
patience: 0 / 6
Epoch  10  Train Loss 17.1127 99.85%
Epoch  10:  Dev 0.5524193644523621
patience: 1 / 6
Epoch  11  Train Loss 17.8496 99.86%
Epoch  11:  Dev 0.5494071245193481
patience: 2 / 6
Epoch  12  Train Loss 18.1181 99.86%
Epoch  12:  Dev 0.5646123290061951
patience: 3 / 6
Epoch  13  Train Loss 18.6523 99.87%
Epoch  13:  Dev 0.5535353422164917
patience: 4 / 6
Epoch  14  Train Loss 19.2209 99.89%
Epoch  14:  Dev 0.5424430966377258
patience: 5 / 6
Epoch  15  Train Loss 19.4193 99.89%
Epoch  15:  Dev 0.5533596873283386
patience: 6 / 6
setting train exemplar for learned classes
torch.Size([280, 2048])
BEST DEV 1: 0.5731707215309143
BEST TEST 1: 0.5584415793418884
torch.Size([280, 2048])
Epoch   1  Train Loss 13.0521 99.30%
Epoch   1:  Dev 0.5774648189544678
Epoch   1: Test 0.6002928018569946
patience: 0 / 6
Epoch   2  Train Loss 15.2693 99.73%
Epoch   2:  Dev 0.5651437640190125
patience: 1 / 6
Epoch   3  Train Loss 16.1133 99.76%
Epoch   3:  Dev 0.5936395525932312
Epoch   3: Test 0.6140602231025696
patience: 0 / 6
Epoch   4  Train Loss 17.2479 99.78%
Epoch   4:  Dev 0.5661641955375671
patience: 1 / 6
Epoch   5  Train Loss 17.8343 99.80%
Epoch   5:  Dev 0.580985963344574
patience: 2 / 6
Epoch   6  Train Loss 18.4033 99.81%
Epoch   6:  Dev 0.5869947075843811
patience: 3 / 6
Epoch   7  Train Loss 19.1238 99.82%
Epoch   7:  Dev 0.5724020600318909
patience: 4 / 6
Epoch   8  Train Loss 19.1080 99.83%
Epoch   8:  Dev 0.581881582736969
patience: 5 / 6
Epoch   9  Train Loss 19.8127 99.83%
Epoch   9:  Dev 0.5861456990242004
patience: 6 / 6
setting train exemplar for learned classes
torch.Size([400, 2048])
BEST DEV 2: 0.5936395525932312
BEST TEST 2: 0.6140602231025696
torch.Size([400, 2048])
Epoch   1  Train Loss 10.1003 98.45%
Epoch   1:  Dev 0.5631868243217468
Epoch   1: Test 0.5832492709159851
patience: 0 / 6
Epoch   2  Train Loss 11.8469 99.72%
Epoch   2:  Dev 0.5790209770202637
Epoch   2: Test 0.5828220844268799
patience: 0 / 6
Epoch   3  Train Loss 12.8934 99.75%
Epoch   3:  Dev 0.602545976638794
Epoch   3: Test 0.5850622653961182
patience: 0 / 6
Epoch   4  Train Loss 13.7152 99.77%
Epoch   4:  Dev 0.5980254411697388
patience: 1 / 6
Epoch   5  Train Loss 14.5161 99.79%
Epoch   5:  Dev 0.5820257067680359
patience: 2 / 6
Epoch   6  Train Loss 15.2168 99.81%
Epoch   6:  Dev 0.592383623123169
patience: 3 / 6
Epoch   7  Train Loss 15.5676 99.82%
Epoch   7:  Dev 0.5934717655181885
patience: 4 / 6
Epoch   8  Train Loss 16.0295 99.83%
Epoch   8:  Dev 0.5900709629058838
patience: 5 / 6
Epoch   9  Train Loss 16.4001 99.85%
Epoch   9:  Dev 0.5807406902313232
patience: 6 / 6
setting train exemplar for learned classes
torch.Size([560, 2048])
BEST DEV 3: 0.602545976638794
BEST TEST 3: 0.5850622653961182
torch.Size([560, 2048])
Epoch   1  Train Loss 10.6426 98.41%
Epoch   1:  Dev 0.6276923418045044
Epoch   1: Test 0.6394472122192383
patience: 0 / 6
Epoch   2  Train Loss 11.8089 99.61%
Epoch   2:  Dev 0.6313603520393372
Epoch   2: Test 0.6507115364074707
patience: 0 / 6
Epoch   3  Train Loss 12.4871 99.64%
Epoch   3:  Dev 0.6144200563430786
patience: 1 / 6
Epoch   4  Train Loss 12.8428 99.67%
Epoch   4:  Dev 0.6125385165214539
patience: 2 / 6
Epoch   5  Train Loss 13.4712 99.70%
Epoch   5:  Dev 0.6232948899269104
patience: 3 / 6
Epoch   6  Train Loss 14.0207 99.71%
Epoch   6:  Dev 0.6209761500358582
patience: 4 / 6
Epoch   7  Train Loss 14.3933 99.74%
Epoch   7:  Dev 0.6218487620353699
patience: 5 / 6
Epoch   8  Train Loss 14.7068 99.74%
Epoch   8:  Dev 0.6219382882118225
patience: 6 / 6
setting train exemplar for learned classes
torch.Size([660, 2048])
BEST DEV 4: 0.6313603520393372
BEST TEST 4: 0.6507115364074707
