Dump name space
results/ace/NashMTL_woLMH_woSAM_narate-40_cluster-8_gen-10/perm_2/options.json
Dump name space
results/ace/NashMTL_woLMH_woSAM_narate-40_cluster-8_gen-10/perm_2/options.json
Dump name space
results/ace/NashMTL_woLMH_woSAM_narate-40_cluster-8_gen-10/perm_2/options.json
Dump name space
results/ace/NashMTL_woLMH_woSAM_narate-40_cluster-8_gen-10/perm_2/options.json
Dump name space
results/ace/NashMTL_woLMH_woSAM_narate-40_cluster-8_gen-10/perm_2/options.json
[[188, 199, 184, 194, 189, 190, 178, 186, 197, 0], [200, 180, 173, 198, 177, 0], [191, 187, 195, 171, 174, 179, 0], [196, 181, 182, 202, 185, 176, 170, 192, 0], [201, 183, 193, 172, 175, 0]]
False
train loader and exclude loader:  0
Original len train instances: 265115
train loader and exclude loader:  1
Original len train instances: 264531
train loader and exclude loader:  2
Original len train instances: 263812
train loader and exclude loader:  3
Original len train instances: 262973
train loader and exclude loader:  4
Original len train instances: 262361
Original len dev instances: 54053
Original len test instances: 93949
create basgMTL 4
False True
Epoch   1  Train Loss 0.1003 98.10%
Epoch   1:  Dev 0.5
Epoch   1: Test 0.5388128161430359
patience: 0 / 6
Epoch   2  Train Loss 0.0225 98.46%
Epoch   2:  Dev 0.4479999840259552
patience: 1 / 6
Epoch   3  Train Loss 0.0146 98.49%
Epoch   3:  Dev 0.4522612988948822
patience: 2 / 6
Epoch   4  Train Loss 0.0104 98.51%
Epoch   4:  Dev 0.5789473652839661
Epoch   4: Test 0.6418604850769043
patience: 0 / 6
Epoch   5  Train Loss 0.0082 98.54%
Epoch   5:  Dev 0.4603174328804016
patience: 1 / 6
Epoch   6  Train Loss 0.0063 98.56%
Epoch   6:  Dev 0.5329153537750244
patience: 2 / 6
Epoch   7  Train Loss 0.0056 98.57%
Epoch   7:  Dev 0.4853801131248474
patience: 3 / 6
Epoch   8  Train Loss 0.0052 98.57%
Epoch   8:  Dev 0.5307443737983704
patience: 4 / 6
Epoch   9  Train Loss 0.0046 98.59%
Epoch   9:  Dev 0.5320513248443604
patience: 5 / 6
Epoch  10  Train Loss 0.0041 98.60%
Epoch  10:  Dev 0.518750011920929
patience: 6 / 6
setting train exemplar for learned classes
torch.Size([180, 2048])
BEST DEV 0: 0.5789473652839661
BEST TEST 0: 0.6418604850769043
torch.Size([180, 2048])
Epoch   1  Train Loss 3.4485 98.91%
Epoch   1:  Dev 0.5126475095748901
Epoch   1: Test 0.5681818723678589
patience: 0 / 6
Epoch   2  Train Loss 3.3757 99.52%
Epoch   2:  Dev 0.47272729873657227
patience: 1 / 6
Epoch   3  Train Loss 3.3656 99.59%
Epoch   3:  Dev 0.4920634627342224
patience: 2 / 6
Epoch   4  Train Loss 3.3601 99.66%
Epoch   4:  Dev 0.5314685702323914
Epoch   4: Test 0.5474452376365662
patience: 0 / 6
Epoch   5  Train Loss 3.3529 99.69%
Epoch   5:  Dev 0.5293132066726685
patience: 1 / 6
Epoch   6  Train Loss 3.3446 99.72%
Epoch   6:  Dev 0.5257549285888672
patience: 2 / 6
Epoch   7  Train Loss 3.3412 99.76%
Epoch   7:  Dev 0.5182608962059021
patience: 3 / 6
Epoch   8  Train Loss 3.3425 99.80%
Epoch   8:  Dev 0.5049180388450623
patience: 4 / 6
Epoch   9  Train Loss 3.3398 99.82%
Epoch   9:  Dev 0.5223367810249329
patience: 5 / 6
Epoch  10  Train Loss 3.3368 99.84%
Epoch  10:  Dev 0.5555555820465088
Epoch  10: Test 0.5617021322250366
patience: 0 / 6
Epoch  11  Train Loss 3.3374 99.86%
Epoch  11:  Dev 0.5224913358688354
patience: 1 / 6
Epoch  12  Train Loss 3.3397 99.87%
Epoch  12:  Dev 0.5570599436759949
Epoch  12: Test 0.550000011920929
patience: 0 / 6
Epoch  13  Train Loss 3.3355 99.88%
Epoch  13:  Dev 0.5461539030075073
patience: 1 / 6
Epoch  14  Train Loss 3.3294 99.88%
Epoch  14:  Dev 0.5363985300064087
patience: 2 / 6
Epoch  15  Train Loss 3.3339 99.90%
Epoch  15:  Dev 0.5388994216918945
patience: 3 / 6
Epoch  16  Train Loss 3.3289 99.91%
Epoch  16:  Dev 0.5546874403953552
patience: 4 / 6
Epoch  17  Train Loss 3.3335 99.91%
Epoch  17:  Dev 0.5451263189315796
patience: 5 / 6
Epoch  18  Train Loss 3.3345 99.92%
Epoch  18:  Dev 0.5423729419708252
patience: 6 / 6
setting train exemplar for learned classes
torch.Size([280, 2048])
BEST DEV 1: 0.5570599436759949
BEST TEST 1: 0.550000011920929
torch.Size([280, 2048])
Epoch   1  Train Loss 2.7199 99.16%
Epoch   1:  Dev 0.5486443042755127
Epoch   1: Test 0.573913037776947
patience: 0 / 6
Epoch   2  Train Loss 2.6617 99.70%
Epoch   2:  Dev 0.5602504014968872
Epoch   2: Test 0.5628742575645447
patience: 0 / 6
Epoch   3  Train Loss 2.6525 99.74%
Epoch   3:  Dev 0.5829145908355713
Epoch   3: Test 0.5833333730697632
patience: 0 / 6
Epoch   4  Train Loss 2.6497 99.78%
Epoch   4:  Dev 0.5587301850318909
patience: 1 / 6
Epoch   5  Train Loss 2.6469 99.80%
Epoch   5:  Dev 0.5761047601699829
patience: 2 / 6
Epoch   6  Train Loss 2.6442 99.83%
Epoch   6:  Dev 0.5680271983146667
patience: 3 / 6
Epoch   7  Train Loss 2.6417 99.85%
Epoch   7:  Dev 0.5823627710342407
patience: 4 / 6
Epoch   8  Train Loss 2.6419 99.86%
Epoch   8:  Dev 0.5890653133392334
Epoch   8: Test 0.6022409200668335
patience: 0 / 6
Epoch   9  Train Loss 2.6398 99.87%
Epoch   9:  Dev 0.5675213932991028
patience: 1 / 6
Epoch  10  Train Loss 2.6407 99.88%
Epoch  10:  Dev 0.5670628547668457
patience: 2 / 6
Epoch  11  Train Loss 2.6396 99.89%
Epoch  11:  Dev 0.5728813409805298
patience: 3 / 6
Epoch  12  Train Loss 2.6400 99.90%
Epoch  12:  Dev 0.5909909605979919
Epoch  12: Test 0.6060606241226196
patience: 0 / 6
Epoch  13  Train Loss 2.6361 99.89%
Epoch  13:  Dev 0.572898805141449
patience: 1 / 6
Epoch  14  Train Loss 2.6391 99.90%
Epoch  14:  Dev 0.5929824709892273
Epoch  14: Test 0.5980527997016907
patience: 0 / 6
Epoch  15  Train Loss 2.6395 99.90%
Epoch  15:  Dev 0.5810055136680603
patience: 1 / 6
Epoch  16  Train Loss 2.6390 99.91%
Epoch  16:  Dev 0.5931034684181213
Epoch  16: Test 0.5896739363670349
patience: 0 / 6
Epoch  17  Train Loss 2.6363 99.93%
Epoch  17:  Dev 0.5709220170974731
patience: 1 / 6
Epoch  18  Train Loss 2.6373 99.92%
Epoch  18:  Dev 0.5827338695526123
patience: 2 / 6
Epoch  19  Train Loss 2.6360 99.93%
Epoch  19:  Dev 0.5902255773544312
patience: 3 / 6
Epoch  20  Train Loss 2.6366 99.92%
Epoch  20:  Dev 0.5704100131988525
patience: 4 / 6
Epoch  21  Train Loss 2.6351 99.93%
Epoch  21:  Dev 0.5769911408424377
patience: 5 / 6
Epoch  22  Train Loss 2.6364 99.93%
Epoch  22:  Dev 0.5812274217605591
patience: 6 / 6
setting train exemplar for learned classes
torch.Size([400, 2048])
BEST DEV 2: 0.5931034684181213
BEST TEST 2: 0.5896739363670349
torch.Size([400, 2048])
Epoch   1  Train Loss 2.8510 98.74%
Epoch   1:  Dev 0.5779569745063782
Epoch   1: Test 0.5456291437149048
patience: 0 / 6
Epoch   2  Train Loss 2.7281 99.73%
Epoch   2:  Dev 0.5858855247497559
Epoch   2: Test 0.5558739304542542
patience: 0 / 6
Epoch   3  Train Loss 2.7167 99.77%
Epoch   3:  Dev 0.5927978157997131
Epoch   3: Test 0.5697091817855835
patience: 0 / 6
Epoch   4  Train Loss 2.7147 99.82%
Epoch   4:  Dev 0.6077032089233398
Epoch   4: Test 0.5682281255722046
patience: 0 / 6
Epoch   5  Train Loss 2.7133 99.86%
Epoch   5:  Dev 0.5988538861274719
patience: 1 / 6
Epoch   6  Train Loss 2.7110 99.88%
Epoch   6:  Dev 0.583798885345459
patience: 2 / 6
Epoch   7  Train Loss 2.7082 99.88%
Epoch   7:  Dev 0.5930232405662537
patience: 3 / 6
Epoch   8  Train Loss 2.7091 99.90%
Epoch   8:  Dev 0.6044568419456482
patience: 4 / 6
Epoch   9  Train Loss 2.7072 99.90%
Epoch   9:  Dev 0.6094420552253723
Epoch   9: Test 0.5602537393569946
patience: 0 / 6
Epoch  10  Train Loss 2.7065 99.91%
Epoch  10:  Dev 0.6147186160087585
Epoch  10: Test 0.5576131343841553
patience: 0 / 6
Epoch  11  Train Loss 2.7052 99.92%
Epoch  11:  Dev 0.6160337328910828
Epoch  11: Test 0.5532359480857849
patience: 0 / 6
Epoch  12  Train Loss 2.7063 99.92%
Epoch  12:  Dev 0.6028571724891663
patience: 1 / 6
Epoch  13  Train Loss 2.7036 99.92%
Epoch  13:  Dev 0.6094420552253723
patience: 2 / 6
Epoch  14  Train Loss 2.7027 99.93%
Epoch  14:  Dev 0.6079294681549072
patience: 3 / 6
Epoch  15  Train Loss 2.7027 99.94%
Epoch  15:  Dev 0.6008836627006531
patience: 4 / 6
Epoch  16  Train Loss 2.7033 99.93%
Epoch  16:  Dev 0.6218977570533752
Epoch  16: Test 0.556768536567688
patience: 0 / 6
Epoch  17  Train Loss 2.7048 99.94%
Epoch  17:  Dev 0.608571469783783
patience: 1 / 6
Epoch  18  Train Loss 2.7023 99.94%
Epoch  18:  Dev 0.6040061116218567
patience: 2 / 6
Epoch  19  Train Loss 2.7003 99.95%
Epoch  19:  Dev 0.5920680165290833
patience: 3 / 6
Epoch  20  Train Loss 2.7039 99.94%
Epoch  20:  Dev 0.6225563883781433
Epoch  20: Test 0.5416666865348816
patience: 0 / 6
Epoch  21  Train Loss 2.7001 99.94%
Epoch  21:  Dev 0.6017963886260986
patience: 1 / 6
Epoch  22  Train Loss 2.7025 99.95%
Epoch  22:  Dev 0.6176046133041382
patience: 2 / 6
Epoch  23  Train Loss 2.7016 99.94%
Epoch  23:  Dev 0.6167401075363159
patience: 3 / 6
Epoch  24  Train Loss 2.7041 99.95%
Epoch  24:  Dev 0.6273931860923767
Epoch  24: Test 0.561965823173523
patience: 0 / 6
Epoch  25  Train Loss 2.7025 99.95%
Epoch  25:  Dev 0.61561119556427
patience: 1 / 6
Epoch  26  Train Loss 2.6999 99.95%
Epoch  26:  Dev 0.6038292050361633
patience: 2 / 6
Epoch  27  Train Loss 2.7032 99.95%
Epoch  27:  Dev 0.6270927786827087
patience: 3 / 6
Epoch  28  Train Loss 2.7027 99.95%
Epoch  28:  Dev 0.6110283136367798
patience: 4 / 6
Epoch  29  Train Loss 2.6990 99.95%
Epoch  29:  Dev 0.5937032103538513
patience: 5 / 6
Epoch  30  Train Loss 2.7021 99.95%
Epoch  30:  Dev 0.5918653607368469
patience: 6 / 6
setting train exemplar for learned classes
torch.Size([560, 2048])
BEST DEV 3: 0.6273931860923767
BEST TEST 3: 0.561965823173523
torch.Size([560, 2048])
Epoch   1  Train Loss 2.8446 98.55%
Epoch   1:  Dev 0.6286965608596802
Epoch   1: Test 0.615776002407074
patience: 0 / 6
Epoch   2  Train Loss 2.7085 99.72%
Epoch   2:  Dev 0.6428571343421936
Epoch   2: Test 0.6300839185714722
patience: 0 / 6
Epoch   3  Train Loss 2.7019 99.77%
Epoch   3:  Dev 0.6395604610443115
patience: 1 / 6
Epoch   4  Train Loss 2.6984 99.81%
Epoch   4:  Dev 0.6237941980361938
patience: 2 / 6
Epoch   5  Train Loss 2.6956 99.84%
Epoch   5:  Dev 0.6341463923454285
patience: 3 / 6
Epoch   6  Train Loss 2.6960 99.85%
Epoch   6:  Dev 0.6355931758880615
patience: 4 / 6
Epoch   7  Train Loss 2.6946 99.87%
Epoch   7:  Dev 0.6376495957374573
patience: 5 / 6
Epoch   8  Train Loss 2.6943 99.88%
Epoch   8:  Dev 0.6403608322143555
patience: 6 / 6
setting train exemplar for learned classes
torch.Size([660, 2048])
BEST DEV 4: 0.6428571343421936
BEST TEST 4: 0.6300839185714722
