Dump name space
results/maven/woLMH_woMOO_woNAloss_woSR/perm_3/options.json
Dump name space
results/maven/woLMH_woMOO_woNAloss_woSR/perm_3/options.json
Dump name space
results/maven/woLMH_woMOO_woNAloss_woSR/perm_3/options.json
Dump name space
results/maven/woLMH_woMOO_woNAloss_woSR/perm_3/options.json
Dump name space
results/maven/woLMH_woMOO_woNAloss_woSR/perm_3/options.json
[[46, 36, 17, 13, 12, 20, 25, 49, 169, 148, 87, 56, 95, 81, 58, 57, 161, 64, 163, 82, 43, 125, 35, 96, 156, 100, 66, 30, 50, 120, 0], [147, 48, 84, 39, 53, 23, 109, 22, 77, 62, 93, 143, 89, 8, 71, 85, 63, 97, 65, 103, 113, 112, 123, 152, 88, 98, 72, 42, 60, 133, 128, 116, 15, 111, 136, 162, 129, 132, 6, 0], [134, 99, 105, 91, 52, 19, 135, 122, 127, 102, 108, 104, 110, 38, 118, 121, 160, 26, 34, 33, 158, 130, 165, 86, 149, 146, 164, 4, 131, 75, 90, 10, 32, 0], [157, 18, 114, 92, 67, 153, 80, 115, 78, 154, 27, 5, 69, 117, 44, 83, 155, 40, 45, 139, 137, 14, 138, 119, 74, 150, 59, 54, 28, 9, 140, 37, 107, 76, 47, 0], [151, 16, 3, 70, 106, 141, 68, 31, 79, 101, 166, 167, 94, 21, 51, 7, 73, 145, 2, 124, 159, 61, 41, 142, 126, 144, 55, 168, 29, 11, 24, 0]]
True
train loader and exclude loader:  0
Original len train instances: 347788
train loader and exclude loader:  1
Original len train instances: 335496
train loader and exclude loader:  2
Original len train instances: 321058
train loader and exclude loader:  3
Original len train instances: 308131
train loader and exclude loader:  4
Original len train instances: 294718
Original len dev instances: 57198
Original len test instances: 98603
create basgMTL 4
False False
Epoch   1  Train Loss 0.1484 81.15%
Epoch   1:  Dev 0.5574170351028442
Epoch   1: Test 0.5583274960517883
patience: 0 / 5
Epoch   2  Train Loss 0.0779 81.86%
Epoch   2:  Dev 0.5882017016410828
Epoch   2: Test 0.5961410403251648
patience: 0 / 5
Epoch   3  Train Loss 0.0686 82.01%
Epoch   3:  Dev 0.6061263084411621
Epoch   3: Test 0.6263890862464905
patience: 0 / 5
Epoch   4  Train Loss 0.0628 82.12%
Epoch   4:  Dev 0.6124454736709595
Epoch   4: Test 0.631146252155304
patience: 0 / 5
Epoch   5  Train Loss 0.0577 82.23%
Epoch   5:  Dev 0.5970233082771301
patience: 1 / 5
Epoch   6  Train Loss 0.0531 82.34%
Epoch   6:  Dev 0.6211453676223755
Epoch   6: Test 0.6287358403205872
patience: 0 / 5
Epoch   7  Train Loss 0.0490 82.44%
Epoch   7:  Dev 0.6010683178901672
patience: 1 / 5
Epoch   8  Train Loss 0.0453 82.53%
Epoch   8:  Dev 0.5993208885192871
patience: 2 / 5
Epoch   9  Train Loss 0.0416 82.63%
Epoch   9:  Dev 0.6164419651031494
patience: 3 / 5
Epoch  10  Train Loss 0.0382 82.76%
Epoch  10:  Dev 0.6020299196243286
patience: 4 / 5
Epoch  11  Train Loss 0.0349 82.85%
Epoch  11:  Dev 0.6055437326431274
patience: 5 / 5
setting train exemplar for learned classes
torch.Size([600, 2048])
BEST DEV 0: 0.6211453676223755
BEST TEST 0: 0.6287358403205872
torch.Size([600, 2048])
Epoch   1  Train Loss 0.9779 83.88%
Epoch   1:  Dev 0.5556502342224121
Epoch   1: Test 0.5563408732414246
patience: 0 / 5
Epoch   2  Train Loss 0.9340 84.89%
Epoch   2:  Dev 0.5909452438354492
Epoch   2: Test 0.591802716255188
patience: 0 / 5
Epoch   3  Train Loss 0.9253 85.16%
Epoch   3:  Dev 0.5838457942008972
patience: 1 / 5
Epoch   4  Train Loss 0.9199 85.40%
Epoch   4:  Dev 0.5842790007591248
patience: 2 / 5
Epoch   5  Train Loss 0.9162 85.57%
Epoch   5:  Dev 0.5895226001739502
patience: 3 / 5
Epoch   6  Train Loss 0.9134 85.70%
Epoch   6:  Dev 0.5800636410713196
patience: 4 / 5
Epoch   7  Train Loss 0.9108 85.86%
Epoch   7:  Dev 0.5705714225769043
patience: 5 / 5
setting train exemplar for learned classes
torch.Size([1380, 2048])
BEST DEV 1: 0.5909452438354492
BEST TEST 1: 0.591802716255188
torch.Size([1380, 2048])
Epoch   1  Train Loss 1.9851 86.73%
Epoch   1:  Dev 0.5389338731765747
Epoch   1: Test 0.5364769101142883
patience: 0 / 5
Epoch   2  Train Loss 1.9510 87.88%
Epoch   2:  Dev 0.5648725032806396
Epoch   2: Test 0.5636461973190308
patience: 0 / 5
Epoch   3  Train Loss 1.9442 88.19%
Epoch   3:  Dev 0.5768943428993225
Epoch   3: Test 0.570850670337677
patience: 0 / 5
Epoch   4  Train Loss 1.9413 88.38%
Epoch   4:  Dev 0.5684808492660522
patience: 1 / 5
Epoch   5  Train Loss 1.9381 88.53%
Epoch   5:  Dev 0.5744760632514954
patience: 2 / 5
Epoch   6  Train Loss 1.9364 88.65%
Epoch   6:  Dev 0.5809189677238464
Epoch   6: Test 0.5800651907920837
patience: 0 / 5
Epoch   7  Train Loss 1.9348 88.76%
Epoch   7:  Dev 0.5717453360557556
patience: 1 / 5
Epoch   8  Train Loss 1.9338 88.83%
Epoch   8:  Dev 0.5623705983161926
patience: 2 / 5
Epoch   9  Train Loss 1.9324 88.96%
Epoch   9:  Dev 0.5712177157402039
patience: 3 / 5
Epoch  10  Train Loss 1.9308 89.05%
Epoch  10:  Dev 0.5671916604042053
patience: 4 / 5
Epoch  11  Train Loss 1.9306 89.11%
Epoch  11:  Dev 0.5607776641845703
patience: 5 / 5
setting train exemplar for learned classes
torch.Size([2040, 2048])
BEST DEV 2: 0.5809189677238464
BEST TEST 2: 0.5800651907920837
torch.Size([2040, 2048])
Epoch   1  Train Loss 2.4892 89.65%
Epoch   1:  Dev 0.4931255877017975
Epoch   1: Test 0.4891592264175415
patience: 0 / 5
Epoch   2  Train Loss 2.4655 90.70%
Epoch   2:  Dev 0.5078554153442383
Epoch   2: Test 0.5096713304519653
patience: 0 / 5
Epoch   3  Train Loss 2.4605 91.11%
Epoch   3:  Dev 0.5138837695121765
Epoch   3: Test 0.5198519825935364
patience: 0 / 5
Epoch   4  Train Loss 2.4578 91.31%
Epoch   4:  Dev 0.5212640166282654
Epoch   4: Test 0.5281222462654114
patience: 0 / 5
Epoch   5  Train Loss 2.4555 91.47%
Epoch   5:  Dev 0.5229197144508362
Epoch   5: Test 0.5309934020042419
patience: 0 / 5
Epoch   6  Train Loss 2.4546 91.62%
Epoch   6:  Dev 0.5183359384536743
patience: 1 / 5
Epoch   7  Train Loss 2.4535 91.71%
Epoch   7:  Dev 0.5184746384620667
patience: 2 / 5
Epoch   8  Train Loss 2.4519 91.81%
Epoch   8:  Dev 0.5256281495094299
Epoch   8: Test 0.5315581560134888
patience: 0 / 5
Epoch   9  Train Loss 2.4509 91.91%
Epoch   9:  Dev 0.5160826444625854
patience: 1 / 5
Epoch  10  Train Loss 2.4505 91.98%
Epoch  10:  Dev 0.5158171653747559
patience: 2 / 5
Epoch  11  Train Loss 2.4499 92.08%
Epoch  11:  Dev 0.518796980381012
patience: 3 / 5
Epoch  12  Train Loss 2.4485 92.19%
Epoch  12:  Dev 0.5225680470466614
patience: 4 / 5
Epoch  13  Train Loss 2.4483 92.27%
Epoch  13:  Dev 0.5221936106681824
patience: 5 / 5
setting train exemplar for learned classes
torch.Size([2740, 2048])
BEST DEV 3: 0.5256281495094299
BEST TEST 3: 0.5315581560134888
torch.Size([2740, 2048])
Epoch   1  Train Loss 2.9746 93.83%
Epoch   1:  Dev 0.4669126570224762
Epoch   1: Test 0.48116424679756165
patience: 0 / 5
Epoch   2  Train Loss 2.9575 95.11%
Epoch   2:  Dev 0.48331376910209656
Epoch   2: Test 0.49569404125213623
patience: 0 / 5
Epoch   3  Train Loss 2.9533 95.51%
Epoch   3:  Dev 0.4935292899608612
Epoch   3: Test 0.5007408261299133
patience: 0 / 5
Epoch   4  Train Loss 2.9516 95.74%
Epoch   4:  Dev 0.5022820234298706
Epoch   4: Test 0.5065885186195374
patience: 0 / 5
Epoch   5  Train Loss 2.9504 95.90%
Epoch   5:  Dev 0.5030781030654907
Epoch   5: Test 0.5069964528083801
patience: 0 / 5
Epoch   6  Train Loss 2.9495 96.02%
Epoch   6:  Dev 0.5108776092529297
Epoch   6: Test 0.5122039318084717
patience: 0 / 5
Epoch   7  Train Loss 2.9484 96.14%
Epoch   7:  Dev 0.5066877603530884
patience: 1 / 5
Epoch   8  Train Loss 2.9475 96.24%
Epoch   8:  Dev 0.4998578429222107
patience: 2 / 5
Epoch   9  Train Loss 2.9473 96.32%
Epoch   9:  Dev 0.49971503019332886
patience: 3 / 5
Epoch  10  Train Loss 2.9467 96.37%
Epoch  10:  Dev 0.5030681490898132
patience: 4 / 5
Epoch  11  Train Loss 2.9455 96.46%
Epoch  11:  Dev 0.4972432851791382
patience: 5 / 5
setting train exemplar for learned classes
torch.Size([3360, 2048])
BEST DEV 4: 0.5108776092529297
BEST TEST 4: 0.5122039318084717
