Dump name space
results/ace/NashMTL_woLMH_woSAM_narate-40_cluster-8_gen-10/perm_3/options.json
Dump name space
results/ace/NashMTL_woLMH_woSAM_narate-40_cluster-8_gen-10/perm_3/options.json
Dump name space
results/ace/NashMTL_woLMH_woSAM_narate-40_cluster-8_gen-10/perm_3/options.json
Dump name space
results/ace/NashMTL_woLMH_woSAM_narate-40_cluster-8_gen-10/perm_3/options.json
Dump name space
results/ace/NashMTL_woLMH_woSAM_narate-40_cluster-8_gen-10/perm_3/options.json
[[191, 187, 195, 171, 174, 179, 0], [201, 183, 193, 172, 175, 0], [188, 199, 184, 194, 189, 190, 178, 186, 197, 0], [200, 180, 173, 198, 177, 0], [196, 181, 182, 202, 185, 176, 170, 192, 0]]
False
train loader and exclude loader:  0
Original len train instances: 265115
train loader and exclude loader:  1
Original len train instances: 264276
train loader and exclude loader:  2
Original len train instances: 262942
train loader and exclude loader:  3
Original len train instances: 262358
train loader and exclude loader:  4
Original len train instances: 261639
Original len dev instances: 54053
Original len test instances: 93949
create basgMTL 4
False True
Epoch   1  Train Loss 0.0840 98.24%
Epoch   1:  Dev 0.5233644843101501
Epoch   1: Test 0.5046296119689941
patience: 0 / 6
Epoch   2  Train Loss 0.0232 98.53%
Epoch   2:  Dev 0.5436893105506897
Epoch   2: Test 0.5913043022155762
patience: 0 / 6
Epoch   3  Train Loss 0.0168 98.55%
Epoch   3:  Dev 0.5039369463920593
patience: 1 / 6
Epoch   4  Train Loss 0.0128 98.58%
Epoch   4:  Dev 0.5686274170875549
Epoch   4: Test 0.5954692959785461
patience: 0 / 6
Epoch   5  Train Loss 0.0097 98.61%
Epoch   5:  Dev 0.5081967115402222
patience: 1 / 6
Epoch   6  Train Loss 0.0078 98.64%
Epoch   6:  Dev 0.5161290168762207
patience: 2 / 6
Epoch   7  Train Loss 0.0066 98.66%
Epoch   7:  Dev 0.5794392824172974
Epoch   7: Test 0.6041055917739868
patience: 0 / 6
Epoch   8  Train Loss 0.0058 98.67%
Epoch   8:  Dev 0.5686274170875549
patience: 1 / 6
Epoch   9  Train Loss 0.0053 98.68%
Epoch   9:  Dev 0.5799999833106995
Epoch   9: Test 0.5889968276023865
patience: 0 / 6
Epoch  10  Train Loss 0.0047 98.69%
Epoch  10:  Dev 0.5904761552810669
Epoch  10: Test 0.5808219313621521
patience: 0 / 6
Epoch  11  Train Loss 0.0049 98.70%
Epoch  11:  Dev 0.5894736647605896
patience: 1 / 6
Epoch  12  Train Loss 0.0044 98.70%
Epoch  12:  Dev 0.6292135119438171
Epoch  12: Test 0.631205677986145
patience: 0 / 6
Epoch  13  Train Loss 0.0036 98.72%
Epoch  13:  Dev 0.6262626051902771
patience: 1 / 6
Epoch  14  Train Loss 0.0035 98.71%
Epoch  14:  Dev 0.5799999833106995
patience: 2 / 6
Epoch  15  Train Loss 0.0035 98.72%
Epoch  15:  Dev 0.6086956858634949
patience: 3 / 6
Epoch  16  Train Loss 0.0035 98.71%
Epoch  16:  Dev 0.6086956858634949
patience: 4 / 6
Epoch  17  Train Loss 0.0027 98.73%
Epoch  17:  Dev 0.6170212626457214
patience: 5 / 6
Epoch  18  Train Loss 0.0027 98.73%
Epoch  18:  Dev 0.6373626589775085
Epoch  18: Test 0.6228373646736145
patience: 0 / 6
Epoch  19  Train Loss 0.0030 98.72%
Epoch  19:  Dev 0.5591397881507874
patience: 1 / 6
Epoch  20  Train Loss 0.0027 98.73%
Epoch  20:  Dev 0.5370370149612427
patience: 2 / 6
Epoch  21  Train Loss 0.0024 98.73%
Epoch  21:  Dev 0.5806452035903931
patience: 3 / 6
Epoch  22  Train Loss 0.0022 98.74%
Epoch  22:  Dev 0.5882353186607361
patience: 4 / 6
Epoch  23  Train Loss 0.0019 98.74%
Epoch  23:  Dev 0.5376344323158264
patience: 5 / 6
Epoch  24  Train Loss 0.0022 98.74%
Epoch  24:  Dev 0.5934066772460938
patience: 6 / 6
setting train exemplar for learned classes
torch.Size([120, 2048])
BEST DEV 0: 0.6373626589775085
BEST TEST 0: 0.6228373646736145
torch.Size([120, 2048])
Epoch   1  Train Loss 1.8994 99.48%
Epoch   1:  Dev 0.5999999642372131
Epoch   1: Test 0.6792828440666199
patience: 0 / 6
Epoch   2  Train Loss 1.8493 99.66%
Epoch   2:  Dev 0.6329787373542786
Epoch   2: Test 0.6778242588043213
patience: 0 / 6
Epoch   3  Train Loss 1.8459 99.72%
Epoch   3:  Dev 0.6354166865348816
Epoch   3: Test 0.6851851940155029
patience: 0 / 6
Epoch   4  Train Loss 1.8316 99.76%
Epoch   4:  Dev 0.6233766078948975
patience: 1 / 6
Epoch   5  Train Loss 1.8336 99.78%
Epoch   5:  Dev 0.6472148299217224
Epoch   5: Test 0.675789475440979
patience: 0 / 6
Epoch   6  Train Loss 1.8340 99.82%
Epoch   6:  Dev 0.6310433149337769
patience: 1 / 6
Epoch   7  Train Loss 1.8273 99.84%
Epoch   7:  Dev 0.6442577242851257
patience: 2 / 6
Epoch   8  Train Loss 1.8316 99.87%
Epoch   8:  Dev 0.6291559934616089
patience: 3 / 6
Epoch   9  Train Loss 1.8270 99.87%
Epoch   9:  Dev 0.6540540456771851
Epoch   9: Test 0.7017167806625366
patience: 0 / 6
Epoch  10  Train Loss 1.8310 99.89%
Epoch  10:  Dev 0.6370757222175598
patience: 1 / 6
Epoch  11  Train Loss 1.8323 99.90%
Epoch  11:  Dev 0.6612021923065186
Epoch  11: Test 0.692556619644165
patience: 0 / 6
Epoch  12  Train Loss 1.8325 99.90%
Epoch  12:  Dev 0.6804733276367188
Epoch  12: Test 0.7018349170684814
patience: 0 / 6
Epoch  13  Train Loss 1.8133 99.91%
Epoch  13:  Dev 0.6647564768791199
patience: 1 / 6
Epoch  14  Train Loss 1.8224 99.93%
Epoch  14:  Dev 0.6453334093093872
patience: 2 / 6
Epoch  15  Train Loss 1.8188 99.92%
Epoch  15:  Dev 0.6610168814659119
patience: 3 / 6
Epoch  16  Train Loss 1.8266 99.93%
Epoch  16:  Dev 0.6553672552108765
patience: 4 / 6
Epoch  17  Train Loss 1.8280 99.93%
Epoch  17:  Dev 0.6743515729904175
patience: 5 / 6
Epoch  18  Train Loss 1.8181 99.94%
Epoch  18:  Dev 0.6253229975700378
patience: 6 / 6
setting train exemplar for learned classes
torch.Size([220, 2048])
BEST DEV 1: 0.6804733276367188
BEST TEST 1: 0.7018349170684814
torch.Size([220, 2048])
Epoch   1  Train Loss 2.5002 99.31%
Epoch   1:  Dev 0.5616642236709595
Epoch   1: Test 0.6843065619468689
patience: 0 / 6
Epoch   2  Train Loss 2.4285 99.75%
Epoch   2:  Dev 0.5993884205818176
Epoch   2: Test 0.6967985033988953
patience: 0 / 6
Epoch   3  Train Loss 2.4207 99.80%
Epoch   3:  Dev 0.595678985118866
patience: 1 / 6
Epoch   4  Train Loss 2.4181 99.83%
Epoch   4:  Dev 0.5970588326454163
patience: 2 / 6
Epoch   5  Train Loss 2.4096 99.85%
Epoch   5:  Dev 0.5531914830207825
patience: 3 / 6
Epoch   6  Train Loss 2.4089 99.87%
Epoch   6:  Dev 0.5685425400733948
patience: 4 / 6
Epoch   7  Train Loss 2.4030 99.88%
Epoch   7:  Dev 0.5947611331939697
patience: 5 / 6
Epoch   8  Train Loss 2.4035 99.89%
Epoch   8:  Dev 0.6089645028114319
Epoch   8: Test 0.6881517171859741
patience: 0 / 6
Epoch   9  Train Loss 2.4009 99.90%
Epoch   9:  Dev 0.6184210777282715
Epoch   9: Test 0.6947162747383118
patience: 0 / 6
Epoch  10  Train Loss 2.4018 99.91%
Epoch  10:  Dev 0.5487977266311646
patience: 1 / 6
Epoch  11  Train Loss 2.4018 99.91%
Epoch  11:  Dev 0.6059654355049133
patience: 2 / 6
Epoch  12  Train Loss 2.3984 99.92%
Epoch  12:  Dev 0.5898617506027222
patience: 3 / 6
Epoch  13  Train Loss 2.4024 99.92%
Epoch  13:  Dev 0.6264273524284363
Epoch  13: Test 0.673287034034729
patience: 0 / 6
Epoch  14  Train Loss 2.4038 99.93%
Epoch  14:  Dev 0.6028257608413696
patience: 1 / 6
Epoch  15  Train Loss 2.3964 99.93%
Epoch  15:  Dev 0.6138613820075989
patience: 2 / 6
Epoch  16  Train Loss 2.3958 99.94%
Epoch  16:  Dev 0.6201298832893372
patience: 3 / 6
Epoch  17  Train Loss 2.4080 99.93%
Epoch  17:  Dev 0.6223662495613098
patience: 4 / 6
Epoch  18  Train Loss 2.4040 99.93%
Epoch  18:  Dev 0.642361044883728
Epoch  18: Test 0.6886597871780396
patience: 0 / 6
Epoch  19  Train Loss 2.3963 99.94%
Epoch  19:  Dev 0.6405451893806458
patience: 1 / 6
Epoch  20  Train Loss 2.3993 99.94%
Epoch  20:  Dev 0.6208000183105469
patience: 2 / 6
Epoch  21  Train Loss 2.4027 99.94%
Epoch  21:  Dev 0.6352941393852234
patience: 3 / 6
Epoch  22  Train Loss 2.4003 99.94%
Epoch  22:  Dev 0.6068111658096313
patience: 4 / 6
Epoch  23  Train Loss 2.3982 99.95%
Epoch  23:  Dev 0.6404109001159668
patience: 5 / 6
Epoch  24  Train Loss 2.3997 99.95%
Epoch  24:  Dev 0.6387960314750671
patience: 6 / 6
setting train exemplar for learned classes
torch.Size([400, 2048])
BEST DEV 2: 0.642361044883728
BEST TEST 2: 0.6886597871780396
torch.Size([400, 2048])
Epoch   1  Train Loss 2.2489 98.70%
Epoch   1:  Dev 0.5840092897415161
Epoch   1: Test 0.6186627745628357
patience: 0 / 6
Epoch   2  Train Loss 2.1237 99.65%
Epoch   2:  Dev 0.586448609828949
Epoch   2: Test 0.6228528618812561
patience: 0 / 6
Epoch   3  Train Loss 2.1193 99.74%
Epoch   3:  Dev 0.5437100529670715
patience: 1 / 6
Epoch   4  Train Loss 2.1133 99.78%
Epoch   4:  Dev 0.5760368704795837
patience: 2 / 6
Epoch   5  Train Loss 2.1111 99.83%
Epoch   5:  Dev 0.6002400517463684
Epoch   5: Test 0.6352396011352539
patience: 0 / 6
Epoch   6  Train Loss 2.1051 99.86%
Epoch   6:  Dev 0.6100000143051147
Epoch   6: Test 0.6401299834251404
patience: 0 / 6
Epoch   7  Train Loss 2.1095 99.88%
Epoch   7:  Dev 0.5628604292869568
patience: 1 / 6
Epoch   8  Train Loss 2.1082 99.90%
Epoch   8:  Dev 0.620779275894165
Epoch   8: Test 0.6444073915481567
patience: 0 / 6
Epoch   9  Train Loss 2.1037 99.92%
Epoch   9:  Dev 0.6088050603866577
patience: 1 / 6
Epoch  10  Train Loss 2.1031 99.93%
Epoch  10:  Dev 0.6017698645591736
patience: 2 / 6
Epoch  11  Train Loss 2.1088 99.93%
Epoch  11:  Dev 0.6238532066345215
Epoch  11: Test 0.6247934103012085
patience: 0 / 6
Epoch  12  Train Loss 2.1046 99.94%
Epoch  12:  Dev 0.5972738265991211
patience: 1 / 6
Epoch  13  Train Loss 2.1043 99.94%
Epoch  13:  Dev 0.6123521327972412
patience: 2 / 6
Epoch  14  Train Loss 2.1032 99.95%
Epoch  14:  Dev 0.6086956262588501
patience: 3 / 6
Epoch  15  Train Loss 2.1031 99.95%
Epoch  15:  Dev 0.5977301001548767
patience: 4 / 6
Epoch  16  Train Loss 2.1040 99.96%
Epoch  16:  Dev 0.6173800230026245
patience: 5 / 6
Epoch  17  Train Loss 2.1018 99.96%
Epoch  17:  Dev 0.62618088722229
Epoch  17: Test 0.6279271245002747
patience: 0 / 6
Epoch  18  Train Loss 2.1022 99.95%
Epoch  18:  Dev 0.6105527877807617
patience: 1 / 6
Epoch  19  Train Loss 2.0987 99.96%
Epoch  19:  Dev 0.6047678589820862
patience: 2 / 6
Epoch  20  Train Loss 2.1020 99.96%
Epoch  20:  Dev 0.6083650588989258
patience: 3 / 6
Epoch  21  Train Loss 2.0997 99.96%
Epoch  21:  Dev 0.623828649520874
patience: 4 / 6
Epoch  22  Train Loss 2.1021 99.96%
Epoch  22:  Dev 0.5924051403999329
patience: 5 / 6
Epoch  23  Train Loss 2.1011 99.96%
Epoch  23:  Dev 0.6020671725273132
patience: 6 / 6
setting train exemplar for learned classes
torch.Size([500, 2048])
BEST DEV 3: 0.62618088722229
BEST TEST 3: 0.6279271245002747
torch.Size([500, 2048])
Epoch   1  Train Loss 2.9180 98.41%
Epoch   1:  Dev 0.5877465605735779
Epoch   1: Test 0.5765885710716248
patience: 0 / 6
Epoch   2  Train Loss 2.7041 99.78%
Epoch   2:  Dev 0.5982906222343445
Epoch   2: Test 0.5856655240058899
patience: 0 / 6
Epoch   3  Train Loss 2.6950 99.84%
Epoch   3:  Dev 0.5746653079986572
patience: 1 / 6
Epoch   4  Train Loss 2.6880 99.87%
Epoch   4:  Dev 0.6067415475845337
Epoch   4: Test 0.5912669897079468
patience: 0 / 6
Epoch   5  Train Loss 2.6856 99.89%
Epoch   5:  Dev 0.6040723919868469
patience: 1 / 6
Epoch   6  Train Loss 2.6842 99.91%
Epoch   6:  Dev 0.6167400479316711
Epoch   6: Test 0.58913654088974
patience: 0 / 6
Epoch   7  Train Loss 2.6837 99.92%
Epoch   7:  Dev 0.6052631735801697
patience: 1 / 6
Epoch   8  Train Loss 2.6807 99.93%
Epoch   8:  Dev 0.5950225591659546
patience: 2 / 6
Epoch   9  Train Loss 2.6817 99.95%
Epoch   9:  Dev 0.6120591759681702
patience: 3 / 6
Epoch  10  Train Loss 2.6788 99.95%
Epoch  10:  Dev 0.6080178022384644
patience: 4 / 6
Epoch  11  Train Loss 2.6788 99.94%
Epoch  11:  Dev 0.6171171069145203
Epoch  11: Test 0.5926986336708069
patience: 0 / 6
Epoch  12  Train Loss 2.6788 99.95%
Epoch  12:  Dev 0.6109252572059631
patience: 1 / 6
Epoch  13  Train Loss 2.6763 99.95%
Epoch  13:  Dev 0.6064209342002869
patience: 2 / 6
Epoch  14  Train Loss 2.6802 99.95%
Epoch  14:  Dev 0.605140209197998
patience: 3 / 6
Epoch  15  Train Loss 2.6782 99.96%
Epoch  15:  Dev 0.6087912917137146
patience: 4 / 6
Epoch  16  Train Loss 2.6775 99.96%
Epoch  16:  Dev 0.6095017194747925
patience: 5 / 6
Epoch  17  Train Loss 2.6755 99.96%
Epoch  17:  Dev 0.6171967387199402
Epoch  17: Test 0.5820568799972534
patience: 0 / 6
Epoch  18  Train Loss 2.6778 99.97%
Epoch  18:  Dev 0.5835239887237549
patience: 1 / 6
Epoch  19  Train Loss 2.6760 99.97%
Epoch  19:  Dev 0.6111111044883728
patience: 2 / 6
Epoch  20  Train Loss 2.6752 99.97%
Epoch  20:  Dev 0.6130536198616028
patience: 3 / 6
Epoch  21  Train Loss 2.6753 99.97%
Epoch  21:  Dev 0.6076833605766296
patience: 4 / 6
Epoch  22  Train Loss 2.6748 99.97%
Epoch  22:  Dev 0.6056337952613831
patience: 5 / 6
Epoch  23  Train Loss 2.6774 99.96%
Epoch  23:  Dev 0.6059907674789429
patience: 6 / 6
setting train exemplar for learned classes
torch.Size([660, 2048])
BEST DEV 4: 0.6171967387199402
BEST TEST 4: 0.5820568799972534
