Dump name space
results/ace/NashMTL_kl_narate-40_cluster-4_gen-10_lm_temp-2_class_alpha-0.5/perm_2/options.json
Dump name space
results/ace/NashMTL_kl_narate-40_cluster-4_gen-10_lm_temp-2_class_alpha-0.5/perm_2/options.json
Dump name space
results/ace/NashMTL_kl_narate-40_cluster-4_gen-10_lm_temp-2_class_alpha-0.5/perm_2/options.json
Dump name space
results/ace/NashMTL_kl_narate-40_cluster-4_gen-10_lm_temp-2_class_alpha-0.5/perm_2/options.json
Dump name space
results/ace/NashMTL_kl_narate-40_cluster-4_gen-10_lm_temp-2_class_alpha-0.5/perm_2/options.json
[[188, 199, 184, 194, 189, 190, 178, 186, 197, 0], [200, 180, 173, 198, 177, 0], [191, 187, 195, 171, 174, 179, 0], [196, 181, 182, 202, 185, 176, 170, 192, 0], [201, 183, 193, 172, 175, 0]]
False
train loader and exclude loader:  0
Original len train instances: 265115
train loader and exclude loader:  1
Original len train instances: 264531
train loader and exclude loader:  2
Original len train instances: 263812
train loader and exclude loader:  3
Original len train instances: 262973
train loader and exclude loader:  4
Original len train instances: 262361
Original len dev instances: 54053
Original len test instances: 93949
create basgMTL 4
False True
Epoch   1  Train Loss 0.1225 99.20%
Epoch   1:  Dev 0.4736841917037964
Epoch   1: Test 0.5648148655891418
patience: 0 / 6
Epoch   2  Train Loss 0.0342 99.65%
Epoch   2:  Dev 0.43187659978866577
patience: 1 / 6
Epoch   3  Train Loss 0.0250 99.67%
Epoch   3:  Dev 0.4516128897666931
patience: 2 / 6
Epoch   4  Train Loss 0.0184 99.71%
Epoch   4:  Dev 0.5448916554450989
Epoch   4: Test 0.6666666865348816
patience: 0 / 6
Epoch   5  Train Loss 0.0146 99.75%
Epoch   5:  Dev 0.4738292098045349
patience: 1 / 6
Epoch   6  Train Loss 0.0115 99.78%
Epoch   6:  Dev 0.4972066581249237
patience: 2 / 6
Epoch   7  Train Loss 0.0097 99.80%
Epoch   7:  Dev 0.5256409645080566
patience: 3 / 6
Epoch   8  Train Loss 0.0082 99.83%
Epoch   8:  Dev 0.5060240626335144
patience: 4 / 6
