Dump name space
results/ace/NashMTL/perm_4/options.json
Dump name space
results/ace/NashMTL/perm_4/options.json
Dump name space
results/ace/NashMTL/perm_4/options.json
Dump name space
results/ace/NashMTL/perm_4/options.json
[[200, 180, 173, 198, 177, 0], [196, 181, 182, 202, 185, 176, 170, 192, 0], [188, 199, 184, 194, 189, 190, 178, 186, 197, 0], [191, 187, 195, 171, 174, 179, 0], [201, 183, 193, 172, 175, 0]]
False
train loader and exclude loader:  0
Original len train instances: 265115
train loader and exclude loader:  1
Original len train instances: 264396
train loader and exclude loader:  2
Original len train instances: 263784
train loader and exclude loader:  3
Original len train instances: 263200
train loader and exclude loader:  4
Original len train instances: 262361
Original len dev instances: 54053
Original len test instances: 93949
create basgMTL 4
False True
Epoch   1  Train Loss 0.0926 99.11%
Epoch   1:  Dev 0.544715404510498
Epoch   1: Test 0.43243247270584106
patience: 0 / 6
Epoch   2  Train Loss 0.0301 99.43%
Epoch   2:  Dev 0.44923079013824463
patience: 1 / 6
Epoch   3  Train Loss 0.0243 99.47%
Epoch   3:  Dev 0.5440613031387329
patience: 2 / 6
Epoch   4  Train Loss 0.0194 99.56%
Epoch   4:  Dev 0.5446808934211731
patience: 3 / 6
Epoch   5  Train Loss 0.0163 99.61%
Epoch   5:  Dev 0.5128205418586731
patience: 4 / 6
Epoch   6  Train Loss 0.0136 99.65%
Epoch   6:  Dev 0.536965012550354
patience: 5 / 6
Epoch   7  Train Loss 0.0115 99.71%
Epoch   7:  Dev 0.5173745155334473
patience: 6 / 6
setting train exemplar for learned classes
torch.Size([100, 2048])
BEST DEV 0: 0.544715404510498
BEST TEST 0: 0.43243247270584106
torch.Size([100, 2048])
Epoch   1  Train Loss 4.3131 98.10%
Epoch   1:  Dev 0.46286699175834656
Epoch   1: Test 0.4512820541858673
patience: 0 / 6
Epoch   2  Train Loss 4.1378 99.25%
Epoch   2:  Dev 0.5289575457572937
Epoch   2: Test 0.4900849759578705
patience: 0 / 6
Epoch   3  Train Loss 4.1160 99.38%
Epoch   3:  Dev 0.5483871102333069
Epoch   3: Test 0.4943181872367859
patience: 0 / 6
Epoch   4  Train Loss 4.1035 99.47%
Epoch   4:  Dev 0.5682820081710815
Epoch   4: Test 0.4962405860424042
patience: 0 / 6
Epoch   5  Train Loss 4.0966 99.51%
Epoch   5:  Dev 0.5903890132904053
Epoch   5: Test 0.5131375789642334
patience: 0 / 6
Epoch   6  Train Loss 4.0894 99.57%
Epoch   6:  Dev 0.5871559977531433
patience: 1 / 6
Epoch   7  Train Loss 4.0849 99.62%
Epoch   7:  Dev 0.5746102929115295
patience: 2 / 6
Epoch   8  Train Loss 4.0803 99.64%
Epoch   8:  Dev 0.59183669090271
Epoch   8: Test 0.5067567825317383
patience: 0 / 6
Epoch   9  Train Loss 4.0779 99.70%
Epoch   9:  Dev 0.5542168617248535
patience: 1 / 6
Epoch  10  Train Loss 4.0759 99.71%
Epoch  10:  Dev 0.6250000596046448
Epoch  10: Test 0.4909747540950775
patience: 0 / 6
Epoch  11  Train Loss 4.0747 99.73%
Epoch  11:  Dev 0.5721784234046936
patience: 1 / 6
Epoch  12  Train Loss 4.0730 99.76%
Epoch  12:  Dev 0.5922077298164368
patience: 2 / 6
Epoch  13  Train Loss 4.0726 99.77%
Epoch  13:  Dev 0.6005222201347351
patience: 3 / 6
Epoch  14  Train Loss 4.0713 99.78%
Epoch  14:  Dev 0.5974025726318359
patience: 4 / 6
Epoch  15  Train Loss 4.0694 99.80%
Epoch  15:  Dev 0.5891472697257996
patience: 5 / 6
Epoch  16  Train Loss 4.0696 99.81%
Epoch  16:  Dev 0.5900783538818359
patience: 6 / 6
setting train exemplar for learned classes
torch.Size([260, 2048])
BEST DEV 1: 0.6250000596046448
BEST TEST 1: 0.4909747540950775
torch.Size([260, 2048])
Epoch   1  Train Loss 2.9222 97.99%
Epoch   1:  Dev 0.5345080494880676
Epoch   1: Test 0.5104712247848511
patience: 0 / 6
Epoch   2  Train Loss 2.7910 99.58%
Epoch   2:  Dev 0.5123966932296753
patience: 1 / 6
Epoch   3  Train Loss 2.7758 99.63%
Epoch   3:  Dev 0.5697329640388489
Epoch   3: Test 0.5318559408187866
patience: 0 / 6
Epoch   4  Train Loss 2.7683 99.66%
Epoch   4:  Dev 0.5714285373687744
Epoch   4: Test 0.5353675484657288
patience: 0 / 6
Epoch   5  Train Loss 2.7617 99.70%
Epoch   5:  Dev 0.5653495192527771
patience: 1 / 6
Epoch   6  Train Loss 2.7590 99.74%
Epoch   6:  Dev 0.5284552574157715
patience: 2 / 6
Epoch   7  Train Loss 2.7510 99.76%
Epoch   7:  Dev 0.5324137806892395
patience: 3 / 6
Epoch   8  Train Loss 2.7500 99.78%
Epoch   8:  Dev 0.5460030436515808
patience: 4 / 6
Epoch   9  Train Loss 2.7484 99.82%
Epoch   9:  Dev 0.5467836260795593
patience: 5 / 6
Epoch  10  Train Loss 2.7445 99.83%
Epoch  10:  Dev 0.5644171833992004
patience: 6 / 6
setting train exemplar for learned classes
torch.Size([440, 2048])
BEST DEV 2: 0.5714285373687744
BEST TEST 2: 0.5353675484657288
torch.Size([440, 2048])
Epoch   1  Train Loss 2.8830 98.65%
Epoch   1:  Dev 0.5244215726852417
Epoch   1: Test 0.5538461208343506
patience: 0 / 6
Epoch   2  Train Loss 2.8005 99.46%
Epoch   2:  Dev 0.5233880877494812
patience: 1 / 6
Epoch   3  Train Loss 2.7842 99.52%
Epoch   3:  Dev 0.5381526350975037
Epoch   3: Test 0.5631840825080872
patience: 0 / 6
Epoch   4  Train Loss 2.7765 99.56%
Epoch   4:  Dev 0.5369127988815308
patience: 1 / 6
Epoch   5  Train Loss 2.7697 99.61%
Epoch   5:  Dev 0.5408300161361694
Epoch   5: Test 0.5657764077186584
patience: 0 / 6
Epoch   6  Train Loss 2.7646 99.63%
Epoch   6:  Dev 0.5361930131912231
patience: 1 / 6
Epoch   7  Train Loss 2.7588 99.68%
Epoch   7:  Dev 0.5335120558738708
patience: 2 / 6
Epoch   8  Train Loss 2.7560 99.71%
Epoch   8:  Dev 0.5446927547454834
Epoch   8: Test 0.5609755516052246
patience: 0 / 6
Epoch   9  Train Loss 2.7521 99.75%
Epoch   9:  Dev 0.5394190549850464
patience: 1 / 6
Epoch  10  Train Loss 2.7506 99.77%
Epoch  10:  Dev 0.5362517237663269
patience: 2 / 6
Epoch  11  Train Loss 2.7476 99.77%
Epoch  11:  Dev 0.543884813785553
patience: 3 / 6
Epoch  12  Train Loss 2.7484 99.80%
Epoch  12:  Dev 0.5307262539863586
patience: 4 / 6
Epoch  13  Train Loss 2.7476 99.81%
Epoch  13:  Dev 0.5406203269958496
patience: 5 / 6
Epoch  14  Train Loss 2.7465 99.82%
Epoch  14:  Dev 0.5348188877105713
patience: 6 / 6
setting train exemplar for learned classes
torch.Size([560, 2048])
BEST DEV 3: 0.5446927547454834
BEST TEST 3: 0.5609755516052246
torch.Size([560, 2048])
Epoch   1  Train Loss 3.4569 97.66%
Epoch   1:  Dev 0.5644820928573608
Epoch   1: Test 0.6190475821495056
patience: 0 / 6
Epoch   2  Train Loss 3.3551 99.41%
Epoch   2:  Dev 0.5732759237289429
Epoch   2: Test 0.6222808361053467
patience: 0 / 6
Epoch   3  Train Loss 3.3436 99.48%
Epoch   3:  Dev 0.5634095668792725
patience: 1 / 6
Epoch   4  Train Loss 3.3382 99.53%
Epoch   4:  Dev 0.5560081601142883
patience: 2 / 6
Epoch   5  Train Loss 3.3320 99.60%
Epoch   5:  Dev 0.5672877430915833
patience: 3 / 6
Epoch   6  Train Loss 3.3286 99.64%
Epoch   6:  Dev 0.5640495419502258
patience: 4 / 6
Epoch   7  Train Loss 3.3266 99.68%
Epoch   7:  Dev 0.552763819694519
patience: 5 / 6
Epoch   8  Train Loss 3.3253 99.71%
Epoch   8:  Dev 0.5745375752449036
Epoch   8: Test 0.6280447840690613
patience: 0 / 6
Epoch   9  Train Loss 3.3208 99.73%
Epoch   9:  Dev 0.5566801428794861
patience: 1 / 6
Epoch  10  Train Loss 3.3206 99.75%
Epoch  10:  Dev 0.5675105452537537
patience: 2 / 6
Epoch  11  Train Loss 3.3178 99.77%
Epoch  11:  Dev 0.5604277849197388
patience: 3 / 6
Epoch  12  Train Loss 3.3178 99.78%
Epoch  12:  Dev 0.570810854434967
patience: 4 / 6
Epoch  13  Train Loss 3.3173 99.80%
Epoch  13:  Dev 0.5766344666481018
Epoch  13: Test 0.6219354271888733
patience: 0 / 6
Epoch  14  Train Loss 3.3180 99.80%
Epoch  14:  Dev 0.5666666626930237
patience: 1 / 6
Epoch  15  Train Loss 3.3161 99.81%
Epoch  15:  Dev 0.5723404288291931
patience: 2 / 6
Epoch  16  Train Loss 3.3156 99.82%
Epoch  16:  Dev 0.5863192081451416
Epoch  16: Test 0.6092029213905334
patience: 0 / 6
Epoch  17  Train Loss 3.3171 99.83%
Epoch  17:  Dev 0.5849889516830444
patience: 1 / 6
Epoch  18  Train Loss 3.3133 99.84%
Epoch  18:  Dev 0.5623722076416016
patience: 2 / 6
Epoch  19  Train Loss 3.3119 99.84%
Epoch  19:  Dev 0.5800215005874634
patience: 3 / 6
Epoch  20  Train Loss 3.3117 99.84%
Epoch  20:  Dev 0.5884956121444702
Epoch  20: Test 0.6229290962219238
patience: 0 / 6
Epoch  21  Train Loss 3.3123 99.85%
Epoch  21:  Dev 0.5742144584655762
patience: 1 / 6
Epoch  22  Train Loss 3.3103 99.86%
Epoch  22:  Dev 0.5763813853263855
patience: 2 / 6
Epoch  23  Train Loss 3.3128 99.85%
Epoch  23:  Dev 0.5844444632530212
patience: 3 / 6
Epoch  24  Train Loss 3.3103 99.86%
Epoch  24:  Dev 0.5689084529876709
patience: 4 / 6
Epoch  25  Train Loss 3.3117 99.85%
Epoch  25:  Dev 0.5820568799972534
patience: 5 / 6
Epoch  26  Train Loss 3.3111 99.87%
Epoch  26:  Dev 0.5825027823448181
patience: 6 / 6
setting train exemplar for learned classes
torch.Size([660, 2048])
BEST DEV 4: 0.5884956121444702
BEST TEST 4: 0.6229290962219238
