Dump name space
results/ace/NashMTL_woMOO_woNAloss_cluster-4_gen-10/perm_4/options.json
Dump name space
results/ace/NashMTL_woMOO_woNAloss_cluster-4_gen-10/perm_4/options.json
Dump name space
results/ace/NashMTL_woMOO_woNAloss_cluster-4_gen-10/perm_4/options.json
Dump name space
results/ace/NashMTL_woMOO_woNAloss_cluster-4_gen-10/perm_4/options.json
[[200, 180, 173, 198, 177, 0], [196, 181, 182, 202, 185, 176, 170, 192, 0], [188, 199, 184, 194, 189, 190, 178, 186, 197, 0], [191, 187, 195, 171, 174, 179, 0], [201, 183, 193, 172, 175, 0]]
False
train loader and exclude loader:  0
Original len train instances: 265115
train loader and exclude loader:  1
Original len train instances: 264396
train loader and exclude loader:  2
Original len train instances: 263784
train loader and exclude loader:  3
Original len train instances: 263200
train loader and exclude loader:  4
Original len train instances: 262361
Original len dev instances: 54053
Original len test instances: 93949
create basgMTL 4
False True
Epoch   1  Train Loss 0.0417 98.26%
Epoch   1:  Dev 0.4094487726688385
Epoch   1: Test 0.4893617331981659
patience: 0 / 6
Epoch   2  Train Loss 0.0061 98.53%
Epoch   2:  Dev 0.6075949668884277
Epoch   2: Test 0.5128204822540283
patience: 0 / 6
Epoch   3  Train Loss 0.0049 98.56%
Epoch   3:  Dev 0.6202531456947327
Epoch   3: Test 0.5056179761886597
patience: 0 / 6
Epoch   4  Train Loss 0.0041 98.58%
Epoch   4:  Dev 0.5540540814399719
patience: 1 / 6
Epoch   5  Train Loss 0.0033 98.62%
Epoch   5:  Dev 0.583783745765686
patience: 2 / 6
Epoch   6  Train Loss 0.0026 98.64%
Epoch   6:  Dev 0.57485032081604
patience: 3 / 6
Epoch   7  Train Loss 0.0022 98.65%
Epoch   7:  Dev 0.530386745929718
patience: 4 / 6
Epoch   8  Train Loss 0.0015 98.68%
Epoch   8:  Dev 0.5333333015441895
patience: 5 / 6
Epoch   9  Train Loss 0.0014 98.68%
Epoch   9:  Dev 0.5227272510528564
patience: 6 / 6
setting train exemplar for learned classes
torch.Size([100, 2048])
BEST DEV 0: 0.6202531456947327
BEST TEST 0: 0.5056179761886597
torch.Size([100, 2048])
Epoch   1  Train Loss 0.1637 98.36%
Epoch   1:  Dev 0.5791245102882385
Epoch   1: Test 0.440191388130188
patience: 0 / 6
Epoch   2  Train Loss 0.1496 98.77%
Epoch   2:  Dev 0.5484949946403503
patience: 1 / 6
Epoch   3  Train Loss 0.1480 98.82%
Epoch   3:  Dev 0.5923566818237305
Epoch   3: Test 0.49302324652671814
patience: 0 / 6
Epoch   4  Train Loss 0.1473 98.84%
Epoch   4:  Dev 0.5694444179534912
patience: 1 / 6
Epoch   5  Train Loss 0.1467 98.86%
Epoch   5:  Dev 0.6006389856338501
Epoch   5: Test 0.5034013986587524
patience: 0 / 6
Epoch   6  Train Loss 0.1464 98.87%
Epoch   6:  Dev 0.5507246851921082
patience: 1 / 6
Epoch   7  Train Loss 0.1460 98.89%
Epoch   7:  Dev 0.5889967679977417
patience: 2 / 6
Epoch   8  Train Loss 0.1458 98.90%
Epoch   8:  Dev 0.6020066738128662
Epoch   8: Test 0.4622870981693268
patience: 0 / 6
Epoch   9  Train Loss 0.1455 98.91%
Epoch   9:  Dev 0.596825361251831
patience: 1 / 6
Epoch  10  Train Loss 0.1454 98.92%
Epoch  10:  Dev 0.5158730149269104
patience: 2 / 6
Epoch  11  Train Loss 0.1452 98.92%
Epoch  11:  Dev 0.607594907283783
Epoch  11: Test 0.47863247990608215
patience: 0 / 6
Epoch  12  Train Loss 0.1451 98.93%
Epoch  12:  Dev 0.5540540814399719
patience: 1 / 6
Epoch  13  Train Loss 0.1450 98.93%
Epoch  13:  Dev 0.5605536103248596
patience: 2 / 6
Epoch  14  Train Loss 0.1450 98.93%
Epoch  14:  Dev 0.5480426549911499
patience: 3 / 6
Epoch  15  Train Loss 0.1449 98.94%
Epoch  15:  Dev 0.5724138021469116
patience: 4 / 6
Epoch  16  Train Loss 0.1449 98.94%
Epoch  16:  Dev 0.5791245102882385
patience: 5 / 6
Epoch  17  Train Loss 0.1449 98.94%
Epoch  17:  Dev 0.5847176313400269
patience: 6 / 6
setting train exemplar for learned classes
torch.Size([260, 2048])
BEST DEV 1: 0.607594907283783
BEST TEST 1: 0.47863247990608215
torch.Size([260, 2048])
Epoch   1  Train Loss 0.2866 98.43%
Epoch   1:  Dev 0.5743380784988403
Epoch   1: Test 0.44797179102897644
patience: 0 / 6
Epoch   2  Train Loss 0.2730 99.02%
Epoch   2:  Dev 0.5850860476493835
Epoch   2: Test 0.4917491376399994
patience: 0 / 6
Epoch   3  Train Loss 0.2720 99.03%
Epoch   3:  Dev 0.5680934190750122
patience: 1 / 6
Epoch   4  Train Loss 0.2718 99.04%
Epoch   4:  Dev 0.5952380895614624
Epoch   4: Test 0.4677966237068176
patience: 0 / 6
Epoch   5  Train Loss 0.2714 99.06%
Epoch   5:  Dev 0.5740740299224854
patience: 1 / 6
Epoch   6  Train Loss 0.2711 99.07%
Epoch   6:  Dev 0.5775401592254639
patience: 2 / 6
Epoch   7  Train Loss 0.2710 99.08%
Epoch   7:  Dev 0.5867620706558228
patience: 3 / 6
Epoch   8  Train Loss 0.2704 99.09%
Epoch   8:  Dev 0.5964285731315613
Epoch   8: Test 0.4885993003845215
patience: 0 / 6
Epoch   9  Train Loss 0.2704 99.10%
Epoch   9:  Dev 0.5979381203651428
Epoch   9: Test 0.5073650479316711
patience: 0 / 6
Epoch  10  Train Loss 0.2703 99.10%
Epoch  10:  Dev 0.6007194519042969
Epoch  10: Test 0.49740931391716003
patience: 0 / 6
Epoch  11  Train Loss 0.2700 99.11%
Epoch  11:  Dev 0.5825932621955872
patience: 1 / 6
Epoch  12  Train Loss 0.2697 99.12%
Epoch  12:  Dev 0.5858209133148193
patience: 2 / 6
Epoch  13  Train Loss 0.2699 99.13%
Epoch  13:  Dev 0.5807692408561707
patience: 3 / 6
Epoch  14  Train Loss 0.2697 99.13%
Epoch  14:  Dev 0.5989304780960083
patience: 4 / 6
Epoch  15  Train Loss 0.2697 99.13%
Epoch  15:  Dev 0.5916515588760376
patience: 5 / 6
Epoch  16  Train Loss 0.2694 99.13%
Epoch  16:  Dev 0.5912409424781799
patience: 6 / 6
setting train exemplar for learned classes
torch.Size([440, 2048])
BEST DEV 2: 0.6007194519042969
BEST TEST 2: 0.49740931391716003
torch.Size([440, 2048])
Epoch   1  Train Loss 0.4937 98.82%
Epoch   1:  Dev 0.5401929616928101
Epoch   1: Test 0.5109677314758301
patience: 0 / 6
Epoch   2  Train Loss 0.4956 99.26%
Epoch   2:  Dev 0.5489566326141357
Epoch   2: Test 0.5508981347084045
patience: 0 / 6
Epoch   3  Train Loss 0.4946 99.30%
Epoch   3:  Dev 0.5532591342926025
Epoch   3: Test 0.5643564462661743
patience: 0 / 6
Epoch   4  Train Loss 0.4936 99.30%
Epoch   4:  Dev 0.5601266026496887
Epoch   4: Test 0.5625744462013245
patience: 0 / 6
Epoch   5  Train Loss 0.4941 99.32%
Epoch   5:  Dev 0.5655608177185059
Epoch   5: Test 0.5470085740089417
patience: 0 / 6
Epoch   6  Train Loss 0.4938 99.33%
Epoch   6:  Dev 0.5605095624923706
patience: 1 / 6
Epoch   7  Train Loss 0.4930 99.34%
Epoch   7:  Dev 0.5644171833992004
patience: 2 / 6
Epoch   8  Train Loss 0.4930 99.36%
Epoch   8:  Dev 0.5454545021057129
patience: 3 / 6
Epoch   9  Train Loss 0.4928 99.36%
Epoch   9:  Dev 0.5508607029914856
patience: 4 / 6
Epoch  10  Train Loss 0.4928 99.37%
Epoch  10:  Dev 0.5501618385314941
patience: 5 / 6
Epoch  11  Train Loss 0.4924 99.38%
Epoch  11:  Dev 0.547468364238739
patience: 6 / 6
setting train exemplar for learned classes
torch.Size([560, 2048])
BEST DEV 3: 0.5655608177185059
BEST TEST 3: 0.5470085740089417
torch.Size([560, 2048])
Epoch   1  Train Loss 0.8224 98.79%
Epoch   1:  Dev 0.5425790548324585
Epoch   1: Test 0.5905632376670837
patience: 0 / 6
Epoch   2  Train Loss 0.8148 99.63%
Epoch   2:  Dev 0.5503685474395752
Epoch   2: Test 0.5853658318519592
patience: 0 / 6
Epoch   3  Train Loss 0.8134 99.67%
Epoch   3:  Dev 0.5808019638061523
Epoch   3: Test 0.623718798160553
patience: 0 / 6
Epoch   4  Train Loss 0.8132 99.71%
Epoch   4:  Dev 0.5836299061775208
Epoch   4: Test 0.6295753717422485
patience: 0 / 6
Epoch   5  Train Loss 0.8128 99.73%
Epoch   5:  Dev 0.5992779731750488
Epoch   5: Test 0.6309611201286316
patience: 0 / 6
Epoch   6  Train Loss 0.8126 99.74%
Epoch   6:  Dev 0.5899280905723572
patience: 1 / 6
Epoch   7  Train Loss 0.8122 99.75%
Epoch   7:  Dev 0.6016647219657898
Epoch   7: Test 0.6272793412208557
patience: 0 / 6
Epoch   8  Train Loss 0.8121 99.77%
Epoch   8:  Dev 0.5769230723381042
patience: 1 / 6
Epoch   9  Train Loss 0.8115 99.78%
Epoch   9:  Dev 0.5864124298095703
patience: 2 / 6
Epoch  10  Train Loss 0.8117 99.80%
Epoch  10:  Dev 0.5896510481834412
patience: 3 / 6
Epoch  11  Train Loss 0.8116 99.81%
Epoch  11:  Dev 0.5878136157989502
patience: 4 / 6
Epoch  12  Train Loss 0.8114 99.82%
Epoch  12:  Dev 0.5875440835952759
patience: 5 / 6
Epoch  13  Train Loss 0.8115 99.83%
Epoch  13:  Dev 0.6079614162445068
Epoch  13: Test 0.6256409883499146
patience: 0 / 6
Epoch  14  Train Loss 0.8113 99.86%
Epoch  14:  Dev 0.6070588231086731
patience: 1 / 6
Epoch  15  Train Loss 0.8110 99.86%
Epoch  15:  Dev 0.5847666263580322
patience: 2 / 6
Epoch  16  Train Loss 0.8104 99.86%
Epoch  16:  Dev 0.592503011226654
patience: 3 / 6
Epoch  17  Train Loss 0.8106 99.88%
Epoch  17:  Dev 0.6045949459075928
patience: 4 / 6
Epoch  18  Train Loss 0.8110 99.87%
Epoch  18:  Dev 0.6081871390342712
Epoch  18: Test 0.6256263256072998
patience: 0 / 6
Epoch  19  Train Loss 0.8103 99.88%
Epoch  19:  Dev 0.6039489507675171
patience: 1 / 6
Epoch  20  Train Loss 0.8103 99.89%
Epoch  20:  Dev 0.5903187394142151
patience: 2 / 6
Epoch  21  Train Loss 0.8105 99.90%
Epoch  21:  Dev 0.5898942351341248
patience: 3 / 6
Epoch  22  Train Loss 0.8104 99.90%
Epoch  22:  Dev 0.5890735983848572
patience: 4 / 6
Epoch  23  Train Loss 0.8102 99.91%
Epoch  23:  Dev 0.5995316505432129
patience: 5 / 6
Epoch  24  Train Loss 0.8102 99.91%
Epoch  24:  Dev 0.5961538553237915
patience: 6 / 6
setting train exemplar for learned classes
torch.Size([660, 2048])
BEST DEV 4: 0.6081871390342712
BEST TEST 4: 0.6256263256072998
