Dump name space
results/ace/NashMTL_kl_narate-10_cluster-4_gen-10_lm_temp-2_class_alpha-0.2/perm_1/options.json
Dump name space
results/ace/NashMTL_kl_narate-10_cluster-4_gen-10_lm_temp-2_class_alpha-0.2/perm_1/options.json
Dump name space
results/ace/NashMTL_kl_narate-10_cluster-4_gen-10_lm_temp-2_class_alpha-0.2/perm_1/options.json
Dump name space
results/ace/NashMTL_kl_narate-10_cluster-4_gen-10_lm_temp-2_class_alpha-0.2/perm_1/options.json
Dump name space
results/ace/NashMTL_kl_narate-10_cluster-4_gen-10_lm_temp-2_class_alpha-0.2/perm_1/options.json
[[196, 181, 182, 202, 185, 176, 170, 192, 0], [200, 180, 173, 198, 177, 0], [201, 183, 193, 172, 175, 0], [191, 187, 195, 171, 174, 179, 0], [188, 199, 184, 194, 189, 190, 178, 186, 197, 0]]
False
train loader and exclude loader:  0
Original len train instances: 265115
train loader and exclude loader:  1
Original len train instances: 264503
train loader and exclude loader:  2
Original len train instances: 263784
train loader and exclude loader:  3
Original len train instances: 262450
train loader and exclude loader:  4
Original len train instances: 261611
Original len dev instances: 54053
Original len test instances: 93949
create basgMTL 4
False True
Epoch   1  Train Loss 0.2453 98.79%
Epoch   1:  Dev 0.21935483813285828
Epoch   1: Test 0.2531645596027374
patience: 0 / 6
Epoch   2  Train Loss 0.0778 99.06%
Epoch   2:  Dev 0.27218931913375854
Epoch   2: Test 0.30813953280448914
patience: 0 / 6
Epoch   3  Train Loss 0.0545 99.18%
Epoch   3:  Dev 0.3309002220630646
Epoch   3: Test 0.34838709235191345
patience: 0 / 6
Epoch   4  Train Loss 0.0411 99.27%
Epoch   4:  Dev 0.4144737124443054
Epoch   4: Test 0.41889116168022156
patience: 0 / 6
Epoch   5  Train Loss 0.0341 99.40%
Epoch   5:  Dev 0.2937365174293518
patience: 1 / 6
Epoch   6  Train Loss 0.0262 99.49%
Epoch   6:  Dev 0.4822695553302765
Epoch   6: Test 0.41525423526763916
patience: 0 / 6
Epoch   7  Train Loss 0.0231 99.56%
Epoch   7:  Dev 0.5074626803398132
Epoch   7: Test 0.4708625078201294
patience: 0 / 6
Epoch   8  Train Loss 0.0198 99.60%
Epoch   8:  Dev 0.4300341308116913
patience: 1 / 6
Epoch   9  Train Loss 0.0183 99.62%
Epoch   9:  Dev 0.48000001907348633
patience: 2 / 6
Epoch  10  Train Loss 0.0159 99.65%
Epoch  10:  Dev 0.5161290168762207
Epoch  10: Test 0.44392526149749756
patience: 0 / 6
Epoch  11  Train Loss 0.0148 99.71%
Epoch  11:  Dev 0.5378150939941406
Epoch  11: Test 0.4699999690055847
patience: 0 / 6
Epoch  12  Train Loss 0.0131 99.71%
Epoch  12:  Dev 0.5600000023841858
Epoch  12: Test 0.4730077385902405
patience: 0 / 6
Epoch  13  Train Loss 0.0120 99.76%
Epoch  13:  Dev 0.5485232472419739
patience: 1 / 6
Epoch  14  Train Loss 0.0097 99.79%
Epoch  14:  Dev 0.43030306696891785
patience: 2 / 6
Epoch  15  Train Loss 0.0085 99.82%
Epoch  15:  Dev 0.5596330165863037
patience: 3 / 6
Epoch  16  Train Loss 0.0102 99.79%
Epoch  16:  Dev 0.5566037893295288
patience: 4 / 6
Epoch  17  Train Loss 0.0095 99.80%
Epoch  17:  Dev 0.6178010106086731
Epoch  17: Test 0.48275864124298096
patience: 0 / 6
Epoch  18  Train Loss 0.0084 99.84%
Epoch  18:  Dev 0.530973494052887
patience: 1 / 6
Epoch  19  Train Loss 0.0069 99.86%
Epoch  19:  Dev 0.5999999642372131
patience: 2 / 6
Epoch  20  Train Loss 0.0068 99.87%
Epoch  20:  Dev 0.6222222447395325
Epoch  20: Test 0.5
patience: 0 / 6
Epoch  21  Train Loss 0.0075 99.85%
Epoch  21:  Dev 0.5981308817863464
patience: 1 / 6
Epoch  22  Train Loss 0.0083 99.85%
Epoch  22:  Dev 0.6069652438163757
patience: 2 / 6
Epoch  23  Train Loss 0.0058 99.89%
Epoch  23:  Dev 0.6030150651931763
patience: 3 / 6
Epoch  24  Train Loss 0.0056 99.90%
Epoch  24:  Dev 0.6315789222717285
Epoch  24: Test 0.473053902387619
patience: 0 / 6
Epoch  25  Train Loss 0.0068 99.88%
Epoch  25:  Dev 0.5660377144813538
patience: 1 / 6
Epoch  26  Train Loss 0.0070 99.87%
Epoch  26:  Dev 0.6292134523391724
patience: 2 / 6
Epoch  27  Train Loss 0.0051 99.90%
Epoch  27:  Dev 0.5619047284126282
patience: 3 / 6
Epoch  28  Train Loss 0.0050 99.91%
Epoch  28:  Dev 0.5816326141357422
patience: 4 / 6
Epoch  29  Train Loss 0.0060 99.89%
Epoch  29:  Dev 0.5462962985038757
patience: 5 / 6
Epoch  30  Train Loss 0.0050 99.90%
Epoch  30:  Dev 0.4603773355484009
patience: 6 / 6
setting train exemplar for learned classes
torch.Size([160, 2048])
BEST DEV 0: 0.6315789222717285
BEST TEST 0: 0.473053902387619
torch.Size([160, 2048])
Epoch   1  Train Loss 2.2224 97.92%
Epoch   1:  Dev 0.48428836464881897
Epoch   1: Test 0.39764702320098877
patience: 0 / 6
Epoch   2  Train Loss 2.0466 99.27%
Epoch   2:  Dev 0.5454545021057129
Epoch   2: Test 0.4556962251663208
patience: 0 / 6
Epoch   3  Train Loss 2.0272 99.35%
Epoch   3:  Dev 0.5682820081710815
Epoch   3: Test 0.44813278317451477
patience: 0 / 6
Epoch   4  Train Loss 2.0131 99.44%
Epoch   4:  Dev 0.5628998279571533
patience: 1 / 6
Epoch   5  Train Loss 1.9995 99.49%
Epoch   5:  Dev 0.5295315980911255
patience: 2 / 6
Epoch   6  Train Loss 1.9830 99.57%
Epoch   6:  Dev 0.6184538006782532
Epoch   6: Test 0.5082508325576782
patience: 0 / 6
Epoch   7  Train Loss 1.9925 99.61%
Epoch   7:  Dev 0.6130653619766235
patience: 1 / 6
Epoch   8  Train Loss 1.9669 99.67%
Epoch   8:  Dev 0.5896806120872498
patience: 2 / 6
Epoch   9  Train Loss 1.9611 99.72%
Epoch   9:  Dev 0.5873015522956848
patience: 3 / 6
Epoch  10  Train Loss 1.9795 99.76%
Epoch  10:  Dev 0.5867971181869507
patience: 4 / 6
Epoch  11  Train Loss 1.9651 99.78%
Epoch  11:  Dev 0.6263735294342041
Epoch  11: Test 0.49739131331443787
patience: 0 / 6
Epoch  12  Train Loss 1.9688 99.81%
Epoch  12:  Dev 0.5999999046325684
patience: 1 / 6
Epoch  13  Train Loss 1.9563 99.82%
Epoch  13:  Dev 0.6091954112052917
patience: 2 / 6
Epoch  14  Train Loss 1.9606 99.83%
Epoch  14:  Dev 0.6079545021057129
patience: 3 / 6
Epoch  15  Train Loss 1.9635 99.87%
Epoch  15:  Dev 0.6063829660415649
patience: 4 / 6
Epoch  16  Train Loss 1.9550 99.86%
Epoch  16:  Dev 0.6171428561210632
patience: 5 / 6
Epoch  17  Train Loss 1.9558 99.88%
Epoch  17:  Dev 0.5936599373817444
patience: 6 / 6
setting train exemplar for learned classes
torch.Size([260, 2048])
BEST DEV 1: 0.6263735294342041
BEST TEST 1: 0.49739131331443787
torch.Size([260, 2048])
Epoch   1  Train Loss 3.0610 94.43%
Epoch   1:  Dev 0.5833333134651184
Epoch   1: Test 0.5396825075149536
patience: 0 / 6
Epoch   2  Train Loss 2.6139 99.21%
Epoch   2:  Dev 0.6133333444595337
Epoch   2: Test 0.5980014801025391
patience: 0 / 6
Epoch   3  Train Loss 2.5915 99.35%
Epoch   3:  Dev 0.5915080308914185
patience: 1 / 6
Epoch   4  Train Loss 2.5804 99.40%
Epoch   4:  Dev 0.6259780526161194
Epoch   4: Test 0.6066350936889648
patience: 0 / 6
Epoch   5  Train Loss 2.5687 99.49%
Epoch   5:  Dev 0.6325878500938416
Epoch   5: Test 0.6202428936958313
patience: 0 / 6
Epoch   6  Train Loss 2.5589 99.54%
Epoch   6:  Dev 0.6067073345184326
patience: 1 / 6
Epoch   7  Train Loss 2.5568 99.61%
Epoch   7:  Dev 0.6382306218147278
Epoch   7: Test 0.6226258873939514
patience: 0 / 6
Epoch   8  Train Loss 2.5511 99.65%
Epoch   8:  Dev 0.6544851064682007
Epoch   8: Test 0.6440383195877075
patience: 0 / 6
Epoch   9  Train Loss 2.5465 99.66%
Epoch   9:  Dev 0.6577630043029785
Epoch   9: Test 0.6279271245002747
patience: 0 / 6
Epoch  10  Train Loss 2.5411 99.71%
Epoch  10:  Dev 0.6520270705223083
patience: 1 / 6
Epoch  11  Train Loss 2.5379 99.74%
Epoch  11:  Dev 0.6275168061256409
patience: 2 / 6
Epoch  12  Train Loss 2.5377 99.75%
Epoch  12:  Dev 0.6428571343421936
patience: 3 / 6
Epoch  13  Train Loss 2.5406 99.76%
Epoch  13:  Dev 0.6561955213546753
patience: 4 / 6
Epoch  14  Train Loss 2.5369 99.78%
Epoch  14:  Dev 0.6524590253829956
patience: 5 / 6
Epoch  15  Train Loss 2.5357 99.79%
Epoch  15:  Dev 0.6505190134048462
patience: 6 / 6
setting train exemplar for learned classes
torch.Size([360, 2048])
BEST DEV 2: 0.6577630043029785
BEST TEST 2: 0.6279271245002747
torch.Size([360, 2048])
Epoch   1  Train Loss 3.0410 96.46%
Epoch   1:  Dev 0.6169590353965759
Epoch   1: Test 0.5994550585746765
patience: 0 / 6
Epoch   2  Train Loss 2.7574 99.42%
Epoch   2:  Dev 0.6054519414901733
patience: 1 / 6
Epoch   3  Train Loss 2.7294 99.48%
Epoch   3:  Dev 0.6220929622650146
Epoch   3: Test 0.6088765263557434
patience: 0 / 6
Epoch   4  Train Loss 2.7104 99.54%
Epoch   4:  Dev 0.6207951307296753
patience: 1 / 6
Epoch   5  Train Loss 2.6959 99.59%
Epoch   5:  Dev 0.6307692527770996
Epoch   5: Test 0.6244604587554932
patience: 0 / 6
Epoch   6  Train Loss 2.6833 99.64%
Epoch   6:  Dev 0.648809552192688
Epoch   6: Test 0.6106761693954468
patience: 0 / 6
Epoch   7  Train Loss 2.6742 99.67%
Epoch   7:  Dev 0.6350148320198059
patience: 1 / 6
Epoch   8  Train Loss 2.6666 99.70%
Epoch   8:  Dev 0.632872462272644
patience: 2 / 6
Epoch   9  Train Loss 2.6642 99.74%
Epoch   9:  Dev 0.6465256214141846
patience: 3 / 6
Epoch  10  Train Loss 2.6655 99.76%
Epoch  10:  Dev 0.6564417481422424
Epoch  10: Test 0.6207906603813171
patience: 0 / 6
Epoch  11  Train Loss 2.6606 99.78%
Epoch  11:  Dev 0.6443769335746765
patience: 1 / 6
Epoch  12  Train Loss 2.6584 99.79%
Epoch  12:  Dev 0.6460586786270142
patience: 2 / 6
Epoch  13  Train Loss 2.6592 99.80%
Epoch  13:  Dev 0.6480619311332703
patience: 3 / 6
Epoch  14  Train Loss 2.6576 99.80%
Epoch  14:  Dev 0.637499988079071
patience: 4 / 6
Epoch  15  Train Loss 2.6575 99.83%
Epoch  15:  Dev 0.6373984217643738
patience: 5 / 6
Epoch  16  Train Loss 2.6538 99.83%
Epoch  16:  Dev 0.6411042809486389
patience: 6 / 6
setting train exemplar for learned classes
torch.Size([480, 2048])
BEST DEV 3: 0.6564417481422424
BEST TEST 3: 0.6207906603813171
torch.Size([480, 2048])
Epoch   1  Train Loss 3.4803 95.00%
Epoch   1:  Dev 0.5173745155334473
Epoch   1: Test 0.58596271276474
patience: 0 / 6
Epoch   2  Train Loss 3.0166 99.49%
Epoch   2:  Dev 0.5447618961334229
Epoch   2: Test 0.6024250984191895
patience: 0 / 6
Epoch   3  Train Loss 2.9751 99.55%
Epoch   3:  Dev 0.5582761764526367
Epoch   3: Test 0.6142949461936951
patience: 0 / 6
Epoch   4  Train Loss 2.9539 99.60%
Epoch   4:  Dev 0.5585054755210876
Epoch   4: Test 0.6159793734550476
patience: 0 / 6
Epoch   5  Train Loss 2.9391 99.65%
Epoch   5:  Dev 0.5848075151443481
Epoch   5: Test 0.6316498517990112
patience: 0 / 6
Epoch   6  Train Loss 2.9311 99.68%
Epoch   6:  Dev 0.5702729821205139
patience: 1 / 6
Epoch   7  Train Loss 2.9220 99.72%
Epoch   7:  Dev 0.5811788439750671
patience: 2 / 6
Epoch   8  Train Loss 2.9130 99.74%
Epoch   8:  Dev 0.5945946574211121
Epoch   8: Test 0.6155988574028015
patience: 0 / 6
Epoch   9  Train Loss 2.9107 99.77%
Epoch   9:  Dev 0.5878525376319885
patience: 1 / 6
Epoch  10  Train Loss 2.9115 99.78%
Epoch  10:  Dev 0.5788924098014832
patience: 2 / 6
Epoch  11  Train Loss 2.9088 99.80%
Epoch  11:  Dev 0.5807814598083496
patience: 3 / 6
Epoch  12  Train Loss 2.9070 99.81%
Epoch  12:  Dev 0.5859459042549133
patience: 4 / 6
Epoch  13  Train Loss 2.9042 99.83%
Epoch  13:  Dev 0.5870968103408813
patience: 5 / 6
Epoch  14  Train Loss 2.9034 99.83%
Epoch  14:  Dev 0.5617740154266357
patience: 6 / 6
setting train exemplar for learned classes
torch.Size([660, 2048])
BEST DEV 4: 0.5945946574211121
BEST TEST 4: 0.6155988574028015
