Dump name space
results/maven/kl_woMOO_narate-4_cluster-4_gen-20_lm_temp-0.2_class_alpha-0.2/perm_4/options.json
Dump name space
results/maven/kl_woMOO_narate-4_cluster-4_gen-20_lm_temp-0.2_class_alpha-0.2/perm_4/options.json
Dump name space
results/maven/kl_woMOO_narate-4_cluster-4_gen-20_lm_temp-0.2_class_alpha-0.2/perm_4/options.json
Dump name space
results/maven/kl_woMOO_narate-4_cluster-4_gen-20_lm_temp-0.2_class_alpha-0.2/perm_4/options.json
Dump name space
results/maven/kl_woMOO_narate-4_cluster-4_gen-20_lm_temp-0.2_class_alpha-0.2/perm_4/options.json
[[157, 18, 114, 92, 67, 153, 80, 115, 78, 154, 27, 5, 69, 117, 44, 83, 155, 40, 45, 139, 137, 14, 138, 119, 74, 150, 59, 54, 28, 9, 140, 37, 107, 76, 47, 0], [151, 16, 3, 70, 106, 141, 68, 31, 79, 101, 166, 167, 94, 21, 51, 7, 73, 145, 2, 124, 159, 61, 41, 142, 126, 144, 55, 168, 29, 11, 24, 0], [134, 99, 105, 91, 52, 19, 135, 122, 127, 102, 108, 104, 110, 38, 118, 121, 160, 26, 34, 33, 158, 130, 165, 86, 149, 146, 164, 4, 131, 75, 90, 10, 32, 0], [46, 36, 17, 13, 12, 20, 25, 49, 169, 148, 87, 56, 95, 81, 58, 57, 161, 64, 163, 82, 43, 125, 35, 96, 156, 100, 66, 30, 50, 120, 0], [147, 48, 84, 39, 53, 23, 109, 22, 77, 62, 93, 143, 89, 8, 71, 85, 63, 97, 65, 103, 113, 112, 123, 152, 88, 98, 72, 42, 60, 133, 128, 116, 15, 111, 136, 162, 129, 132, 6, 0]]
True
train loader and exclude loader:  0
Original len train instances: 347788
train loader and exclude loader:  1
Original len train instances: 334375
train loader and exclude loader:  2
Original len train instances: 319808
train loader and exclude loader:  3
Original len train instances: 306881
train loader and exclude loader:  4
Original len train instances: 294589
Original len dev instances: 57198
Original len test instances: 98603
create basgMTL 4
False True
Epoch   1  Train Loss 0.4776 80.66%
Epoch   1:  Dev 0.5117960572242737
Epoch   1: Test 0.5315123200416565
patience: 0 / 5
Epoch   2  Train Loss 0.2755 81.30%
Epoch   2:  Dev 0.5318224430084229
Epoch   2: Test 0.5475797057151794
patience: 0 / 5
Epoch   3  Train Loss 0.2372 81.41%
Epoch   3:  Dev 0.5251198410987854
patience: 1 / 5
Epoch   4  Train Loss 0.2105 81.57%
Epoch   4:  Dev 0.5260342359542847
patience: 2 / 5
Epoch   5  Train Loss 0.1883 81.67%
Epoch   5:  Dev 0.5139759182929993
patience: 3 / 5
Epoch   6  Train Loss 0.1682 81.86%
Epoch   6:  Dev 0.5257223844528198
patience: 4 / 5
Epoch   7  Train Loss 0.1479 82.03%
Epoch   7:  Dev 0.5371049642562866
Epoch   7: Test 0.5526316165924072
patience: 0 / 5
Epoch   8  Train Loss 0.1339 82.12%
Epoch   8:  Dev 0.5346499085426331
patience: 1 / 5
Epoch   9  Train Loss 0.1190 82.29%
Epoch   9:  Dev 0.5478801727294922
Epoch   9: Test 0.5591212511062622
patience: 0 / 5
Epoch  10  Train Loss 0.1079 82.44%
Epoch  10:  Dev 0.5433012843132019
patience: 1 / 5
Epoch  11  Train Loss 0.0987 82.55%
Epoch  11:  Dev 0.5379285216331482
patience: 2 / 5
Epoch  12  Train Loss 0.0902 82.68%
Epoch  12:  Dev 0.5394039154052734
patience: 3 / 5
Epoch  13  Train Loss 0.0830 82.79%
Epoch  13:  Dev 0.5455225110054016
patience: 4 / 5
Epoch  14  Train Loss 0.0767 82.88%
Epoch  14:  Dev 0.5487364530563354
Epoch  14: Test 0.562255322933197
patience: 0 / 5
Epoch  15  Train Loss 0.0708 82.98%
Epoch  15:  Dev 0.5590721368789673
Epoch  15: Test 0.5636468529701233
patience: 0 / 5
setting train exemplar for learned classes
torch.Size([700, 2048])
BEST DEV 0: 0.5590721368789673
BEST TEST 0: 0.5636468529701233
torch.Size([700, 2048])
Epoch   1  Train Loss 1.5919 83.39%
Epoch   1:  Dev 0.5597144961357117
Epoch   1: Test 0.5463721752166748
patience: 0 / 5
Epoch   2  Train Loss 1.5220 84.16%
Epoch   2:  Dev 0.5894797444343567
Epoch   2: Test 0.5745508670806885
patience: 0 / 5
Epoch   3  Train Loss 1.5033 84.44%
Epoch   3:  Dev 0.5974305868148804
Epoch   3: Test 0.5864432454109192
patience: 0 / 5
Epoch   4  Train Loss 1.4919 84.66%
Epoch   4:  Dev 0.5953314900398254
patience: 1 / 5
Epoch   5  Train Loss 1.4841 84.89%
Epoch   5:  Dev 0.5949404835700989
patience: 2 / 5
Epoch   6  Train Loss 1.4779 85.06%
Epoch   6:  Dev 0.5933430194854736
patience: 3 / 5
Epoch   7  Train Loss 1.4728 85.24%
Epoch   7:  Dev 0.5896098613739014
patience: 4 / 5
Epoch   8  Train Loss 1.4689 85.39%
Epoch   8:  Dev 0.5917394757270813
patience: 5 / 5
setting train exemplar for learned classes
torch.Size([1320, 2048])
BEST DEV 1: 0.5974305868148804
BEST TEST 1: 0.5864432454109192
torch.Size([1320, 2048])
Epoch   1  Train Loss 2.2513 85.54%
Epoch   1:  Dev 0.6022019386291504
Epoch   1: Test 0.5956252217292786
patience: 0 / 5
Epoch   2  Train Loss 2.2039 86.68%
Epoch   2:  Dev 0.6083696484565735
Epoch   2: Test 0.606794536113739
patience: 0 / 5
Epoch   3  Train Loss 2.1914 86.98%
Epoch   3:  Dev 0.6183138489723206
Epoch   3: Test 0.6127214431762695
patience: 0 / 5
Epoch   4  Train Loss 2.1841 87.11%
Epoch   4:  Dev 0.6127088665962219
patience: 1 / 5
Epoch   5  Train Loss 2.1791 87.28%
Epoch   5:  Dev 0.6112641096115112
patience: 2 / 5
Epoch   6  Train Loss 2.1752 87.39%
Epoch   6:  Dev 0.6094633936882019
patience: 3 / 5
Epoch   7  Train Loss 2.1717 87.54%
Epoch   7:  Dev 0.6129716634750366
patience: 4 / 5
Epoch   8  Train Loss 2.1700 87.67%
Epoch   8:  Dev 0.611667811870575
patience: 5 / 5
setting train exemplar for learned classes
torch.Size([1980, 2048])
BEST DEV 2: 0.6183138489723206
BEST TEST 2: 0.6127214431762695
torch.Size([1980, 2048])
Epoch   1  Train Loss 2.9363 87.40%
Epoch   1:  Dev 0.5962758660316467
Epoch   1: Test 0.6015000343322754
patience: 0 / 5
Epoch   2  Train Loss 2.9095 88.52%
Epoch   2:  Dev 0.6021596193313599
Epoch   2: Test 0.6037291884422302
patience: 0 / 5
Epoch   3  Train Loss 2.9002 88.77%
Epoch   3:  Dev 0.605581521987915
Epoch   3: Test 0.6077669858932495
patience: 0 / 5
Epoch   4  Train Loss 2.8958 88.94%
Epoch   4:  Dev 0.6029341816902161
patience: 1 / 5
Epoch   5  Train Loss 2.8926 89.10%
Epoch   5:  Dev 0.6084347367286682
Epoch   5: Test 0.6127798557281494
patience: 0 / 5
Epoch   6  Train Loss 2.8893 89.19%
Epoch   6:  Dev 0.6045300364494324
patience: 1 / 5
Epoch   7  Train Loss 2.8877 89.25%
Epoch   7:  Dev 0.5997453331947327
patience: 2 / 5
Epoch   8  Train Loss 2.8855 89.40%
Epoch   8:  Dev 0.605980396270752
patience: 3 / 5
Epoch   9  Train Loss 2.8837 89.47%
Epoch   9:  Dev 0.6001062989234924
patience: 4 / 5
Epoch  10  Train Loss 2.8824 89.56%
Epoch  10:  Dev 0.5991072654724121
patience: 5 / 5
setting train exemplar for learned classes
torch.Size([2580, 2048])
BEST DEV 3: 0.6084347367286682
BEST TEST 3: 0.6127798557281494
torch.Size([2580, 2048])
Epoch   1  Train Loss 3.1658 90.15%
Epoch   1:  Dev 0.5974217057228088
Epoch   1: Test 0.6030281782150269
patience: 0 / 5
Epoch   2  Train Loss 3.1447 91.44%
Epoch   2:  Dev 0.6024003624916077
Epoch   2: Test 0.6069109439849854
patience: 0 / 5
Epoch   3  Train Loss 3.1378 91.76%
Epoch   3:  Dev 0.5997273325920105
patience: 1 / 5
Epoch   4  Train Loss 3.1337 92.01%
Epoch   4:  Dev 0.6039185523986816
Epoch   4: Test 0.6071659326553345
patience: 0 / 5
Epoch   5  Train Loss 3.1303 92.15%
Epoch   5:  Dev 0.6021339297294617
patience: 1 / 5
Epoch   6  Train Loss 3.1279 92.33%
Epoch   6:  Dev 0.6025153994560242
patience: 2 / 5
Epoch   7  Train Loss 3.1264 92.47%
Epoch   7:  Dev 0.6036997437477112
patience: 3 / 5
Epoch   8  Train Loss 3.1245 92.56%
Epoch   8:  Dev 0.6017969846725464
patience: 4 / 5
Epoch   9  Train Loss 3.1225 92.67%
Epoch   9:  Dev 0.6045287847518921
Epoch   9: Test 0.6076202392578125
patience: 0 / 5
Epoch  10  Train Loss 3.1224 92.77%
Epoch  10:  Dev 0.5994390249252319
patience: 1 / 5
Epoch  11  Train Loss 3.1209 92.89%
Epoch  11:  Dev 0.6033347249031067
patience: 2 / 5
Epoch  12  Train Loss 3.1196 92.97%
Epoch  12:  Dev 0.6032794713973999
patience: 3 / 5
Epoch  13  Train Loss 3.1198 93.12%
Epoch  13:  Dev 0.6011545062065125
patience: 4 / 5
Epoch  14  Train Loss 3.1186 93.16%
Epoch  14:  Dev 0.6003608703613281
patience: 5 / 5
setting train exemplar for learned classes
torch.Size([3360, 2048])
BEST DEV 4: 0.6045287847518921
BEST TEST 4: 0.6076202392578125
