Dump name space
results/maven/woLMH_woMOO_woNAloss_woSR/perm_0/options.json
Dump name space
results/maven/woLMH_woMOO_woNAloss_woSR/perm_0/options.json
Dump name space
results/maven/woLMH_woMOO_woNAloss_woSR/perm_0/options.json
Dump name space
results/maven/woLMH_woMOO_woNAloss_woSR/perm_0/options.json
Dump name space
results/maven/woLMH_woMOO_woNAloss_woSR/perm_0/options.json
[[134, 99, 105, 91, 52, 19, 135, 122, 127, 102, 108, 104, 110, 38, 118, 121, 160, 26, 34, 33, 158, 130, 165, 86, 149, 146, 164, 4, 131, 75, 90, 10, 32, 0], [46, 36, 17, 13, 12, 20, 25, 49, 169, 148, 87, 56, 95, 81, 58, 57, 161, 64, 163, 82, 43, 125, 35, 96, 156, 100, 66, 30, 50, 120, 0], [147, 48, 84, 39, 53, 23, 109, 22, 77, 62, 93, 143, 89, 8, 71, 85, 63, 97, 65, 103, 113, 112, 123, 152, 88, 98, 72, 42, 60, 133, 128, 116, 15, 111, 136, 162, 129, 132, 6, 0], [157, 18, 114, 92, 67, 153, 80, 115, 78, 154, 27, 5, 69, 117, 44, 83, 155, 40, 45, 139, 137, 14, 138, 119, 74, 150, 59, 54, 28, 9, 140, 37, 107, 76, 47, 0], [151, 16, 3, 70, 106, 141, 68, 31, 79, 101, 166, 167, 94, 21, 51, 7, 73, 145, 2, 124, 159, 61, 41, 142, 126, 144, 55, 168, 29, 11, 24, 0]]
True
train loader and exclude loader:  0
Original len train instances: 347788
train loader and exclude loader:  1
Original len train instances: 334861
train loader and exclude loader:  2
Original len train instances: 322569
train loader and exclude loader:  3
Original len train instances: 308131
train loader and exclude loader:  4
Original len train instances: 294718
Original len dev instances: 57198
Original len test instances: 98603
create basgMTL 4
False False
Epoch   1  Train Loss 0.1509 81.25%
Epoch   1:  Dev 0.5331702828407288
Epoch   1: Test 0.5517241358757019
patience: 0 / 5
Epoch   2  Train Loss 0.0748 82.08%
Epoch   2:  Dev 0.6512345671653748
Epoch   2: Test 0.6540090441703796
patience: 0 / 5
Epoch   3  Train Loss 0.0657 82.23%
Epoch   3:  Dev 0.6102619767189026
patience: 1 / 5
Epoch   4  Train Loss 0.0594 82.33%
Epoch   4:  Dev 0.6543467044830322
Epoch   4: Test 0.6561393141746521
patience: 0 / 5
Epoch   5  Train Loss 0.0542 82.46%
Epoch   5:  Dev 0.6547771096229553
Epoch   5: Test 0.6589915752410889
patience: 0 / 5
Epoch   6  Train Loss 0.0500 82.53%
Epoch   6:  Dev 0.6240249872207642
patience: 1 / 5
Epoch   7  Train Loss 0.0457 82.65%
Epoch   7:  Dev 0.6623952984809875
Epoch   7: Test 0.6744088530540466
patience: 0 / 5
Epoch   8  Train Loss 0.0419 82.77%
Epoch   8:  Dev 0.6598858833312988
patience: 1 / 5
Epoch   9  Train Loss 0.0389 82.82%
Epoch   9:  Dev 0.659335196018219
patience: 2 / 5
Epoch  10  Train Loss 0.0352 82.96%
Epoch  10:  Dev 0.656114399433136
patience: 3 / 5
Epoch  11  Train Loss 0.0326 83.02%
Epoch  11:  Dev 0.6715649962425232
Epoch  11: Test 0.6785714626312256
patience: 0 / 5
Epoch  12  Train Loss 0.0298 83.14%
Epoch  12:  Dev 0.6431876420974731
patience: 1 / 5
Epoch  13  Train Loss 0.0276 83.20%
Epoch  13:  Dev 0.6651851534843445
patience: 2 / 5
Epoch  14  Train Loss 0.0259 83.27%
Epoch  14:  Dev 0.6391485333442688
patience: 3 / 5
Epoch  15  Train Loss 0.0240 83.33%
Epoch  15:  Dev 0.6685782074928284
patience: 4 / 5
setting train exemplar for learned classes
torch.Size([660, 2048])
BEST DEV 0: 0.6715649962425232
BEST TEST 0: 0.6785714626312256
torch.Size([660, 2048])
Epoch   1  Train Loss 1.0782 83.94%
Epoch   1:  Dev 0.5723059177398682
Epoch   1: Test 0.5841952562332153
patience: 0 / 5
Epoch   2  Train Loss 1.0430 84.79%
Epoch   2:  Dev 0.5880507230758667
Epoch   2: Test 0.6051974892616272
patience: 0 / 5
Epoch   3  Train Loss 1.0369 84.99%
Epoch   3:  Dev 0.5945017337799072
Epoch   3: Test 0.6078383326530457
patience: 0 / 5
Epoch   4  Train Loss 1.0332 85.17%
Epoch   4:  Dev 0.5829557180404663
patience: 1 / 5
Epoch   5  Train Loss 1.0306 85.32%
Epoch   5:  Dev 0.6168920993804932
Epoch   5: Test 0.6278651356697083
patience: 0 / 5
Epoch   6  Train Loss 1.0284 85.46%
Epoch   6:  Dev 0.5917463898658752
patience: 1 / 5
Epoch   7  Train Loss 1.0266 85.57%
Epoch   7:  Dev 0.5980643033981323
patience: 2 / 5
Epoch   8  Train Loss 1.0251 85.66%
Epoch   8:  Dev 0.5985895991325378
patience: 3 / 5
Epoch   9  Train Loss 1.0236 85.78%
Epoch   9:  Dev 0.598427414894104
patience: 4 / 5
Epoch  10  Train Loss 1.0225 85.89%
Epoch  10:  Dev 0.5856895446777344
patience: 5 / 5
setting train exemplar for learned classes
torch.Size([1260, 2048])
BEST DEV 1: 0.6168920993804932
BEST TEST 1: 0.6278651356697083
torch.Size([1260, 2048])
Epoch   1  Train Loss 1.4150 86.90%
Epoch   1:  Dev 0.5497567057609558
Epoch   1: Test 0.5645196437835693
patience: 0 / 5
Epoch   2  Train Loss 1.3838 88.07%
Epoch   2:  Dev 0.5714285373687744
Epoch   2: Test 0.578992486000061
patience: 0 / 5
Epoch   3  Train Loss 1.3780 88.33%
Epoch   3:  Dev 0.5605449676513672
patience: 1 / 5
Epoch   4  Train Loss 1.3743 88.59%
Epoch   4:  Dev 0.5595499277114868
patience: 2 / 5
Epoch   5  Train Loss 1.3722 88.73%
Epoch   5:  Dev 0.5593565702438354
patience: 3 / 5
Epoch   6  Train Loss 1.3703 88.87%
Epoch   6:  Dev 0.5521866083145142
patience: 4 / 5
Epoch   7  Train Loss 1.3681 89.00%
Epoch   7:  Dev 0.5707630515098572
patience: 5 / 5
setting train exemplar for learned classes
torch.Size([2040, 2048])
BEST DEV 2: 0.5714285373687744
BEST TEST 2: 0.578992486000061
torch.Size([2040, 2048])
Epoch   1  Train Loss 2.3900 89.73%
Epoch   1:  Dev 0.4902481436729431
Epoch   1: Test 0.49505379796028137
patience: 0 / 5
Epoch   2  Train Loss 2.3582 90.84%
Epoch   2:  Dev 0.5003377199172974
Epoch   2: Test 0.5099557042121887
patience: 0 / 5
Epoch   3  Train Loss 2.3524 91.25%
Epoch   3:  Dev 0.5013810992240906
Epoch   3: Test 0.515326976776123
patience: 0 / 5
Epoch   4  Train Loss 2.3491 91.46%
Epoch   4:  Dev 0.5169103145599365
Epoch   4: Test 0.5244590044021606
patience: 0 / 5
Epoch   5  Train Loss 2.3469 91.60%
Epoch   5:  Dev 0.5177783966064453
Epoch   5: Test 0.524785041809082
patience: 0 / 5
Epoch   6  Train Loss 2.3441 91.74%
Epoch   6:  Dev 0.5126731395721436
patience: 1 / 5
Epoch   7  Train Loss 2.3428 91.86%
Epoch   7:  Dev 0.5137683153152466
patience: 2 / 5
Epoch   8  Train Loss 2.3415 91.98%
Epoch   8:  Dev 0.5045619606971741
patience: 3 / 5
Epoch   9  Train Loss 2.3406 92.04%
Epoch   9:  Dev 0.5123331546783447
patience: 4 / 5
Epoch  10  Train Loss 2.3396 92.13%
Epoch  10:  Dev 0.5072033405303955
patience: 5 / 5
setting train exemplar for learned classes
torch.Size([2740, 2048])
BEST DEV 3: 0.5177783966064453
BEST TEST 3: 0.524785041809082
torch.Size([2740, 2048])
Epoch   1  Train Loss 3.0440 93.69%
Epoch   1:  Dev 0.469355970621109
Epoch   1: Test 0.47961416840553284
patience: 0 / 5
Epoch   2  Train Loss 3.0195 95.11%
Epoch   2:  Dev 0.4787723124027252
Epoch   2: Test 0.4881332516670227
patience: 0 / 5
Epoch   3  Train Loss 3.0150 95.55%
Epoch   3:  Dev 0.49055495858192444
Epoch   3: Test 0.4983506500720978
patience: 0 / 5
Epoch   4  Train Loss 3.0128 95.80%
Epoch   4:  Dev 0.49060767889022827
Epoch   4: Test 0.4975503981113434
patience: 0 / 5
Epoch   5  Train Loss 3.0109 95.96%
Epoch   5:  Dev 0.4873684346675873
patience: 1 / 5
Epoch   6  Train Loss 3.0096 96.11%
Epoch   6:  Dev 0.483308881521225
patience: 2 / 5
Epoch   7  Train Loss 3.0086 96.22%
Epoch   7:  Dev 0.4919382929801941
Epoch   7: Test 0.4973231554031372
patience: 0 / 5
Epoch   8  Train Loss 3.0072 96.32%
Epoch   8:  Dev 0.4893815219402313
patience: 1 / 5
Epoch   9  Train Loss 3.0065 96.42%
Epoch   9:  Dev 0.486771821975708
patience: 2 / 5
Epoch  10  Train Loss 3.0054 96.52%
Epoch  10:  Dev 0.48802268505096436
patience: 3 / 5
Epoch  11  Train Loss 3.0048 96.56%
Epoch  11:  Dev 0.488351970911026
patience: 4 / 5
Epoch  12  Train Loss 3.0041 96.62%
Epoch  12:  Dev 0.48429352045059204
patience: 5 / 5
setting train exemplar for learned classes
torch.Size([3360, 2048])
BEST DEV 4: 0.4919382929801941
BEST TEST 4: 0.4973231554031372
