Dump name space
results/ace/NashMTL_narate-40_cluster-4_gen-10/perm_2/options.json
Dump name space
results/ace/NashMTL_narate-40_cluster-4_gen-10/perm_2/options.json
Dump name space
results/ace/NashMTL_narate-40_cluster-4_gen-10/perm_2/options.json
Dump name space
results/ace/NashMTL_narate-40_cluster-4_gen-10/perm_2/options.json
[[188, 199, 184, 194, 189, 190, 178, 186, 197, 0], [200, 180, 173, 198, 177, 0], [191, 187, 195, 171, 174, 179, 0], [196, 181, 182, 202, 185, 176, 170, 192, 0], [201, 183, 193, 172, 175, 0]]
False
train loader and exclude loader:  0
Original len train instances: 265115
train loader and exclude loader:  1
Original len train instances: 264531
train loader and exclude loader:  2
Original len train instances: 263812
train loader and exclude loader:  3
Original len train instances: 262973
train loader and exclude loader:  4
Original len train instances: 262361
Original len dev instances: 54053
Original len test instances: 93949
create basgMTL 4
False True
Epoch   1  Train Loss 0.1225 99.20%
Epoch   1:  Dev 0.4721311628818512
Epoch   1: Test 0.5648148655891418
patience: 0 / 6
Epoch   2  Train Loss 0.0342 99.65%
Epoch   2:  Dev 0.4234693646430969
patience: 1 / 6
Epoch   3  Train Loss 0.0250 99.67%
Epoch   3:  Dev 0.4653465747833252
patience: 2 / 6
Epoch   4  Train Loss 0.0183 99.71%
Epoch   4:  Dev 0.543749988079071
Epoch   4: Test 0.6695652008056641
patience: 0 / 6
Epoch   5  Train Loss 0.0143 99.75%
Epoch   5:  Dev 0.4777778089046478
patience: 1 / 6
Epoch   6  Train Loss 0.0115 99.77%
Epoch   6:  Dev 0.49307477474212646
patience: 2 / 6
Epoch   7  Train Loss 0.0096 99.80%
Epoch   7:  Dev 0.5192307233810425
patience: 3 / 6
Epoch   8  Train Loss 0.0081 99.83%
Epoch   8:  Dev 0.5137615203857422
patience: 4 / 6
Epoch   9  Train Loss 0.0071 99.85%
Epoch   9:  Dev 0.5028571486473083
patience: 5 / 6
Epoch  10  Train Loss 0.0068 99.86%
Epoch  10:  Dev 0.47887328267097473
patience: 6 / 6
setting train exemplar for learned classes
torch.Size([180, 2048])
BEST DEV 0: 0.543749988079071
BEST TEST 0: 0.6695652008056641
torch.Size([180, 2048])
Epoch   1  Train Loss 3.6468 98.53%
Epoch   1:  Dev 0.5050504803657532
Epoch   1: Test 0.5725191235542297
patience: 0 / 6
Epoch   2  Train Loss 3.5401 99.25%
Epoch   2:  Dev 0.47999998927116394
patience: 1 / 6
Epoch   3  Train Loss 3.5247 99.36%
Epoch   3:  Dev 0.47360482811927795
patience: 2 / 6
Epoch   4  Train Loss 3.5099 99.43%
Epoch   4:  Dev 0.5270270705223083
Epoch   4: Test 0.543859601020813
patience: 0 / 6
Epoch   5  Train Loss 3.4988 99.49%
Epoch   5:  Dev 0.5223140716552734
patience: 1 / 6
Epoch   6  Train Loss 3.4951 99.53%
Epoch   6:  Dev 0.5183946490287781
patience: 2 / 6
Epoch   7  Train Loss 3.4896 99.59%
Epoch   7:  Dev 0.5196581482887268
patience: 3 / 6
Epoch   8  Train Loss 3.4888 99.64%
Epoch   8:  Dev 0.4577259123325348
patience: 4 / 6
Epoch   9  Train Loss 3.4829 99.67%
Epoch   9:  Dev 0.5129087567329407
patience: 5 / 6
Epoch  10  Train Loss 3.4851 99.71%
Epoch  10:  Dev 0.548638105392456
Epoch  10: Test 0.5850622653961182
patience: 0 / 6
Epoch  11  Train Loss 3.4836 99.75%
Epoch  11:  Dev 0.5147826075553894
patience: 1 / 6
Epoch  12  Train Loss 3.4813 99.76%
Epoch  12:  Dev 0.5061082243919373
patience: 2 / 6
Epoch  13  Train Loss 3.4765 99.78%
Epoch  13:  Dev 0.5314183235168457
patience: 3 / 6
Epoch  14  Train Loss 3.4735 99.79%
Epoch  14:  Dev 0.5035714507102966
patience: 4 / 6
Epoch  15  Train Loss 3.4776 99.80%
Epoch  15:  Dev 0.5190562605857849
patience: 5 / 6
Epoch  16  Train Loss 3.4730 99.84%
Epoch  16:  Dev 0.5375493764877319
patience: 6 / 6
setting train exemplar for learned classes
torch.Size([280, 2048])
BEST DEV 1: 0.548638105392456
BEST TEST 1: 0.5850622653961182
torch.Size([280, 2048])
Epoch   1  Train Loss 2.9199 98.11%
Epoch   1:  Dev 0.5593495965003967
Epoch   1: Test 0.5904059410095215
patience: 0 / 6
Epoch   2  Train Loss 2.8013 99.52%
Epoch   2:  Dev 0.5522620677947998
patience: 1 / 6
Epoch   3  Train Loss 2.7912 99.59%
Epoch   3:  Dev 0.5679861903190613
Epoch   3: Test 0.6072874665260315
patience: 0 / 6
Epoch   4  Train Loss 2.7828 99.62%
Epoch   4:  Dev 0.5416666865348816
patience: 1 / 6
Epoch   5  Train Loss 2.7790 99.65%
Epoch   5:  Dev 0.5398373603820801
patience: 2 / 6
Epoch   6  Train Loss 2.7748 99.70%
Epoch   6:  Dev 0.5490195751190186
patience: 3 / 6
Epoch   7  Train Loss 2.7709 99.73%
Epoch   7:  Dev 0.5589661002159119
patience: 4 / 6
Epoch   8  Train Loss 2.7661 99.75%
Epoch   8:  Dev 0.5649913549423218
patience: 5 / 6
Epoch   9  Train Loss 2.7685 99.78%
Epoch   9:  Dev 0.5671141147613525
patience: 6 / 6
setting train exemplar for learned classes
torch.Size([400, 2048])
BEST DEV 2: 0.5679861903190613
BEST TEST 2: 0.6072874665260315
torch.Size([400, 2048])
Epoch   1  Train Loss 3.2140 97.46%
Epoch   1:  Dev 0.560196578502655
Epoch   1: Test 0.5654922723770142
patience: 0 / 6
Epoch   2  Train Loss 3.0513 99.44%
Epoch   2:  Dev 0.5563910007476807
patience: 1 / 6
Epoch   3  Train Loss 3.0350 99.52%
Epoch   3:  Dev 0.5510454773902893
patience: 2 / 6
Epoch   4  Train Loss 3.0228 99.59%
Epoch   4:  Dev 0.5766710638999939
Epoch   4: Test 0.5817490220069885
patience: 0 / 6
Epoch   5  Train Loss 3.0152 99.64%
Epoch   5:  Dev 0.5615894198417664
patience: 1 / 6
Epoch   6  Train Loss 3.0127 99.70%
Epoch   6:  Dev 0.5649263262748718
patience: 2 / 6
Epoch   7  Train Loss 3.0108 99.72%
Epoch   7:  Dev 0.5582656264305115
patience: 3 / 6
Epoch   8  Train Loss 3.0036 99.76%
Epoch   8:  Dev 0.5834463834762573
Epoch   8: Test 0.5767716765403748
patience: 0 / 6
Epoch   9  Train Loss 3.0062 99.78%
Epoch   9:  Dev 0.5772913694381714
patience: 1 / 6
Epoch  10  Train Loss 3.0002 99.80%
Epoch  10:  Dev 0.5785813927650452
patience: 2 / 6
Epoch  11  Train Loss 3.0012 99.82%
Epoch  11:  Dev 0.575419008731842
patience: 3 / 6
Epoch  12  Train Loss 2.9987 99.83%
Epoch  12:  Dev 0.5892351269721985
Epoch  12: Test 0.565040647983551
patience: 0 / 6
Epoch  13  Train Loss 2.9978 99.84%
Epoch  13:  Dev 0.5755395293235779
patience: 1 / 6
Epoch  14  Train Loss 2.9931 99.85%
Epoch  14:  Dev 0.592162549495697
Epoch  14: Test 0.5729275941848755
patience: 0 / 6
Epoch  15  Train Loss 2.9950 99.86%
Epoch  15:  Dev 0.5718270540237427
patience: 1 / 6
Epoch  16  Train Loss 2.9993 99.86%
Epoch  16:  Dev 0.5780346989631653
patience: 2 / 6
Epoch  17  Train Loss 2.9935 99.87%
Epoch  17:  Dev 0.5852941274642944
patience: 3 / 6
Epoch  18  Train Loss 2.9984 99.88%
Epoch  18:  Dev 0.5731523633003235
patience: 4 / 6
Epoch  19  Train Loss 2.9941 99.88%
Epoch  19:  Dev 0.5794117450714111
patience: 5 / 6
Epoch  20  Train Loss 2.9945 99.89%
Epoch  20:  Dev 0.5710267424583435
patience: 6 / 6
setting train exemplar for learned classes
torch.Size([560, 2048])
BEST DEV 3: 0.592162549495697
BEST TEST 3: 0.5729275941848755
torch.Size([560, 2048])
Epoch   1  Train Loss 3.1638 97.52%
Epoch   1:  Dev 0.6095444560050964
Epoch   1: Test 0.6376237273216248
patience: 0 / 6
Epoch   2  Train Loss 3.0440 99.48%
Epoch   2:  Dev 0.6352941393852234
Epoch   2: Test 0.6452036499977112
patience: 0 / 6
Epoch   3  Train Loss 3.0333 99.57%
Epoch   3:  Dev 0.6095041036605835
patience: 1 / 6
Epoch   4  Train Loss 3.0288 99.61%
Epoch   4:  Dev 0.604651153087616
patience: 2 / 6
Epoch   5  Train Loss 3.0260 99.66%
Epoch   5:  Dev 0.6016597151756287
patience: 3 / 6
Epoch   6  Train Loss 3.0204 99.71%
Epoch   6:  Dev 0.6010256409645081
patience: 4 / 6
Epoch   7  Train Loss 3.0190 99.74%
Epoch   7:  Dev 0.5961732268333435
patience: 5 / 6
Epoch   8  Train Loss 3.0163 99.76%
Epoch   8:  Dev 0.6331095695495605
patience: 6 / 6
setting train exemplar for learned classes
torch.Size([660, 2048])
BEST DEV 4: 0.6352941393852234
BEST TEST 4: 0.6452036499977112
