Dump name space
results/maven/mi_woMOO_narate-4_cluster-4_gen-20_lm_temp-0.2_class_alpha-0.2/perm_4/options.json
Dump name space
results/maven/mi_woMOO_narate-4_cluster-4_gen-20_lm_temp-0.2_class_alpha-0.2/perm_4/options.json
Dump name space
results/maven/mi_woMOO_narate-4_cluster-4_gen-20_lm_temp-0.2_class_alpha-0.2/perm_4/options.json
Dump name space
results/maven/mi_woMOO_narate-4_cluster-4_gen-20_lm_temp-0.2_class_alpha-0.2/perm_4/options.json
Dump name space
results/maven/mi_woMOO_narate-4_cluster-4_gen-20_lm_temp-0.2_class_alpha-0.2/perm_4/options.json
[[157, 18, 114, 92, 67, 153, 80, 115, 78, 154, 27, 5, 69, 117, 44, 83, 155, 40, 45, 139, 137, 14, 138, 119, 74, 150, 59, 54, 28, 9, 140, 37, 107, 76, 47, 0], [151, 16, 3, 70, 106, 141, 68, 31, 79, 101, 166, 167, 94, 21, 51, 7, 73, 145, 2, 124, 159, 61, 41, 142, 126, 144, 55, 168, 29, 11, 24, 0], [134, 99, 105, 91, 52, 19, 135, 122, 127, 102, 108, 104, 110, 38, 118, 121, 160, 26, 34, 33, 158, 130, 165, 86, 149, 146, 164, 4, 131, 75, 90, 10, 32, 0], [46, 36, 17, 13, 12, 20, 25, 49, 169, 148, 87, 56, 95, 81, 58, 57, 161, 64, 163, 82, 43, 125, 35, 96, 156, 100, 66, 30, 50, 120, 0], [147, 48, 84, 39, 53, 23, 109, 22, 77, 62, 93, 143, 89, 8, 71, 85, 63, 97, 65, 103, 113, 112, 123, 152, 88, 98, 72, 42, 60, 133, 128, 116, 15, 111, 136, 162, 129, 132, 6, 0]]
True
train loader and exclude loader:  0
Original len train instances: 347788
train loader and exclude loader:  1
Original len train instances: 334375
train loader and exclude loader:  2
Original len train instances: 319808
train loader and exclude loader:  3
Original len train instances: 306881
train loader and exclude loader:  4
Original len train instances: 294589
Original len dev instances: 57198
Original len test instances: 98603
create basgMTL 4
False True
Epoch   1  Train Loss 1.4478 80.66%
Epoch   1:  Dev 0.511115312576294
Epoch   1: Test 0.5327208042144775
patience: 0 / 5
Epoch   2  Train Loss 1.2457 81.30%
Epoch   2:  Dev 0.5334593653678894
Epoch   2: Test 0.5459764003753662
patience: 0 / 5
Epoch   3  Train Loss 1.2073 81.41%
Epoch   3:  Dev 0.5260916352272034
patience: 1 / 5
Epoch   4  Train Loss 1.1805 81.58%
Epoch   4:  Dev 0.5263344049453735
patience: 2 / 5
Epoch   5  Train Loss 1.1584 81.67%
Epoch   5:  Dev 0.5129672884941101
patience: 3 / 5
Epoch   6  Train Loss 1.1384 81.86%
Epoch   6:  Dev 0.5291747450828552
patience: 4 / 5
Epoch   7  Train Loss 1.1179 82.03%
Epoch   7:  Dev 0.5399613380432129
Epoch   7: Test 0.5526044368743896
patience: 0 / 5
Epoch   8  Train Loss 1.1038 82.14%
Epoch   8:  Dev 0.5359686613082886
patience: 1 / 5
Epoch   9  Train Loss 1.0888 82.30%
Epoch   9:  Dev 0.5512393712997437
Epoch   9: Test 0.5579937696456909
patience: 0 / 5
Epoch  10  Train Loss 1.0777 82.45%
Epoch  10:  Dev 0.5424484014511108
patience: 1 / 5
Epoch  11  Train Loss 1.0684 82.57%
Epoch  11:  Dev 0.5393838882446289
patience: 2 / 5
Epoch  12  Train Loss 1.0601 82.67%
Epoch  12:  Dev 0.5486922860145569
patience: 3 / 5
Epoch  13  Train Loss 1.0532 82.79%
Epoch  13:  Dev 0.5468249320983887
patience: 4 / 5
Epoch  14  Train Loss 1.0468 82.88%
Epoch  14:  Dev 0.555770754814148
Epoch  14: Test 0.5664423108100891
patience: 0 / 5
Epoch  15  Train Loss 1.0409 82.98%
Epoch  15:  Dev 0.5605701208114624
Epoch  15: Test 0.5705322027206421
patience: 0 / 5
setting train exemplar for learned classes
torch.Size([700, 2048])
BEST DEV 0: 0.5605701208114624
BEST TEST 0: 0.5705322027206421
torch.Size([700, 2048])
Epoch   1  Train Loss 2.0929 83.42%
Epoch   1:  Dev 0.5625403523445129
Epoch   1: Test 0.5468442440032959
patience: 0 / 5
Epoch   2  Train Loss 2.0221 84.19%
Epoch   2:  Dev 0.5894736647605896
Epoch   2: Test 0.5724421739578247
patience: 0 / 5
Epoch   3  Train Loss 2.0032 84.49%
Epoch   3:  Dev 0.5960683822631836
Epoch   3: Test 0.58575040102005
patience: 0 / 5
Epoch   4  Train Loss 1.9916 84.73%
Epoch   4:  Dev 0.5937898755073547
patience: 1 / 5
Epoch   5  Train Loss 1.9841 84.93%
Epoch   5:  Dev 0.5901122689247131
patience: 2 / 5
Epoch   6  Train Loss 1.9778 85.12%
Epoch   6:  Dev 0.594065248966217
patience: 3 / 5
Epoch   7  Train Loss 1.9727 85.28%
Epoch   7:  Dev 0.5833414793014526
patience: 4 / 5
Epoch   8  Train Loss 1.9689 85.44%
Epoch   8:  Dev 0.5887402296066284
patience: 5 / 5
setting train exemplar for learned classes
torch.Size([1320, 2048])
BEST DEV 1: 0.5960683822631836
BEST TEST 1: 0.58575040102005
torch.Size([1320, 2048])
Epoch   1  Train Loss 2.8373 85.57%
Epoch   1:  Dev 0.6013621687889099
Epoch   1: Test 0.5984060168266296
patience: 0 / 5
Epoch   2  Train Loss 2.7916 86.74%
Epoch   2:  Dev 0.6082580089569092
Epoch   2: Test 0.6078588366508484
patience: 0 / 5
Epoch   3  Train Loss 2.7794 87.02%
Epoch   3:  Dev 0.6180440187454224
Epoch   3: Test 0.6164527535438538
patience: 0 / 5
Epoch   4  Train Loss 2.7719 87.16%
Epoch   4:  Dev 0.6119576096534729
patience: 1 / 5
Epoch   5  Train Loss 2.7674 87.33%
Epoch   5:  Dev 0.6136363744735718
patience: 2 / 5
Epoch   6  Train Loss 2.7631 87.45%
Epoch   6:  Dev 0.6078985333442688
patience: 3 / 5
Epoch   7  Train Loss 2.7602 87.55%
Epoch   7:  Dev 0.6108219027519226
patience: 4 / 5
Epoch   8  Train Loss 2.7583 87.72%
Epoch   8:  Dev 0.6091203093528748
patience: 5 / 5
setting train exemplar for learned classes
torch.Size([1980, 2048])
BEST DEV 2: 0.6180440187454224
BEST TEST 2: 0.6164527535438538
torch.Size([1980, 2048])
Epoch   1  Train Loss 3.6762 87.48%
Epoch   1:  Dev 0.5997751355171204
Epoch   1: Test 0.6027482748031616
patience: 0 / 5
Epoch   2  Train Loss 3.6575 88.56%
Epoch   2:  Dev 0.5984936952590942
patience: 1 / 5
Epoch   3  Train Loss 3.6484 88.80%
Epoch   3:  Dev 0.6033585071563721
Epoch   3: Test 0.6092789173126221
patience: 0 / 5
Epoch   4  Train Loss 3.6440 88.97%
Epoch   4:  Dev 0.6021550893783569
patience: 1 / 5
Epoch   5  Train Loss 3.6412 89.11%
Epoch   5:  Dev 0.6056367754936218
Epoch   5: Test 0.614794909954071
patience: 0 / 5
Epoch   6  Train Loss 3.6377 89.20%
Epoch   6:  Dev 0.6014462113380432
patience: 1 / 5
Epoch   7  Train Loss 3.6359 89.33%
Epoch   7:  Dev 0.597804069519043
patience: 2 / 5
Epoch   8  Train Loss 3.6338 89.41%
Epoch   8:  Dev 0.6017783880233765
patience: 3 / 5
Epoch   9  Train Loss 3.6321 89.51%
Epoch   9:  Dev 0.5992864370346069
patience: 4 / 5
Epoch  10  Train Loss 3.6308 89.55%
Epoch  10:  Dev 0.5996259450912476
patience: 5 / 5
setting train exemplar for learned classes
torch.Size([2580, 2048])
BEST DEV 3: 0.6056367754936218
BEST TEST 3: 0.614794909954071
torch.Size([2580, 2048])
Epoch   1  Train Loss 3.9642 90.06%
Epoch   1:  Dev 0.5960065722465515
Epoch   1: Test 0.6026631593704224
patience: 0 / 5
Epoch   2  Train Loss 3.9528 91.36%
Epoch   2:  Dev 0.6022493243217468
Epoch   2: Test 0.6077700257301331
patience: 0 / 5
Epoch   3  Train Loss 3.9458 91.63%
Epoch   3:  Dev 0.5998558402061462
patience: 1 / 5
Epoch   4  Train Loss 3.9416 91.90%
Epoch   4:  Dev 0.6038090586662292
Epoch   4: Test 0.6096981763839722
patience: 0 / 5
Epoch   5  Train Loss 3.9386 92.04%
Epoch   5:  Dev 0.6039510369300842
Epoch   5: Test 0.6108272075653076
patience: 0 / 5
Epoch   6  Train Loss 3.9361 92.20%
Epoch   6:  Dev 0.6006816625595093
patience: 1 / 5
Epoch   7  Train Loss 3.9344 92.34%
Epoch   7:  Dev 0.6014195084571838
patience: 2 / 5
Epoch   8  Train Loss 3.9326 92.44%
Epoch   8:  Dev 0.5996254682540894
patience: 3 / 5
Epoch   9  Train Loss 3.9308 92.56%
Epoch   9:  Dev 0.6039141416549683
patience: 4 / 5
Epoch  10  Train Loss 3.9305 92.67%
Epoch  10:  Dev 0.598848283290863
patience: 5 / 5
setting train exemplar for learned classes
torch.Size([3360, 2048])
BEST DEV 4: 0.6039510369300842
BEST TEST 4: 0.6108272075653076
