Dump name space
results/ace/NashMTL_woGMM_narate-40_cluster-4_gen-10/perm_4/options.json
Dump name space
results/ace/NashMTL_woGMM_narate-40_cluster-4_gen-10/perm_4/options.json
Dump name space
results/ace/NashMTL_woGMM_narate-40_cluster-4_gen-10/perm_4/options.json
Dump name space
results/ace/NashMTL_woGMM_narate-40_cluster-4_gen-10/perm_4/options.json
[[200, 180, 173, 198, 177, 0], [196, 181, 182, 202, 185, 176, 170, 192, 0], [188, 199, 184, 194, 189, 190, 178, 186, 197, 0], [191, 187, 195, 171, 174, 179, 0], [201, 183, 193, 172, 175, 0]]
False
train loader and exclude loader:  0
Original len train instances: 265115
train loader and exclude loader:  1
Original len train instances: 264396
train loader and exclude loader:  2
Original len train instances: 263784
train loader and exclude loader:  3
Original len train instances: 263200
train loader and exclude loader:  4
Original len train instances: 262361
Original len dev instances: 54053
Original len test instances: 93949
create basgMTL 4
False False
Epoch   1  Train Loss 0.0926 99.11%
Epoch   1:  Dev 0.544715404510498
Epoch   1: Test 0.43243247270584106
patience: 0 / 6
Epoch   2  Train Loss 0.0301 99.43%
Epoch   2:  Dev 0.44923079013824463
patience: 1 / 6
Epoch   3  Train Loss 0.0243 99.47%
Epoch   3:  Dev 0.5440613031387329
patience: 2 / 6
Epoch   4  Train Loss 0.0194 99.56%
Epoch   4:  Dev 0.5446808934211731
patience: 3 / 6
Epoch   5  Train Loss 0.0163 99.61%
Epoch   5:  Dev 0.5128205418586731
patience: 4 / 6
Epoch   6  Train Loss 0.0136 99.65%
Epoch   6:  Dev 0.536965012550354
patience: 5 / 6
Epoch   7  Train Loss 0.0115 99.71%
Epoch   7:  Dev 0.5173745155334473
patience: 6 / 6
setting train exemplar for learned classes
torch.Size([100, 2048])
BEST DEV 0: 0.544715404510498
BEST TEST 0: 0.43243247270584106
torch.Size([100, 2048])
Epoch   1  Train Loss 4.3634 98.25%
Epoch   1:  Dev 0.5136187076568604
Epoch   1: Test 0.48801133036613464
patience: 0 / 6
Epoch   2  Train Loss 4.2200 99.35%
Epoch   2:  Dev 0.5539112687110901
Epoch   2: Test 0.5172932147979736
patience: 0 / 6
Epoch   3  Train Loss 4.2046 99.45%
Epoch   3:  Dev 0.5720524191856384
Epoch   3: Test 0.5289514660835266
patience: 0 / 6
Epoch   4  Train Loss 4.1949 99.51%
Epoch   4:  Dev 0.5938242077827454
Epoch   4: Test 0.519936203956604
patience: 0 / 6
Epoch   5  Train Loss 4.1904 99.55%
Epoch   5:  Dev 0.5970873832702637
Epoch   5: Test 0.5373134016990662
patience: 0 / 6
Epoch   6  Train Loss 4.1851 99.61%
Epoch   6:  Dev 0.6054590940475464
Epoch   6: Test 0.5280528664588928
patience: 0 / 6
Epoch   7  Train Loss 4.1811 99.64%
Epoch   7:  Dev 0.5860465168952942
patience: 1 / 6
Epoch   8  Train Loss 4.1783 99.67%
Epoch   8:  Dev 0.6129032373428345
Epoch   8: Test 0.5238938331604004
patience: 0 / 6
Epoch   9  Train Loss 4.1760 99.72%
Epoch   9:  Dev 0.6098191142082214
patience: 1 / 6
Epoch  10  Train Loss 4.1739 99.74%
Epoch  10:  Dev 0.6388059258460999
Epoch  10: Test 0.5313093066215515
patience: 0 / 6
Epoch  11  Train Loss 4.1738 99.74%
Epoch  11:  Dev 0.6089239120483398
patience: 1 / 6
Epoch  12  Train Loss 4.1721 99.77%
Epoch  12:  Dev 0.5994694828987122
patience: 2 / 6
Epoch  13  Train Loss 4.1713 99.79%
Epoch  13:  Dev 0.6069364547729492
patience: 3 / 6
Epoch  14  Train Loss 4.1699 99.79%
Epoch  14:  Dev 0.5842105150222778
patience: 4 / 6
Epoch  15  Train Loss 4.1683 99.81%
Epoch  15:  Dev 0.6197183132171631
patience: 5 / 6
Epoch  16  Train Loss 4.1687 99.81%
Epoch  16:  Dev 0.6050419807434082
patience: 6 / 6
setting train exemplar for learned classes
torch.Size([260, 2048])
BEST DEV 1: 0.6388059258460999
BEST TEST 1: 0.5313093066215515
torch.Size([260, 2048])
Epoch   1  Train Loss 2.9650 97.96%
Epoch   1:  Dev 0.5343999862670898
Epoch   1: Test 0.5149701237678528
patience: 0 / 6
Epoch   2  Train Loss 2.8415 99.61%
Epoch   2:  Dev 0.49435025453567505
patience: 1 / 6
Epoch   3  Train Loss 2.8246 99.65%
Epoch   3:  Dev 0.5428109765052795
Epoch   3: Test 0.5196850299835205
patience: 0 / 6
Epoch   4  Train Loss 2.8169 99.70%
Epoch   4:  Dev 0.5348460078239441
patience: 1 / 6
Epoch   5  Train Loss 2.8113 99.73%
Epoch   5:  Dev 0.539432168006897
patience: 2 / 6
Epoch   6  Train Loss 2.8079 99.76%
Epoch   6:  Dev 0.5007451176643372
patience: 3 / 6
Epoch   7  Train Loss 2.8051 99.79%
Epoch   7:  Dev 0.4853801131248474
patience: 4 / 6
Epoch   8  Train Loss 2.8033 99.81%
Epoch   8:  Dev 0.5128205418586731
patience: 5 / 6
Epoch   9  Train Loss 2.8026 99.83%
Epoch   9:  Dev 0.5448504686355591
Epoch   9: Test 0.529411792755127
patience: 0 / 6
Epoch  10  Train Loss 2.7988 99.84%
Epoch  10:  Dev 0.5551947355270386
Epoch  10: Test 0.53125
patience: 0 / 6
Epoch  11  Train Loss 2.7967 99.85%
Epoch  11:  Dev 0.5105007886886597
patience: 1 / 6
Epoch  12  Train Loss 2.7972 99.87%
Epoch  12:  Dev 0.5111492276191711
patience: 2 / 6
Epoch  13  Train Loss 2.7952 99.86%
Epoch  13:  Dev 0.5438898205757141
patience: 3 / 6
Epoch  14  Train Loss 2.7942 99.88%
Epoch  14:  Dev 0.5380710959434509
patience: 4 / 6
Epoch  15  Train Loss 2.7910 99.89%
Epoch  15:  Dev 0.5521885752677917
patience: 5 / 6
Epoch  16  Train Loss 2.7949 99.89%
Epoch  16:  Dev 0.5224359035491943
patience: 6 / 6
setting train exemplar for learned classes
torch.Size([440, 2048])
BEST DEV 2: 0.5551947355270386
BEST TEST 2: 0.53125
torch.Size([440, 2048])
Epoch   1  Train Loss 2.7141 98.18%
Epoch   1:  Dev 0.5155555605888367
Epoch   1: Test 0.5372807383537292
patience: 0 / 6
Epoch   2  Train Loss 2.6241 99.56%
Epoch   2:  Dev 0.5049929022789001
patience: 1 / 6
Epoch   3  Train Loss 2.6133 99.60%
Epoch   3:  Dev 0.5207100510597229
Epoch   3: Test 0.546875
patience: 0 / 6
Epoch   4  Train Loss 2.6057 99.65%
Epoch   4:  Dev 0.5278592109680176
Epoch   4: Test 0.5254054069519043
patience: 0 / 6
Epoch   5  Train Loss 2.6002 99.68%
Epoch   5:  Dev 0.525373101234436
patience: 1 / 6
Epoch   6  Train Loss 2.5972 99.72%
Epoch   6:  Dev 0.523668646812439
patience: 2 / 6
Epoch   7  Train Loss 2.5947 99.76%
Epoch   7:  Dev 0.5192878246307373
patience: 3 / 6
Epoch   8  Train Loss 2.5925 99.79%
Epoch   8:  Dev 0.5353383421897888
Epoch   8: Test 0.5456545948982239
patience: 0 / 6
Epoch   9  Train Loss 2.5897 99.81%
Epoch   9:  Dev 0.5295950174331665
patience: 1 / 6
Epoch  10  Train Loss 2.5858 99.83%
Epoch  10:  Dev 0.5181950330734253
patience: 2 / 6
Epoch  11  Train Loss 2.5895 99.83%
Epoch  11:  Dev 0.5335366129875183
patience: 3 / 6
Epoch  12  Train Loss 2.5884 99.85%
Epoch  12:  Dev 0.5351681709289551
patience: 4 / 6
Epoch  13  Train Loss 2.5868 99.86%
Epoch  13:  Dev 0.5382165908813477
Epoch  13: Test 0.5336481928825378
patience: 0 / 6
Epoch  14  Train Loss 2.5885 99.87%
Epoch  14:  Dev 0.5256797671318054
patience: 1 / 6
Epoch  15  Train Loss 2.5858 99.87%
Epoch  15:  Dev 0.5417956709861755
Epoch  15: Test 0.5427252054214478
patience: 0 / 6
Epoch  16  Train Loss 2.5846 99.87%
Epoch  16:  Dev 0.547468364238739
Epoch  16: Test 0.5352113246917725
patience: 0 / 6
Epoch  17  Train Loss 2.5826 99.88%
Epoch  17:  Dev 0.5396341681480408
patience: 1 / 6
Epoch  18  Train Loss 2.5825 99.89%
Epoch  18:  Dev 0.5448916554450989
patience: 2 / 6
Epoch  19  Train Loss 2.5850 99.89%
Epoch  19:  Dev 0.5302325487136841
patience: 3 / 6
Epoch  20  Train Loss 2.5810 99.90%
Epoch  20:  Dev 0.5391849279403687
patience: 4 / 6
Epoch  21  Train Loss 2.5828 99.90%
Epoch  21:  Dev 0.5345911979675293
patience: 5 / 6
Epoch  22  Train Loss 2.5845 99.89%
Epoch  22:  Dev 0.5382165908813477
patience: 6 / 6
setting train exemplar for learned classes
torch.Size([560, 2048])
BEST DEV 3: 0.547468364238739
BEST TEST 3: 0.5352113246917725
torch.Size([560, 2048])
Epoch   1  Train Loss 3.1926 98.64%
Epoch   1:  Dev 0.5677868127822876
Epoch   1: Test 0.6082037091255188
patience: 0 / 6
Epoch   2  Train Loss 3.1448 99.52%
Epoch   2:  Dev 0.5767441987991333
Epoch   2: Test 0.6084425449371338
patience: 0 / 6
Epoch   3  Train Loss 3.1381 99.59%
Epoch   3:  Dev 0.5766174793243408
patience: 1 / 6
Epoch   4  Train Loss 3.1314 99.63%
Epoch   4:  Dev 0.5551982522010803
patience: 2 / 6
Epoch   5  Train Loss 3.1279 99.69%
Epoch   5:  Dev 0.5679824948310852
patience: 3 / 6
Epoch   6  Train Loss 3.1225 99.73%
Epoch   6:  Dev 0.5569892525672913
patience: 4 / 6
Epoch   7  Train Loss 3.1220 99.75%
Epoch   7:  Dev 0.5576289892196655
patience: 5 / 6
Epoch   8  Train Loss 3.1196 99.78%
Epoch   8:  Dev 0.5813953280448914
Epoch   8: Test 0.6160458326339722
patience: 0 / 6
Epoch   9  Train Loss 3.1192 99.81%
Epoch   9:  Dev 0.5707915425300598
patience: 1 / 6
Epoch  10  Train Loss 3.1174 99.83%
Epoch  10:  Dev 0.570155918598175
patience: 2 / 6
Epoch  11  Train Loss 3.1179 99.83%
Epoch  11:  Dev 0.5806452035903931
patience: 3 / 6
Epoch  12  Train Loss 3.1144 99.84%
Epoch  12:  Dev 0.5701459050178528
patience: 4 / 6
Epoch  13  Train Loss 3.1164 99.86%
Epoch  13:  Dev 0.5594563484191895
patience: 5 / 6
Epoch  14  Train Loss 3.1180 99.87%
Epoch  14:  Dev 0.581447958946228
Epoch  14: Test 0.588395893573761
patience: 0 / 6
Epoch  15  Train Loss 3.1158 99.87%
Epoch  15:  Dev 0.5866050720214844
Epoch  15: Test 0.6048159003257751
patience: 0 / 6
Epoch  16  Train Loss 3.1132 99.88%
Epoch  16:  Dev 0.5730858445167542
patience: 1 / 6
Epoch  17  Train Loss 3.1144 99.89%
Epoch  17:  Dev 0.5826396942138672
patience: 2 / 6
Epoch  18  Train Loss 3.1123 99.88%
Epoch  18:  Dev 0.5740318298339844
patience: 3 / 6
Epoch  19  Train Loss 3.1141 99.90%
Epoch  19:  Dev 0.5766174793243408
patience: 4 / 6
Epoch  20  Train Loss 3.1122 99.90%
Epoch  20:  Dev 0.575406014919281
patience: 5 / 6
Epoch  21  Train Loss 3.1121 99.90%
Epoch  21:  Dev 0.5652667880058289
patience: 6 / 6
setting train exemplar for learned classes
torch.Size([660, 2048])
BEST DEV 4: 0.5866050720214844
BEST TEST 4: 0.6048159003257751
