Dump name space
results/ace/FairGrad_ot_narate-40_cluster-4_gen-10/perm_2/options.json
Dump name space
results/ace/FairGrad_ot_narate-40_cluster-4_gen-10/perm_2/options.json
Dump name space
results/ace/FairGrad_ot_narate-40_cluster-4_gen-10/perm_2/options.json
Dump name space
results/ace/FairGrad_ot_narate-40_cluster-4_gen-10/perm_2/options.json
[[188, 199, 184, 194, 189, 190, 178, 186, 197, 0], [200, 180, 173, 198, 177, 0], [191, 187, 195, 171, 174, 179, 0], [196, 181, 182, 202, 185, 176, 170, 192, 0], [201, 183, 193, 172, 175, 0]]
False
train loader and exclude loader:  0
Original len train instances: 265115
train loader and exclude loader:  1
Original len train instances: 264531
train loader and exclude loader:  2
Original len train instances: 263812
train loader and exclude loader:  3
Original len train instances: 262973
train loader and exclude loader:  4
Original len train instances: 262361
Original len dev instances: 54053
Original len test instances: 93949
create basgMTL 4
False True
Epoch   1  Train Loss 0.2565 99.21%
Epoch   1:  Dev 0.48000001907348633
Epoch   1: Test 0.5767441987991333
patience: 0 / 6
Epoch   2  Train Loss 0.1607 99.68%
Epoch   2:  Dev 0.4289405643939972
patience: 1 / 6
Epoch   3  Train Loss 0.1508 99.70%
Epoch   3:  Dev 0.4851751923561096
Epoch   3: Test 0.5726495981216431
patience: 0 / 6
Epoch   4  Train Loss 0.1434 99.74%
Epoch   4:  Dev 0.5398772954940796
Epoch   4: Test 0.6577778458595276
patience: 0 / 6
Epoch   5  Train Loss 0.1387 99.77%
Epoch   5:  Dev 0.5029239654541016
patience: 1 / 6
Epoch   6  Train Loss 0.1353 99.81%
Epoch   6:  Dev 0.515759289264679
patience: 2 / 6
Epoch   7  Train Loss 0.1326 99.82%
Epoch   7:  Dev 0.5328947305679321
patience: 3 / 6
Epoch   8  Train Loss 0.1307 99.85%
Epoch   8:  Dev 0.5060240626335144
patience: 4 / 6
Epoch   9  Train Loss 0.1284 99.88%
Epoch   9:  Dev 0.49707603454589844
patience: 5 / 6
Epoch  10  Train Loss 0.1276 99.88%
Epoch  10:  Dev 0.4871060252189636
patience: 6 / 6
setting train exemplar for learned classes
torch.Size([180, 2048])
BEST DEV 0: 0.5398772954940796
BEST TEST 0: 0.6577778458595276
torch.Size([180, 2048])
Epoch   1  Train Loss 12.6815 98.76%
Epoch   1:  Dev 0.45940592885017395
Epoch   1: Test 0.5568445324897766
patience: 0 / 6
Epoch   2  Train Loss 13.7928 99.52%
Epoch   2:  Dev 0.5373134613037109
Epoch   2: Test 0.5777778029441833
patience: 0 / 6
Epoch   3  Train Loss 15.1146 99.57%
Epoch   3:  Dev 0.5333333015441895
patience: 1 / 6
Epoch   4  Train Loss 16.0084 99.62%
Epoch   4:  Dev 0.5489442944526672
Epoch   4: Test 0.6140351295471191
patience: 0 / 6
Epoch   5  Train Loss 17.2043 99.64%
Epoch   5:  Dev 0.5485714077949524
patience: 1 / 6
Epoch   6  Train Loss 17.7916 99.66%
Epoch   6:  Dev 0.5482625365257263
patience: 2 / 6
Epoch   7  Train Loss 18.8680 99.68%
Epoch   7:  Dev 0.5390334725379944
patience: 3 / 6
Epoch   8  Train Loss 19.5119 99.71%
Epoch   8:  Dev 0.5522388219833374
Epoch   8: Test 0.5685884952545166
patience: 0 / 6
Epoch   9  Train Loss 20.6697 99.72%
Epoch   9:  Dev 0.5525291562080383
Epoch   9: Test 0.5852631330490112
patience: 0 / 6
Epoch  10  Train Loss 21.1938 99.73%
Epoch  10:  Dev 0.5504950284957886
patience: 1 / 6
Epoch  11  Train Loss 21.6314 99.76%
Epoch  11:  Dev 0.5534351468086243
Epoch  11: Test 0.5850622653961182
patience: 0 / 6
Epoch  12  Train Loss 22.1635 99.78%
Epoch  12:  Dev 0.555555522441864
Epoch  12: Test 0.5646122694015503
patience: 0 / 6
Epoch  13  Train Loss 22.4742 99.79%
Epoch  13:  Dev 0.5443786978721619
patience: 1 / 6
Epoch  14  Train Loss 23.0012 99.80%
Epoch  14:  Dev 0.533589243888855
patience: 2 / 6
Epoch  15  Train Loss 23.3117 99.82%
Epoch  15:  Dev 0.5436893701553345
patience: 3 / 6
Epoch  16  Train Loss 23.2539 99.83%
Epoch  16:  Dev 0.54296875
patience: 4 / 6
Epoch  17  Train Loss 23.7051 99.85%
Epoch  17:  Dev 0.5440900325775146
patience: 5 / 6
Epoch  18  Train Loss 23.8920 99.85%
Epoch  18:  Dev 0.5408560037612915
patience: 6 / 6
setting train exemplar for learned classes
torch.Size([280, 2048])
BEST DEV 1: 0.555555522441864
BEST TEST 1: 0.5646122694015503
torch.Size([280, 2048])
Epoch   1  Train Loss 17.0710 98.90%
Epoch   1:  Dev 0.5738831758499146
Epoch   1: Test 0.588888943195343
patience: 0 / 6
Epoch   2  Train Loss 18.4680 99.66%
Epoch   2:  Dev 0.5681444406509399
patience: 1 / 6
Epoch   3  Train Loss 19.5818 99.69%
Epoch   3:  Dev 0.5951557159423828
Epoch   3: Test 0.6220362782478333
patience: 0 / 6
Epoch   4  Train Loss 20.1577 99.72%
Epoch   4:  Dev 0.5803278088569641
patience: 1 / 6
Epoch   5  Train Loss 20.8873 99.73%
Epoch   5:  Dev 0.6065857410430908
Epoch   5: Test 0.6336088180541992
patience: 0 / 6
Epoch   6  Train Loss 21.5120 99.75%
Epoch   6:  Dev 0.5858585834503174
patience: 1 / 6
Epoch   7  Train Loss 22.4613 99.75%
Epoch   7:  Dev 0.5799011588096619
patience: 2 / 6
Epoch   8  Train Loss 22.6698 99.76%
Epoch   8:  Dev 0.5941277742385864
patience: 3 / 6
Epoch   9  Train Loss 22.9849 99.78%
Epoch   9:  Dev 0.5862646698951721
patience: 4 / 6
Epoch  10  Train Loss 23.0648 99.78%
Epoch  10:  Dev 0.5860306620597839
patience: 5 / 6
Epoch  11  Train Loss 23.4115 99.79%
Epoch  11:  Dev 0.5792163610458374
patience: 6 / 6
setting train exemplar for learned classes
torch.Size([400, 2048])
BEST DEV 2: 0.6065857410430908
BEST TEST 2: 0.6336088180541992
torch.Size([400, 2048])
Epoch   1  Train Loss 16.5411 97.41%
Epoch   1:  Dev 0.591549277305603
Epoch   1: Test 0.5662392377853394
patience: 0 / 6
Epoch   2  Train Loss 18.2696 99.65%
Epoch   2:  Dev 0.5969316363334656
Epoch   2: Test 0.5822266936302185
patience: 0 / 6
Epoch   3  Train Loss 19.4206 99.69%
Epoch   3:  Dev 0.608571469783783
Epoch   3: Test 0.6027111411094666
patience: 0 / 6
Epoch   4  Train Loss 20.1791 99.72%
Epoch   4:  Dev 0.5944444537162781
patience: 1 / 6
Epoch   5  Train Loss 20.9665 99.72%
Epoch   5:  Dev 0.5999999642372131
patience: 2 / 6
Epoch   6  Train Loss 21.6728 99.75%
Epoch   6:  Dev 0.5941422581672668
patience: 3 / 6
Epoch   7  Train Loss 21.9223 99.76%
Epoch   7:  Dev 0.6089466214179993
Epoch   7: Test 0.6040555238723755
patience: 0 / 6
Epoch   8  Train Loss 22.2314 99.79%
Epoch   8:  Dev 0.5931034088134766
patience: 1 / 6
Epoch   9  Train Loss 22.6773 99.79%
Epoch   9:  Dev 0.5954415798187256
patience: 2 / 6
Epoch  10  Train Loss 23.3294 99.81%
Epoch  10:  Dev 0.6017192006111145
patience: 3 / 6
Epoch  11  Train Loss 23.4615 99.82%
Epoch  11:  Dev 0.6028168797492981
patience: 4 / 6
Epoch  12  Train Loss 23.6318 99.82%
Epoch  12:  Dev 0.6008462309837341
patience: 5 / 6
Epoch  13  Train Loss 23.5825 99.83%
Epoch  13:  Dev 0.596393883228302
patience: 6 / 6
setting train exemplar for learned classes
torch.Size([560, 2048])
BEST DEV 3: 0.6089466214179993
BEST TEST 3: 0.6040555238723755
torch.Size([560, 2048])
Epoch   1  Train Loss 18.6843 97.69%
Epoch   1:  Dev 0.6460554599761963
Epoch   1: Test 0.6582781076431274
patience: 0 / 6
Epoch   2  Train Loss 19.9097 99.52%
Epoch   2:  Dev 0.628029465675354
patience: 1 / 6
Epoch   3  Train Loss 20.7699 99.56%
Epoch   3:  Dev 0.6295502781867981
patience: 2 / 6
Epoch   4  Train Loss 21.2819 99.60%
Epoch   4:  Dev 0.6323529481887817
patience: 3 / 6
Epoch   5  Train Loss 21.3719 99.63%
Epoch   5:  Dev 0.6437029242515564
patience: 4 / 6
Epoch   6  Train Loss 21.7427 99.66%
Epoch   6:  Dev 0.6444683074951172
patience: 5 / 6
Epoch   7  Train Loss 22.2972 99.67%
Epoch   7:  Dev 0.6399999856948853
patience: 6 / 6
setting train exemplar for learned classes
torch.Size([660, 2048])
BEST DEV 4: 0.6460554599761963
BEST TEST 4: 0.6582781076431274
