Dump name space
results/ace/FairGrad_mi/perm_4/options.json
Dump name space
results/ace/FairGrad_mi/perm_4/options.json
Dump name space
results/ace/FairGrad_mi/perm_4/options.json
Dump name space
results/ace/FairGrad_mi/perm_4/options.json
[[200, 180, 173, 198, 177, 0], [196, 181, 182, 202, 185, 176, 170, 192, 0], [188, 199, 184, 194, 189, 190, 178, 186, 197, 0], [191, 187, 195, 171, 174, 179, 0], [201, 183, 193, 172, 175, 0]]
False
train loader and exclude loader:  0
Original len train instances: 265115
train loader and exclude loader:  1
Original len train instances: 264396
train loader and exclude loader:  2
Original len train instances: 263784
train loader and exclude loader:  3
Original len train instances: 263200
train loader and exclude loader:  4
Original len train instances: 262361
Original len dev instances: 54053
Original len test instances: 93949
create basgMTL 4
False True
Epoch   1  Train Loss 1.2016 99.11%
Epoch   1:  Dev 0.544715404510498
Epoch   1: Test 0.4312668442726135
patience: 0 / 6
Epoch   2  Train Loss 1.1391 99.43%
Epoch   2:  Dev 0.4484848380088806
patience: 1 / 6
Epoch   3  Train Loss 1.1332 99.47%
Epoch   3:  Dev 0.5378787517547607
patience: 2 / 6
Epoch   4  Train Loss 1.1283 99.56%
Epoch   4:  Dev 0.5485231876373291
Epoch   4: Test 0.48170730471611023
patience: 0 / 6
Epoch   5  Train Loss 1.1254 99.61%
Epoch   5:  Dev 0.5185185074806213
patience: 1 / 6
Epoch   6  Train Loss 1.1225 99.65%
Epoch   6:  Dev 0.5426356792449951
patience: 2 / 6
Epoch   7  Train Loss 1.1205 99.71%
Epoch   7:  Dev 0.5214008092880249
patience: 3 / 6
Epoch   8  Train Loss 1.1187 99.75%
Epoch   8:  Dev 0.5773196220397949
Epoch   8: Test 0.51408451795578
patience: 0 / 6
Epoch   9  Train Loss 1.1173 99.78%
Epoch   9:  Dev 0.47887322306632996
patience: 1 / 6
Epoch  10  Train Loss 1.1167 99.80%
Epoch  10:  Dev 0.5560975074768066
patience: 2 / 6
Epoch  11  Train Loss 1.1159 99.82%
Epoch  11:  Dev 0.44186046719551086
patience: 3 / 6
Epoch  12  Train Loss 1.1151 99.84%
Epoch  12:  Dev 0.5116278529167175
patience: 4 / 6
Epoch  13  Train Loss 1.1147 99.86%
Epoch  13:  Dev 0.5066666603088379
patience: 5 / 6
Epoch  14  Train Loss 1.1147 99.87%
Epoch  14:  Dev 0.539130449295044
patience: 6 / 6
setting train exemplar for learned classes
torch.Size([100, 2048])
BEST DEV 0: 0.5773196220397949
BEST TEST 0: 0.51408451795578
torch.Size([100, 2048])
Epoch   1  Train Loss 21.9104 98.23%
Epoch   1:  Dev 0.5910447835922241
Epoch   1: Test 0.48373985290527344
patience: 0 / 6
Epoch   2  Train Loss 41.3840 99.69%
Epoch   2:  Dev 0.6094674468040466
Epoch   2: Test 0.5213848948478699
patience: 0 / 6
Epoch   3  Train Loss 68.5050 99.73%
Epoch   3:  Dev 0.6011905074119568
patience: 1 / 6
Epoch   4  Train Loss 85.2330 99.75%
Epoch   4:  Dev 0.6158358454704285
Epoch   4: Test 0.524193525314331
patience: 0 / 6
Epoch   5  Train Loss 104.8280 99.79%
Epoch   5:  Dev 0.5906432867050171
patience: 1 / 6
Epoch   6  Train Loss 147.9745 99.79%
Epoch   6:  Dev 0.5971014499664307
patience: 2 / 6
Epoch   7  Train Loss 174.8378 99.81%
Epoch   7:  Dev 0.5865102410316467
patience: 3 / 6
Epoch   8  Train Loss 205.0570 99.83%
Epoch   8:  Dev 0.6144927740097046
patience: 4 / 6
Epoch   9  Train Loss 249.9633 99.84%
Epoch   9:  Dev 0.5983379483222961
patience: 5 / 6
Epoch  10  Train Loss 247.7400 99.86%
Epoch  10:  Dev 0.6178343892097473
Epoch  10: Test 0.5063830018043518
patience: 0 / 6
Epoch  11  Train Loss 268.4930 99.87%
Epoch  11:  Dev 0.6280991435050964
Epoch  11: Test 0.5223880410194397
patience: 0 / 6
Epoch  12  Train Loss 307.9551 99.88%
Epoch  12:  Dev 0.6000000238418579
patience: 1 / 6
Epoch  13  Train Loss 387.1996 99.88%
Epoch  13:  Dev 0.5777777433395386
patience: 2 / 6
Epoch  14  Train Loss 392.1970 99.90%
Epoch  14:  Dev 0.615384578704834
patience: 3 / 6
Epoch  15  Train Loss 434.6578 99.91%
Epoch  15:  Dev 0.5988024473190308
patience: 4 / 6
Epoch  16  Train Loss 425.0474 99.92%
Epoch  16:  Dev 0.5930600166320801
patience: 5 / 6
Epoch  17  Train Loss 539.9422 99.93%
Epoch  17:  Dev 0.5913621783256531
patience: 6 / 6
setting train exemplar for learned classes
torch.Size([260, 2048])
BEST DEV 1: 0.6280991435050964
BEST TEST 1: 0.5223880410194397
torch.Size([260, 2048])
Epoch   1  Train Loss 29.2668 97.35%
Epoch   1:  Dev 0.5985400676727295
Epoch   1: Test 0.5076452493667603
patience: 0 / 6
Epoch   2  Train Loss 58.5327 99.75%
Epoch   2:  Dev 0.5782312750816345
patience: 1 / 6
Epoch   3  Train Loss 94.2628 99.77%
Epoch   3:  Dev 0.5807560086250305
patience: 2 / 6
Epoch   4  Train Loss 111.3937 99.79%
Epoch   4:  Dev 0.5966850519180298
patience: 3 / 6
Epoch   5  Train Loss 144.7895 99.81%
Epoch   5:  Dev 0.6201021671295166
Epoch   5: Test 0.5398773550987244
patience: 0 / 6
Epoch   6  Train Loss 153.4090 99.82%
Epoch   6:  Dev 0.6026490330696106
patience: 1 / 6
Epoch   7  Train Loss 184.1943 99.82%
Epoch   7:  Dev 0.5941559076309204
patience: 2 / 6
Epoch   8  Train Loss 182.7585 99.84%
Epoch   8:  Dev 0.5986842513084412
patience: 3 / 6
Epoch   9  Train Loss 203.3612 99.85%
Epoch   9:  Dev 0.584013044834137
patience: 4 / 6
Epoch  10  Train Loss 208.0079 99.85%
Epoch  10:  Dev 0.5903814435005188
patience: 5 / 6
Epoch  11  Train Loss 252.6056 99.87%
Epoch  11:  Dev 0.6035313010215759
patience: 6 / 6
setting train exemplar for learned classes
torch.Size([440, 2048])
BEST DEV 2: 0.6201021671295166
BEST TEST 2: 0.5398773550987244
torch.Size([440, 2048])
Epoch   1  Train Loss 18.4961 98.33%
Epoch   1:  Dev 0.5757121443748474
Epoch   1: Test 0.5846500992774963
patience: 0 / 6
Epoch   2  Train Loss 29.2836 99.66%
Epoch   2:  Dev 0.5843023061752319
Epoch   2: Test 0.5827956795692444
patience: 0 / 6
Epoch   3  Train Loss 41.0964 99.71%
Epoch   3:  Dev 0.5871832966804504
Epoch   3: Test 0.5907554030418396
patience: 0 / 6
Epoch   4  Train Loss 51.9594 99.72%
Epoch   4:  Dev 0.5934717655181885
Epoch   4: Test 0.5864332914352417
patience: 0 / 6
Epoch   5  Train Loss 58.9883 99.75%
Epoch   5:  Dev 0.5997046232223511
Epoch   5: Test 0.5764967203140259
patience: 0 / 6
Epoch   6  Train Loss 72.1125 99.76%
Epoch   6:  Dev 0.5865522027015686
patience: 1 / 6
Epoch   7  Train Loss 79.3438 99.77%
Epoch   7:  Dev 0.6006006002426147
Epoch   7: Test 0.5856353640556335
patience: 0 / 6
Epoch   8  Train Loss 90.7053 99.78%
Epoch   8:  Dev 0.5942684412002563
patience: 1 / 6
Epoch   9  Train Loss 103.1005 99.80%
Epoch   9:  Dev 0.600896954536438
Epoch   9: Test 0.5692307353019714
patience: 0 / 6
Epoch  10  Train Loss 119.9022 99.80%
Epoch  10:  Dev 0.5949926376342773
patience: 1 / 6
Epoch  11  Train Loss 123.8974 99.81%
Epoch  11:  Dev 0.6033691167831421
Epoch  11: Test 0.5656565427780151
patience: 0 / 6
Epoch  12  Train Loss 149.7188 99.83%
Epoch  12:  Dev 0.5923753976821899
patience: 1 / 6
Epoch  13  Train Loss 172.0929 99.83%
Epoch  13:  Dev 0.5990782976150513
patience: 2 / 6
Epoch  14  Train Loss 170.1747 99.86%
Epoch  14:  Dev 0.5892857313156128
patience: 3 / 6
Epoch  15  Train Loss 170.4454 99.85%
Epoch  15:  Dev 0.596182107925415
patience: 4 / 6
Epoch  16  Train Loss 200.0209 99.86%
Epoch  16:  Dev 0.5990782976150513
patience: 5 / 6
Epoch  17  Train Loss 197.3494 99.87%
Epoch  17:  Dev 0.600896954536438
patience: 6 / 6
setting train exemplar for learned classes
torch.Size([560, 2048])
BEST DEV 3: 0.6033691167831421
BEST TEST 3: 0.5656565427780151
torch.Size([560, 2048])
Epoch   1  Train Loss 14.6603 96.30%
Epoch   1:  Dev 0.6204545497894287
Epoch   1: Test 0.6345492005348206
patience: 0 / 6
Epoch   2  Train Loss 19.8927 99.55%
Epoch   2:  Dev 0.6200676560401917
patience: 1 / 6
Epoch   3  Train Loss 27.9045 99.59%
Epoch   3:  Dev 0.6263982057571411
Epoch   3: Test 0.6315068006515503
patience: 0 / 6
Epoch   4  Train Loss 30.0385 99.63%
Epoch   4:  Dev 0.6203208565711975
patience: 1 / 6
Epoch   5  Train Loss 35.5303 99.67%
Epoch   5:  Dev 0.6350282430648804
Epoch   5: Test 0.6425153613090515
patience: 0 / 6
Epoch   6  Train Loss 43.1554 99.69%
Epoch   6:  Dev 0.6305309534072876
patience: 1 / 6
Epoch   7  Train Loss 44.8329 99.69%
Epoch   7:  Dev 0.6342541575431824
patience: 2 / 6
Epoch   8  Train Loss 51.8374 99.72%
Epoch   8:  Dev 0.6271777153015137
patience: 3 / 6
Epoch   9  Train Loss 70.5966 99.74%
Epoch   9:  Dev 0.6210640668869019
patience: 4 / 6
Epoch  10  Train Loss 67.3278 99.76%
Epoch  10:  Dev 0.625134289264679
patience: 5 / 6
Epoch  11  Train Loss 95.1495 99.77%
Epoch  11:  Dev 0.6306505799293518
patience: 6 / 6
setting train exemplar for learned classes
torch.Size([660, 2048])
BEST DEV 4: 0.6350282430648804
BEST TEST 4: 0.6425153613090515
