Dump name space
results/ace/woLMH_woMOO_woNAloss_woSR/perm_4/options.json
Dump name space
results/ace/woLMH_woMOO_woNAloss_woSR/perm_4/options.json
Dump name space
results/ace/woLMH_woMOO_woNAloss_woSR/perm_4/options.json
Dump name space
results/ace/woLMH_woMOO_woNAloss_woSR/perm_4/options.json
Dump name space
results/ace/woLMH_woMOO_woNAloss_woSR/perm_4/options.json
[[200, 180, 173, 198, 177, 0], [196, 181, 182, 202, 185, 176, 170, 192, 0], [188, 199, 184, 194, 189, 190, 178, 186, 197, 0], [191, 187, 195, 171, 174, 179, 0], [201, 183, 193, 172, 175, 0]]
False
train loader and exclude loader:  0
Original len train instances: 265115
train loader and exclude loader:  1
Original len train instances: 264396
train loader and exclude loader:  2
Original len train instances: 263784
train loader and exclude loader:  3
Original len train instances: 263200
train loader and exclude loader:  4
Original len train instances: 262361
Original len dev instances: 54053
Original len test instances: 93949
create basgMTL 4
False False
Epoch   1  Train Loss 0.0417 98.26%
Epoch   1:  Dev 0.4094487726688385
Epoch   1: Test 0.4893617331981659
patience: 0 / 6
Epoch   2  Train Loss 0.0061 98.53%
Epoch   2:  Dev 0.6075949668884277
Epoch   2: Test 0.5128204822540283
patience: 0 / 6
Epoch   3  Train Loss 0.0049 98.56%
Epoch   3:  Dev 0.6202531456947327
Epoch   3: Test 0.5056179761886597
patience: 0 / 6
Epoch   4  Train Loss 0.0041 98.58%
Epoch   4:  Dev 0.5540540814399719
patience: 1 / 6
Epoch   5  Train Loss 0.0033 98.62%
Epoch   5:  Dev 0.583783745765686
patience: 2 / 6
Epoch   6  Train Loss 0.0026 98.64%
Epoch   6:  Dev 0.57485032081604
patience: 3 / 6
Epoch   7  Train Loss 0.0022 98.65%
Epoch   7:  Dev 0.530386745929718
patience: 4 / 6
Epoch   8  Train Loss 0.0015 98.68%
Epoch   8:  Dev 0.5333333015441895
patience: 5 / 6
Epoch   9  Train Loss 0.0014 98.68%
Epoch   9:  Dev 0.5227272510528564
patience: 6 / 6
setting train exemplar for learned classes
torch.Size([100, 2048])
BEST DEV 0: 0.6202531456947327
BEST TEST 0: 0.5056179761886597
torch.Size([100, 2048])
Epoch   1  Train Loss 0.1052 98.42%
Epoch   1:  Dev 0.5576208233833313
Epoch   1: Test 0.40750670433044434
patience: 0 / 6
Epoch   2  Train Loss 0.0935 98.79%
Epoch   2:  Dev 0.5227272510528564
patience: 1 / 6
Epoch   3  Train Loss 0.0924 98.83%
Epoch   3:  Dev 0.5714285373687744
Epoch   3: Test 0.48563969135284424
patience: 0 / 6
Epoch   4  Train Loss 0.0918 98.84%
Epoch   4:  Dev 0.5019305348396301
patience: 1 / 6
Epoch   5  Train Loss 0.0913 98.87%
Epoch   5:  Dev 0.5574913024902344
patience: 2 / 6
Epoch   6  Train Loss 0.0910 98.87%
Epoch   6:  Dev 0.45418328046798706
patience: 3 / 6
Epoch   7  Train Loss 0.0907 98.90%
Epoch   7:  Dev 0.5201465487480164
patience: 4 / 6
Epoch   8  Train Loss 0.0904 98.90%
Epoch   8:  Dev 0.5313653349876404
patience: 5 / 6
Epoch   9  Train Loss 0.0902 98.91%
Epoch   9:  Dev 0.5371025204658508
patience: 6 / 6
setting train exemplar for learned classes
torch.Size([260, 2048])
BEST DEV 1: 0.5714285373687744
BEST TEST 1: 0.48563969135284424
torch.Size([260, 2048])
Epoch   1  Train Loss 0.2642 98.44%
Epoch   1:  Dev 0.5226781368255615
Epoch   1: Test 0.39458414912223816
patience: 0 / 6
Epoch   2  Train Loss 0.2494 99.01%
Epoch   2:  Dev 0.5436105728149414
Epoch   2: Test 0.4742647111415863
patience: 0 / 6
Epoch   3  Train Loss 0.2485 99.04%
Epoch   3:  Dev 0.5439330339431763
Epoch   3: Test 0.4496123790740967
patience: 0 / 6
Epoch   4  Train Loss 0.2482 99.05%
Epoch   4:  Dev 0.5443037748336792
Epoch   4: Test 0.447817862033844
patience: 0 / 6
Epoch   5  Train Loss 0.2477 99.06%
Epoch   5:  Dev 0.5415778160095215
patience: 1 / 6
Epoch   6  Train Loss 0.2477 99.07%
Epoch   6:  Dev 0.5362035036087036
patience: 2 / 6
Epoch   7  Train Loss 0.2473 99.08%
Epoch   7:  Dev 0.5553398728370667
Epoch   7: Test 0.4568138122558594
patience: 0 / 6
Epoch   8  Train Loss 0.2470 99.09%
Epoch   8:  Dev 0.5454545617103577
patience: 1 / 6
Epoch   9  Train Loss 0.2469 99.11%
Epoch   9:  Dev 0.5528756380081177
patience: 2 / 6
Epoch  10  Train Loss 0.2468 99.11%
Epoch  10:  Dev 0.5503876805305481
patience: 3 / 6
Epoch  11  Train Loss 0.2468 99.12%
Epoch  11:  Dev 0.5373737812042236
patience: 4 / 6
Epoch  12  Train Loss 0.2466 99.13%
Epoch  12:  Dev 0.5429142117500305
patience: 5 / 6
Epoch  13  Train Loss 0.2466 99.13%
Epoch  13:  Dev 0.5289256572723389
patience: 6 / 6
setting train exemplar for learned classes
torch.Size([440, 2048])
BEST DEV 2: 0.5553398728370667
BEST TEST 2: 0.4568138122558594
torch.Size([440, 2048])
Epoch   1  Train Loss 0.4485 98.91%
Epoch   1:  Dev 0.4974093735218048
Epoch   1: Test 0.4903581142425537
patience: 0 / 6
Epoch   2  Train Loss 0.4428 99.26%
Epoch   2:  Dev 0.5041736364364624
Epoch   2: Test 0.5345268845558167
patience: 0 / 6
Epoch   3  Train Loss 0.4423 99.30%
Epoch   3:  Dev 0.5100671052932739
Epoch   3: Test 0.5454545617103577
patience: 0 / 6
Epoch   4  Train Loss 0.4422 99.31%
Epoch   4:  Dev 0.5132450461387634
Epoch   4: Test 0.5281046032905579
patience: 0 / 6
Epoch   5  Train Loss 0.4419 99.33%
Epoch   5:  Dev 0.5150501728057861
Epoch   5: Test 0.5271522998809814
patience: 0 / 6
Epoch   6  Train Loss 0.4415 99.34%
Epoch   6:  Dev 0.5176470875740051
Epoch   6: Test 0.5051281452178955
patience: 0 / 6
Epoch   7  Train Loss 0.4414 99.35%
Epoch   7:  Dev 0.5268456339836121
Epoch   7: Test 0.5084306597709656
patience: 0 / 6
Epoch   8  Train Loss 0.4414 99.36%
Epoch   8:  Dev 0.5183946490287781
patience: 1 / 6
Epoch   9  Train Loss 0.4413 99.38%
Epoch   9:  Dev 0.5205478668212891
patience: 2 / 6
Epoch  10  Train Loss 0.4409 99.37%
Epoch  10:  Dev 0.5024630427360535
patience: 3 / 6
Epoch  11  Train Loss 0.4411 99.39%
Epoch  11:  Dev 0.507462739944458
patience: 4 / 6
Epoch  12  Train Loss 0.4408 99.39%
Epoch  12:  Dev 0.505050539970398
patience: 5 / 6
Epoch  13  Train Loss 0.4407 99.41%
Epoch  13:  Dev 0.5147825479507446
patience: 6 / 6
setting train exemplar for learned classes
torch.Size([560, 2048])
BEST DEV 3: 0.5268456339836121
BEST TEST 3: 0.5084306597709656
torch.Size([560, 2048])
Epoch   1  Train Loss 0.6705 99.29%
Epoch   1:  Dev 0.5365853309631348
Epoch   1: Test 0.5774533152580261
patience: 0 / 6
Epoch   2  Train Loss 0.6677 99.68%
Epoch   2:  Dev 0.5581977963447571
Epoch   2: Test 0.5961844325065613
patience: 0 / 6
Epoch   3  Train Loss 0.6671 99.71%
Epoch   3:  Dev 0.5632333755493164
Epoch   3: Test 0.6091052293777466
patience: 0 / 6
Epoch   4  Train Loss 0.6672 99.74%
Epoch   4:  Dev 0.5735294818878174
Epoch   4: Test 0.6075757145881653
patience: 0 / 6
Epoch   5  Train Loss 0.6666 99.75%
Epoch   5:  Dev 0.5735660791397095
Epoch   5: Test 0.6130268573760986
patience: 0 / 6
Epoch   6  Train Loss 0.6665 99.77%
Epoch   6:  Dev 0.5618811845779419
patience: 1 / 6
Epoch   7  Train Loss 0.6661 99.78%
Epoch   7:  Dev 0.5781058073043823
Epoch   7: Test 0.6123680472373962
patience: 0 / 6
Epoch   8  Train Loss 0.6664 99.80%
Epoch   8:  Dev 0.5588972568511963
patience: 1 / 6
Epoch   9  Train Loss 0.6660 99.81%
Epoch   9:  Dev 0.5735849142074585
patience: 2 / 6
Epoch  10  Train Loss 0.6661 99.84%
Epoch  10:  Dev 0.5674999952316284
patience: 3 / 6
Epoch  11  Train Loss 0.6658 99.84%
Epoch  11:  Dev 0.5696670413017273
patience: 4 / 6
Epoch  12  Train Loss 0.6658 99.86%
Epoch  12:  Dev 0.5771144032478333
patience: 5 / 6
Epoch  13  Train Loss 0.6659 99.86%
Epoch  13:  Dev 0.5693606734275818
patience: 6 / 6
setting train exemplar for learned classes
torch.Size([660, 2048])
BEST DEV 4: 0.5781058073043823
BEST TEST 4: 0.6123680472373962
