Dump name space
results/maven/woLMH_woMOO_narate-4_cluster-4_gen-20/perm_1/options.json
Dump name space
results/maven/woLMH_woMOO_narate-4_cluster-4_gen-20/perm_1/options.json
Dump name space
results/maven/woLMH_woMOO_narate-4_cluster-4_gen-20/perm_1/options.json
Dump name space
results/maven/woLMH_woMOO_narate-4_cluster-4_gen-20/perm_1/options.json
Dump name space
results/maven/woLMH_woMOO_narate-4_cluster-4_gen-20/perm_1/options.json
[[151, 16, 3, 70, 106, 141, 68, 31, 79, 101, 166, 167, 94, 21, 51, 7, 73, 145, 2, 124, 159, 61, 41, 142, 126, 144, 55, 168, 29, 11, 24, 0], [157, 18, 114, 92, 67, 153, 80, 115, 78, 154, 27, 5, 69, 117, 44, 83, 155, 40, 45, 139, 137, 14, 138, 119, 74, 150, 59, 54, 28, 9, 140, 37, 107, 76, 47, 0], [147, 48, 84, 39, 53, 23, 109, 22, 77, 62, 93, 143, 89, 8, 71, 85, 63, 97, 65, 103, 113, 112, 123, 152, 88, 98, 72, 42, 60, 133, 128, 116, 15, 111, 136, 162, 129, 132, 6, 0], [46, 36, 17, 13, 12, 20, 25, 49, 169, 148, 87, 56, 95, 81, 58, 57, 161, 64, 163, 82, 43, 125, 35, 96, 156, 100, 66, 30, 50, 120, 0], [134, 99, 105, 91, 52, 19, 135, 122, 127, 102, 108, 104, 110, 38, 118, 121, 160, 26, 34, 33, 158, 130, 165, 86, 149, 146, 164, 4, 131, 75, 90, 10, 32, 0]]
True
train loader and exclude loader:  0
Original len train instances: 347788
train loader and exclude loader:  1
Original len train instances: 333221
train loader and exclude loader:  2
Original len train instances: 319808
train loader and exclude loader:  3
Original len train instances: 305370
train loader and exclude loader:  4
Original len train instances: 293078
Original len dev instances: 57198
Original len test instances: 98603
create basgMTL 4
False True
Epoch   1  Train Loss 0.4220 80.99%
Epoch   1:  Dev 0.570579469203949
Epoch   1: Test 0.5555333495140076
patience: 0 / 5
Epoch   2  Train Loss 0.2489 82.03%
Epoch   2:  Dev 0.5912054777145386
Epoch   2: Test 0.5731508135795593
patience: 0 / 5
Epoch   3  Train Loss 0.2148 82.17%
Epoch   3:  Dev 0.611293375492096
Epoch   3: Test 0.5967775583267212
patience: 0 / 5
Epoch   4  Train Loss 0.1912 82.32%
Epoch   4:  Dev 0.6111205816268921
patience: 1 / 5
Epoch   5  Train Loss 0.1707 82.44%
Epoch   5:  Dev 0.6218072175979614
Epoch   5: Test 0.5986335873603821
patience: 0 / 5
Epoch   6  Train Loss 0.1529 82.56%
Epoch   6:  Dev 0.6257022619247437
Epoch   6: Test 0.6058980822563171
patience: 0 / 5
Epoch   7  Train Loss 0.1378 82.68%
Epoch   7:  Dev 0.6241010427474976
patience: 1 / 5
Epoch   8  Train Loss 0.1249 82.82%
Epoch   8:  Dev 0.621209442615509
patience: 2 / 5
Epoch   9  Train Loss 0.1123 82.96%
Epoch   9:  Dev 0.6064776182174683
patience: 3 / 5
Epoch  10  Train Loss 0.1012 83.08%
Epoch  10:  Dev 0.6305490732192993
Epoch  10: Test 0.601043164730072
patience: 0 / 5
Epoch  11  Train Loss 0.0923 83.19%
Epoch  11:  Dev 0.6126126646995544
patience: 1 / 5
Epoch  12  Train Loss 0.0851 83.28%
Epoch  12:  Dev 0.6184486746788025
patience: 2 / 5
Epoch  13  Train Loss 0.0793 83.36%
Epoch  13:  Dev 0.633871853351593
Epoch  13: Test 0.6056070327758789
patience: 0 / 5
Epoch  14  Train Loss 0.0741 83.44%
Epoch  14:  Dev 0.6300312280654907
patience: 1 / 5
Epoch  15  Train Loss 0.0682 83.55%
Epoch  15:  Dev 0.6171750426292419
patience: 2 / 5
setting train exemplar for learned classes
torch.Size([620, 2048])
BEST DEV 0: 0.633871853351593
BEST TEST 0: 0.6056070327758789
torch.Size([620, 2048])
Epoch   1  Train Loss 1.4412 83.31%
Epoch   1:  Dev 0.5713182687759399
Epoch   1: Test 0.5629943609237671
patience: 0 / 5
Epoch   2  Train Loss 1.3578 84.04%
Epoch   2:  Dev 0.566724419593811
patience: 1 / 5
Epoch   3  Train Loss 1.3346 84.31%
Epoch   3:  Dev 0.5660975575447083
patience: 2 / 5
Epoch   4  Train Loss 1.3209 84.55%
Epoch   4:  Dev 0.5836943984031677
Epoch   4: Test 0.5871408581733704
patience: 0 / 5
Epoch   5  Train Loss 1.3103 84.76%
Epoch   5:  Dev 0.5707100629806519
patience: 1 / 5
Epoch   6  Train Loss 1.3033 84.92%
Epoch   6:  Dev 0.5705192685127258
patience: 2 / 5
Epoch   7  Train Loss 1.2969 85.14%
Epoch   7:  Dev 0.5704617500305176
patience: 3 / 5
Epoch   8  Train Loss 1.2914 85.34%
Epoch   8:  Dev 0.5725373029708862
patience: 4 / 5
Epoch   9  Train Loss 1.2878 85.49%
Epoch   9:  Dev 0.568997859954834
patience: 5 / 5
setting train exemplar for learned classes
torch.Size([1320, 2048])
BEST DEV 1: 0.5836943984031677
BEST TEST 1: 0.5871408581733704
torch.Size([1320, 2048])
Epoch   1  Train Loss 2.0359 85.51%
Epoch   1:  Dev 0.574592113494873
Epoch   1: Test 0.5875162482261658
patience: 0 / 5
Epoch   2  Train Loss 1.9852 86.61%
Epoch   2:  Dev 0.5891483426094055
Epoch   2: Test 0.5970521569252014
patience: 0 / 5
Epoch   3  Train Loss 1.9713 86.99%
Epoch   3:  Dev 0.5885023474693298
patience: 1 / 5
Epoch   4  Train Loss 1.9632 87.25%
Epoch   4:  Dev 0.5922678112983704
Epoch   4: Test 0.5994864702224731
patience: 0 / 5
Epoch   5  Train Loss 1.9573 87.48%
Epoch   5:  Dev 0.5852023959159851
patience: 1 / 5
Epoch   6  Train Loss 1.9530 87.61%
Epoch   6:  Dev 0.5859269499778748
patience: 2 / 5
Epoch   7  Train Loss 1.9509 87.82%
Epoch   7:  Dev 0.5923420190811157
Epoch   7: Test 0.5996102094650269
patience: 0 / 5
Epoch   8  Train Loss 1.9469 87.93%
Epoch   8:  Dev 0.5867465734481812
patience: 1 / 5
Epoch   9  Train Loss 1.9444 88.13%
Epoch   9:  Dev 0.5979759097099304
Epoch   9: Test 0.6012328267097473
patience: 0 / 5
Epoch  10  Train Loss 1.9417 88.26%
Epoch  10:  Dev 0.5917496681213379
patience: 1 / 5
Epoch  11  Train Loss 1.9416 88.34%
Epoch  11:  Dev 0.5943621397018433
patience: 2 / 5
Epoch  12  Train Loss 1.9379 88.48%
Epoch  12:  Dev 0.5929504632949829
patience: 3 / 5
Epoch  13  Train Loss 1.9371 88.63%
Epoch  13:  Dev 0.5896055698394775
patience: 4 / 5
Epoch  14  Train Loss 1.9353 88.72%
Epoch  14:  Dev 0.6001229882240295
Epoch  14: Test 0.5972981452941895
patience: 0 / 5
Epoch  15  Train Loss 1.9343 88.82%
Epoch  15:  Dev 0.5923818349838257
patience: 1 / 5
setting train exemplar for learned classes
torch.Size([2100, 2048])
BEST DEV 2: 0.6001229882240295
BEST TEST 2: 0.5972981452941895
torch.Size([2100, 2048])
Epoch   1  Train Loss 2.6149 88.92%
Epoch   1:  Dev 0.5780156850814819
Epoch   1: Test 0.5844252109527588
patience: 0 / 5
Epoch   2  Train Loss 2.5951 89.80%
Epoch   2:  Dev 0.5835714340209961
Epoch   2: Test 0.5887529253959656
patience: 0 / 5
Epoch   3  Train Loss 2.5876 90.00%
Epoch   3:  Dev 0.5844019651412964
Epoch   3: Test 0.5905324816703796
patience: 0 / 5
Epoch   4  Train Loss 2.5842 90.13%
Epoch   4:  Dev 0.5826398134231567
patience: 1 / 5
Epoch   5  Train Loss 2.5825 90.25%
Epoch   5:  Dev 0.5874007940292358
Epoch   5: Test 0.5967286229133606
patience: 0 / 5
Epoch   6  Train Loss 2.5800 90.36%
Epoch   6:  Dev 0.5832535028457642
patience: 1 / 5
Epoch   7  Train Loss 2.5785 90.46%
Epoch   7:  Dev 0.5885689854621887
Epoch   7: Test 0.5967363119125366
patience: 0 / 5
Epoch   8  Train Loss 2.5781 90.54%
Epoch   8:  Dev 0.5818853974342346
patience: 1 / 5
Epoch   9  Train Loss 2.5765 90.66%
Epoch   9:  Dev 0.5882042050361633
patience: 2 / 5
Epoch  10  Train Loss 2.5752 90.77%
Epoch  10:  Dev 0.5879309177398682
patience: 3 / 5
Epoch  11  Train Loss 2.5736 90.84%
Epoch  11:  Dev 0.5761540532112122
patience: 4 / 5
Epoch  12  Train Loss 2.5737 90.91%
Epoch  12:  Dev 0.5846920609474182
patience: 5 / 5
setting train exemplar for learned classes
torch.Size([2700, 2048])
BEST DEV 3: 0.5885689854621887
BEST TEST 3: 0.5967363119125366
torch.Size([2700, 2048])
Epoch   1  Train Loss 3.1216 91.10%
Epoch   1:  Dev 0.5945213437080383
Epoch   1: Test 0.5990995764732361
patience: 0 / 5
Epoch   2  Train Loss 3.0968 92.66%
Epoch   2:  Dev 0.5989928245544434
Epoch   2: Test 0.6055411696434021
patience: 0 / 5
Epoch   3  Train Loss 3.0904 92.94%
Epoch   3:  Dev 0.5973261594772339
patience: 1 / 5
Epoch   4  Train Loss 3.0874 93.07%
Epoch   4:  Dev 0.5962539315223694
patience: 2 / 5
Epoch   5  Train Loss 3.0850 93.20%
Epoch   5:  Dev 0.5957222580909729
patience: 3 / 5
Epoch   6  Train Loss 3.0831 93.35%
Epoch   6:  Dev 0.5935008525848389
patience: 4 / 5
Epoch   7  Train Loss 3.0823 93.42%
Epoch   7:  Dev 0.5935196876525879
patience: 5 / 5
setting train exemplar for learned classes
torch.Size([3360, 2048])
BEST DEV 4: 0.5989928245544434
BEST TEST 4: 0.6055411696434021
