Dump name space
results/ace/NashMTL_woMOO-40_cluster-4_gen-10/perm_4/options.json
Dump name space
results/ace/NashMTL_woMOO-40_cluster-4_gen-10/perm_4/options.json
Dump name space
results/ace/NashMTL_woMOO-40_cluster-4_gen-10/perm_4/options.json
Dump name space
results/ace/NashMTL_woMOO-40_cluster-4_gen-10/perm_4/options.json
[[200, 180, 173, 198, 177, 0], [196, 181, 182, 202, 185, 176, 170, 192, 0], [188, 199, 184, 194, 189, 190, 178, 186, 197, 0], [191, 187, 195, 171, 174, 179, 0], [201, 183, 193, 172, 175, 0]]
False
train loader and exclude loader:  0
Original len train instances: 265115
train loader and exclude loader:  1
Original len train instances: 264396
train loader and exclude loader:  2
Original len train instances: 263784
train loader and exclude loader:  3
Original len train instances: 263200
train loader and exclude loader:  4
Original len train instances: 262361
Original len dev instances: 54053
Original len test instances: 93949
create basgMTL 4
False True
Epoch   1  Train Loss 0.0730 98.11%
Epoch   1:  Dev 0.5381526350975037
Epoch   1: Test 0.4475138485431671
patience: 0 / 6
Epoch   2  Train Loss 0.0206 98.35%
Epoch   2:  Dev 0.4345237910747528
patience: 1 / 6
Epoch   3  Train Loss 0.0160 98.41%
Epoch   3:  Dev 0.5230769515037537
patience: 2 / 6
Epoch   4  Train Loss 0.0127 98.46%
Epoch   4:  Dev 0.6299999952316284
Epoch   4: Test 0.5475285053253174
patience: 0 / 6
Epoch   5  Train Loss 0.0099 98.51%
Epoch   5:  Dev 0.5396825671195984
patience: 1 / 6
Epoch   6  Train Loss 0.0084 98.55%
Epoch   6:  Dev 0.5764192938804626
patience: 2 / 6
Epoch   7  Train Loss 0.0074 98.57%
Epoch   7:  Dev 0.4872727394104004
patience: 3 / 6
Epoch   8  Train Loss 0.0056 98.60%
Epoch   8:  Dev 0.5474860668182373
patience: 4 / 6
Epoch   9  Train Loss 0.0051 98.62%
Epoch   9:  Dev 0.39156630635261536
patience: 5 / 6
Epoch  10  Train Loss 0.0043 98.62%
Epoch  10:  Dev 0.49289101362228394
patience: 6 / 6
setting train exemplar for learned classes
torch.Size([100, 2048])
BEST DEV 0: 0.6299999952316284
BEST TEST 0: 0.5475285053253174
torch.Size([100, 2048])
Epoch   1  Train Loss 0.1744 98.21%
Epoch   1:  Dev 0.5278350710868835
Epoch   1: Test 0.5095168352127075
patience: 0 / 6
Epoch   2  Train Loss 0.1476 98.63%
Epoch   2:  Dev 0.5238094925880432
patience: 1 / 6
Epoch   3  Train Loss 0.1426 98.67%
Epoch   3:  Dev 0.5505882501602173
Epoch   3: Test 0.5040650367736816
patience: 0 / 6
Epoch   4  Train Loss 0.1397 98.73%
Epoch   4:  Dev 0.5678392052650452
Epoch   4: Test 0.5155709385871887
patience: 0 / 6
Epoch   5  Train Loss 0.1376 98.77%
Epoch   5:  Dev 0.5750636458396912
Epoch   5: Test 0.519298255443573
patience: 0 / 6
Epoch   6  Train Loss 0.1368 98.80%
Epoch   6:  Dev 0.573863685131073
patience: 1 / 6
Epoch   7  Train Loss 0.1359 98.81%
Epoch   7:  Dev 0.6049046516418457
Epoch   7: Test 0.5161290168762207
patience: 0 / 6
Epoch   8  Train Loss 0.1352 98.83%
Epoch   8:  Dev 0.5945945978164673
patience: 1 / 6
Epoch   9  Train Loss 0.1348 98.85%
Epoch   9:  Dev 0.6091644167900085
Epoch   9: Test 0.4771929979324341
patience: 0 / 6
Epoch  10  Train Loss 0.1342 98.87%
Epoch  10:  Dev 0.615384578704834
Epoch  10: Test 0.4621676802635193
patience: 0 / 6
Epoch  11  Train Loss 0.1345 98.86%
Epoch  11:  Dev 0.5753424763679504
patience: 1 / 6
Epoch  12  Train Loss 0.1336 98.89%
Epoch  12:  Dev 0.6217008829116821
Epoch  12: Test 0.4767676591873169
patience: 0 / 6
Epoch  13  Train Loss 0.1338 98.88%
Epoch  13:  Dev 0.5934718251228333
patience: 1 / 6
Epoch  14  Train Loss 0.1334 98.89%
Epoch  14:  Dev 0.5639686584472656
patience: 2 / 6
Epoch  15  Train Loss 0.1336 98.88%
Epoch  15:  Dev 0.6060605645179749
patience: 3 / 6
Epoch  16  Train Loss 0.1333 98.89%
Epoch  16:  Dev 0.634441077709198
Epoch  16: Test 0.46492987871170044
patience: 0 / 6
Epoch  17  Train Loss 0.1331 98.90%
Epoch  17:  Dev 0.5937499403953552
patience: 1 / 6
Epoch  18  Train Loss 0.1334 98.90%
Epoch  18:  Dev 0.6219512224197388
patience: 2 / 6
Epoch  19  Train Loss 0.1330 98.91%
Epoch  19:  Dev 0.5935483574867249
patience: 3 / 6
Epoch  20  Train Loss 0.1329 98.91%
Epoch  20:  Dev 0.583783745765686
patience: 4 / 6
Epoch  21  Train Loss 0.1330 98.91%
Epoch  21:  Dev 0.591715931892395
patience: 5 / 6
Epoch  22  Train Loss 0.1327 98.92%
Epoch  22:  Dev 0.6211180090904236
patience: 6 / 6
setting train exemplar for learned classes
torch.Size([260, 2048])
BEST DEV 1: 0.634441077709198
BEST TEST 1: 0.46492987871170044
torch.Size([260, 2048])
Epoch   1  Train Loss 0.2466 98.15%
Epoch   1:  Dev 0.5354330539703369
Epoch   1: Test 0.4832605719566345
patience: 0 / 6
Epoch   2  Train Loss 0.2160 98.96%
Epoch   2:  Dev 0.4979479908943176
patience: 1 / 6
Epoch   3  Train Loss 0.2134 98.99%
Epoch   3:  Dev 0.5620093941688538
Epoch   3: Test 0.5043227076530457
patience: 0 / 6
Epoch   4  Train Loss 0.2118 99.02%
Epoch   4:  Dev 0.5760517716407776
Epoch   4: Test 0.5235921144485474
patience: 0 / 6
Epoch   5  Train Loss 0.2107 99.05%
Epoch   5:  Dev 0.5548780560493469
patience: 1 / 6
Epoch   6  Train Loss 0.2102 99.05%
Epoch   6:  Dev 0.5086705088615417
patience: 2 / 6
Epoch   7  Train Loss 0.2100 99.06%
Epoch   7:  Dev 0.5392912030220032
patience: 3 / 6
Epoch   8  Train Loss 0.2095 99.08%
Epoch   8:  Dev 0.5306122303009033
patience: 4 / 6
Epoch   9  Train Loss 0.2094 99.08%
Epoch   9:  Dev 0.5361701846122742
patience: 5 / 6
Epoch  10  Train Loss 0.2096 99.09%
Epoch  10:  Dev 0.5718954205513
patience: 6 / 6
setting train exemplar for learned classes
torch.Size([440, 2048])
BEST DEV 2: 0.5760517716407776
BEST TEST 2: 0.5235921144485474
torch.Size([440, 2048])
Epoch   1  Train Loss 0.4912 98.78%
Epoch   1:  Dev 0.5384615063667297
Epoch   1: Test 0.5547594428062439
patience: 0 / 6
Epoch   2  Train Loss 0.4829 99.16%
Epoch   2:  Dev 0.5342105627059937
patience: 1 / 6
Epoch   3  Train Loss 0.4809 99.19%
Epoch   3:  Dev 0.5384615063667297
patience: 2 / 6
Epoch   4  Train Loss 0.4792 99.24%
Epoch   4:  Dev 0.5349462628364563
patience: 3 / 6
Epoch   5  Train Loss 0.4788 99.25%
Epoch   5:  Dev 0.5462304353713989
Epoch   5: Test 0.5473464727401733
patience: 0 / 6
Epoch   6  Train Loss 0.4781 99.28%
Epoch   6:  Dev 0.5392021536827087
patience: 1 / 6
Epoch   7  Train Loss 0.4776 99.30%
Epoch   7:  Dev 0.5485232472419739
Epoch   7: Test 0.5414141416549683
patience: 0 / 6
Epoch   8  Train Loss 0.4774 99.31%
Epoch   8:  Dev 0.5346260666847229
patience: 1 / 6
Epoch   9  Train Loss 0.4771 99.32%
Epoch   9:  Dev 0.559540867805481
Epoch   9: Test 0.5410335063934326
patience: 0 / 6
Epoch  10  Train Loss 0.4772 99.32%
Epoch  10:  Dev 0.5429362654685974
patience: 1 / 6
Epoch  11  Train Loss 0.4764 99.33%
Epoch  11:  Dev 0.5500705242156982
patience: 2 / 6
Epoch  12  Train Loss 0.4766 99.34%
Epoch  12:  Dev 0.5333333611488342
patience: 3 / 6
Epoch  13  Train Loss 0.4767 99.34%
Epoch  13:  Dev 0.5381295084953308
patience: 4 / 6
Epoch  14  Train Loss 0.4765 99.35%
Epoch  14:  Dev 0.5436046123504639
patience: 5 / 6
Epoch  15  Train Loss 0.4762 99.36%
Epoch  15:  Dev 0.5598845481872559
Epoch  15: Test 0.5491024255752563
patience: 0 / 6
Epoch  16  Train Loss 0.4765 99.35%
Epoch  16:  Dev 0.5407854914665222
patience: 1 / 6
Epoch  17  Train Loss 0.4763 99.36%
Epoch  17:  Dev 0.5529411435127258
patience: 2 / 6
Epoch  18  Train Loss 0.4761 99.36%
Epoch  18:  Dev 0.543884813785553
patience: 3 / 6
Epoch  19  Train Loss 0.4756 99.36%
Epoch  19:  Dev 0.5402985215187073
patience: 4 / 6
Epoch  20  Train Loss 0.4759 99.36%
Epoch  20:  Dev 0.542568564414978
patience: 5 / 6
Epoch  21  Train Loss 0.4753 99.36%
Epoch  21:  Dev 0.5317577719688416
patience: 6 / 6
setting train exemplar for learned classes
torch.Size([560, 2048])
BEST DEV 3: 0.5598845481872559
BEST TEST 3: 0.5491024255752563
torch.Size([560, 2048])
Epoch   1  Train Loss 0.7822 99.08%
Epoch   1:  Dev 0.5625668168067932
Epoch   1: Test 0.6235595941543579
patience: 0 / 6
Epoch   2  Train Loss 0.7781 99.60%
Epoch   2:  Dev 0.5711159706115723
Epoch   2: Test 0.6317880749702454
patience: 0 / 6
Epoch   3  Train Loss 0.7776 99.63%
Epoch   3:  Dev 0.5857923626899719
Epoch   3: Test 0.6248366236686707
patience: 0 / 6
Epoch   4  Train Loss 0.7769 99.67%
Epoch   4:  Dev 0.5687693953514099
patience: 1 / 6
Epoch   5  Train Loss 0.7762 99.70%
Epoch   5:  Dev 0.5816215872764587
patience: 2 / 6
Epoch   6  Train Loss 0.7757 99.73%
Epoch   6:  Dev 0.5690376162528992
patience: 3 / 6
Epoch   7  Train Loss 0.7752 99.74%
Epoch   7:  Dev 0.5642633438110352
patience: 4 / 6
Epoch   8  Train Loss 0.7749 99.76%
Epoch   8:  Dev 0.5913621187210083
Epoch   8: Test 0.6390928030014038
patience: 0 / 6
Epoch   9  Train Loss 0.7754 99.77%
Epoch   9:  Dev 0.5745140314102173
patience: 1 / 6
Epoch  10  Train Loss 0.7751 99.79%
Epoch  10:  Dev 0.5714285373687744
patience: 2 / 6
Epoch  11  Train Loss 0.7750 99.80%
Epoch  11:  Dev 0.5802197456359863
patience: 3 / 6
Epoch  12  Train Loss 0.7748 99.79%
Epoch  12:  Dev 0.568648636341095
patience: 4 / 6
Epoch  13  Train Loss 0.7744 99.81%
Epoch  13:  Dev 0.569915235042572
patience: 5 / 6
Epoch  14  Train Loss 0.7745 99.82%
Epoch  14:  Dev 0.5756929516792297
patience: 6 / 6
setting train exemplar for learned classes
torch.Size([660, 2048])
BEST DEV 4: 0.5913621187210083
BEST TEST 4: 0.6390928030014038
