Dump name space
results/ace/NashMTL_KT_woGMM/perm_3/options.json
Dump name space
results/ace/NashMTL_KT_woGMM/perm_3/options.json
Dump name space
results/ace/NashMTL_KT_woGMM/perm_3/options.json
Dump name space
results/ace/NashMTL_KT_woGMM/perm_3/options.json
[[191, 187, 195, 171, 174, 179, 0], [201, 183, 193, 172, 175, 0], [188, 199, 184, 194, 189, 190, 178, 186, 197, 0], [200, 180, 173, 198, 177, 0], [196, 181, 182, 202, 185, 176, 170, 192, 0]]
False
train loader and exclude loader:  0
Original len train instances: 265115
train loader and exclude loader:  1
Original len train instances: 264276
train loader and exclude loader:  2
Original len train instances: 262942
train loader and exclude loader:  3
Original len train instances: 262358
train loader and exclude loader:  4
Original len train instances: 261639
Original len dev instances: 54053
Original len test instances: 93949
create basgMTL 4
False False
Epoch   1  Train Loss 0.1031 99.25%
Epoch   1:  Dev 0.5090909004211426
Epoch   1: Test 0.5179855823516846
patience: 0 / 6
Epoch   2  Train Loss 0.0334 99.63%
Epoch   2:  Dev 0.5656565427780151
Epoch   2: Test 0.5913043022155762
patience: 0 / 6
Epoch   3  Train Loss 0.0258 99.65%
Epoch   3:  Dev 0.5123966932296753
patience: 1 / 6
Epoch   4  Train Loss 0.0206 99.68%
Epoch   4:  Dev 0.6153846383094788
Epoch   4: Test 0.5857987999916077
patience: 0 / 6
Epoch   5  Train Loss 0.0164 99.70%
Epoch   5:  Dev 0.5470085740089417
patience: 1 / 6
Epoch   6  Train Loss 0.0130 99.74%
Epoch   6:  Dev 0.5245901346206665
patience: 2 / 6
Epoch   7  Train Loss 0.0106 99.78%
Epoch   7:  Dev 0.5565217733383179
patience: 3 / 6
Epoch   8  Train Loss 0.0093 99.81%
Epoch   8:  Dev 0.543859601020813
patience: 4 / 6
Epoch   9  Train Loss 0.0082 99.83%
Epoch   9:  Dev 0.5321100950241089
patience: 5 / 6
Epoch  10  Train Loss 0.0075 99.85%
Epoch  10:  Dev 0.5555555820465088
patience: 6 / 6
setting train exemplar for learned classes
torch.Size([120, 2048])
BEST DEV 0: 0.6153846383094788
BEST TEST 0: 0.5857987999916077
torch.Size([120, 2048])
Epoch   1  Train Loss 3.6791 98.21%
Epoch   1:  Dev 0.5707547068595886
Epoch   1: Test 0.6462128758430481
patience: 0 / 6
Epoch   2  Train Loss 3.5897 99.41%
Epoch   2:  Dev 0.6181818246841431
Epoch   2: Test 0.6894409656524658
patience: 0 / 6
Epoch   3  Train Loss 3.5830 99.48%
Epoch   3:  Dev 0.6130653619766235
patience: 1 / 6
Epoch   4  Train Loss 3.5736 99.53%
Epoch   4:  Dev 0.6150000095367432
patience: 2 / 6
Epoch   5  Train Loss 3.5685 99.59%
Epoch   5:  Dev 0.6329113841056824
Epoch   5: Test 0.705636739730835
patience: 0 / 6
Epoch   6  Train Loss 3.5696 99.62%
Epoch   6:  Dev 0.610576868057251
patience: 1 / 6
Epoch   7  Train Loss 3.5636 99.66%
Epoch   7:  Dev 0.6426735520362854
Epoch   7: Test 0.6985447406768799
patience: 0 / 6
Epoch   8  Train Loss 3.5659 99.70%
Epoch   8:  Dev 0.6349999904632568
patience: 1 / 6
Epoch   9  Train Loss 3.5661 99.72%
Epoch   9:  Dev 0.647519588470459
Epoch   9: Test 0.6950206756591797
patience: 0 / 6
Epoch  10  Train Loss 3.5608 99.74%
Epoch  10:  Dev 0.6395938992500305
patience: 1 / 6
Epoch  11  Train Loss 3.5603 99.76%
Epoch  11:  Dev 0.6510416865348816
Epoch  11: Test 0.6850153207778931
patience: 0 / 6
Epoch  12  Train Loss 3.5636 99.78%
Epoch  12:  Dev 0.6487935781478882
patience: 1 / 6
Epoch  13  Train Loss 3.5564 99.80%
Epoch  13:  Dev 0.6648044586181641
Epoch  13: Test 0.7288693785667419
patience: 0 / 6
Epoch  14  Train Loss 3.5528 99.82%
Epoch  14:  Dev 0.6559140086174011
patience: 1 / 6
Epoch  15  Train Loss 3.5603 99.82%
Epoch  15:  Dev 0.6578249335289001
patience: 2 / 6
Epoch  16  Train Loss 3.5535 99.84%
Epoch  16:  Dev 0.6393861770629883
patience: 3 / 6
Epoch  17  Train Loss 3.5543 99.85%
Epoch  17:  Dev 0.6524064540863037
patience: 4 / 6
Epoch  18  Train Loss 3.5547 99.85%
Epoch  18:  Dev 0.634920597076416
patience: 5 / 6
Epoch  19  Train Loss 3.5509 99.86%
Epoch  19:  Dev 0.6559140086174011
patience: 6 / 6
setting train exemplar for learned classes
torch.Size([220, 2048])
BEST DEV 1: 0.6648044586181641
BEST TEST 1: 0.7288693785667419
torch.Size([220, 2048])
Epoch   1  Train Loss 3.0409 97.70%
Epoch   1:  Dev 0.5968254208564758
Epoch   1: Test 0.693916380405426
patience: 0 / 6
Epoch   2  Train Loss 2.8915 99.59%
Epoch   2:  Dev 0.5857360363006592
patience: 1 / 6
Epoch   3  Train Loss 2.8791 99.64%
Epoch   3:  Dev 0.5870206952095032
patience: 2 / 6
Epoch   4  Train Loss 2.8711 99.68%
Epoch   4:  Dev 0.5779685378074646
patience: 3 / 6
Epoch   5  Train Loss 2.8696 99.72%
Epoch   5:  Dev 0.557422935962677
patience: 4 / 6
Epoch   6  Train Loss 2.8641 99.75%
Epoch   6:  Dev 0.5666199326515198
patience: 5 / 6
Epoch   7  Train Loss 2.8611 99.78%
Epoch   7:  Dev 0.5877061486244202
patience: 6 / 6
setting train exemplar for learned classes
torch.Size([400, 2048])
BEST DEV 2: 0.5968254208564758
BEST TEST 2: 0.693916380405426
torch.Size([400, 2048])
Epoch   1  Train Loss 3.1435 97.59%
Epoch   1:  Dev 0.5508735775947571
Epoch   1: Test 0.6188467144966125
patience: 0 / 6
Epoch   2  Train Loss 2.9897 99.25%
Epoch   2:  Dev 0.5615866780281067
Epoch   2: Test 0.6097902059555054
patience: 0 / 6
Epoch   3  Train Loss 2.9786 99.37%
Epoch   3:  Dev 0.5599151253700256
patience: 1 / 6
Epoch   4  Train Loss 2.9671 99.45%
Epoch   4:  Dev 0.5819761157035828
Epoch   4: Test 0.6039886474609375
patience: 0 / 6
Epoch   5  Train Loss 2.9634 99.54%
Epoch   5:  Dev 0.6159169673919678
Epoch   5: Test 0.6393700838088989
patience: 0 / 6
Epoch   6  Train Loss 2.9572 99.58%
Epoch   6:  Dev 0.620192289352417
Epoch   6: Test 0.6326693296432495
patience: 0 / 6
Epoch   7  Train Loss 2.9527 99.63%
Epoch   7:  Dev 0.5701943635940552
patience: 1 / 6
Epoch   8  Train Loss 2.9516 99.68%
Epoch   8:  Dev 0.6246973872184753
Epoch   8: Test 0.6316627264022827
patience: 0 / 6
Epoch   9  Train Loss 2.9477 99.70%
Epoch   9:  Dev 0.5902777910232544
patience: 1 / 6
Epoch  10  Train Loss 2.9440 99.74%
Epoch  10:  Dev 0.616161584854126
patience: 2 / 6
Epoch  11  Train Loss 2.9448 99.77%
Epoch  11:  Dev 0.6163366436958313
patience: 3 / 6
Epoch  12  Train Loss 2.9383 99.79%
Epoch  12:  Dev 0.5845069885253906
patience: 4 / 6
Epoch  13  Train Loss 2.9402 99.80%
Epoch  13:  Dev 0.6157635450363159
patience: 5 / 6
Epoch  14  Train Loss 2.9379 99.82%
Epoch  14:  Dev 0.6237373948097229
patience: 6 / 6
setting train exemplar for learned classes
torch.Size([500, 2048])
BEST DEV 3: 0.6246973872184753
BEST TEST 3: 0.6316627264022827
torch.Size([500, 2048])
Epoch   1  Train Loss 3.7660 97.11%
Epoch   1:  Dev 0.5931863188743591
Epoch   1: Test 0.5663832426071167
patience: 0 / 6
Epoch   2  Train Loss 3.5883 99.53%
Epoch   2:  Dev 0.6145723462104797
Epoch   2: Test 0.583276629447937
patience: 0 / 6
Epoch   3  Train Loss 3.5748 99.59%
Epoch   3:  Dev 0.6045548319816589
patience: 1 / 6
Epoch   4  Train Loss 3.5659 99.65%
Epoch   4:  Dev 0.620309054851532
Epoch   4: Test 0.5714285373687744
patience: 0 / 6
Epoch   5  Train Loss 3.5612 99.69%
Epoch   5:  Dev 0.5962343215942383
patience: 1 / 6
Epoch   6  Train Loss 3.5559 99.74%
Epoch   6:  Dev 0.6147185564041138
patience: 2 / 6
Epoch   7  Train Loss 3.5521 99.77%
Epoch   7:  Dev 0.5916334986686707
patience: 3 / 6
Epoch   8  Train Loss 3.5492 99.79%
Epoch   8:  Dev 0.622020423412323
Epoch   8: Test 0.5682656764984131
patience: 0 / 6
Epoch   9  Train Loss 3.5498 99.81%
Epoch   9:  Dev 0.6326304078102112
Epoch   9: Test 0.5666906833648682
patience: 0 / 6
Epoch  10  Train Loss 3.5489 99.83%
Epoch  10:  Dev 0.6301369667053223
patience: 1 / 6
Epoch  11  Train Loss 3.5462 99.84%
Epoch  11:  Dev 0.6319366097450256
patience: 2 / 6
Epoch  12  Train Loss 3.5442 99.85%
Epoch  12:  Dev 0.61704421043396
patience: 3 / 6
Epoch  13  Train Loss 3.5446 99.85%
Epoch  13:  Dev 0.618055522441864
patience: 4 / 6
Epoch  14  Train Loss 3.5434 99.87%
Epoch  14:  Dev 0.6298472285270691
patience: 5 / 6
Epoch  15  Train Loss 3.5453 99.88%
Epoch  15:  Dev 0.607948362827301
patience: 6 / 6
setting train exemplar for learned classes
torch.Size([660, 2048])
BEST DEV 4: 0.6326304078102112
BEST TEST 4: 0.5666906833648682
