Dump name space
results/ace/NashMTL_woMOO-40_cluster-4_gen-10/perm_0/options.json
Dump name space
results/ace/NashMTL_woMOO-40_cluster-4_gen-10/perm_0/options.json
Dump name space
results/ace/NashMTL_woMOO-40_cluster-4_gen-10/perm_0/options.json
Dump name space
results/ace/NashMTL_woMOO-40_cluster-4_gen-10/perm_0/options.json
[[188, 199, 184, 194, 189, 190, 178, 186, 197, 0], [191, 187, 195, 171, 174, 179, 0], [201, 183, 193, 172, 175, 0], [200, 180, 173, 198, 177, 0], [196, 181, 182, 202, 185, 176, 170, 192, 0]]
False
train loader and exclude loader:  0
Original len train instances: 265115
train loader and exclude loader:  1
Original len train instances: 264531
train loader and exclude loader:  2
Original len train instances: 263692
train loader and exclude loader:  3
Original len train instances: 262358
train loader and exclude loader:  4
Original len train instances: 261639
Original len dev instances: 54053
Original len test instances: 93949
create basgMTL 4
False True
Epoch   1  Train Loss 0.1003 98.10%
Epoch   1:  Dev 0.491582453250885
Epoch   1: Test 0.5321100354194641
patience: 0 / 6
Epoch   2  Train Loss 0.0225 98.46%
Epoch   2:  Dev 0.44736844301223755
patience: 1 / 6
Epoch   3  Train Loss 0.0147 98.49%
Epoch   3:  Dev 0.4603581130504608
patience: 2 / 6
Epoch   4  Train Loss 0.0103 98.51%
Epoch   4:  Dev 0.577049195766449
Epoch   4: Test 0.6603773236274719
patience: 0 / 6
Epoch   5  Train Loss 0.0081 98.54%
Epoch   5:  Dev 0.4427083432674408
patience: 1 / 6
Epoch   6  Train Loss 0.0064 98.56%
Epoch   6:  Dev 0.5225225687026978
patience: 2 / 6
Epoch   7  Train Loss 0.0055 98.57%
Epoch   7:  Dev 0.5308641791343689
patience: 3 / 6
Epoch   8  Train Loss 0.0051 98.58%
Epoch   8:  Dev 0.5256409645080566
patience: 4 / 6
Epoch   9  Train Loss 0.0046 98.59%
Epoch   9:  Dev 0.5508196353912354
patience: 5 / 6
Epoch  10  Train Loss 0.0043 98.59%
Epoch  10:  Dev 0.5253164768218994
patience: 6 / 6
setting train exemplar for learned classes
torch.Size([180, 2048])
BEST DEV 0: 0.577049195766449
BEST TEST 0: 0.6603773236274719
torch.Size([180, 2048])
Epoch   1  Train Loss 0.3350 98.35%
Epoch   1:  Dev 0.5066667199134827
Epoch   1: Test 0.6290018558502197
patience: 0 / 6
Epoch   2  Train Loss 0.3179 98.66%
Epoch   2:  Dev 0.4958333373069763
patience: 1 / 6
Epoch   3  Train Loss 0.3143 98.69%
Epoch   3:  Dev 0.5404157042503357
Epoch   3: Test 0.6306306719779968
patience: 0 / 6
Epoch   4  Train Loss 0.3122 98.71%
Epoch   4:  Dev 0.5714285373687744
Epoch   4: Test 0.6433823704719543
patience: 0 / 6
Epoch   5  Train Loss 0.3105 98.76%
Epoch   5:  Dev 0.5396825671195984
patience: 1 / 6
Epoch   6  Train Loss 0.3096 98.78%
Epoch   6:  Dev 0.5446009039878845
patience: 2 / 6
Epoch   7  Train Loss 0.3092 98.80%
Epoch   7:  Dev 0.5454545617103577
patience: 3 / 6
Epoch   8  Train Loss 0.3082 98.82%
Epoch   8:  Dev 0.5588235259056091
patience: 4 / 6
Epoch   9  Train Loss 0.3082 98.83%
Epoch   9:  Dev 0.541176438331604
patience: 5 / 6
Epoch  10  Train Loss 0.3075 98.85%
Epoch  10:  Dev 0.5495049953460693
patience: 6 / 6
setting train exemplar for learned classes
torch.Size([300, 2048])
BEST DEV 1: 0.5714285373687744
BEST TEST 1: 0.6433823704719543
torch.Size([300, 2048])
Epoch   1  Train Loss 0.5301 98.61%
Epoch   1:  Dev 0.6170212626457214
Epoch   1: Test 0.6875
patience: 0 / 6
Epoch   2  Train Loss 0.5236 99.03%
Epoch   2:  Dev 0.588921308517456
patience: 1 / 6
Epoch   3  Train Loss 0.5222 99.06%
Epoch   3:  Dev 0.613095223903656
patience: 2 / 6
Epoch   4  Train Loss 0.5213 99.10%
Epoch   4:  Dev 0.6223565340042114
Epoch   4: Test 0.6833750605583191
patience: 0 / 6
Epoch   5  Train Loss 0.5205 99.15%
Epoch   5:  Dev 0.5699208378791809
patience: 1 / 6
Epoch   6  Train Loss 0.5201 99.17%
Epoch   6:  Dev 0.6169895529747009
patience: 2 / 6
Epoch   7  Train Loss 0.5197 99.19%
Epoch   7:  Dev 0.6314199566841125
Epoch   7: Test 0.6869198083877563
patience: 0 / 6
Epoch   8  Train Loss 0.5193 99.21%
Epoch   8:  Dev 0.6202723383903503
patience: 1 / 6
Epoch   9  Train Loss 0.5188 99.23%
Epoch   9:  Dev 0.6052631139755249
patience: 2 / 6
Epoch  10  Train Loss 0.5187 99.24%
Epoch  10:  Dev 0.621329128742218
patience: 3 / 6
Epoch  11  Train Loss 0.5183 99.26%
Epoch  11:  Dev 0.5872575640678406
patience: 4 / 6
Epoch  12  Train Loss 0.5180 99.27%
Epoch  12:  Dev 0.642054557800293
Epoch  12: Test 0.6987295746803284
patience: 0 / 6
Epoch  13  Train Loss 0.5177 99.28%
Epoch  13:  Dev 0.619259238243103
patience: 1 / 6
Epoch  14  Train Loss 0.5180 99.27%
Epoch  14:  Dev 0.6174699068069458
patience: 2 / 6
Epoch  15  Train Loss 0.5176 99.28%
Epoch  15:  Dev 0.6250000596046448
patience: 3 / 6
Epoch  16  Train Loss 0.5178 99.29%
Epoch  16:  Dev 0.6283987760543823
patience: 4 / 6
Epoch  17  Train Loss 0.5179 99.29%
Epoch  17:  Dev 0.6163142323493958
patience: 5 / 6
Epoch  18  Train Loss 0.5176 99.29%
Epoch  18:  Dev 0.617429792881012
patience: 6 / 6
setting train exemplar for learned classes
torch.Size([400, 2048])
BEST DEV 2: 0.642054557800293
BEST TEST 2: 0.6987295746803284
torch.Size([400, 2048])
Epoch   1  Train Loss 0.6699 98.85%
Epoch   1:  Dev 0.5926773548126221
Epoch   1: Test 0.6119205951690674
patience: 0 / 6
Epoch   2  Train Loss 0.6701 99.27%
Epoch   2:  Dev 0.5760869979858398
patience: 1 / 6
Epoch   3  Train Loss 0.6690 99.34%
Epoch   3:  Dev 0.5529661178588867
patience: 2 / 6
Epoch   4  Train Loss 0.6680 99.39%
Epoch   4:  Dev 0.5846500992774963
patience: 3 / 6
Epoch   5  Train Loss 0.6674 99.43%
Epoch   5:  Dev 0.627118706703186
Epoch   5: Test 0.6705969572067261
patience: 0 / 6
Epoch   6  Train Loss 0.6671 99.47%
Epoch   6:  Dev 0.6273062825202942
Epoch   6: Test 0.651537299156189
patience: 0 / 6
Epoch   7  Train Loss 0.6670 99.48%
Epoch   7:  Dev 0.5882353186607361
patience: 1 / 6
Epoch   8  Train Loss 0.6668 99.50%
Epoch   8:  Dev 0.6251526474952698
patience: 2 / 6
Epoch   9  Train Loss 0.6664 99.51%
Epoch   9:  Dev 0.5739710330963135
patience: 3 / 6
Epoch  10  Train Loss 0.6662 99.52%
Epoch  10:  Dev 0.6326530575752258
Epoch  10: Test 0.6611195206642151
patience: 0 / 6
Epoch  11  Train Loss 0.6662 99.55%
Epoch  11:  Dev 0.6374194025993347
Epoch  11: Test 0.668692946434021
patience: 0 / 6
Epoch  12  Train Loss 0.6658 99.55%
Epoch  12:  Dev 0.5925925970077515
patience: 1 / 6
Epoch  13  Train Loss 0.6656 99.55%
Epoch  13:  Dev 0.6379085183143616
Epoch  13: Test 0.6583072543144226
patience: 0 / 6
Epoch  14  Train Loss 0.6660 99.55%
Epoch  14:  Dev 0.6236025094985962
patience: 1 / 6
Epoch  15  Train Loss 0.6655 99.58%
Epoch  15:  Dev 0.6175000071525574
patience: 2 / 6
Epoch  16  Train Loss 0.6660 99.57%
Epoch  16:  Dev 0.6169154047966003
patience: 3 / 6
Epoch  17  Train Loss 0.6654 99.58%
Epoch  17:  Dev 0.6404199600219727
Epoch  17: Test 0.6810551881790161
patience: 0 / 6
Epoch  18  Train Loss 0.6656 99.58%
Epoch  18:  Dev 0.6298201084136963
patience: 1 / 6
Epoch  19  Train Loss 0.6655 99.58%
Epoch  19:  Dev 0.633766233921051
patience: 2 / 6
Epoch  20  Train Loss 0.6652 99.58%
Epoch  20:  Dev 0.628272294998169
patience: 3 / 6
Epoch  21  Train Loss 0.6655 99.59%
Epoch  21:  Dev 0.6286438703536987
patience: 4 / 6
Epoch  22  Train Loss 0.6653 99.59%
Epoch  22:  Dev 0.6111111044883728
patience: 5 / 6
Epoch  23  Train Loss 0.6654 99.59%
Epoch  23:  Dev 0.6284987330436707
patience: 6 / 6
setting train exemplar for learned classes
torch.Size([500, 2048])
BEST DEV 3: 0.6404199600219727
BEST TEST 3: 0.6810551881790161
torch.Size([500, 2048])
Epoch   1  Train Loss 0.7618 99.05%
Epoch   1:  Dev 0.6194871664047241
Epoch   1: Test 0.6323713660240173
patience: 0 / 6
Epoch   2  Train Loss 0.7592 99.66%
Epoch   2:  Dev 0.6108273863792419
patience: 1 / 6
Epoch   3  Train Loss 0.7572 99.70%
Epoch   3:  Dev 0.603960394859314
patience: 2 / 6
Epoch   4  Train Loss 0.7561 99.73%
Epoch   4:  Dev 0.6199575662612915
Epoch   4: Test 0.6492829322814941
patience: 0 / 6
Epoch   5  Train Loss 0.7555 99.75%
Epoch   5:  Dev 0.6140351295471191
patience: 1 / 6
Epoch   6  Train Loss 0.7549 99.79%
Epoch   6:  Dev 0.6342541575431824
Epoch   6: Test 0.6350901126861572
patience: 0 / 6
Epoch   7  Train Loss 0.7548 99.79%
Epoch   7:  Dev 0.6029723882675171
patience: 1 / 6
Epoch   8  Train Loss 0.7544 99.81%
Epoch   8:  Dev 0.625
patience: 2 / 6
Epoch   9  Train Loss 0.7544 99.82%
Epoch   9:  Dev 0.6169044971466064
patience: 3 / 6
Epoch  10  Train Loss 0.7542 99.82%
Epoch  10:  Dev 0.6380090117454529
Epoch  10: Test 0.6271870136260986
patience: 0 / 6
Epoch  11  Train Loss 0.7543 99.82%
Epoch  11:  Dev 0.64000004529953
Epoch  11: Test 0.6373918652534485
patience: 0 / 6
Epoch  12  Train Loss 0.7541 99.83%
Epoch  12:  Dev 0.6446468830108643
Epoch  12: Test 0.6296791434288025
patience: 0 / 6
Epoch  13  Train Loss 0.7540 99.83%
Epoch  13:  Dev 0.6200000047683716
patience: 1 / 6
Epoch  14  Train Loss 0.7538 99.83%
Epoch  14:  Dev 0.6463963985443115
Epoch  14: Test 0.6291391253471375
patience: 0 / 6
Epoch  15  Train Loss 0.7535 99.84%
Epoch  15:  Dev 0.6364617347717285
patience: 1 / 6
Epoch  16  Train Loss 0.7535 99.84%
Epoch  16:  Dev 0.616949200630188
patience: 2 / 6
Epoch  17  Train Loss 0.7533 99.85%
Epoch  17:  Dev 0.6465116143226624
Epoch  17: Test 0.6304347515106201
patience: 0 / 6
Epoch  18  Train Loss 0.7534 99.84%
Epoch  18:  Dev 0.6235827803611755
patience: 1 / 6
Epoch  19  Train Loss 0.7534 99.85%
Epoch  19:  Dev 0.6161137223243713
patience: 2 / 6
Epoch  20  Train Loss 0.7534 99.86%
Epoch  20:  Dev 0.642691433429718
patience: 3 / 6
Epoch  21  Train Loss 0.7533 99.85%
Epoch  21:  Dev 0.6329113841056824
patience: 4 / 6
Epoch  22  Train Loss 0.7533 99.85%
Epoch  22:  Dev 0.6260257959365845
patience: 5 / 6
Epoch  23  Train Loss 0.7531 99.85%
Epoch  23:  Dev 0.6436781287193298
patience: 6 / 6
setting train exemplar for learned classes
torch.Size([660, 2048])
BEST DEV 4: 0.6465116143226624
BEST TEST 4: 0.6304347515106201
