Dump name space
results/ace/NashMTL_woLMH_woSAM_narate-40_cluster-8_gen-10/perm_1/options.json
Dump name space
results/ace/NashMTL_woLMH_woSAM_narate-40_cluster-8_gen-10/perm_1/options.json
Dump name space
results/ace/NashMTL_woLMH_woSAM_narate-40_cluster-8_gen-10/perm_1/options.json
Dump name space
results/ace/NashMTL_woLMH_woSAM_narate-40_cluster-8_gen-10/perm_1/options.json
Dump name space
results/ace/NashMTL_woLMH_woSAM_narate-40_cluster-8_gen-10/perm_1/options.json
[[196, 181, 182, 202, 185, 176, 170, 192, 0], [200, 180, 173, 198, 177, 0], [201, 183, 193, 172, 175, 0], [191, 187, 195, 171, 174, 179, 0], [188, 199, 184, 194, 189, 190, 178, 186, 197, 0]]
False
train loader and exclude loader:  0
Original len train instances: 265115
train loader and exclude loader:  1
Original len train instances: 264503
train loader and exclude loader:  2
Original len train instances: 263784
train loader and exclude loader:  3
Original len train instances: 262450
train loader and exclude loader:  4
Original len train instances: 261611
Original len dev instances: 54053
Original len test instances: 93949
create basgMTL 4
False True
Epoch   1  Train Loss 0.1040 98.12%
Epoch   1:  Dev 0.445229709148407
Epoch   1: Test 0.438914030790329
patience: 0 / 6
Epoch   2  Train Loss 0.0247 98.43%
Epoch   2:  Dev 0.4483985900878906
Epoch   2: Test 0.45208847522735596
patience: 0 / 6
Epoch   3  Train Loss 0.0178 98.44%
Epoch   3:  Dev 0.5933014154434204
Epoch   3: Test 0.5
patience: 0 / 6
Epoch   4  Train Loss 0.0127 98.49%
Epoch   4:  Dev 0.5942856669425964
Epoch   4: Test 0.5320512652397156
patience: 0 / 6
Epoch   5  Train Loss 0.0107 98.52%
Epoch   5:  Dev 0.501960813999176
patience: 1 / 6
Epoch   6  Train Loss 0.0085 98.55%
Epoch   6:  Dev 0.6463415026664734
Epoch   6: Test 0.49689435958862305
patience: 0 / 6
Epoch   7  Train Loss 0.0068 98.56%
Epoch   7:  Dev 0.6338797807693481
patience: 1 / 6
Epoch   8  Train Loss 0.0054 98.59%
Epoch   8:  Dev 0.593406617641449
patience: 2 / 6
Epoch   9  Train Loss 0.0052 98.59%
Epoch   9:  Dev 0.6033520102500916
patience: 3 / 6
Epoch  10  Train Loss 0.0042 98.61%
Epoch  10:  Dev 0.6011560559272766
patience: 4 / 6
Epoch  11  Train Loss 0.0034 98.63%
Epoch  11:  Dev 0.6206896901130676
patience: 5 / 6
Epoch  12  Train Loss 0.0036 98.62%
Epoch  12:  Dev 0.5658535957336426
patience: 6 / 6
setting train exemplar for learned classes
torch.Size([160, 2048])
BEST DEV 0: 0.6463415026664734
BEST TEST 0: 0.49689435958862305
torch.Size([160, 2048])
Epoch   1  Train Loss 3.3583 99.12%
Epoch   1:  Dev 0.5344467759132385
Epoch   1: Test 0.46473029255867004
patience: 0 / 6
Epoch   2  Train Loss 3.2966 99.55%
Epoch   2:  Dev 0.5330578684806824
patience: 1 / 6
Epoch   3  Train Loss 3.2840 99.62%
Epoch   3:  Dev 0.5948477983474731
Epoch   3: Test 0.4687044620513916
patience: 0 / 6
Epoch   4  Train Loss 3.2792 99.66%
Epoch   4:  Dev 0.5096524953842163
patience: 1 / 6
Epoch   5  Train Loss 3.2712 99.72%
Epoch   5:  Dev 0.5579399466514587
patience: 2 / 6
Epoch   6  Train Loss 3.2725 99.77%
Epoch   6:  Dev 0.6146341562271118
Epoch   6: Test 0.47804877161979675
patience: 0 / 6
Epoch   7  Train Loss 3.2643 99.80%
Epoch   7:  Dev 0.5783132314682007
patience: 1 / 6
Epoch   8  Train Loss 3.2660 99.82%
Epoch   8:  Dev 0.5978836417198181
patience: 2 / 6
Epoch   9  Train Loss 3.2599 99.85%
Epoch   9:  Dev 0.540669858455658
patience: 3 / 6
Epoch  10  Train Loss 3.2611 99.87%
Epoch  10:  Dev 0.592783510684967
patience: 4 / 6
Epoch  11  Train Loss 3.2602 99.89%
Epoch  11:  Dev 0.5989583730697632
patience: 5 / 6
Epoch  12  Train Loss 3.2583 99.89%
Epoch  12:  Dev 0.5538461208343506
patience: 6 / 6
setting train exemplar for learned classes
torch.Size([260, 2048])
BEST DEV 1: 0.6146341562271118
BEST TEST 1: 0.47804877161979675
torch.Size([260, 2048])
Epoch   1  Train Loss 3.0324 99.02%
Epoch   1:  Dev 0.569934606552124
Epoch   1: Test 0.5593451261520386
patience: 0 / 6
Epoch   2  Train Loss 2.9806 99.54%
Epoch   2:  Dev 0.6237481832504272
Epoch   2: Test 0.5869893431663513
patience: 0 / 6
Epoch   3  Train Loss 2.9765 99.60%
Epoch   3:  Dev 0.6555891036987305
Epoch   3: Test 0.6205211281776428
patience: 0 / 6
Epoch   4  Train Loss 2.9722 99.66%
Epoch   4:  Dev 0.668749988079071
Epoch   4: Test 0.6131995916366577
patience: 0 / 6
Epoch   5  Train Loss 2.9717 99.69%
Epoch   5:  Dev 0.6401180028915405
patience: 1 / 6
Epoch   6  Train Loss 2.9703 99.71%
Epoch   6:  Dev 0.6467065811157227
patience: 2 / 6
Epoch   7  Train Loss 2.9672 99.75%
Epoch   7:  Dev 0.6490455865859985
patience: 3 / 6
Epoch   8  Train Loss 2.9649 99.77%
Epoch   8:  Dev 0.6486486196517944
patience: 4 / 6
Epoch   9  Train Loss 2.9613 99.80%
Epoch   9:  Dev 0.642201840877533
patience: 5 / 6
Epoch  10  Train Loss 2.9641 99.80%
Epoch  10:  Dev 0.6562500596046448
patience: 6 / 6
setting train exemplar for learned classes
torch.Size([360, 2048])
BEST DEV 2: 0.668749988079071
BEST TEST 2: 0.6131995916366577
torch.Size([360, 2048])
Epoch   1  Train Loss 3.1609 98.91%
Epoch   1:  Dev 0.6332882642745972
Epoch   1: Test 0.6037483215332031
patience: 0 / 6
Epoch   2  Train Loss 3.0767 99.65%
Epoch   2:  Dev 0.6116373538970947
patience: 1 / 6
Epoch   3  Train Loss 3.0691 99.70%
Epoch   3:  Dev 0.6176871061325073
patience: 2 / 6
Epoch   4  Train Loss 3.0625 99.73%
Epoch   4:  Dev 0.6348314881324768
Epoch   4: Test 0.6141078472137451
patience: 0 / 6
Epoch   5  Train Loss 3.0605 99.77%
Epoch   5:  Dev 0.6351931691169739
Epoch   5: Test 0.6112295985221863
patience: 0 / 6
Epoch   6  Train Loss 3.0576 99.78%
Epoch   6:  Dev 0.6308539509773254
patience: 1 / 6
Epoch   7  Train Loss 3.0522 99.82%
Epoch   7:  Dev 0.6456241011619568
Epoch   7: Test 0.6241234540939331
patience: 0 / 6
Epoch   8  Train Loss 3.0526 99.83%
Epoch   8:  Dev 0.6468085050582886
Epoch   8: Test 0.6187845468521118
patience: 0 / 6
Epoch   9  Train Loss 3.0514 99.85%
Epoch   9:  Dev 0.6487252116203308
Epoch   9: Test 0.602150559425354
patience: 0 / 6
Epoch  10  Train Loss 3.0503 99.85%
Epoch  10:  Dev 0.645803689956665
patience: 1 / 6
Epoch  11  Train Loss 3.0500 99.85%
Epoch  11:  Dev 0.6501457691192627
Epoch  11: Test 0.622352123260498
patience: 0 / 6
Epoch  12  Train Loss 3.0477 99.87%
Epoch  12:  Dev 0.6501457691192627
patience: 1 / 6
Epoch  13  Train Loss 3.0469 99.86%
Epoch  13:  Dev 0.6518518328666687
Epoch  13: Test 0.614475667476654
patience: 0 / 6
Epoch  14  Train Loss 3.0459 99.87%
Epoch  14:  Dev 0.6569342613220215
Epoch  14: Test 0.6274510025978088
patience: 0 / 6
Epoch  15  Train Loss 3.0482 99.89%
Epoch  15:  Dev 0.6607929468154907
Epoch  15: Test 0.6205882430076599
patience: 0 / 6
Epoch  16  Train Loss 3.0446 99.87%
Epoch  16:  Dev 0.6736841797828674
Epoch  16: Test 0.6161841750144958
patience: 0 / 6
Epoch  17  Train Loss 3.0454 99.90%
Epoch  17:  Dev 0.6523076891899109
patience: 1 / 6
Epoch  18  Train Loss 3.0447 99.90%
Epoch  18:  Dev 0.6465256214141846
patience: 2 / 6
Epoch  19  Train Loss 3.0426 99.89%
Epoch  19:  Dev 0.6445783376693726
patience: 3 / 6
Epoch  20  Train Loss 3.0442 99.90%
Epoch  20:  Dev 0.6559297442436218
patience: 4 / 6
Epoch  21  Train Loss 3.0420 99.89%
Epoch  21:  Dev 0.6515151858329773
patience: 5 / 6
Epoch  22  Train Loss 3.0437 99.90%
Epoch  22:  Dev 0.6574500799179077
patience: 6 / 6
setting train exemplar for learned classes
torch.Size([480, 2048])
BEST DEV 3: 0.6736841797828674
BEST TEST 3: 0.6161841750144958
torch.Size([480, 2048])
Epoch   1  Train Loss 3.3077 98.36%
Epoch   1:  Dev 0.5474095940589905
Epoch   1: Test 0.5759162306785583
patience: 0 / 6
Epoch   2  Train Loss 3.1291 99.77%
Epoch   2:  Dev 0.5722599029541016
Epoch   2: Test 0.5855562686920166
patience: 0 / 6
Epoch   3  Train Loss 3.1221 99.80%
Epoch   3:  Dev 0.5652174353599548
patience: 1 / 6
Epoch   4  Train Loss 3.1131 99.84%
Epoch   4:  Dev 0.6057385206222534
Epoch   4: Test 0.5921409130096436
patience: 0 / 6
Epoch   5  Train Loss 3.1134 99.85%
Epoch   5:  Dev 0.5943098068237305
patience: 1 / 6
Epoch   6  Train Loss 3.1081 99.88%
Epoch   6:  Dev 0.5755395889282227
patience: 2 / 6
Epoch   7  Train Loss 3.1094 99.88%
Epoch   7:  Dev 0.5847458243370056
patience: 3 / 6
Epoch   8  Train Loss 3.1088 99.89%
Epoch   8:  Dev 0.6026200652122498
patience: 4 / 6
Epoch   9  Train Loss 3.1076 99.90%
Epoch   9:  Dev 0.5744909048080444
patience: 5 / 6
Epoch  10  Train Loss 3.1076 99.90%
Epoch  10:  Dev 0.5673176050186157
patience: 6 / 6
setting train exemplar for learned classes
torch.Size([660, 2048])
BEST DEV 4: 0.6057385206222534
BEST TEST 4: 0.5921409130096436
