Dump name space
results/maven/ExcessMTL_woLMH_woSR_woSAM_woLosstrick_narate-4_cluster-4_gen-20_robust_step_size-0.001/perm_0/options.json
Dump name space
results/maven/ExcessMTL_woLMH_woSR_woSAM_woLosstrick_narate-4_cluster-4_gen-20_robust_step_size-0.001/perm_0/options.json
Dump name space
results/maven/ExcessMTL_woLMH_woSR_woSAM_woLosstrick_narate-4_cluster-4_gen-20_robust_step_size-0.001/perm_0/options.json
Dump name space
results/maven/ExcessMTL_woLMH_woSR_woSAM_woLosstrick_narate-4_cluster-4_gen-20_robust_step_size-0.001/perm_0/options.json
Dump name space
results/maven/ExcessMTL_woLMH_woSR_woSAM_woLosstrick_narate-4_cluster-4_gen-20_robust_step_size-0.001/perm_0/options.json
[[134, 99, 105, 91, 52, 19, 135, 122, 127, 102, 108, 104, 110, 38, 118, 121, 160, 26, 34, 33, 158, 130, 165, 86, 149, 146, 164, 4, 131, 75, 90, 10, 32, 0], [46, 36, 17, 13, 12, 20, 25, 49, 169, 148, 87, 56, 95, 81, 58, 57, 161, 64, 163, 82, 43, 125, 35, 96, 156, 100, 66, 30, 50, 120, 0], [147, 48, 84, 39, 53, 23, 109, 22, 77, 62, 93, 143, 89, 8, 71, 85, 63, 97, 65, 103, 113, 112, 123, 152, 88, 98, 72, 42, 60, 133, 128, 116, 15, 111, 136, 162, 129, 132, 6, 0], [157, 18, 114, 92, 67, 153, 80, 115, 78, 154, 27, 5, 69, 117, 44, 83, 155, 40, 45, 139, 137, 14, 138, 119, 74, 150, 59, 54, 28, 9, 140, 37, 107, 76, 47, 0], [151, 16, 3, 70, 106, 141, 68, 31, 79, 101, 166, 167, 94, 21, 51, 7, 73, 145, 2, 124, 159, 61, 41, 142, 126, 144, 55, 168, 29, 11, 24, 0]]
True
train loader and exclude loader:  0
Original len train instances: 347788
train loader and exclude loader:  1
Original len train instances: 334861
train loader and exclude loader:  2
Original len train instances: 322569
train loader and exclude loader:  3
Original len train instances: 308131
train loader and exclude loader:  4
Original len train instances: 294718
Original len dev instances: 57198
Original len test instances: 98603
create basgMTL 4
False False
Epoch   1  Train Loss 0.1509 81.25%
Epoch   1:  Dev 0.5331702828407288
Epoch   1: Test 0.5517241358757019
patience: 0 / 5
Epoch   2  Train Loss 0.0748 82.08%
Epoch   2:  Dev 0.6512345671653748
Epoch   2: Test 0.6540090441703796
patience: 0 / 5
Epoch   3  Train Loss 0.0657 82.23%
Epoch   3:  Dev 0.6102619767189026
patience: 1 / 5
Epoch   4  Train Loss 0.0594 82.33%
Epoch   4:  Dev 0.6543467044830322
Epoch   4: Test 0.6561393141746521
patience: 0 / 5
Epoch   5  Train Loss 0.0542 82.46%
Epoch   5:  Dev 0.6547771096229553
Epoch   5: Test 0.6589915752410889
patience: 0 / 5
Epoch   6  Train Loss 0.0500 82.53%
Epoch   6:  Dev 0.6240249872207642
patience: 1 / 5
Epoch   7  Train Loss 0.0457 82.65%
Epoch   7:  Dev 0.6623952984809875
Epoch   7: Test 0.6744088530540466
patience: 0 / 5
Epoch   8  Train Loss 0.0419 82.77%
Epoch   8:  Dev 0.6598858833312988
patience: 1 / 5
Epoch   9  Train Loss 0.0389 82.82%
Epoch   9:  Dev 0.659335196018219
patience: 2 / 5
Epoch  10  Train Loss 0.0352 82.96%
Epoch  10:  Dev 0.656114399433136
patience: 3 / 5
Epoch  11  Train Loss 0.0326 83.02%
Epoch  11:  Dev 0.6715649962425232
Epoch  11: Test 0.6785714626312256
patience: 0 / 5
Epoch  12  Train Loss 0.0298 83.14%
Epoch  12:  Dev 0.6431876420974731
patience: 1 / 5
Epoch  13  Train Loss 0.0276 83.20%
Epoch  13:  Dev 0.6651851534843445
patience: 2 / 5
Epoch  14  Train Loss 0.0259 83.27%
Epoch  14:  Dev 0.6391485333442688
patience: 3 / 5
Epoch  15  Train Loss 0.0240 83.33%
Epoch  15:  Dev 0.6685782074928284
patience: 4 / 5
setting train exemplar for learned classes
torch.Size([660, 2048])
BEST DEV 0: 0.6715649962425232
BEST TEST 0: 0.6785714626312256
torch.Size([660, 2048])
Epoch   1  Train Loss 5.0126 96.40%
Epoch   1:  Dev 0.5886576175689697
Epoch   1: Test 0.5921933054924011
patience: 0 / 5
Epoch   2  Train Loss 4.2745 97.15%
Epoch   2:  Dev 0.6146314740180969
Epoch   2: Test 0.6263388991355896
patience: 0 / 5
Epoch   3  Train Loss 3.6101 97.27%
Epoch   3:  Dev 0.6286715865135193
Epoch   3: Test 0.6334153413772583
patience: 0 / 5
Epoch   4  Train Loss 4.8607 97.49%
Epoch   4:  Dev 0.6029390096664429
patience: 1 / 5
Epoch   5  Train Loss 5.2987 97.72%
Epoch   5:  Dev 0.5898748636245728
patience: 2 / 5
Epoch   6  Train Loss 5.3990 97.88%
Epoch   6:  Dev 0.587134838104248
patience: 3 / 5
Epoch   7  Train Loss 4.7042 97.95%
Epoch   7:  Dev 0.6168507933616638
patience: 4 / 5
Epoch   8  Train Loss 4.6927 98.06%
Epoch   8:  Dev 0.6017773747444153
patience: 5 / 5
setting train exemplar for learned classes
torch.Size([1260, 2048])
BEST DEV 1: 0.6286715865135193
BEST TEST 1: 0.6334153413772583
torch.Size([1260, 2048])
Epoch   1  Train Loss 5.0975 95.28%
Epoch   1:  Dev 0.5758439302444458
Epoch   1: Test 0.5859554409980774
patience: 0 / 5
Epoch   2  Train Loss 5.1158 96.52%
Epoch   2:  Dev 0.5643835663795471
patience: 1 / 5
Epoch   3  Train Loss 5.0464 96.87%
Epoch   3:  Dev 0.5601783990859985
patience: 2 / 5
Epoch   4  Train Loss 4.9215 97.09%
Epoch   4:  Dev 0.5507528185844421
patience: 3 / 5
Epoch   5  Train Loss 4.9451 97.28%
Epoch   5:  Dev 0.5637363791465759
patience: 4 / 5
Epoch   6  Train Loss 4.8038 97.46%
Epoch   6:  Dev 0.5554261803627014
patience: 5 / 5
setting train exemplar for learned classes
torch.Size([2040, 2048])
BEST DEV 2: 0.5758439302444458
BEST TEST 2: 0.5859554409980774
torch.Size([2040, 2048])
Epoch   1  Train Loss 6.8022 94.66%
Epoch   1:  Dev 0.5003026723861694
Epoch   1: Test 0.5048426985740662
patience: 0 / 5
Epoch   2  Train Loss 6.5281 96.06%
Epoch   2:  Dev 0.4891877770423889
patience: 1 / 5
Epoch   3  Train Loss 6.4598 96.42%
Epoch   3:  Dev 0.49034106731414795
patience: 2 / 5
Epoch   4  Train Loss 6.3938 96.62%
Epoch   4:  Dev 0.49088698625564575
patience: 3 / 5
Epoch   5  Train Loss 6.4763 96.80%
Epoch   5:  Dev 0.5026107430458069
Epoch   5: Test 0.5107977390289307
patience: 0 / 5
Epoch   6  Train Loss 6.4832 97.04%
Epoch   6:  Dev 0.49049830436706543
patience: 1 / 5
Epoch   7  Train Loss 6.4514 97.17%
Epoch   7:  Dev 0.49336153268814087
patience: 2 / 5
Epoch   8  Train Loss 6.4171 97.29%
Epoch   8:  Dev 0.4883189797401428
patience: 3 / 5
Epoch   9  Train Loss 5.9827 97.53%
Epoch   9:  Dev 0.4464879035949707
patience: 4 / 5
Epoch  10  Train Loss 6.4185 97.71%
Epoch  10:  Dev 0.46662619709968567
patience: 5 / 5
setting train exemplar for learned classes
torch.Size([2740, 2048])
BEST DEV 3: 0.5026107430458069
BEST TEST 3: 0.5107977390289307
torch.Size([2740, 2048])
Epoch   1  Train Loss 7.2036 95.05%
Epoch   1:  Dev 0.4611480236053467
Epoch   1: Test 0.4740781784057617
patience: 0 / 5
Epoch   2  Train Loss 6.9239 96.52%
Epoch   2:  Dev 0.44814586639404297
patience: 1 / 5
Epoch   3  Train Loss 6.8446 96.86%
Epoch   3:  Dev 0.44851818680763245
patience: 2 / 5
Epoch   4  Train Loss 6.8730 97.12%
Epoch   4:  Dev 0.4584956169128418
patience: 3 / 5
Epoch   5  Train Loss 6.9228 97.30%
Epoch   5:  Dev 0.4564943313598633
patience: 4 / 5
Epoch   6  Train Loss 6.7719 97.45%
Epoch   6:  Dev 0.44719821214675903
patience: 5 / 5
setting train exemplar for learned classes
torch.Size([3360, 2048])
BEST DEV 4: 0.4611480236053467
BEST TEST 4: 0.4740781784057617
