Dump name space
results/maven/FairGrad_woLMH_narate-4_cluster-4_gen-20/perm_0/options.json
Dump name space
results/maven/FairGrad_woLMH_narate-4_cluster-4_gen-20/perm_0/options.json
Dump name space
results/maven/FairGrad_woLMH_narate-4_cluster-4_gen-20/perm_0/options.json
Dump name space
results/maven/FairGrad_woLMH_narate-4_cluster-4_gen-20/perm_0/options.json
Dump name space
results/maven/FairGrad_woLMH_narate-4_cluster-4_gen-20/perm_0/options.json
[[134, 99, 105, 91, 52, 19, 135, 122, 127, 102, 108, 104, 110, 38, 118, 121, 160, 26, 34, 33, 158, 130, 165, 86, 149, 146, 164, 4, 131, 75, 90, 10, 32, 0], [46, 36, 17, 13, 12, 20, 25, 49, 169, 148, 87, 56, 95, 81, 58, 57, 161, 64, 163, 82, 43, 125, 35, 96, 156, 100, 66, 30, 50, 120, 0], [147, 48, 84, 39, 53, 23, 109, 22, 77, 62, 93, 143, 89, 8, 71, 85, 63, 97, 65, 103, 113, 112, 123, 152, 88, 98, 72, 42, 60, 133, 128, 116, 15, 111, 136, 162, 129, 132, 6, 0], [157, 18, 114, 92, 67, 153, 80, 115, 78, 154, 27, 5, 69, 117, 44, 83, 155, 40, 45, 139, 137, 14, 138, 119, 74, 150, 59, 54, 28, 9, 140, 37, 107, 76, 47, 0], [151, 16, 3, 70, 106, 141, 68, 31, 79, 101, 166, 167, 94, 21, 51, 7, 73, 145, 2, 124, 159, 61, 41, 142, 126, 144, 55, 168, 29, 11, 24, 0]]
True
train loader and exclude loader:  0
Original len train instances: 347788
train loader and exclude loader:  1
Original len train instances: 334861
train loader and exclude loader:  2
Original len train instances: 322569
train loader and exclude loader:  3
Original len train instances: 308131
train loader and exclude loader:  4
Original len train instances: 294718
Original len dev instances: 57198
Original len test instances: 98603
create basgMTL 4
False True
Epoch   1  Train Loss 0.3854 80.79%
Epoch   1:  Dev 0.6059131622314453
Epoch   1: Test 0.6303265690803528
patience: 0 / 5
Epoch   2  Train Loss 0.2054 81.87%
Epoch   2:  Dev 0.6193879246711731
Epoch   2: Test 0.6419131755828857
patience: 0 / 5
Epoch   3  Train Loss 0.1732 81.97%
Epoch   3:  Dev 0.6228232979774475
Epoch   3: Test 0.6463336944580078
patience: 0 / 5
Epoch   4  Train Loss 0.1517 82.04%
Epoch   4:  Dev 0.648101270198822
Epoch   4: Test 0.6669631600379944
patience: 0 / 5
Epoch   5  Train Loss 0.1325 82.18%
Epoch   5:  Dev 0.6476007699966431
patience: 1 / 5
Epoch   6  Train Loss 0.1181 82.27%
Epoch   6:  Dev 0.6273292303085327
patience: 2 / 5
Epoch   7  Train Loss 0.1048 82.39%
Epoch   7:  Dev 0.6390262246131897
patience: 3 / 5
Epoch   8  Train Loss 0.0945 82.49%
Epoch   8:  Dev 0.6402439475059509
patience: 4 / 5
Epoch   9  Train Loss 0.0859 82.58%
Epoch   9:  Dev 0.6432950496673584
patience: 5 / 5
setting train exemplar for learned classes
torch.Size([660, 2048])
BEST DEV 0: 0.648101270198822
BEST TEST 0: 0.6669631600379944
torch.Size([660, 2048])
Epoch   1  Train Loss 8.4138 83.71%
Epoch   1:  Dev 0.35020947456359863
Epoch   1: Test 0.3604820668697357
patience: 0 / 5
Epoch   2  Train Loss 4.8789 85.35%
Epoch   2:  Dev 0.37784114480018616
Epoch   2: Test 0.38964298367500305
patience: 0 / 5
Epoch   3  Train Loss 5.9855 87.44%
Epoch   3:  Dev 0.426641047000885
Epoch   3: Test 0.43871790170669556
patience: 0 / 5
Epoch   4  Train Loss 7.5433 89.00%
Epoch   4:  Dev 0.45546507835388184
Epoch   4: Test 0.4668102562427521
patience: 0 / 5
Epoch   5  Train Loss 9.4566 90.19%
Epoch   5:  Dev 0.49416717886924744
Epoch   5: Test 0.5063506364822388
patience: 0 / 5
Epoch   6  Train Loss 11.5906 91.08%
Epoch   6:  Dev 0.5067971348762512
Epoch   6: Test 0.5190839767456055
patience: 0 / 5
Epoch   7  Train Loss 14.2725 91.74%
Epoch   7:  Dev 0.5246753096580505
Epoch   7: Test 0.5379230380058289
patience: 0 / 5
Epoch   8  Train Loss 17.1298 92.35%
Epoch   8:  Dev 0.551841676235199
Epoch   8: Test 0.5637937188148499
patience: 0 / 5
Epoch   9  Train Loss 19.9430 92.94%
Epoch   9:  Dev 0.5762041211128235
Epoch   9: Test 0.589357852935791
patience: 0 / 5
Epoch  10  Train Loss 22.2574 93.74%
Epoch  10:  Dev 0.5833907723426819
Epoch  10: Test 0.5984375476837158
patience: 0 / 5
Epoch  11  Train Loss 24.1547 93.98%
Epoch  11:  Dev 0.5896956324577332
Epoch  11: Test 0.6079116463661194
patience: 0 / 5
Epoch  12  Train Loss 26.8544 94.19%
Epoch  12:  Dev 0.5999595522880554
Epoch  12: Test 0.6170150637626648
patience: 0 / 5
Epoch  13  Train Loss 28.9733 94.37%
Epoch  13:  Dev 0.6035158634185791
Epoch  13: Test 0.6225667595863342
patience: 0 / 5
Epoch  14  Train Loss 32.0855 94.52%
Epoch  14:  Dev 0.6030626893043518
patience: 1 / 5
Epoch  15  Train Loss 35.3624 94.63%
Epoch  15:  Dev 0.6153368353843689
Epoch  15: Test 0.6352100372314453
patience: 0 / 5
setting train exemplar for learned classes
torch.Size([1260, 2048])
BEST DEV 1: 0.6153368353843689
BEST TEST 1: 0.6352100372314453
torch.Size([1260, 2048])
Epoch   1  Train Loss 6.4248 83.89%
Epoch   1:  Dev 0.37602540850639343
Epoch   1: Test 0.3829014301300049
patience: 0 / 5
Epoch   2  Train Loss 4.3402 81.29%
Epoch   2:  Dev 0.42413702607154846
Epoch   2: Test 0.43414151668548584
patience: 0 / 5
Epoch   3  Train Loss 5.0722 83.86%
Epoch   3:  Dev 0.46526890993118286
Epoch   3: Test 0.47597354650497437
patience: 0 / 5
Epoch   4  Train Loss 6.1112 85.77%
Epoch   4:  Dev 0.4903504252433777
Epoch   4: Test 0.5055720210075378
patience: 0 / 5
Epoch   5  Train Loss 7.0664 87.03%
Epoch   5:  Dev 0.5087552070617676
Epoch   5: Test 0.5258885025978088
patience: 0 / 5
Epoch   6  Train Loss 8.3047 88.20%
Epoch   6:  Dev 0.5283298492431641
Epoch   6: Test 0.5455507040023804
patience: 0 / 5
Epoch   7  Train Loss 9.6332 89.15%
Epoch   7:  Dev 0.5296044945716858
Epoch   7: Test 0.5493299961090088
patience: 0 / 5
Epoch   8  Train Loss 10.9506 89.75%
Epoch   8:  Dev 0.5534607172012329
Epoch   8: Test 0.5731338858604431
patience: 0 / 5
Epoch   9  Train Loss 12.3834 90.37%
Epoch   9:  Dev 0.5660473704338074
Epoch   9: Test 0.5844417810440063
patience: 0 / 5
Epoch  10  Train Loss 13.6870 90.88%
Epoch  10:  Dev 0.578829824924469
Epoch  10: Test 0.5931539535522461
patience: 0 / 5
Epoch  11  Train Loss 14.8493 91.33%
Epoch  11:  Dev 0.5803704261779785
Epoch  11: Test 0.5971413254737854
patience: 0 / 5
Epoch  12  Train Loss 16.0474 91.79%
Epoch  12:  Dev 0.5902134776115417
Epoch  12: Test 0.6054103374481201
patience: 0 / 5
Epoch  13  Train Loss 17.0665 92.17%
Epoch  13:  Dev 0.5989090800285339
Epoch  13: Test 0.6142433285713196
patience: 0 / 5
Epoch  14  Train Loss 18.4214 92.49%
Epoch  14:  Dev 0.60642409324646
Epoch  14: Test 0.6195970773696899
patience: 0 / 5
Epoch  15  Train Loss 19.5898 92.69%
Epoch  15:  Dev 0.6136116981506348
Epoch  15: Test 0.6226604580879211
patience: 0 / 5
setting train exemplar for learned classes
torch.Size([2040, 2048])
BEST DEV 2: 0.6136116981506348
BEST TEST 2: 0.6226604580879211
torch.Size([2040, 2048])
Epoch   1  Train Loss 9.3741 81.74%
Epoch   1:  Dev 0.390658974647522
Epoch   1: Test 0.4048658013343811
patience: 0 / 5
Epoch   2  Train Loss 8.1074 77.40%
Epoch   2:  Dev 0.410592257976532
Epoch   2: Test 0.42316967248916626
patience: 0 / 5
Epoch   3  Train Loss 9.3570 80.25%
Epoch   3:  Dev 0.4557788074016571
Epoch   3: Test 0.467475950717926
patience: 0 / 5
Epoch   4  Train Loss 11.0210 82.21%
Epoch   4:  Dev 0.4712813198566437
Epoch   4: Test 0.48603108525276184
patience: 0 / 5
Epoch   5  Train Loss 12.3839 83.48%
Epoch   5:  Dev 0.48525702953338623
Epoch   5: Test 0.4986206591129303
patience: 0 / 5
Epoch   6  Train Loss 13.6129 84.78%
Epoch   6:  Dev 0.5043640732765198
Epoch   6: Test 0.5183858275413513
patience: 0 / 5
Epoch   7  Train Loss 14.7563 86.52%
Epoch   7:  Dev 0.5227490067481995
Epoch   7: Test 0.5373404622077942
patience: 0 / 5
Epoch   8  Train Loss 16.5322 87.76%
Epoch   8:  Dev 0.5401459336280823
Epoch   8: Test 0.5556091666221619
patience: 0 / 5
Epoch   9  Train Loss 18.3706 88.47%
Epoch   9:  Dev 0.5426326394081116
Epoch   9: Test 0.5559114217758179
patience: 0 / 5
Epoch  10  Train Loss 20.4736 88.98%
Epoch  10:  Dev 0.5598142147064209
Epoch  10: Test 0.5738158226013184
patience: 0 / 5
Epoch  11  Train Loss 22.4589 89.50%
Epoch  11:  Dev 0.5647894144058228
Epoch  11: Test 0.5784540176391602
patience: 0 / 5
Epoch  12  Train Loss 24.1079 89.73%
Epoch  12:  Dev 0.566616415977478
Epoch  12: Test 0.5805628299713135
patience: 0 / 5
Epoch  13  Train Loss 25.8095 90.03%
Epoch  13:  Dev 0.5675182342529297
Epoch  13: Test 0.582090437412262
patience: 0 / 5
Epoch  14  Train Loss 27.7351 90.34%
Epoch  14:  Dev 0.5739684700965881
Epoch  14: Test 0.5871011018753052
patience: 0 / 5
Epoch  15  Train Loss 29.0799 90.49%
Epoch  15:  Dev 0.5788062810897827
Epoch  15: Test 0.5902020931243896
patience: 0 / 5
setting train exemplar for learned classes
torch.Size([2740, 2048])
BEST DEV 3: 0.5788062810897827
BEST TEST 3: 0.5902020931243896
torch.Size([2740, 2048])
Epoch   1  Train Loss 12.2699 86.03%
Epoch   1:  Dev 0.5212076306343079
Epoch   1: Test 0.5362404584884644
patience: 0 / 5
Epoch   2  Train Loss 36.0785 85.76%
Epoch   2:  Dev 0.483428418636322
patience: 1 / 5
Epoch   3  Train Loss 52.4882 82.75%
Epoch   3:  Dev 0.48848313093185425
patience: 2 / 5
Epoch   4  Train Loss 48.8842 84.06%
Epoch   4:  Dev 0.5069291591644287
patience: 3 / 5
Epoch   5  Train Loss 50.8961 85.28%
Epoch   5:  Dev 0.5158777832984924
patience: 4 / 5
Epoch   6  Train Loss 53.8435 86.20%
Epoch   6:  Dev 0.5294261574745178
Epoch   6: Test 0.5408617258071899
patience: 0 / 5
Epoch   7  Train Loss 58.5840 86.76%
Epoch   7:  Dev 0.5337818264961243
Epoch   7: Test 0.5449286699295044
patience: 0 / 5
Epoch   8  Train Loss 62.4786 87.32%
Epoch   8:  Dev 0.5404143929481506
Epoch   8: Test 0.5521553754806519
patience: 0 / 5
Epoch   9  Train Loss 66.3204 87.74%
Epoch   9:  Dev 0.5437365770339966
Epoch   9: Test 0.5559982657432556
patience: 0 / 5
Epoch  10  Train Loss 68.2541 88.19%
Epoch  10:  Dev 0.5473126769065857
Epoch  10: Test 0.5615805983543396
patience: 0 / 5
Epoch  11  Train Loss 70.5720 88.53%
Epoch  11:  Dev 0.553501546382904
Epoch  11: Test 0.5642268657684326
patience: 0 / 5
Epoch  12  Train Loss 75.1195 88.85%
Epoch  12:  Dev 0.5547117590904236
Epoch  12: Test 0.5659465789794922
patience: 0 / 5
Epoch  13  Train Loss 74.9072 89.11%
Epoch  13:  Dev 0.5595059394836426
Epoch  13: Test 0.56975257396698
patience: 0 / 5
Epoch  14  Train Loss 78.9264 89.36%
Epoch  14:  Dev 0.5594001412391663
patience: 1 / 5
Epoch  15  Train Loss 81.7695 89.55%
Epoch  15:  Dev 0.566834032535553
Epoch  15: Test 0.5764251947402954
patience: 0 / 5
setting train exemplar for learned classes
torch.Size([3360, 2048])
BEST DEV 4: 0.566834032535553
BEST TEST 4: 0.5764251947402954
