Dump name space
results/ace/NashMTL_narate-40_cluster-8_gen-20/perm_0/options.json
Dump name space
results/ace/NashMTL_narate-40_cluster-8_gen-20/perm_0/options.json
Dump name space
results/ace/NashMTL_narate-40_cluster-8_gen-20/perm_0/options.json
Dump name space
results/ace/NashMTL_narate-40_cluster-8_gen-20/perm_0/options.json
[[188, 199, 184, 194, 189, 190, 178, 186, 197, 0], [191, 187, 195, 171, 174, 179, 0], [201, 183, 193, 172, 175, 0], [200, 180, 173, 198, 177, 0], [196, 181, 182, 202, 185, 176, 170, 192, 0]]
False
train loader and exclude loader:  0
Original len train instances: 265115
train loader and exclude loader:  1
Original len train instances: 264531
train loader and exclude loader:  2
Original len train instances: 263692
train loader and exclude loader:  3
Original len train instances: 262358
train loader and exclude loader:  4
Original len train instances: 261639
Original len dev instances: 54053
Original len test instances: 93949
create basgMTL 4
False True
Epoch   1  Train Loss 0.1224 99.19%
Epoch   1:  Dev 0.4768212139606476
Epoch   1: Test 0.5648148655891418
patience: 0 / 6
Epoch   2  Train Loss 0.0343 99.65%
Epoch   2:  Dev 0.4289405643939972
patience: 1 / 6
Epoch   3  Train Loss 0.0249 99.67%
Epoch   3:  Dev 0.4661653935909271
patience: 2 / 6
Epoch   4  Train Loss 0.0181 99.71%
Epoch   4:  Dev 0.5349544286727905
Epoch   4: Test 0.6609442234039307
patience: 0 / 6
Epoch   5  Train Loss 0.0142 99.76%
Epoch   5:  Dev 0.4636118710041046
patience: 1 / 6
Epoch   6  Train Loss 0.0113 99.78%
Epoch   6:  Dev 0.4743935763835907
patience: 2 / 6
Epoch   7  Train Loss 0.0097 99.81%
Epoch   7:  Dev 0.5263158082962036
patience: 3 / 6
Epoch   8  Train Loss 0.0082 99.83%
Epoch   8:  Dev 0.4924924969673157
patience: 4 / 6
Epoch   9  Train Loss 0.0071 99.85%
Epoch   9:  Dev 0.4886363446712494
patience: 5 / 6
Epoch  10  Train Loss 0.0070 99.86%
Epoch  10:  Dev 0.5
patience: 6 / 6
setting train exemplar for learned classes
torch.Size([180, 2048])
BEST DEV 0: 0.5349544286727905
BEST TEST 0: 0.6609442234039307
torch.Size([180, 2048])
Epoch   1  Train Loss 3.6851 98.84%
Epoch   1:  Dev 0.4642857313156128
Epoch   1: Test 0.603015124797821
patience: 0 / 6
Epoch   2  Train Loss 3.5832 99.44%
Epoch   2:  Dev 0.4516128599643707
patience: 1 / 6
Epoch   3  Train Loss 3.5648 99.50%
Epoch   3:  Dev 0.5140388607978821
Epoch   3: Test 0.6185566782951355
patience: 0 / 6
Epoch   4  Train Loss 3.5525 99.56%
Epoch   4:  Dev 0.5108225345611572
patience: 1 / 6
Epoch   5  Train Loss 3.5416 99.59%
Epoch   5:  Dev 0.5104602575302124
patience: 2 / 6
Epoch   6  Train Loss 3.5407 99.62%
Epoch   6:  Dev 0.5277161598205566
Epoch   6: Test 0.6183074116706848
patience: 0 / 6
Epoch   7  Train Loss 3.5296 99.67%
Epoch   7:  Dev 0.5270270109176636
patience: 1 / 6
Epoch   8  Train Loss 3.5259 99.70%
Epoch   8:  Dev 0.5370370745658875
Epoch   8: Test 0.632352888584137
patience: 0 / 6
Epoch   9  Train Loss 3.5255 99.73%
Epoch   9:  Dev 0.5327314138412476
patience: 1 / 6
Epoch  10  Train Loss 3.5208 99.75%
Epoch  10:  Dev 0.5501165390014648
Epoch  10: Test 0.6366906762123108
patience: 0 / 6
Epoch  11  Train Loss 3.5210 99.76%
Epoch  11:  Dev 0.542452871799469
patience: 1 / 6
Epoch  12  Train Loss 3.5186 99.78%
Epoch  12:  Dev 0.5270270109176636
patience: 2 / 6
Epoch  13  Train Loss 3.5176 99.80%
Epoch  13:  Dev 0.5450236797332764
patience: 3 / 6
Epoch  14  Train Loss 3.5157 99.81%
Epoch  14:  Dev 0.5382830500602722
patience: 4 / 6
Epoch  15  Train Loss 3.5132 99.82%
Epoch  15:  Dev 0.5458823442459106
patience: 5 / 6
Epoch  16  Train Loss 3.5129 99.83%
Epoch  16:  Dev 0.540669858455658
patience: 6 / 6
setting train exemplar for learned classes
torch.Size([300, 2048])
BEST DEV 1: 0.5501165390014648
BEST TEST 1: 0.6366906762123108
torch.Size([300, 2048])
Epoch   1  Train Loss 2.8003 97.99%
Epoch   1:  Dev 0.5947521924972534
Epoch   1: Test 0.6825531721115112
patience: 0 / 6
Epoch   2  Train Loss 2.7040 99.40%
Epoch   2:  Dev 0.5877437591552734
patience: 1 / 6
Epoch   3  Train Loss 2.6979 99.47%
Epoch   3:  Dev 0.5918653607368469
patience: 2 / 6
Epoch   4  Train Loss 2.6875 99.52%
Epoch   4:  Dev 0.6095790863037109
Epoch   4: Test 0.6949293613433838
patience: 0 / 6
Epoch   5  Train Loss 2.6845 99.59%
Epoch   5:  Dev 0.5641025900840759
patience: 1 / 6
Epoch   6  Train Loss 2.6792 99.63%
Epoch   6:  Dev 0.6224188804626465
Epoch   6: Test 0.6808859705924988
patience: 0 / 6
Epoch   7  Train Loss 2.6795 99.66%
Epoch   7:  Dev 0.6107091903686523
patience: 1 / 6
Epoch   8  Train Loss 2.6735 99.68%
Epoch   8:  Dev 0.6295754313468933
Epoch   8: Test 0.6942833065986633
patience: 0 / 6
Epoch   9  Train Loss 2.6793 99.72%
Epoch   9:  Dev 0.6081870794296265
patience: 1 / 6
Epoch  10  Train Loss 2.6739 99.73%
Epoch  10:  Dev 0.6200608015060425
patience: 2 / 6
Epoch  11  Train Loss 2.6711 99.77%
Epoch  11:  Dev 0.5943662524223328
patience: 3 / 6
Epoch  12  Train Loss 2.6741 99.78%
Epoch  12:  Dev 0.6139817833900452
patience: 4 / 6
Epoch  13  Train Loss 2.6695 99.78%
Epoch  13:  Dev 0.6090776324272156
patience: 5 / 6
Epoch  14  Train Loss 2.6688 99.79%
Epoch  14:  Dev 0.6158357858657837
patience: 6 / 6
setting train exemplar for learned classes
torch.Size([400, 2048])
BEST DEV 2: 0.6295754313468933
BEST TEST 2: 0.6942833065986633
torch.Size([400, 2048])
Epoch   1  Train Loss 3.0765 97.62%
Epoch   1:  Dev 0.6241458058357239
Epoch   1: Test 0.6643550395965576
patience: 0 / 6
Epoch   2  Train Loss 2.9591 99.33%
Epoch   2:  Dev 0.5705393552780151
patience: 1 / 6
Epoch   3  Train Loss 2.9470 99.42%
Epoch   3:  Dev 0.5741127729415894
patience: 2 / 6
Epoch   4  Train Loss 2.9393 99.50%
Epoch   4:  Dev 0.5800215005874634
patience: 3 / 6
Epoch   5  Train Loss 2.9309 99.56%
Epoch   5:  Dev 0.610169529914856
patience: 4 / 6
Epoch   6  Train Loss 2.9305 99.61%
Epoch   6:  Dev 0.61771559715271
patience: 5 / 6
Epoch   7  Train Loss 2.9271 99.65%
Epoch   7:  Dev 0.5915813446044922
patience: 6 / 6
setting train exemplar for learned classes
torch.Size([500, 2048])
BEST DEV 3: 0.6241458058357239
BEST TEST 3: 0.6643550395965576
torch.Size([500, 2048])
Epoch   1  Train Loss 3.6523 97.99%
Epoch   1:  Dev 0.5976384878158569
Epoch   1: Test 0.6274065971374512
patience: 0 / 6
Epoch   2  Train Loss 3.5190 99.34%
Epoch   2:  Dev 0.6088560819625854
Epoch   2: Test 0.6340895891189575
patience: 0 / 6
Epoch   3  Train Loss 3.5031 99.43%
Epoch   3:  Dev 0.5953916907310486
patience: 1 / 6
Epoch   4  Train Loss 3.4894 99.50%
Epoch   4:  Dev 0.6085271239280701
patience: 2 / 6
Epoch   5  Train Loss 3.4819 99.55%
Epoch   5:  Dev 0.6091173887252808
Epoch   5: Test 0.6334563493728638
patience: 0 / 6
Epoch   6  Train Loss 3.4740 99.59%
Epoch   6:  Dev 0.6138995885848999
Epoch   6: Test 0.6304348111152649
patience: 0 / 6
Epoch   7  Train Loss 3.4690 99.63%
Epoch   7:  Dev 0.5981132388114929
patience: 1 / 6
Epoch   8  Train Loss 3.4632 99.66%
Epoch   8:  Dev 0.6213786602020264
Epoch   8: Test 0.6419295072555542
patience: 0 / 6
Epoch   9  Train Loss 3.4634 99.69%
Epoch   9:  Dev 0.6286919713020325
Epoch   9: Test 0.6316471695899963
patience: 0 / 6
Epoch  10  Train Loss 3.4607 99.72%
Epoch  10:  Dev 0.6289825439453125
Epoch  10: Test 0.6381620764732361
patience: 0 / 6
Epoch  11  Train Loss 3.4589 99.72%
Epoch  11:  Dev 0.6171079874038696
patience: 1 / 6
Epoch  12  Train Loss 3.4584 99.75%
Epoch  12:  Dev 0.6377708911895752
Epoch  12: Test 0.6365946531295776
patience: 0 / 6
Epoch  13  Train Loss 3.4580 99.74%
Epoch  13:  Dev 0.636264979839325
patience: 1 / 6
Epoch  14  Train Loss 3.4559 99.76%
Epoch  14:  Dev 0.6333333253860474
patience: 2 / 6
Epoch  15  Train Loss 3.4550 99.77%
Epoch  15:  Dev 0.6345549821853638
patience: 3 / 6
Epoch  16  Train Loss 3.4551 99.77%
Epoch  16:  Dev 0.6370530724525452
patience: 4 / 6
Epoch  17  Train Loss 3.4528 99.78%
Epoch  17:  Dev 0.6370530724525452
patience: 5 / 6
Epoch  18  Train Loss 3.4545 99.79%
Epoch  18:  Dev 0.6399999856948853
Epoch  18: Test 0.6376622915267944
patience: 0 / 6
Epoch  19  Train Loss 3.4508 99.80%
Epoch  19:  Dev 0.6303161978721619
patience: 1 / 6
Epoch  20  Train Loss 3.4515 99.80%
Epoch  20:  Dev 0.6217070817947388
patience: 2 / 6
Epoch  21  Train Loss 3.4498 99.80%
Epoch  21:  Dev 0.6248648166656494
patience: 3 / 6
Epoch  22  Train Loss 3.4493 99.80%
Epoch  22:  Dev 0.6349557638168335
patience: 4 / 6
Epoch  23  Train Loss 3.4491 99.82%
Epoch  23:  Dev 0.6338798403739929
patience: 5 / 6
Epoch  24  Train Loss 3.4495 99.82%
Epoch  24:  Dev 0.6219780445098877
patience: 6 / 6
setting train exemplar for learned classes
torch.Size([660, 2048])
BEST DEV 4: 0.6399999856948853
BEST TEST 4: 0.6376622915267944
