Dump name space
results/ace/NashMTL_narate-10_cluster-8_gen-20/perm_3/options.json
Dump name space
results/ace/NashMTL_narate-10_cluster-8_gen-20/perm_3/options.json
Dump name space
results/ace/NashMTL_narate-10_cluster-8_gen-20/perm_3/options.json
Dump name space
results/ace/NashMTL_narate-10_cluster-8_gen-20/perm_3/options.json
[[191, 187, 195, 171, 174, 179, 0], [201, 183, 193, 172, 175, 0], [188, 199, 184, 194, 189, 190, 178, 186, 197, 0], [200, 180, 173, 198, 177, 0], [196, 181, 182, 202, 185, 176, 170, 192, 0]]
False
train loader and exclude loader:  0
Original len train instances: 265115
train loader and exclude loader:  1
Original len train instances: 264276
train loader and exclude loader:  2
Original len train instances: 262942
train loader and exclude loader:  3
Original len train instances: 262358
train loader and exclude loader:  4
Original len train instances: 261639
Original len dev instances: 54053
Original len test instances: 93949
create basgMTL 4
False True
Epoch   1  Train Loss 0.1941 98.91%
Epoch   1:  Dev 0.3163841664791107
Epoch   1: Test 0.31714287400245667
patience: 0 / 6
Epoch   2  Train Loss 0.0741 99.22%
Epoch   2:  Dev 0.3550296127796173
Epoch   2: Test 0.4146789014339447
patience: 0 / 6
Epoch   3  Train Loss 0.0530 99.29%
Epoch   3:  Dev 0.26446279883384705
patience: 1 / 6
Epoch   4  Train Loss 0.0402 99.35%
Epoch   4:  Dev 0.5079364776611328
Epoch   4: Test 0.5103448033332825
patience: 0 / 6
Epoch   5  Train Loss 0.0301 99.46%
Epoch   5:  Dev 0.38372090458869934
patience: 1 / 6
Epoch   6  Train Loss 0.0245 99.52%
Epoch   6:  Dev 0.3695652186870575
patience: 2 / 6
Epoch   7  Train Loss 0.0226 99.57%
Epoch   7:  Dev 0.44594594836235046
patience: 3 / 6
Epoch   8  Train Loss 0.0188 99.62%
Epoch   8:  Dev 0.46715331077575684
patience: 4 / 6
Epoch   9  Train Loss 0.0166 99.67%
Epoch   9:  Dev 0.5081967115402222
Epoch   9: Test 0.5369458198547363
patience: 0 / 6
Epoch  10  Train Loss 0.0157 99.70%
Epoch  10:  Dev 0.4920634329319
patience: 1 / 6
Epoch  11  Train Loss 0.0140 99.73%
Epoch  11:  Dev 0.48120301961898804
patience: 2 / 6
Epoch  12  Train Loss 0.0146 99.73%
Epoch  12:  Dev 0.5161290168762207
Epoch  12: Test 0.5034013390541077
patience: 0 / 6
Epoch  13  Train Loss 0.0127 99.75%
Epoch  13:  Dev 0.522522509098053
Epoch  13: Test 0.5885558128356934
patience: 0 / 6
Epoch  14  Train Loss 0.0119 99.77%
Epoch  14:  Dev 0.5636363625526428
Epoch  14: Test 0.563157856464386
patience: 0 / 6
Epoch  15  Train Loss 0.0106 99.80%
Epoch  15:  Dev 0.5471698641777039
patience: 1 / 6
Epoch  16  Train Loss 0.0102 99.80%
Epoch  16:  Dev 0.5405405759811401
patience: 2 / 6
Epoch  17  Train Loss 0.0099 99.82%
Epoch  17:  Dev 0.4833333492279053
patience: 3 / 6
Epoch  18  Train Loss 0.0090 99.83%
Epoch  18:  Dev 0.5210084319114685
patience: 4 / 6
Epoch  19  Train Loss 0.0091 99.84%
Epoch  19:  Dev 0.4806201159954071
patience: 5 / 6
Epoch  20  Train Loss 0.0079 99.86%
Epoch  20:  Dev 0.517241358757019
patience: 6 / 6
setting train exemplar for learned classes
torch.Size([120, 2048])
BEST DEV 0: 0.5636363625526428
BEST TEST 0: 0.563157856464386
torch.Size([120, 2048])
Epoch   1  Train Loss 2.4902 98.57%
Epoch   1:  Dev 0.46972477436065674
Epoch   1: Test 0.5548779964447021
patience: 0 / 6
Epoch   2  Train Loss 2.3798 99.23%
Epoch   2:  Dev 0.6042155027389526
Epoch   2: Test 0.648994505405426
patience: 0 / 6
Epoch   3  Train Loss 2.3565 99.34%
Epoch   3:  Dev 0.6107226014137268
Epoch   3: Test 0.6580166816711426
patience: 0 / 6
Epoch   4  Train Loss 2.3595 99.42%
Epoch   4:  Dev 0.6028037667274475
patience: 1 / 6
Epoch   5  Train Loss 2.3514 99.48%
Epoch   5:  Dev 0.6168674230575562
Epoch   5: Test 0.6698564887046814
patience: 0 / 6
Epoch   6  Train Loss 2.3326 99.52%
Epoch   6:  Dev 0.6175772547721863
Epoch   6: Test 0.6425992250442505
patience: 0 / 6
Epoch   7  Train Loss 2.3222 99.59%
Epoch   7:  Dev 0.6598984003067017
Epoch   7: Test 0.688622772693634
patience: 0 / 6
Epoch   8  Train Loss 2.3179 99.63%
Epoch   8:  Dev 0.6598984003067017
patience: 1 / 6
Epoch   9  Train Loss 2.3219 99.65%
Epoch   9:  Dev 0.6437345743179321
patience: 2 / 6
Epoch  10  Train Loss 2.3230 99.68%
Epoch  10:  Dev 0.6649616360664368
Epoch  10: Test 0.6851485371589661
patience: 0 / 6
Epoch  11  Train Loss 2.3029 99.71%
Epoch  11:  Dev 0.6498740315437317
patience: 1 / 6
Epoch  12  Train Loss 2.3156 99.72%
Epoch  12:  Dev 0.6736292839050293
Epoch  12: Test 0.7054026126861572
patience: 0 / 6
Epoch  13  Train Loss 2.3216 99.76%
Epoch  13:  Dev 0.6830601096153259
Epoch  13: Test 0.710010290145874
patience: 0 / 6
Epoch  14  Train Loss 2.3077 99.76%
Epoch  14:  Dev 0.6666666269302368
patience: 1 / 6
Epoch  15  Train Loss 2.3133 99.77%
Epoch  15:  Dev 0.6580311059951782
patience: 2 / 6
Epoch  16  Train Loss 2.3143 99.79%
Epoch  16:  Dev 0.6562500596046448
patience: 3 / 6
Epoch  17  Train Loss 2.3098 99.79%
Epoch  17:  Dev 0.6912181377410889
Epoch  17: Test 0.7071352601051331
patience: 0 / 6
Epoch  18  Train Loss 2.3044 99.80%
Epoch  18:  Dev 0.686813235282898
patience: 1 / 6
Epoch  19  Train Loss 2.3120 99.82%
Epoch  19:  Dev 0.6830601096153259
patience: 2 / 6
Epoch  20  Train Loss 2.3008 99.82%
Epoch  20:  Dev 0.686813235282898
patience: 3 / 6
Epoch  21  Train Loss 2.2964 99.83%
Epoch  21:  Dev 0.6702412366867065
patience: 4 / 6
Epoch  22  Train Loss 2.3004 99.84%
Epoch  22:  Dev 0.6648199558258057
patience: 5 / 6
Epoch  23  Train Loss 2.3093 99.84%
Epoch  23:  Dev 0.6775956749916077
patience: 6 / 6
setting train exemplar for learned classes
torch.Size([220, 2048])
BEST DEV 1: 0.6912181377410889
BEST TEST 1: 0.7071352601051331
torch.Size([220, 2048])
Epoch   1  Train Loss 3.1275 96.05%
Epoch   1:  Dev 0.5489051342010498
Epoch   1: Test 0.6836555004119873
patience: 0 / 6
Epoch   2  Train Loss 2.7009 99.51%
Epoch   2:  Dev 0.5857987999916077
Epoch   2: Test 0.7037374973297119
patience: 0 / 6
Epoch   3  Train Loss 2.6677 99.56%
Epoch   3:  Dev 0.5855072736740112
patience: 1 / 6
Epoch   4  Train Loss 2.6500 99.59%
Epoch   4:  Dev 0.5597826242446899
patience: 2 / 6
Epoch   5  Train Loss 2.6348 99.63%
Epoch   5:  Dev 0.549865186214447
patience: 3 / 6
Epoch   6  Train Loss 2.6205 99.67%
Epoch   6:  Dev 0.5578231811523438
patience: 4 / 6
Epoch   7  Train Loss 2.6136 99.70%
Epoch   7:  Dev 0.598802387714386
Epoch   7: Test 0.706204354763031
patience: 0 / 6
Epoch   8  Train Loss 2.6073 99.74%
Epoch   8:  Dev 0.5722300410270691
patience: 1 / 6
Epoch   9  Train Loss 2.6042 99.76%
Epoch   9:  Dev 0.6034214496612549
Epoch   9: Test 0.7014925479888916
patience: 0 / 6
Epoch  10  Train Loss 2.6033 99.79%
Epoch  10:  Dev 0.5873493552207947
patience: 1 / 6
Epoch  11  Train Loss 2.6005 99.79%
Epoch  11:  Dev 0.6033690571784973
patience: 2 / 6
Epoch  12  Train Loss 2.5939 99.82%
Epoch  12:  Dev 0.599690854549408
patience: 3 / 6
Epoch  13  Train Loss 2.5953 99.83%
Epoch  13:  Dev 0.6027820706367493
patience: 4 / 6
Epoch  14  Train Loss 2.5914 99.83%
Epoch  14:  Dev 0.6170886158943176
Epoch  14: Test 0.7132075428962708
patience: 0 / 6
Epoch  15  Train Loss 2.5910 99.84%
Epoch  15:  Dev 0.6153846383094788
patience: 1 / 6
Epoch  16  Train Loss 2.5888 99.85%
Epoch  16:  Dev 0.6059654355049133
patience: 2 / 6
Epoch  17  Train Loss 2.5914 99.85%
Epoch  17:  Dev 0.5933734774589539
patience: 3 / 6
Epoch  18  Train Loss 2.5904 99.85%
Epoch  18:  Dev 0.6307189464569092
Epoch  18: Test 0.7011494040489197
patience: 0 / 6
Epoch  19  Train Loss 2.5890 99.86%
Epoch  19:  Dev 0.633825957775116
Epoch  19: Test 0.7040618658065796
patience: 0 / 6
Epoch  20  Train Loss 2.5880 99.86%
Epoch  20:  Dev 0.6183574795722961
patience: 1 / 6
Epoch  21  Train Loss 2.5888 99.87%
Epoch  21:  Dev 0.6194398403167725
patience: 2 / 6
Epoch  22  Train Loss 2.5863 99.88%
Epoch  22:  Dev 0.6106623411178589
patience: 3 / 6
Epoch  23  Train Loss 2.5890 99.88%
Epoch  23:  Dev 0.6187290549278259
patience: 4 / 6
Epoch  24  Train Loss 2.5833 99.88%
Epoch  24:  Dev 0.6027820706367493
patience: 5 / 6
Epoch  25  Train Loss 2.5863 99.88%
Epoch  25:  Dev 0.5895061492919922
patience: 6 / 6
setting train exemplar for learned classes
torch.Size([400, 2048])
BEST DEV 2: 0.633825957775116
BEST TEST 2: 0.7040618658065796
torch.Size([400, 2048])
Epoch   1  Train Loss 2.4338 97.05%
Epoch   1:  Dev 0.5637149214744568
Epoch   1: Test 0.6089347004890442
patience: 0 / 6
Epoch   2  Train Loss 2.2027 99.31%
Epoch   2:  Dev 0.5340314507484436
patience: 1 / 6
Epoch   3  Train Loss 2.1803 99.43%
Epoch   3:  Dev 0.5243902206420898
patience: 2 / 6
Epoch   4  Train Loss 2.1630 99.52%
Epoch   4:  Dev 0.5454545021057129
patience: 3 / 6
Epoch   5  Train Loss 2.1498 99.59%
Epoch   5:  Dev 0.5857642889022827
Epoch   5: Test 0.6300533413887024
patience: 0 / 6
Epoch   6  Train Loss 2.1420 99.66%
Epoch   6:  Dev 0.6019417643547058
Epoch   6: Test 0.6349960565567017
patience: 0 / 6
Epoch   7  Train Loss 2.1428 99.71%
Epoch   7:  Dev 0.5680751204490662
patience: 1 / 6
Epoch   8  Train Loss 2.1344 99.74%
Epoch   8:  Dev 0.5920398235321045
patience: 2 / 6
Epoch   9  Train Loss 2.1328 99.78%
Epoch   9:  Dev 0.5889570713043213
patience: 3 / 6
Epoch  10  Train Loss 2.1326 99.80%
Epoch  10:  Dev 0.5982028841972351
patience: 4 / 6
Epoch  11  Train Loss 2.1304 99.81%
Epoch  11:  Dev 0.5682656168937683
patience: 5 / 6
Epoch  12  Train Loss 2.1279 99.84%
Epoch  12:  Dev 0.586294412612915
patience: 6 / 6
setting train exemplar for learned classes
torch.Size([500, 2048])
BEST DEV 3: 0.6019417643547058
BEST TEST 3: 0.6349960565567017
torch.Size([500, 2048])
Epoch   1  Train Loss 3.1363 95.58%
Epoch   1:  Dev 0.5795996189117432
Epoch   1: Test 0.596794068813324
patience: 0 / 6
Epoch   2  Train Loss 2.7312 99.44%
Epoch   2:  Dev 0.5930348634719849
Epoch   2: Test 0.6070740222930908
patience: 0 / 6
Epoch   3  Train Loss 2.6972 99.52%
Epoch   3:  Dev 0.5889328122138977
patience: 1 / 6
Epoch   4  Train Loss 2.6713 99.59%
Epoch   4:  Dev 0.5977249145507812
Epoch   4: Test 0.6022353768348694
patience: 0 / 6
Epoch   5  Train Loss 2.6567 99.64%
Epoch   5:  Dev 0.598569929599762
Epoch   5: Test 0.6032786965370178
patience: 0 / 6
Epoch   6  Train Loss 2.6455 99.68%
Epoch   6:  Dev 0.5977249145507812
patience: 1 / 6
Epoch   7  Train Loss 2.6350 99.73%
Epoch   7:  Dev 0.6108787059783936
Epoch   7: Test 0.6014445424079895
patience: 0 / 6
Epoch   8  Train Loss 2.6299 99.75%
Epoch   8:  Dev 0.618534505367279
Epoch   8: Test 0.6030013561248779
patience: 0 / 6
Epoch   9  Train Loss 2.6266 99.78%
Epoch   9:  Dev 0.6085150241851807
patience: 1 / 6
Epoch  10  Train Loss 2.6223 99.80%
Epoch  10:  Dev 0.6160520911216736
patience: 2 / 6
Epoch  11  Train Loss 2.6228 99.82%
Epoch  11:  Dev 0.6247240900993347
Epoch  11: Test 0.600971519947052
patience: 0 / 6
Epoch  12  Train Loss 2.6183 99.84%
Epoch  12:  Dev 0.6237731575965881
patience: 1 / 6
Epoch  13  Train Loss 2.6182 99.84%
Epoch  13:  Dev 0.6169044971466064
patience: 2 / 6
Epoch  14  Train Loss 2.6168 99.85%
Epoch  14:  Dev 0.62153160572052
patience: 3 / 6
Epoch  15  Train Loss 2.6122 99.85%
Epoch  15:  Dev 0.6095237731933594
patience: 4 / 6
Epoch  16  Train Loss 2.6113 99.86%
Epoch  16:  Dev 0.6189426779747009
patience: 5 / 6
Epoch  17  Train Loss 2.6146 99.85%
Epoch  17:  Dev 0.6268320083618164
Epoch  17: Test 0.5989847779273987
patience: 0 / 6
Epoch  18  Train Loss 2.6133 99.88%
Epoch  18:  Dev 0.6222707629203796
patience: 1 / 6
Epoch  19  Train Loss 2.6132 99.87%
Epoch  19:  Dev 0.6175823211669922
patience: 2 / 6
Epoch  20  Train Loss 2.6107 99.88%
Epoch  20:  Dev 0.6208425760269165
patience: 3 / 6
Epoch  21  Train Loss 2.6091 99.88%
Epoch  21:  Dev 0.6184210777282715
patience: 4 / 6
Epoch  22  Train Loss 2.6129 99.87%
Epoch  22:  Dev 0.6181411147117615
patience: 5 / 6
Epoch  23  Train Loss 2.6068 99.89%
Epoch  23:  Dev 0.6224718689918518
patience: 6 / 6
setting train exemplar for learned classes
torch.Size([660, 2048])
BEST DEV 4: 0.6268320083618164
BEST TEST 4: 0.5989847779273987
